 .__   __.   ______   .___  ___.   ______    _______   _______   ______   ______      .______   ____    ____ 
 |  \ |  |  /  __  \  |   \/   |  /  __  \  |       \ |   ____| /      | /  __  \     |   _  \  \   \  /   / 
 |   \|  | |  |  |  | |  \  /  | |  |  |  | |  .--.  ||  |__   |  ,----'|  |  |  |    |  |_)  |  \   \/   /  
 |  . `  | |  |  |  | |  |\/|  | |  |  |  | |  |  |  ||   __|  |  |     |  |  |  |    |   ___/    \_    _/   
 |  |\   | |  `--'  | |  |  |  | |  `--'  | |  '--'  ||  |____ |  `----.|  `--'  |  __|  |          |  |     
 |__| \__|  \______/  |__|  |__|  \______/  |_______/ |_______| \______| \______/  (__) _|          |__|     
                                                                                                             


**************************************************************************************************************
                                  Kemal Önen, Dennis F. Dinu, Klaus R. Liedl                                  
                                      Liedl Lab, University of Innsbruck                                      
**************************************************************************************************************


-------------------------------- Initialization of an internal coordinate set --------------------------------

The following 21 Internal Coordinates are used in your analysis:
bonds: [('C1', 'H1'), ('C2', 'H4'), ('C2', 'H5'), ('C1', 'H3'), ('O', 'C2'), ('C2', 'H6'), ('C1', 'H2'), ('C1', 'O')]
in-plane angles: [('O', 'C1', 'H1'), ('O', 'C2', 'H4'), ('O', 'C1', 'H2'), ('O', 'C1', 'H3'), ('O', 'C2', 'H5'),
 ('O', 'C2', 'H6'), ('H1', 'C1', 'H2'), ('H1', 'C1', 'H3'), ('H4', 'C2', 'H5'), ('H4', 'C2', 'H6'),
 ('C1', 'O', 'C2')]
linear valence-angles: []
out-of-plane angles: []
dihedrals: [('C2', 'O', 'C1', 'H1'), ('C1', 'O', 'C2', 'H4')]


-------------------------- Results of the Decomposition Scheme ---------------------------

1.) Intrinsic Frequencies for all normal-coordinate frequencies and
    vibrational distribution matrix (exact approximation) at the following
    harmonic frequencies (all frequency values in cm-1):

Internal Coordinate Intrinsic Frequencies 204.42 260.86 440.01 1037.13 1221.25 1265.89 1301.81 1337.44 1390.55 1587.41 1606.66 1617.88 1620.03 1622.3 1640.31 3117.67 3133.26 3166.65 3169.43 3257.4 3259.86
           (C1, H1)               3251.49  -0.00  -0.00   0.00    0.00    0.00   -0.00    0.00   -0.00    0.00   -0.00   -0.00   -0.00   -0.00  -0.00    0.00    0.03    0.03    0.00    0.00   0.47    0.47
           (C2, H4)               3251.49   0.00   0.00   0.00    0.00    0.00   -0.00    0.00   -0.00    0.00   -0.00    0.00    0.00   -0.00  -0.00    0.00    0.03    0.03    0.00    0.00   0.47    0.47
           (C2, H5)               3152.74  -0.00   0.00  -0.00   -0.00   -0.00    0.00   -0.00   -0.00   -0.00   -0.00   -0.00   -0.00   -0.00   0.00   -0.00    0.24    0.24    0.25    0.25   0.01    0.01
           (C1, H3)               3152.74  -0.00   0.00  -0.00   -0.00   -0.00    0.00   -0.00   -0.00   -0.00   -0.00   -0.00   -0.00   -0.00   0.00   -0.00    0.24    0.24    0.25    0.25   0.01    0.01
            (O, C2)               1174.80   0.00   0.00   0.00    0.47    0.16    0.00   -0.00    0.35    0.02   -0.01    0.00    0.00    0.00   0.00   -0.00   -0.00   -0.00    0.00   -0.00  -0.00    0.00
           (C2, H6)               3152.74  -0.00   0.00  -0.00   -0.00   -0.00    0.00   -0.00   -0.00   -0.00   -0.00   -0.00   -0.00   -0.00   0.00   -0.00    0.24    0.24    0.25    0.25   0.01    0.01
           (C1, H2)               3152.74  -0.00   0.00  -0.00   -0.00   -0.00    0.00   -0.00   -0.00   -0.00   -0.00   -0.00   -0.00   -0.00   0.00   -0.00    0.24    0.24    0.25    0.25   0.01    0.01
            (C1, O)               1174.80   0.00   0.00   0.00    0.47    0.16    0.00    0.00    0.35    0.02   -0.01   -0.00    0.00    0.00   0.00   -0.00   -0.00   -0.00    0.00   -0.00  -0.00    0.00
        (O, C1, H1)               1350.17   0.00   0.00   0.03    0.04    0.27    0.00    0.00    0.12    0.34    0.16   -0.00   -0.00   -0.05   0.03    0.06   -0.00   -0.00    0.00    0.00  -0.00   -0.00
        (O, C2, H4)               1350.17   0.00  -0.00   0.03    0.04    0.27    0.00    0.00    0.12    0.34    0.16   -0.00   -0.00   -0.05   0.03    0.06   -0.00   -0.00   -0.00   -0.00  -0.00   -0.00
        (O, C1, H2)               1453.55   0.00  -0.00   0.00   -0.00    0.03    0.23    0.24    0.00    0.03    0.14    0.01    0.02    0.07  -0.01    0.24    0.00   -0.00    0.00    0.00   0.00    0.00
        (O, C1, H3)               1453.55   0.00  -0.00   0.00   -0.00    0.03    0.23    0.24    0.00    0.03    0.14    0.01    0.02    0.07  -0.01    0.24    0.00   -0.00    0.00    0.00   0.00    0.00
        (O, C2, H5)               1453.55   0.00  -0.00   0.00   -0.00    0.03    0.23    0.24    0.00    0.03    0.14    0.01    0.02    0.07  -0.01    0.24    0.00   -0.00    0.00    0.00   0.00    0.00
        (O, C2, H6)               1453.55   0.00  -0.00   0.00   -0.00    0.03    0.23    0.24    0.00    0.03    0.14    0.01    0.02    0.07  -0.01    0.24    0.00   -0.00    0.00    0.00   0.00    0.00
       (H1, C1, H2)               1596.92  -0.00  -0.00   0.00   -0.00    0.00    0.01    0.02    0.01    0.02    0.03    0.24    0.24    0.20   0.25   -0.02    0.00    0.00   -0.00   -0.00  -0.00   -0.00
       (H1, C1, H3)               1596.92  -0.00  -0.00   0.00   -0.00    0.00    0.01    0.02    0.01    0.02    0.03    0.24    0.24    0.20   0.25   -0.02    0.00    0.00   -0.00   -0.00  -0.00   -0.00
       (H4, C2, H5)               1596.92  -0.00  -0.00   0.00   -0.00    0.00    0.01    0.02    0.01    0.02    0.03    0.24    0.24    0.20   0.25   -0.02    0.00    0.00   -0.00   -0.00  -0.00   -0.00
       (H4, C2, H6)               1596.92  -0.00  -0.00   0.00   -0.00    0.00    0.01    0.02    0.01    0.02    0.03    0.24    0.24    0.20   0.25   -0.02    0.00    0.00   -0.00   -0.00  -0.00   -0.00
        (C1, O, C2)                600.21  -0.00   0.00   0.91   -0.01   -0.00    0.00   -0.00    0.00    0.10    0.00    0.00    0.00    0.00  -0.00   -0.00   -0.00   -0.00   -0.00   -0.00  -0.00    0.00
    (C2, O, C1, H1)                179.47   0.48   0.45  -0.00    0.00    0.00    0.01   -0.00    0.00   -0.00    0.00   -0.00   -0.00    0.00  -0.00   -0.00   -0.00   -0.00    0.00    0.00   0.00   -0.00
    (C1, O, C2, H4)                179.47   0.48   0.45   0.00   -0.00   -0.00    0.01   -0.00   -0.00    0.00    0.00   -0.00   -0.00    0.00  -0.00    0.00    0.00    0.00    0.00    0.00   0.00    0.00

Check if matrix is normalized: 1.0

2.) Intrinsic Frequencies for all normal-coordinate frequencies and
    diagonal elements of the PED matrix at the following
    harmonic frequencies (all frequency values in cm-1):

Internal Coordinate Intrinsic Frequencies 204.42 260.86 440.01 1037.13 1221.25 1265.89 1301.81 1337.44 1390.55 1587.41 1606.66 1617.88 1620.03 1622.3 1640.31 3117.67 3133.26 3166.65 3169.43 3257.4 3259.86
           (C1, H1)               3251.49   0.00   0.00   0.00    0.00    0.00    0.00    0.00    0.00    0.00    0.00    0.00    0.00    0.00   0.00    0.00    0.03    0.03    0.00    0.00   0.47    0.48
           (C2, H4)               3251.49   0.00   0.00   0.00    0.00    0.00    0.00    0.00    0.00    0.00    0.00    0.00    0.00    0.00   0.00    0.00    0.03    0.03    0.00    0.00   0.47    0.48
           (C2, H5)               3152.74   0.00   0.00   0.00    0.00    0.00    0.00    0.00    0.00    0.00    0.00    0.00    0.00    0.00   0.00    0.00    0.23    0.23    0.26    0.26   0.02    0.01
           (C1, H3)               3152.74   0.00   0.00   0.00    0.00    0.00    0.00    0.00    0.00    0.00    0.00    0.00    0.00    0.00   0.00    0.00    0.23    0.23    0.26    0.26   0.02    0.01
            (O, C2)               1174.80   0.00   0.00   0.00    0.48    0.16    0.00    0.00    0.38    0.04    0.01    0.00    0.00    0.00   0.02    0.01    0.00    0.00    0.00    0.00   0.00    0.00
           (C2, H6)               3152.74   0.00   0.00   0.00    0.00    0.00    0.00    0.00    0.00    0.00    0.00    0.00    0.00    0.00   0.00    0.00    0.23    0.23    0.26    0.26   0.02    0.01
           (C1, H2)               3152.74   0.00   0.00   0.00    0.00    0.00    0.00    0.00    0.00    0.00    0.00    0.00    0.00    0.00   0.00    0.00    0.23    0.23    0.26    0.26   0.02    0.01
            (C1, O)               1174.80   0.00   0.00   0.00    0.48    0.16    0.00    0.00    0.38    0.04    0.01    0.00    0.00    0.00   0.02    0.01    0.00    0.00    0.00    0.00   0.00    0.00
        (O, C1, H1)               1350.17   0.00   0.00   0.07    0.03    0.43    0.00    0.00    0.12    0.43    0.22    0.00    0.00    0.03   0.21    0.02    0.00    0.00    0.00    0.00   0.00    0.00
        (O, C2, H4)               1350.17   0.00   0.00   0.07    0.03    0.43    0.00    0.00    0.12    0.43    0.22    0.00    0.00    0.03   0.21    0.02    0.00    0.00    0.00    0.00   0.00    0.00
        (O, C1, H2)               1453.55   0.00   0.00   0.02    0.01    0.05    0.36    0.38    0.07    0.08    0.17    0.03    0.03    0.03   0.03    0.17    0.00    0.00    0.00    0.00   0.00    0.00
        (O, C1, H3)               1453.55   0.00   0.00   0.02    0.01    0.05    0.36    0.38    0.07    0.08    0.17    0.03    0.03    0.03   0.03    0.17    0.00    0.00    0.00    0.00   0.00    0.00
        (O, C2, H5)               1453.55   0.00   0.00   0.02    0.01    0.05    0.36    0.38    0.07    0.08    0.17    0.03    0.03    0.03   0.03    0.17    0.00    0.00    0.00    0.00   0.00    0.00
        (O, C2, H6)               1453.55   0.00   0.00   0.02    0.01    0.05    0.36    0.38    0.07    0.08    0.17    0.03    0.03    0.03   0.03    0.17    0.00    0.00    0.00    0.00   0.00    0.00
       (H1, C1, H2)               1596.92   0.00   0.00   0.00    0.00    0.00    0.02    0.02    0.01    0.01    0.19    0.48    0.47    0.12   0.31    0.00    0.00    0.00    0.00    0.00   0.00    0.00
       (H1, C1, H3)               1596.92   0.00   0.00   0.00    0.00    0.00    0.02    0.02    0.01    0.01    0.19    0.48    0.47    0.12   0.31    0.00    0.00    0.00    0.00    0.00   0.00    0.00
       (H4, C2, H5)               1596.92   0.00   0.00   0.00    0.00    0.00    0.02    0.02    0.01    0.01    0.19    0.48    0.47    0.12   0.31    0.00    0.00    0.00    0.00    0.00   0.00    0.00
       (H4, C2, H6)               1596.92   0.00   0.00   0.00    0.00    0.00    0.02    0.02    0.01    0.01    0.19    0.48    0.47    0.12   0.31    0.00    0.00    0.00    0.00    0.00   0.00    0.00
        (C1, O, C2)                600.21   0.00   0.00   0.95    0.02    0.00    0.00    0.00    0.00    0.08    0.00    0.00    0.00    0.00   0.00    0.00    0.00    0.00    0.00    0.00   0.00    0.00
    (C2, O, C1, H1)                179.47   0.45   0.42   0.00    0.00    0.00    0.01    0.00    0.00    0.00    0.00    0.01    0.01    0.00   0.00    0.00    0.00    0.00    0.00    0.00   0.00    0.00
    (C1, O, C2, H4)                179.47   0.45   0.42   0.00    0.00    0.00    0.01    0.00    0.00    0.00    0.00    0.01    0.01    0.00   0.00    0.00    0.00    0.00    0.00    0.00   0.00    0.00

3.) Intrinsic Frequencies for all normal-coordinate frequencies and
    contribution table calculated from the diagonal elements of the PED at the following
    harmonic frequencies (all frequency values in cm-1):

Internal Coordinate Intrinsic Frequencies 204.42 260.86 440.01 1037.13 1221.25 1265.89 1301.81 1337.44 1390.55 1587.41 1606.66 1617.88 1620.03 1622.3 1640.31 3117.67 3133.26 3166.65 3169.43 3257.4 3259.86
           (C1, H1)               3251.49   0.00   0.00   0.01    0.00    0.02    0.00    0.00    0.01    0.00    0.02    0.00    0.00    0.09   0.04    0.01    2.86    2.63    0.00    0.00  46.64   46.78
           (C2, H4)               3251.49   0.00   0.00   0.01    0.00    0.02    0.00    0.00    0.01    0.00    0.02    0.00    0.00    0.09   0.04    0.01    2.86    2.63    0.00    0.00  46.64   46.78
           (C2, H5)               3152.74   0.00   0.00   0.00    0.03    0.01    0.00    0.00    0.04    0.01    0.04    0.06    0.04    0.11   0.00    0.08   23.51   23.59   24.83   24.85   1.56    1.45
           (C1, H3)               3152.74   0.00   0.00   0.00    0.03    0.01    0.00    0.00    0.04    0.01    0.04    0.06    0.04    0.11   0.00    0.08   23.51   23.59   24.83   24.85   1.56    1.45
            (O, C2)               1174.80   0.00   0.00   0.07   44.89   11.59    0.00    0.00   28.80    2.66    0.39    0.00    0.00    0.27   0.99    1.61    0.07    0.10    0.00    0.00   0.01    0.01
           (C2, H6)               3152.74   0.00   0.00   0.00    0.03    0.01    0.00    0.00    0.04    0.01    0.04    0.06    0.04    0.11   0.00    0.08   23.51   23.59   24.83   24.85   1.56    1.45
           (C1, H2)               3152.74   0.00   0.00   0.00    0.03    0.01    0.00    0.00    0.04    0.01    0.04    0.06    0.04    0.11   0.00    0.08   23.51   23.59   24.83   24.85   1.56    1.45
            (C1, O)               1174.80   0.00   0.00   0.07   44.89   11.59    0.00    0.00   28.80    2.66    0.39    0.00    0.00    0.27   0.99    1.61    0.07    0.10    0.00    0.00   0.01    0.01
        (O, C1, H1)               1350.17   0.00   0.00   5.73    2.81   30.64    0.00    0.00    9.20   31.65   11.43    0.00    0.00    3.81  11.79    3.16    0.05    0.06    0.00    0.00   0.10    0.09
        (O, C2, H4)               1350.17   0.00   0.00   5.73    2.81   30.64    0.00    0.00    9.20   31.65   11.43    0.00    0.00    3.81  11.79    3.16    0.05    0.06    0.00    0.00   0.10    0.09
        (O, C1, H2)               1453.55   0.30   0.56   1.39    0.58    3.87   23.13   23.51    4.97    5.84    8.90    1.43    1.54    3.89   1.64   22.21    0.00    0.00    0.12    0.10   0.04    0.04
        (O, C1, H3)               1453.55   0.30   0.56   1.39    0.58    3.87   23.13   23.51    4.97    5.84    8.90    1.43    1.54    3.89   1.64   22.21    0.00    0.00    0.12    0.10   0.04    0.04
        (O, C2, H5)               1453.55   0.30   0.56   1.39    0.58    3.87   23.13   23.51    4.97    5.84    8.90    1.43    1.54    3.89   1.64   22.21    0.00    0.00    0.12    0.10   0.04    0.04
        (O, C2, H6)               1453.55   0.30   0.56   1.39    0.58    3.87   23.13   23.51    4.97    5.84    8.90    1.43    1.54    3.89   1.64   22.21    0.00    0.00    0.12    0.10   0.04    0.04
       (H1, C1, H2)               1596.92   0.06   0.05   0.07    0.00    0.00    1.56    1.46    0.98    0.60   10.14   23.18   23.15   18.92  16.93    0.31    0.00    0.01    0.04    0.05   0.03    0.03
       (H1, C1, H3)               1596.92   0.06   0.05   0.07    0.00    0.00    1.56    1.46    0.98    0.60   10.14   23.18   23.15   18.92  16.93    0.31    0.00    0.01    0.04    0.05   0.03    0.03
       (H4, C2, H5)               1596.92   0.06   0.05   0.07    0.00    0.00    1.56    1.46    0.98    0.60   10.14   23.18   23.15   18.92  16.93    0.31    0.00    0.01    0.04    0.05   0.03    0.03
       (H4, C2, H6)               1596.92   0.06   0.05   0.07    0.00    0.00    1.56    1.46    0.98    0.60   10.14   23.18   23.15   18.92  16.93    0.31    0.00    0.01    0.04    0.05   0.03    0.03
        (C1, O, C2)                600.21   0.00   0.00  82.53    2.13    0.00    0.00    0.00    0.00    5.58    0.00    0.00    0.00    0.00   0.03    0.00    0.00    0.02    0.00    0.00   0.00    0.15
    (C2, O, C1, H1)                179.47  49.27  48.77   0.00    0.00    0.00    0.62    0.06    0.00    0.00    0.00    0.64    0.55    0.00   0.00    0.00    0.00    0.00    0.02    0.00   0.00    0.00
    (C1, O, C2, H4)                179.47  49.27  48.77   0.00    0.00    0.00    0.62    0.06    0.00    0.00    0.00    0.64    0.55    0.00   0.00    0.00    0.00    0.00    0.02    0.00   0.00    0.00

The following diagonalization parameter, penalty for asymmetric instrinsic frequencies and penalty for unphysical contributions has been determined: 33.99, 0, 0 

-------------------------------- Initialization of an internal coordinate set --------------------------------

The following 21 Internal Coordinates are used in your analysis:
bonds: [('C1', 'H1'), ('C2', 'H4'), ('C2', 'H5'), ('C1', 'H3'), ('O', 'C2'), ('C2', 'H6'), ('C1', 'H2'), ('C1', 'O')]
in-plane angles: [('O', 'C1', 'H2'), ('O', 'C1', 'H3'), ('O', 'C2', 'H5'), ('O', 'C2', 'H6'), ('H1', 'C1', 'H2'),
 ('H1', 'C1', 'H3'), ('H4', 'C2', 'H5'), ('H4', 'C2', 'H6'), ('H2', 'C1', 'H3'), ('H5', 'C2', 'H6'),
 ('C1', 'O', 'C2')]
linear valence-angles: []
out-of-plane angles: []
dihedrals: [('C2', 'O', 'C1', 'H1'), ('C1', 'O', 'C2', 'H4')]


-------------------------- Results of the Decomposition Scheme ---------------------------

1.) Intrinsic Frequencies for all normal-coordinate frequencies and
    vibrational distribution matrix (exact approximation) at the following
    harmonic frequencies (all frequency values in cm-1):

Internal Coordinate Intrinsic Frequencies 204.42 260.86 440.01 1037.13 1221.25 1265.89 1301.81 1337.44 1390.55 1587.41 1606.66 1617.88 1620.03 1622.3 1640.31 3117.67 3133.26 3166.65 3169.43 3257.4 3259.86
           (C1, H1)               3251.49   0.00   0.00   0.00    0.00    0.00   -0.00    0.00   -0.00    0.00   -0.00   -0.00   -0.00   -0.00  -0.00    0.00    0.03    0.03    0.00    0.00   0.47    0.47
           (C2, H4)               3251.49   0.00   0.00   0.00    0.00    0.00    0.00   -0.00   -0.00    0.00   -0.00   -0.00   -0.00   -0.00  -0.00    0.00    0.03    0.03    0.00    0.00   0.47    0.47
           (C2, H5)               3152.74  -0.00   0.00  -0.00   -0.00   -0.00    0.00   -0.00   -0.00   -0.00   -0.00   -0.00   -0.00   -0.00   0.00   -0.00    0.24    0.24    0.25    0.25   0.01    0.01
           (C1, H3)               3152.74  -0.00   0.00  -0.00   -0.00   -0.00    0.00   -0.00   -0.00   -0.00   -0.00   -0.00   -0.00   -0.00   0.00   -0.00    0.24    0.24    0.25    0.25   0.01    0.01
            (O, C2)               1174.80  -0.00  -0.00   0.00    0.47    0.16    0.00   -0.00    0.35    0.02   -0.01    0.00    0.00    0.00   0.00   -0.00   -0.00   -0.00   -0.00   -0.00  -0.00    0.00
           (C2, H6)               3152.74  -0.00   0.00  -0.00   -0.00   -0.00    0.00   -0.00   -0.00   -0.00   -0.00   -0.00   -0.00   -0.00   0.00   -0.00    0.24    0.24    0.25    0.25   0.01    0.01
           (C1, H2)               3152.74  -0.00   0.00  -0.00   -0.00   -0.00    0.00   -0.00   -0.00   -0.00   -0.00   -0.00   -0.00   -0.00   0.00   -0.00    0.24    0.24    0.25    0.25   0.01    0.01
            (C1, O)               1174.80   0.00   0.00   0.00    0.47    0.16    0.00   -0.00    0.35    0.02   -0.01   -0.00    0.00    0.00   0.00   -0.00   -0.00   -0.00   -0.00   -0.00  -0.00    0.00
        (O, C1, H2)               1322.24   0.00  -0.00   0.02    0.01    0.13    0.23    0.24    0.09    0.18    0.00    0.01    0.02    0.02  -0.02    0.06    0.00   -0.00    0.00    0.00   0.00    0.00
        (O, C1, H3)               1322.24   0.00  -0.00   0.02    0.01    0.13    0.23    0.24    0.09    0.18    0.00    0.01    0.02    0.02  -0.02    0.06    0.00   -0.00    0.00    0.00   0.00    0.00
        (O, C2, H5)               1322.24   0.00  -0.00   0.02    0.01    0.13    0.23    0.24    0.09    0.18    0.00    0.01    0.02    0.02  -0.02    0.06    0.00   -0.00    0.00    0.00   0.00    0.00
        (O, C2, H6)               1322.24   0.00  -0.00   0.02    0.01    0.13    0.23    0.24    0.09    0.18    0.00    0.01    0.02    0.02  -0.02    0.06    0.00   -0.00    0.00    0.00   0.00    0.00
       (H1, C1, H2)               1618.13  -0.00  -0.00  -0.00    0.00   -0.00    0.01    0.02   -0.03   -0.03    0.20    0.24    0.24    0.09   0.28    0.01   -0.00   -0.00   -0.00   -0.00  -0.00   -0.00
       (H1, C1, H3)               1618.13  -0.00  -0.00  -0.00    0.00   -0.00    0.01    0.02   -0.03   -0.03    0.20    0.24    0.24    0.09   0.28    0.01   -0.00   -0.00   -0.00   -0.00  -0.00   -0.00
       (H4, C2, H5)               1618.13  -0.00  -0.00  -0.00    0.00   -0.00    0.01    0.02   -0.03   -0.03    0.20    0.24    0.24    0.09   0.28    0.01   -0.00   -0.00   -0.00   -0.00  -0.00   -0.00
       (H4, C2, H6)               1618.13  -0.00  -0.00  -0.00    0.00   -0.00    0.01    0.02   -0.03   -0.03    0.20    0.24    0.24    0.09   0.28    0.01   -0.00   -0.00   -0.00   -0.00  -0.00   -0.00
       (H2, C1, H3)               1554.21  -0.00   0.00   0.01    0.00    0.07    0.00    0.00    0.02    0.14    0.12    0.00    0.00    0.29  -0.02    0.38   -0.00   -0.00    0.00    0.00  -0.00   -0.00
       (H5, C2, H6)               1554.21   0.00  -0.00   0.01    0.00    0.07    0.00    0.00    0.02    0.14    0.12    0.00    0.00    0.29  -0.02    0.38   -0.00   -0.00    0.00   -0.00  -0.00   -0.00
        (C1, O, C2)                600.21   0.00  -0.00   0.91   -0.01    0.00    0.00   -0.00    0.00    0.10    0.00   -0.00   -0.00   -0.00  -0.00   -0.00    0.00   -0.00    0.00    0.00  -0.00    0.00
    (C2, O, C1, H1)                179.47   0.48   0.45   0.00   -0.00   -0.00    0.01   -0.00   -0.00    0.00   -0.00   -0.00   -0.00   -0.00   0.00   -0.00   -0.00    0.00    0.00    0.00   0.00   -0.00
    (C1, O, C2, H4)                179.47   0.48   0.45  -0.00    0.00   -0.00    0.01   -0.00   -0.00   -0.00    0.00   -0.00   -0.00    0.00   0.00   -0.00   -0.00   -0.00    0.00    0.00   0.00    0.00

Check if matrix is normalized: 1.0

2.) Intrinsic Frequencies for all normal-coordinate frequencies and
    diagonal elements of the PED matrix at the following
    harmonic frequencies (all frequency values in cm-1):

Internal Coordinate Intrinsic Frequencies 204.42 260.86 440.01 1037.13 1221.25 1265.89 1301.81 1337.44 1390.55 1587.41 1606.66 1617.88 1620.03 1622.3 1640.31 3117.67 3133.26 3166.65 3169.43 3257.4 3259.86
           (C1, H1)               3251.49   0.00   0.00   0.00    0.00    0.00    0.00    0.00    0.00    0.00    0.00    0.00    0.00    0.00   0.00    0.00    0.03    0.03    0.00    0.00   0.47    0.48
           (C2, H4)               3251.49   0.00   0.00   0.00    0.00    0.00    0.00    0.00    0.00    0.00    0.00    0.00    0.00    0.00   0.00    0.00    0.03    0.03    0.00    0.00   0.47    0.48
           (C2, H5)               3152.74   0.00   0.00   0.00    0.00    0.00    0.00    0.00    0.00    0.00    0.00    0.00    0.00    0.00   0.00    0.00    0.23    0.23    0.26    0.26   0.02    0.01
           (C1, H3)               3152.74   0.00   0.00   0.00    0.00    0.00    0.00    0.00    0.00    0.00    0.00    0.00    0.00    0.00   0.00    0.00    0.23    0.23    0.26    0.26   0.02    0.01
            (O, C2)               1174.80   0.00   0.00   0.00    0.48    0.16    0.00    0.00    0.38    0.04    0.01    0.00    0.00    0.00   0.02    0.01    0.00    0.00    0.00    0.00   0.00    0.00
           (C2, H6)               3152.74   0.00   0.00   0.00    0.00    0.00    0.00    0.00    0.00    0.00    0.00    0.00    0.00    0.00   0.00    0.00    0.23    0.23    0.26    0.26   0.02    0.01
           (C1, H2)               3152.74   0.00   0.00   0.00    0.00    0.00    0.00    0.00    0.00    0.00    0.00    0.00    0.00    0.00   0.00    0.00    0.23    0.23    0.26    0.26   0.02    0.01
            (C1, O)               1174.80   0.00   0.00   0.00    0.48    0.16    0.00    0.00    0.38    0.04    0.01    0.00    0.00    0.00   0.02    0.01    0.00    0.00    0.00    0.00   0.00    0.00
        (O, C1, H2)               1322.24   0.00   0.01   0.02    0.01    0.07    0.47    0.49    0.09    0.10    0.22    0.04    0.04    0.03   0.04    0.22    0.00    0.00    0.00    0.00   0.00    0.00
        (O, C1, H3)               1322.24   0.00   0.01   0.02    0.01    0.07    0.47    0.49    0.09    0.10    0.22    0.04    0.04    0.03   0.04    0.22    0.00    0.00    0.00    0.00   0.00    0.00
        (O, C2, H5)               1322.24   0.00   0.01   0.02    0.01    0.07    0.47    0.49    0.09    0.10    0.22    0.04    0.04    0.03   0.04    0.22    0.00    0.00    0.00    0.00   0.00    0.00
        (O, C2, H6)               1322.24   0.00   0.01   0.02    0.01    0.07    0.47    0.49    0.09    0.10    0.22    0.04    0.04    0.03   0.04    0.22    0.00    0.00    0.00    0.00   0.00    0.00
       (H1, C1, H2)               1618.13   0.00   0.00   0.00    0.00    0.00    0.03    0.03    0.02    0.01    0.22    0.56    0.55    0.15   0.36    0.00    0.00    0.00    0.00    0.00   0.00    0.00
       (H1, C1, H3)               1618.13   0.00   0.00   0.00    0.00    0.00    0.03    0.03    0.02    0.01    0.22    0.56    0.55    0.15   0.36    0.00    0.00    0.00    0.00    0.00   0.00    0.00
       (H4, C2, H5)               1618.13   0.00   0.00   0.00    0.00    0.00    0.03    0.03    0.02    0.01    0.22    0.56    0.55    0.15   0.36    0.00    0.00    0.00    0.00    0.00   0.00    0.00
       (H4, C2, H6)               1618.13   0.00   0.00   0.00    0.00    0.00    0.03    0.03    0.02    0.01    0.22    0.56    0.55    0.15   0.36    0.00    0.00    0.00    0.00    0.00   0.00    0.00
       (H2, C1, H3)               1554.21   0.00   0.00   0.00    0.00    0.03    0.00    0.00    0.00    0.07    0.13    0.00    0.00    0.92   0.16    0.84    0.00    0.00    0.00    0.00   0.00    0.00
       (H5, C2, H6)               1554.21   0.00   0.00   0.00    0.00    0.03    0.00    0.00    0.00    0.07    0.13    0.00    0.00    0.92   0.16    0.84    0.00    0.00    0.00    0.00   0.00    0.00
        (C1, O, C2)                600.21   0.00   0.00   0.95    0.02    0.00    0.00    0.00    0.00    0.08    0.00    0.00    0.00    0.00   0.00    0.00    0.00    0.00    0.00    0.00   0.00    0.00
    (C2, O, C1, H1)                179.47   0.45   0.42   0.00    0.00    0.00    0.01    0.00    0.00    0.00    0.00    0.01    0.01    0.00   0.00    0.00    0.00    0.00    0.00    0.00   0.00    0.00
    (C1, O, C2, H4)                179.47   0.45   0.42   0.00    0.00    0.00    0.01    0.00    0.00    0.00    0.00    0.01    0.01    0.00   0.00    0.00    0.00    0.00    0.00    0.00   0.00    0.00

3.) Intrinsic Frequencies for all normal-coordinate frequencies and
    contribution table calculated from the diagonal elements of the PED at the following
    harmonic frequencies (all frequency values in cm-1):

Internal Coordinate Intrinsic Frequencies 204.42 260.86 440.01 1037.13 1221.25 1265.89 1301.81 1337.44 1390.55 1587.41 1606.66 1617.88 1620.03 1622.3 1640.31 3117.67 3133.26 3166.65 3169.43 3257.4 3259.86
           (C1, H1)               3251.49   0.00   0.00   0.01    0.00    0.03    0.00    0.00    0.01    0.00    0.02    0.00    0.00    0.02   0.04    0.00    2.86    2.63    0.00    0.00  46.65   46.79
           (C2, H4)               3251.49   0.00   0.00   0.01    0.00    0.03    0.00    0.00    0.01    0.00    0.02    0.00    0.00    0.02   0.04    0.00    2.86    2.63    0.00    0.00  46.65   46.79
           (C2, H5)               3152.74   0.00   0.00   0.00    0.04    0.03    0.00    0.00    0.05    0.02    0.04    0.05    0.03    0.03   0.00    0.02   23.52   23.60   24.79   24.81   1.56    1.45
           (C1, H3)               3152.74   0.00   0.00   0.00    0.04    0.03    0.00    0.00    0.05    0.02    0.04    0.05    0.03    0.03   0.00    0.02   23.52   23.60   24.79   24.81   1.56    1.45
            (O, C2)               1174.80   0.00   0.00   0.08   47.21   24.25    0.00    0.00   32.50    4.92    0.36    0.00    0.00    0.07   0.93    0.47    0.07    0.10    0.00    0.00   0.01    0.01
           (C2, H6)               3152.74   0.00   0.00   0.00    0.04    0.03    0.00    0.00    0.05    0.02    0.04    0.05    0.03    0.03   0.00    0.02   23.52   23.60   24.79   24.81   1.56    1.45
           (C1, H2)               3152.74   0.00   0.00   0.00    0.04    0.03    0.00    0.00    0.05    0.02    0.04    0.05    0.03    0.03   0.00    0.02   23.52   23.60   24.79   24.81   1.56    1.45
            (C1, O)               1174.80   0.00   0.00   0.08   47.21   24.25    0.00    0.00   32.50    4.92    0.36    0.00    0.00    0.07   0.93    0.47    0.07    0.10    0.00    0.00   0.01    0.01
        (O, C1, H2)               1322.24   0.39   0.72   1.98    0.80   10.47   23.34   23.65    7.26   13.99   10.65    1.59    1.70    1.29   1.99    8.47    0.00    0.00    0.16    0.13   0.06    0.06
        (O, C1, H3)               1322.24   0.39   0.72   1.98    0.80   10.47   23.34   23.65    7.26   13.99   10.65    1.59    1.70    1.29   1.99    8.47    0.00    0.00    0.16    0.13   0.06    0.06
        (O, C2, H5)               1322.24   0.39   0.72   1.98    0.80   10.47   23.34   23.65    7.26   13.99   10.65    1.59    1.70    1.29   1.99    8.47    0.00    0.00    0.16    0.13   0.06    0.06
        (O, C2, H6)               1322.24   0.39   0.72   1.98    0.80   10.47   23.34   23.65    7.26   13.99   10.65    1.59    1.70    1.29   1.99    8.47    0.00    0.00    0.16    0.13   0.06    0.06
       (H1, C1, H2)               1618.13   0.07   0.06   0.09    0.00    0.01    1.41    1.32    1.28    1.29   10.90   23.08   23.03    5.66  18.42    0.11    0.00    0.01    0.04    0.05   0.03    0.03
       (H1, C1, H3)               1618.13   0.07   0.06   0.09    0.00    0.01    1.41    1.32    1.28    1.29   10.90   23.08   23.03    5.66  18.42    0.11    0.00    0.01    0.04    0.05   0.03    0.03
       (H4, C2, H5)               1618.13   0.07   0.06   0.09    0.00    0.01    1.41    1.32    1.28    1.29   10.90   23.08   23.03    5.66  18.42    0.11    0.00    0.01    0.04    0.05   0.03    0.03
       (H4, C2, H6)               1618.13   0.07   0.06   0.09    0.00    0.01    1.41    1.32    1.28    1.29   10.90   23.08   23.03    5.66  18.42    0.11    0.00    0.01    0.04    0.05   0.03    0.03
       (H2, C1, H3)               1554.21   0.00   0.00   0.29    0.00    4.71    0.00    0.00    0.30    9.32    6.43    0.00    0.00   35.94   8.19   32.33    0.02    0.03    0.00    0.00   0.05    0.05
       (H5, C2, H6)               1554.21   0.00   0.00   0.29    0.00    4.71    0.00    0.00    0.30    9.32    6.43    0.00    0.00   35.94   8.19   32.33    0.02    0.03    0.00    0.00   0.05    0.05
        (C1, O, C2)                600.21   0.00   0.00  90.95    2.24    0.00    0.00    0.00    0.00   10.33    0.00    0.00    0.00    0.00   0.03    0.00    0.00    0.02    0.00    0.00   0.00    0.15
    (C2, O, C1, H1)                179.47  49.08  48.44   0.00    0.00    0.00    0.48    0.05    0.00    0.00    0.00    0.55    0.47    0.00   0.00    0.00    0.00    0.00    0.02    0.00   0.00    0.00
    (C1, O, C2, H4)                179.47  49.08  48.44   0.00    0.00    0.00    0.48    0.05    0.00    0.00    0.00    0.55    0.47    0.00   0.00    0.00    0.00    0.00    0.02    0.00   0.00    0.00

The following diagonalization parameter, penalty for asymmetric instrinsic frequencies and penalty for unphysical contributions has been determined: 35.01, 0, 0 
