 .__   __.   ______   .___  ___.   ______    _______   _______   ______   ______      .______   ____    ____ 
 |  \ |  |  /  __  \  |   \/   |  /  __  \  |       \ |   ____| /      | /  __  \     |   _  \  \   \  /   / 
 |   \|  | |  |  |  | |  \  /  | |  |  |  | |  .--.  ||  |__   |  ,----'|  |  |  |    |  |_)  |  \   \/   /  
 |  . `  | |  |  |  | |  |\/|  | |  |  |  | |  |  |  ||   __|  |  |     |  |  |  |    |   ___/    \_    _/   
 |  |\   | |  `--'  | |  |  |  | |  `--'  | |  '--'  ||  |____ |  `----.|  `--'  |  __|  |          |  |     
 |__| \__|  \______/  |__|  |__|  \______/  |_______/ |_______| \______| \______/  (__) _|          |__|     
                                                                                                             


**************************************************************************************************************
                         Kemal Önen, Lukas Meinschad, Dennis F. Dinu, Klaus R. Liedl                          
                                      Liedl Lab, University of Innsbruck                                      
**************************************************************************************************************

Non-planar system detected. Therefore out-of-plane angles are NOT used in your analysis. Note that out-of-plane angles tend to perform worse
than the other internal coordinates in terms of computational cost and in the decomposition. However they can be
useful for planar systems.

The detected point group is C3v
The following equivalent atoms were found: [['F'], ['C'], ['H1', 'H2', 'H3']] 

The following primitive internals (bonds, (in-plane) angles, linear valence angles, out-of-plane angles and torsions) were generated:
bonds: [('F', 'C'), ('C', 'H1'), ('C', 'H2'), ('C', 'H3')]
in-plane angles: [('F', 'C', 'H1'), ('F', 'C', 'H2'), ('F', 'C', 'H3'), ('H1', 'C', 'H2'), ('H1', 'C', 'H3'),
 ('H2', 'C', 'H3')]
linear valence-angles: []
out-of-plane angles: []
dihedrals: []

9 internal coordinates are at least needed for the decomposition scheme.


-------------------------------- Initialization of an internal coordinate set --------------------------------

The following 10 Internal Coordinates are used in your analysis:
bonds: [('F', 'C'), ('C', 'H1'), ('C', 'H2'), ('C', 'H3')]
in-plane angles: [('F', 'C', 'H1'), ('F', 'C', 'H2'), ('F', 'C', 'H3'), ('H1', 'C', 'H2'), ('H1', 'C', 'H3'),
 ('H2', 'C', 'H3')]
linear valence-angles: []
out-of-plane angles: []
dihedrals: []


-------------------------- Results of the Decomposition Scheme ---------------------------

1.) Intrinsic Frequencies for all normal-coordinate frequencies and
    vibrational distribution matrix (exact approximation) at the following
    harmonic frequencies (all frequency values in cm-1):

Internal Coordinate Intrinsic Frequencies  1170 1301 1301  1613  1614  1625  3190  3271  3271
             (F, C)               1152.89  1.02 0.00 0.00 -0.00 -0.00 -0.02 -0.00  0.00 -0.00
            (C, H1)               3245.46 -0.00 0.00 0.00 -0.00 -0.00 -0.00  0.33  0.67  0.00
            (C, H2)               3245.46 -0.00 0.00 0.00 -0.00 -0.00 -0.00  0.33  0.17  0.50
            (C, H3)               3245.46 -0.00 0.00 0.00 -0.00 -0.00 -0.00  0.33  0.17  0.50
         (F, C, H1)               1273.62 -0.00 0.63 0.00  0.04  0.00  0.17 -0.00  0.00  0.00
         (F, C, H2)               1273.62 -0.00 0.16 0.47  0.01  0.03  0.17 -0.00  0.00  0.00
         (F, C, H3)               1273.62 -0.00 0.16 0.47  0.01  0.03  0.17 -0.00  0.00  0.00
        (H1, C, H2)               1458.97 -0.00 0.01 0.03  0.16  0.47  0.17 -0.00 -0.00 -0.00
        (H1, C, H3)               1458.97 -0.00 0.01 0.03  0.16  0.47  0.17 -0.00 -0.00 -0.00
        (H2, C, H3)               1458.97 -0.00 0.04 0.00  0.63  0.00  0.17 -0.00 -0.00 -0.00

Check if matrix is normalized: 1.0

2.) Intrinsic Frequencies for all normal-coordinate frequencies and
    diagonal elements of the PED matrix at the following
    harmonic frequencies (all frequency values in cm-1):

Internal Coordinate Intrinsic Frequencies 1170 1301 1301 1613 1614 1625 3190 3271 3271
             (F, C)               1152.89 1.06 0.00 0.00 0.00 0.00 0.04 0.00 0.00 0.00
            (C, H1)               3245.46 0.00 0.00 0.00 0.00 0.00 0.00 0.33 0.68 0.00
            (C, H2)               3245.46 0.00 0.00 0.00 0.00 0.00 0.00 0.33 0.17 0.51
            (C, H3)               3245.46 0.00 0.00 0.00 0.00 0.00 0.00 0.33 0.17 0.51
         (F, C, H1)               1273.62 0.00 0.50 0.00 0.04 0.00 0.18 0.00 0.00 0.00
         (F, C, H2)               1273.62 0.00 0.12 0.37 0.01 0.03 0.18 0.00 0.00 0.00
         (F, C, H3)               1273.62 0.00 0.12 0.37 0.01 0.03 0.18 0.00 0.00 0.00
        (H1, C, H2)               1458.97 0.00 0.01 0.02 0.14 0.42 0.12 0.00 0.00 0.00
        (H1, C, H3)               1458.97 0.00 0.01 0.02 0.14 0.42 0.12 0.00 0.00 0.00
        (H2, C, H3)               1458.97 0.00 0.02 0.00 0.57 0.00 0.12 0.00 0.00 0.00

3.) Intrinsic Frequencies for all normal-coordinate frequencies and
    contribution table calculated from the diagonal elements of the PED at the following
    harmonic frequencies (all frequency values in cm-1):

Internal Coordinate Intrinsic Frequencies  1170  1301  1301  1613  1614  1625  3190  3271  3271
             (F, C)               1152.89 98.83  0.00  0.00  0.00  0.00  4.04  0.18  0.00  0.00
            (C, H1)               3245.46  0.04  0.02  0.00  0.23  0.00  0.05 33.25 66.46  0.00
            (C, H2)               3245.46  0.04  0.01  0.02  0.06  0.17  0.05 33.25 16.61 49.84
            (C, H3)               3245.46  0.04  0.01  0.02  0.06  0.17  0.05 33.25 16.61 49.84
         (F, C, H1)               1273.62  0.21 63.66  0.00  4.39  0.00 19.15  0.01  0.15  0.00
         (F, C, H2)               1273.62  0.21 15.92 47.75  1.10  3.29 19.15  0.01  0.04  0.11
         (F, C, H3)               1273.62  0.21 15.92 47.75  1.10  3.29 19.15  0.01  0.04  0.11
        (H1, C, H2)               1458.97  0.14  0.75  2.24 15.51 46.53 12.78  0.01  0.02  0.05
        (H1, C, H3)               1458.97  0.14  0.75  2.24 15.51 46.53 12.78  0.01  0.02  0.05
        (H2, C, H3)               1458.97  0.14  2.98  0.00 62.04  0.00 12.78  0.01  0.06  0.00

----- Extended Results: Exact PED, KED and TED analysis per mode -----

Normal mode at the following harmonic frequency: 1170 cm-1

Potential energy distribution matrix (normalization check: 1.0)

Internal Coordinate (F, C) (C, H1) (C, H2) (C, H3) (F, C, H1) (F, C, H2) (F, C, H3) (H1, C, H2) (H1, C, H3) (H2, C, H3)
             (F, C)   1.06   -0.00   -0.00   -0.00      -0.01      -0.01      -0.01       -0.01       -0.01       -0.01
            (C, H1)  -0.00    0.00    0.00    0.00       0.00      -0.00      -0.00       -0.00       -0.00        0.00
            (C, H2)  -0.00    0.00    0.00    0.00      -0.00       0.00      -0.00       -0.00        0.00       -0.00
            (C, H3)  -0.00    0.00    0.00    0.00      -0.00      -0.00       0.00        0.00       -0.00       -0.00
         (F, C, H1)  -0.01    0.00   -0.00   -0.00       0.00      -0.00      -0.00        0.00        0.00        0.00
         (F, C, H2)  -0.01   -0.00    0.00   -0.00      -0.00       0.00      -0.00        0.00        0.00        0.00
         (F, C, H3)  -0.01   -0.00   -0.00    0.00      -0.00      -0.00       0.00        0.00        0.00        0.00
        (H1, C, H2)  -0.01   -0.00   -0.00    0.00       0.00       0.00       0.00        0.00       -0.00       -0.00
        (H1, C, H3)  -0.01   -0.00    0.00   -0.00       0.00       0.00       0.00       -0.00        0.00       -0.00
        (H2, C, H3)  -0.01    0.00   -0.00   -0.00       0.00       0.00       0.00       -0.00       -0.00        0.00

Kinetic energy distribution matrix (normalization check: 1.0)

Internal Coordinate (F, C) (C, H1) (C, H2) (C, H3) (F, C, H1) (F, C, H2) (F, C, H3) (H1, C, H2) (H1, C, H3) (H2, C, H3)
             (F, C)   1.16   -0.00   -0.00   -0.00      -0.01      -0.01      -0.01       -0.01       -0.01       -0.01
            (C, H1)  -0.00    0.00    0.00    0.00       0.00      -0.00      -0.00        0.00        0.00        0.00
            (C, H2)  -0.00    0.00    0.00    0.00      -0.00       0.00      -0.00        0.00        0.00        0.00
            (C, H3)  -0.00    0.00    0.00    0.00      -0.00      -0.00       0.00        0.00        0.00        0.00
         (F, C, H1)  -0.01    0.00   -0.00   -0.00       0.00      -0.00      -0.00        0.00        0.00        0.00
         (F, C, H2)  -0.01   -0.00    0.00   -0.00      -0.00       0.00      -0.00        0.00        0.00        0.00
         (F, C, H3)  -0.01   -0.00   -0.00    0.00      -0.00      -0.00       0.00        0.00        0.00        0.00
        (H1, C, H2)  -0.01    0.00    0.00    0.00       0.00       0.00       0.00        0.00       -0.00       -0.00
        (H1, C, H3)  -0.01    0.00    0.00    0.00       0.00       0.00       0.00       -0.00        0.00       -0.00
        (H2, C, H3)  -0.01    0.00    0.00    0.00       0.00       0.00       0.00       -0.00       -0.00        0.00

Total energy distribution matrix (normalization check: 1.0)

Internal Coordinate (F, C) (C, H1) (C, H2) (C, H3) (F, C, H1) (F, C, H2) (F, C, H3) (H1, C, H2) (H1, C, H3) (H2, C, H3)
             (F, C)   1.11   -0.00   -0.00   -0.00      -0.01      -0.01      -0.01       -0.01       -0.01       -0.01
            (C, H1)  -0.00    0.00    0.00    0.00       0.00      -0.00      -0.00       -0.00       -0.00        0.00
            (C, H2)  -0.00    0.00    0.00    0.00      -0.00       0.00      -0.00       -0.00        0.00       -0.00
            (C, H3)  -0.00    0.00    0.00    0.00      -0.00      -0.00       0.00        0.00       -0.00       -0.00
         (F, C, H1)  -0.01    0.00   -0.00   -0.00       0.00      -0.00      -0.00        0.00        0.00        0.00
         (F, C, H2)  -0.01   -0.00    0.00   -0.00      -0.00       0.00      -0.00        0.00        0.00        0.00
         (F, C, H3)  -0.01   -0.00   -0.00    0.00      -0.00      -0.00       0.00        0.00        0.00        0.00
        (H1, C, H2)  -0.01   -0.00   -0.00    0.00       0.00       0.00       0.00        0.00       -0.00       -0.00
        (H1, C, H3)  -0.01   -0.00    0.00   -0.00       0.00       0.00       0.00       -0.00        0.00       -0.00
        (H2, C, H3)  -0.01    0.00   -0.00   -0.00       0.00       0.00       0.00       -0.00       -0.00        0.00

----- Extended Results: Exact PED, KED and TED analysis per mode -----

Normal mode at the following harmonic frequency: 1301 cm-1

Potential energy distribution matrix (normalization check: 1.0)

Internal Coordinate (F, C) (C, H1) (C, H2) (C, H3) (F, C, H1) (F, C, H2) (F, C, H3) (H1, C, H2) (H1, C, H3) (H2, C, H3)
             (F, C)   0.00   -0.00    0.00    0.00      -0.00       0.00       0.00        0.00        0.00       -0.00
            (C, H1)  -0.00    0.00   -0.00   -0.00       0.00       0.00       0.00        0.00        0.00        0.00
            (C, H2)   0.00   -0.00    0.00    0.00       0.00       0.00      -0.00       -0.00        0.00        0.00
            (C, H3)   0.00   -0.00    0.00    0.00       0.00      -0.00       0.00        0.00       -0.00        0.00
         (F, C, H1)  -0.00    0.00    0.00    0.00       0.50       0.06       0.06       -0.01       -0.01        0.03
         (F, C, H2)   0.00    0.00    0.00   -0.00       0.06       0.12      -0.03        0.00        0.01       -0.01
         (F, C, H3)   0.00    0.00   -0.00    0.00       0.06      -0.03       0.12        0.01        0.00       -0.01
        (H1, C, H2)   0.00    0.00   -0.00    0.00      -0.01       0.00       0.01        0.01       -0.00        0.00
        (H1, C, H3)   0.00    0.00    0.00   -0.00      -0.01       0.01       0.00       -0.00        0.01        0.00
        (H2, C, H3)  -0.00    0.00    0.00    0.00       0.03      -0.01      -0.01        0.00        0.00        0.02

Kinetic energy distribution matrix (normalization check: 1.0)

Internal Coordinate (F, C) (C, H1) (C, H2) (C, H3) (F, C, H1) (F, C, H2) (F, C, H3) (H1, C, H2) (H1, C, H3) (H2, C, H3)
             (F, C)   0.00   -0.00    0.00    0.00      -0.00       0.00       0.00        0.00        0.00       -0.00
            (C, H1)  -0.00    0.00   -0.00   -0.00       0.00       0.00       0.00       -0.00       -0.00        0.00
            (C, H2)   0.00   -0.00    0.00    0.00       0.00       0.00      -0.00        0.00        0.00       -0.00
            (C, H3)   0.00   -0.00    0.00    0.00       0.00      -0.00       0.00        0.00        0.00       -0.00
         (F, C, H1)  -0.00    0.00    0.00    0.00       0.63       0.10       0.10       -0.00       -0.00        0.04
         (F, C, H2)   0.00    0.00    0.00   -0.00       0.10       0.16      -0.05        0.00        0.01       -0.00
         (F, C, H3)   0.00    0.00   -0.00    0.00       0.10      -0.05       0.16        0.01        0.00       -0.00
        (H1, C, H2)   0.00   -0.00    0.00    0.00      -0.00       0.00       0.01        0.00       -0.00        0.00
        (H1, C, H3)   0.00   -0.00    0.00    0.00      -0.00       0.01       0.00       -0.00        0.00        0.00
        (H2, C, H3)  -0.00    0.00   -0.00   -0.00       0.04      -0.00      -0.00        0.00        0.00        0.02

Total energy distribution matrix (normalization check: 1.0)

Internal Coordinate (F, C) (C, H1) (C, H2) (C, H3) (F, C, H1) (F, C, H2) (F, C, H3) (H1, C, H2) (H1, C, H3) (H2, C, H3)
             (F, C)   0.00   -0.00    0.00    0.00      -0.00       0.00       0.00        0.00        0.00       -0.00
            (C, H1)  -0.00    0.00   -0.00   -0.00       0.00       0.00       0.00        0.00        0.00        0.00
            (C, H2)   0.00   -0.00    0.00    0.00       0.00       0.00      -0.00       -0.00        0.00        0.00
            (C, H3)   0.00   -0.00    0.00    0.00       0.00      -0.00       0.00        0.00       -0.00        0.00
         (F, C, H1)  -0.00    0.00    0.00    0.00       0.56       0.08       0.08       -0.01       -0.01        0.03
         (F, C, H2)   0.00    0.00    0.00   -0.00       0.08       0.14      -0.04        0.00        0.01       -0.01
         (F, C, H3)   0.00    0.00   -0.00    0.00       0.08      -0.04       0.14        0.01        0.00       -0.01
        (H1, C, H2)   0.00    0.00   -0.00    0.00      -0.01       0.00       0.01        0.01       -0.00        0.00
        (H1, C, H3)   0.00    0.00    0.00   -0.00      -0.01       0.01       0.00       -0.00        0.01        0.00
        (H2, C, H3)  -0.00    0.00    0.00    0.00       0.03      -0.01      -0.01        0.00        0.00        0.02

----- Extended Results: Exact PED, KED and TED analysis per mode -----

Normal mode at the following harmonic frequency: 1301 cm-1

Potential energy distribution matrix (normalization check: 1.0)

Internal Coordinate (F, C) (C, H1) (C, H2) (C, H3) (F, C, H1) (F, C, H2) (F, C, H3) (H1, C, H2) (H1, C, H3) (H2, C, H3)
             (F, C)   0.00    0.00   -0.00    0.00       0.00      -0.00       0.00        0.00       -0.00        0.00
            (C, H1)   0.00    0.00   -0.00    0.00       0.00       0.00      -0.00       -0.00        0.00        0.00
            (C, H2)  -0.00   -0.00    0.00   -0.00       0.00       0.00       0.00        0.00        0.00        0.00
            (C, H3)   0.00    0.00   -0.00    0.00      -0.00       0.00       0.00        0.00        0.00       -0.00
         (F, C, H1)   0.00    0.00    0.00   -0.00       0.00       0.00      -0.00        0.00       -0.00        0.00
         (F, C, H2)  -0.00    0.00    0.00    0.00       0.00       0.37       0.09       -0.01        0.02       -0.00
         (F, C, H3)   0.00   -0.00    0.00    0.00      -0.00       0.09       0.37        0.02       -0.01        0.00
        (H1, C, H2)   0.00   -0.00    0.00    0.00       0.00      -0.01       0.02        0.02        0.00       -0.00
        (H1, C, H3)  -0.00    0.00    0.00    0.00      -0.00       0.02      -0.01        0.00        0.02        0.00
        (H2, C, H3)   0.00    0.00    0.00   -0.00       0.00      -0.00       0.00       -0.00        0.00        0.00

Kinetic energy distribution matrix (normalization check: 1.0)

Internal Coordinate (F, C) (C, H1) (C, H2) (C, H3) (F, C, H1) (F, C, H2) (F, C, H3) (H1, C, H2) (H1, C, H3) (H2, C, H3)
             (F, C)   0.00    0.00   -0.00    0.00       0.00      -0.00       0.00        0.00       -0.00        0.00
            (C, H1)   0.00    0.00   -0.00    0.00       0.00       0.00      -0.00        0.00       -0.00        0.00
            (C, H2)  -0.00   -0.00    0.00   -0.00       0.00       0.00       0.00       -0.00        0.00       -0.00
            (C, H3)   0.00    0.00   -0.00    0.00      -0.00       0.00       0.00        0.00       -0.00        0.00
         (F, C, H1)   0.00    0.00    0.00   -0.00       0.00       0.00      -0.00        0.00       -0.00        0.00
         (F, C, H2)  -0.00    0.00    0.00    0.00       0.00       0.47       0.15       -0.01        0.03       -0.00
         (F, C, H3)   0.00   -0.00    0.00    0.00      -0.00       0.15       0.47        0.03       -0.01        0.00
        (H1, C, H2)   0.00    0.00   -0.00    0.00       0.00      -0.01       0.03        0.01        0.00       -0.00
        (H1, C, H3)  -0.00   -0.00    0.00   -0.00      -0.00       0.03      -0.01        0.00        0.01        0.00
        (H2, C, H3)   0.00    0.00   -0.00    0.00       0.00      -0.00       0.00       -0.00        0.00        0.00

Total energy distribution matrix (normalization check: 1.0)

Internal Coordinate (F, C) (C, H1) (C, H2) (C, H3) (F, C, H1) (F, C, H2) (F, C, H3) (H1, C, H2) (H1, C, H3) (H2, C, H3)
             (F, C)   0.00    0.00   -0.00    0.00       0.00      -0.00       0.00        0.00       -0.00        0.00
            (C, H1)   0.00    0.00   -0.00    0.00       0.00       0.00      -0.00       -0.00        0.00        0.00
            (C, H2)  -0.00   -0.00    0.00   -0.00       0.00       0.00       0.00        0.00        0.00        0.00
            (C, H3)   0.00    0.00   -0.00    0.00      -0.00       0.00       0.00        0.00        0.00       -0.00
         (F, C, H1)   0.00    0.00    0.00   -0.00       0.00       0.00      -0.00        0.00       -0.00        0.00
         (F, C, H2)  -0.00    0.00    0.00    0.00       0.00       0.42       0.12       -0.01        0.03       -0.00
         (F, C, H3)   0.00   -0.00    0.00    0.00      -0.00       0.12       0.42        0.03       -0.01        0.00
        (H1, C, H2)   0.00   -0.00    0.00    0.00       0.00      -0.01       0.03        0.02        0.00       -0.00
        (H1, C, H3)  -0.00    0.00    0.00    0.00      -0.00       0.03      -0.01        0.00        0.02        0.00
        (H2, C, H3)   0.00    0.00    0.00   -0.00       0.00      -0.00       0.00       -0.00        0.00        0.00

----- Extended Results: Exact PED, KED and TED analysis per mode -----

Normal mode at the following harmonic frequency: 1613 cm-1

Potential energy distribution matrix (normalization check: 1.0)

Internal Coordinate (F, C) (C, H1) (C, H2) (C, H3) (F, C, H1) (F, C, H2) (F, C, H3) (H1, C, H2) (H1, C, H3) (H2, C, H3)
             (F, C)   0.00    0.00   -0.00   -0.00       0.00      -0.00      -0.00        0.00        0.00       -0.00
            (C, H1)   0.00    0.00   -0.00   -0.00       0.00       0.00       0.00       -0.00       -0.00       -0.00
            (C, H2)  -0.00   -0.00    0.00    0.00       0.00       0.00      -0.00        0.00       -0.00       -0.00
            (C, H3)  -0.00   -0.00    0.00    0.00       0.00      -0.00       0.00       -0.00        0.00       -0.00
         (F, C, H1)   0.00    0.00    0.00    0.00       0.04       0.00       0.00        0.01        0.01       -0.04
         (F, C, H2)  -0.00    0.00    0.00   -0.00       0.00       0.01      -0.00       -0.01       -0.01        0.01
         (F, C, H3)  -0.00    0.00   -0.00    0.00       0.00      -0.00       0.01       -0.01       -0.01        0.01
        (H1, C, H2)   0.00   -0.00    0.00   -0.00       0.01      -0.01      -0.01        0.14       -0.02        0.04
        (H1, C, H3)   0.00   -0.00   -0.00    0.00       0.01      -0.01      -0.01       -0.02        0.14        0.04
        (H2, C, H3)  -0.00   -0.00   -0.00   -0.00      -0.04       0.01       0.01        0.04        0.04        0.57

Kinetic energy distribution matrix (normalization check: 1.0)

Internal Coordinate (F, C) (C, H1) (C, H2) (C, H3) (F, C, H1) (F, C, H2) (F, C, H3) (H1, C, H2) (H1, C, H3) (H2, C, H3)
             (F, C)   0.00    0.00   -0.00   -0.00       0.00      -0.00      -0.00        0.00        0.00       -0.00
            (C, H1)   0.00    0.00   -0.00   -0.00       0.00       0.00       0.00        0.00        0.00       -0.00
            (C, H2)  -0.00   -0.00    0.00    0.00       0.00       0.00      -0.00       -0.00       -0.00        0.00
            (C, H3)  -0.00   -0.00    0.00    0.00       0.00      -0.00       0.00       -0.00       -0.00        0.00
         (F, C, H1)   0.00    0.00    0.00    0.00       0.08       0.01       0.01        0.01        0.01       -0.09
         (F, C, H2)  -0.00    0.00    0.00   -0.00       0.01       0.02      -0.01       -0.00       -0.02        0.01
         (F, C, H3)  -0.00    0.00   -0.00    0.00       0.01      -0.01       0.02       -0.02       -0.00        0.01
        (H1, C, H2)   0.00    0.00   -0.00   -0.00       0.01      -0.00      -0.02        0.18       -0.02        0.03
        (H1, C, H3)   0.00    0.00   -0.00   -0.00       0.01      -0.02      -0.00       -0.02        0.18        0.03
        (H2, C, H3)  -0.00   -0.00    0.00    0.00      -0.09       0.01       0.01        0.03        0.03        0.70

Total energy distribution matrix (normalization check: 1.0)

Internal Coordinate (F, C) (C, H1) (C, H2) (C, H3) (F, C, H1) (F, C, H2) (F, C, H3) (H1, C, H2) (H1, C, H3) (H2, C, H3)
             (F, C)   0.00    0.00   -0.00   -0.00       0.00      -0.00      -0.00        0.00        0.00       -0.00
            (C, H1)   0.00    0.00   -0.00   -0.00       0.00       0.00       0.00       -0.00       -0.00       -0.00
            (C, H2)  -0.00   -0.00    0.00    0.00       0.00       0.00      -0.00        0.00       -0.00       -0.00
            (C, H3)  -0.00   -0.00    0.00    0.00       0.00      -0.00       0.00       -0.00        0.00       -0.00
         (F, C, H1)   0.00    0.00    0.00    0.00       0.06       0.01       0.01        0.01        0.01       -0.06
         (F, C, H2)  -0.00    0.00    0.00   -0.00       0.01       0.01      -0.00       -0.01       -0.02        0.01
         (F, C, H3)  -0.00    0.00   -0.00    0.00       0.01      -0.00       0.01       -0.02       -0.01        0.01
        (H1, C, H2)   0.00   -0.00    0.00   -0.00       0.01      -0.01      -0.02        0.16       -0.02        0.04
        (H1, C, H3)   0.00   -0.00   -0.00    0.00       0.01      -0.02      -0.01       -0.02        0.16        0.04
        (H2, C, H3)  -0.00   -0.00   -0.00   -0.00      -0.06       0.01       0.01        0.04        0.04        0.63

----- Extended Results: Exact PED, KED and TED analysis per mode -----

Normal mode at the following harmonic frequency: 1614 cm-1

Potential energy distribution matrix (normalization check: 1.0)

Internal Coordinate (F, C) (C, H1) (C, H2) (C, H3) (F, C, H1) (F, C, H2) (F, C, H3) (H1, C, H2) (H1, C, H3) (H2, C, H3)
             (F, C)   0.00    0.00   -0.00    0.00       0.00      -0.00       0.00       -0.00        0.00       -0.00
            (C, H1)   0.00    0.00   -0.00    0.00       0.00       0.00      -0.00        0.00       -0.00       -0.00
            (C, H2)  -0.00   -0.00    0.00   -0.00       0.00       0.00       0.00       -0.00       -0.00       -0.00
            (C, H3)   0.00    0.00   -0.00    0.00      -0.00       0.00       0.00       -0.00       -0.00        0.00
         (F, C, H1)   0.00    0.00    0.00   -0.00       0.00       0.00      -0.00       -0.00        0.00       -0.00
         (F, C, H2)  -0.00    0.00    0.00    0.00       0.00       0.03       0.01        0.02       -0.03        0.00
         (F, C, H3)   0.00   -0.00    0.00    0.00      -0.00       0.01       0.03       -0.03        0.02       -0.00
        (H1, C, H2)  -0.00    0.00   -0.00   -0.00      -0.00       0.02      -0.03        0.42        0.06       -0.00
        (H1, C, H3)   0.00   -0.00   -0.00   -0.00       0.00      -0.03       0.02        0.06        0.42        0.00
        (H2, C, H3)  -0.00   -0.00   -0.00    0.00      -0.00       0.00      -0.00       -0.00        0.00        0.00

Kinetic energy distribution matrix (normalization check: 1.0)

Internal Coordinate (F, C) (C, H1) (C, H2) (C, H3) (F, C, H1) (F, C, H2) (F, C, H3) (H1, C, H2) (H1, C, H3) (H2, C, H3)
             (F, C)   0.00    0.00   -0.00    0.00       0.00      -0.00       0.00       -0.00        0.00       -0.00
            (C, H1)   0.00    0.00   -0.00    0.00       0.00       0.00      -0.00       -0.00        0.00       -0.00
            (C, H2)  -0.00   -0.00    0.00   -0.00       0.00       0.00       0.00        0.00       -0.00        0.00
            (C, H3)   0.00    0.00   -0.00    0.00      -0.00       0.00       0.00       -0.00        0.00       -0.00
         (F, C, H1)   0.00    0.00    0.00   -0.00       0.00       0.00      -0.00       -0.00        0.00       -0.00
         (F, C, H2)  -0.00    0.00    0.00    0.00       0.00       0.06       0.02        0.01       -0.07        0.00
         (F, C, H3)   0.00   -0.00    0.00    0.00      -0.00       0.02       0.06       -0.07        0.01       -0.00
        (H1, C, H2)  -0.00   -0.00    0.00   -0.00      -0.00       0.01      -0.07        0.53        0.05       -0.00
        (H1, C, H3)   0.00    0.00   -0.00    0.00       0.00      -0.07       0.01        0.05        0.53        0.00
        (H2, C, H3)  -0.00   -0.00    0.00   -0.00      -0.00       0.00      -0.00       -0.00        0.00        0.00

Total energy distribution matrix (normalization check: 1.0)

Internal Coordinate (F, C) (C, H1) (C, H2) (C, H3) (F, C, H1) (F, C, H2) (F, C, H3) (H1, C, H2) (H1, C, H3) (H2, C, H3)
             (F, C)   0.00    0.00   -0.00    0.00       0.00      -0.00       0.00       -0.00        0.00       -0.00
            (C, H1)   0.00    0.00   -0.00    0.00       0.00       0.00      -0.00        0.00       -0.00       -0.00
            (C, H2)  -0.00   -0.00    0.00   -0.00       0.00       0.00       0.00       -0.00       -0.00       -0.00
            (C, H3)   0.00    0.00   -0.00    0.00      -0.00       0.00       0.00       -0.00       -0.00        0.00
         (F, C, H1)   0.00    0.00    0.00   -0.00       0.00       0.00      -0.00       -0.00        0.00       -0.00
         (F, C, H2)  -0.00    0.00    0.00    0.00       0.00       0.04       0.01        0.02       -0.05        0.00
         (F, C, H3)   0.00   -0.00    0.00    0.00      -0.00       0.01       0.04       -0.05        0.02       -0.00
        (H1, C, H2)  -0.00    0.00   -0.00   -0.00      -0.00       0.02      -0.05        0.47        0.06       -0.00
        (H1, C, H3)   0.00   -0.00   -0.00   -0.00       0.00      -0.05       0.02        0.06        0.47        0.00
        (H2, C, H3)  -0.00   -0.00   -0.00    0.00      -0.00       0.00      -0.00       -0.00        0.00        0.00

----- Extended Results: Exact PED, KED and TED analysis per mode -----

Normal mode at the following harmonic frequency: 1625 cm-1

Potential energy distribution matrix (normalization check: 1.0)

Internal Coordinate (F, C) (C, H1) (C, H2) (C, H3) (F, C, H1) (F, C, H2) (F, C, H3) (H1, C, H2) (H1, C, H3) (H2, C, H3)
             (F, C)   0.04   -0.00   -0.00   -0.00      -0.01      -0.01      -0.01       -0.01       -0.01       -0.01
            (C, H1)  -0.00    0.00    0.00    0.00       0.00      -0.00      -0.00       -0.00       -0.00        0.00
            (C, H2)  -0.00    0.00    0.00    0.00      -0.00       0.00      -0.00       -0.00        0.00       -0.00
            (C, H3)  -0.00    0.00    0.00    0.00      -0.00      -0.00       0.00        0.00       -0.00       -0.00
         (F, C, H1)  -0.01    0.00   -0.00   -0.00       0.18      -0.04      -0.04        0.03        0.03        0.04
         (F, C, H2)  -0.01   -0.00    0.00   -0.00      -0.04       0.18      -0.04        0.03        0.04        0.03
         (F, C, H3)  -0.01   -0.00   -0.00    0.00      -0.04      -0.04       0.18        0.04        0.03        0.03
        (H1, C, H2)  -0.01   -0.00   -0.00    0.00       0.03       0.03       0.04        0.12       -0.02       -0.02
        (H1, C, H3)  -0.01   -0.00    0.00   -0.00       0.03       0.04       0.03       -0.02        0.12       -0.02
        (H2, C, H3)  -0.01    0.00   -0.00   -0.00       0.04       0.03       0.03       -0.02       -0.02        0.12

Kinetic energy distribution matrix (normalization check: 1.0)

Internal Coordinate (F, C) (C, H1) (C, H2) (C, H3) (F, C, H1) (F, C, H2) (F, C, H3) (H1, C, H2) (H1, C, H3) (H2, C, H3)
             (F, C)   0.08   -0.00   -0.00   -0.00      -0.03      -0.03      -0.03       -0.02       -0.02       -0.02
            (C, H1)  -0.00    0.00    0.00    0.00       0.00      -0.00      -0.00        0.00        0.00        0.00
            (C, H2)  -0.00    0.00    0.00    0.00      -0.00       0.00      -0.00        0.00        0.00        0.00
            (C, H3)  -0.00    0.00    0.00    0.00      -0.00      -0.00       0.00        0.00        0.00        0.00
         (F, C, H1)  -0.03    0.00   -0.00   -0.00       0.36      -0.11      -0.11        0.02        0.02        0.09
         (F, C, H2)  -0.03   -0.00    0.00   -0.00      -0.11       0.36      -0.11        0.02        0.09        0.02
         (F, C, H3)  -0.03   -0.00   -0.00    0.00      -0.11      -0.11       0.36        0.09        0.02        0.02
        (H1, C, H2)  -0.02    0.00    0.00    0.00       0.02       0.02       0.09        0.15       -0.01       -0.01
        (H1, C, H3)  -0.02    0.00    0.00    0.00       0.02       0.09       0.02       -0.01        0.15       -0.01
        (H2, C, H3)  -0.02    0.00    0.00    0.00       0.09       0.02       0.02       -0.01       -0.01        0.15

Total energy distribution matrix (normalization check: 1.0)

Internal Coordinate (F, C) (C, H1) (C, H2) (C, H3) (F, C, H1) (F, C, H2) (F, C, H3) (H1, C, H2) (H1, C, H3) (H2, C, H3)
             (F, C)   0.06   -0.00   -0.00   -0.00      -0.02      -0.02      -0.02       -0.02       -0.02       -0.02
            (C, H1)  -0.00    0.00    0.00    0.00       0.00      -0.00      -0.00       -0.00       -0.00        0.00
            (C, H2)  -0.00    0.00    0.00    0.00      -0.00       0.00      -0.00       -0.00        0.00       -0.00
            (C, H3)  -0.00    0.00    0.00    0.00      -0.00      -0.00       0.00        0.00       -0.00       -0.00
         (F, C, H1)  -0.02    0.00   -0.00   -0.00       0.27      -0.08      -0.08        0.02        0.02        0.06
         (F, C, H2)  -0.02   -0.00    0.00   -0.00      -0.08       0.27      -0.08        0.02        0.06        0.02
         (F, C, H3)  -0.02   -0.00   -0.00    0.00      -0.08      -0.08       0.27        0.06        0.02        0.02
        (H1, C, H2)  -0.02   -0.00   -0.00    0.00       0.02       0.02       0.06        0.14       -0.02       -0.02
        (H1, C, H3)  -0.02   -0.00    0.00   -0.00       0.02       0.06       0.02       -0.02        0.14       -0.02
        (H2, C, H3)  -0.02    0.00   -0.00   -0.00       0.06       0.02       0.02       -0.02       -0.02        0.14

----- Extended Results: Exact PED, KED and TED analysis per mode -----

Normal mode at the following harmonic frequency: 3190 cm-1

Potential energy distribution matrix (normalization check: 1.0)

Internal Coordinate (F, C) (C, H1) (C, H2) (C, H3) (F, C, H1) (F, C, H2) (F, C, H3) (H1, C, H2) (H1, C, H3) (H2, C, H3)
             (F, C)   0.00   -0.00   -0.00   -0.00      -0.00      -0.00      -0.00       -0.00       -0.00       -0.00
            (C, H1)  -0.00    0.33    0.00    0.00       0.00      -0.00      -0.00       -0.00       -0.00        0.00
            (C, H2)  -0.00    0.00    0.33    0.00      -0.00       0.00      -0.00       -0.00        0.00       -0.00
            (C, H3)  -0.00    0.00    0.00    0.33      -0.00      -0.00       0.00        0.00       -0.00       -0.00
         (F, C, H1)  -0.00    0.00   -0.00   -0.00       0.00      -0.00      -0.00        0.00        0.00        0.00
         (F, C, H2)  -0.00   -0.00    0.00   -0.00      -0.00       0.00      -0.00        0.00        0.00        0.00
         (F, C, H3)  -0.00   -0.00   -0.00    0.00      -0.00      -0.00       0.00        0.00        0.00        0.00
        (H1, C, H2)  -0.00   -0.00   -0.00    0.00       0.00       0.00       0.00        0.00       -0.00       -0.00
        (H1, C, H3)  -0.00   -0.00    0.00   -0.00       0.00       0.00       0.00       -0.00        0.00       -0.00
        (H2, C, H3)  -0.00    0.00   -0.00   -0.00       0.00       0.00       0.00       -0.00       -0.00        0.00

Kinetic energy distribution matrix (normalization check: 1.0)

Internal Coordinate (F, C) (C, H1) (C, H2) (C, H3) (F, C, H1) (F, C, H2) (F, C, H3) (H1, C, H2) (H1, C, H3) (H2, C, H3)
             (F, C)   0.01   -0.01   -0.01   -0.01      -0.00      -0.00      -0.00       -0.00       -0.00       -0.00
            (C, H1)  -0.01    0.35    0.00    0.00       0.00      -0.00      -0.00        0.00        0.00        0.00
            (C, H2)  -0.01    0.00    0.35    0.00      -0.00       0.00      -0.00        0.00        0.00        0.00
            (C, H3)  -0.01    0.00    0.00    0.35      -0.00      -0.00       0.00        0.00        0.00        0.00
         (F, C, H1)  -0.00    0.00   -0.00   -0.00       0.00      -0.00      -0.00        0.00        0.00        0.00
         (F, C, H2)  -0.00   -0.00    0.00   -0.00      -0.00       0.00      -0.00        0.00        0.00        0.00
         (F, C, H3)  -0.00   -0.00   -0.00    0.00      -0.00      -0.00       0.00        0.00        0.00        0.00
        (H1, C, H2)  -0.00    0.00    0.00    0.00       0.00       0.00       0.00        0.00       -0.00       -0.00
        (H1, C, H3)  -0.00    0.00    0.00    0.00       0.00       0.00       0.00       -0.00        0.00       -0.00
        (H2, C, H3)  -0.00    0.00    0.00    0.00       0.00       0.00       0.00       -0.00       -0.00        0.00

Total energy distribution matrix (normalization check: 1.0)

Internal Coordinate (F, C) (C, H1) (C, H2) (C, H3) (F, C, H1) (F, C, H2) (F, C, H3) (H1, C, H2) (H1, C, H3) (H2, C, H3)
             (F, C)   0.01   -0.00   -0.00   -0.00      -0.00      -0.00      -0.00       -0.00       -0.00       -0.00
            (C, H1)  -0.00    0.34    0.00    0.00       0.00      -0.00      -0.00        0.00        0.00        0.00
            (C, H2)  -0.00    0.00    0.34    0.00      -0.00       0.00      -0.00        0.00        0.00        0.00
            (C, H3)  -0.00    0.00    0.00    0.34      -0.00      -0.00       0.00        0.00        0.00        0.00
         (F, C, H1)  -0.00    0.00   -0.00   -0.00       0.00      -0.00      -0.00        0.00        0.00        0.00
         (F, C, H2)  -0.00   -0.00    0.00   -0.00      -0.00       0.00      -0.00        0.00        0.00        0.00
         (F, C, H3)  -0.00   -0.00   -0.00    0.00      -0.00      -0.00       0.00        0.00        0.00        0.00
        (H1, C, H2)  -0.00    0.00    0.00    0.00       0.00       0.00       0.00        0.00       -0.00       -0.00
        (H1, C, H3)  -0.00    0.00    0.00    0.00       0.00       0.00       0.00       -0.00        0.00       -0.00
        (H2, C, H3)  -0.00    0.00    0.00    0.00       0.00       0.00       0.00       -0.00       -0.00        0.00

----- Extended Results: Exact PED, KED and TED analysis per mode -----

Normal mode at the following harmonic frequency: 3271 cm-1

Potential energy distribution matrix (normalization check: 1.0)

Internal Coordinate (F, C) (C, H1) (C, H2) (C, H3) (F, C, H1) (F, C, H2) (F, C, H3) (H1, C, H2) (H1, C, H3) (H2, C, H3)
             (F, C)   0.00    0.00   -0.00   -0.00      -0.00       0.00       0.00        0.00        0.00       -0.00
            (C, H1)   0.00    0.68   -0.00   -0.00      -0.00      -0.00      -0.00       -0.00       -0.00       -0.00
            (C, H2)  -0.00   -0.00    0.17    0.00      -0.00      -0.00       0.00        0.00       -0.00       -0.00
            (C, H3)  -0.00   -0.00    0.00    0.17      -0.00       0.00      -0.00       -0.00        0.00       -0.00
         (F, C, H1)  -0.00   -0.00   -0.00   -0.00       0.00       0.00       0.00       -0.00       -0.00        0.00
         (F, C, H2)   0.00   -0.00   -0.00    0.00       0.00       0.00      -0.00        0.00        0.00       -0.00
         (F, C, H3)   0.00   -0.00    0.00   -0.00       0.00      -0.00       0.00        0.00        0.00       -0.00
        (H1, C, H2)   0.00   -0.00    0.00   -0.00      -0.00       0.00       0.00        0.00       -0.00        0.00
        (H1, C, H3)   0.00   -0.00   -0.00    0.00      -0.00       0.00       0.00       -0.00        0.00        0.00
        (H2, C, H3)  -0.00   -0.00   -0.00   -0.00       0.00      -0.00      -0.00        0.00        0.00        0.00

Kinetic energy distribution matrix (normalization check: 1.0)

Internal Coordinate (F, C) (C, H1) (C, H2) (C, H3) (F, C, H1) (F, C, H2) (F, C, H3) (H1, C, H2) (H1, C, H3) (H2, C, H3)
             (F, C)   0.00    0.00   -0.00   -0.00      -0.00       0.00       0.00        0.00        0.00       -0.00
            (C, H1)   0.00    0.77   -0.00   -0.00      -0.01      -0.00      -0.00        0.00        0.00       -0.00
            (C, H2)  -0.00   -0.00    0.19    0.00      -0.00      -0.00       0.00       -0.00       -0.00        0.00
            (C, H3)  -0.00   -0.00    0.00    0.19      -0.00       0.00      -0.00       -0.00       -0.00        0.00
         (F, C, H1)  -0.00   -0.01   -0.00   -0.00       0.01       0.00       0.00       -0.00       -0.00        0.00
         (F, C, H2)   0.00   -0.00   -0.00    0.00       0.00       0.00      -0.00        0.00        0.00       -0.00
         (F, C, H3)   0.00   -0.00    0.00   -0.00       0.00      -0.00       0.00        0.00        0.00       -0.00
        (H1, C, H2)   0.00    0.00   -0.00   -0.00      -0.00       0.00       0.00        0.00       -0.00        0.00
        (H1, C, H3)   0.00    0.00   -0.00   -0.00      -0.00       0.00       0.00       -0.00        0.00        0.00
        (H2, C, H3)  -0.00   -0.00    0.00    0.00       0.00      -0.00      -0.00        0.00        0.00        0.00

Total energy distribution matrix (normalization check: 1.0)

Internal Coordinate (F, C) (C, H1) (C, H2) (C, H3) (F, C, H1) (F, C, H2) (F, C, H3) (H1, C, H2) (H1, C, H3) (H2, C, H3)
             (F, C)   0.00    0.00   -0.00   -0.00      -0.00       0.00       0.00        0.00        0.00       -0.00
            (C, H1)   0.00    0.72   -0.00   -0.00      -0.00      -0.00      -0.00        0.00        0.00       -0.00
            (C, H2)  -0.00   -0.00    0.18    0.00      -0.00      -0.00       0.00       -0.00       -0.00        0.00
            (C, H3)  -0.00   -0.00    0.00    0.18      -0.00       0.00      -0.00       -0.00       -0.00        0.00
         (F, C, H1)  -0.00   -0.00   -0.00   -0.00       0.01       0.00       0.00       -0.00       -0.00        0.00
         (F, C, H2)   0.00   -0.00   -0.00    0.00       0.00       0.00      -0.00        0.00        0.00       -0.00
         (F, C, H3)   0.00   -0.00    0.00   -0.00       0.00      -0.00       0.00        0.00        0.00       -0.00
        (H1, C, H2)   0.00    0.00   -0.00   -0.00      -0.00       0.00       0.00        0.00       -0.00        0.00
        (H1, C, H3)   0.00    0.00   -0.00   -0.00      -0.00       0.00       0.00       -0.00        0.00        0.00
        (H2, C, H3)  -0.00   -0.00    0.00    0.00       0.00      -0.00      -0.00        0.00        0.00        0.00

----- Extended Results: Exact PED, KED and TED analysis per mode -----

Normal mode at the following harmonic frequency: 3271 cm-1

Potential energy distribution matrix (normalization check: 1.0)

Internal Coordinate (F, C) (C, H1) (C, H2) (C, H3) (F, C, H1) (F, C, H2) (F, C, H3) (H1, C, H2) (H1, C, H3) (H2, C, H3)
             (F, C)   0.00   -0.00   -0.00    0.00       0.00       0.00      -0.00       -0.00        0.00        0.00
            (C, H1)  -0.00    0.00    0.00   -0.00      -0.00       0.00      -0.00       -0.00        0.00       -0.00
            (C, H2)  -0.00    0.00    0.51   -0.01       0.00      -0.00      -0.00       -0.00       -0.00        0.00
            (C, H3)   0.00   -0.00   -0.01    0.51      -0.00      -0.00      -0.00       -0.00       -0.00       -0.00
         (F, C, H1)   0.00   -0.00    0.00   -0.00       0.00      -0.00       0.00       -0.00        0.00        0.00
         (F, C, H2)   0.00    0.00   -0.00   -0.00      -0.00       0.00       0.00       -0.00        0.00        0.00
         (F, C, H3)  -0.00   -0.00   -0.00   -0.00       0.00       0.00       0.00        0.00       -0.00       -0.00
        (H1, C, H2)  -0.00   -0.00   -0.00   -0.00      -0.00      -0.00       0.00        0.00        0.00        0.00
        (H1, C, H3)   0.00    0.00   -0.00   -0.00       0.00       0.00      -0.00        0.00        0.00       -0.00
        (H2, C, H3)   0.00   -0.00    0.00   -0.00       0.00       0.00      -0.00        0.00       -0.00        0.00

Kinetic energy distribution matrix (normalization check: 1.0)

Internal Coordinate (F, C) (C, H1) (C, H2) (C, H3) (F, C, H1) (F, C, H2) (F, C, H3) (H1, C, H2) (H1, C, H3) (H2, C, H3)
             (F, C)   0.00   -0.00   -0.00    0.00       0.00       0.00      -0.00       -0.00        0.00        0.00
            (C, H1)  -0.00    0.00    0.00   -0.00      -0.00       0.00      -0.00        0.00       -0.00       -0.00
            (C, H2)  -0.00    0.00    0.57   -0.00       0.00      -0.01      -0.00        0.00       -0.00       -0.00
            (C, H3)   0.00   -0.00   -0.00    0.57      -0.00      -0.00      -0.01       -0.00        0.00        0.00
         (F, C, H1)   0.00   -0.00    0.00   -0.00       0.00      -0.00       0.00       -0.00        0.00        0.00
         (F, C, H2)   0.00    0.00   -0.01   -0.00      -0.00       0.01       0.00       -0.00        0.00        0.00
         (F, C, H3)  -0.00   -0.00   -0.00   -0.01       0.00       0.00       0.01        0.00       -0.00       -0.00
        (H1, C, H2)  -0.00    0.00    0.00   -0.00      -0.00      -0.00       0.00        0.00        0.00        0.00
        (H1, C, H3)   0.00   -0.00   -0.00    0.00       0.00       0.00      -0.00        0.00        0.00       -0.00
        (H2, C, H3)   0.00   -0.00   -0.00    0.00       0.00       0.00      -0.00        0.00       -0.00        0.00

Total energy distribution matrix (normalization check: 1.0)

Internal Coordinate (F, C) (C, H1) (C, H2) (C, H3) (F, C, H1) (F, C, H2) (F, C, H3) (H1, C, H2) (H1, C, H3) (H2, C, H3)
             (F, C)   0.00   -0.00   -0.00    0.00       0.00       0.00      -0.00       -0.00        0.00        0.00
            (C, H1)  -0.00    0.00    0.00   -0.00      -0.00       0.00      -0.00        0.00       -0.00       -0.00
            (C, H2)  -0.00    0.00    0.54   -0.00       0.00      -0.00      -0.00        0.00       -0.00       -0.00
            (C, H3)   0.00   -0.00   -0.00    0.54      -0.00      -0.00      -0.00       -0.00        0.00        0.00
         (F, C, H1)   0.00   -0.00    0.00   -0.00       0.00      -0.00       0.00       -0.00        0.00        0.00
         (F, C, H2)   0.00    0.00   -0.00   -0.00      -0.00       0.01       0.00       -0.00        0.00        0.00
         (F, C, H3)  -0.00   -0.00   -0.00   -0.00       0.00       0.00       0.01        0.00       -0.00       -0.00
        (H1, C, H2)  -0.00    0.00    0.00   -0.00      -0.00      -0.00       0.00        0.00        0.00        0.00
        (H1, C, H3)   0.00   -0.00   -0.00    0.00       0.00       0.00      -0.00        0.00        0.00       -0.00
        (H2, C, H3)   0.00   -0.00   -0.00    0.00       0.00       0.00      -0.00        0.00       -0.00        0.00

