
 Running default procedure: HF-SCF000

 PROGRAM * ALASKA (Gradient of the energy)     Author: R. Lindh

 Orbitals from record         2100.2

 Number of closed-shell orbitals:  5 (  3  1  1  0 )
 Number of occupied orbitals:      5 (  3  1  1  0 )

 Number of electrons= 10     Singlet     Space symmetry=1      Wavefunction type: CLOSED          


 SCF GRADIENT FOR STATE 1.1

 Atom          dE/dx               dE/dy               dE/dz

   1         0.000000000         0.000000000         0.024440839
   2         0.000000000         0.013654497        -0.012220419
   3         0.000000000        -0.013654497        -0.012220419

 Nuclear force contribution to virial =         0.066187680

 PQS Optimization using delocalized internal coordinates

 Options:  IOptC=   -1  IGen=     1  IType=    0  NMol=     1  NFix=     0  NDum=     0  NCons=    0  NCOMP=    0  NPCOMP=   0
           NCnnct=   0  NDrive=   0  MaxDis=   0  IUpDAT=  -1  MaxCYC= 100  IHess=   -1  LThrsh= 165  IQmm=     0  IPRNT=    2  SCAN=     F  TSFlag=   F


** GENERATION OF INTERNAL COORDINATES **

 Generating primitive internal coordinates

 OPTIMIZATION WILL USE DELOCALIZED INTERNAL COORDINATES
 Reading points 1 to 1 from record 700.2,  wavefunction type=HF-SCF000       


** GEOMETRY OPTIMIZATION IN DELOCALIZED INTERNAL COORDINATES **
   Searching for a Minimum

                       Coordinates (Angstroms)
     ATOM              X           Y           Z
    1  o           0.000000    0.000000    0.392633
    2  h           0.000000    0.755450   -0.196317
    3  h           0.000000   -0.755450   -0.196317
   Point Group: C2V   Number of degrees of freedom:   2


   Energy is    -76.046389626


 Generating delocalized internal coordinates

 Transformed gradient to internal coordinates by solving linear equations directly
 calling defhes,  ndeg=   2  nprim=    3  ihess=-1
 Setting up Default Primitive Hessian
 calling defHPRIM

 Optimization cycle:  0  IOptC=-1  IGen= 1  NPrim=   3  NDEG=   2
 calling ConINT
 calling optint

  2 Hessian modes will be used to form the next step
  Hessian Eigenvalues:
     0.160000    0.559282

 Minimum Search - Taking Simple RFO Step

 Solving AH equations explicitly.

 eigenvalues of AH matrix
     1-   3   -0.001224    0.160031    0.560475

 Taking root 1 of AH matrix
 Value Taken    Lambda =  -0.00122401

 D
     1-   2   -0.017287    0.044984
 Step Taken.  Stepsize is  0.048191

                             Maximum     Tolerance    Cnvgd?
         Gradient           0.021796      0.000300      NO
         Displacement       0.044984      0.000300      NO
         Energy change    -76.046390      0.000001      NO


 ** Cycle    1  Energy    -76.046389626   RMSG  0.01835   RMSD  0.03408 **
 calling GetCART

 Computing New Cartesian Coordinates by Inverse Iteration. Initial steplength=  0.048191, threshold=  5.0D-09, MAXIT=40,  MAXREP=10
 it=   1, steplength=  0.3408D-01, stepmax=  0.4498D-01
 it=   2, steplength=  0.1863D-03, stepmax=  0.2408D-03
 it=   3, steplength=  0.1523D-07, stepmax=  0.2018D-07
 it=   4, steplength=  0.3237D-15, stepmax=  0.4441D-15
 Full backtransformation converged in  4 cycles. Step lengths:  0.048191 (internal),  0.035386 (cartesian)

                       Coordinates (Angstroms)
     ATOM              X           Y           Z
    1  o           0.000000    0.000000    0.382100
    2  h           0.000000    0.745853   -0.191050
    3  h           0.000000   -0.745853   -0.191050

 Displacement from previous Coordinates is:  0.035386

 Geometry written to block  2 of record 700


 Recomputing integrals since geometry changed


 PROGRAM * SEWARD (Integral evaluation for generally contracted gaussian basis sets)     Author: Roland Lindh, 1990

 Geometry written to block  2 of record 700


 Point group  C2v 



 ATOMIC COORDINATES

 NR  ATOM    CHARGE       X              Y              Z

   1  O1      8.00    0.000000000    0.000000000    0.722063857
   2  H2      1.00    0.000000000    1.409458175   -0.361031929
   3  H3      1.00    0.000000000   -1.409458175   -0.361031929

 Bond lengths in Bohr (Angstrom)

 1-2  1.777545732  1-3  1.777545732
     ( 0.940636693)     ( 0.940636693)

 Bond angles

  2-1-3  104.91916673

 NUCLEAR CHARGE:                   10
 NUMBER OF PRIMITIVE AOS:          48
 NUMBER OF SYMMETRY AOS:           47
 NUMBER OF CONTRACTIONS:           30   (   14A1  +    5B1  +    9B2  +    2A2  )
 NUMBER OF INNER CORE ORBITALS:     0   (    0A1  +    0B1  +    0B2  +    0A2  )
 NUMBER OF OUTER CORE ORBITALS:     1   (    1A1  +    0B1  +    0B2  +    0A2  )
 NUMBER OF VALENCE ORBITALS:        6   (    3A1  +    1B1  +    2B2  +    0A2  )


 NUCLEAR REPULSION ENERGY    9.35592113

 Eigenvalues of metric

         1 0.169E-01 0.897E-01 0.115E+00 0.141E+00 0.286E+00 0.429E+00 0.591E+00 0.821E+00
         2 0.216E+00 0.440E+00 0.905E+00 0.119E+01 0.230E+01
         3 0.385E-01 0.962E-01 0.118E+00 0.387E+00 0.541E+00 0.824E+00 0.123E+01 0.154E+01
         4 0.634E+00 0.131E+01


 Contracted 2-electron integrals neglected if value below      1.0D-11
 AO integral compression algorithm  1   Integral accuracy      1.0D-11

     0.524 MB (compressed) written to integral file ( 75.0%)


 NUMBER OF SORTED TWO-ELECTRON INTEGRALS:      32916.     BUFFER LENGTH:  32768
 NUMBER OF SEGMENTS:   1  SEGMENT LENGTH:      32916      RECORD LENGTH: 524288

 Memory used in sort:       0.59 MW

 SORT1 READ       47172. AND WROTE       30106. INTEGRALS IN      1 RECORDS. CPU TIME:     0.00 SEC, REAL TIME:     0.01 SEC
 SORT2 READ       30106. AND WROTE       32916. INTEGRALS IN      2 RECORDS. CPU TIME:     0.01 SEC, REAL TIME:     0.00 SEC

 FILE SIZES:   FILE 1:    30.6 MBYTE,  FILE 4:     4.5 MBYTE,   TOTAL:     35.0 MBYTE

 OPERATOR DM      FOR CENTER  0  COORDINATES:    0.000000    0.000000    0.000000

 Program * Restricted Hartree-Fock

 Molecular orbitals read from record     2100.2  Type=RHF/CANONICAL  

 NELEC=   10   SYM=1   MS2= 0   THRE=1.0D-08   THRD=1.0D-06   THRG=1.0D-06  HFMA2=F  DIIS_START=2   DIIS_MAX=10   DIIS_INCORE=F

 Level shifts:    0.00 (CLOSED)    0.00 (OPEN)    0.30 (GAP_MIN)

 ITER           ETOT              DE          GRAD        DDIFF     DIIS  NEXP   TIME(IT)  TIME(TOT)  DIAG
   1      -76.04679222     -76.04679222     0.00D+00     0.15D+00     0     0       0.00      0.00    start
   2      -76.04698372      -0.00019149     0.24D-02     0.11D-02     1     0       0.01      0.01    diag
   3      -76.04699966      -0.00001594     0.71D-03     0.46D-03     2     0       0.00      0.01    diag
   4      -76.04700324      -0.00000358     0.29D-03     0.16D-03     3     0       0.00      0.01    diag
   5      -76.04700358      -0.00000034     0.60D-04     0.67D-04     4     0       0.00      0.01    diag
   6      -76.04700361      -0.00000003     0.14D-04     0.22D-04     5     0       0.00      0.01    diag
   7      -76.04700361      -0.00000000     0.27D-05     0.37D-05     6     0       0.00      0.01    diag
   8      -76.04700361      -0.00000000     0.44D-06     0.55D-06     7     0       0.00      0.01    fixocc
   9      -76.04700361      -0.00000000     0.70D-07     0.58D-07     0     0       0.00      0.01    diag

 Final occupancy:   3   1   1   0

 !RHF STATE 1.1 Energy                -76.047003605838
  RHF One-electron energy            -123.440574536365
  RHF Two-electron energy              38.037649796600
  RHF Kinetic energy                   76.125097130247
  RHF Nuclear energy                    9.355921133927
  RHF Virial quotient                  -0.998974142203

 !RHF STATE 1.1 Dipole moment           0.00000000     0.00000000    -0.84408567
 Dipole moment /Debye                   0.00000000     0.00000000    -2.14545178

 Orbital energies:

           1.1          2.1          3.1          4.1          5.1
    -20.541575    -1.349776    -0.574034     0.152503     0.622553

           1.2          2.2          3.2
     -0.500894     1.002981     1.723859

           1.3          2.3          3.3
     -0.716357     0.218693     0.576338

           1.4          2.4
      1.517802     3.570384


 HOMO      1.2    -0.500894 =     -13.6300eV
 LUMO      4.1     0.152503 =       4.1498eV
 LUMO-HOMO         0.653398 =      17.7799eV

 Orbitals saved in record  2100.2


 **********************************************************************************************************************************
 DATASETS  * FILE   NREC   LENGTH (MB)   RECORD NAMES
              1      19       28.81       500      610      700      900      950      970     1000      129      960     1100   
                                          VAR    BASINP    GEOM    SYMINP    ZMAT    AOBASIS   BASIS     P2S    ABASIS      S 
                                         1400     1410     1200     1210     1080     1600     1650     1300     1700   
                                           T        V       H0       H01     AOSYM     SMH    MOLCAS    ERIS     OPER   

              2       4        0.41       700     1000      520     2100   
                                         GEOM     BASIS   MCVARS     RHF  

 PROGRAMS   *        TOTAL    HF-SCF    HF-SCF       INT
 CPU TIMES  *         0.31      0.05      0.01      0.10
 REAL TIME  *         0.39 SEC
 DISK USED  *        33.90 MB
 **********************************************************************************************************************************

 PROGRESS OF GEOMETRY OPTIMIZATION.    TOTAL CPU:         0.1 SEC
   1   -76.04638963   -76.04700361    -0.00061398  0.02179624  0.02595262  0.01835127  0.04498361  0.04819099  0.03407618

 **********************************************************************************************************************************

 Current geometry (xyz format, in Angstrom)

    3
 HF-SCF000/6-311G(D,P)  ENERGY=-76.04700361
 O          0.0000000000        0.0000000000        0.3820997380
 H          0.0000000000        0.7458531461       -0.1910498690
 H          0.0000000000       -0.7458531461       -0.1910498690

 **********************************************************************************************************************************

 PROGRAM * ALASKA (Gradient of the energy)     Author: R. Lindh

 Orbitals from record         2100.2

 Number of closed-shell orbitals:  5 (  3  1  1  0 )
 Number of occupied orbitals:      5 (  3  1  1  0 )

 Number of electrons= 10     Singlet     Space symmetry=1      Wavefunction type: CLOSED          


 SCF GRADIENT FOR STATE 1.1

 Atom          dE/dx               dE/dy               dE/dz

   1         0.000000000         0.000000000         0.000682621
   2         0.000000000        -0.001117325        -0.000341310
   3         0.000000000         0.001117325        -0.000341310

 Nuclear force contribution to virial =        -0.002410303

 PQS Optimization using delocalized internal coordinates
 Reading points 1 to 2 from record 700.2,  wavefunction type=HF-SCF000       

** REGENERATION OF INTERNAL COORDINATES **

 Generating primitive internal coordinates

 Cartesian Hessian Update
 Hessian Updated using BFGS Update


** GEOMETRY OPTIMIZATION IN DELOCALIZED INTERNAL COORDINATES **
   Searching for a Minimum

                       Coordinates (Angstroms)
     ATOM              X           Y           Z
    1  o           0.000000    0.000000    0.382100
    2  h           0.000000    0.745853   -0.191050
    3  h           0.000000   -0.745853   -0.191050
   Point Group: C2V   Number of degrees of freedom:   2


   Energy is    -76.047003606


 Generating delocalized internal coordinates

 Transformed gradient to internal coordinates by solving linear equations directly
 calling UTPrim, igen= 1
 calling updhes1, igen= 1  change=F  nprim=    3  ihess= 1  iupdat= 4
 Hessian Updated using BFGS Update

 Optimization cycle:  1  IOptC=-1  IGen= 1  NPrim=   3  NDEG=   2
 calling ConINT
 calling optint

  2 Hessian modes will be used to form the next step
  Hessian Eigenvalues:
     0.153356    0.594732

 Minimum Search - Taking Simple RFO Step

 Solving AH equations explicitly.

 eigenvalues of AH matrix
     1-   3   -0.000019    0.153373    0.594734

 Taking root 1 of AH matrix
 Value Taken    Lambda =  -0.00001889

 D
     1-   2    0.008841    0.005941
 Step Taken.  Stepsize is  0.010651

                             Maximum     Tolerance    Cnvgd?
         Gradient           0.021796      0.000300      NO
         Displacement       0.044984      0.000300      NO
         Energy change     -0.000614      0.000001      NO


 ** Cycle    2  Energy    -76.047003606   RMSG  0.00137   RMSD  0.00753 **
 calling GetCART

 Computing New Cartesian Coordinates by Inverse Iteration. Initial steplength=  0.010651, threshold=  5.0D-09, MAXIT=40,  MAXREP=10
 it=   1, steplength=  0.7532D-02, stepmax=  0.8841D-02
 it=   2, steplength=  0.2516D-04, stepmax=  0.3007D-04
 it=   3, steplength=  0.4266D-10, stepmax=  0.5015D-10
 Full backtransformation converged in  3 cycles. Step lengths:  0.010651 (internal),  0.010591 (cartesian)

                       Coordinates (Angstroms)
     ATOM              X           Y           Z
    1  o           0.000000    0.000000    0.379607
    2  h           0.000000    0.749177   -0.189804
    3  h           0.000000   -0.749177   -0.189804

 Displacement from previous Coordinates is:  0.010591

 Geometry written to block  3 of record 700


 Recomputing integrals since geometry changed


 PROGRAM * SEWARD (Integral evaluation for generally contracted gaussian basis sets)     Author: Roland Lindh, 1990

 Geometry written to block  3 of record 700


 Point group  C2v 



 ATOMIC COORDINATES

 NR  ATOM    CHARGE       X              Y              Z

   1  O1      8.00    0.000000000    0.000000000    0.717353635
   2  H2      1.00    0.000000000    1.415739106   -0.358676818
   3  H3      1.00    0.000000000   -1.415739106   -0.358676818

 Bond lengths in Bohr (Angstrom)

 1-2  1.778245976  1-3  1.778245976
     ( 0.941007246)     ( 0.941007246)

 Bond angles

  2-1-3  105.52680572

 NUCLEAR CHARGE:                   10
 NUMBER OF PRIMITIVE AOS:          48
 NUMBER OF SYMMETRY AOS:           47
 NUMBER OF CONTRACTIONS:           30   (   14A1  +    5B1  +    9B2  +    2A2  )
 NUMBER OF INNER CORE ORBITALS:     0   (    0A1  +    0B1  +    0B2  +    0A2  )
 NUMBER OF OUTER CORE ORBITALS:     1   (    1A1  +    0B1  +    0B2  +    0A2  )
 NUMBER OF VALENCE ORBITALS:        6   (    3A1  +    1B1  +    2B2  +    0A2  )


 NUCLEAR REPULSION ENERGY    9.35080278

 Eigenvalues of metric

         1 0.170E-01 0.897E-01 0.115E+00 0.142E+00 0.286E+00 0.429E+00 0.590E+00 0.822E+00
         2 0.216E+00 0.441E+00 0.905E+00 0.119E+01 0.230E+01
         3 0.384E-01 0.963E-01 0.118E+00 0.388E+00 0.542E+00 0.823E+00 0.124E+01 0.154E+01
         4 0.634E+00 0.132E+01


 Contracted 2-electron integrals neglected if value below      1.0D-11
 AO integral compression algorithm  1   Integral accuracy      1.0D-11

     0.524 MB (compressed) written to integral file ( 74.9%)


 NUMBER OF SORTED TWO-ELECTRON INTEGRALS:      32916.     BUFFER LENGTH:  32768
 NUMBER OF SEGMENTS:   1  SEGMENT LENGTH:      32916      RECORD LENGTH: 524288

 Memory used in sort:       0.59 MW

 SORT1 READ       47172. AND WROTE       30106. INTEGRALS IN      1 RECORDS. CPU TIME:     0.00 SEC, REAL TIME:     0.01 SEC
 SORT2 READ       30106. AND WROTE       32916. INTEGRALS IN      2 RECORDS. CPU TIME:     0.01 SEC, REAL TIME:     0.00 SEC

 FILE SIZES:   FILE 1:    30.6 MBYTE,  FILE 4:     4.5 MBYTE,   TOTAL:     35.0 MBYTE

 OPERATOR DM      FOR CENTER  0  COORDINATES:    0.000000    0.000000    0.000000

 Program * Restricted Hartree-Fock

 Molecular orbitals read from record     2100.2  Type=RHF/CANONICAL  

 NELEC=   10   SYM=1   MS2= 0   THRE=1.0D-08   THRD=1.0D-07   THRG=1.0D-07  HFMA2=F  DIIS_START=2   DIIS_MAX=10   DIIS_INCORE=F

 Level shifts:    0.00 (CLOSED)    0.00 (OPEN)    0.30 (GAP_MIN)

 ITER           ETOT              DE          GRAD        DDIFF     DIIS  NEXP   TIME(IT)  TIME(TOT)  DIAG
   1      -76.04700641     -76.04700641     0.00D+00     0.15D+00     0     0       0.00      0.00    start
   2      -76.04701160      -0.00000519     0.35D-03     0.35D-03     1     0       0.00      0.00    diag
   3      -76.04701190      -0.00000029     0.65D-04     0.12D-03     2     0       0.01      0.01    diag
   4      -76.04701191      -0.00000001     0.12D-04     0.22D-04     3     0       0.00      0.01    diag
   5      -76.04701191      -0.00000000     0.45D-05     0.50D-05     4     0       0.00      0.01    diag
   6      -76.04701191      -0.00000000     0.10D-05     0.10D-05     5     0       0.00      0.01    diag
   7      -76.04701191      -0.00000000     0.23D-06     0.33D-06     6     0       0.00      0.01    diag
   8      -76.04701191      -0.00000000     0.39D-07     0.50D-07     7     0       0.00      0.01    fixocc
   9      -76.04701191       0.00000000     0.62D-08     0.63D-08     0     0       0.00      0.01    diag

 Final occupancy:   3   1   1   0

 !RHF STATE 1.1 Energy                -76.047011908114
  RHF One-electron energy            -123.433499140536
  RHF Two-electron energy              38.035684448438
  RHF Kinetic energy                   76.122643395014
  RHF Nuclear energy                    9.350802783984
  RHF Virial quotient                  -0.999006452173

 !RHF STATE 1.1 Dipole moment           0.00000000     0.00000000    -0.84065513
 Dipole moment /Debye                   0.00000000     0.00000000    -2.13673220

 Orbital energies:

           1.1          2.1          3.1          4.1          5.1
    -20.541307    -1.349070    -0.572718     0.152611     0.620479

           1.2          2.2          3.2
     -0.500639     1.003124     1.727240

           1.3          2.3          3.3
     -0.717330     0.218561     0.577345

           1.4          2.4
      1.515667     3.572321


 HOMO      1.2    -0.500639 =     -13.6231eV
 LUMO      4.1     0.152611 =       4.1528eV
 LUMO-HOMO         0.653250 =      17.7758eV

 Orbitals saved in record  2100.2


 **********************************************************************************************************************************
 DATASETS  * FILE   NREC   LENGTH (MB)   RECORD NAMES
              1      19       28.81       500      610      700      900      950      970     1000      129      960     1100   
                                          VAR    BASINP    GEOM    SYMINP    ZMAT    AOBASIS   BASIS     P2S    ABASIS      S 
                                         1400     1410     1200     1210     1080     1600     1650     1300     1700   
                                           T        V       H0       H01     AOSYM     SMH    MOLCAS    ERIS     OPER   

              2       4        0.41       700     1000      520     2100   
                                         GEOM     BASIS   MCVARS     RHF  

 PROGRAMS   *        TOTAL    HF-SCF    HF-SCF       INT
 CPU TIMES  *         0.38      0.05      0.01      0.10
 REAL TIME  *         0.48 SEC
 DISK USED  *        33.90 MB
 **********************************************************************************************************************************

 PROGRESS OF GEOMETRY OPTIMIZATION.    TOTAL CPU:         0.1 SEC
   1   -76.04638963   -76.04700361    -0.00061398  0.02179624  0.02595262  0.01835127  0.04498361  0.04819099  0.03407618
   2   -76.04700361   -76.04701191    -0.00000830  0.00191641  0.00194412  0.00137470  0.00884073  0.01065144  0.00753170

 **********************************************************************************************************************************

 Current geometry (xyz format, in Angstrom)

    3
 HF-SCF000/6-311G(D,P)  ENERGY=-76.04701191
 O          0.0000000000        0.0000000000        0.3796071959
 H          0.0000000000        0.7491768717       -0.1898035980
 H          0.0000000000       -0.7491768717       -0.1898035980

 **********************************************************************************************************************************

 PROGRAM * ALASKA (Gradient of the energy)     Author: R. Lindh

 Orbitals from record         2100.2

 Number of closed-shell orbitals:  5 (  3  1  1  0 )
 Number of occupied orbitals:      5 (  3  1  1  0 )

 Number of electrons= 10     Singlet     Space symmetry=1      Wavefunction type: CLOSED          


 SCF GRADIENT FOR STATE 1.1

 Atom          dE/dx               dE/dy               dE/dz

   1         0.000000000         0.000000000        -0.000094028
   2         0.000000000         0.000125815         0.000047014
   3         0.000000000        -0.000125815         0.000047014

 Nuclear force contribution to virial =         0.000255064

 PQS Optimization using delocalized internal coordinates
 Reading points 1 to 3 from record 700.2,  wavefunction type=HF-SCF000       

** REGENERATION OF INTERNAL COORDINATES **

 Generating primitive internal coordinates

 Cartesian Hessian Update
 Hessian Updated using BFGS Update


** GEOMETRY OPTIMIZATION IN DELOCALIZED INTERNAL COORDINATES **
   Searching for a Minimum

                       Coordinates (Angstroms)
     ATOM              X           Y           Z
    1  o           0.000000    0.000000    0.379607
    2  h           0.000000    0.749177   -0.189804
    3  h           0.000000   -0.749177   -0.189804
   Point Group: C2V   Number of degrees of freedom:   2


   Energy is    -76.047011908


 Generating delocalized internal coordinates

 Transformed gradient to internal coordinates by solving linear equations directly
 calling UTPrim, igen= 1
 calling updhes1, igen= 1  change=F  nprim=    3  ihess= 1  iupdat= 4
 Hessian Updated using BFGS Update

 Optimization cycle:  2  IOptC=-1  IGen= 1  NPrim=   3  NDEG=   2
 calling ConINT
 calling optint

  2 Hessian modes will be used to form the next step
  Hessian Eigenvalues:
     0.169782    0.601036

 Minimum Search - Taking Simple RFO Step

 Solving AH equations explicitly.

 eigenvalues of AH matrix
     1-   3   -0.000000    0.169782    0.601036

 Taking root 1 of AH matrix
 Value Taken    Lambda =  -0.00000024

 D
     1-   2   -0.000931   -0.000657
 Step Taken.  Stepsize is  0.001140

                             Maximum     Tolerance    Cnvgd?
         Gradient           0.001916      0.000300      NO
         Displacement       0.008841      0.000300      NO
         Energy change     -0.000008      0.000001      NO


 ** Cycle    3  Energy    -76.047011908   RMSG  0.00016   RMSD  0.00081 **
 calling GetCART

 Computing New Cartesian Coordinates by Inverse Iteration. Initial steplength=  0.001140, threshold=  5.0D-09, MAXIT=40,  MAXREP=10
 it=   1, steplength=  0.8058D-03, stepmax=  0.9313D-03
 it=   2, steplength=  0.2883D-06, stepmax=  0.3378D-06
 it=   3, steplength=  0.4414D-14, stepmax=  0.4885D-14
 Full backtransformation converged in  3 cycles. Step lengths:  0.001140 (internal),  0.001124 (cartesian)

                       Coordinates (Angstroms)
     ATOM              X           Y           Z
    1  o           0.000000    0.000000    0.379878
    2  h           0.000000    0.748828   -0.189939
    3  h           0.000000   -0.748828   -0.189939

 Displacement from previous Coordinates is:  0.001124

 Geometry written to block  4 of record 700


 Recomputing integrals since geometry changed


 PROGRAM * SEWARD (Integral evaluation for generally contracted gaussian basis sets)     Author: Roland Lindh, 1990

 Geometry written to block  4 of record 700


 Point group  C2v 



 ATOMIC COORDINATES

 NR  ATOM    CHARGE       X              Y              Z

   1  O1      8.00    0.000000000    0.000000000    0.717865293
   2  H2      1.00    0.000000000    1.415079310   -0.358932646
   3  H3      1.00    0.000000000   -1.415079310   -0.358932646

 Bond lengths in Bohr (Angstrom)

 1-2  1.778185383  1-3  1.778185383
     ( 0.940975181)     ( 0.940975181)

 Bond angles

  2-1-3  105.46170044

 NUCLEAR CHARGE:                   10
 NUMBER OF PRIMITIVE AOS:          48
 NUMBER OF SYMMETRY AOS:           47
 NUMBER OF CONTRACTIONS:           30   (   14A1  +    5B1  +    9B2  +    2A2  )
 NUMBER OF INNER CORE ORBITALS:     0   (    0A1  +    0B1  +    0B2  +    0A2  )
 NUMBER OF OUTER CORE ORBITALS:     1   (    1A1  +    0B1  +    0B2  +    0A2  )
 NUMBER OF VALENCE ORBITALS:        6   (    3A1  +    1B1  +    2B2  +    0A2  )


 NUCLEAR REPULSION ENERGY    9.35127406

 Eigenvalues of metric

         1 0.170E-01 0.897E-01 0.115E+00 0.142E+00 0.286E+00 0.429E+00 0.590E+00 0.822E+00
         2 0.216E+00 0.441E+00 0.905E+00 0.119E+01 0.230E+01
         3 0.384E-01 0.963E-01 0.118E+00 0.388E+00 0.542E+00 0.823E+00 0.124E+01 0.154E+01
         4 0.634E+00 0.132E+01


 Contracted 2-electron integrals neglected if value below      1.0D-11
 AO integral compression algorithm  1   Integral accuracy      1.0D-11

     0.524 MB (compressed) written to integral file ( 74.9%)


 NUMBER OF SORTED TWO-ELECTRON INTEGRALS:      32916.     BUFFER LENGTH:  32768
 NUMBER OF SEGMENTS:   1  SEGMENT LENGTH:      32916      RECORD LENGTH: 524288

 Memory used in sort:       0.59 MW

 SORT1 READ       47172. AND WROTE       30106. INTEGRALS IN      1 RECORDS. CPU TIME:     0.00 SEC, REAL TIME:     0.00 SEC
 SORT2 READ       30106. AND WROTE       32916. INTEGRALS IN      2 RECORDS. CPU TIME:     0.00 SEC, REAL TIME:     0.01 SEC

 FILE SIZES:   FILE 1:    30.6 MBYTE,  FILE 4:     4.5 MBYTE,   TOTAL:     35.0 MBYTE

 OPERATOR DM      FOR CENTER  0  COORDINATES:    0.000000    0.000000    0.000000

 Program * Restricted Hartree-Fock

 Molecular orbitals read from record     2100.2  Type=RHF/CANONICAL  

 NELEC=   10   SYM=1   MS2= 0   THRE=1.0D-08   THRD=1.0D-07   THRG=1.0D-07  HFMA2=F  DIIS_START=2   DIIS_MAX=10   DIIS_INCORE=F

 Level shifts:    0.00 (CLOSED)    0.00 (OPEN)    0.30 (GAP_MIN)

 ITER           ETOT              DE          GRAD        DDIFF     DIIS  NEXP   TIME(IT)  TIME(TOT)  DIAG
   1      -76.04701197     -76.04701197     0.00D+00     0.15D+00     0     0       0.00      0.00    start
   2      -76.04701202      -0.00000006     0.37D-04     0.38D-04     1     0       0.00      0.00    diag
   3      -76.04701203      -0.00000000     0.70D-05     0.13D-04     2     0       0.00      0.00    diag
   4      -76.04701203      -0.00000000     0.12D-05     0.25D-05     3     0       0.00      0.00    diag
   5      -76.04701203      -0.00000000     0.37D-06     0.38D-06     4     0       0.00      0.00    diag
   6      -76.04701203      -0.00000000     0.12D-06     0.10D-06     5     0       0.00      0.00    diag
   7      -76.04701203      -0.00000000     0.25D-07     0.35D-07     6     0       0.00      0.00    diag
   8      -76.04701203       0.00000000     0.42D-08     0.34D-08     0     0       0.00      0.00    fixocc

 Final occupancy:   3   1   1   0

 !RHF STATE 1.1 Energy                -76.047012027804
  RHF One-electron energy            -123.434121719362
  RHF Two-electron energy              38.035835633096
  RHF Kinetic energy                   76.122874767723
  RHF Nuclear energy                    9.351274058462
  RHF Virial quotient                  -0.999003417302

 !RHF STATE 1.1 Dipole moment           0.00000000     0.00000000    -0.84102748
 Dipole moment /Debye                   0.00000000     0.00000000    -2.13767863

 Orbital energies:

           1.1          2.1          3.1          4.1          5.1
    -20.541338    -1.349142    -0.572858     0.152599     0.620698

           1.2          2.2          3.2
     -0.500666     1.003109     1.726878

           1.3          2.3          3.3
     -0.717222     0.218574     0.577232

           1.4          2.4
      1.515892     3.572106


 HOMO      1.2    -0.500666 =     -13.6238eV
 LUMO      4.1     0.152599 =       4.1524eV
 LUMO-HOMO         0.653265 =      17.7762eV

 Orbitals saved in record  2100.2


 **********************************************************************************************************************************
 DATASETS  * FILE   NREC   LENGTH (MB)   RECORD NAMES
              1      19       28.81       500      610      700      900      950      970     1000      129      960     1100   
                                          VAR    BASINP    GEOM    SYMINP    ZMAT    AOBASIS   BASIS     P2S    ABASIS      S 
                                         1400     1410     1200     1210     1080     1600     1650     1300     1700   
                                           T        V       H0       H01     AOSYM     SMH    MOLCAS    ERIS     OPER   

              2       4        0.41       700     1000      520     2100   
                                         GEOM     BASIS   MCVARS     RHF  

 PROGRAMS   *        TOTAL    HF-SCF    HF-SCF       INT
 CPU TIMES  *         0.45      0.04      0.01      0.10
 REAL TIME  *         0.58 SEC
 DISK USED  *        33.90 MB
 **********************************************************************************************************************************

 PROGRESS OF GEOMETRY OPTIMIZATION.    TOTAL CPU:         0.2 SEC
   1   -76.04638963   -76.04700361    -0.00061398  0.02179624  0.02595262  0.01835127  0.04498361  0.04819099  0.03407618
   2   -76.04700361   -76.04701191    -0.00000830  0.00191641  0.00194412  0.00137470  0.00884073  0.01065144  0.00753170
   3   -76.04701191   -76.04701203    -0.00000012  0.00022034  0.00022598  0.00015979  0.00093134  0.00113953  0.00080577

 **********************************************************************************************************************************

 Current geometry (xyz format, in Angstrom)

    3
 HF-SCF000/6-311G(D,P)  ENERGY=-76.04701203
 O          0.0000000000        0.0000000000        0.3798779535
 H          0.0000000000        0.7488277225       -0.1899389767
 H          0.0000000000       -0.7488277225       -0.1899389767

 **********************************************************************************************************************************

 Recomputing wavefunction for reoriented structure


 Recomputing integrals since geometry changed


 PROGRAM * SEWARD (Integral evaluation for generally contracted gaussian basis sets)     Author: Roland Lindh, 1990

 Geometry written to block  1 of record 700

 Orientation using atomic masses  
 Molecule type: Asymmetric top,     Order of principal axis = 2
 Symmetry elements: X,Y
 Rotational constants:     152.9834815    483.7020249    223.7504405 GHz  (calculated with average atomic masses)

 Point group  C2v 



 ATOMIC COORDINATES

 NR  ATOM    CHARGE       X              Y              Z

   1  O1      8.00    0.000000000    0.000000000    0.216570404
   2  H2      1.00    0.000000000    1.415079310   -0.860227536
   3  H3      1.00    0.000000000   -1.415079310   -0.860227536

 Bond lengths in Bohr (Angstrom)

 1-2  1.778185383  1-3  1.778185383
     ( 0.940975181)     ( 0.940975181)

 Bond angles

  2-1-3  105.46170044

 NUCLEAR CHARGE:                   10
 NUMBER OF PRIMITIVE AOS:          48
 NUMBER OF SYMMETRY AOS:           47
 NUMBER OF CONTRACTIONS:           30   (   14A1  +    5B1  +    9B2  +    2A2  )
 NUMBER OF INNER CORE ORBITALS:     0   (    0A1  +    0B1  +    0B2  +    0A2  )
 NUMBER OF OUTER CORE ORBITALS:     1   (    1A1  +    0B1  +    0B2  +    0A2  )
 NUMBER OF VALENCE ORBITALS:        6   (    3A1  +    1B1  +    2B2  +    0A2  )


 NUCLEAR REPULSION ENERGY    9.35127406

 Eigenvalues of metric

         1 0.170E-01 0.897E-01 0.115E+00 0.142E+00 0.286E+00 0.429E+00 0.590E+00 0.822E+00
         2 0.216E+00 0.441E+00 0.905E+00 0.119E+01 0.230E+01
         3 0.384E-01 0.963E-01 0.118E+00 0.388E+00 0.542E+00 0.823E+00 0.124E+01 0.154E+01
         4 0.634E+00 0.132E+01


 Contracted 2-electron integrals neglected if value below      1.0D-11
 AO integral compression algorithm  1   Integral accuracy      1.0D-11

     0.524 MB (compressed) written to integral file ( 74.9%)


 NUMBER OF SORTED TWO-ELECTRON INTEGRALS:      32916.     BUFFER LENGTH:  32768
 NUMBER OF SEGMENTS:   1  SEGMENT LENGTH:      32916      RECORD LENGTH: 524288

 Memory used in sort:       0.59 MW

 SORT1 READ       47172. AND WROTE       30106. INTEGRALS IN      1 RECORDS. CPU TIME:     0.00 SEC, REAL TIME:     0.00 SEC
 SORT2 READ       30106. AND WROTE       32916. INTEGRALS IN      2 RECORDS. CPU TIME:     0.00 SEC, REAL TIME:     0.01 SEC

 FILE SIZES:   FILE 1:    30.6 MBYTE,  FILE 4:     4.3 MBYTE,   TOTAL:     34.8 MBYTE

 OPERATOR DM      FOR CENTER  0  COORDINATES:    0.000000    0.000000    0.000000

 Program * Restricted Hartree-Fock

 Molecular orbitals read from record     2100.2  Type=RHF/CANONICAL  

 NELEC=   10   SYM=1   MS2= 0   THRE=1.0D-08   THRD=1.0D-07   THRG=1.0D-07  HFMA2=F  DIIS_START=2   DIIS_MAX=10   DIIS_INCORE=F

 Level shifts:    0.00 (CLOSED)    0.00 (OPEN)    0.30 (GAP_MIN)

 ITER           ETOT              DE          GRAD        DDIFF     DIIS  NEXP   TIME(IT)  TIME(TOT)  DIAG
   1      -76.04701203     -76.04701203     0.00D+00     0.15D+00     0     0       0.00      0.00    start
   2      -76.04701203      -0.00000000     0.17D-08     0.14D-08     1     0       0.00      0.00    diag

 Final occupancy:   3   1   1   0

 !RHF STATE 1.1 Energy                -76.047012027804
  RHF One-electron energy            -123.434121720033
  RHF Two-electron energy              38.035835633767
  RHF Kinetic energy                   76.122874771966
  RHF Nuclear energy                    9.351274058462
  RHF Virial quotient                  -0.999003417246

 !RHF STATE 1.1 Dipole moment           0.00000000     0.00000000    -0.84102747
 Dipole moment /Debye                   0.00000000     0.00000000    -2.13767861

 Orbital energies:

           1.1          2.1          3.1          4.1          5.1
    -20.541338    -1.349142    -0.572858     0.152599     0.620698

           1.2          2.2          3.2
     -0.500666     1.003109     1.726878

           1.3          2.3          3.3
     -0.717222     0.218574     0.577232

           1.4          2.4
      1.515892     3.572106


 HOMO      1.2    -0.500666 =     -13.6238eV
 LUMO      4.1     0.152599 =       4.1524eV
 LUMO-HOMO         0.653265 =      17.7762eV

 Orbitals saved in record  2100.2


 **********************************************************************************************************************************
 DATASETS  * FILE   NREC   LENGTH (MB)   RECORD NAMES
              1      19       28.81       500      610      700      900      950      970     1000      129      960     1100   
                                          VAR    BASINP    GEOM    SYMINP    ZMAT    AOBASIS   BASIS     P2S    ABASIS      S 
                                         1400     1410     1200     1210     1080     1600     1650     1300     1700   
                                           T        V       H0       H01     AOSYM     SMH    MOLCAS    ERIS     OPER   

              2       4        0.41       700     1000      520     2100   
                                         GEOM     BASIS   MCVARS     RHF  

 PROGRAMS   *        TOTAL    HF-SCF    HF-SCF       INT
 CPU TIMES  *         0.50      0.03      0.01      0.10
 REAL TIME  *         0.65 SEC
 DISK USED  *        33.90 MB
 **********************************************************************************************************************************
 Cartesian Coordinates are in [bohr]
 Creating new Variables:
 O1X1              0.00000000
 O1Y1              0.00000000
 O1Z1              0.21657040
 H2X2              0.00000000
 H2Y2              1.41507931
 H2Z2             -0.86022754
 H3X3              0.00000000
 H3Y3             -1.41507931
 H3Z3             -0.86022754
