
 Running default procedure: HF-SCF000

 PROGRAM * ALASKA (Gradient of the energy)     Author: R. Lindh

 Orbitals from record         2100.2

 Number of closed-shell orbitals: 10 (  4  1  4  1 )
 Number of occupied orbitals:     10 (  4  1  4  1 )

 Number of electrons= 20     Singlet     Space symmetry=1      Wavefunction type: CLOSED          


 SCF GRADIENT FOR STATE 1.1

 Atom          dE/dx               dE/dy               dE/dz

   1         0.013060862         0.005585261         0.000000000
   2        -0.013060862        -0.005585261         0.000000000
   3        -0.002563015        -0.005501746        -0.007158187
   4        -0.002563015        -0.005501746         0.007158187
   5         0.002563015         0.005501746        -0.007158187
   6         0.002563015         0.005501746         0.007158187
   7        -0.007817387         0.007035882         0.000000000
   8         0.007817387        -0.007035882         0.000000000

 Nuclear force contribution to virial =         0.102050639

 PQS Optimization using delocalized internal coordinates

 Options:  IOptC=   -1  IGen=     1  IType=    0  NMol=     1  NFix=     0  NDum=     0  NCons=    0  NCOMP=    0  NPCOMP=   0
           NCnnct=   0  NDrive=   0  MaxDis=   0  IUpDAT=  -1  MaxCYC= 100  IHess=   -1  LThrsh= 165  IQmm=     0  IPRNT=    2  SCAN=     F  TSFlag=   F


** GENERATION OF INTERNAL COORDINATES **

 Generating primitive internal coordinates

 OPTIMIZATION WILL USE DELOCALIZED INTERNAL COORDINATES
 Reading points 1 to 1 from record 700.2,  wavefunction type=HF-SCF000       


** GEOMETRY OPTIMIZATION IN DELOCALIZED INTERNAL COORDINATES **
   Searching for a Minimum

                       Coordinates (Angstroms)
     ATOM              X           Y           Z
    1  n           0.051098   -1.578579    0.000000
    2  h          -0.130260   -2.159000   -0.809565
    3  h          -0.130260   -2.159000    0.809565
    4  h          -0.655776   -0.851338    0.000000
    5  n          -0.051098    1.578579    0.000000
    6  h           0.130260    2.159000   -0.809565
    7  h           0.655776    0.851338    0.000000
    8  h           0.130260    2.159000    0.809565
   Point Group: C2H   Number of degrees of freedom:   6


   Energy is   -112.424974917


 Generating delocalized internal coordinates

 Transformed gradient to internal coordinates by solving linear equations directly
 calling defhes,  ndeg=   6  nprim=   20  ihess=-1
 Setting up Default Primitive Hessian
 calling defHPRIM

 Optimization cycle:  0  IOptC=-1  IGen= 1  NPrim=  20  NDEG=   6
 calling ConINT
 calling optint

  6 Hessian modes will be used to form the next step
  Hessian Eigenvalues:
     0.021726    0.089366    0.160000    0.160000    0.452806    0.455550

 Minimum Search - Taking Simple RFO Step

 Solving AH equations explicitly.

 eigenvalues of AH matrix
     1-   7   -0.001374    0.021805    0.089446    0.160000    0.160061    0.453104    0.456406

 Taking root 1 of AH matrix
 Value Taken    Lambda =  -0.00137382

 D
     1-   6    0.014218    0.009772   -0.017320    0.078272    0.003751   -0.022023
 Step Taken.  Stepsize is  0.084990

                             Maximum     Tolerance    Cnvgd?
         Gradient           0.013886      0.000300      NO
         Displacement       0.078272      0.000300      NO
         Energy change   -112.424975      0.000001      NO


 ** Cycle    1  Energy   -112.424974917   RMSG  0.00953   RMSD  0.03470 **
 calling GetCART

 Computing New Cartesian Coordinates by Inverse Iteration. Initial steplength=  0.084990, threshold=  5.0D-09, MAXIT=40,  MAXREP=10
 it=   1, steplength=  0.3470D-01, stepmax=  0.7827D-01
 it=   2, steplength=  0.1817D-03, stepmax=  0.3032D-03
 it=   3, steplength=  0.2239D-07, stepmax=  0.4621D-07
 it=   4, steplength=  0.5823D-15, stepmax=  0.8882D-15
 Full backtransformation converged in  4 cycles. Step lengths:  0.084990 (internal),  0.072840 (cartesian)

                       Coordinates (Angstroms)
     ATOM              X           Y           Z
    1  n           0.039039   -1.590544    0.000000
