 .__   __.   ______   .___  ___.   ______    _______   _______   ______   ______      .______   ____    ____ 
 |  \ |  |  /  __  \  |   \/   |  /  __  \  |       \ |   ____| /      | /  __  \     |   _  \  \   \  /   / 
 |   \|  | |  |  |  | |  \  /  | |  |  |  | |  .--.  ||  |__   |  ,----'|  |  |  |    |  |_)  |  \   \/   /  
 |  . `  | |  |  |  | |  |\/|  | |  |  |  | |  |  |  ||   __|  |  |     |  |  |  |    |   ___/    \_    _/   
 |  |\   | |  `--'  | |  |  |  | |  `--'  | |  '--'  ||  |____ |  `----.|  `--'  |  __|  |          |  |     
 |__| \__|  \______/  |__|  |__|  \______/  |_______/ |_______| \______| \______/  (__) _|          |__|     
                                                                                                             


**************************************************************************************************************
                                  Kemal Önen, Dennis F. Dinu, Klaus R. Liedl                                  
                                      Liedl Lab, University of Innsbruck                                      
**************************************************************************************************************


-------------------------------- Initialization of an internal coordinate set --------------------------------

The following 12 Internal Coordinates are used in your analysis:
bonds: [('C1', 'H1'), ('C1', 'H2'), ('C1', 'C2'), ('C1', 'H3'), ('C2', 'O')]
in-plane angles: [('C2', 'C1', 'H1'), ('C2', 'C1', 'H2'), ('C2', 'C1', 'H3'), ('H1', 'C1', 'H2'), ('H1', 'C1', 'H3'),
 ('H2', 'C1', 'H3')]
linear valence-angles: []
out-of-plane angles: []
dihedrals: [('H1', 'C1', 'C2', 'O')]



No! The double transformed f-matrix is NOT the same as in the input.

This set is not complete and will not be computed!


-------------------------------- Initialization of an internal coordinate set --------------------------------

The following 12 Internal Coordinates are used in your analysis:
bonds: [('C1', 'H1'), ('C1', 'H2'), ('C1', 'C2'), ('C1', 'H3'), ('C2', 'O')]
in-plane angles: [('C2', 'C1', 'H1'), ('C2', 'C1', 'H2'), ('C2', 'C1', 'H3'), ('H1', 'C1', 'H2'), ('H1', 'C1', 'H3'),
 ('C1', 'C2', 'O')]
linear valence-angles: []
out-of-plane angles: []
dihedrals: [('H1', 'C1', 'C2', 'O')]


-------------------------- Results of the Decomposition Scheme ---------------------------

1.) Intrinsic Frequencies for all normal-coordinate frequencies and
    vibrational distribution matrix (exact approximation) at the following
    harmonic frequencies (all frequency values in cm-1):

Internal Coordinate Intrinsic Frequencies 112.89 513.34 929.51 1035.73 1160.13 1488.2 1575.52 1577.87 2140.95 3176.39 3262.31 3265.39
           (C1, H1)               3228.35   0.00  -0.00   0.00    0.00   -0.00  -0.00   -0.00   -0.00    0.00    0.44    0.00    0.56
           (C1, H2)               3242.99  -0.00   0.00  -0.00   -0.00   -0.00  -0.00   -0.00   -0.00   -0.00    0.28    0.50    0.22
           (C1, C2)               1004.09  -0.00   0.02   0.83    0.00    0.11   0.01    0.00   -0.00    0.02    0.00    0.00    0.00
           (C1, H3)               3242.99  -0.00   0.00  -0.00   -0.00   -0.00  -0.00   -0.00   -0.00   -0.00    0.28    0.50    0.22
            (C2, O)               2103.02   0.00   0.00   0.03    0.00    0.01  -0.00    0.00    0.00    0.95    0.00    0.00    0.00
       (C2, C1, H1)               1145.31   0.00   0.13   0.05    0.00    0.63   0.31   -0.12   -0.00    0.00   -0.00   -0.00   -0.00
       (C2, C1, H2)               1268.25   0.02  -0.00   0.04    0.45    0.03   0.38    0.05    0.03    0.00   -0.00   -0.00    0.00
       (C2, C1, H3)               1268.25   0.02  -0.00   0.04    0.45    0.03   0.38    0.05    0.03    0.00   -0.00   -0.00    0.00
       (H1, C1, H2)               1546.44   0.01   0.00   0.01    0.02    0.02  -0.03    0.51    0.47    0.00    0.00   -0.00   -0.00
       (H1, C1, H3)               1546.44   0.01   0.00   0.01    0.02    0.02  -0.03    0.51    0.47    0.00    0.00   -0.00   -0.00
        (C1, C2, O)                680.22   0.00   0.84  -0.01   -0.00    0.16  -0.00   -0.00   -0.00    0.01   -0.00   -0.00   -0.00
    (H1, C1, C2, O)                336.80   0.93  -0.00  -0.00    0.07    0.00  -0.00    0.00    0.01    0.00    0.00    0.00    0.00

Check if matrix is normalized: 1.0

2.) Intrinsic Frequencies for all normal-coordinate frequencies and
    diagonal elements of the PED matrix at the following
    harmonic frequencies (all frequency values in cm-1):

Internal Coordinate Intrinsic Frequencies 112.89 513.34 929.51 1035.73 1160.13 1488.2 1575.52 1577.87 2140.95 3176.39 3262.31 3265.39
           (C1, H1)               3228.35   0.00   0.00   0.00    0.00    0.00   0.00    0.00    0.00    0.00    0.44    0.00    0.56
           (C1, H2)               3242.99   0.01   0.00   0.00    0.00    0.00   0.00    0.00    0.00    0.00    0.27    0.51    0.22
           (C1, C2)               1004.09   0.00   0.01   0.84    0.00    0.12   0.06    0.00    0.00    0.04    0.00    0.00    0.00
           (C1, H3)               3242.99   0.01   0.00   0.00    0.00    0.00   0.00    0.00    0.00    0.00    0.27    0.51    0.22
            (C2, O)               2103.02   0.00   0.00   0.02    0.00    0.01   0.00    0.00    0.00    0.97    0.00    0.00    0.00
       (C2, C1, H1)               1145.31   0.00   0.32   0.16    0.00    0.82   0.29    0.10    0.00    0.01    0.00    0.00    0.00
       (C2, C1, H2)               1268.25   0.62   0.06   0.06    0.91    0.17   0.37    0.01    0.06    0.00    0.00    0.00    0.00
       (C2, C1, H3)               1268.25   0.62   0.06   0.06    0.91    0.17   0.37    0.01    0.06    0.00    0.00    0.00    0.00
       (H1, C1, H2)               1546.44   0.10   0.00   0.01    0.06    0.01   0.29    0.37    0.96    0.00    0.00    0.00    0.00
       (H1, C1, H3)               1546.44   0.10   0.00   0.01    0.06    0.01   0.29    0.37    0.96    0.00    0.00    0.00    0.00
        (C1, C2, O)                680.22   0.00   0.93   0.03    0.00    0.12   0.00    0.00    0.00    0.01    0.00    0.00    0.00
    (H1, C1, C2, O)                336.80   1.51   0.00   0.00    0.01    0.00   0.00    0.00    0.01    0.00    0.00    0.00    0.00

3.) Intrinsic Frequencies for all normal-coordinate frequencies and
    contribution table calculated from the diagonal elements of the PED at the following
    harmonic frequencies (all frequency values in cm-1):

Internal Coordinate Intrinsic Frequencies 112.89 513.34 929.51 1035.73 1160.13 1488.2 1575.52 1577.87 2140.95 3176.39 3262.31 3265.39
           (C1, H1)               3228.35   0.00   0.01   0.00    0.00    0.02   0.02    0.12    0.00    0.02   44.46    0.00   55.53
           (C1, H2)               3242.99   0.43   0.01   0.00    0.07    0.02   0.01    0.03    0.03    0.00   27.62   49.78   22.05
           (C1, C2)               1004.09   0.00   0.55  71.46    0.00    8.48   3.58    0.00    0.00    3.61    0.16    0.00    0.00
           (C1, H3)               3242.99   0.43   0.01   0.00    0.07    0.02   0.01    0.03    0.03    0.00   27.62   49.78   22.05
            (C2, O)               2103.02   0.00   0.20   1.64    0.00    0.49   0.00    0.57    0.00   93.58    0.00    0.00    0.01
       (C2, C1, H1)               1145.31   0.00  23.16  13.83    0.00   57.35  17.63   11.93    0.00    1.44    0.01    0.00    0.17
       (C2, C1, H2)               1268.25  20.76   4.45   4.75   46.66   11.85  22.28    0.81    2.76    0.34    0.03    0.09    0.03
       (C2, C1, H3)               1268.25  20.76   4.45   4.75   46.66   11.85  22.28    0.81    2.76    0.34    0.03    0.09    0.03
       (H1, C1, H2)               1546.44   3.41   0.00   0.63    2.98    0.72  17.09   42.83   46.96    0.03    0.03    0.12    0.03
       (H1, C1, H3)               1546.44   3.41   0.00   0.63    2.98    0.72  17.09   42.83   46.96    0.03    0.03    0.12    0.03
        (C1, C2, O)                680.22   0.00  67.14   2.32    0.00    8.49   0.00    0.03    0.00    0.60    0.00    0.00    0.06
    (H1, C1, C2, O)                336.80  50.79   0.00   0.00    0.57    0.00   0.00    0.00    0.49    0.00    0.00    0.00    0.00

The following diagonalization parameter, penalty for asymmetric instrinsic frequencies and penalty for unphysical contributions has been determined: 56.89, 0, 0.0 

-------------------------------- Initialization of an internal coordinate set --------------------------------

The following 12 Internal Coordinates are used in your analysis:
bonds: [('C1', 'H1'), ('C1', 'H2'), ('C1', 'C2'), ('C1', 'H3'), ('C2', 'O')]
in-plane angles: [('C2', 'C1', 'H2'), ('C2', 'C1', 'H3'), ('H1', 'C1', 'H2'), ('H1', 'C1', 'H3'), ('H2', 'C1', 'H3'),
 ('C1', 'C2', 'O')]
linear valence-angles: []
out-of-plane angles: []
dihedrals: [('H1', 'C1', 'C2', 'O')]


-------------------------- Results of the Decomposition Scheme ---------------------------

1.) Intrinsic Frequencies for all normal-coordinate frequencies and
    vibrational distribution matrix (exact approximation) at the following
    harmonic frequencies (all frequency values in cm-1):

Internal Coordinate Intrinsic Frequencies 112.89 513.34 929.51 1035.73 1160.13 1488.2 1575.52 1577.87 2140.95 3176.39 3262.31 3265.39
           (C1, H1)               3228.35   0.00  -0.00   0.00    0.00   -0.00  -0.00   -0.00    0.00    0.00    0.44    0.00    0.56
           (C1, H2)               3242.99  -0.00   0.00  -0.00   -0.00   -0.00  -0.00   -0.00   -0.00   -0.00    0.28    0.50    0.22
           (C1, C2)               1004.09  -0.00   0.02   0.83    0.00    0.11   0.01    0.00   -0.00    0.02    0.00   -0.00    0.00
           (C1, H3)               3242.99  -0.00   0.00  -0.00   -0.00   -0.00  -0.00   -0.00   -0.00   -0.00    0.28    0.50    0.22
            (C2, O)               2103.02  -0.00   0.00   0.03    0.00    0.01  -0.00    0.00   -0.00    0.95    0.00   -0.00    0.00
       (C2, C1, H2)               1102.93   0.02   0.06   0.07    0.45    0.31   0.04    0.02    0.03    0.01    0.00   -0.00   -0.00
       (C2, C1, H3)               1102.93   0.02   0.06   0.07    0.45    0.31   0.04    0.02    0.03    0.01    0.00   -0.00   -0.00
       (H1, C1, H2)               1553.60   0.01  -0.00  -0.01    0.02   -0.05   0.27    0.28    0.47    0.00   -0.00   -0.00   -0.00
       (H1, C1, H3)               1553.60   0.01  -0.00  -0.01    0.02   -0.05   0.27    0.28    0.47    0.00   -0.00   -0.00   -0.00
       (H2, C1, H3)               1432.25   0.00   0.02   0.02    0.00    0.22   0.36    0.39    0.00   -0.00   -0.00   -0.00   -0.00
        (C1, C2, O)                680.22   0.00   0.84  -0.01   -0.00    0.16  -0.00   -0.00    0.00    0.01   -0.00   -0.00   -0.00
    (H1, C1, C2, O)                336.80   0.93   0.00  -0.00    0.07    0.00   0.00    0.00    0.01   -0.00    0.00    0.00    0.00

Check if matrix is normalized: 1.0

2.) Intrinsic Frequencies for all normal-coordinate frequencies and
    diagonal elements of the PED matrix at the following
    harmonic frequencies (all frequency values in cm-1):

Internal Coordinate Intrinsic Frequencies 112.89 513.34 929.51 1035.73 1160.13 1488.2 1575.52 1577.87 2140.95 3176.39 3262.31 3265.39
           (C1, H1)               3228.35   0.00   0.00   0.00    0.00    0.00   0.00    0.00    0.00    0.00    0.44    0.00    0.56
           (C1, H2)               3242.99   0.01   0.00   0.00    0.00    0.00   0.00    0.00    0.00    0.00    0.27    0.51    0.22
           (C1, C2)               1004.09   0.00   0.01   0.84    0.00    0.12   0.06    0.00    0.00    0.04    0.00    0.00    0.00
           (C1, H3)               3242.99   0.01   0.00   0.00    0.00    0.00   0.00    0.00    0.00    0.00    0.27    0.51    0.22
            (C2, O)               2103.02   0.00   0.00   0.02    0.00    0.01   0.00    0.00    0.00    0.97    0.00    0.00    0.00
       (C2, C1, H2)               1102.93   0.62   0.06   0.06    0.91    0.17   0.37    0.01    0.06    0.00    0.00    0.00    0.00
       (C2, C1, H3)               1102.93   0.62   0.06   0.06    0.91    0.17   0.37    0.01    0.06    0.00    0.00    0.00    0.00
       (H1, C1, H2)               1553.60   0.10   0.00   0.01    0.06    0.01   0.29    0.37    0.98    0.00    0.00    0.00    0.00
       (H1, C1, H3)               1553.60   0.10   0.00   0.01    0.06    0.01   0.29    0.37    0.98    0.00    0.00    0.00    0.00
       (H2, C1, H3)               1432.25   0.00   0.01   0.01    0.00    0.10   0.40    1.16    0.00    0.00    0.00    0.00    0.00
        (C1, C2, O)                680.22   0.00   0.93   0.03    0.00    0.12   0.00    0.00    0.00    0.01    0.00    0.00    0.00
    (H1, C1, C2, O)                336.80   1.51   0.00   0.00    0.01    0.00   0.00    0.00    0.01    0.00    0.00    0.00    0.00

3.) Intrinsic Frequencies for all normal-coordinate frequencies and
    contribution table calculated from the diagonal elements of the PED at the following
    harmonic frequencies (all frequency values in cm-1):

Internal Coordinate Intrinsic Frequencies 112.89 513.34 929.51 1035.73 1160.13 1488.2 1575.52 1577.87 2140.95 3176.39 3262.31 3265.39
           (C1, H1)               3228.35   0.00   0.01   0.00    0.00    0.04   0.02    0.05    0.00    0.02   44.46    0.00   55.53
           (C1, H2)               3242.99   0.43   0.01   0.00    0.07    0.04   0.01    0.02    0.02    0.00   27.62   49.78   22.06
           (C1, C2)               1004.09   0.00   0.72  81.67    0.00   17.02   3.33    0.00    0.00    3.65    0.16    0.00    0.00
           (C1, H3)               3242.99   0.43   0.01   0.00    0.07    0.04   0.01    0.02    0.02    0.00   27.62   49.78   22.06
            (C2, O)               2103.02   0.00   0.26   1.87    0.00    0.99   0.00    0.25    0.00   94.86    0.00    0.00    0.01
       (C2, C1, H2)               1102.93  20.81   5.78   5.46   46.62   23.94  20.88    0.36    2.72    0.35    0.03    0.09    0.03
       (C2, C1, H3)               1102.93  20.81   5.78   5.46   46.62   23.94  20.88    0.36    2.72    0.35    0.03    0.09    0.03
       (H1, C1, H2)               1553.60   3.48   0.00   0.73    3.03    1.48  16.27   19.38   47.01    0.03    0.03    0.12    0.03
       (H1, C1, H3)               1553.60   3.48   0.00   0.73    3.03    1.48  16.27   19.38   47.01    0.03    0.03    0.12    0.03
       (H2, C1, H3)               1432.25   0.00   0.78   1.42    0.00   13.98  22.31   60.17    0.00    0.09    0.01    0.00    0.17
        (C1, C2, O)                680.22   0.00  86.64   2.65    0.00   17.04   0.00    0.01    0.00    0.61    0.00    0.00    0.06
    (H1, C1, C2, O)                336.80  50.58   0.00   0.00    0.57    0.00   0.00    0.00    0.48    0.00    0.00    0.00    0.00

The following diagonalization parameter, penalty for asymmetric instrinsic frequencies and penalty for unphysical contributions has been determined: 59.69, 0, 0.0 
