 .__   __.   ______   .___  ___.   ______    _______   _______   ______   ______      .______   ____    ____ 
 |  \ |  |  /  __  \  |   \/   |  /  __  \  |       \ |   ____| /      | /  __  \     |   _  \  \   \  /   / 
 |   \|  | |  |  |  | |  \  /  | |  |  |  | |  .--.  ||  |__   |  ,----'|  |  |  |    |  |_)  |  \   \/   /  
 |  . `  | |  |  |  | |  |\/|  | |  |  |  | |  |  |  ||   __|  |  |     |  |  |  |    |   ___/    \_    _/   
 |  |\   | |  `--'  | |  |  |  | |  `--'  | |  '--'  ||  |____ |  `----.|  `--'  |  __|  |          |  |     
 |__| \__|  \______/  |__|  |__|  \______/  |_______/ |_______| \______| \______/  (__) _|          |__|     
                                                                                                             


**************************************************************************************************************
                                  Kemal Önen, Dennis F. Dinu, Klaus R. Liedl                                  
                                      Liedl Lab, University of Innsbruck                                      
**************************************************************************************************************

Non-planar system detected. Therefore out-of-plane angles are NOT used in your analysis. Note that out-of-plane angles tend to perform worse
than the other internal coordinates in terms of computational cost and in the decomposition. However they can be
useful for planar systems.

The detected point group is Cs
The following equivalent atoms were found: [['C'], ['H1'], ['H2'], ['H3', 'H4'], ['S']] 

The following primitive internals (bonds, (in-plane) angles, linear valence angles, out-of-plane angles and torsions) were generated:
bonds: [('C', 'H3'), ('C', 'H2'), ('S', 'H1'), ('C', 'S'), ('C', 'H4')]
in-plane angles: [('S', 'C', 'H2'), ('S', 'C', 'H3'), ('S', 'C', 'H4'), ('H2', 'C', 'H3'), ('H2', 'C', 'H4'),
 ('H3', 'C', 'H4'), ('C', 'S', 'H1')]
linear valence-angles: []
out-of-plane angles: []
dihedrals: [('H2', 'C', 'S', 'H1'), ('H3', 'C', 'S', 'H1'), ('H4', 'C', 'S', 'H1')]

12 internal coordinates are at least needed for the decomposition scheme.


-------------------------------- Initialization of an internal coordinate set --------------------------------

The following 12 Internal Coordinates are used in your analysis:
bonds: [('C', 'H3'), ('C', 'H2'), ('S', 'H1'), ('C', 'S'), ('C', 'H4')]
in-plane angles: [('S', 'C', 'H3'), ('S', 'C', 'H4'), ('H2', 'C', 'H3'), ('H2', 'C', 'H4'), ('H3', 'C', 'H4'),
 ('C', 'S', 'H1')]
linear valence-angles: []
out-of-plane angles: []
dihedrals: [('H2', 'C', 'S', 'H1')]


-------------------------- Results of the Decomposition Scheme ---------------------------

1.) Intrinsic Frequencies for all normal-coordinate frequencies and
    vibrational distribution matrix (exact approximation) at the following
    harmonic frequencies (all frequency values in cm-1):

Internal Coordinate Intrinsic Frequencies   259   763   860  1065  1200  1493  1594  1606  2864  3197  3283  3284
            (C, H3)               3255.19 -0.00 -0.00 -0.00  0.00  0.00 -0.00 -0.00 -0.00  0.00  0.34  0.16  0.50
            (C, H2)               3258.40 -0.00 -0.00 -0.00  0.00 -0.00 -0.00  0.00 -0.00  0.00  0.31  0.69  0.00
            (S, H1)               2863.78 -0.00 -0.00  0.00  0.00  0.00 -0.00  0.00  0.00  1.00  0.00  0.00  0.00
             (C, S)                748.03 -0.00  0.98  0.03 -0.00  0.00 -0.02 -0.00  0.00  0.00  0.00  0.00  0.00
            (C, H4)               3255.19 -0.00 -0.00 -0.00  0.00  0.00 -0.00 -0.00 -0.00  0.00  0.34  0.16  0.50
         (S, C, H3)               1096.68 -0.00  0.02  0.19  0.48  0.28 -0.03  0.02  0.04 -0.00 -0.00  0.00  0.00
         (S, C, H4)               1096.68 -0.00  0.02  0.19  0.48  0.28 -0.03  0.02  0.04 -0.00 -0.00  0.00  0.00
        (H2, C, H3)               1586.88 -0.01 -0.01 -0.01  0.03 -0.06  0.38  0.48  0.21  0.00 -0.00 -0.00 -0.00
        (H2, C, H4)               1586.88 -0.01 -0.01 -0.01  0.03 -0.06  0.38  0.48  0.21  0.00 -0.00 -0.00 -0.00
        (H3, C, H4)               1485.07  0.00 -0.00  0.06  0.00  0.12  0.32 -0.00  0.50  0.00 -0.00 -0.00 -0.00
         (C, S, H1)               1025.18 -0.00  0.01  0.55  0.00  0.44  0.00  0.00  0.00  0.00  0.00  0.00  0.00
     (H2, C, S, H1)                171.35  0.98  0.00  0.00 -0.01  0.00  0.00 -0.01 -0.00  0.00 -0.00 -0.00  0.00

Check if matrix is normalized: 1.0

2.) Intrinsic Frequencies for all normal-coordinate frequencies and
    diagonal elements of the PED matrix at the following
    harmonic frequencies (all frequency values in cm-1):

Internal Coordinate Intrinsic Frequencies  259  763  860 1065 1200 1493 1594 1606 2864 3197 3283 3284
            (C, H3)               3255.19 0.00 0.00 0.00 0.00 0.00 0.00 0.00 0.00 0.00 0.34 0.16 0.51
            (C, H2)               3258.40 0.00 0.00 0.00 0.00 0.00 0.00 0.00 0.00 0.00 0.31 0.70 0.00
            (S, H1)               2863.78 0.00 0.00 0.00 0.00 0.00 0.00 0.00 0.00 1.00 0.00 0.00 0.00
             (C, S)                748.03 0.00 1.04 0.02 0.00 0.00 0.03 0.00 0.00 0.00 0.00 0.00 0.00
            (C, H4)               3255.19 0.00 0.00 0.00 0.00 0.00 0.00 0.00 0.00 0.00 0.34 0.16 0.51
         (S, C, H3)               1096.68 0.01 0.03 0.16 1.02 0.16 0.39 0.05 0.04 0.00 0.00 0.00 0.00
         (S, C, H4)               1096.68 0.01 0.03 0.16 1.02 0.16 0.39 0.05 0.04 0.00 0.00 0.00 0.00
        (H2, C, H3)               1586.88 0.01 0.01 0.00 0.05 0.02 0.39 1.05 0.31 0.00 0.00 0.00 0.00
        (H2, C, H4)               1586.88 0.01 0.01 0.00 0.05 0.02 0.39 1.05 0.31 0.00 0.00 0.00 0.00
        (H3, C, H4)               1485.07 0.00 0.00 0.02 0.00 0.04 0.34 0.00 1.57 0.00 0.00 0.00 0.00
         (C, S, H1)               1025.18 0.00 0.04 0.69 0.00 0.35 0.00 0.00 0.00 0.00 0.00 0.00 0.00
     (H2, C, S, H1)                171.35 0.99 0.00 0.00 0.01 0.00 0.00 0.02 0.00 0.00 0.00 0.00 0.00

3.) Intrinsic Frequencies for all normal-coordinate frequencies and
    contribution table calculated from the diagonal elements of the PED at the following
    harmonic frequencies (all frequency values in cm-1):

Internal Coordinate Intrinsic Frequencies   259   763   860  1065  1200  1493  1594  1606  2864  3197  3283  3284
            (C, H3)               3255.19  0.00  0.00  0.00  0.01  0.01  0.09  0.06  0.03  0.00 34.34 15.52 49.73
            (C, H2)               3258.40  0.00  0.01  0.03  0.00  0.01  0.05  0.00  0.05  0.03 31.14 68.58  0.00
            (S, H1)               2863.78  0.00  0.00  0.01  0.00  0.00  0.00  0.00  0.00 99.94  0.00  0.02  0.00
             (C, S)                748.03  0.00 90.27  1.84  0.00  0.24  1.57  0.00  0.01  0.00  0.12  0.00  0.00
            (C, H4)               3255.19  0.00  0.00  0.00  0.01  0.01  0.09  0.06  0.03  0.00 34.34 15.52 49.73
         (S, C, H3)               1096.68  1.19  2.61 14.99 47.52 21.25 20.09  2.27  1.90  0.00  0.01  0.04  0.16
         (S, C, H4)               1096.68  1.19  2.61 14.99 47.52 21.25 20.09  2.27  1.90  0.00  0.01  0.04  0.16
        (H2, C, H3)               1586.88  1.02  0.63  0.20  2.34  3.06 20.18 47.32 13.61  0.00  0.01  0.05  0.11
        (H2, C, H4)               1586.88  1.02  0.63  0.20  2.34  3.06 20.18 47.32 13.61  0.00  0.01  0.05  0.11
        (H3, C, H4)               1485.07  0.00  0.02  2.36  0.00  5.49 17.63  0.00 68.86  0.00  0.01  0.15  0.00
         (C, S, H1)               1025.18  0.00  3.22 65.37  0.00 45.62  0.03  0.00  0.00  0.01  0.00  0.04  0.00
     (H2, C, S, H1)                171.35 95.57  0.00  0.00  0.27  0.00  0.00  0.69  0.00  0.00  0.00  0.00  0.01

----- Extended Results: Exact PED, KED and TED analysis per mode -----

Normal mode at the following harmonic frequency: 259 cm-1

Potential energy distribution matrix (normalization check: 1.0)

Internal Coordinate (C, H3) (C, H2) (S, H1) (C, S) (C, H4) (S, C, H3) (S, C, H4) (H2, C, H3) (H2, C, H4) (H3, C, H4) (C, S, H1) (H2, C, S, H1)
            (C, H3)    0.00    0.00    0.00  -0.00   -0.00      -0.00       0.00       -0.00       -0.00        0.00       0.00           0.00
            (C, H2)    0.00    0.00   -0.00  -0.00   -0.00       0.00      -0.00       -0.00        0.00       -0.00      -0.00           0.00
            (S, H1)    0.00   -0.00    0.00  -0.00   -0.00       0.00      -0.00        0.00       -0.00       -0.00      -0.00          -0.00
             (C, S)   -0.00   -0.00   -0.00   0.00    0.00       0.00      -0.00       -0.00        0.00        0.00       0.00          -0.00
            (C, H4)   -0.00   -0.00   -0.00   0.00    0.00       0.00      -0.00       -0.00       -0.00       -0.00      -0.00           0.00
         (S, C, H3)   -0.00    0.00    0.00   0.00    0.00       0.01      -0.01        0.01       -0.01       -0.00      -0.00          -0.01
         (S, C, H4)    0.00   -0.00   -0.00  -0.00   -0.00      -0.01       0.01       -0.01        0.01        0.00       0.00          -0.01
        (H2, C, H3)   -0.00   -0.00    0.00  -0.00   -0.00       0.01      -0.01        0.01       -0.01       -0.00      -0.00          -0.01
        (H2, C, H4)   -0.00    0.00   -0.00   0.00   -0.00      -0.01       0.01       -0.01        0.01        0.00       0.00          -0.01
        (H3, C, H4)    0.00   -0.00   -0.00   0.00   -0.00      -0.00       0.00       -0.00        0.00        0.00       0.00          -0.00
         (C, S, H1)    0.00   -0.00   -0.00   0.00   -0.00      -0.00       0.00       -0.00        0.00        0.00       0.00          -0.00
     (H2, C, S, H1)    0.00    0.00   -0.00  -0.00    0.00      -0.01      -0.01       -0.01       -0.01       -0.00      -0.00           0.99

Kinetic energy distribution matrix (normalization check: 1.0)

Internal Coordinate (C, H3) (C, H2) (S, H1) (C, S) (C, H4) (S, C, H3) (S, C, H4) (H2, C, H3) (H2, C, H4) (H3, C, H4) (C, S, H1) (H2, C, S, H1)
            (C, H3)    0.00    0.00    0.00  -0.00   -0.00      -0.00      -0.00        0.00       -0.00       -0.00       0.00           0.00
            (C, H2)    0.00    0.00   -0.00  -0.00   -0.00       0.00      -0.00        0.00       -0.00       -0.00      -0.00          -0.00
            (S, H1)    0.00   -0.00    0.00   0.00   -0.00      -0.00       0.00       -0.00        0.00        0.00       0.00          -0.00
             (C, S)   -0.00   -0.00    0.00   0.00    0.00      -0.00       0.00       -0.00        0.00        0.00      -0.00           0.00
            (C, H4)   -0.00   -0.00   -0.00   0.00    0.00      -0.00      -0.00       -0.00        0.00        0.00      -0.00           0.00
         (S, C, H3)   -0.00    0.00   -0.00  -0.00   -0.00       0.00      -0.00        0.00       -0.00       -0.00      -0.00          -0.01
         (S, C, H4)   -0.00   -0.00    0.00   0.00   -0.00      -0.00       0.00       -0.00        0.00        0.00       0.00          -0.01
        (H2, C, H3)    0.00    0.00   -0.00  -0.00   -0.00       0.00      -0.00        0.00       -0.00       -0.00       0.00          -0.01
        (H2, C, H4)   -0.00   -0.00    0.00   0.00    0.00      -0.00       0.00       -0.00        0.00        0.00      -0.00          -0.01
        (H3, C, H4)   -0.00   -0.00    0.00   0.00    0.00      -0.00       0.00       -0.00        0.00        0.00      -0.00           0.00
         (C, S, H1)    0.00   -0.00    0.00  -0.00   -0.00      -0.00       0.00        0.00       -0.00       -0.00       0.00          -0.00
     (H2, C, S, H1)    0.00   -0.00   -0.00   0.00    0.00      -0.01      -0.01       -0.01       -0.01        0.00      -0.00           1.31

Total energy distribution matrix (normalization check: 1.0)

Internal Coordinate (C, H3) (C, H2) (S, H1) (C, S) (C, H4) (S, C, H3) (S, C, H4) (H2, C, H3) (H2, C, H4) (H3, C, H4) (C, S, H1) (H2, C, S, H1)
            (C, H3)    0.00    0.00    0.00  -0.00   -0.00      -0.00       0.00       -0.00       -0.00        0.00       0.00           0.00
            (C, H2)    0.00    0.00   -0.00  -0.00   -0.00       0.00      -0.00       -0.00        0.00       -0.00      -0.00           0.00
            (S, H1)    0.00   -0.00    0.00  -0.00   -0.00       0.00      -0.00        0.00       -0.00       -0.00       0.00          -0.00
             (C, S)   -0.00   -0.00   -0.00   0.00    0.00       0.00      -0.00       -0.00        0.00        0.00       0.00          -0.00
            (C, H4)   -0.00   -0.00   -0.00   0.00    0.00       0.00      -0.00       -0.00       -0.00       -0.00      -0.00           0.00
         (S, C, H3)   -0.00    0.00    0.00   0.00    0.00       0.01      -0.00        0.00       -0.00       -0.00      -0.00          -0.01
         (S, C, H4)    0.00   -0.00   -0.00  -0.00   -0.00      -0.00       0.01       -0.00        0.00        0.00       0.00          -0.01
        (H2, C, H3)   -0.00   -0.00    0.00  -0.00   -0.00       0.00      -0.00        0.01       -0.00       -0.00      -0.00          -0.01
        (H2, C, H4)   -0.00    0.00   -0.00   0.00   -0.00      -0.00       0.00       -0.00        0.01        0.00       0.00          -0.01
        (H3, C, H4)    0.00   -0.00   -0.00   0.00   -0.00      -0.00       0.00       -0.00        0.00        0.00       0.00          -0.00
         (C, S, H1)    0.00   -0.00    0.00   0.00   -0.00      -0.00       0.00       -0.00        0.00        0.00       0.00          -0.00
     (H2, C, S, H1)    0.00    0.00   -0.00  -0.00    0.00      -0.01      -0.01       -0.01       -0.01       -0.00      -0.00           1.15

----- Extended Results: Exact PED, KED and TED analysis per mode -----

Normal mode at the following harmonic frequency: 763 cm-1

Potential energy distribution matrix (normalization check: 1.0)

Internal Coordinate (C, H3) (C, H2) (S, H1) (C, S) (C, H4) (S, C, H3) (S, C, H4) (H2, C, H3) (H2, C, H4) (H3, C, H4) (C, S, H1) (H2, C, S, H1)
            (C, H3)    0.00    0.00    0.00  -0.00    0.00       0.00       0.00       -0.00        0.00       -0.00      -0.00          -0.00
            (C, H2)    0.00    0.00   -0.00  -0.00    0.00      -0.00      -0.00       -0.00       -0.00        0.00       0.00          -0.00
            (S, H1)    0.00   -0.00    0.00  -0.00    0.00      -0.00      -0.00        0.00        0.00        0.00       0.00           0.00
             (C, S)   -0.00   -0.00   -0.00   1.04   -0.00      -0.00      -0.00       -0.01       -0.01       -0.00      -0.02           0.00
            (C, H4)    0.00    0.00    0.00  -0.00    0.00       0.00       0.00        0.00       -0.00       -0.00      -0.00           0.00
         (S, C, H3)    0.00   -0.00   -0.00  -0.00    0.00       0.03       0.02       -0.01       -0.01       -0.00      -0.01          -0.00
         (S, C, H4)    0.00   -0.00   -0.00  -0.00    0.00       0.02       0.03       -0.01       -0.01       -0.00      -0.01           0.00
        (H2, C, H3)   -0.00   -0.00    0.00  -0.01    0.00      -0.01      -0.01        0.01        0.00        0.00       0.00           0.00
        (H2, C, H4)    0.00   -0.00    0.00  -0.01   -0.00      -0.01      -0.01        0.00        0.01        0.00       0.00          -0.00
        (H3, C, H4)   -0.00    0.00    0.00  -0.00   -0.00      -0.00      -0.00        0.00        0.00        0.00       0.00          -0.00
         (C, S, H1)   -0.00    0.00    0.00  -0.02   -0.00      -0.01      -0.01        0.00        0.00        0.00       0.04          -0.00
     (H2, C, S, H1)   -0.00   -0.00    0.00   0.00    0.00      -0.00       0.00        0.00       -0.00       -0.00      -0.00           0.00

Kinetic energy distribution matrix (normalization check: 1.0)

Internal Coordinate (C, H3) (C, H2) (S, H1) (C, S) (C, H4) (S, C, H3) (S, C, H4) (H2, C, H3) (H2, C, H4) (H3, C, H4) (C, S, H1) (H2, C, S, H1)
            (C, H3)    0.00    0.00    0.00  -0.00    0.00       0.00      -0.00        0.00        0.00        0.00      -0.00          -0.00
            (C, H2)    0.00    0.00   -0.00  -0.00    0.00      -0.00      -0.00        0.00        0.00        0.00       0.00           0.00
            (S, H1)    0.00   -0.00    0.00   0.00    0.00       0.00       0.00       -0.00       -0.00       -0.00      -0.00           0.00
             (C, S)   -0.00   -0.00    0.00   1.18   -0.00       0.01       0.01       -0.02       -0.02       -0.00       0.00          -0.00
            (C, H4)    0.00    0.00    0.00  -0.00    0.00      -0.00       0.00        0.00        0.00        0.00      -0.00           0.00
         (S, C, H3)    0.00   -0.00    0.00   0.01   -0.00       0.02       0.01       -0.01       -0.00       -0.00      -0.00          -0.00
         (S, C, H4)   -0.00   -0.00    0.00   0.01    0.00       0.01       0.02       -0.00       -0.01       -0.00      -0.00           0.00
        (H2, C, H3)    0.00    0.00   -0.00  -0.02    0.00      -0.01      -0.00        0.00        0.00        0.00      -0.00           0.00
        (H2, C, H4)    0.00    0.00   -0.00  -0.02    0.00      -0.00      -0.01        0.00        0.00        0.00      -0.00          -0.00
        (H3, C, H4)    0.00    0.00   -0.00  -0.00    0.00      -0.00      -0.00        0.00        0.00        0.00      -0.00           0.00
         (C, S, H1)   -0.00    0.00   -0.00   0.00   -0.00      -0.00      -0.00       -0.00       -0.00       -0.00       0.03          -0.00
     (H2, C, S, H1)   -0.00    0.00    0.00  -0.00    0.00      -0.00       0.00        0.00       -0.00        0.00      -0.00           0.00

Total energy distribution matrix (normalization check: 1.0)

Internal Coordinate (C, H3) (C, H2) (S, H1) (C, S) (C, H4) (S, C, H3) (S, C, H4) (H2, C, H3) (H2, C, H4) (H3, C, H4) (C, S, H1) (H2, C, S, H1)
            (C, H3)    0.00    0.00    0.00  -0.00    0.00       0.00      -0.00       -0.00        0.00       -0.00      -0.00          -0.00
            (C, H2)    0.00    0.00   -0.00  -0.00    0.00      -0.00      -0.00       -0.00       -0.00        0.00       0.00          -0.00
            (S, H1)    0.00   -0.00    0.00   0.00    0.00       0.00       0.00       -0.00       -0.00       -0.00      -0.00           0.00
             (C, S)   -0.00   -0.00    0.00   1.11   -0.00       0.00       0.00       -0.01       -0.01       -0.00      -0.01           0.00
            (C, H4)    0.00    0.00    0.00  -0.00    0.00      -0.00       0.00        0.00       -0.00       -0.00      -0.00           0.00
         (S, C, H3)    0.00   -0.00    0.00   0.00   -0.00       0.02       0.01       -0.01       -0.01       -0.00      -0.00          -0.00
         (S, C, H4)   -0.00   -0.00    0.00   0.00    0.00       0.01       0.02       -0.01       -0.01       -0.00      -0.00           0.00
        (H2, C, H3)   -0.00   -0.00   -0.00  -0.01    0.00      -0.01      -0.01        0.01        0.00        0.00       0.00           0.00
        (H2, C, H4)    0.00   -0.00   -0.00  -0.01   -0.00      -0.01      -0.01        0.00        0.01        0.00       0.00          -0.00
        (H3, C, H4)   -0.00    0.00   -0.00  -0.00   -0.00      -0.00      -0.00        0.00        0.00        0.00       0.00           0.00
         (C, S, H1)   -0.00    0.00   -0.00  -0.01   -0.00      -0.00      -0.00        0.00        0.00        0.00       0.03          -0.00
     (H2, C, S, H1)   -0.00   -0.00    0.00   0.00    0.00      -0.00       0.00        0.00       -0.00        0.00      -0.00           0.00

----- Extended Results: Exact PED, KED and TED analysis per mode -----

Normal mode at the following harmonic frequency: 860 cm-1

Potential energy distribution matrix (normalization check: 1.0)

Internal Coordinate (C, H3) (C, H2) (S, H1) (C, S) (C, H4) (S, C, H3) (S, C, H4) (H2, C, H3) (H2, C, H4) (H3, C, H4) (C, S, H1) (H2, C, S, H1)
            (C, H3)    0.00   -0.00   -0.00  -0.00    0.00      -0.00      -0.00        0.00       -0.00       -0.00       0.00          -0.00
            (C, H2)   -0.00    0.00   -0.00   0.00   -0.00      -0.00      -0.00       -0.00       -0.00       -0.00       0.00           0.00
            (S, H1)   -0.00   -0.00    0.00   0.00   -0.00      -0.00      -0.00        0.00        0.00       -0.00       0.00          -0.00
             (C, S)   -0.00    0.00    0.00   0.02   -0.00       0.00       0.00        0.00        0.00       -0.00       0.01           0.00
            (C, H4)    0.00   -0.00   -0.00  -0.00    0.00      -0.00      -0.00       -0.00        0.00       -0.00       0.00           0.00
         (S, C, H3)   -0.00   -0.00   -0.00   0.00   -0.00       0.16       0.08       -0.01       -0.01        0.04      -0.07           0.00
         (S, C, H4)   -0.00   -0.00   -0.00   0.00   -0.00       0.08       0.16       -0.01       -0.01        0.04      -0.07          -0.00
        (H2, C, H3)    0.00   -0.00    0.00   0.00   -0.00      -0.01      -0.01        0.00        0.00       -0.00       0.01          -0.00
        (H2, C, H4)   -0.00   -0.00    0.00   0.00    0.00      -0.01      -0.01        0.00        0.00       -0.00       0.01           0.00
        (H3, C, H4)   -0.00   -0.00   -0.00  -0.00   -0.00       0.04       0.04       -0.00       -0.00        0.02      -0.02          -0.00
         (C, S, H1)    0.00    0.00    0.00   0.01    0.00      -0.07      -0.07        0.01        0.01       -0.02       0.69           0.00
     (H2, C, S, H1)   -0.00    0.00   -0.00   0.00    0.00       0.00      -0.00       -0.00        0.00       -0.00       0.00           0.00

Kinetic energy distribution matrix (normalization check: 1.0)

Internal Coordinate (C, H3) (C, H2) (S, H1) (C, S) (C, H4) (S, C, H3) (S, C, H4) (H2, C, H3) (H2, C, H4) (H3, C, H4) (C, S, H1) (H2, C, S, H1)
            (C, H3)    0.00   -0.00   -0.00  -0.00    0.00      -0.00       0.00       -0.00       -0.00        0.00       0.00          -0.00
            (C, H2)   -0.00    0.00   -0.00   0.00   -0.00      -0.00      -0.00        0.00        0.00       -0.00       0.00          -0.00
            (S, H1)   -0.00   -0.00    0.00  -0.00   -0.00       0.00       0.00       -0.00       -0.00        0.00      -0.00          -0.00
             (C, S)   -0.00    0.00   -0.00   0.03   -0.00      -0.00      -0.00        0.00        0.00       -0.01      -0.00          -0.00
            (C, H4)    0.00   -0.00   -0.00  -0.00    0.00       0.00      -0.00       -0.00       -0.00        0.00       0.00           0.00
         (S, C, H3)   -0.00   -0.00    0.00  -0.00    0.00       0.13       0.06       -0.01       -0.01        0.03      -0.01           0.00
         (S, C, H4)    0.00   -0.00    0.00  -0.00   -0.00       0.06       0.13       -0.01       -0.01        0.03      -0.01          -0.00
        (H2, C, H3)   -0.00    0.00   -0.00   0.00   -0.00      -0.01      -0.01        0.00        0.00       -0.00      -0.00          -0.00
        (H2, C, H4)   -0.00    0.00   -0.00   0.00   -0.00      -0.01      -0.01        0.00        0.00       -0.00      -0.00           0.00
        (H3, C, H4)    0.00   -0.00    0.00  -0.01    0.00       0.03       0.03       -0.00       -0.00        0.02       0.01           0.00
         (C, S, H1)    0.00    0.00   -0.00  -0.00    0.00      -0.01      -0.01       -0.00       -0.00        0.01       0.65           0.00
     (H2, C, S, H1)   -0.00   -0.00   -0.00  -0.00    0.00       0.00      -0.00       -0.00        0.00        0.00       0.00           0.00

Total energy distribution matrix (normalization check: 1.0)

Internal Coordinate (C, H3) (C, H2) (S, H1) (C, S) (C, H4) (S, C, H3) (S, C, H4) (H2, C, H3) (H2, C, H4) (H3, C, H4) (C, S, H1) (H2, C, S, H1)
            (C, H3)    0.00   -0.00   -0.00  -0.00    0.00      -0.00       0.00        0.00       -0.00       -0.00       0.00          -0.00
            (C, H2)   -0.00    0.00   -0.00   0.00   -0.00      -0.00      -0.00       -0.00       -0.00       -0.00       0.00          -0.00
            (S, H1)   -0.00   -0.00    0.00  -0.00   -0.00       0.00       0.00       -0.00       -0.00        0.00      -0.00          -0.00
             (C, S)   -0.00    0.00   -0.00   0.02   -0.00      -0.00      -0.00        0.00        0.00       -0.00       0.00           0.00
            (C, H4)    0.00   -0.00   -0.00  -0.00    0.00       0.00      -0.00       -0.00        0.00       -0.00       0.00           0.00
         (S, C, H3)   -0.00   -0.00    0.00  -0.00    0.00       0.14       0.07       -0.01       -0.01        0.03      -0.04           0.00
         (S, C, H4)    0.00   -0.00    0.00  -0.00   -0.00       0.07       0.14       -0.01       -0.01        0.03      -0.04          -0.00
        (H2, C, H3)    0.00   -0.00   -0.00   0.00   -0.00      -0.01      -0.01        0.00        0.00       -0.00       0.00          -0.00
        (H2, C, H4)   -0.00   -0.00   -0.00   0.00    0.00      -0.01      -0.01        0.00        0.00       -0.00       0.00           0.00
        (H3, C, H4)   -0.00   -0.00    0.00  -0.00   -0.00       0.03       0.03       -0.00       -0.00        0.02      -0.01           0.00
         (C, S, H1)    0.00    0.00   -0.00   0.00    0.00      -0.04      -0.04        0.00        0.00       -0.01       0.67           0.00
     (H2, C, S, H1)   -0.00   -0.00   -0.00   0.00    0.00       0.00      -0.00       -0.00        0.00        0.00       0.00           0.00

----- Extended Results: Exact PED, KED and TED analysis per mode -----

Normal mode at the following harmonic frequency: 1065 cm-1

Potential energy distribution matrix (normalization check: 1.0)

Internal Coordinate (C, H3) (C, H2) (S, H1) (C, S) (C, H4) (S, C, H3) (S, C, H4) (H2, C, H3) (H2, C, H4) (H3, C, H4) (C, S, H1) (H2, C, S, H1)
            (C, H3)    0.00   -0.00   -0.00  -0.00   -0.00       0.00      -0.00        0.00        0.00        0.00      -0.00          -0.00
            (C, H2)   -0.00    0.00   -0.00   0.00    0.00       0.00      -0.00       -0.00        0.00        0.00      -0.00           0.00
            (S, H1)   -0.00   -0.00    0.00   0.00    0.00       0.00      -0.00        0.00       -0.00        0.00      -0.00          -0.00
             (C, S)   -0.00    0.00    0.00   0.00    0.00      -0.00       0.00        0.00       -0.00        0.00      -0.00           0.00
            (C, H4)   -0.00    0.00    0.00   0.00    0.00      -0.00       0.00        0.00        0.00       -0.00       0.00          -0.00
         (S, C, H3)    0.00    0.00    0.00  -0.00   -0.00       1.02      -0.54        0.12       -0.12        0.00      -0.00          -0.01
         (S, C, H4)   -0.00   -0.00   -0.00   0.00    0.00      -0.54       1.02       -0.12        0.12       -0.00       0.00          -0.01
        (H2, C, H3)    0.00   -0.00    0.00   0.00    0.00       0.12      -0.12        0.05       -0.03        0.00      -0.00          -0.00
        (H2, C, H4)    0.00    0.00   -0.00  -0.00    0.00      -0.12       0.12       -0.03        0.05       -0.00       0.00          -0.00
        (H3, C, H4)    0.00    0.00    0.00   0.00   -0.00       0.00      -0.00        0.00       -0.00        0.00      -0.00           0.00
         (C, S, H1)   -0.00   -0.00   -0.00  -0.00    0.00      -0.00       0.00       -0.00        0.00       -0.00       0.00          -0.00
     (H2, C, S, H1)   -0.00    0.00   -0.00   0.00   -0.00      -0.01      -0.01       -0.00       -0.00        0.00      -0.00           0.01

Kinetic energy distribution matrix (normalization check: 1.0)

Internal Coordinate (C, H3) (C, H2) (S, H1) (C, S) (C, H4) (S, C, H3) (S, C, H4) (H2, C, H3) (H2, C, H4) (H3, C, H4) (C, S, H1) (H2, C, S, H1)
            (C, H3)    0.00   -0.00   -0.00  -0.00   -0.00       0.00       0.00       -0.00        0.00       -0.00      -0.00          -0.00
            (C, H2)   -0.00    0.00   -0.00   0.00    0.00       0.00      -0.00        0.00       -0.00        0.00      -0.00          -0.00
            (S, H1)   -0.00   -0.00    0.00  -0.00    0.00      -0.00       0.00       -0.00        0.00       -0.00       0.00          -0.00
             (C, S)   -0.00    0.00   -0.00   0.00    0.00       0.00      -0.00        0.00       -0.00        0.00       0.00          -0.00
            (C, H4)   -0.00    0.00    0.00   0.00    0.00       0.00       0.00        0.00       -0.00        0.00       0.00          -0.00
         (S, C, H3)    0.00    0.00   -0.00   0.00    0.00       1.29      -0.61        0.17       -0.11        0.00      -0.00          -0.08
         (S, C, H4)    0.00   -0.00    0.00  -0.00    0.00      -0.61       1.29       -0.11        0.17       -0.00       0.00          -0.08
        (H2, C, H3)   -0.00    0.00   -0.00   0.00    0.00       0.17      -0.11        0.05       -0.02        0.00       0.00          -0.03
        (H2, C, H4)    0.00   -0.00    0.00  -0.00   -0.00      -0.11       0.17       -0.02        0.05       -0.00      -0.00          -0.03
        (H3, C, H4)   -0.00    0.00   -0.00   0.00    0.00       0.00      -0.00        0.00       -0.00        0.00       0.00          -0.00
         (C, S, H1)   -0.00   -0.00    0.00   0.00    0.00      -0.00       0.00        0.00       -0.00        0.00       0.00          -0.00
     (H2, C, S, H1)   -0.00   -0.00   -0.00  -0.00   -0.00      -0.08      -0.08       -0.03       -0.03       -0.00      -0.00           0.13

Total energy distribution matrix (normalization check: 1.0)

Internal Coordinate (C, H3) (C, H2) (S, H1) (C, S) (C, H4) (S, C, H3) (S, C, H4) (H2, C, H3) (H2, C, H4) (H3, C, H4) (C, S, H1) (H2, C, S, H1)
            (C, H3)    0.00   -0.00   -0.00  -0.00   -0.00       0.00       0.00        0.00        0.00        0.00      -0.00          -0.00
            (C, H2)   -0.00    0.00   -0.00   0.00    0.00       0.00      -0.00        0.00       -0.00        0.00      -0.00          -0.00
            (S, H1)   -0.00   -0.00    0.00  -0.00    0.00      -0.00       0.00       -0.00        0.00       -0.00       0.00          -0.00
             (C, S)   -0.00    0.00   -0.00   0.00    0.00       0.00      -0.00        0.00       -0.00        0.00      -0.00           0.00
            (C, H4)   -0.00    0.00    0.00   0.00    0.00       0.00       0.00        0.00        0.00       -0.00       0.00          -0.00
         (S, C, H3)    0.00    0.00   -0.00   0.00    0.00       1.15      -0.58        0.14       -0.11        0.00      -0.00          -0.04
         (S, C, H4)    0.00   -0.00    0.00  -0.00    0.00      -0.58       1.15       -0.11        0.14       -0.00       0.00          -0.04
        (H2, C, H3)    0.00    0.00   -0.00   0.00    0.00       0.14      -0.11        0.05       -0.02        0.00      -0.00          -0.01
        (H2, C, H4)    0.00   -0.00    0.00  -0.00    0.00      -0.11       0.14       -0.02        0.05       -0.00       0.00          -0.01
        (H3, C, H4)    0.00    0.00   -0.00   0.00   -0.00       0.00      -0.00        0.00       -0.00        0.00      -0.00          -0.00
         (C, S, H1)   -0.00   -0.00    0.00  -0.00    0.00      -0.00       0.00       -0.00        0.00       -0.00       0.00          -0.00
     (H2, C, S, H1)   -0.00   -0.00   -0.00   0.00   -0.00      -0.04      -0.04       -0.01       -0.01       -0.00      -0.00           0.07

----- Extended Results: Exact PED, KED and TED analysis per mode -----

Normal mode at the following harmonic frequency: 1200 cm-1

Potential energy distribution matrix (normalization check: 1.0)

Internal Coordinate (C, H3) (C, H2) (S, H1) (C, S) (C, H4) (S, C, H3) (S, C, H4) (H2, C, H3) (H2, C, H4) (H3, C, H4) (C, S, H1) (H2, C, S, H1)
            (C, H3)    0.00    0.00   -0.00   0.00    0.00       0.00       0.00       -0.00        0.00        0.00       0.00           0.00
            (C, H2)    0.00    0.00    0.00   0.00    0.00      -0.00      -0.00       -0.00       -0.00       -0.00      -0.00           0.00
            (S, H1)   -0.00    0.00    0.00  -0.00   -0.00       0.00       0.00       -0.00       -0.00        0.00       0.00           0.00
             (C, S)    0.00    0.00   -0.00   0.00    0.00       0.00       0.00        0.00        0.00       -0.00      -0.00           0.00
            (C, H4)    0.00    0.00   -0.00   0.00    0.00       0.00       0.00        0.00       -0.00        0.00       0.00          -0.00
         (S, C, H3)    0.00   -0.00    0.00   0.00    0.00       0.16       0.09       -0.03       -0.03        0.05       0.05           0.00
         (S, C, H4)    0.00   -0.00    0.00   0.00    0.00       0.09       0.16       -0.03       -0.03        0.05       0.05          -0.00
        (H2, C, H3)   -0.00   -0.00   -0.00   0.00    0.00      -0.03      -0.03        0.02        0.01       -0.02      -0.02          -0.00
        (H2, C, H4)    0.00   -0.00   -0.00   0.00   -0.00      -0.03      -0.03        0.01        0.02       -0.02      -0.02           0.00
        (H3, C, H4)    0.00   -0.00    0.00  -0.00    0.00       0.05       0.05       -0.02       -0.02        0.04       0.02          -0.00
         (C, S, H1)    0.00   -0.00    0.00  -0.00    0.00       0.05       0.05       -0.02       -0.02        0.02       0.35          -0.00
     (H2, C, S, H1)    0.00    0.00    0.00   0.00   -0.00       0.00      -0.00       -0.00        0.00       -0.00      -0.00           0.00

Kinetic energy distribution matrix (normalization check: 1.0)

Internal Coordinate (C, H3) (C, H2) (S, H1) (C, S) (C, H4) (S, C, H3) (S, C, H4) (H2, C, H3) (H2, C, H4) (H3, C, H4) (C, S, H1) (H2, C, S, H1)
            (C, H3)    0.00    0.00   -0.00   0.00    0.00       0.00      -0.00        0.00        0.00       -0.00       0.00           0.00
            (C, H2)    0.00    0.00    0.00   0.00    0.00      -0.00      -0.00        0.00        0.00       -0.00      -0.00          -0.00
            (S, H1)   -0.00    0.00    0.00   0.00   -0.00      -0.00      -0.00        0.00        0.00       -0.00      -0.00           0.00
             (C, S)    0.00    0.00    0.00   0.01    0.00      -0.00      -0.00        0.00        0.00       -0.00       0.00          -0.00
            (C, H4)    0.00    0.00   -0.00   0.00    0.00      -0.00       0.00        0.00        0.00       -0.00       0.00          -0.00
         (S, C, H3)    0.00   -0.00   -0.00  -0.00   -0.00       0.26       0.12       -0.06       -0.04        0.09       0.01           0.00
         (S, C, H4)   -0.00   -0.00   -0.00  -0.00    0.00       0.12       0.26       -0.04       -0.06        0.09       0.01          -0.00
        (H2, C, H3)    0.00    0.00    0.00   0.00    0.00      -0.06      -0.04        0.03        0.01       -0.03       0.00          -0.00
        (H2, C, H4)    0.00    0.00    0.00   0.00    0.00      -0.04      -0.06        0.01        0.03       -0.03       0.00           0.00
        (H3, C, H4)   -0.00   -0.00   -0.00  -0.00   -0.00       0.09       0.09       -0.03       -0.03        0.06      -0.01           0.00
         (C, S, H1)    0.00   -0.00   -0.00   0.00    0.00       0.01       0.01        0.00        0.00       -0.01       0.64          -0.00
     (H2, C, S, H1)    0.00   -0.00    0.00  -0.00   -0.00       0.00      -0.00       -0.00        0.00        0.00      -0.00           0.00

Total energy distribution matrix (normalization check: 1.0)

Internal Coordinate (C, H3) (C, H2) (S, H1) (C, S) (C, H4) (S, C, H3) (S, C, H4) (H2, C, H3) (H2, C, H4) (H3, C, H4) (C, S, H1) (H2, C, S, H1)
            (C, H3)    0.00    0.00   -0.00   0.00    0.00       0.00      -0.00       -0.00        0.00        0.00       0.00           0.00
            (C, H2)    0.00    0.00    0.00   0.00    0.00      -0.00      -0.00        0.00        0.00       -0.00      -0.00          -0.00
            (S, H1)   -0.00    0.00    0.00   0.00   -0.00      -0.00      -0.00        0.00        0.00       -0.00      -0.00           0.00
             (C, S)    0.00    0.00    0.00   0.00    0.00      -0.00      -0.00        0.00        0.00       -0.00      -0.00          -0.00
            (C, H4)    0.00    0.00   -0.00   0.00    0.00      -0.00       0.00        0.00       -0.00        0.00       0.00          -0.00
         (S, C, H3)    0.00   -0.00   -0.00  -0.00   -0.00       0.21       0.10       -0.05       -0.04        0.07       0.03           0.00
         (S, C, H4)   -0.00   -0.00   -0.00  -0.00    0.00       0.10       0.21       -0.04       -0.05        0.07       0.03          -0.00
        (H2, C, H3)   -0.00    0.00    0.00   0.00    0.00      -0.05      -0.04        0.03        0.01       -0.02      -0.01          -0.00
        (H2, C, H4)    0.00    0.00    0.00   0.00   -0.00      -0.04      -0.05        0.01        0.03       -0.02      -0.01           0.00
        (H3, C, H4)    0.00   -0.00   -0.00  -0.00    0.00       0.07       0.07       -0.02       -0.02        0.05       0.00           0.00
         (C, S, H1)    0.00   -0.00   -0.00  -0.00    0.00       0.03       0.03       -0.01       -0.01        0.00       0.50          -0.00
     (H2, C, S, H1)    0.00   -0.00    0.00  -0.00   -0.00       0.00      -0.00       -0.00        0.00        0.00      -0.00           0.00

----- Extended Results: Exact PED, KED and TED analysis per mode -----

Normal mode at the following harmonic frequency: 1493 cm-1

Potential energy distribution matrix (normalization check: 1.0)

Internal Coordinate (C, H3) (C, H2) (S, H1) (C, S) (C, H4) (S, C, H3) (S, C, H4) (H2, C, H3) (H2, C, H4) (H3, C, H4) (C, S, H1) (H2, C, S, H1)
            (C, H3)    0.00    0.00   -0.00  -0.00    0.00       0.00       0.00       -0.00        0.00       -0.00      -0.00           0.00
            (C, H2)    0.00    0.00    0.00  -0.00    0.00      -0.00      -0.00       -0.00       -0.00        0.00       0.00           0.00
            (S, H1)   -0.00    0.00    0.00   0.00   -0.00       0.00       0.00       -0.00       -0.00       -0.00      -0.00           0.00
             (C, S)   -0.00   -0.00    0.00   0.03   -0.00      -0.00      -0.00       -0.01       -0.01       -0.01      -0.00          -0.00
            (C, H4)    0.00    0.00   -0.00  -0.00    0.00       0.00       0.00        0.00       -0.00       -0.00      -0.00          -0.00
         (S, C, H3)    0.00   -0.00    0.00  -0.00    0.00       0.39       0.21       -0.21       -0.20       -0.21      -0.00           0.00
         (S, C, H4)    0.00   -0.00    0.00  -0.00    0.00       0.21       0.39       -0.20       -0.21       -0.21      -0.00          -0.00
        (H2, C, H3)   -0.00   -0.00   -0.00  -0.01    0.00      -0.21      -0.20        0.39        0.21        0.20       0.00          -0.00
        (H2, C, H4)    0.00   -0.00   -0.00  -0.01   -0.00      -0.20      -0.21        0.21        0.39        0.20       0.00           0.00
        (H3, C, H4)   -0.00    0.00   -0.00  -0.01   -0.00      -0.21      -0.21        0.20        0.20        0.34       0.00           0.00
         (C, S, H1)   -0.00    0.00   -0.00  -0.00   -0.00      -0.00      -0.00        0.00        0.00        0.00       0.00           0.00
     (H2, C, S, H1)    0.00    0.00    0.00  -0.00   -0.00       0.00      -0.00       -0.00        0.00        0.00       0.00           0.00

Kinetic energy distribution matrix (normalization check: 1.0)

Internal Coordinate (C, H3) (C, H2) (S, H1) (C, S) (C, H4) (S, C, H3) (S, C, H4) (H2, C, H3) (H2, C, H4) (H3, C, H4) (C, S, H1) (H2, C, S, H1)
            (C, H3)    0.00    0.00   -0.00  -0.00    0.00       0.00      -0.00        0.00        0.00        0.00      -0.00           0.00
            (C, H2)    0.00    0.00    0.00  -0.00    0.00      -0.00      -0.00        0.00        0.00        0.00       0.00          -0.00
            (S, H1)   -0.00    0.00    0.00  -0.00   -0.00      -0.00      -0.00        0.00        0.00        0.00       0.00           0.00
             (C, S)   -0.00   -0.00   -0.00   0.13   -0.00       0.02       0.02       -0.09       -0.09       -0.09       0.00           0.00
            (C, H4)    0.00    0.00   -0.00  -0.00    0.00      -0.00       0.00        0.00        0.00        0.00      -0.00          -0.00
         (S, C, H3)    0.00   -0.00   -0.00   0.02   -0.00       0.97       0.46       -0.57       -0.38       -0.59      -0.00           0.00
         (S, C, H4)   -0.00   -0.00   -0.00   0.02    0.00       0.46       0.97       -0.38       -0.57       -0.59      -0.00          -0.00
        (H2, C, H3)    0.00    0.00    0.00  -0.09    0.00      -0.57      -0.38        0.71        0.36        0.51      -0.00          -0.00
        (H2, C, H4)    0.00    0.00    0.00  -0.09    0.00      -0.38      -0.57        0.36        0.71        0.51      -0.00           0.00
        (H3, C, H4)    0.00    0.00    0.00  -0.09    0.00      -0.59      -0.59        0.51        0.51        0.74      -0.00          -0.00
         (C, S, H1)   -0.00    0.00    0.00   0.00   -0.00      -0.00      -0.00       -0.00       -0.00       -0.00       0.00           0.00
     (H2, C, S, H1)    0.00   -0.00    0.00   0.00   -0.00       0.00      -0.00       -0.00        0.00       -0.00       0.00           0.00

Total energy distribution matrix (normalization check: 1.0)

Internal Coordinate (C, H3) (C, H2) (S, H1) (C, S) (C, H4) (S, C, H3) (S, C, H4) (H2, C, H3) (H2, C, H4) (H3, C, H4) (C, S, H1) (H2, C, S, H1)
            (C, H3)    0.00    0.00   -0.00  -0.00    0.00       0.00      -0.00       -0.00        0.00       -0.00      -0.00           0.00
            (C, H2)    0.00    0.00    0.00  -0.00    0.00      -0.00      -0.00        0.00        0.00        0.00       0.00          -0.00
            (S, H1)   -0.00    0.00    0.00  -0.00   -0.00      -0.00      -0.00        0.00        0.00        0.00       0.00           0.00
             (C, S)   -0.00   -0.00   -0.00   0.08   -0.00       0.01       0.01       -0.05       -0.05       -0.05      -0.00           0.00
            (C, H4)    0.00    0.00   -0.00  -0.00    0.00      -0.00       0.00        0.00       -0.00       -0.00      -0.00          -0.00
         (S, C, H3)    0.00   -0.00   -0.00   0.01   -0.00       0.68       0.34       -0.39       -0.29       -0.40      -0.00           0.00
         (S, C, H4)   -0.00   -0.00   -0.00   0.01    0.00       0.34       0.68       -0.29       -0.39       -0.40      -0.00          -0.00
        (H2, C, H3)   -0.00    0.00    0.00  -0.05    0.00      -0.39      -0.29        0.55        0.28        0.36       0.00          -0.00
        (H2, C, H4)    0.00    0.00    0.00  -0.05   -0.00      -0.29      -0.39        0.28        0.55        0.36       0.00           0.00
        (H3, C, H4)   -0.00    0.00    0.00  -0.05   -0.00      -0.40      -0.40        0.36        0.36        0.54       0.00          -0.00
         (C, S, H1)   -0.00    0.00    0.00  -0.00   -0.00      -0.00      -0.00        0.00        0.00        0.00       0.00           0.00
     (H2, C, S, H1)    0.00   -0.00    0.00   0.00   -0.00       0.00      -0.00       -0.00        0.00       -0.00       0.00           0.00

----- Extended Results: Exact PED, KED and TED analysis per mode -----

Normal mode at the following harmonic frequency: 1594 cm-1

Potential energy distribution matrix (normalization check: 1.0)

Internal Coordinate (C, H3) (C, H2) (S, H1) (C, S) (C, H4) (S, C, H3) (S, C, H4) (H2, C, H3) (H2, C, H4) (H3, C, H4) (C, S, H1) (H2, C, S, H1)
            (C, H3)    0.00   -0.00    0.00   0.00   -0.00       0.00      -0.00       -0.00       -0.00        0.00       0.00           0.00
            (C, H2)   -0.00    0.00    0.00  -0.00    0.00       0.00      -0.00        0.00       -0.00        0.00       0.00          -0.00
            (S, H1)    0.00    0.00    0.00   0.00   -0.00      -0.00       0.00        0.00       -0.00       -0.00      -0.00          -0.00
             (C, S)    0.00   -0.00    0.00   0.00   -0.00       0.00      -0.00        0.00       -0.00       -0.00      -0.00           0.00
            (C, H4)   -0.00    0.00   -0.00  -0.00    0.00      -0.00       0.00       -0.00       -0.00       -0.00      -0.00           0.00
         (S, C, H3)    0.00    0.00   -0.00   0.00   -0.00       0.05      -0.03       -0.12        0.12        0.00       0.00           0.00
         (S, C, H4)   -0.00   -0.00    0.00  -0.00    0.00      -0.03       0.05        0.12       -0.12       -0.00      -0.00           0.00
        (H2, C, H3)   -0.00    0.00    0.00   0.00   -0.00      -0.12       0.12        1.05       -0.55       -0.00      -0.00          -0.01
        (H2, C, H4)   -0.00   -0.00   -0.00  -0.00   -0.00       0.12      -0.12       -0.55        1.05        0.00       0.00          -0.01
        (H3, C, H4)    0.00    0.00   -0.00  -0.00   -0.00       0.00      -0.00       -0.00        0.00        0.00       0.00          -0.00
         (C, S, H1)    0.00    0.00   -0.00  -0.00   -0.00       0.00      -0.00       -0.00        0.00        0.00       0.00          -0.00
     (H2, C, S, H1)    0.00   -0.00   -0.00   0.00    0.00       0.00       0.00       -0.01       -0.01       -0.00      -0.00           0.02

Kinetic energy distribution matrix (normalization check: 1.0)

Internal Coordinate (C, H3) (C, H2) (S, H1) (C, S) (C, H4) (S, C, H3) (S, C, H4) (H2, C, H3) (H2, C, H4) (H3, C, H4) (C, S, H1) (H2, C, S, H1)
            (C, H3)    0.00   -0.00    0.00   0.00   -0.00       0.00       0.00        0.00       -0.00       -0.00       0.00           0.00
            (C, H2)   -0.00    0.00    0.00  -0.00    0.00       0.00      -0.00       -0.00        0.00        0.00       0.00           0.00
            (S, H1)    0.00    0.00    0.00  -0.00   -0.00       0.00      -0.00       -0.00        0.00        0.00       0.00          -0.00
             (C, S)    0.00   -0.00   -0.00   0.00   -0.00      -0.00       0.00        0.00       -0.00       -0.00       0.00          -0.00
            (C, H4)   -0.00    0.00   -0.00  -0.00    0.00       0.00       0.00       -0.00        0.00        0.00      -0.00           0.00
         (S, C, H3)    0.00    0.00    0.00  -0.00    0.00       0.14      -0.07       -0.38        0.25        0.00       0.00           0.06
         (S, C, H4)    0.00   -0.00   -0.00   0.00    0.00      -0.07       0.14        0.25       -0.38       -0.00      -0.00           0.06
        (H2, C, H3)    0.00   -0.00   -0.00   0.00   -0.00      -0.38       0.25        2.14       -1.08       -0.00       0.00          -0.43
        (H2, C, H4)   -0.00    0.00    0.00  -0.00    0.00       0.25      -0.38       -1.08        2.14        0.00      -0.00          -0.43
        (H3, C, H4)   -0.00    0.00    0.00  -0.00    0.00       0.00      -0.00       -0.00        0.00        0.00      -0.00           0.00
         (C, S, H1)    0.00    0.00    0.00   0.00   -0.00       0.00      -0.00        0.00       -0.00       -0.00       0.00          -0.00
     (H2, C, S, H1)    0.00    0.00   -0.00  -0.00    0.00       0.06       0.06       -0.43       -0.43        0.00      -0.00           0.77

Total energy distribution matrix (normalization check: 1.0)

Internal Coordinate (C, H3) (C, H2) (S, H1) (C, S) (C, H4) (S, C, H3) (S, C, H4) (H2, C, H3) (H2, C, H4) (H3, C, H4) (C, S, H1) (H2, C, S, H1)
            (C, H3)    0.00   -0.00    0.00   0.00   -0.00       0.00       0.00       -0.00       -0.00        0.00       0.00           0.00
            (C, H2)   -0.00    0.00    0.00  -0.00    0.00       0.00      -0.00       -0.00        0.00        0.00       0.00           0.00
            (S, H1)    0.00    0.00    0.00  -0.00   -0.00       0.00      -0.00       -0.00        0.00        0.00       0.00          -0.00
             (C, S)    0.00   -0.00   -0.00   0.00   -0.00      -0.00       0.00        0.00       -0.00       -0.00      -0.00          -0.00
            (C, H4)   -0.00    0.00   -0.00  -0.00    0.00       0.00       0.00       -0.00       -0.00       -0.00      -0.00           0.00
         (S, C, H3)    0.00    0.00    0.00  -0.00    0.00       0.10      -0.05       -0.25        0.19        0.00       0.00           0.03
         (S, C, H4)    0.00   -0.00   -0.00   0.00    0.00      -0.05       0.10        0.19       -0.25       -0.00      -0.00           0.03
        (H2, C, H3)   -0.00   -0.00   -0.00   0.00   -0.00      -0.25       0.19        1.60       -0.81       -0.00      -0.00          -0.22
        (H2, C, H4)   -0.00    0.00    0.00  -0.00   -0.00       0.19      -0.25       -0.81        1.60        0.00       0.00          -0.22
        (H3, C, H4)    0.00    0.00    0.00  -0.00   -0.00       0.00      -0.00       -0.00        0.00        0.00       0.00           0.00
         (C, S, H1)    0.00    0.00    0.00  -0.00   -0.00       0.00      -0.00       -0.00        0.00        0.00       0.00          -0.00
     (H2, C, S, H1)    0.00    0.00   -0.00  -0.00    0.00       0.03       0.03       -0.22       -0.22        0.00      -0.00           0.39

----- Extended Results: Exact PED, KED and TED analysis per mode -----

Normal mode at the following harmonic frequency: 1606 cm-1

Potential energy distribution matrix (normalization check: 1.0)

Internal Coordinate (C, H3) (C, H2) (S, H1) (C, S) (C, H4) (S, C, H3) (S, C, H4) (H2, C, H3) (H2, C, H4) (H3, C, H4) (C, S, H1) (H2, C, S, H1)
            (C, H3)    0.00   -0.00   -0.00  -0.00    0.00       0.00       0.00        0.00       -0.00       -0.00       0.00           0.00
            (C, H2)   -0.00    0.00   -0.00   0.00   -0.00       0.00       0.00       -0.00       -0.00       -0.00       0.00          -0.00
            (S, H1)   -0.00   -0.00    0.00   0.00   -0.00       0.00       0.00        0.00        0.00       -0.00       0.00           0.00
             (C, S)   -0.00    0.00    0.00   0.00   -0.00      -0.00      -0.00        0.00        0.00       -0.00       0.00          -0.00
            (C, H4)    0.00   -0.00   -0.00  -0.00    0.00       0.00       0.00       -0.00        0.00       -0.00       0.00          -0.00
         (S, C, H3)    0.00    0.00    0.00  -0.00    0.00       0.04       0.02        0.06        0.06       -0.15       0.00           0.00
         (S, C, H4)    0.00    0.00    0.00  -0.00    0.00       0.02       0.04        0.06        0.06       -0.15       0.00          -0.00
        (H2, C, H3)    0.00   -0.00    0.00   0.00   -0.00       0.06       0.06        0.31        0.16       -0.38       0.00           0.00
        (H2, C, H4)   -0.00   -0.00    0.00   0.00    0.00       0.06       0.06        0.16        0.31       -0.38       0.00          -0.00
        (H3, C, H4)   -0.00   -0.00   -0.00  -0.00   -0.00      -0.15      -0.15       -0.38       -0.38        1.57      -0.00           0.00
         (C, S, H1)    0.00    0.00    0.00   0.00    0.00       0.00       0.00        0.00        0.00       -0.00       0.00          -0.00
     (H2, C, S, H1)    0.00   -0.00    0.00  -0.00   -0.00       0.00      -0.00        0.00       -0.00        0.00      -0.00           0.00

Kinetic energy distribution matrix (normalization check: 1.0)

Internal Coordinate (C, H3) (C, H2) (S, H1) (C, S) (C, H4) (S, C, H3) (S, C, H4) (H2, C, H3) (H2, C, H4) (H3, C, H4) (C, S, H1) (H2, C, S, H1)
            (C, H3)    0.00   -0.00   -0.00  -0.00    0.00       0.00      -0.00       -0.00       -0.00        0.00       0.00           0.00
            (C, H2)   -0.00    0.00   -0.00   0.00   -0.00       0.00       0.00        0.00        0.00       -0.00       0.00           0.00
            (S, H1)   -0.00   -0.00    0.00  -0.00   -0.00      -0.00      -0.00       -0.00       -0.00        0.00      -0.00           0.00
             (C, S)   -0.00    0.00   -0.00   0.00   -0.00       0.00       0.00        0.01        0.01       -0.02      -0.00           0.00
            (C, H4)    0.00   -0.00   -0.00  -0.00    0.00      -0.00       0.00       -0.00       -0.00        0.00       0.00          -0.00
         (S, C, H3)    0.00    0.00   -0.00   0.00   -0.00       0.12       0.06        0.19        0.13       -0.48       0.00           0.00
         (S, C, H4)   -0.00    0.00   -0.00   0.00    0.00       0.06       0.12        0.13        0.19       -0.48       0.00          -0.00
        (H2, C, H3)   -0.00    0.00   -0.00   0.01   -0.00       0.19       0.13        0.64        0.32       -1.11      -0.00           0.00
        (H2, C, H4)   -0.00    0.00   -0.00   0.01   -0.00       0.13       0.19        0.32        0.64       -1.11      -0.00          -0.00
        (H3, C, H4)    0.00   -0.00    0.00  -0.02    0.00      -0.48      -0.48       -1.11       -1.11        3.87       0.00          -0.00
         (C, S, H1)    0.00    0.00   -0.00  -0.00    0.00       0.00       0.00       -0.00       -0.00        0.00       0.00          -0.00
     (H2, C, S, H1)    0.00    0.00    0.00   0.00   -0.00       0.00      -0.00        0.00       -0.00       -0.00      -0.00           0.00

Total energy distribution matrix (normalization check: 1.0)

Internal Coordinate (C, H3) (C, H2) (S, H1) (C, S) (C, H4) (S, C, H3) (S, C, H4) (H2, C, H3) (H2, C, H4) (H3, C, H4) (C, S, H1) (H2, C, S, H1)
            (C, H3)    0.00   -0.00   -0.00  -0.00    0.00       0.00      -0.00        0.00       -0.00       -0.00       0.00           0.00
            (C, H2)   -0.00    0.00   -0.00   0.00   -0.00       0.00       0.00        0.00        0.00       -0.00       0.00           0.00
            (S, H1)   -0.00   -0.00    0.00  -0.00   -0.00      -0.00      -0.00       -0.00       -0.00        0.00      -0.00           0.00
             (C, S)   -0.00    0.00   -0.00   0.00   -0.00       0.00       0.00        0.00        0.00       -0.01       0.00           0.00
            (C, H4)    0.00   -0.00   -0.00  -0.00    0.00      -0.00       0.00       -0.00        0.00       -0.00       0.00          -0.00
         (S, C, H3)    0.00    0.00   -0.00   0.00   -0.00       0.08       0.04        0.13        0.10       -0.31       0.00           0.00
         (S, C, H4)   -0.00    0.00   -0.00   0.00    0.00       0.04       0.08        0.10        0.13       -0.31       0.00          -0.00
        (H2, C, H3)    0.00    0.00   -0.00   0.00   -0.00       0.13       0.10        0.48        0.24       -0.75       0.00           0.00
        (H2, C, H4)   -0.00    0.00   -0.00   0.00    0.00       0.10       0.13        0.24        0.48       -0.75       0.00          -0.00
        (H3, C, H4)   -0.00   -0.00    0.00  -0.01   -0.00      -0.31      -0.31       -0.75       -0.75        2.72      -0.00          -0.00
         (C, S, H1)    0.00    0.00   -0.00   0.00    0.00       0.00       0.00        0.00        0.00       -0.00       0.00          -0.00
     (H2, C, S, H1)    0.00    0.00    0.00   0.00   -0.00       0.00      -0.00        0.00       -0.00       -0.00      -0.00           0.00

----- Extended Results: Exact PED, KED and TED analysis per mode -----

Normal mode at the following harmonic frequency: 2864 cm-1

Potential energy distribution matrix (normalization check: 1.0)

Internal Coordinate (C, H3) (C, H2) (S, H1) (C, S) (C, H4) (S, C, H3) (S, C, H4) (H2, C, H3) (H2, C, H4) (H3, C, H4) (C, S, H1) (H2, C, S, H1)
            (C, H3)    0.00   -0.00   -0.00   0.00    0.00      -0.00      -0.00        0.00       -0.00        0.00      -0.00           0.00
            (C, H2)   -0.00    0.00   -0.00  -0.00   -0.00      -0.00      -0.00       -0.00       -0.00        0.00      -0.00          -0.00
            (S, H1)   -0.00   -0.00    1.00  -0.00   -0.00      -0.00      -0.00        0.00        0.00        0.00      -0.00           0.00
             (C, S)    0.00   -0.00   -0.00   0.00    0.00      -0.00      -0.00       -0.00       -0.00       -0.00       0.00           0.00
            (C, H4)    0.00   -0.00   -0.00   0.00    0.00      -0.00      -0.00       -0.00        0.00        0.00      -0.00          -0.00
         (S, C, H3)   -0.00   -0.00   -0.00  -0.00   -0.00       0.00       0.00       -0.00       -0.00       -0.00       0.00          -0.00
         (S, C, H4)   -0.00   -0.00   -0.00  -0.00   -0.00       0.00       0.00       -0.00       -0.00       -0.00       0.00           0.00
        (H2, C, H3)    0.00   -0.00    0.00  -0.00   -0.00      -0.00      -0.00        0.00        0.00        0.00      -0.00           0.00
        (H2, C, H4)   -0.00   -0.00    0.00  -0.00    0.00      -0.00      -0.00        0.00        0.00        0.00      -0.00          -0.00
        (H3, C, H4)    0.00    0.00    0.00  -0.00    0.00      -0.00      -0.00        0.00        0.00        0.00      -0.00          -0.00
         (C, S, H1)   -0.00   -0.00   -0.00   0.00   -0.00       0.00       0.00       -0.00       -0.00       -0.00       0.00           0.00
     (H2, C, S, H1)    0.00   -0.00    0.00   0.00   -0.00      -0.00       0.00        0.00       -0.00       -0.00       0.00           0.00

Kinetic energy distribution matrix (normalization check: 1.0)

Internal Coordinate (C, H3) (C, H2) (S, H1) (C, S) (C, H4) (S, C, H3) (S, C, H4) (H2, C, H3) (H2, C, H4) (H3, C, H4) (C, S, H1) (H2, C, S, H1)
            (C, H3)    0.00   -0.00   -0.00   0.00    0.00      -0.00       0.00       -0.00       -0.00       -0.00      -0.00           0.00
            (C, H2)   -0.00    0.00   -0.00  -0.00   -0.00      -0.00      -0.00        0.00        0.00        0.00      -0.00           0.00
            (S, H1)   -0.00   -0.00    1.38   0.00   -0.00       0.00       0.00       -0.00       -0.00       -0.00       0.00           0.00
             (C, S)    0.00   -0.00    0.00   0.00    0.00       0.00       0.00       -0.00       -0.00       -0.00      -0.00          -0.00
            (C, H4)    0.00   -0.00   -0.00   0.00    0.00       0.00      -0.00       -0.00       -0.00       -0.00      -0.00          -0.00
         (S, C, H3)   -0.00   -0.00    0.00   0.00    0.00       0.00       0.00       -0.00       -0.00       -0.00       0.00          -0.00
         (S, C, H4)    0.00   -0.00    0.00   0.00   -0.00       0.00       0.00       -0.00       -0.00       -0.00       0.00           0.00
        (H2, C, H3)   -0.00    0.00   -0.00  -0.00   -0.00      -0.00      -0.00        0.00        0.00        0.00       0.00           0.00
        (H2, C, H4)   -0.00    0.00   -0.00  -0.00   -0.00      -0.00      -0.00        0.00        0.00        0.00       0.00          -0.00
        (H3, C, H4)   -0.00    0.00   -0.00  -0.00   -0.00      -0.00      -0.00        0.00        0.00        0.00       0.00           0.00
         (C, S, H1)   -0.00   -0.00    0.00  -0.00   -0.00       0.00       0.00        0.00        0.00        0.00       0.00           0.00
     (H2, C, S, H1)    0.00    0.00    0.00  -0.00   -0.00      -0.00       0.00        0.00       -0.00        0.00       0.00           0.00

Total energy distribution matrix (normalization check: 1.0)

Internal Coordinate (C, H3) (C, H2) (S, H1) (C, S) (C, H4) (S, C, H3) (S, C, H4) (H2, C, H3) (H2, C, H4) (H3, C, H4) (C, S, H1) (H2, C, S, H1)
            (C, H3)    0.00   -0.00   -0.00   0.00    0.00      -0.00       0.00       -0.00       -0.00       -0.00      -0.00           0.00
            (C, H2)   -0.00    0.00   -0.00  -0.00   -0.00      -0.00      -0.00        0.00        0.00        0.00      -0.00           0.00
            (S, H1)   -0.00   -0.00    1.19   0.00   -0.00       0.00       0.00       -0.00       -0.00       -0.00       0.00           0.00
             (C, S)    0.00   -0.00    0.00   0.00    0.00       0.00       0.00       -0.00       -0.00       -0.00      -0.00          -0.00
            (C, H4)    0.00   -0.00   -0.00   0.00    0.00       0.00      -0.00       -0.00       -0.00       -0.00      -0.00          -0.00
         (S, C, H3)   -0.00   -0.00    0.00   0.00    0.00       0.00       0.00       -0.00       -0.00       -0.00       0.00          -0.00
         (S, C, H4)    0.00   -0.00    0.00   0.00   -0.00       0.00       0.00       -0.00       -0.00       -0.00       0.00           0.00
        (H2, C, H3)   -0.00    0.00   -0.00  -0.00   -0.00      -0.00      -0.00        0.00        0.00        0.00       0.00           0.00
        (H2, C, H4)   -0.00    0.00   -0.00  -0.00   -0.00      -0.00      -0.00        0.00        0.00        0.00       0.00          -0.00
        (H3, C, H4)   -0.00    0.00   -0.00  -0.00   -0.00      -0.00      -0.00        0.00        0.00        0.00       0.00           0.00
         (C, S, H1)   -0.00   -0.00    0.00  -0.00   -0.00       0.00       0.00        0.00        0.00        0.00       0.00           0.00
     (H2, C, S, H1)    0.00    0.00    0.00  -0.00   -0.00      -0.00       0.00        0.00       -0.00        0.00       0.00           0.00

----- Extended Results: Exact PED, KED and TED analysis per mode -----

Normal mode at the following harmonic frequency: 3197 cm-1

Potential energy distribution matrix (normalization check: 1.0)

Internal Coordinate (C, H3) (C, H2) (S, H1) (C, S) (C, H4) (S, C, H3) (S, C, H4) (H2, C, H3) (H2, C, H4) (H3, C, H4) (C, S, H1) (H2, C, S, H1)
            (C, H3)    0.34    0.00   -0.00  -0.00    0.00       0.00       0.00       -0.00        0.00       -0.00      -0.00          -0.00
            (C, H2)    0.00    0.31    0.00  -0.00    0.00      -0.00      -0.00       -0.00       -0.00        0.00       0.00          -0.00
            (S, H1)   -0.00    0.00    0.00   0.00   -0.00       0.00       0.00       -0.00       -0.00       -0.00      -0.00          -0.00
             (C, S)   -0.00   -0.00    0.00   0.00   -0.00      -0.00      -0.00       -0.00       -0.00       -0.00      -0.00           0.00
            (C, H4)    0.00    0.00   -0.00  -0.00    0.34       0.00       0.00        0.00       -0.00       -0.00      -0.00           0.00
         (S, C, H3)    0.00   -0.00    0.00  -0.00    0.00       0.00       0.00       -0.00       -0.00       -0.00      -0.00          -0.00
         (S, C, H4)    0.00   -0.00    0.00  -0.00    0.00       0.00       0.00       -0.00       -0.00       -0.00      -0.00           0.00
        (H2, C, H3)   -0.00   -0.00   -0.00  -0.00    0.00      -0.00      -0.00        0.00        0.00        0.00       0.00           0.00
        (H2, C, H4)    0.00   -0.00   -0.00  -0.00   -0.00      -0.00      -0.00        0.00        0.00        0.00       0.00          -0.00
        (H3, C, H4)   -0.00    0.00   -0.00  -0.00   -0.00      -0.00      -0.00        0.00        0.00        0.00       0.00          -0.00
         (C, S, H1)   -0.00    0.00   -0.00  -0.00   -0.00      -0.00      -0.00        0.00        0.00        0.00       0.00          -0.00
     (H2, C, S, H1)   -0.00   -0.00   -0.00   0.00    0.00      -0.00       0.00        0.00       -0.00       -0.00      -0.00           0.00

Kinetic energy distribution matrix (normalization check: 1.0)

Internal Coordinate (C, H3) (C, H2) (S, H1) (C, S) (C, H4) (S, C, H3) (S, C, H4) (H2, C, H3) (H2, C, H4) (H3, C, H4) (C, S, H1) (H2, C, S, H1)
            (C, H3)    0.37    0.00   -0.00  -0.01    0.00       0.00      -0.00        0.00        0.00        0.00      -0.00          -0.00
            (C, H2)    0.00    0.33    0.00  -0.01    0.00      -0.00      -0.00        0.00        0.00        0.00       0.00           0.00
            (S, H1)   -0.00    0.00    0.00  -0.00   -0.00      -0.00      -0.00        0.00        0.00        0.00       0.00          -0.00
             (C, S)   -0.01   -0.01   -0.00   0.02   -0.01       0.00       0.00       -0.00       -0.00       -0.00       0.00          -0.00
            (C, H4)    0.00    0.00   -0.00  -0.01    0.37      -0.00       0.00        0.00        0.00        0.00      -0.00           0.00
         (S, C, H3)    0.00   -0.00   -0.00   0.00   -0.00       0.00       0.00       -0.00       -0.00       -0.00      -0.00          -0.00
         (S, C, H4)   -0.00   -0.00   -0.00   0.00    0.00       0.00       0.00       -0.00       -0.00       -0.00      -0.00           0.00
        (H2, C, H3)    0.00    0.00    0.00  -0.00    0.00      -0.00      -0.00        0.00        0.00        0.00      -0.00           0.00
        (H2, C, H4)    0.00    0.00    0.00  -0.00    0.00      -0.00      -0.00        0.00        0.00        0.00      -0.00          -0.00
        (H3, C, H4)    0.00    0.00    0.00  -0.00    0.00      -0.00      -0.00        0.00        0.00        0.00      -0.00           0.00
         (C, S, H1)   -0.00    0.00    0.00   0.00   -0.00      -0.00      -0.00       -0.00       -0.00       -0.00       0.00          -0.00
     (H2, C, S, H1)   -0.00    0.00   -0.00  -0.00    0.00      -0.00       0.00        0.00       -0.00        0.00      -0.00           0.00

Total energy distribution matrix (normalization check: 1.0)

Internal Coordinate (C, H3) (C, H2) (S, H1) (C, S) (C, H4) (S, C, H3) (S, C, H4) (H2, C, H3) (H2, C, H4) (H3, C, H4) (C, S, H1) (H2, C, S, H1)
            (C, H3)    0.35    0.00   -0.00  -0.01    0.00       0.00      -0.00        0.00        0.00        0.00      -0.00          -0.00
            (C, H2)    0.00    0.32    0.00  -0.00    0.00      -0.00      -0.00        0.00        0.00        0.00       0.00           0.00
            (S, H1)   -0.00    0.00    0.00  -0.00   -0.00      -0.00      -0.00        0.00        0.00        0.00       0.00          -0.00
             (C, S)   -0.01   -0.00   -0.00   0.01   -0.01       0.00       0.00       -0.00       -0.00       -0.00       0.00          -0.00
            (C, H4)    0.00    0.00   -0.00  -0.01    0.35      -0.00       0.00        0.00        0.00        0.00      -0.00           0.00
         (S, C, H3)    0.00   -0.00   -0.00   0.00   -0.00       0.00       0.00       -0.00       -0.00       -0.00      -0.00          -0.00
         (S, C, H4)   -0.00   -0.00   -0.00   0.00    0.00       0.00       0.00       -0.00       -0.00       -0.00      -0.00           0.00
        (H2, C, H3)    0.00    0.00    0.00  -0.00    0.00      -0.00      -0.00        0.00        0.00        0.00      -0.00           0.00
        (H2, C, H4)    0.00    0.00    0.00  -0.00    0.00      -0.00      -0.00        0.00        0.00        0.00      -0.00          -0.00
        (H3, C, H4)    0.00    0.00    0.00  -0.00    0.00      -0.00      -0.00        0.00        0.00        0.00      -0.00           0.00
         (C, S, H1)   -0.00    0.00    0.00   0.00   -0.00      -0.00      -0.00       -0.00       -0.00       -0.00       0.00          -0.00
     (H2, C, S, H1)   -0.00    0.00   -0.00  -0.00    0.00      -0.00       0.00        0.00       -0.00        0.00      -0.00           0.00

----- Extended Results: Exact PED, KED and TED analysis per mode -----

Normal mode at the following harmonic frequency: 3283 cm-1

Potential energy distribution matrix (normalization check: 1.0)

Internal Coordinate (C, H3) (C, H2) (S, H1) (C, S) (C, H4) (S, C, H3) (S, C, H4) (H2, C, H3) (H2, C, H4) (H3, C, H4) (C, S, H1) (H2, C, S, H1)
            (C, H3)    0.16   -0.00    0.00  -0.00    0.00      -0.00      -0.00        0.00       -0.00       -0.00      -0.00          -0.00
            (C, H2)   -0.00    0.70    0.00   0.00   -0.00      -0.00      -0.00       -0.00       -0.00       -0.00      -0.00           0.00
            (S, H1)    0.00    0.00    0.00  -0.00    0.00       0.00       0.00       -0.00       -0.00        0.00       0.00           0.00
             (C, S)   -0.00    0.00   -0.00   0.00   -0.00       0.00       0.00        0.00        0.00       -0.00      -0.00           0.00
            (C, H4)    0.00   -0.00    0.00  -0.00    0.16      -0.00      -0.00       -0.00        0.00       -0.00      -0.00           0.00
         (S, C, H3)   -0.00   -0.00    0.00   0.00   -0.00       0.00       0.00       -0.00       -0.00        0.00       0.00           0.00
         (S, C, H4)   -0.00   -0.00    0.00   0.00   -0.00       0.00       0.00       -0.00       -0.00        0.00       0.00          -0.00
        (H2, C, H3)    0.00   -0.00   -0.00   0.00   -0.00      -0.00      -0.00        0.00        0.00       -0.00      -0.00          -0.00
        (H2, C, H4)   -0.00   -0.00   -0.00   0.00    0.00      -0.00      -0.00        0.00        0.00       -0.00      -0.00           0.00
        (H3, C, H4)   -0.00   -0.00    0.00  -0.00   -0.00       0.00       0.00       -0.00       -0.00        0.00       0.00          -0.00
         (C, S, H1)   -0.00   -0.00    0.00  -0.00   -0.00       0.00       0.00       -0.00       -0.00        0.00       0.00          -0.00
     (H2, C, S, H1)   -0.00    0.00    0.00   0.00    0.00       0.00      -0.00       -0.00        0.00       -0.00      -0.00           0.00

Kinetic energy distribution matrix (normalization check: 1.0)

Internal Coordinate (C, H3) (C, H2) (S, H1) (C, S) (C, H4) (S, C, H3) (S, C, H4) (H2, C, H3) (H2, C, H4) (H3, C, H4) (C, S, H1) (H2, C, S, H1)
            (C, H3)    0.18   -0.00    0.00  -0.00    0.00      -0.00       0.00       -0.00       -0.00        0.00      -0.00          -0.00
            (C, H2)   -0.00    0.78    0.00   0.00   -0.00      -0.00      -0.00        0.00        0.00       -0.01      -0.00          -0.00
            (S, H1)    0.00    0.00    0.00   0.00    0.00      -0.00      -0.00        0.00        0.00       -0.00      -0.00           0.00
             (C, S)   -0.00    0.00    0.00   0.00   -0.00      -0.00      -0.00        0.00        0.00       -0.00       0.00          -0.00
            (C, H4)    0.00   -0.00    0.00  -0.00    0.18       0.00      -0.00       -0.00       -0.00        0.00      -0.00           0.00
         (S, C, H3)   -0.00   -0.00   -0.00  -0.00    0.00       0.00       0.00       -0.00       -0.00        0.01       0.00           0.00
         (S, C, H4)    0.00   -0.00   -0.00  -0.00   -0.00       0.00       0.00       -0.00       -0.00        0.01       0.00          -0.00
        (H2, C, H3)   -0.00    0.00    0.00   0.00   -0.00      -0.00      -0.00        0.00        0.00       -0.01       0.00          -0.00
        (H2, C, H4)   -0.00    0.00    0.00   0.00   -0.00      -0.00      -0.00        0.00        0.00       -0.01       0.00           0.00
        (H3, C, H4)    0.00   -0.01   -0.00  -0.00    0.00       0.01       0.01       -0.01       -0.01        0.02      -0.00           0.00
         (C, S, H1)   -0.00   -0.00   -0.00   0.00   -0.00       0.00       0.00        0.00        0.00       -0.00       0.01          -0.00
     (H2, C, S, H1)   -0.00   -0.00    0.00  -0.00    0.00       0.00      -0.00       -0.00        0.00        0.00      -0.00           0.00

Total energy distribution matrix (normalization check: 1.0)

Internal Coordinate (C, H3) (C, H2) (S, H1) (C, S) (C, H4) (S, C, H3) (S, C, H4) (H2, C, H3) (H2, C, H4) (H3, C, H4) (C, S, H1) (H2, C, S, H1)
            (C, H3)    0.17   -0.00    0.00  -0.00    0.00      -0.00       0.00       -0.00       -0.00        0.00      -0.00          -0.00
            (C, H2)   -0.00    0.74    0.00   0.00   -0.00      -0.00      -0.00        0.00        0.00       -0.00      -0.00          -0.00
            (S, H1)    0.00    0.00    0.00   0.00    0.00      -0.00      -0.00        0.00        0.00       -0.00      -0.00           0.00
             (C, S)   -0.00    0.00    0.00   0.00   -0.00      -0.00      -0.00        0.00        0.00       -0.00       0.00          -0.00
            (C, H4)    0.00   -0.00    0.00  -0.00    0.17       0.00      -0.00       -0.00       -0.00        0.00      -0.00           0.00
         (S, C, H3)   -0.00   -0.00   -0.00  -0.00    0.00       0.00       0.00       -0.00       -0.00        0.00       0.00           0.00
         (S, C, H4)    0.00   -0.00   -0.00  -0.00   -0.00       0.00       0.00       -0.00       -0.00        0.00       0.00          -0.00
        (H2, C, H3)   -0.00    0.00    0.00   0.00   -0.00      -0.00      -0.00        0.00        0.00       -0.00       0.00          -0.00
        (H2, C, H4)   -0.00    0.00    0.00   0.00   -0.00      -0.00      -0.00        0.00        0.00       -0.00       0.00           0.00
        (H3, C, H4)    0.00   -0.00   -0.00  -0.00    0.00       0.00       0.00       -0.00       -0.00        0.01      -0.00           0.00
         (C, S, H1)   -0.00   -0.00   -0.00   0.00   -0.00       0.00       0.00        0.00        0.00       -0.00       0.00          -0.00
     (H2, C, S, H1)   -0.00   -0.00    0.00  -0.00    0.00       0.00      -0.00       -0.00        0.00        0.00      -0.00           0.00

----- Extended Results: Exact PED, KED and TED analysis per mode -----

Normal mode at the following harmonic frequency: 3284 cm-1

Potential energy distribution matrix (normalization check: 1.0)

Internal Coordinate (C, H3) (C, H2) (S, H1) (C, S) (C, H4) (S, C, H3) (S, C, H4) (H2, C, H3) (H2, C, H4) (H3, C, H4) (C, S, H1) (H2, C, S, H1)
            (C, H3)    0.51   -0.00    0.00  -0.00   -0.00      -0.00       0.00       -0.00       -0.00       -0.00      -0.00           0.00
            (C, H2)   -0.00    0.00    0.00   0.00    0.00      -0.00       0.00        0.00       -0.00       -0.00      -0.00          -0.00
            (S, H1)    0.00    0.00    0.00  -0.00   -0.00       0.00      -0.00        0.00       -0.00        0.00       0.00          -0.00
             (C, S)   -0.00    0.00   -0.00   0.00    0.00       0.00      -0.00       -0.00        0.00       -0.00      -0.00          -0.00
            (C, H4)   -0.00    0.00   -0.00   0.00    0.51       0.00      -0.00       -0.00       -0.00        0.00       0.00           0.00
         (S, C, H3)   -0.00   -0.00    0.00   0.00    0.00       0.00      -0.00        0.00       -0.00        0.00       0.00          -0.00
         (S, C, H4)    0.00    0.00   -0.00  -0.00   -0.00      -0.00       0.00       -0.00        0.00       -0.00      -0.00          -0.00
        (H2, C, H3)   -0.00    0.00    0.00  -0.00   -0.00       0.00      -0.00        0.00       -0.00        0.00       0.00          -0.00
        (H2, C, H4)   -0.00   -0.00   -0.00   0.00   -0.00      -0.00       0.00       -0.00        0.00       -0.00      -0.00          -0.00
        (H3, C, H4)   -0.00   -0.00    0.00  -0.00    0.00       0.00      -0.00        0.00       -0.00        0.00       0.00           0.00
         (C, S, H1)   -0.00   -0.00    0.00  -0.00    0.00       0.00      -0.00        0.00       -0.00        0.00       0.00           0.00
     (H2, C, S, H1)    0.00   -0.00   -0.00  -0.00    0.00      -0.00      -0.00       -0.00       -0.00        0.00       0.00           0.00

Kinetic energy distribution matrix (normalization check: 1.0)

Internal Coordinate (C, H3) (C, H2) (S, H1) (C, S) (C, H4) (S, C, H3) (S, C, H4) (H2, C, H3) (H2, C, H4) (H3, C, H4) (C, S, H1) (H2, C, S, H1)
            (C, H3)    0.58   -0.00    0.00  -0.00   -0.01      -0.00      -0.00        0.00       -0.00        0.00      -0.00           0.00
            (C, H2)   -0.00    0.00    0.00   0.00    0.00      -0.00       0.00       -0.00        0.00       -0.00      -0.00           0.00
            (S, H1)    0.00    0.00    0.00   0.00   -0.00      -0.00       0.00       -0.00        0.00       -0.00      -0.00          -0.00
             (C, S)   -0.00    0.00    0.00   0.00    0.00      -0.00       0.00       -0.00        0.00       -0.00       0.00           0.00
            (C, H4)   -0.01    0.00   -0.00   0.00    0.58      -0.00      -0.00       -0.00        0.00       -0.00       0.00           0.00
         (S, C, H3)   -0.00   -0.00   -0.00  -0.00   -0.00       0.02      -0.01        0.01       -0.01        0.00       0.00          -0.00
         (S, C, H4)   -0.00    0.00    0.00   0.00   -0.00      -0.01       0.02       -0.01        0.01       -0.00      -0.00          -0.00
        (H2, C, H3)    0.00   -0.00   -0.00  -0.00   -0.00       0.01      -0.01        0.01       -0.00        0.00      -0.00          -0.00
        (H2, C, H4)   -0.00    0.00    0.00   0.00    0.00      -0.01       0.01       -0.00        0.01       -0.00       0.00          -0.00
        (H3, C, H4)    0.00   -0.00   -0.00  -0.00   -0.00       0.00      -0.00        0.00       -0.00        0.00      -0.00          -0.00
         (C, S, H1)   -0.00   -0.00   -0.00   0.00    0.00       0.00      -0.00       -0.00        0.00       -0.00       0.00           0.00
     (H2, C, S, H1)    0.00    0.00   -0.00   0.00    0.00      -0.00      -0.00       -0.00       -0.00       -0.00       0.00           0.01

Total energy distribution matrix (normalization check: 1.0)

Internal Coordinate (C, H3) (C, H2) (S, H1) (C, S) (C, H4) (S, C, H3) (S, C, H4) (H2, C, H3) (H2, C, H4) (H3, C, H4) (C, S, H1) (H2, C, S, H1)
            (C, H3)    0.54   -0.00    0.00  -0.00   -0.01      -0.00      -0.00        0.00       -0.00        0.00      -0.00           0.00
            (C, H2)   -0.00    0.00    0.00   0.00    0.00      -0.00       0.00       -0.00        0.00       -0.00      -0.00           0.00
            (S, H1)    0.00    0.00    0.00   0.00   -0.00      -0.00       0.00       -0.00        0.00       -0.00      -0.00          -0.00
             (C, S)   -0.00    0.00    0.00   0.00    0.00      -0.00       0.00       -0.00        0.00       -0.00       0.00           0.00
            (C, H4)   -0.01    0.00   -0.00   0.00    0.54      -0.00      -0.00       -0.00        0.00       -0.00       0.00           0.00
         (S, C, H3)   -0.00   -0.00   -0.00  -0.00   -0.00       0.01      -0.01        0.01       -0.00        0.00       0.00          -0.00
         (S, C, H4)   -0.00    0.00    0.00   0.00   -0.00      -0.01       0.01       -0.00        0.01       -0.00      -0.00          -0.00
        (H2, C, H3)    0.00   -0.00   -0.00  -0.00   -0.00       0.01      -0.00        0.01       -0.00        0.00      -0.00          -0.00
        (H2, C, H4)   -0.00    0.00    0.00   0.00    0.00      -0.00       0.01       -0.00        0.01       -0.00       0.00          -0.00
        (H3, C, H4)    0.00   -0.00   -0.00  -0.00   -0.00       0.00      -0.00        0.00       -0.00        0.00      -0.00          -0.00
         (C, S, H1)   -0.00   -0.00   -0.00   0.00    0.00       0.00      -0.00       -0.00        0.00       -0.00       0.00           0.00
     (H2, C, S, H1)    0.00    0.00   -0.00   0.00    0.00      -0.00      -0.00       -0.00       -0.00       -0.00       0.00           0.01

