 .__   __.   ______   .___  ___.   ______    _______   _______   ______   ______      .______   ____    ____ 
 |  \ |  |  /  __  \  |   \/   |  /  __  \  |       \ |   ____| /      | /  __  \     |   _  \  \   \  /   / 
 |   \|  | |  |  |  | |  \  /  | |  |  |  | |  .--.  ||  |__   |  ,----'|  |  |  |    |  |_)  |  \   \/   /  
 |  . `  | |  |  |  | |  |\/|  | |  |  |  | |  |  |  ||   __|  |  |     |  |  |  |    |   ___/    \_    _/   
 |  |\   | |  `--'  | |  |  |  | |  `--'  | |  '--'  ||  |____ |  `----.|  `--'  |  __|  |          |  |     
 |__| \__|  \______/  |__|  |__|  \______/  |_______/ |_______| \______| \______/  (__) _|          |__|     
                                                                                                             


**************************************************************************************************************
                         Kemal Önen, Lukas Meinschad, Dennis F. Dinu, Klaus R. Liedl                          
                                      Liedl Lab, University of Innsbruck                                      
**************************************************************************************************************

Planar system detected. Therefore out-of-plane angles are used in your analysis. Note that out-of-plane angles tend to perform worse
than the other internal coordinates in terms of computational cost and in the decomposition. However they can be
useful for planar systems.

The detected point group is Cs
The following equivalent atoms were found: [['O'], ['C'], ['F'], ['H1'], ['H2'], ['H3']] 

The following primitive internals (bonds, (in-plane) angles, linear valence angles, out-of-plane angles and torsions) were generated:
bonds: [('O', 'C'), ('H1', 'O'), ('C', 'H2'), ('F', 'H1'), ('C', 'H3')]
in-plane angles: [('O', 'C', 'H2'), ('O', 'C', 'H3'), ('H2', 'C', 'H3'), ('C', 'O', 'H1'), ('O', 'H1', 'F')]
linear valence-angles: []
out-of-plane angles: [('C', 'O', 'H2', 'H3'), ('C', 'H2', 'O', 'H3'), ('C', 'H3', 'O', 'H2')]
dihedrals: [('C', 'O', 'H1', 'F'), ('H1', 'O', 'C', 'H3'), ('H1', 'O', 'C', 'H2')]

12 internal coordinates are at least needed for the decomposition scheme.

------------------------------Generation of intermolecular internal coordinates-------------------------------

The following intermolecular internal coordinates (bonds, (in-plane) angles, linear valance angles, out-of-plane angles and torsions) were generated:
Hydrogen bonds: [('H1', 'O')]
Acceptor donor bonds: [('O', 'F')]
Hydrogen bond in-plane angles: [('C', 'O', 'H1'), ('O', 'H1', 'F')]
Acceptor donor in-plane angles: [('C', 'O', 'F'), ('O', 'F', 'H1')]
Hydrogen bond bond linear valence-angles: []
Acceptor donor bond linear valence-angles: []
Hydrogen bond dihedrals: [('C', 'O', 'H1', 'F'), ('H1', 'O', 'C', 'H3'), ('H1', 'O', 'C', 'H2')]
Acceptor donor bond dihedrals: [('C', 'O', 'F', 'H1'), ('F', 'O', 'C', 'H2'), ('F', 'O', 'C', 'H3')]
Hydrogen bond out-of-plane angles: []
Acceptor donor bond out-of-plane angles: []
---------------------------Generation of internal coordinate sets for submolecules----------------------------

The following covalent submolecules where found in the structure: [{'C', 'H2', 'H3', 'O'}, {'H1', 'F'}]
Generated IC sets for submolecule 0: 3
Generated IC sets for submolecule 1: 1

-------------------------------- Initialization of an internal coordinate set --------------------------------

The following 12 Internal Coordinates are used in your analysis:
bonds: [('O', 'F'), ('O', 'C'), ('C', 'H2'), ('C', 'H3'), ('F', 'H1')]
in-plane angles: [('O', 'H1', 'F'), ('C', 'O', 'F'), ('O', 'C', 'H3'), ('H2', 'C', 'H3')]
linear valence-angles: []
out-of-plane angles: [('C', 'H3', 'O', 'H2')]
dihedrals: [('C', 'O', 'F', 'H1'), ('F', 'O', 'C', 'H2')]



The final set contains the following intermolecular internal coordinates:
Hydrogen bonds: []
Acceptor donor bonds: [('O', 'F')]
Hydrogen bond in-plane angles: [('O', 'H1', 'F')]
Acceptor donor in-plane angles: [('C', 'O', 'F')]
Hydrogen bond linear valence-angles: []
Acceptor bond linear valence-angles: []
Hydrogen bond dihedrals: []
Acceptor bond dihedrals: [('C', 'O', 'F', 'H1'), ('F', 'O', 'C', 'H2')]
Hydrogen bond out-of-plane angles: []
Acceptor bond out-of-plane angles: []
-------------------------- Results of the Decomposition Scheme ---------------------------

1.) Intrinsic Frequencies for all normal-coordinate frequencies and
    vibrational distribution matrix (exact approximation) at the following
    harmonic frequencies (all frequency values in cm-1):

Internal Coordinate Intrinsic Frequencies    79   211   220   629   686  1349  1373  1652  1983  3130  3216  4288
             (O, F)                232.52  0.08  0.00  0.92  0.00  0.00  0.00  0.00  0.00 -0.00  0.00  0.00  0.00
             (O, C)               1960.34 -0.00 -0.00 -0.00 -0.00 -0.00 -0.00 -0.00  0.09  0.91  0.00  0.00  0.00
            (C, H2)               3171.69 -0.00  0.00  0.00  0.00  0.00  0.00  0.00  0.00  0.00  0.50  0.50  0.00
            (C, H3)               3171.72  0.00  0.00  0.00  0.00  0.00 -0.00  0.00  0.00 -0.00  0.50  0.50  0.00
            (F, H1)               4284.24  0.00  0.00  0.00  0.00  0.00  0.00  0.00  0.00  0.00  0.00  0.00  1.00
         (O, H1, F)                696.87  0.01  0.00  0.01  0.00  0.98  0.00  0.00 -0.00 -0.00  0.00  0.00  0.00
          (C, O, F)                143.87  0.91  0.00  0.07  0.00  0.02  0.00  0.00 -0.00 -0.00 -0.00  0.00 -0.00
         (O, C, H3)               1369.84  0.00  0.00  0.00 -0.00  0.00 -0.00  1.00 -0.01 -0.00 -0.00  0.00  0.00
        (H2, C, H3)               1685.59  0.00 -0.00 -0.00 -0.00 -0.00 -0.00 -0.01  0.91  0.10 -0.00 -0.00  0.00
     (C, H3, O, H2)                739.93  0.00  0.75  0.00  0.04  0.00  0.28 -0.00 -0.00  0.00  0.00  0.00  0.00
      (C, O, F, H1)                675.56  0.00  0.03  0.00  1.01  0.00  0.00 -0.00  0.00 -0.00 -0.00 -0.00  0.00
      (F, O, C, H2)               1366.14  0.00  0.29  0.00  0.01  0.00  0.85 -0.00 -0.00  0.00  0.00  0.00 -0.00

Check if matrix is normalized: 1.0

2.) Intrinsic Frequencies for all normal-coordinate frequencies and
    diagonal elements of the PED matrix at the following
    harmonic frequencies (all frequency values in cm-1):

Internal Coordinate Intrinsic Frequencies   79   211  220  629  686 1349 1373 1652 1983 3130 3216 4288
             (O, F)                232.52 0.13  0.00 0.90 0.00 0.00 0.00 0.00 0.00 0.00 0.00 0.00 0.00
             (O, C)               1960.34 0.00  0.00 0.00 0.00 0.00 0.00 0.00 0.06 0.96 0.01 0.00 0.00
            (C, H2)               3171.69 0.00  0.00 0.00 0.00 0.00 0.00 0.00 0.00 0.00 0.50 0.51 0.00
            (C, H3)               3171.72 0.00  0.00 0.00 0.00 0.00 0.00 0.00 0.00 0.00 0.50 0.51 0.00
            (F, H1)               4284.24 0.00  0.00 0.00 0.00 0.00 0.00 0.00 0.00 0.00 0.00 0.00 1.00
         (O, H1, F)                696.87 0.97  0.00 0.05 0.00 0.97 0.00 0.00 0.00 0.00 0.00 0.00 0.00
          (C, O, F)                143.87 1.90  0.00 0.10 0.00 0.00 0.00 0.00 0.00 0.00 0.00 0.00 0.00
         (O, C, H3)               1369.84 0.00  0.00 0.00 0.00 0.00 0.00 1.01 0.43 0.07 0.00 0.01 0.00
        (H2, C, H3)               1685.59 0.00  0.00 0.00 0.00 0.00 0.00 0.00 1.32 0.22 0.00 0.00 0.00
     (C, H3, O, H2)                739.93 0.00 16.77 0.00 0.06 0.00 0.09 0.00 0.00 0.00 0.00 0.00 0.00
      (C, O, F, H1)                675.56 0.00  0.33 0.00 1.13 0.00 0.00 0.00 0.00 0.00 0.00 0.00 0.00
      (F, O, C, H2)               1366.14 0.00 20.96 0.00 0.03 0.00 0.72 0.00 0.00 0.00 0.00 0.00 0.00

3.) Intrinsic Frequencies for all normal-coordinate frequencies and
    contribution table calculated from the diagonal elements of the PED at the following
    harmonic frequencies (all frequency values in cm-1):

Internal Coordinate Intrinsic Frequencies    79   211   220   629   686  1349  1373  1652  1983  3130  3216  4288
             (O, F)                232.52  4.21  0.00 84.38  0.00  0.13  0.00  0.11  0.00  0.01  0.00  0.00  0.01
             (O, C)               1960.34  0.10  0.00  0.03  0.00  0.05  0.00  0.00  3.31 76.82  1.13  0.00  0.00
            (C, H2)               3171.69  0.02  0.00  0.02  0.00  0.01  0.00  0.01  0.07  0.00 49.44 49.67  0.00
            (C, H3)               3171.72  0.00  0.00  0.03  0.00  0.04  0.00  0.01  0.09  0.00 49.30 49.80  0.00
            (F, H1)               4284.24  0.03  0.00  0.28  0.00  0.35  0.00  0.00  0.00  0.04  0.02  0.00 99.94
         (O, H1, F)                696.87 32.21  0.00  5.05  0.00 99.16  0.00  0.01  0.00  0.02  0.00  0.00  0.04
          (C, O, F)                143.87 63.28  0.00  9.45  0.00  0.05  0.00  0.30  0.00  0.01  0.00  0.01  0.00
         (O, C, H3)               1369.84  0.00  0.00  0.45  0.00  0.18  0.00 99.54 23.70  5.66  0.03  0.53  0.00
        (H2, C, H3)               1685.59  0.14  0.00  0.25  0.00  0.02  0.00  0.01 72.81 17.45  0.09  0.00  0.00
     (C, H3, O, H2)                739.93  0.00 44.06  0.03  4.95  0.00 10.61  0.00  0.00  0.00  0.00  0.00  0.00
      (C, O, F, H1)                675.56  0.00  0.87  0.00 92.78  0.00  0.02  0.00  0.00  0.00  0.00  0.00  0.00
      (F, O, C, H2)               1366.14  0.00 55.07  0.04  2.27  0.00 89.37  0.00  0.00  0.00  0.00  0.00  0.00

----- Extended Results: Exact PED, KED and TED analysis per mode -----

Normal mode at the following harmonic frequency: 79 cm-1

Potential energy distribution matrix (normalization check: 1.0)

Internal Coordinate (O, F) (O, C) (C, H2) (C, H3) (F, H1) (O, H1, F) (C, O, F) (O, C, H3) (H2, C, H3) (C, H3, O, H2) (C, O, F, H1) (F, O, C, H2)
             (O, F)   0.13  -0.00   -0.00   -0.00   -0.00      -0.01     -0.03      -0.00       -0.00          -0.00         -0.00          0.00
             (O, C)  -0.00   0.00   -0.00   -0.00   -0.00       0.00     -0.01       0.00       -0.00          -0.00          0.00          0.00
            (C, H2)  -0.00  -0.00    0.00    0.00   -0.00      -0.00     -0.00       0.00       -0.00          -0.00         -0.00         -0.00
            (C, H3)  -0.00  -0.00    0.00    0.00   -0.00       0.00     -0.00      -0.00       -0.00           0.00         -0.00         -0.00
            (F, H1)  -0.00  -0.00   -0.00   -0.00    0.00       0.00     -0.00       0.00       -0.00          -0.00         -0.00          0.00
         (O, H1, F)  -0.01   0.00   -0.00    0.00    0.00       0.97     -0.95      -0.00       -0.00           0.00          0.00         -0.00
          (C, O, F)  -0.03  -0.01   -0.00   -0.00   -0.00      -0.95      1.90       0.00       -0.00           0.00         -0.00         -0.00
         (O, C, H3)  -0.00   0.00    0.00   -0.00    0.00      -0.00      0.00       0.00        0.00           0.00         -0.00         -0.00
        (H2, C, H3)  -0.00  -0.00   -0.00   -0.00   -0.00      -0.00     -0.00       0.00        0.00           0.00         -0.00         -0.00
     (C, H3, O, H2)  -0.00  -0.00   -0.00    0.00   -0.00       0.00      0.00       0.00        0.00           0.00         -0.00         -0.00
      (C, O, F, H1)  -0.00   0.00   -0.00   -0.00   -0.00       0.00     -0.00      -0.00       -0.00          -0.00          0.00          0.00
      (F, O, C, H2)   0.00   0.00   -0.00   -0.00    0.00      -0.00     -0.00      -0.00       -0.00          -0.00          0.00          0.00

Kinetic energy distribution matrix (normalization check: 1.0)

Internal Coordinate (O, F) (O, C) (C, H2) (C, H3) (F, H1) (O, H1, F) (C, O, F) (O, C, H3) (H2, C, H3) (C, H3, O, H2) (C, O, F, H1) (F, O, C, H2)
             (O, F)   0.02  -0.00   -0.00    0.00    0.00      -0.00      0.06       0.00        0.00          -0.00          0.00          0.00
             (O, C)  -0.00   0.00   -0.00   -0.00   -0.00       0.00     -0.00      -0.00       -0.00          -0.00         -0.00          0.00
            (C, H2)  -0.00  -0.00    0.00   -0.00    0.00       0.00     -0.00      -0.00       -0.00          -0.00          0.00          0.00
            (C, H3)   0.00  -0.00   -0.00    0.00   -0.00       0.00      0.00       0.00        0.00           0.00          0.00         -0.00
            (F, H1)   0.00  -0.00    0.00   -0.00    0.00      -0.00      0.00       0.00       -0.00           0.00          0.00          0.00
         (O, H1, F)  -0.00   0.00    0.00    0.00   -0.00       0.02      0.00       0.00        0.00           0.00         -0.00         -0.00
          (C, O, F)   0.06  -0.00   -0.00    0.00    0.00       0.00      0.96       0.00        0.00           0.00         -0.00         -0.00
         (O, C, H3)   0.00  -0.00   -0.00    0.00    0.00       0.00      0.00       0.00        0.00           0.00         -0.00         -0.00
        (H2, C, H3)   0.00  -0.00   -0.00    0.00   -0.00       0.00      0.00       0.00        0.00           0.00         -0.00         -0.00
     (C, H3, O, H2)  -0.00  -0.00   -0.00    0.00    0.00       0.00      0.00       0.00        0.00           0.00         -0.00         -0.00
      (C, O, F, H1)   0.00  -0.00    0.00    0.00    0.00      -0.00     -0.00      -0.00       -0.00          -0.00          0.00          0.00
      (F, O, C, H2)   0.00   0.00    0.00   -0.00    0.00      -0.00     -0.00      -0.00       -0.00          -0.00          0.00          0.00

Total energy distribution matrix (normalization check: 1.0)

Internal Coordinate (O, F) (O, C) (C, H2) (C, H3) (F, H1) (O, H1, F) (C, O, F) (O, C, H3) (H2, C, H3) (C, H3, O, H2) (C, O, F, H1) (F, O, C, H2)
             (O, F)   0.07  -0.00   -0.00   -0.00   -0.00      -0.01      0.02      -0.00       -0.00          -0.00         -0.00          0.00
             (O, C)  -0.00   0.00   -0.00   -0.00   -0.00       0.00     -0.00      -0.00       -0.00          -0.00          0.00          0.00
            (C, H2)  -0.00  -0.00    0.00    0.00   -0.00      -0.00     -0.00       0.00       -0.00          -0.00         -0.00         -0.00
            (C, H3)  -0.00  -0.00    0.00    0.00   -0.00       0.00      0.00      -0.00       -0.00           0.00         -0.00         -0.00
            (F, H1)  -0.00  -0.00   -0.00   -0.00    0.00       0.00     -0.00       0.00       -0.00          -0.00         -0.00          0.00
         (O, H1, F)  -0.01   0.00   -0.00    0.00    0.00       0.49     -0.47      -0.00       -0.00           0.00          0.00         -0.00
          (C, O, F)   0.02  -0.00   -0.00    0.00   -0.00      -0.47      1.43       0.00        0.00           0.00         -0.00         -0.00
         (O, C, H3)  -0.00  -0.00    0.00   -0.00    0.00      -0.00      0.00       0.00        0.00           0.00         -0.00         -0.00
        (H2, C, H3)  -0.00  -0.00   -0.00   -0.00   -0.00      -0.00      0.00       0.00        0.00           0.00         -0.00         -0.00
     (C, H3, O, H2)  -0.00  -0.00   -0.00    0.00   -0.00       0.00      0.00       0.00        0.00           0.00         -0.00         -0.00
      (C, O, F, H1)  -0.00   0.00   -0.00   -0.00   -0.00       0.00     -0.00      -0.00       -0.00          -0.00          0.00          0.00
      (F, O, C, H2)   0.00   0.00   -0.00   -0.00    0.00      -0.00     -0.00      -0.00       -0.00          -0.00          0.00          0.00

----- Extended Results: Exact PED, KED and TED analysis per mode -----

Normal mode at the following harmonic frequency: 211 cm-1

Potential energy distribution matrix (normalization check: 1.0)

Internal Coordinate (O, F) (O, C) (C, H2) (C, H3) (F, H1) (O, H1, F) (C, O, F) (O, C, H3) (H2, C, H3) (C, H3, O, H2) (C, O, F, H1) (F, O, C, H2)
             (O, F)   0.00  -0.00   -0.00    0.00   -0.00       0.00      0.00       0.00       -0.00          -0.00          0.00          0.00
             (O, C)  -0.00   0.00   -0.00    0.00   -0.00      -0.00      0.00      -0.00       -0.00          -0.00         -0.00          0.00
            (C, H2)  -0.00  -0.00    0.00   -0.00   -0.00       0.00      0.00      -0.00       -0.00          -0.00          0.00         -0.00
            (C, H3)   0.00   0.00   -0.00    0.00    0.00       0.00     -0.00      -0.00        0.00          -0.00         -0.00          0.00
            (F, H1)  -0.00  -0.00   -0.00    0.00    0.00      -0.00      0.00      -0.00       -0.00          -0.00          0.00          0.00
         (O, H1, F)   0.00  -0.00    0.00    0.00   -0.00       0.00     -0.00      -0.00        0.00          -0.00          0.00          0.00
          (C, O, F)   0.00   0.00    0.00   -0.00    0.00      -0.00      0.00       0.00        0.00          -0.00         -0.00          0.00
         (O, C, H3)   0.00  -0.00   -0.00   -0.00   -0.00      -0.00      0.00       0.00       -0.00          -0.00         -0.00          0.00
        (H2, C, H3)  -0.00  -0.00   -0.00    0.00   -0.00       0.00      0.00      -0.00        0.00           0.00          0.00         -0.00
     (C, H3, O, H2)  -0.00  -0.00   -0.00   -0.00   -0.00      -0.00     -0.00      -0.00        0.00          16.77          0.39        -17.84
      (C, O, F, H1)   0.00  -0.00    0.00   -0.00    0.00       0.00     -0.00      -0.00        0.00           0.39          0.33         -0.89
      (F, O, C, H2)   0.00   0.00   -0.00    0.00    0.00       0.00      0.00       0.00       -0.00         -17.84         -0.89         20.96

Kinetic energy distribution matrix (normalization check: 1.0)

Internal Coordinate (O, F) (O, C) (C, H2) (C, H3) (F, H1) (O, H1, F) (C, O, F) (O, C, H3) (H2, C, H3) (C, H3, O, H2) (C, O, F, H1) (F, O, C, H2)
             (O, F)   0.00  -0.00   -0.00   -0.00    0.00       0.00     -0.00      -0.00        0.00          -0.00         -0.00          0.00
             (O, C)  -0.00   0.00   -0.00    0.00   -0.00      -0.00      0.00       0.00       -0.00          -0.00          0.00          0.00
            (C, H2)  -0.00  -0.00    0.00    0.00    0.00      -0.00      0.00       0.00       -0.00          -0.00         -0.00          0.00
            (C, H3)  -0.00   0.00    0.00    0.00    0.00       0.00      0.00       0.00       -0.00          -0.00          0.00          0.00
            (F, H1)   0.00  -0.00    0.00    0.00    0.00       0.00     -0.00      -0.00       -0.00           0.00         -0.00          0.00
         (O, H1, F)   0.00  -0.00   -0.00    0.00    0.00       0.00      0.00       0.00       -0.00          -0.00         -0.00          0.00
          (C, O, F)  -0.00   0.00    0.00    0.00   -0.00       0.00      0.00       0.00       -0.00          -0.00         -0.00          0.00
         (O, C, H3)  -0.00   0.00    0.00    0.00   -0.00       0.00      0.00       0.00       -0.00          -0.00         -0.00          0.00
        (H2, C, H3)   0.00  -0.00   -0.00   -0.00   -0.00      -0.00     -0.00      -0.00        0.00           0.00          0.00         -0.00
     (C, H3, O, H2)  -0.00  -0.00   -0.00   -0.00    0.00      -0.00     -0.00      -0.00        0.00           1.27          0.01         -0.31
      (C, O, F, H1)  -0.00   0.00   -0.00    0.00   -0.00      -0.00     -0.00      -0.00        0.00           0.01          0.05         -0.04
      (F, O, C, H2)   0.00   0.00    0.00    0.00    0.00       0.00      0.00       0.00       -0.00          -0.31         -0.04          0.86

Total energy distribution matrix (normalization check: 1.0)

Internal Coordinate (O, F) (O, C) (C, H2) (C, H3) (F, H1) (O, H1, F) (C, O, F) (O, C, H3) (H2, C, H3) (C, H3, O, H2) (C, O, F, H1) (F, O, C, H2)
             (O, F)   0.00  -0.00   -0.00    0.00   -0.00       0.00     -0.00      -0.00       -0.00          -0.00          0.00          0.00
             (O, C)  -0.00   0.00   -0.00    0.00   -0.00      -0.00      0.00       0.00       -0.00          -0.00         -0.00          0.00
            (C, H2)  -0.00  -0.00    0.00   -0.00   -0.00       0.00      0.00      -0.00       -0.00          -0.00          0.00         -0.00
            (C, H3)   0.00   0.00   -0.00    0.00    0.00       0.00      0.00      -0.00        0.00          -0.00         -0.00          0.00
            (F, H1)  -0.00  -0.00   -0.00    0.00    0.00      -0.00      0.00      -0.00       -0.00          -0.00          0.00          0.00
         (O, H1, F)   0.00  -0.00    0.00    0.00   -0.00       0.00     -0.00      -0.00        0.00          -0.00          0.00          0.00
          (C, O, F)  -0.00   0.00    0.00    0.00    0.00      -0.00      0.00       0.00       -0.00          -0.00         -0.00          0.00
         (O, C, H3)  -0.00   0.00   -0.00   -0.00   -0.00      -0.00      0.00       0.00       -0.00          -0.00         -0.00          0.00
        (H2, C, H3)  -0.00  -0.00   -0.00    0.00   -0.00       0.00     -0.00      -0.00        0.00           0.00          0.00         -0.00
     (C, H3, O, H2)  -0.00  -0.00   -0.00   -0.00   -0.00      -0.00     -0.00      -0.00        0.00           9.02          0.20         -9.07
      (C, O, F, H1)   0.00  -0.00    0.00   -0.00    0.00       0.00     -0.00      -0.00        0.00           0.20          0.19         -0.47
      (F, O, C, H2)   0.00   0.00   -0.00    0.00    0.00       0.00      0.00       0.00       -0.00          -9.07         -0.47         10.91

----- Extended Results: Exact PED, KED and TED analysis per mode -----

Normal mode at the following harmonic frequency: 220 cm-1

Potential energy distribution matrix (normalization check: 1.0)

Internal Coordinate (O, F) (O, C) (C, H2) (C, H3) (F, H1) (O, H1, F) (C, O, F) (O, C, H3) (H2, C, H3) (C, H3, O, H2) (C, O, F, H1) (F, O, C, H2)
             (O, F)   0.90  -0.00   -0.00   -0.00   -0.00       0.01      0.02       0.00       -0.00           0.00         -0.00         -0.00
             (O, C)  -0.00   0.00   -0.00   -0.00   -0.00      -0.00      0.00      -0.00       -0.00           0.00          0.00         -0.00
            (C, H2)  -0.00  -0.00    0.00    0.00   -0.00       0.00      0.00      -0.00       -0.00           0.00         -0.00          0.00
            (C, H3)  -0.00  -0.00    0.00    0.00   -0.00      -0.00      0.00       0.00       -0.00          -0.00         -0.00          0.00
            (F, H1)  -0.00  -0.00   -0.00   -0.00    0.00      -0.00      0.00      -0.00       -0.00           0.00         -0.00         -0.00
         (O, H1, F)   0.01  -0.00    0.00   -0.00   -0.00       0.05     -0.05      -0.00        0.00           0.00         -0.00         -0.00
          (C, O, F)   0.02   0.00    0.00    0.00    0.00      -0.05      0.10       0.00        0.00           0.00          0.00         -0.00
         (O, C, H3)   0.00  -0.00   -0.00    0.00   -0.00      -0.00      0.00       0.00       -0.00           0.00          0.00         -0.00
        (H2, C, H3)  -0.00  -0.00   -0.00   -0.00   -0.00       0.00      0.00      -0.00        0.00          -0.00         -0.00          0.00
     (C, H3, O, H2)   0.00   0.00    0.00   -0.00    0.00       0.00      0.00       0.00       -0.00           0.00          0.00         -0.00
      (C, O, F, H1)  -0.00   0.00   -0.00   -0.00   -0.00      -0.00      0.00       0.00       -0.00           0.00          0.00         -0.00
      (F, O, C, H2)  -0.00  -0.00    0.00    0.00   -0.00      -0.00     -0.00      -0.00        0.00          -0.00         -0.00          0.00

Kinetic energy distribution matrix (normalization check: 1.0)

Internal Coordinate (O, F) (O, C) (C, H2) (C, H3) (F, H1) (O, H1, F) (C, O, F) (O, C, H3) (H2, C, H3) (C, H3, O, H2) (C, O, F, H1) (F, O, C, H2)
             (O, F)   1.20  -0.00   -0.00    0.00    0.00       0.00     -0.30      -0.00        0.00           0.00          0.00         -0.00
             (O, C)  -0.00   0.00   -0.00   -0.00   -0.00      -0.00      0.00       0.00       -0.00           0.00         -0.00         -0.00
            (C, H2)  -0.00  -0.00    0.00   -0.00    0.00      -0.00      0.00       0.00       -0.00           0.00          0.00         -0.00
            (C, H3)   0.00  -0.00   -0.00    0.00   -0.00      -0.00     -0.00      -0.00        0.00          -0.00          0.00          0.00
            (F, H1)   0.00  -0.00    0.00   -0.00    0.00       0.00     -0.00      -0.00       -0.00          -0.00          0.00         -0.00
         (O, H1, F)   0.00  -0.00   -0.00   -0.00    0.00       0.01      0.00       0.00       -0.00           0.00          0.00         -0.00
          (C, O, F)  -0.30   0.00    0.00   -0.00   -0.00       0.00      0.39       0.00       -0.00           0.00          0.00         -0.00
         (O, C, H3)  -0.00   0.00    0.00   -0.00   -0.00       0.00      0.00       0.00       -0.00           0.00          0.00         -0.00
        (H2, C, H3)   0.00  -0.00   -0.00    0.00   -0.00      -0.00     -0.00      -0.00        0.00          -0.00         -0.00          0.00
     (C, H3, O, H2)   0.00   0.00    0.00   -0.00   -0.00       0.00      0.00       0.00       -0.00           0.00          0.00         -0.00
      (C, O, F, H1)   0.00  -0.00    0.00    0.00    0.00       0.00      0.00       0.00       -0.00           0.00          0.00         -0.00
      (F, O, C, H2)  -0.00  -0.00   -0.00    0.00   -0.00      -0.00     -0.00      -0.00        0.00          -0.00         -0.00          0.00

Total energy distribution matrix (normalization check: 1.0)

Internal Coordinate (O, F) (O, C) (C, H2) (C, H3) (F, H1) (O, H1, F) (C, O, F) (O, C, H3) (H2, C, H3) (C, H3, O, H2) (C, O, F, H1) (F, O, C, H2)
             (O, F)   1.05  -0.00   -0.00   -0.00   -0.00       0.01     -0.14      -0.00       -0.00           0.00         -0.00         -0.00
             (O, C)  -0.00   0.00   -0.00   -0.00   -0.00      -0.00      0.00       0.00       -0.00           0.00          0.00         -0.00
            (C, H2)  -0.00  -0.00    0.00    0.00   -0.00       0.00      0.00      -0.00       -0.00           0.00         -0.00          0.00
            (C, H3)  -0.00  -0.00    0.00    0.00   -0.00      -0.00     -0.00       0.00       -0.00          -0.00         -0.00          0.00
            (F, H1)  -0.00  -0.00   -0.00   -0.00    0.00      -0.00      0.00      -0.00       -0.00           0.00         -0.00         -0.00
         (O, H1, F)   0.01  -0.00    0.00   -0.00   -0.00       0.03     -0.02      -0.00        0.00           0.00         -0.00         -0.00
          (C, O, F)  -0.14   0.00    0.00   -0.00    0.00      -0.02      0.25       0.00       -0.00           0.00          0.00         -0.00
         (O, C, H3)  -0.00   0.00   -0.00    0.00   -0.00      -0.00      0.00       0.00       -0.00           0.00          0.00         -0.00
        (H2, C, H3)  -0.00  -0.00   -0.00   -0.00   -0.00       0.00     -0.00      -0.00        0.00          -0.00         -0.00          0.00
     (C, H3, O, H2)   0.00   0.00    0.00   -0.00    0.00       0.00      0.00       0.00       -0.00           0.00          0.00         -0.00
      (C, O, F, H1)  -0.00   0.00   -0.00   -0.00   -0.00      -0.00      0.00       0.00       -0.00           0.00          0.00         -0.00
      (F, O, C, H2)  -0.00  -0.00    0.00    0.00   -0.00      -0.00     -0.00      -0.00        0.00          -0.00         -0.00          0.00

----- Extended Results: Exact PED, KED and TED analysis per mode -----

Normal mode at the following harmonic frequency: 629 cm-1

Potential energy distribution matrix (normalization check: 1.0)

Internal Coordinate (O, F) (O, C) (C, H2) (C, H3) (F, H1) (O, H1, F) (C, O, F) (O, C, H3) (H2, C, H3) (C, H3, O, H2) (C, O, F, H1) (F, O, C, H2)
             (O, F)   0.00   0.00    0.00    0.00    0.00      -0.00      0.00      -0.00       -0.00           0.00          0.00         -0.00
             (O, C)   0.00   0.00   -0.00   -0.00   -0.00      -0.00     -0.00      -0.00        0.00          -0.00          0.00          0.00
            (C, H2)   0.00  -0.00    0.00    0.00   -0.00       0.00     -0.00      -0.00        0.00          -0.00         -0.00         -0.00
            (C, H3)   0.00  -0.00    0.00    0.00   -0.00      -0.00     -0.00       0.00        0.00           0.00         -0.00         -0.00
            (F, H1)   0.00  -0.00   -0.00   -0.00    0.00      -0.00     -0.00      -0.00        0.00          -0.00         -0.00          0.00
         (O, H1, F)  -0.00  -0.00    0.00   -0.00   -0.00       0.00      0.00      -0.00       -0.00          -0.00         -0.00          0.00
          (C, O, F)   0.00  -0.00   -0.00   -0.00   -0.00       0.00      0.00      -0.00        0.00           0.00         -0.00         -0.00
         (O, C, H3)  -0.00  -0.00   -0.00    0.00   -0.00      -0.00     -0.00       0.00        0.00          -0.00          0.00          0.00
        (H2, C, H3)  -0.00   0.00    0.00    0.00    0.00      -0.00      0.00       0.00        0.00          -0.00          0.00          0.00
     (C, H3, O, H2)   0.00  -0.00   -0.00    0.00   -0.00      -0.00      0.00      -0.00       -0.00           0.06         -0.04         -0.04
      (C, O, F, H1)   0.00   0.00   -0.00   -0.00   -0.00      -0.00     -0.00       0.00        0.00          -0.04          1.13          0.06
      (F, O, C, H2)  -0.00   0.00   -0.00   -0.00    0.00       0.00     -0.00       0.00        0.00          -0.04          0.06          0.03

Kinetic energy distribution matrix (normalization check: 1.0)

Internal Coordinate (O, F) (O, C) (C, H2) (C, H3) (F, H1) (O, H1, F) (C, O, F) (O, C, H3) (H2, C, H3) (C, H3, O, H2) (C, O, F, H1) (F, O, C, H2)
             (O, F)   0.00   0.00    0.00   -0.00   -0.00      -0.00     -0.00       0.00        0.00           0.00         -0.00         -0.00
             (O, C)   0.00   0.00   -0.00   -0.00   -0.00      -0.00     -0.00       0.00        0.00          -0.00         -0.00          0.00
            (C, H2)   0.00  -0.00    0.00   -0.00    0.00      -0.00     -0.00       0.00        0.00          -0.00          0.00          0.00
            (C, H3)  -0.00  -0.00   -0.00    0.00   -0.00      -0.00      0.00      -0.00       -0.00           0.00          0.00         -0.00
            (F, H1)  -0.00  -0.00    0.00   -0.00    0.00       0.00      0.00      -0.00        0.00           0.00          0.00          0.00
         (O, H1, F)  -0.00  -0.00   -0.00   -0.00    0.00       0.00     -0.00       0.00        0.00          -0.00          0.00          0.00
          (C, O, F)  -0.00  -0.00   -0.00    0.00    0.00      -0.00      0.00      -0.00       -0.00           0.00         -0.00         -0.00
         (O, C, H3)   0.00   0.00    0.00   -0.00   -0.00       0.00     -0.00       0.00        0.00          -0.00          0.00          0.00
        (H2, C, H3)   0.00   0.00    0.00   -0.00    0.00       0.00     -0.00       0.00        0.00          -0.00          0.00          0.00
     (C, H3, O, H2)   0.00  -0.00   -0.00    0.00    0.00      -0.00      0.00      -0.00       -0.00           0.04         -0.01         -0.01
      (C, O, F, H1)  -0.00  -0.00    0.00    0.00    0.00       0.00     -0.00       0.00        0.00          -0.01          1.40          0.02
      (F, O, C, H2)  -0.00   0.00    0.00   -0.00    0.00       0.00     -0.00       0.00        0.00          -0.01          0.02          0.01

Total energy distribution matrix (normalization check: 1.0)

Internal Coordinate (O, F) (O, C) (C, H2) (C, H3) (F, H1) (O, H1, F) (C, O, F) (O, C, H3) (H2, C, H3) (C, H3, O, H2) (C, O, F, H1) (F, O, C, H2)
             (O, F)   0.00   0.00    0.00   -0.00   -0.00      -0.00     -0.00       0.00        0.00           0.00          0.00         -0.00
             (O, C)   0.00   0.00   -0.00   -0.00   -0.00      -0.00     -0.00       0.00        0.00          -0.00         -0.00          0.00
            (C, H2)   0.00  -0.00    0.00    0.00   -0.00       0.00     -0.00      -0.00        0.00          -0.00         -0.00         -0.00
            (C, H3)  -0.00  -0.00    0.00    0.00   -0.00      -0.00      0.00       0.00        0.00           0.00         -0.00         -0.00
            (F, H1)  -0.00  -0.00   -0.00   -0.00    0.00      -0.00     -0.00      -0.00        0.00          -0.00         -0.00          0.00
         (O, H1, F)  -0.00  -0.00    0.00   -0.00   -0.00       0.00      0.00       0.00        0.00          -0.00         -0.00          0.00
          (C, O, F)  -0.00  -0.00   -0.00    0.00   -0.00       0.00      0.00      -0.00       -0.00           0.00         -0.00         -0.00
         (O, C, H3)   0.00   0.00   -0.00    0.00   -0.00       0.00     -0.00       0.00        0.00          -0.00          0.00          0.00
        (H2, C, H3)   0.00   0.00    0.00    0.00    0.00       0.00     -0.00       0.00        0.00          -0.00          0.00          0.00
     (C, H3, O, H2)   0.00  -0.00   -0.00    0.00   -0.00      -0.00      0.00      -0.00       -0.00           0.05         -0.03         -0.02
      (C, O, F, H1)   0.00  -0.00   -0.00   -0.00   -0.00      -0.00     -0.00       0.00        0.00          -0.03          1.27          0.04
      (F, O, C, H2)  -0.00   0.00   -0.00   -0.00    0.00       0.00     -0.00       0.00        0.00          -0.02          0.04          0.02

----- Extended Results: Exact PED, KED and TED analysis per mode -----

Normal mode at the following harmonic frequency: 686 cm-1

Potential energy distribution matrix (normalization check: 1.0)

Internal Coordinate (O, F) (O, C) (C, H2) (C, H3) (F, H1) (O, H1, F) (C, O, F) (O, C, H3) (H2, C, H3) (C, H3, O, H2) (C, O, F, H1) (F, O, C, H2)
             (O, F)   0.00   0.00   -0.00    0.00    0.00      -0.00      0.00       0.00       -0.00          -0.00         -0.00          0.00
             (O, C)   0.00   0.00    0.00   -0.00   -0.00      -0.00     -0.00       0.00        0.00           0.00         -0.00         -0.00
            (C, H2)  -0.00   0.00    0.00   -0.00    0.00      -0.00      0.00      -0.00       -0.00          -0.00         -0.00         -0.00
            (C, H3)   0.00  -0.00   -0.00    0.00   -0.00      -0.00     -0.00      -0.00        0.00          -0.00          0.00          0.00
            (F, H1)   0.00  -0.00    0.00   -0.00    0.00      -0.00     -0.00       0.00        0.00           0.00          0.00         -0.00
         (O, H1, F)  -0.00  -0.00   -0.00   -0.00   -0.00       0.97      0.02       0.00       -0.00           0.00          0.00         -0.00
          (C, O, F)   0.00  -0.00    0.00   -0.00   -0.00       0.02      0.00       0.00        0.00          -0.00          0.00          0.00
         (O, C, H3)   0.00   0.00   -0.00   -0.00    0.00       0.00      0.00       0.00       -0.00          -0.00          0.00          0.00
        (H2, C, H3)  -0.00   0.00   -0.00    0.00    0.00      -0.00      0.00      -0.00        0.00           0.00         -0.00         -0.00
     (C, H3, O, H2)  -0.00   0.00   -0.00   -0.00    0.00       0.00     -0.00      -0.00        0.00           0.00         -0.00         -0.00
      (C, O, F, H1)  -0.00  -0.00   -0.00    0.00    0.00       0.00      0.00       0.00       -0.00          -0.00          0.00          0.00
      (F, O, C, H2)   0.00  -0.00   -0.00    0.00   -0.00      -0.00      0.00       0.00       -0.00          -0.00          0.00          0.00

Kinetic energy distribution matrix (normalization check: 1.0)

Internal Coordinate (O, F) (O, C) (C, H2) (C, H3) (F, H1) (O, H1, F) (C, O, F) (O, C, H3) (H2, C, H3) (C, H3, O, H2) (C, O, F, H1) (F, O, C, H2)
             (O, F)   0.02   0.00   -0.00   -0.00   -0.00      -0.01     -0.01      -0.00        0.00          -0.00          0.00          0.00
             (O, C)   0.00   0.00    0.00   -0.00   -0.00      -0.00     -0.00      -0.00        0.00           0.00          0.00         -0.00
            (C, H2)  -0.00   0.00    0.00    0.00   -0.00       0.00      0.00       0.00       -0.00          -0.00          0.00          0.00
            (C, H3)  -0.00  -0.00    0.00    0.00   -0.00      -0.00      0.00       0.00       -0.00          -0.00         -0.00          0.00
            (F, H1)  -0.00  -0.00   -0.00   -0.00    0.00       0.00      0.00       0.00        0.00          -0.00         -0.00         -0.00
         (O, H1, F)  -0.01  -0.00    0.00   -0.00    0.00       1.15     -0.01      -0.00        0.00           0.00         -0.00         -0.00
          (C, O, F)  -0.01  -0.00    0.00    0.00    0.00      -0.01      0.02       0.00       -0.00          -0.00          0.00          0.00
         (O, C, H3)  -0.00  -0.00    0.00    0.00    0.00      -0.00      0.00       0.00       -0.00          -0.00          0.00          0.00
        (H2, C, H3)   0.00   0.00   -0.00   -0.00    0.00       0.00     -0.00      -0.00        0.00           0.00         -0.00         -0.00
     (C, H3, O, H2)  -0.00   0.00   -0.00   -0.00   -0.00       0.00     -0.00      -0.00        0.00           0.00         -0.00         -0.00
      (C, O, F, H1)   0.00   0.00    0.00   -0.00   -0.00      -0.00      0.00       0.00       -0.00          -0.00          0.00          0.00
      (F, O, C, H2)   0.00  -0.00    0.00    0.00   -0.00      -0.00      0.00       0.00       -0.00          -0.00          0.00          0.00

Total energy distribution matrix (normalization check: 1.0)

Internal Coordinate (O, F) (O, C) (C, H2) (C, H3) (F, H1) (O, H1, F) (C, O, F) (O, C, H3) (H2, C, H3) (C, H3, O, H2) (C, O, F, H1) (F, O, C, H2)
             (O, F)   0.01   0.00   -0.00   -0.00   -0.00      -0.00     -0.00      -0.00        0.00          -0.00         -0.00          0.00
             (O, C)   0.00   0.00    0.00   -0.00   -0.00      -0.00     -0.00      -0.00        0.00           0.00          0.00         -0.00
            (C, H2)  -0.00   0.00    0.00   -0.00    0.00      -0.00      0.00      -0.00       -0.00          -0.00         -0.00         -0.00
            (C, H3)  -0.00  -0.00   -0.00    0.00   -0.00      -0.00      0.00      -0.00        0.00          -0.00          0.00          0.00
            (F, H1)  -0.00  -0.00    0.00   -0.00    0.00      -0.00      0.00       0.00        0.00           0.00          0.00         -0.00
         (O, H1, F)  -0.00  -0.00   -0.00   -0.00   -0.00       1.06      0.01      -0.00        0.00           0.00          0.00         -0.00
          (C, O, F)  -0.00  -0.00    0.00    0.00    0.00       0.01      0.01       0.00       -0.00          -0.00          0.00          0.00
         (O, C, H3)  -0.00  -0.00   -0.00   -0.00    0.00      -0.00      0.00       0.00       -0.00          -0.00          0.00          0.00
        (H2, C, H3)   0.00   0.00   -0.00    0.00    0.00       0.00     -0.00      -0.00        0.00           0.00         -0.00         -0.00
     (C, H3, O, H2)  -0.00   0.00   -0.00   -0.00    0.00       0.00     -0.00      -0.00        0.00           0.00         -0.00         -0.00
      (C, O, F, H1)  -0.00   0.00   -0.00    0.00    0.00       0.00      0.00       0.00       -0.00          -0.00          0.00          0.00
      (F, O, C, H2)   0.00  -0.00   -0.00    0.00   -0.00      -0.00      0.00       0.00       -0.00          -0.00          0.00          0.00

----- Extended Results: Exact PED, KED and TED analysis per mode -----

Normal mode at the following harmonic frequency: 1349 cm-1

Potential energy distribution matrix (normalization check: 1.0)

Internal Coordinate (O, F) (O, C) (C, H2) (C, H3) (F, H1) (O, H1, F) (C, O, F) (O, C, H3) (H2, C, H3) (C, H3, O, H2) (C, O, F, H1) (F, O, C, H2)
             (O, F)   0.00   0.00   -0.00   -0.00   -0.00       0.00      0.00      -0.00       -0.00           0.00         -0.00          0.00
             (O, C)   0.00   0.00    0.00    0.00    0.00       0.00     -0.00      -0.00        0.00          -0.00         -0.00         -0.00
            (C, H2)  -0.00   0.00    0.00    0.00   -0.00       0.00      0.00       0.00       -0.00           0.00         -0.00         -0.00
            (C, H3)  -0.00   0.00    0.00    0.00   -0.00      -0.00      0.00      -0.00       -0.00          -0.00         -0.00         -0.00
            (F, H1)  -0.00   0.00   -0.00   -0.00    0.00      -0.00      0.00       0.00       -0.00           0.00         -0.00          0.00
         (O, H1, F)   0.00   0.00    0.00   -0.00   -0.00       0.00     -0.00       0.00        0.00           0.00         -0.00          0.00
          (C, O, F)   0.00  -0.00    0.00    0.00    0.00      -0.00      0.00      -0.00        0.00           0.00          0.00          0.00
         (O, C, H3)  -0.00  -0.00    0.00   -0.00    0.00       0.00     -0.00       0.00        0.00          -0.00         -0.00         -0.00
        (H2, C, H3)  -0.00   0.00   -0.00   -0.00   -0.00       0.00      0.00       0.00        0.00          -0.00         -0.00         -0.00
     (C, H3, O, H2)   0.00  -0.00    0.00   -0.00    0.00       0.00      0.00      -0.00       -0.00           0.09          0.00          0.24
      (C, O, F, H1)  -0.00  -0.00   -0.00   -0.00   -0.00      -0.00      0.00      -0.00       -0.00           0.00          0.00          0.00
      (F, O, C, H2)   0.00  -0.00   -0.00   -0.00    0.00       0.00      0.00      -0.00       -0.00           0.24          0.00          0.72

Kinetic energy distribution matrix (normalization check: 1.0)

Internal Coordinate (O, F) (O, C) (C, H2) (C, H3) (F, H1) (O, H1, F) (C, O, F) (O, C, H3) (H2, C, H3) (C, H3, O, H2) (C, O, F, H1) (F, O, C, H2)
             (O, F)   0.00   0.00   -0.00    0.00    0.00       0.00     -0.00       0.00        0.00           0.00          0.00          0.00
             (O, C)   0.00   0.00    0.00    0.00    0.00       0.00     -0.00       0.00        0.00          -0.00          0.00         -0.00
            (C, H2)  -0.00   0.00    0.00   -0.00    0.00      -0.00      0.00      -0.00       -0.00           0.00          0.00          0.00
            (C, H3)   0.00   0.00   -0.00    0.00   -0.00      -0.00     -0.00       0.00        0.00          -0.00          0.00         -0.00
            (F, H1)   0.00   0.00    0.00   -0.00    0.00       0.00     -0.00       0.00       -0.00          -0.00          0.00          0.00
         (O, H1, F)   0.00   0.00   -0.00   -0.00    0.00       0.00      0.00      -0.00       -0.00           0.00          0.00          0.00
          (C, O, F)  -0.00  -0.00    0.00   -0.00   -0.00       0.00      0.00      -0.00       -0.00           0.00          0.00          0.00
         (O, C, H3)   0.00   0.00   -0.00    0.00    0.00      -0.00     -0.00       0.00        0.00          -0.00         -0.00         -0.00
        (H2, C, H3)   0.00   0.00   -0.00    0.00   -0.00      -0.00     -0.00       0.00        0.00          -0.00         -0.00         -0.00
     (C, H3, O, H2)   0.00  -0.00    0.00   -0.00   -0.00       0.00      0.00      -0.00       -0.00           0.26          0.00          0.17
      (C, O, F, H1)   0.00   0.00    0.00    0.00    0.00       0.00      0.00      -0.00       -0.00           0.00          0.00          0.01
      (F, O, C, H2)   0.00  -0.00    0.00   -0.00    0.00       0.00      0.00      -0.00       -0.00           0.17          0.01          1.20

Total energy distribution matrix (normalization check: 1.0)

Internal Coordinate (O, F) (O, C) (C, H2) (C, H3) (F, H1) (O, H1, F) (C, O, F) (O, C, H3) (H2, C, H3) (C, H3, O, H2) (C, O, F, H1) (F, O, C, H2)
             (O, F)   0.00   0.00   -0.00    0.00    0.00       0.00     -0.00       0.00        0.00           0.00         -0.00          0.00
             (O, C)   0.00   0.00    0.00    0.00    0.00       0.00     -0.00       0.00        0.00          -0.00          0.00         -0.00
            (C, H2)  -0.00   0.00    0.00    0.00    0.00      -0.00      0.00      -0.00       -0.00           0.00          0.00         -0.00
            (C, H3)   0.00   0.00    0.00    0.00   -0.00      -0.00     -0.00      -0.00       -0.00          -0.00          0.00         -0.00
            (F, H1)   0.00   0.00    0.00   -0.00    0.00       0.00     -0.00       0.00       -0.00           0.00         -0.00          0.00
         (O, H1, F)   0.00   0.00   -0.00   -0.00    0.00       0.00      0.00      -0.00       -0.00           0.00          0.00          0.00
          (C, O, F)  -0.00  -0.00    0.00   -0.00   -0.00       0.00      0.00      -0.00       -0.00           0.00          0.00          0.00
         (O, C, H3)   0.00   0.00   -0.00   -0.00    0.00      -0.00     -0.00       0.00        0.00          -0.00         -0.00         -0.00
        (H2, C, H3)   0.00   0.00   -0.00   -0.00   -0.00      -0.00     -0.00       0.00        0.00          -0.00         -0.00         -0.00
     (C, H3, O, H2)   0.00  -0.00    0.00   -0.00    0.00       0.00      0.00      -0.00       -0.00           0.17          0.00          0.20
      (C, O, F, H1)  -0.00   0.00    0.00    0.00   -0.00       0.00      0.00      -0.00       -0.00           0.00          0.00          0.01
      (F, O, C, H2)   0.00  -0.00   -0.00   -0.00    0.00       0.00      0.00      -0.00       -0.00           0.20          0.01          0.96

----- Extended Results: Exact PED, KED and TED analysis per mode -----

Normal mode at the following harmonic frequency: 1373 cm-1

Potential energy distribution matrix (normalization check: 1.0)

Internal Coordinate (O, F) (O, C) (C, H2) (C, H3) (F, H1) (O, H1, F) (C, O, F) (O, C, H3) (H2, C, H3) (C, H3, O, H2) (C, O, F, H1) (F, O, C, H2)
             (O, F)   0.00   0.00   -0.00    0.00    0.00      -0.00      0.00      -0.00        0.00           0.00         -0.00          0.00
             (O, C)   0.00   0.00    0.00   -0.00   -0.00      -0.00     -0.00      -0.00       -0.00          -0.00         -0.00         -0.00
            (C, H2)  -0.00   0.00    0.00   -0.00    0.00      -0.00      0.00       0.00        0.00           0.00         -0.00         -0.00
            (C, H3)   0.00  -0.00   -0.00    0.00   -0.00      -0.00     -0.00       0.00       -0.00           0.00          0.00          0.00
            (F, H1)   0.00  -0.00    0.00   -0.00    0.00      -0.00     -0.00      -0.00       -0.00          -0.00          0.00         -0.00
         (O, H1, F)  -0.00  -0.00   -0.00   -0.00   -0.00       0.00      0.00      -0.00        0.00          -0.00          0.00         -0.00
          (C, O, F)   0.00  -0.00    0.00   -0.00   -0.00       0.00      0.00      -0.00       -0.00           0.00          0.00          0.00
         (O, C, H3)  -0.00  -0.00    0.00    0.00   -0.00      -0.00     -0.00       1.01       -0.01          -0.00         -0.00         -0.00
        (H2, C, H3)   0.00  -0.00    0.00   -0.00   -0.00       0.00     -0.00      -0.01        0.00           0.00          0.00          0.00
     (C, H3, O, H2)   0.00  -0.00    0.00    0.00   -0.00      -0.00      0.00      -0.00        0.00           0.00          0.00          0.00
      (C, O, F, H1)  -0.00  -0.00   -0.00    0.00    0.00       0.00      0.00      -0.00        0.00           0.00          0.00          0.00
      (F, O, C, H2)   0.00  -0.00   -0.00    0.00   -0.00      -0.00      0.00      -0.00        0.00           0.00          0.00          0.00

Kinetic energy distribution matrix (normalization check: 1.0)

Internal Coordinate (O, F) (O, C) (C, H2) (C, H3) (F, H1) (O, H1, F) (C, O, F) (O, C, H3) (H2, C, H3) (C, H3, O, H2) (C, O, F, H1) (F, O, C, H2)
             (O, F)   0.06   0.00   -0.00   -0.00   -0.00      -0.00     -0.07       0.02       -0.00           0.00          0.00          0.00
             (O, C)   0.00   0.00    0.00   -0.00   -0.00      -0.00     -0.00       0.00       -0.00          -0.00          0.00         -0.00
            (C, H2)  -0.00   0.00    0.00    0.00   -0.00       0.00      0.00      -0.00        0.00           0.00          0.00          0.00
            (C, H3)  -0.00  -0.00    0.00    0.00   -0.00      -0.00      0.00      -0.00        0.00           0.00         -0.00          0.00
            (F, H1)  -0.00  -0.00   -0.00   -0.00    0.00       0.00      0.00      -0.00       -0.00           0.00         -0.00         -0.00
         (O, H1, F)  -0.00  -0.00    0.00   -0.00    0.00       0.00     -0.00       0.00       -0.00          -0.00         -0.00         -0.00
          (C, O, F)  -0.07  -0.00    0.00    0.00    0.00      -0.00      0.47      -0.48        0.00           0.00          0.00          0.00
         (O, C, H3)   0.02   0.00   -0.00   -0.00   -0.00       0.00     -0.48       1.68       -0.01          -0.00         -0.00         -0.00
        (H2, C, H3)  -0.00  -0.00    0.00    0.00   -0.00      -0.00      0.00      -0.01        0.00           0.00          0.00          0.00
     (C, H3, O, H2)   0.00  -0.00    0.00    0.00    0.00      -0.00      0.00      -0.00        0.00           0.00          0.00          0.00
      (C, O, F, H1)   0.00   0.00    0.00   -0.00   -0.00      -0.00      0.00      -0.00        0.00           0.00          0.00          0.00
      (F, O, C, H2)   0.00  -0.00    0.00    0.00   -0.00      -0.00      0.00      -0.00        0.00           0.00          0.00          0.00

Total energy distribution matrix (normalization check: 1.0)

Internal Coordinate (O, F) (O, C) (C, H2) (C, H3) (F, H1) (O, H1, F) (C, O, F) (O, C, H3) (H2, C, H3) (C, H3, O, H2) (C, O, F, H1) (F, O, C, H2)
             (O, F)   0.03   0.00   -0.00   -0.00   -0.00      -0.00     -0.03       0.01       -0.00           0.00         -0.00          0.00
             (O, C)   0.00   0.00    0.00   -0.00   -0.00      -0.00     -0.00       0.00       -0.00          -0.00          0.00         -0.00
            (C, H2)  -0.00   0.00    0.00   -0.00   -0.00       0.00      0.00      -0.00        0.00           0.00          0.00         -0.00
            (C, H3)  -0.00  -0.00   -0.00    0.00   -0.00      -0.00      0.00       0.00       -0.00           0.00         -0.00          0.00
            (F, H1)  -0.00  -0.00   -0.00   -0.00    0.00       0.00      0.00      -0.00       -0.00          -0.00          0.00         -0.00
         (O, H1, F)  -0.00  -0.00    0.00   -0.00    0.00       0.00     -0.00       0.00       -0.00          -0.00         -0.00         -0.00
          (C, O, F)  -0.03  -0.00    0.00    0.00    0.00      -0.00      0.24      -0.24        0.00           0.00          0.00          0.00
         (O, C, H3)   0.01   0.00   -0.00    0.00   -0.00       0.00     -0.24       1.35       -0.01          -0.00         -0.00         -0.00
        (H2, C, H3)  -0.00  -0.00    0.00   -0.00   -0.00      -0.00      0.00      -0.01        0.00           0.00          0.00          0.00
     (C, H3, O, H2)   0.00  -0.00    0.00    0.00   -0.00      -0.00      0.00      -0.00        0.00           0.00          0.00          0.00
      (C, O, F, H1)  -0.00   0.00    0.00   -0.00    0.00      -0.00      0.00      -0.00        0.00           0.00          0.00          0.00
      (F, O, C, H2)   0.00  -0.00   -0.00    0.00   -0.00      -0.00      0.00      -0.00        0.00           0.00          0.00          0.00

----- Extended Results: Exact PED, KED and TED analysis per mode -----

Normal mode at the following harmonic frequency: 1652 cm-1

Potential energy distribution matrix (normalization check: 1.0)

Internal Coordinate (O, F) (O, C) (C, H2) (C, H3) (F, H1) (O, H1, F) (C, O, F) (O, C, H3) (H2, C, H3) (C, H3, O, H2) (C, O, F, H1) (F, O, C, H2)
             (O, F)   0.00  -0.00    0.00    0.00    0.00       0.00     -0.00      -0.00        0.00          -0.00         -0.00         -0.00
             (O, C)  -0.00   0.06    0.00    0.00    0.00      -0.00     -0.00       0.00        0.03          -0.00          0.00         -0.00
            (C, H2)   0.00   0.00    0.00    0.00   -0.00      -0.00      0.00      -0.00       -0.00           0.00          0.00         -0.00
            (C, H3)   0.00   0.00    0.00    0.00   -0.00       0.00      0.00       0.00       -0.00          -0.00          0.00         -0.00
            (F, H1)   0.00   0.00   -0.00   -0.00    0.00       0.00      0.00      -0.00       -0.00           0.00          0.00          0.00
         (O, H1, F)   0.00  -0.00   -0.00    0.00    0.00       0.00      0.00       0.00       -0.00          -0.00         -0.00         -0.00
          (C, O, F)  -0.00  -0.00    0.00    0.00    0.00       0.00      0.00       0.00        0.00           0.00         -0.00          0.00
         (O, C, H3)  -0.00   0.00   -0.00    0.00   -0.00       0.00      0.00       0.43       -0.44           0.00         -0.00          0.00
        (H2, C, H3)   0.00   0.03   -0.00   -0.00   -0.00      -0.00      0.00      -0.44        1.32          -0.00          0.00         -0.00
     (C, H3, O, H2)  -0.00  -0.00    0.00   -0.00    0.00      -0.00      0.00       0.00       -0.00           0.00         -0.00          0.00
      (C, O, F, H1)  -0.00   0.00    0.00    0.00    0.00      -0.00     -0.00      -0.00        0.00          -0.00          0.00         -0.00
      (F, O, C, H2)  -0.00  -0.00   -0.00   -0.00    0.00      -0.00      0.00       0.00       -0.00           0.00         -0.00          0.00

Kinetic energy distribution matrix (normalization check: 1.0)

Internal Coordinate (O, F) (O, C) (C, H2) (C, H3) (F, H1) (O, H1, F) (C, O, F) (O, C, H3) (H2, C, H3) (C, H3, O, H2) (C, O, F, H1) (F, O, C, H2)
             (O, F)   0.00  -0.00    0.00   -0.00   -0.00       0.00      0.00       0.00       -0.01          -0.00          0.00         -0.00
             (O, C)  -0.00   0.05    0.00    0.00    0.00      -0.00     -0.01      -0.02        0.09          -0.00         -0.00         -0.00
            (C, H2)   0.00   0.00    0.00   -0.00    0.00       0.00      0.00       0.00       -0.00           0.00         -0.00          0.00
            (C, H3)  -0.00   0.00   -0.00    0.00   -0.00       0.00     -0.00      -0.00        0.00          -0.00         -0.00         -0.00
            (F, H1)  -0.00   0.00    0.00   -0.00    0.00      -0.00     -0.00      -0.00       -0.00          -0.00         -0.00          0.00
         (O, H1, F)   0.00  -0.00    0.00    0.00   -0.00       0.00     -0.00      -0.00        0.00          -0.00          0.00         -0.00
          (C, O, F)   0.00  -0.01    0.00   -0.00   -0.00      -0.00      0.01       0.06       -0.07           0.00         -0.00          0.00
         (O, C, H3)   0.00  -0.02    0.00   -0.00   -0.00      -0.00      0.06       1.04       -1.02           0.00         -0.00          0.00
        (H2, C, H3)  -0.01   0.09   -0.00    0.00   -0.00       0.00     -0.07      -1.02        2.03          -0.00          0.00         -0.00
     (C, H3, O, H2)  -0.00  -0.00    0.00   -0.00   -0.00      -0.00      0.00       0.00       -0.00           0.00         -0.00          0.00
      (C, O, F, H1)   0.00  -0.00   -0.00   -0.00   -0.00       0.00     -0.00      -0.00        0.00          -0.00          0.00         -0.00
      (F, O, C, H2)  -0.00  -0.00    0.00   -0.00    0.00      -0.00      0.00       0.00       -0.00           0.00         -0.00          0.00

Total energy distribution matrix (normalization check: 1.0)

Internal Coordinate (O, F) (O, C) (C, H2) (C, H3) (F, H1) (O, H1, F) (C, O, F) (O, C, H3) (H2, C, H3) (C, H3, O, H2) (C, O, F, H1) (F, O, C, H2)
             (O, F)   0.00  -0.00    0.00   -0.00   -0.00       0.00      0.00       0.00       -0.00          -0.00          0.00         -0.00
             (O, C)  -0.00   0.06    0.00    0.00    0.00      -0.00     -0.00      -0.01        0.06          -0.00         -0.00         -0.00
            (C, H2)   0.00   0.00    0.00   -0.00    0.00       0.00      0.00       0.00       -0.00           0.00         -0.00         -0.00
            (C, H3)  -0.00   0.00   -0.00    0.00   -0.00       0.00     -0.00      -0.00       -0.00          -0.00         -0.00         -0.00
            (F, H1)  -0.00   0.00    0.00   -0.00    0.00      -0.00     -0.00      -0.00       -0.00           0.00         -0.00          0.00
         (O, H1, F)   0.00  -0.00    0.00    0.00   -0.00       0.00     -0.00      -0.00        0.00          -0.00          0.00         -0.00
          (C, O, F)   0.00  -0.00    0.00   -0.00   -0.00      -0.00      0.01       0.03       -0.03           0.00         -0.00          0.00
         (O, C, H3)   0.00  -0.01    0.00   -0.00   -0.00      -0.00      0.03       0.74       -0.73           0.00         -0.00          0.00
        (H2, C, H3)  -0.00   0.06   -0.00   -0.00   -0.00       0.00     -0.03      -0.73        1.67          -0.00          0.00         -0.00
     (C, H3, O, H2)  -0.00  -0.00    0.00   -0.00    0.00      -0.00      0.00       0.00       -0.00           0.00         -0.00          0.00
      (C, O, F, H1)   0.00  -0.00   -0.00   -0.00   -0.00       0.00     -0.00      -0.00        0.00          -0.00          0.00         -0.00
      (F, O, C, H2)  -0.00  -0.00   -0.00   -0.00    0.00      -0.00      0.00       0.00       -0.00           0.00         -0.00          0.00

----- Extended Results: Exact PED, KED and TED analysis per mode -----

Normal mode at the following harmonic frequency: 1983 cm-1

Potential energy distribution matrix (normalization check: 1.0)

Internal Coordinate (O, F) (O, C) (C, H2) (C, H3) (F, H1) (O, H1, F) (C, O, F) (O, C, H3) (H2, C, H3) (C, H3, O, H2) (C, O, F, H1) (F, O, C, H2)
             (O, F)   0.00  -0.00    0.00   -0.00   -0.00       0.00     -0.00       0.00       -0.00           0.00         -0.00          0.00
             (O, C)  -0.00   0.96    0.00   -0.00   -0.00      -0.00     -0.00      -0.00       -0.05           0.00          0.00          0.00
            (C, H2)   0.00   0.00    0.00   -0.00    0.00      -0.00      0.00       0.00        0.00          -0.00          0.00          0.00
            (C, H3)  -0.00  -0.00   -0.00    0.00   -0.00      -0.00     -0.00       0.00       -0.00          -0.00         -0.00         -0.00
            (F, H1)  -0.00  -0.00    0.00   -0.00    0.00      -0.00     -0.00      -0.00       -0.00           0.00         -0.00          0.00
         (O, H1, F)   0.00  -0.00   -0.00   -0.00   -0.00       0.00      0.00      -0.00        0.00           0.00         -0.00          0.00
          (C, O, F)  -0.00  -0.00    0.00   -0.00   -0.00       0.00      0.00      -0.00       -0.00          -0.00         -0.00         -0.00
         (O, C, H3)   0.00  -0.00    0.00    0.00   -0.00      -0.00     -0.00       0.07       -0.07           0.00          0.00          0.00
        (H2, C, H3)  -0.00  -0.05    0.00   -0.00   -0.00       0.00     -0.00      -0.07        0.22          -0.00         -0.00         -0.00
     (C, H3, O, H2)   0.00   0.00   -0.00   -0.00    0.00       0.00     -0.00       0.00       -0.00           0.00          0.00          0.00
      (C, O, F, H1)  -0.00   0.00    0.00   -0.00   -0.00      -0.00     -0.00       0.00       -0.00           0.00          0.00          0.00
      (F, O, C, H2)   0.00   0.00    0.00   -0.00    0.00       0.00     -0.00       0.00       -0.00           0.00          0.00          0.00

Kinetic energy distribution matrix (normalization check: 1.0)

Internal Coordinate (O, F) (O, C) (C, H2) (C, H3) (F, H1) (O, H1, F) (C, O, F) (O, C, H3) (H2, C, H3) (C, H3, O, H2) (C, O, F, H1) (F, O, C, H2)
             (O, F)   0.02  -0.03    0.00    0.00    0.00       0.00      0.01      -0.00        0.01           0.00          0.00          0.00
             (O, C)  -0.03   1.16    0.00   -0.00   -0.00      -0.00     -0.06       0.05       -0.21           0.00         -0.00          0.00
            (C, H2)   0.00   0.00    0.00    0.00   -0.00       0.00      0.00      -0.00        0.00          -0.00         -0.00         -0.00
            (C, H3)   0.00  -0.00    0.00    0.00   -0.00      -0.00      0.00      -0.00        0.00          -0.00          0.00         -0.00
            (F, H1)   0.00  -0.00   -0.00   -0.00    0.00       0.00      0.00      -0.00       -0.00          -0.00          0.00          0.00
         (O, H1, F)   0.00  -0.00    0.00   -0.00    0.00       0.00     -0.00       0.00       -0.00           0.00          0.00          0.00
          (C, O, F)   0.01  -0.06    0.00    0.00    0.00      -0.00      0.04      -0.06        0.06          -0.00         -0.00         -0.00
         (O, C, H3)  -0.00   0.05   -0.00   -0.00   -0.00       0.00     -0.06       0.25       -0.24           0.00          0.00          0.00
        (H2, C, H3)   0.01  -0.21    0.00    0.00   -0.00      -0.00      0.06      -0.24        0.48          -0.00         -0.00         -0.00
     (C, H3, O, H2)   0.00   0.00   -0.00   -0.00   -0.00       0.00     -0.00       0.00       -0.00           0.00          0.00          0.00
      (C, O, F, H1)   0.00  -0.00   -0.00    0.00    0.00       0.00     -0.00       0.00       -0.00           0.00          0.00          0.00
      (F, O, C, H2)   0.00   0.00   -0.00   -0.00    0.00       0.00     -0.00       0.00       -0.00           0.00          0.00          0.00

Total energy distribution matrix (normalization check: 1.0)

Internal Coordinate (O, F) (O, C) (C, H2) (C, H3) (F, H1) (O, H1, F) (C, O, F) (O, C, H3) (H2, C, H3) (C, H3, O, H2) (C, O, F, H1) (F, O, C, H2)
             (O, F)   0.01  -0.02    0.00    0.00    0.00       0.00      0.01      -0.00        0.00           0.00          0.00          0.00
             (O, C)  -0.02   1.06    0.00   -0.00   -0.00      -0.00     -0.03       0.03       -0.13           0.00         -0.00          0.00
            (C, H2)   0.00   0.00    0.00    0.00   -0.00       0.00      0.00      -0.00        0.00          -0.00         -0.00          0.00
            (C, H3)   0.00  -0.00    0.00    0.00   -0.00      -0.00      0.00      -0.00        0.00          -0.00          0.00         -0.00
            (F, H1)   0.00  -0.00   -0.00   -0.00    0.00       0.00      0.00      -0.00       -0.00           0.00          0.00          0.00
         (O, H1, F)   0.00  -0.00    0.00   -0.00    0.00       0.00     -0.00       0.00       -0.00           0.00          0.00          0.00
          (C, O, F)   0.01  -0.03    0.00    0.00    0.00      -0.00      0.02      -0.03        0.03          -0.00         -0.00         -0.00
         (O, C, H3)  -0.00   0.03   -0.00   -0.00   -0.00       0.00     -0.03       0.16       -0.16           0.00          0.00          0.00
        (H2, C, H3)   0.00  -0.13    0.00    0.00   -0.00      -0.00      0.03      -0.16        0.35          -0.00         -0.00         -0.00
     (C, H3, O, H2)   0.00   0.00   -0.00   -0.00    0.00       0.00     -0.00       0.00       -0.00           0.00          0.00          0.00
      (C, O, F, H1)   0.00  -0.00   -0.00    0.00    0.00       0.00     -0.00       0.00       -0.00           0.00          0.00          0.00
      (F, O, C, H2)   0.00   0.00    0.00   -0.00    0.00       0.00     -0.00       0.00       -0.00           0.00          0.00          0.00

----- Extended Results: Exact PED, KED and TED analysis per mode -----

Normal mode at the following harmonic frequency: 3130 cm-1

Potential energy distribution matrix (normalization check: 1.0)

Internal Coordinate (O, F) (O, C) (C, H2) (C, H3) (F, H1) (O, H1, F) (C, O, F) (O, C, H3) (H2, C, H3) (C, H3, O, H2) (C, O, F, H1) (F, O, C, H2)
             (O, F)   0.00   0.00    0.00    0.00    0.00       0.00      0.00      -0.00        0.00           0.00          0.00          0.00
             (O, C)   0.00   0.01   -0.00   -0.00   -0.00       0.00     -0.00      -0.00       -0.00          -0.00          0.00         -0.00
            (C, H2)   0.00  -0.00    0.50    0.01   -0.00      -0.00     -0.00      -0.00       -0.00          -0.00         -0.00          0.00
            (C, H3)   0.00  -0.00    0.01    0.50   -0.00       0.00     -0.00       0.00       -0.00           0.00         -0.00          0.00
            (F, H1)   0.00  -0.00   -0.00   -0.00    0.00       0.00     -0.00      -0.00       -0.00          -0.00         -0.00         -0.00
         (O, H1, F)   0.00   0.00   -0.00    0.00    0.00       0.00     -0.00       0.00       -0.00           0.00          0.00          0.00
          (C, O, F)   0.00  -0.00   -0.00   -0.00   -0.00      -0.00      0.00      -0.00       -0.00           0.00         -0.00          0.00
         (O, C, H3)  -0.00  -0.00   -0.00    0.00   -0.00       0.00     -0.00       0.00       -0.00          -0.00          0.00         -0.00
        (H2, C, H3)   0.00  -0.00   -0.00   -0.00   -0.00      -0.00     -0.00      -0.00        0.00           0.00         -0.00          0.00
     (C, H3, O, H2)   0.00  -0.00   -0.00    0.00   -0.00       0.00      0.00      -0.00        0.00           0.00         -0.00          0.00
      (C, O, F, H1)   0.00   0.00   -0.00   -0.00   -0.00       0.00     -0.00       0.00       -0.00          -0.00          0.00         -0.00
      (F, O, C, H2)   0.00  -0.00    0.00    0.00   -0.00       0.00      0.00      -0.00        0.00           0.00         -0.00          0.00

Kinetic energy distribution matrix (normalization check: 1.0)

Internal Coordinate (O, F) (O, C) (C, H2) (C, H3) (F, H1) (O, H1, F) (C, O, F) (O, C, H3) (H2, C, H3) (C, H3, O, H2) (C, O, F, H1) (F, O, C, H2)
             (O, F)   0.00   0.00    0.00   -0.00   -0.00       0.00     -0.00       0.00       -0.00           0.00         -0.00          0.00
             (O, C)   0.00   0.03   -0.01   -0.03   -0.00       0.00     -0.00       0.00       -0.00          -0.00         -0.00         -0.00
            (C, H2)   0.00  -0.01    0.57   -0.02    0.00       0.00     -0.00       0.00       -0.00          -0.00          0.00         -0.00
            (C, H3)  -0.00  -0.03   -0.02    0.57   -0.00       0.00      0.00      -0.00        0.00           0.00          0.00          0.00
            (F, H1)  -0.00  -0.00    0.00   -0.00    0.00      -0.00      0.00      -0.00       -0.00           0.00          0.00         -0.00
         (O, H1, F)   0.00   0.00    0.00    0.00   -0.00       0.00      0.00      -0.00        0.00           0.00         -0.00          0.00
          (C, O, F)  -0.00  -0.00   -0.00    0.00    0.00       0.00      0.00      -0.00        0.00           0.00         -0.00          0.00
         (O, C, H3)   0.00   0.00    0.00   -0.00   -0.00      -0.00     -0.00       0.00       -0.00          -0.00          0.00         -0.00
        (H2, C, H3)  -0.00  -0.00   -0.00    0.00   -0.00       0.00      0.00      -0.00        0.00           0.00         -0.00          0.00
     (C, H3, O, H2)   0.00  -0.00   -0.00    0.00    0.00       0.00      0.00      -0.00        0.00           0.00         -0.00          0.00
      (C, O, F, H1)  -0.00  -0.00    0.00    0.00    0.00      -0.00     -0.00       0.00       -0.00          -0.00          0.00         -0.00
      (F, O, C, H2)   0.00  -0.00   -0.00    0.00   -0.00       0.00      0.00      -0.00        0.00           0.00         -0.00          0.00

Total energy distribution matrix (normalization check: 1.0)

Internal Coordinate (O, F) (O, C) (C, H2) (C, H3) (F, H1) (O, H1, F) (C, O, F) (O, C, H3) (H2, C, H3) (C, H3, O, H2) (C, O, F, H1) (F, O, C, H2)
             (O, F)   0.00   0.00    0.00   -0.00   -0.00       0.00     -0.00       0.00       -0.00           0.00         -0.00          0.00
             (O, C)   0.00   0.02   -0.01   -0.01   -0.00       0.00     -0.00       0.00       -0.00          -0.00         -0.00         -0.00
            (C, H2)   0.00  -0.01    0.54   -0.01    0.00       0.00     -0.00       0.00       -0.00          -0.00          0.00         -0.00
            (C, H3)  -0.00  -0.01   -0.01    0.53   -0.00       0.00      0.00      -0.00        0.00           0.00          0.00          0.00
            (F, H1)  -0.00  -0.00    0.00   -0.00    0.00      -0.00      0.00      -0.00       -0.00           0.00          0.00         -0.00
         (O, H1, F)   0.00   0.00    0.00    0.00   -0.00       0.00      0.00      -0.00        0.00           0.00         -0.00          0.00
          (C, O, F)  -0.00  -0.00   -0.00    0.00    0.00       0.00      0.00      -0.00        0.00           0.00         -0.00          0.00
         (O, C, H3)   0.00   0.00    0.00   -0.00   -0.00      -0.00     -0.00       0.00       -0.00          -0.00          0.00         -0.00
        (H2, C, H3)  -0.00  -0.00   -0.00    0.00   -0.00       0.00      0.00      -0.00        0.00           0.00         -0.00          0.00
     (C, H3, O, H2)   0.00  -0.00   -0.00    0.00    0.00       0.00      0.00      -0.00        0.00           0.00         -0.00          0.00
      (C, O, F, H1)  -0.00  -0.00    0.00    0.00    0.00      -0.00     -0.00       0.00       -0.00          -0.00          0.00         -0.00
      (F, O, C, H2)   0.00  -0.00   -0.00    0.00   -0.00       0.00      0.00      -0.00        0.00           0.00         -0.00          0.00

----- Extended Results: Exact PED, KED and TED analysis per mode -----

Normal mode at the following harmonic frequency: 3216 cm-1

Potential energy distribution matrix (normalization check: 1.0)

Internal Coordinate (O, F) (O, C) (C, H2) (C, H3) (F, H1) (O, H1, F) (C, O, F) (O, C, H3) (H2, C, H3) (C, H3, O, H2) (C, O, F, H1) (F, O, C, H2)
             (O, F)   0.00   0.00    0.00   -0.00    0.00      -0.00      0.00      -0.00        0.00          -0.00          0.00          0.00
             (O, C)   0.00   0.00   -0.00    0.00   -0.00      -0.00     -0.00      -0.00       -0.00           0.00          0.00         -0.00
            (C, H2)   0.00  -0.00    0.51   -0.01   -0.00       0.00     -0.00      -0.00       -0.00           0.00         -0.00          0.00
            (C, H3)  -0.00   0.00   -0.01    0.51    0.00       0.00      0.00      -0.00        0.00           0.00          0.00         -0.00
            (F, H1)   0.00  -0.00   -0.00    0.00    0.00      -0.00     -0.00      -0.00       -0.00           0.00         -0.00         -0.00
         (O, H1, F)  -0.00  -0.00    0.00    0.00   -0.00       0.00      0.00      -0.00        0.00           0.00         -0.00         -0.00
          (C, O, F)   0.00  -0.00   -0.00    0.00   -0.00       0.00      0.00      -0.00       -0.00          -0.00         -0.00          0.00
         (O, C, H3)  -0.00  -0.00   -0.00   -0.00   -0.00      -0.00     -0.00       0.01       -0.00           0.00          0.00         -0.00
        (H2, C, H3)   0.00  -0.00   -0.00    0.00   -0.00       0.00     -0.00      -0.00        0.00          -0.00         -0.00          0.00
     (C, H3, O, H2)  -0.00   0.00    0.00    0.00    0.00       0.00     -0.00       0.00       -0.00           0.00          0.00         -0.00
      (C, O, F, H1)   0.00   0.00   -0.00    0.00   -0.00      -0.00     -0.00       0.00       -0.00           0.00          0.00         -0.00
      (F, O, C, H2)   0.00  -0.00    0.00   -0.00   -0.00      -0.00      0.00      -0.00        0.00          -0.00         -0.00          0.00

Kinetic energy distribution matrix (normalization check: 1.0)

Internal Coordinate (O, F) (O, C) (C, H2) (C, H3) (F, H1) (O, H1, F) (C, O, F) (O, C, H3) (H2, C, H3) (C, H3, O, H2) (C, O, F, H1) (F, O, C, H2)
             (O, F)   0.00   0.00    0.00    0.00   -0.00      -0.00     -0.00       0.00       -0.00          -0.00         -0.00          0.00
             (O, C)   0.00   0.00   -0.00    0.00   -0.00      -0.00     -0.00       0.00       -0.00           0.00         -0.00         -0.00
            (C, H2)   0.00  -0.00    0.61    0.02    0.00      -0.00     -0.05       0.01       -0.00           0.00          0.00         -0.00
            (C, H3)   0.00   0.00    0.02    0.61    0.00       0.00     -0.06       0.01       -0.00           0.00         -0.00         -0.00
            (F, H1)  -0.00  -0.00    0.00    0.00    0.00       0.00      0.00      -0.00       -0.00          -0.00          0.00         -0.00
         (O, H1, F)  -0.00  -0.00   -0.00    0.00    0.00       0.00     -0.00       0.00       -0.00           0.00          0.00         -0.00
          (C, O, F)  -0.00  -0.00   -0.05   -0.06    0.00      -0.00      0.10      -0.04        0.00          -0.00         -0.00          0.00
         (O, C, H3)   0.00   0.00    0.01    0.01   -0.00       0.00     -0.04       0.05       -0.00           0.00          0.00         -0.00
        (H2, C, H3)  -0.00  -0.00   -0.00   -0.00   -0.00      -0.00      0.00      -0.00        0.00          -0.00         -0.00          0.00
     (C, H3, O, H2)  -0.00   0.00    0.00    0.00   -0.00       0.00     -0.00       0.00       -0.00           0.00          0.00         -0.00
      (C, O, F, H1)  -0.00  -0.00    0.00   -0.00    0.00       0.00     -0.00       0.00       -0.00           0.00          0.00         -0.00
      (F, O, C, H2)   0.00  -0.00   -0.00   -0.00   -0.00      -0.00      0.00      -0.00        0.00          -0.00         -0.00          0.00

Total energy distribution matrix (normalization check: 1.0)

Internal Coordinate (O, F) (O, C) (C, H2) (C, H3) (F, H1) (O, H1, F) (C, O, F) (O, C, H3) (H2, C, H3) (C, H3, O, H2) (C, O, F, H1) (F, O, C, H2)
             (O, F)   0.00   0.00    0.00    0.00   -0.00      -0.00     -0.00       0.00       -0.00          -0.00         -0.00          0.00
             (O, C)   0.00   0.00   -0.00    0.00   -0.00      -0.00     -0.00       0.00       -0.00           0.00         -0.00         -0.00
            (C, H2)   0.00  -0.00    0.56    0.01    0.00      -0.00     -0.02       0.01       -0.00           0.00          0.00         -0.00
            (C, H3)   0.00   0.00    0.01    0.56    0.00       0.00     -0.03       0.00       -0.00           0.00         -0.00         -0.00
            (F, H1)  -0.00  -0.00    0.00    0.00    0.00       0.00      0.00      -0.00       -0.00          -0.00          0.00         -0.00
         (O, H1, F)  -0.00  -0.00   -0.00    0.00    0.00       0.00     -0.00       0.00       -0.00           0.00          0.00         -0.00
          (C, O, F)  -0.00  -0.00   -0.02   -0.03    0.00      -0.00      0.05      -0.02        0.00          -0.00         -0.00          0.00
         (O, C, H3)   0.00   0.00    0.01    0.00   -0.00       0.00     -0.02       0.03       -0.00           0.00          0.00         -0.00
        (H2, C, H3)  -0.00  -0.00   -0.00   -0.00   -0.00      -0.00      0.00      -0.00        0.00          -0.00         -0.00          0.00
     (C, H3, O, H2)  -0.00   0.00    0.00    0.00   -0.00       0.00     -0.00       0.00       -0.00           0.00          0.00         -0.00
      (C, O, F, H1)  -0.00  -0.00    0.00   -0.00    0.00       0.00     -0.00       0.00       -0.00           0.00          0.00         -0.00
      (F, O, C, H2)   0.00  -0.00   -0.00   -0.00   -0.00      -0.00      0.00      -0.00        0.00          -0.00         -0.00          0.00

----- Extended Results: Exact PED, KED and TED analysis per mode -----

Normal mode at the following harmonic frequency: 4288 cm-1

Potential energy distribution matrix (normalization check: 1.0)

Internal Coordinate (O, F) (O, C) (C, H2) (C, H3) (F, H1) (O, H1, F) (C, O, F) (O, C, H3) (H2, C, H3) (C, H3, O, H2) (C, O, F, H1) (F, O, C, H2)
             (O, F)   0.00  -0.00   -0.00   -0.00    0.00       0.00      0.00       0.00       -0.00          -0.00         -0.00         -0.00
             (O, C)  -0.00   0.00   -0.00   -0.00    0.00      -0.00      0.00      -0.00       -0.00          -0.00          0.00         -0.00
            (C, H2)  -0.00  -0.00    0.00    0.00    0.00       0.00      0.00      -0.00       -0.00          -0.00         -0.00          0.00
            (C, H3)  -0.00  -0.00    0.00    0.00    0.00      -0.00      0.00       0.00       -0.00           0.00         -0.00          0.00
            (F, H1)   0.00   0.00    0.00    0.00    1.00       0.00     -0.00       0.00        0.00           0.00          0.00          0.00
         (O, H1, F)   0.00  -0.00    0.00   -0.00    0.00       0.00     -0.00      -0.00        0.00          -0.00         -0.00         -0.00
          (C, O, F)   0.00   0.00    0.00    0.00   -0.00      -0.00      0.00       0.00        0.00          -0.00          0.00         -0.00
         (O, C, H3)   0.00  -0.00   -0.00    0.00    0.00      -0.00      0.00       0.00       -0.00          -0.00          0.00         -0.00
        (H2, C, H3)  -0.00  -0.00   -0.00   -0.00    0.00       0.00      0.00      -0.00        0.00           0.00         -0.00          0.00
     (C, H3, O, H2)  -0.00  -0.00   -0.00    0.00    0.00      -0.00     -0.00      -0.00        0.00           0.00         -0.00          0.00
      (C, O, F, H1)  -0.00   0.00   -0.00   -0.00    0.00      -0.00      0.00       0.00       -0.00          -0.00          0.00         -0.00
      (F, O, C, H2)  -0.00  -0.00    0.00    0.00    0.00      -0.00     -0.00      -0.00        0.00           0.00         -0.00          0.00

Kinetic energy distribution matrix (normalization check: 1.0)

Internal Coordinate (O, F) (O, C) (C, H2) (C, H3) (F, H1) (O, H1, F) (C, O, F) (O, C, H3) (H2, C, H3) (C, H3, O, H2) (C, O, F, H1) (F, O, C, H2)
             (O, F)   0.03  -0.00   -0.00    0.00   -0.03       0.00     -0.00      -0.00        0.00          -0.00          0.00         -0.00
             (O, C)  -0.00   0.00   -0.00   -0.00    0.00      -0.00      0.00       0.00       -0.00          -0.00         -0.00         -0.00
            (C, H2)  -0.00  -0.00    0.00   -0.00   -0.00      -0.00      0.00       0.00       -0.00          -0.00          0.00         -0.00
            (C, H3)   0.00  -0.00   -0.00    0.00    0.00      -0.00     -0.00      -0.00        0.00           0.00          0.00          0.00
            (F, H1)  -0.03   0.00   -0.00    0.00    1.22      -0.01      0.00       0.00        0.00          -0.00         -0.00          0.00
         (O, H1, F)   0.00  -0.00   -0.00   -0.00   -0.01       0.02      0.00       0.00       -0.00          -0.00          0.00         -0.00
          (C, O, F)  -0.00   0.00    0.00   -0.00    0.00       0.00      0.00       0.00       -0.00          -0.00          0.00         -0.00
         (O, C, H3)  -0.00   0.00    0.00   -0.00    0.00       0.00      0.00       0.00       -0.00          -0.00          0.00         -0.00
        (H2, C, H3)   0.00  -0.00   -0.00    0.00    0.00      -0.00     -0.00      -0.00        0.00           0.00         -0.00          0.00
     (C, H3, O, H2)  -0.00  -0.00   -0.00    0.00   -0.00      -0.00     -0.00      -0.00        0.00           0.00         -0.00          0.00
      (C, O, F, H1)   0.00  -0.00    0.00    0.00   -0.00       0.00      0.00       0.00       -0.00          -0.00          0.00         -0.00
      (F, O, C, H2)  -0.00  -0.00   -0.00    0.00    0.00      -0.00     -0.00      -0.00        0.00           0.00         -0.00          0.00

Total energy distribution matrix (normalization check: 1.0)

Internal Coordinate (O, F) (O, C) (C, H2) (C, H3) (F, H1) (O, H1, F) (C, O, F) (O, C, H3) (H2, C, H3) (C, H3, O, H2) (C, O, F, H1) (F, O, C, H2)
             (O, F)   0.01  -0.00   -0.00    0.00   -0.01       0.00     -0.00      -0.00        0.00          -0.00          0.00         -0.00
             (O, C)  -0.00   0.00   -0.00   -0.00    0.00      -0.00      0.00       0.00       -0.00          -0.00         -0.00         -0.00
            (C, H2)  -0.00  -0.00    0.00   -0.00   -0.00      -0.00      0.00       0.00       -0.00          -0.00          0.00         -0.00
            (C, H3)   0.00  -0.00   -0.00    0.00    0.00      -0.00     -0.00      -0.00        0.00           0.00          0.00          0.00
            (F, H1)  -0.01   0.00   -0.00    0.00    1.11      -0.01      0.00       0.00        0.00          -0.00         -0.00          0.00
         (O, H1, F)   0.00  -0.00   -0.00   -0.00   -0.01       0.01      0.00       0.00       -0.00          -0.00          0.00         -0.00
          (C, O, F)  -0.00   0.00    0.00   -0.00    0.00       0.00      0.00       0.00       -0.00          -0.00          0.00         -0.00
         (O, C, H3)  -0.00   0.00    0.00   -0.00    0.00       0.00      0.00       0.00       -0.00          -0.00          0.00         -0.00
        (H2, C, H3)   0.00  -0.00   -0.00    0.00    0.00      -0.00     -0.00      -0.00        0.00           0.00         -0.00          0.00
     (C, H3, O, H2)  -0.00  -0.00   -0.00    0.00   -0.00      -0.00     -0.00      -0.00        0.00           0.00         -0.00          0.00
      (C, O, F, H1)   0.00  -0.00    0.00    0.00   -0.00       0.00      0.00       0.00       -0.00          -0.00          0.00         -0.00
      (F, O, C, H2)  -0.00  -0.00   -0.00    0.00    0.00      -0.00     -0.00      -0.00        0.00           0.00         -0.00          0.00

