 .__   __.   ______   .___  ___.   ______    _______   _______   ______   ______      .______   ____    ____ 
 |  \ |  |  /  __  \  |   \/   |  /  __  \  |       \ |   ____| /      | /  __  \     |   _  \  \   \  /   / 
 |   \|  | |  |  |  | |  \  /  | |  |  |  | |  .--.  ||  |__   |  ,----'|  |  |  |    |  |_)  |  \   \/   /  
 |  . `  | |  |  |  | |  |\/|  | |  |  |  | |  |  |  ||   __|  |  |     |  |  |  |    |   ___/    \_    _/   
 |  |\   | |  `--'  | |  |  |  | |  `--'  | |  '--'  ||  |____ |  `----.|  `--'  |  __|  |          |  |     
 |__| \__|  \______/  |__|  |__|  \______/  |_______/ |_______| \______| \______/  (__) _|          |__|     
                                                                                                             


**************************************************************************************************************
                                  Kemal Önen, Dennis F. Dinu, Klaus R. Liedl                                  
                                      Liedl Lab, University of Innsbruck                                      
**************************************************************************************************************

Non-planar system detected. Therefore out-of-plane angles are NOT used in your analysis. Note that out-of-plane angles tend to perform worse
than the other internal coordinates in terms of computational cost and in the decomposition. However they can be
useful for planar systems.

The detected point group is Cs
The following equivalent atoms were found: [['O1'], ['O2'], ['H1'], ['H3', 'H4'], ['H2']] 

The following primitive internals (bonds, (in-plane) angles, linear valence angles, out-of-plane angles and torsions) were generated:
bonds: [('O2', 'H3'), ('O2', 'H4'), ('O1', 'H2'), ('H2', 'O2'), ('O1', 'H1')]
in-plane angles: [('H1', 'O1', 'H2'), ('H3', 'O2', 'H4'), ('H3', 'O2', 'H2'), ('H4', 'O2', 'H2')]
linear valence-angles: [('O1', 'H2', 'O2'), ('O1', 'H2', 'O2')]
out-of-plane angles: []
dihedrals: [('H4', 'O2', 'H2', 'O1'), ('H3', 'O2', 'H2', 'O1'), ('H1', 'O1', 'H2', 'O2')]

12 internal coordinates are at least needed for the decomposition scheme.


-------------------------------- Initialization of an internal coordinate set --------------------------------

The following 12 Internal Coordinates are used in your analysis:
bonds: [('H2', 'O2'), ('O2', 'H3'), ('O2', 'H4'), ('O1', 'H1'), ('O1', 'H2')]
in-plane angles: [('H4', 'O2', 'H2'), ('H3', 'O2', 'O1'), ('H3', 'O2', 'H4'), ('H1', 'O1', 'H2')]
linear valence-angles: [('O1', 'H2', 'O2'), ('O1', 'H2', 'O2')]
out-of-plane angles: []
dihedrals: [('H4', 'O2', 'O1', 'H1')]


-------------------------- Results of the Decomposition Scheme ---------------------------

1.) Intrinsic Frequencies for all normal-coordinate frequencies and
    vibrational distribution matrix (exact approximation) at the following
    harmonic frequencies (all frequency values in cm-1):

Internal Coordinate Intrinsic Frequencies   110   134   144   171   362   610  1750  1777  4096  4134  4214  4229
           (H2, O2)                272.56 -0.00  0.01 -0.00  0.99 -0.00 -0.00  0.00 -0.00  0.00  0.00  0.00 -0.00
           (O2, H3)               4182.02 -0.00 -0.00  0.00  0.00 -0.00 -0.00 -0.00 -0.00  0.02  0.48  0.00  0.50
           (O2, H4)               4182.04 -0.00 -0.00  0.00  0.00 -0.00 -0.00 -0.00 -0.00  0.02  0.48  0.00  0.50
           (O1, H1)               4194.42 -0.00  0.00 -0.00  0.00  0.00  0.00 -0.00 -0.00  0.16  0.01  0.83  0.00
           (O1, H2)               4112.13  0.00  0.00  0.00  0.00  0.00  0.00  0.00 -0.00  0.81  0.02  0.17 -0.00
       (H4, O2, H2)                373.24  0.21  0.23  0.09  0.00  0.25  0.21  0.00  0.00 -0.00 -0.00 -0.00 -0.00
       (H3, O2, O1)                282.09  0.18  0.30  0.24  0.00  0.20  0.08  0.00  0.00  0.00 -0.00 -0.00 -0.00
       (H3, O2, H4)               1742.34 -0.00  0.00 -0.00  0.00  0.00  0.00  0.98  0.01 -0.00 -0.00  0.00  0.00
       (H1, O1, H2)               1726.46 -0.00  0.01 -0.00  0.00  0.05 -0.00  0.01  0.93 -0.00 -0.00  0.00  0.00
       (O1, H2, O2)                493.89 -0.00  0.45  0.00  0.00  0.50 -0.00  0.00  0.05  0.00 -0.00  0.00 -0.00
       (O1, H2, O2)                510.41  0.26 -0.00  0.04 -0.00  0.00  0.69 -0.00  0.00 -0.00  0.00  0.00 -0.00
   (H4, O2, O1, H1)                148.14  0.34  0.00  0.63  0.00  0.00  0.01 -0.00 -0.00  0.00 -0.00  0.00  0.00

Check if matrix is normalized: 1.0

2.) Intrinsic Frequencies for all normal-coordinate frequencies and
    diagonal elements of the PED matrix at the following
    harmonic frequencies (all frequency values in cm-1):

Internal Coordinate Intrinsic Frequencies  110  134  144  171  362  610 1750 1777 4096 4134 4214 4229
           (H2, O2)                272.56 0.00 0.00 0.00 1.03 0.00 0.00 0.00 0.00 0.01 0.00 0.00 0.00
           (O2, H3)               4182.02 0.00 0.00 0.00 0.00 0.00 0.00 0.01 0.00 0.02 0.49 0.00 0.50
           (O2, H4)               4182.04 0.00 0.00 0.00 0.00 0.00 0.00 0.01 0.00 0.02 0.49 0.00 0.50
           (O1, H1)               4194.42 0.00 0.00 0.00 0.00 0.00 0.00 0.00 0.01 0.16 0.01 0.83 0.00
           (O1, H2)               4112.13 0.00 0.00 0.00 0.00 0.00 0.00 0.00 0.01 0.82 0.02 0.17 0.00
       (H4, O2, H2)                373.24 0.81 0.64 0.43 0.04 0.18 0.09 0.00 0.00 0.00 0.00 0.00 0.00
       (H3, O2, O1)                282.09 1.50 0.98 0.61 0.06 0.10 0.02 0.00 0.00 0.00 0.00 0.00 0.00
       (H3, O2, H4)               1742.34 0.00 0.01 0.00 0.00 0.00 0.00 1.00 0.01 0.00 0.00 0.00 0.00
       (H1, O1, H2)               1726.46 0.00 0.04 0.00 0.00 0.07 0.00 0.01 0.92 0.00 0.00 0.00 0.00
       (O1, H2, O2)                493.89 0.00 1.55 0.00 0.06 0.33 0.00 0.00 0.03 0.00 0.00 0.00 0.00
       (O1, H2, O2)                510.41 2.96 0.00 0.37 0.00 0.00 0.51 0.00 0.00 0.00 0.00 0.00 0.00
   (H4, O2, O1, H1)                148.14 0.56 0.05 0.63 0.00 0.00 0.00 0.00 0.00 0.00 0.00 0.00 0.00

3.) Intrinsic Frequencies for all normal-coordinate frequencies and
    contribution table calculated from the diagonal elements of the PED at the following
    harmonic frequencies (all frequency values in cm-1):

Internal Coordinate Intrinsic Frequencies   110   134   144   171   362   610  1750  1777  4096  4134  4214  4229
           (H2, O2)                272.56  0.00  0.04  0.00 86.29  0.00  0.00  0.02  0.07  1.15  0.02  0.22  0.00
           (O2, H3)               4182.02  0.01  0.03  0.02  0.00  0.06  0.01  0.62  0.00  1.66 48.26  0.08 50.00
           (O2, H4)               4182.04  0.01  0.03  0.02  0.00  0.06  0.01  0.62  0.00  1.66 48.26  0.08 50.00
           (O1, H1)               4194.42  0.00  0.01  0.00  0.00  0.08  0.00  0.01  0.82 15.72  1.27 82.59  0.00
           (O1, H2)               4112.13  0.00  0.01  0.00  0.04  0.01  0.00  0.02  0.53 79.81  2.18 17.02  0.00
       (H4, O2, H2)                373.24 13.93 19.60 21.14  3.61 25.92 15.13  0.28  0.13  0.00  0.00  0.00  0.00
       (H3, O2, O1)                282.09 25.65 29.86 30.08  4.59 14.49  2.86  0.25  0.00  0.00  0.00  0.00  0.00
       (H3, O2, H4)               1742.34  0.00  0.34  0.00  0.33  0.41  0.00 97.08  0.95  0.00  0.00  0.00  0.00
       (H1, O1, H2)               1726.46  0.00  1.35  0.00  0.02 10.56  0.00  0.89 94.66  0.00  0.00  0.00  0.00
       (O1, H2, O2)                493.89  0.00 47.32  0.00  4.88 47.69  0.00  0.04  2.85  0.00  0.00  0.00  0.00
       (O1, H2, O2)                510.41 50.73  0.00 18.10  0.00  0.00 81.81  0.00  0.00  0.00  0.00  0.00  0.00
   (H4, O2, O1, H1)                148.14  9.67  1.42 30.64  0.24  0.71  0.19  0.17  0.00  0.00  0.00  0.00  0.00

----- Extended Results: Exact PED, KED and TED analysis per mode -----

Normal mode at the following harmonic frequency: 110 cm-1

Potential energy distribution matrix (normalization check: 1.0)

Internal Coordinate (H2, O2) (O2, H3) (O2, H4) (O1, H1) (O1, H2) (H4, O2, H2) (H3, O2, O1) (H3, O2, H4) (H1, O1, H2) (O1, H2, O2) (O1, H2, O2) (H4, O2, O1, H1)
           (H2, O2)     0.00    -0.00     0.00    -0.00     0.00        -0.00         0.00         0.00        -0.00         0.00        -0.00             0.00
           (O2, H3)    -0.00     0.00     0.00    -0.00     0.00         0.00        -0.00        -0.00         0.00         0.00         0.00             0.00
           (O2, H4)     0.00     0.00     0.00     0.00    -0.00        -0.00         0.00         0.00        -0.00        -0.00         0.00             0.00
           (O1, H1)    -0.00    -0.00     0.00     0.00    -0.00        -0.00         0.00         0.00        -0.00         0.00         0.00            -0.00
           (O1, H2)     0.00     0.00    -0.00    -0.00     0.00         0.00        -0.00        -0.00        -0.00         0.00         0.00             0.00
       (H4, O2, H2)    -0.00     0.00    -0.00    -0.00     0.00         0.81         0.02        -0.00        -0.00         0.00        -0.80             0.18
       (H3, O2, O1)     0.00    -0.00     0.00     0.00    -0.00         0.02         1.50        -0.00         0.00        -0.00        -1.41             0.08
       (H3, O2, H4)     0.00    -0.00     0.00     0.00    -0.00        -0.00        -0.00         0.00         0.00        -0.00         0.00            -0.00
       (H1, O1, H2)    -0.00     0.00    -0.00    -0.00    -0.00        -0.00         0.00         0.00         0.00        -0.00        -0.00            -0.00
       (O1, H2, O2)     0.00     0.00    -0.00     0.00     0.00         0.00        -0.00        -0.00        -0.00         0.00         0.00            -0.00
       (O1, H2, O2)    -0.00     0.00     0.00     0.00     0.00        -0.80        -1.41         0.00        -0.00         0.00         2.96            -0.50
   (H4, O2, O1, H1)     0.00     0.00     0.00    -0.00     0.00         0.18         0.08        -0.00        -0.00        -0.00        -0.50             0.56

Kinetic energy distribution matrix (normalization check: 1.0)

Internal Coordinate (H2, O2) (O2, H3) (O2, H4) (O1, H1) (O1, H2) (H4, O2, H2) (H3, O2, O1) (H3, O2, H4) (H1, O1, H2) (O1, H2, O2) (O1, H2, O2) (H4, O2, O1, H1)
           (H2, O2)     0.00    -0.00     0.00     0.00     0.00        -0.00         0.00         0.00        -0.00         0.00        -0.00             0.00
           (O2, H3)    -0.00     0.00     0.00     0.00    -0.00         0.00         0.00         0.00        -0.00        -0.00        -0.00             0.00
           (O2, H4)     0.00     0.00     0.00    -0.00     0.00         0.00         0.00        -0.00         0.00         0.00         0.00             0.00
           (O1, H1)     0.00     0.00    -0.00     0.00     0.00         0.00        -0.00         0.00         0.00        -0.00         0.00            -0.00
           (O1, H2)     0.00    -0.00     0.00     0.00     0.00        -0.00         0.00         0.00        -0.00         0.00        -0.00             0.00
       (H4, O2, H2)    -0.00     0.00     0.00     0.00    -0.00         0.18        -0.05        -0.00        -0.00        -0.00         0.08             0.04
       (H3, O2, O1)     0.00     0.00     0.00    -0.00     0.00        -0.05         0.36         0.00         0.00         0.00        -0.01            -0.08
       (H3, O2, H4)     0.00     0.00    -0.00     0.00     0.00        -0.00         0.00         0.00        -0.00         0.00        -0.00            -0.00
       (H1, O1, H2)    -0.00    -0.00     0.00     0.00    -0.00        -0.00         0.00        -0.00         0.00         0.00        -0.00            -0.00
       (O1, H2, O2)     0.00    -0.00     0.00    -0.00     0.00        -0.00         0.00         0.00         0.00         0.00        -0.00            -0.00
       (O1, H2, O2)    -0.00    -0.00     0.00     0.00    -0.00         0.08        -0.01        -0.00        -0.00        -0.00         0.21            -0.01
   (H4, O2, O1, H1)     0.00     0.00     0.00    -0.00     0.00         0.04        -0.08        -0.00        -0.00        -0.00        -0.01             0.41

Total energy distribution matrix (normalization check: 1.0)

Internal Coordinate (H2, O2) (O2, H3) (O2, H4) (O1, H1) (O1, H2) (H4, O2, H2) (H3, O2, O1) (H3, O2, H4) (H1, O1, H2) (O1, H2, O2) (O1, H2, O2) (H4, O2, O1, H1)
           (H2, O2)     0.00    -0.00     0.00    -0.00     0.00        -0.00         0.00         0.00        -0.00         0.00        -0.00             0.00
           (O2, H3)    -0.00     0.00     0.00    -0.00     0.00         0.00        -0.00        -0.00        -0.00         0.00         0.00             0.00
           (O2, H4)     0.00     0.00     0.00     0.00    -0.00        -0.00         0.00         0.00         0.00        -0.00         0.00             0.00
           (O1, H1)    -0.00    -0.00     0.00     0.00    -0.00        -0.00        -0.00         0.00        -0.00         0.00         0.00            -0.00
           (O1, H2)     0.00     0.00    -0.00    -0.00     0.00        -0.00         0.00        -0.00        -0.00         0.00        -0.00             0.00
       (H4, O2, H2)    -0.00     0.00    -0.00    -0.00    -0.00         0.49        -0.02        -0.00        -0.00         0.00        -0.36             0.11
       (H3, O2, O1)     0.00    -0.00     0.00    -0.00     0.00        -0.02         0.93         0.00         0.00        -0.00        -0.71             0.00
       (H3, O2, H4)     0.00    -0.00     0.00     0.00    -0.00        -0.00         0.00         0.00         0.00        -0.00         0.00            -0.00
       (H1, O1, H2)    -0.00    -0.00     0.00    -0.00    -0.00        -0.00         0.00         0.00         0.00        -0.00        -0.00            -0.00
       (O1, H2, O2)     0.00     0.00    -0.00     0.00     0.00         0.00        -0.00        -0.00        -0.00         0.00         0.00            -0.00
       (O1, H2, O2)    -0.00     0.00     0.00     0.00    -0.00        -0.36        -0.71         0.00        -0.00         0.00         1.58            -0.25
   (H4, O2, O1, H1)     0.00     0.00     0.00    -0.00     0.00         0.11         0.00        -0.00        -0.00        -0.00        -0.25             0.49

----- Extended Results: Exact PED, KED and TED analysis per mode -----

Normal mode at the following harmonic frequency: 134 cm-1

Potential energy distribution matrix (normalization check: 1.0)

Internal Coordinate (H2, O2) (O2, H3) (O2, H4) (O1, H1) (O1, H2) (H4, O2, H2) (H3, O2, O1) (H3, O2, H4) (H1, O1, H2) (O1, H2, O2) (O1, H2, O2) (H4, O2, O1, H1)
           (H2, O2)     0.00    -0.00    -0.00    -0.00     0.00         0.00         0.00         0.00        -0.00         0.00        -0.00             0.00
           (O2, H3)    -0.00     0.00    -0.00    -0.00     0.00        -0.00        -0.00        -0.00         0.00         0.00         0.00             0.00
           (O2, H4)    -0.00    -0.00     0.00    -0.00     0.00        -0.00        -0.00        -0.00         0.00         0.00        -0.00            -0.00
           (O1, H1)    -0.00    -0.00    -0.00     0.00    -0.00         0.00         0.00         0.00        -0.00         0.00         0.00            -0.00
           (O1, H2)     0.00     0.00     0.00    -0.00     0.00        -0.00        -0.00        -0.00        -0.00         0.00         0.00             0.00
       (H4, O2, H2)     0.00    -0.00    -0.00     0.00    -0.00         0.64        -0.01         0.00         0.00        -0.36         0.00            -0.05
       (H3, O2, O1)     0.00    -0.00    -0.00     0.00    -0.00        -0.01         0.98        -0.00         0.00        -0.69        -0.00             0.02
       (H3, O2, H4)     0.00    -0.00    -0.00     0.00    -0.00         0.00        -0.00         0.01         0.00        -0.00         0.00            -0.00
       (H1, O1, H2)    -0.00     0.00     0.00    -0.00    -0.00         0.00         0.00         0.00         0.04        -0.04        -0.00            -0.00
       (O1, H2, O2)     0.00     0.00     0.00     0.00     0.00        -0.36        -0.69        -0.00        -0.04         1.55         0.00            -0.02
       (O1, H2, O2)    -0.00     0.00    -0.00     0.00     0.00         0.00        -0.00         0.00        -0.00         0.00         0.00            -0.00
   (H4, O2, O1, H1)     0.00     0.00    -0.00    -0.00     0.00        -0.05         0.02        -0.00        -0.00        -0.02        -0.00             0.05

Kinetic energy distribution matrix (normalization check: 1.0)

Internal Coordinate (H2, O2) (O2, H3) (O2, H4) (O1, H1) (O1, H2) (H4, O2, H2) (H3, O2, O1) (H3, O2, H4) (H1, O1, H2) (O1, H2, O2) (O1, H2, O2) (H4, O2, O1, H1)
           (H2, O2)     0.00    -0.00    -0.00     0.00     0.00         0.00         0.00         0.00        -0.00         0.00        -0.00             0.00
           (O2, H3)    -0.00     0.00    -0.00     0.00    -0.00        -0.00         0.00         0.00        -0.00        -0.00        -0.00             0.00
           (O2, H4)    -0.00    -0.00     0.00     0.00    -0.00         0.00        -0.00         0.00        -0.00        -0.00        -0.00            -0.00
           (O1, H1)     0.00     0.00     0.00     0.00     0.00        -0.00        -0.00         0.00         0.00        -0.00         0.00            -0.00
           (O1, H2)     0.00    -0.00    -0.00     0.00     0.00         0.00         0.00         0.00        -0.00         0.00        -0.00             0.00
       (H4, O2, H2)     0.00    -0.00     0.00    -0.00     0.00         0.21         0.05         0.00         0.00         0.07        -0.00            -0.01
       (H3, O2, O1)     0.00     0.00    -0.00    -0.00     0.00         0.05         0.35         0.00         0.00         0.03        -0.00            -0.03
       (H3, O2, H4)     0.00     0.00     0.00     0.00     0.00         0.00         0.00         0.00        -0.00         0.00        -0.00            -0.00
       (H1, O1, H2)    -0.00    -0.00    -0.00     0.00    -0.00         0.00         0.00        -0.00         0.00         0.01        -0.00            -0.00
       (O1, H2, O2)     0.00    -0.00    -0.00    -0.00     0.00         0.07         0.03         0.00         0.01         0.41        -0.00            -0.00
       (O1, H2, O2)    -0.00    -0.00    -0.00     0.00    -0.00        -0.00        -0.00        -0.00        -0.00        -0.00         0.00            -0.00
   (H4, O2, O1, H1)     0.00     0.00    -0.00    -0.00     0.00        -0.01        -0.03        -0.00        -0.00        -0.00        -0.00             0.05

Total energy distribution matrix (normalization check: 1.0)

Internal Coordinate (H2, O2) (O2, H3) (O2, H4) (O1, H1) (O1, H2) (H4, O2, H2) (H3, O2, O1) (H3, O2, H4) (H1, O1, H2) (O1, H2, O2) (O1, H2, O2) (H4, O2, O1, H1)
           (H2, O2)     0.00    -0.00    -0.00    -0.00     0.00         0.00         0.00         0.00        -0.00         0.00        -0.00             0.00
           (O2, H3)    -0.00     0.00    -0.00    -0.00     0.00        -0.00        -0.00        -0.00        -0.00         0.00         0.00             0.00
           (O2, H4)    -0.00    -0.00     0.00    -0.00     0.00        -0.00        -0.00        -0.00        -0.00         0.00        -0.00            -0.00
           (O1, H1)    -0.00    -0.00    -0.00     0.00    -0.00        -0.00        -0.00         0.00        -0.00         0.00         0.00            -0.00
           (O1, H2)     0.00     0.00     0.00    -0.00     0.00         0.00         0.00        -0.00        -0.00         0.00        -0.00             0.00
       (H4, O2, H2)     0.00    -0.00    -0.00    -0.00     0.00         0.43         0.02         0.00         0.00        -0.14         0.00            -0.03
       (H3, O2, O1)     0.00    -0.00    -0.00    -0.00     0.00         0.02         0.67         0.00         0.00        -0.33        -0.00            -0.00
       (H3, O2, H4)     0.00    -0.00    -0.00     0.00    -0.00         0.00         0.00         0.01         0.00        -0.00         0.00            -0.00
       (H1, O1, H2)    -0.00    -0.00    -0.00    -0.00    -0.00         0.00         0.00         0.00         0.02        -0.01        -0.00            -0.00
       (O1, H2, O2)     0.00     0.00     0.00     0.00     0.00        -0.14        -0.33        -0.00        -0.01         0.98         0.00            -0.01
       (O1, H2, O2)    -0.00     0.00    -0.00     0.00    -0.00         0.00        -0.00         0.00        -0.00         0.00         0.00            -0.00
   (H4, O2, O1, H1)     0.00     0.00    -0.00    -0.00     0.00        -0.03        -0.00        -0.00        -0.00        -0.01        -0.00             0.05

----- Extended Results: Exact PED, KED and TED analysis per mode -----

Normal mode at the following harmonic frequency: 144 cm-1

Potential energy distribution matrix (normalization check: 1.0)

Internal Coordinate (H2, O2) (O2, H3) (O2, H4) (O1, H1) (O1, H2) (H4, O2, H2) (H3, O2, O1) (H3, O2, H4) (H1, O1, H2) (O1, H2, O2) (O1, H2, O2) (H4, O2, O1, H1)
           (H2, O2)     0.00    -0.00     0.00     0.00    -0.00        -0.00         0.00        -0.00         0.00        -0.00        -0.00            -0.00
           (O2, H3)    -0.00     0.00     0.00     0.00    -0.00         0.00        -0.00         0.00        -0.00        -0.00         0.00            -0.00
           (O2, H4)     0.00     0.00     0.00    -0.00     0.00        -0.00         0.00        -0.00         0.00         0.00         0.00            -0.00
           (O1, H1)     0.00     0.00    -0.00     0.00    -0.00         0.00        -0.00         0.00        -0.00         0.00        -0.00            -0.00
           (O1, H2)    -0.00    -0.00     0.00    -0.00     0.00        -0.00         0.00        -0.00        -0.00         0.00        -0.00             0.00
       (H4, O2, H2)    -0.00     0.00    -0.00     0.00    -0.00         0.43         0.01         0.00         0.00        -0.00        -0.21            -0.14
       (H3, O2, O1)     0.00    -0.00     0.00    -0.00     0.00         0.01         0.61         0.00        -0.00         0.00        -0.32            -0.06
       (H3, O2, H4)    -0.00     0.00    -0.00     0.00    -0.00         0.00         0.00         0.00         0.00        -0.00        -0.00            -0.00
       (H1, O1, H2)     0.00    -0.00     0.00    -0.00    -0.00         0.00        -0.00         0.00         0.00        -0.00         0.00            -0.00
       (O1, H2, O2)    -0.00    -0.00     0.00     0.00     0.00        -0.00         0.00        -0.00        -0.00         0.00        -0.00            -0.00
       (O1, H2, O2)    -0.00     0.00     0.00    -0.00    -0.00        -0.21        -0.32        -0.00         0.00        -0.00         0.37             0.18
   (H4, O2, O1, H1)    -0.00    -0.00    -0.00    -0.00     0.00        -0.14        -0.06        -0.00        -0.00        -0.00         0.18             0.63

Kinetic energy distribution matrix (normalization check: 1.0)

Internal Coordinate (H2, O2) (O2, H3) (O2, H4) (O1, H1) (O1, H2) (H4, O2, H2) (H3, O2, O1) (H3, O2, H4) (H1, O1, H2) (O1, H2, O2) (O1, H2, O2) (H4, O2, O1, H1)
           (H2, O2)     0.00    -0.00     0.00    -0.00    -0.00        -0.00         0.00        -0.00         0.00        -0.00        -0.00            -0.00
           (O2, H3)    -0.00     0.00     0.00    -0.00     0.00         0.00         0.00        -0.00         0.00         0.00        -0.00            -0.00
           (O2, H4)     0.00     0.00     0.00     0.00    -0.00         0.00         0.00         0.00        -0.00        -0.00         0.00            -0.00
           (O1, H1)    -0.00    -0.00     0.00     0.00     0.00        -0.00         0.00         0.00         0.00        -0.00        -0.00            -0.00
           (O1, H2)    -0.00     0.00    -0.00     0.00     0.00         0.00        -0.00         0.00        -0.00         0.00         0.00             0.00
       (H4, O2, H2)    -0.00     0.00     0.00    -0.00     0.00         0.16        -0.04         0.00         0.00         0.00         0.03            -0.05
       (H3, O2, O1)     0.00     0.00     0.00     0.00    -0.00        -0.04         0.25        -0.00        -0.00        -0.00        -0.01             0.09
       (H3, O2, H4)    -0.00    -0.00     0.00     0.00     0.00         0.00        -0.00         0.00        -0.00         0.00         0.00            -0.00
       (H1, O1, H2)     0.00     0.00    -0.00     0.00    -0.00         0.00        -0.00        -0.00         0.00         0.00         0.00            -0.00
       (O1, H2, O2)    -0.00     0.00    -0.00    -0.00     0.00         0.00        -0.00         0.00         0.00         0.00         0.00            -0.00
       (O1, H2, O2)    -0.00    -0.00     0.00    -0.00     0.00         0.03        -0.01         0.00         0.00         0.00         0.04             0.01
   (H4, O2, O1, H1)    -0.00    -0.00    -0.00    -0.00     0.00        -0.05         0.09        -0.00        -0.00        -0.00         0.01             0.77

Total energy distribution matrix (normalization check: 1.0)

Internal Coordinate (H2, O2) (O2, H3) (O2, H4) (O1, H1) (O1, H2) (H4, O2, H2) (H3, O2, O1) (H3, O2, H4) (H1, O1, H2) (O1, H2, O2) (O1, H2, O2) (H4, O2, O1, H1)
           (H2, O2)     0.00    -0.00     0.00     0.00    -0.00        -0.00         0.00        -0.00         0.00        -0.00        -0.00            -0.00
           (O2, H3)    -0.00     0.00     0.00     0.00    -0.00         0.00        -0.00         0.00         0.00        -0.00         0.00            -0.00
           (O2, H4)     0.00     0.00     0.00    -0.00     0.00        -0.00         0.00        -0.00        -0.00         0.00         0.00            -0.00
           (O1, H1)     0.00     0.00    -0.00     0.00    -0.00        -0.00         0.00         0.00        -0.00         0.00        -0.00            -0.00
           (O1, H2)    -0.00    -0.00     0.00    -0.00     0.00         0.00        -0.00        -0.00        -0.00         0.00         0.00             0.00
       (H4, O2, H2)    -0.00     0.00    -0.00    -0.00     0.00         0.30        -0.02         0.00         0.00        -0.00        -0.09            -0.09
       (H3, O2, O1)     0.00    -0.00     0.00     0.00    -0.00        -0.02         0.43        -0.00        -0.00         0.00        -0.16             0.02
       (H3, O2, H4)    -0.00     0.00    -0.00     0.00    -0.00         0.00        -0.00         0.00         0.00        -0.00        -0.00            -0.00
       (H1, O1, H2)     0.00     0.00    -0.00    -0.00    -0.00         0.00        -0.00         0.00         0.00        -0.00         0.00            -0.00
       (O1, H2, O2)    -0.00    -0.00     0.00     0.00     0.00        -0.00         0.00        -0.00        -0.00         0.00        -0.00            -0.00
       (O1, H2, O2)    -0.00     0.00     0.00    -0.00     0.00        -0.09        -0.16        -0.00         0.00        -0.00         0.21             0.10
   (H4, O2, O1, H1)    -0.00    -0.00    -0.00    -0.00     0.00        -0.09         0.02        -0.00        -0.00        -0.00         0.10             0.70

----- Extended Results: Exact PED, KED and TED analysis per mode -----

Normal mode at the following harmonic frequency: 171 cm-1

Potential energy distribution matrix (normalization check: 1.0)

Internal Coordinate (H2, O2) (O2, H3) (O2, H4) (O1, H1) (O1, H2) (H4, O2, H2) (H3, O2, O1) (H3, O2, H4) (H1, O1, H2) (O1, H2, O2) (O1, H2, O2) (H4, O2, O1, H1)
           (H2, O2)     1.03     0.00     0.00    -0.00     0.00        -0.02        -0.02        -0.00         0.00        -0.01         0.00            -0.00
           (O2, H3)     0.00     0.00    -0.00     0.00    -0.00        -0.00        -0.00        -0.00         0.00         0.00         0.00             0.00
           (O2, H4)     0.00    -0.00     0.00     0.00    -0.00        -0.00        -0.00        -0.00         0.00         0.00        -0.00            -0.00
           (O1, H1)    -0.00     0.00     0.00     0.00    -0.00        -0.00        -0.00        -0.00         0.00        -0.00        -0.00             0.00
           (O1, H2)     0.00    -0.00    -0.00    -0.00     0.00         0.00         0.00         0.00         0.00        -0.00        -0.00            -0.00
       (H4, O2, H2)    -0.02    -0.00    -0.00    -0.00     0.00         0.04        -0.00         0.00         0.00        -0.02         0.00            -0.00
       (H3, O2, O1)    -0.02    -0.00    -0.00    -0.00     0.00        -0.00         0.06        -0.00         0.00        -0.03        -0.00             0.00
       (H3, O2, H4)    -0.00    -0.00    -0.00    -0.00     0.00         0.00        -0.00         0.00         0.00        -0.00         0.00            -0.00
       (H1, O1, H2)     0.00     0.00     0.00     0.00     0.00         0.00         0.00         0.00         0.00        -0.00        -0.00            -0.00
       (O1, H2, O2)    -0.01     0.00     0.00    -0.00    -0.00        -0.02        -0.03        -0.00        -0.00         0.06         0.00            -0.00
       (O1, H2, O2)     0.00     0.00    -0.00    -0.00    -0.00         0.00        -0.00         0.00        -0.00         0.00         0.00            -0.00
   (H4, O2, O1, H1)    -0.00     0.00    -0.00     0.00    -0.00        -0.00         0.00        -0.00        -0.00        -0.00        -0.00             0.00

Kinetic energy distribution matrix (normalization check: 1.0)

Internal Coordinate (H2, O2) (O2, H3) (O2, H4) (O1, H1) (O1, H2) (H4, O2, H2) (H3, O2, O1) (H3, O2, H4) (H1, O1, H2) (O1, H2, O2) (O1, H2, O2) (H4, O2, O1, H1)
           (H2, O2)     1.06     0.00     0.00     0.00     0.00        -0.02        -0.03        -0.00         0.00        -0.03         0.00            -0.00
           (O2, H3)     0.00     0.00    -0.00    -0.00     0.00        -0.00         0.00         0.00        -0.00        -0.00        -0.00             0.00
           (O2, H4)     0.00    -0.00     0.00    -0.00     0.00         0.00        -0.00         0.00        -0.00        -0.00        -0.00            -0.00
           (O1, H1)     0.00    -0.00    -0.00     0.00     0.00         0.00         0.00        -0.00        -0.00         0.00        -0.00             0.00
           (O1, H2)     0.00     0.00     0.00     0.00     0.00        -0.00        -0.00        -0.00         0.00        -0.00         0.00            -0.00
       (H4, O2, H2)    -0.02    -0.00     0.00     0.00    -0.00         0.02         0.01         0.00         0.00         0.01        -0.00            -0.00
       (H3, O2, O1)    -0.03     0.00    -0.00     0.00    -0.00         0.01         0.03         0.00         0.00         0.00        -0.00            -0.00
       (H3, O2, H4)    -0.00     0.00     0.00    -0.00    -0.00         0.00         0.00         0.00        -0.00         0.00        -0.00            -0.00
       (H1, O1, H2)     0.00    -0.00    -0.00    -0.00     0.00         0.00         0.00        -0.00         0.00         0.00        -0.00            -0.00
       (O1, H2, O2)    -0.03    -0.00    -0.00     0.00    -0.00         0.01         0.00         0.00         0.00         0.02        -0.00            -0.00
       (O1, H2, O2)     0.00    -0.00    -0.00    -0.00     0.00        -0.00        -0.00        -0.00        -0.00        -0.00         0.00            -0.00
   (H4, O2, O1, H1)    -0.00     0.00    -0.00     0.00    -0.00        -0.00        -0.00        -0.00        -0.00        -0.00        -0.00             0.01

Total energy distribution matrix (normalization check: 1.0)

Internal Coordinate (H2, O2) (O2, H3) (O2, H4) (O1, H1) (O1, H2) (H4, O2, H2) (H3, O2, O1) (H3, O2, H4) (H1, O1, H2) (O1, H2, O2) (O1, H2, O2) (H4, O2, O1, H1)
           (H2, O2)     1.05     0.00     0.00    -0.00     0.00        -0.02        -0.02        -0.00         0.00        -0.02         0.00            -0.00
           (O2, H3)     0.00     0.00    -0.00     0.00    -0.00        -0.00        -0.00        -0.00        -0.00         0.00         0.00             0.00
           (O2, H4)     0.00    -0.00     0.00     0.00    -0.00        -0.00        -0.00        -0.00        -0.00         0.00        -0.00            -0.00
           (O1, H1)    -0.00     0.00     0.00     0.00    -0.00         0.00         0.00        -0.00         0.00        -0.00        -0.00             0.00
           (O1, H2)     0.00    -0.00    -0.00    -0.00     0.00        -0.00        -0.00         0.00         0.00        -0.00         0.00            -0.00
       (H4, O2, H2)    -0.02    -0.00    -0.00     0.00    -0.00         0.03         0.00         0.00         0.00        -0.01         0.00            -0.00
       (H3, O2, O1)    -0.02    -0.00    -0.00     0.00    -0.00         0.00         0.04         0.00         0.00        -0.01        -0.00            -0.00
       (H3, O2, H4)    -0.00    -0.00    -0.00    -0.00     0.00         0.00         0.00         0.00         0.00        -0.00         0.00            -0.00
       (H1, O1, H2)     0.00    -0.00    -0.00     0.00     0.00         0.00         0.00         0.00         0.00        -0.00        -0.00            -0.00
       (O1, H2, O2)    -0.02     0.00     0.00    -0.00    -0.00        -0.01        -0.01        -0.00        -0.00         0.04         0.00            -0.00
       (O1, H2, O2)     0.00     0.00    -0.00    -0.00     0.00         0.00        -0.00         0.00        -0.00         0.00         0.00            -0.00
   (H4, O2, O1, H1)    -0.00     0.00    -0.00     0.00    -0.00        -0.00        -0.00        -0.00        -0.00        -0.00        -0.00             0.00

----- Extended Results: Exact PED, KED and TED analysis per mode -----

Normal mode at the following harmonic frequency: 362 cm-1

Potential energy distribution matrix (normalization check: 1.0)

Internal Coordinate (H2, O2) (O2, H3) (O2, H4) (O1, H1) (O1, H2) (H4, O2, H2) (H3, O2, O1) (H3, O2, H4) (H1, O1, H2) (O1, H2, O2) (O1, H2, O2) (H4, O2, O1, H1)
           (H2, O2)     0.00     0.00     0.00    -0.00    -0.00        -0.00        -0.00        -0.00        -0.00         0.00        -0.00            -0.00
           (O2, H3)     0.00     0.00    -0.00     0.00     0.00        -0.00        -0.00        -0.00        -0.00        -0.00        -0.00             0.00
           (O2, H4)     0.00    -0.00     0.00     0.00     0.00        -0.00        -0.00        -0.00        -0.00        -0.00         0.00            -0.00
           (O1, H1)    -0.00     0.00     0.00     0.00     0.00        -0.00        -0.00        -0.00        -0.00         0.00         0.00             0.00
           (O1, H2)    -0.00     0.00     0.00     0.00     0.00        -0.00        -0.00        -0.00         0.00        -0.00        -0.00             0.00
       (H4, O2, H2)    -0.00    -0.00    -0.00    -0.00    -0.00         0.18        -0.00         0.00        -0.00         0.09        -0.00            -0.01
       (H3, O2, O1)    -0.00    -0.00    -0.00    -0.00    -0.00        -0.00         0.10        -0.00        -0.00         0.10         0.00             0.00
       (H3, O2, H4)    -0.00    -0.00    -0.00    -0.00    -0.00         0.00        -0.00         0.00        -0.00         0.00        -0.00            -0.00
       (H1, O1, H2)    -0.00    -0.00    -0.00    -0.00     0.00        -0.00        -0.00        -0.00         0.07        -0.02        -0.00             0.00
       (O1, H2, O2)     0.00    -0.00    -0.00     0.00    -0.00         0.09         0.10         0.00        -0.02         0.33         0.00             0.00
       (O1, H2, O2)    -0.00    -0.00     0.00     0.00    -0.00        -0.00         0.00        -0.00        -0.00         0.00         0.00             0.00
   (H4, O2, O1, H1)    -0.00     0.00    -0.00     0.00     0.00        -0.01         0.00        -0.00         0.00         0.00         0.00             0.00

Kinetic energy distribution matrix (normalization check: 1.0)

Internal Coordinate (H2, O2) (O2, H3) (O2, H4) (O1, H1) (O1, H2) (H4, O2, H2) (H3, O2, O1) (H3, O2, H4) (H1, O1, H2) (O1, H2, O2) (O1, H2, O2) (H4, O2, O1, H1)
           (H2, O2)     0.00     0.00     0.00     0.00    -0.00        -0.00        -0.00        -0.00        -0.00         0.00        -0.00            -0.00
           (O2, H3)     0.00     0.00    -0.00    -0.00    -0.00        -0.00         0.00         0.00         0.00         0.00         0.00             0.00
           (O2, H4)     0.00    -0.00     0.00    -0.00    -0.00         0.00        -0.00         0.00         0.00         0.00         0.00            -0.00
           (O1, H1)     0.00    -0.00    -0.00     0.00    -0.00         0.00         0.00        -0.00         0.00        -0.00         0.00             0.00
           (O1, H2)    -0.00    -0.00    -0.00    -0.00     0.00         0.00         0.00         0.00         0.00        -0.00         0.00             0.00
       (H4, O2, H2)    -0.00    -0.00     0.00     0.00     0.00         0.42         0.06         0.00        -0.00        -0.12         0.00            -0.02
       (H3, O2, O1)    -0.00     0.00    -0.00     0.00     0.00         0.06         0.26         0.00        -0.00        -0.03         0.00            -0.02
       (H3, O2, H4)    -0.00     0.00     0.00    -0.00     0.00         0.00         0.00         0.00         0.00        -0.00         0.00            -0.00
       (H1, O1, H2)    -0.00     0.00     0.00     0.00     0.00        -0.00        -0.00         0.00         0.01         0.05        -0.00             0.00
       (O1, H2, O2)     0.00     0.00     0.00    -0.00    -0.00        -0.12        -0.03        -0.00         0.05         0.63        -0.00             0.00
       (O1, H2, O2)    -0.00     0.00     0.00     0.00     0.00         0.00         0.00         0.00        -0.00        -0.00         0.00             0.00
   (H4, O2, O1, H1)    -0.00     0.00    -0.00     0.00     0.00        -0.02        -0.02        -0.00         0.00         0.00         0.00             0.04

Total energy distribution matrix (normalization check: 1.0)

Internal Coordinate (H2, O2) (O2, H3) (O2, H4) (O1, H1) (O1, H2) (H4, O2, H2) (H3, O2, O1) (H3, O2, H4) (H1, O1, H2) (O1, H2, O2) (O1, H2, O2) (H4, O2, O1, H1)
           (H2, O2)     0.00     0.00     0.00     0.00    -0.00        -0.00        -0.00        -0.00        -0.00         0.00        -0.00            -0.00
           (O2, H3)     0.00     0.00    -0.00    -0.00    -0.00        -0.00        -0.00        -0.00         0.00        -0.00        -0.00             0.00
           (O2, H4)     0.00    -0.00     0.00    -0.00    -0.00        -0.00        -0.00        -0.00         0.00        -0.00         0.00            -0.00
           (O1, H1)     0.00    -0.00    -0.00     0.00     0.00         0.00         0.00        -0.00        -0.00         0.00         0.00             0.00
           (O1, H2)    -0.00    -0.00    -0.00     0.00     0.00         0.00         0.00        -0.00         0.00        -0.00         0.00             0.00
       (H4, O2, H2)    -0.00    -0.00    -0.00     0.00     0.00         0.30         0.03         0.00        -0.00        -0.02         0.00            -0.01
       (H3, O2, O1)    -0.00    -0.00    -0.00     0.00     0.00         0.03         0.18         0.00        -0.00         0.03         0.00            -0.01
       (H3, O2, H4)    -0.00    -0.00    -0.00    -0.00    -0.00         0.00         0.00         0.00         0.00         0.00         0.00            -0.00
       (H1, O1, H2)    -0.00     0.00     0.00    -0.00     0.00        -0.00        -0.00         0.00         0.04         0.01        -0.00             0.00
       (O1, H2, O2)     0.00    -0.00    -0.00     0.00    -0.00        -0.02         0.03         0.00         0.01         0.48         0.00             0.00
       (O1, H2, O2)    -0.00    -0.00     0.00     0.00     0.00         0.00         0.00         0.00        -0.00         0.00         0.00             0.00
   (H4, O2, O1, H1)    -0.00     0.00    -0.00     0.00     0.00        -0.01        -0.01        -0.00         0.00         0.00         0.00             0.02

----- Extended Results: Exact PED, KED and TED analysis per mode -----

Normal mode at the following harmonic frequency: 610 cm-1

Potential energy distribution matrix (normalization check: 1.0)

Internal Coordinate (H2, O2) (O2, H3) (O2, H4) (O1, H1) (O1, H2) (H4, O2, H2) (H3, O2, O1) (H3, O2, H4) (H1, O1, H2) (O1, H2, O2) (O1, H2, O2) (H4, O2, O1, H1)
           (H2, O2)     0.00    -0.00     0.00     0.00     0.00        -0.00         0.00        -0.00        -0.00         0.00         0.00             0.00
           (O2, H3)    -0.00     0.00     0.00     0.00     0.00         0.00        -0.00         0.00         0.00         0.00        -0.00             0.00
           (O2, H4)     0.00     0.00     0.00    -0.00    -0.00        -0.00         0.00        -0.00        -0.00        -0.00        -0.00             0.00
           (O1, H1)     0.00     0.00    -0.00     0.00     0.00         0.00        -0.00         0.00         0.00        -0.00         0.00             0.00
           (O1, H2)     0.00     0.00    -0.00     0.00     0.00         0.00        -0.00         0.00        -0.00         0.00        -0.00             0.00
       (H4, O2, H2)    -0.00     0.00    -0.00     0.00     0.00         0.09         0.00         0.00        -0.00         0.00         0.11             0.00
       (H3, O2, O1)     0.00    -0.00     0.00    -0.00    -0.00         0.00         0.02         0.00         0.00        -0.00         0.06             0.00
       (H3, O2, H4)    -0.00     0.00    -0.00     0.00     0.00         0.00         0.00         0.00        -0.00         0.00         0.00             0.00
       (H1, O1, H2)    -0.00     0.00    -0.00     0.00    -0.00        -0.00         0.00        -0.00         0.00        -0.00         0.00            -0.00
       (O1, H2, O2)     0.00     0.00    -0.00    -0.00     0.00         0.00        -0.00         0.00        -0.00         0.00        -0.00            -0.00
       (O1, H2, O2)     0.00    -0.00    -0.00     0.00    -0.00         0.11         0.06         0.00         0.00        -0.00         0.51             0.01
   (H4, O2, O1, H1)     0.00     0.00     0.00     0.00     0.00         0.00         0.00         0.00        -0.00        -0.00         0.01             0.00

Kinetic energy distribution matrix (normalization check: 1.0)

Internal Coordinate (H2, O2) (O2, H3) (O2, H4) (O1, H1) (O1, H2) (H4, O2, H2) (H3, O2, O1) (H3, O2, H4) (H1, O1, H2) (O1, H2, O2) (O1, H2, O2) (H4, O2, O1, H1)
           (H2, O2)     0.00    -0.00     0.00    -0.00     0.00        -0.00         0.00        -0.00        -0.00         0.00         0.00             0.00
           (O2, H3)    -0.00     0.00     0.00    -0.00    -0.00         0.00         0.00        -0.00        -0.00        -0.00         0.00             0.00
           (O2, H4)     0.00     0.00     0.00     0.00     0.00         0.00         0.00         0.00         0.00         0.00        -0.00             0.00
           (O1, H1)    -0.00    -0.00     0.00     0.00    -0.00        -0.00         0.00         0.00        -0.00         0.00         0.00             0.00
           (O1, H2)     0.00    -0.00     0.00    -0.00     0.00        -0.00         0.00        -0.00        -0.00         0.00         0.00             0.00
       (H4, O2, H2)    -0.00     0.00     0.00    -0.00    -0.00         0.62        -0.06         0.00        -0.00        -0.00        -0.33             0.02
       (H3, O2, O1)     0.00     0.00     0.00     0.00     0.00        -0.06         0.13        -0.00         0.00         0.00         0.02            -0.01
       (H3, O2, H4)    -0.00    -0.00     0.00     0.00    -0.00         0.00        -0.00         0.00         0.00        -0.00        -0.00             0.00
       (H1, O1, H2)    -0.00    -0.00     0.00    -0.00    -0.00        -0.00         0.00         0.00         0.00         0.00         0.00            -0.00
       (O1, H2, O2)     0.00    -0.00     0.00     0.00     0.00        -0.00         0.00        -0.00         0.00         0.00         0.00            -0.00
       (O1, H2, O2)     0.00     0.00    -0.00     0.00     0.00        -0.33         0.02        -0.00         0.00         0.00         1.10             0.01
   (H4, O2, O1, H1)     0.00     0.00     0.00     0.00     0.00         0.02        -0.01         0.00        -0.00        -0.00         0.01             0.03

Total energy distribution matrix (normalization check: 1.0)

Internal Coordinate (H2, O2) (O2, H3) (O2, H4) (O1, H1) (O1, H2) (H4, O2, H2) (H3, O2, O1) (H3, O2, H4) (H1, O1, H2) (O1, H2, O2) (O1, H2, O2) (H4, O2, O1, H1)
           (H2, O2)     0.00    -0.00     0.00    -0.00     0.00        -0.00         0.00        -0.00        -0.00         0.00         0.00             0.00
           (O2, H3)    -0.00     0.00     0.00    -0.00    -0.00         0.00        -0.00         0.00        -0.00        -0.00        -0.00             0.00
           (O2, H4)     0.00     0.00     0.00     0.00     0.00        -0.00         0.00        -0.00         0.00         0.00        -0.00             0.00
           (O1, H1)    -0.00    -0.00     0.00     0.00     0.00        -0.00         0.00         0.00         0.00         0.00         0.00             0.00
           (O1, H2)     0.00    -0.00     0.00     0.00     0.00        -0.00         0.00         0.00        -0.00         0.00         0.00             0.00
       (H4, O2, H2)    -0.00     0.00    -0.00    -0.00    -0.00         0.36        -0.03         0.00        -0.00        -0.00        -0.11             0.01
       (H3, O2, O1)     0.00    -0.00     0.00     0.00     0.00        -0.03         0.07        -0.00         0.00        -0.00         0.04            -0.01
       (H3, O2, H4)    -0.00     0.00    -0.00     0.00     0.00         0.00        -0.00         0.00         0.00        -0.00        -0.00             0.00
       (H1, O1, H2)    -0.00    -0.00     0.00     0.00    -0.00        -0.00         0.00         0.00         0.00         0.00         0.00            -0.00
       (O1, H2, O2)     0.00    -0.00     0.00     0.00     0.00        -0.00        -0.00        -0.00         0.00         0.00         0.00            -0.00
       (O1, H2, O2)     0.00    -0.00    -0.00     0.00     0.00        -0.11         0.04        -0.00         0.00         0.00         0.80             0.01
   (H4, O2, O1, H1)     0.00     0.00     0.00     0.00     0.00         0.01        -0.01         0.00        -0.00        -0.00         0.01             0.01

----- Extended Results: Exact PED, KED and TED analysis per mode -----

Normal mode at the following harmonic frequency: 1750 cm-1

Potential energy distribution matrix (normalization check: 1.0)

Internal Coordinate (H2, O2) (O2, H3) (O2, H4) (O1, H1) (O1, H2) (H4, O2, H2) (H3, O2, O1) (H3, O2, H4) (H1, O1, H2) (O1, H2, O2) (O1, H2, O2) (H4, O2, O1, H1)
           (H2, O2)     0.00    -0.00    -0.00    -0.00     0.00        -0.00        -0.00         0.00        -0.00        -0.00         0.00             0.00
           (O2, H3)    -0.00     0.01    -0.00    -0.00     0.00         0.00         0.00        -0.01         0.00        -0.00        -0.00             0.00
           (O2, H4)    -0.00    -0.00     0.01    -0.00     0.00         0.00         0.00        -0.01         0.00        -0.00         0.00            -0.00
           (O1, H1)    -0.00    -0.00    -0.00     0.00    -0.00        -0.00        -0.00         0.00        -0.00        -0.00        -0.00            -0.00
           (O1, H2)     0.00     0.00     0.00    -0.00     0.00         0.00         0.00        -0.00        -0.00        -0.00        -0.00             0.00
       (H4, O2, H2)    -0.00     0.00     0.00    -0.00     0.00         0.00        -0.00        -0.00        -0.00        -0.00         0.00             0.00
       (H3, O2, O1)    -0.00     0.00     0.00    -0.00     0.00        -0.00         0.00         0.00        -0.00        -0.00        -0.00            -0.00
       (H3, O2, H4)     0.00    -0.01    -0.01     0.00    -0.00        -0.00         0.00         1.00         0.00         0.00        -0.00            -0.00
       (H1, O1, H2)    -0.00     0.00     0.00    -0.00    -0.00        -0.00        -0.00         0.00         0.01         0.00         0.00            -0.00
       (O1, H2, O2)    -0.00    -0.00    -0.00    -0.00    -0.00        -0.00        -0.00         0.00         0.00         0.00         0.00             0.00
       (O1, H2, O2)     0.00    -0.00     0.00    -0.00    -0.00         0.00        -0.00        -0.00         0.00         0.00         0.00             0.00
   (H4, O2, O1, H1)     0.00     0.00    -0.00    -0.00     0.00         0.00        -0.00        -0.00        -0.00         0.00         0.00             0.00

Kinetic energy distribution matrix (normalization check: 1.0)

Internal Coordinate (H2, O2) (O2, H3) (O2, H4) (O1, H1) (O1, H2) (H4, O2, H2) (H3, O2, O1) (H3, O2, H4) (H1, O1, H2) (O1, H2, O2) (O1, H2, O2) (H4, O2, O1, H1)
           (H2, O2)     0.02    -0.00    -0.00     0.00     0.00        -0.01        -0.01         0.00        -0.00        -0.00         0.00             0.00
           (O2, H3)    -0.00     0.00    -0.00     0.00    -0.00         0.00        -0.00         0.00        -0.00         0.00         0.00             0.00
           (O2, H4)    -0.00    -0.00     0.00     0.00    -0.00        -0.00         0.00         0.00        -0.00         0.00         0.00            -0.00
           (O1, H1)     0.00     0.00     0.00     0.00     0.00         0.00         0.00         0.00         0.00         0.00        -0.00            -0.00
           (O1, H2)     0.00    -0.00    -0.00     0.00     0.00        -0.00        -0.00         0.00        -0.00        -0.00         0.00             0.00
       (H4, O2, H2)    -0.01     0.00    -0.00     0.00    -0.00         0.16         0.03        -0.24        -0.00         0.01        -0.00             0.03
       (H3, O2, O1)    -0.01    -0.00     0.00     0.00    -0.00         0.03         0.16        -0.26        -0.00         0.00        -0.00             0.05
       (H3, O2, H4)     0.00     0.00     0.00     0.00     0.00        -0.24        -0.26         2.16        -0.01        -0.01         0.00            -0.39
       (H1, O1, H2)    -0.00    -0.00    -0.00     0.00    -0.00        -0.00        -0.00        -0.01         0.02        -0.01         0.00            -0.00
       (O1, H2, O2)    -0.00     0.00     0.00     0.00    -0.00         0.01         0.00        -0.01        -0.01         0.02        -0.00             0.00
       (O1, H2, O2)     0.00     0.00     0.00    -0.00     0.00        -0.00        -0.00         0.00         0.00        -0.00         0.00             0.00
   (H4, O2, O1, H1)     0.00     0.00    -0.00    -0.00     0.00         0.03         0.05        -0.39        -0.00         0.00         0.00             0.31

Total energy distribution matrix (normalization check: 1.0)

Internal Coordinate (H2, O2) (O2, H3) (O2, H4) (O1, H1) (O1, H2) (H4, O2, H2) (H3, O2, O1) (H3, O2, H4) (H1, O1, H2) (O1, H2, O2) (O1, H2, O2) (H4, O2, O1, H1)
           (H2, O2)     0.01    -0.00    -0.00     0.00     0.00        -0.00        -0.00         0.00        -0.00        -0.00         0.00             0.00
           (O2, H3)    -0.00     0.00    -0.00     0.00    -0.00         0.00        -0.00        -0.00        -0.00         0.00         0.00             0.00
           (O2, H4)    -0.00    -0.00     0.00     0.00    -0.00        -0.00         0.00        -0.00        -0.00         0.00         0.00            -0.00
           (O1, H1)     0.00     0.00     0.00     0.00     0.00         0.00         0.00         0.00        -0.00         0.00        -0.00            -0.00
           (O1, H2)     0.00    -0.00    -0.00     0.00     0.00        -0.00        -0.00         0.00        -0.00        -0.00         0.00             0.00
       (H4, O2, H2)    -0.00     0.00    -0.00     0.00    -0.00         0.08         0.02        -0.12        -0.00         0.01        -0.00             0.02
       (H3, O2, O1)    -0.00    -0.00     0.00     0.00    -0.00         0.02         0.08        -0.13        -0.00         0.00        -0.00             0.02
       (H3, O2, H4)     0.00    -0.00    -0.00     0.00     0.00        -0.12        -0.13         1.58        -0.00        -0.00         0.00            -0.20
       (H1, O1, H2)    -0.00    -0.00    -0.00    -0.00    -0.00        -0.00        -0.00        -0.00         0.02        -0.01         0.00            -0.00
       (O1, H2, O2)    -0.00     0.00     0.00     0.00    -0.00         0.01         0.00        -0.00        -0.01         0.01        -0.00             0.00
       (O1, H2, O2)     0.00     0.00     0.00    -0.00     0.00        -0.00        -0.00         0.00         0.00        -0.00         0.00             0.00
   (H4, O2, O1, H1)     0.00     0.00    -0.00    -0.00     0.00         0.02         0.02        -0.20        -0.00         0.00         0.00             0.16

----- Extended Results: Exact PED, KED and TED analysis per mode -----

Normal mode at the following harmonic frequency: 1777 cm-1

Potential energy distribution matrix (normalization check: 1.0)

Internal Coordinate (H2, O2) (O2, H3) (O2, H4) (O1, H1) (O1, H2) (H4, O2, H2) (H3, O2, O1) (H3, O2, H4) (H1, O1, H2) (O1, H2, O2) (O1, H2, O2) (H4, O2, O1, H1)
           (H2, O2)     0.00     0.00     0.00    -0.00     0.00         0.00         0.00        -0.00        -0.00        -0.00         0.00            -0.00
           (O2, H3)     0.00     0.00    -0.00     0.00    -0.00         0.00         0.00        -0.00        -0.00         0.00         0.00             0.00
           (O2, H4)     0.00    -0.00     0.00     0.00    -0.00         0.00         0.00        -0.00        -0.00         0.00        -0.00            -0.00
           (O1, H1)    -0.00     0.00     0.00     0.01    -0.00         0.00         0.00        -0.00        -0.01        -0.00        -0.00             0.00
           (O1, H2)     0.00    -0.00    -0.00    -0.00     0.01        -0.00        -0.00         0.00        -0.01        -0.00        -0.00            -0.00
       (H4, O2, H2)     0.00     0.00     0.00     0.00    -0.00         0.00        -0.00        -0.00         0.00         0.00        -0.00             0.00
       (H3, O2, O1)     0.00     0.00     0.00     0.00    -0.00        -0.00         0.00         0.00         0.00         0.00         0.00            -0.00
       (H3, O2, H4)    -0.00    -0.00    -0.00    -0.00     0.00        -0.00         0.00         0.01        -0.00        -0.00         0.00            -0.00
       (H1, O1, H2)    -0.00    -0.00    -0.00    -0.01    -0.01         0.00         0.00        -0.00         0.92         0.02         0.00             0.00
       (O1, H2, O2)    -0.00     0.00     0.00    -0.00    -0.00         0.00         0.00        -0.00         0.02         0.03         0.00            -0.00
       (O1, H2, O2)     0.00     0.00    -0.00    -0.00    -0.00        -0.00         0.00         0.00         0.00         0.00         0.00            -0.00
   (H4, O2, O1, H1)    -0.00     0.00    -0.00     0.00    -0.00         0.00        -0.00        -0.00         0.00        -0.00        -0.00             0.00

Kinetic energy distribution matrix (normalization check: 1.0)

Internal Coordinate (H2, O2) (O2, H3) (O2, H4) (O1, H1) (O1, H2) (H4, O2, H2) (H3, O2, O1) (H3, O2, H4) (H1, O1, H2) (O1, H2, O2) (O1, H2, O2) (H4, O2, O1, H1)
           (H2, O2)     0.07     0.00     0.00     0.00     0.02         0.01         0.00        -0.00        -0.06        -0.05         0.00            -0.00
           (O2, H3)     0.00     0.00    -0.00    -0.00     0.00         0.00        -0.00         0.00         0.00        -0.00        -0.00             0.00
           (O2, H4)     0.00    -0.00     0.00    -0.00     0.00        -0.00         0.00         0.00         0.00        -0.00        -0.00            -0.00
           (O1, H1)     0.00    -0.00    -0.00     0.00     0.00        -0.00        -0.00        -0.00         0.00         0.00        -0.00             0.00
           (O1, H2)     0.02     0.00     0.00     0.00     0.01         0.00         0.00        -0.00        -0.02        -0.02         0.00            -0.00
       (H4, O2, H2)     0.01     0.00    -0.00    -0.00     0.00         0.07         0.00        -0.02         0.01        -0.07         0.00             0.00
       (H3, O2, O1)     0.00    -0.00     0.00    -0.00     0.00         0.00         0.00        -0.00         0.00        -0.00         0.00             0.00
       (H3, O2, H4)    -0.00     0.00     0.00    -0.00    -0.00        -0.02        -0.00         0.02         0.01         0.01        -0.00            -0.00
       (H1, O1, H2)    -0.06     0.00     0.00     0.00    -0.02         0.01         0.00         0.01         2.45        -1.13         0.00             0.00
       (O1, H2, O2)    -0.05    -0.00    -0.00     0.00    -0.02        -0.07        -0.00         0.01        -1.13         1.27        -0.00            -0.00
       (O1, H2, O2)     0.00    -0.00    -0.00    -0.00     0.00         0.00         0.00        -0.00         0.00        -0.00         0.00            -0.00
   (H4, O2, O1, H1)    -0.00     0.00    -0.00     0.00    -0.00         0.00         0.00        -0.00         0.00        -0.00        -0.00             0.00

Total energy distribution matrix (normalization check: 1.0)

Internal Coordinate (H2, O2) (O2, H3) (O2, H4) (O1, H1) (O1, H2) (H4, O2, H2) (H3, O2, O1) (H3, O2, H4) (H1, O1, H2) (O1, H2, O2) (O1, H2, O2) (H4, O2, O1, H1)
           (H2, O2)     0.04     0.00     0.00     0.00     0.01         0.01         0.00        -0.00        -0.03        -0.03         0.00            -0.00
           (O2, H3)     0.00     0.00    -0.00    -0.00     0.00         0.00        -0.00        -0.00         0.00        -0.00        -0.00             0.00
           (O2, H4)     0.00    -0.00     0.00    -0.00     0.00        -0.00         0.00        -0.00         0.00        -0.00        -0.00            -0.00
           (O1, H1)     0.00    -0.00    -0.00     0.00     0.00        -0.00        -0.00        -0.00        -0.00         0.00        -0.00             0.00
           (O1, H2)     0.01     0.00     0.00     0.00     0.01         0.00         0.00        -0.00        -0.01        -0.01         0.00            -0.00
       (H4, O2, H2)     0.01     0.00    -0.00    -0.00     0.00         0.04         0.00        -0.01         0.01        -0.03         0.00             0.00
       (H3, O2, O1)     0.00    -0.00     0.00    -0.00     0.00         0.00         0.00        -0.00         0.00        -0.00         0.00             0.00
       (H3, O2, H4)    -0.00    -0.00    -0.00    -0.00    -0.00        -0.01        -0.00         0.01         0.00         0.00        -0.00            -0.00
       (H1, O1, H2)    -0.03     0.00     0.00    -0.00    -0.01         0.01         0.00         0.00         1.69        -0.55         0.00             0.00
       (O1, H2, O2)    -0.03    -0.00    -0.00     0.00    -0.01        -0.03        -0.00         0.00        -0.55         0.65        -0.00            -0.00
       (O1, H2, O2)     0.00    -0.00    -0.00    -0.00     0.00         0.00         0.00        -0.00         0.00        -0.00         0.00            -0.00
   (H4, O2, O1, H1)    -0.00     0.00    -0.00     0.00    -0.00         0.00         0.00        -0.00         0.00        -0.00        -0.00             0.00

----- Extended Results: Exact PED, KED and TED analysis per mode -----

Normal mode at the following harmonic frequency: 4096 cm-1

Potential energy distribution matrix (normalization check: 1.0)

Internal Coordinate (H2, O2) (O2, H3) (O2, H4) (O1, H1) (O1, H2) (H4, O2, H2) (H3, O2, O1) (H3, O2, H4) (H1, O1, H2) (O1, H2, O2) (O1, H2, O2) (H4, O2, O1, H1)
           (H2, O2)     0.01    -0.00    -0.00     0.00    -0.01        -0.00         0.00         0.00         0.00        -0.00        -0.00             0.00
           (O2, H3)    -0.00     0.02    -0.00     0.00    -0.00         0.00        -0.00        -0.00        -0.00        -0.00         0.00             0.00
           (O2, H4)    -0.00    -0.00     0.02     0.00    -0.00         0.00        -0.00        -0.00        -0.00        -0.00        -0.00            -0.00
           (O1, H1)     0.00     0.00     0.00     0.16    -0.00         0.00        -0.00        -0.00        -0.00         0.00        -0.00             0.00
           (O1, H2)    -0.01    -0.00    -0.00    -0.00     0.82        -0.00         0.00         0.00        -0.00         0.00        -0.00            -0.00
       (H4, O2, H2)    -0.00     0.00     0.00     0.00    -0.00         0.00         0.00        -0.00         0.00        -0.00        -0.00             0.00
       (H3, O2, O1)     0.00    -0.00    -0.00    -0.00     0.00         0.00         0.00        -0.00        -0.00         0.00        -0.00             0.00
       (H3, O2, H4)     0.00    -0.00    -0.00    -0.00     0.00        -0.00        -0.00         0.00        -0.00         0.00         0.00            -0.00
       (H1, O1, H2)     0.00    -0.00    -0.00    -0.00    -0.00         0.00        -0.00        -0.00         0.00        -0.00         0.00             0.00
       (O1, H2, O2)    -0.00    -0.00    -0.00     0.00     0.00        -0.00         0.00         0.00        -0.00         0.00        -0.00             0.00
       (O1, H2, O2)    -0.00     0.00    -0.00    -0.00    -0.00        -0.00        -0.00         0.00         0.00        -0.00         0.00            -0.00
   (H4, O2, O1, H1)     0.00     0.00    -0.00     0.00    -0.00         0.00         0.00        -0.00         0.00         0.00        -0.00             0.00

Kinetic energy distribution matrix (normalization check: 1.0)

Internal Coordinate (H2, O2) (O2, H3) (O2, H4) (O1, H1) (O1, H2) (H4, O2, H2) (H3, O2, O1) (H3, O2, H4) (H1, O1, H2) (O1, H2, O2) (O1, H2, O2) (H4, O2, O1, H1)
           (H2, O2)     6.96    -0.02    -0.02    -0.04    -6.84        -0.01         0.00         0.00         0.01        -0.01        -0.00             0.00
           (O2, H3)    -0.02     0.02    -0.00    -0.00     0.02         0.00         0.00         0.00         0.00         0.00        -0.00             0.00
           (O2, H4)    -0.02    -0.00     0.02    -0.00     0.02        -0.00        -0.00         0.00         0.00         0.00        -0.00            -0.00
           (O1, H1)    -0.04    -0.00    -0.00     0.19     0.04        -0.00         0.00        -0.00         0.00        -0.00        -0.00             0.00
           (O1, H2)    -6.84     0.02     0.02     0.04     7.61         0.01        -0.00        -0.00        -0.00         0.01         0.00            -0.00
       (H4, O2, H2)    -0.01     0.00    -0.00    -0.00     0.01         0.00        -0.00        -0.00         0.00         0.00         0.00             0.00
       (H3, O2, O1)     0.00     0.00    -0.00     0.00    -0.00        -0.00         0.00         0.00        -0.00        -0.00        -0.00            -0.00
       (H3, O2, H4)     0.00     0.00     0.00    -0.00    -0.00        -0.00         0.00         0.00         0.00        -0.00        -0.00            -0.00
       (H1, O1, H2)     0.01     0.00     0.00     0.00    -0.00         0.00        -0.00         0.00         0.00         0.00         0.00             0.00
       (O1, H2, O2)    -0.01     0.00     0.00    -0.00     0.01         0.00        -0.00        -0.00         0.00         0.00         0.00             0.00
       (O1, H2, O2)    -0.00    -0.00    -0.00    -0.00     0.00         0.00        -0.00        -0.00         0.00         0.00         0.00            -0.00
   (H4, O2, O1, H1)     0.00     0.00    -0.00     0.00    -0.00         0.00        -0.00        -0.00         0.00         0.00        -0.00             0.00

Total energy distribution matrix (normalization check: 1.0)

Internal Coordinate (H2, O2) (O2, H3) (O2, H4) (O1, H1) (O1, H2) (H4, O2, H2) (H3, O2, O1) (H3, O2, H4) (H1, O1, H2) (O1, H2, O2) (O1, H2, O2) (H4, O2, O1, H1)
           (H2, O2)     3.49    -0.01    -0.01    -0.02    -3.42        -0.00         0.00         0.00         0.00        -0.01        -0.00             0.00
           (O2, H3)    -0.01     0.02    -0.00    -0.00     0.01         0.00         0.00         0.00         0.00         0.00        -0.00             0.00
           (O2, H4)    -0.01    -0.00     0.02    -0.00     0.01        -0.00        -0.00         0.00         0.00         0.00        -0.00            -0.00
           (O1, H1)    -0.02    -0.00    -0.00     0.18     0.02        -0.00         0.00        -0.00         0.00        -0.00        -0.00             0.00
           (O1, H2)    -3.42     0.01     0.01     0.02     4.21         0.00        -0.00        -0.00        -0.00         0.01         0.00            -0.00
       (H4, O2, H2)    -0.00     0.00    -0.00    -0.00     0.00         0.00        -0.00        -0.00         0.00         0.00         0.00             0.00
       (H3, O2, O1)     0.00     0.00    -0.00     0.00    -0.00        -0.00         0.00         0.00        -0.00        -0.00        -0.00            -0.00
       (H3, O2, H4)     0.00     0.00     0.00    -0.00    -0.00        -0.00         0.00         0.00         0.00        -0.00        -0.00            -0.00
       (H1, O1, H2)     0.00     0.00     0.00     0.00    -0.00         0.00        -0.00         0.00         0.00         0.00         0.00             0.00
       (O1, H2, O2)    -0.01     0.00     0.00    -0.00     0.01         0.00        -0.00        -0.00         0.00         0.00         0.00             0.00
       (O1, H2, O2)    -0.00    -0.00    -0.00    -0.00     0.00         0.00        -0.00        -0.00         0.00         0.00         0.00            -0.00
   (H4, O2, O1, H1)     0.00     0.00    -0.00     0.00    -0.00         0.00        -0.00        -0.00         0.00         0.00        -0.00             0.00

----- Extended Results: Exact PED, KED and TED analysis per mode -----

Normal mode at the following harmonic frequency: 4134 cm-1

Potential energy distribution matrix (normalization check: 1.0)

Internal Coordinate (H2, O2) (O2, H3) (O2, H4) (O1, H1) (O1, H2) (H4, O2, H2) (H3, O2, O1) (H3, O2, H4) (H1, O1, H2) (O1, H2, O2) (O1, H2, O2) (H4, O2, O1, H1)
           (H2, O2)     0.00     0.00     0.00     0.00    -0.00        -0.00        -0.00        -0.00         0.00         0.00         0.00            -0.00
           (O2, H3)     0.00     0.49    -0.00    -0.00     0.00        -0.00        -0.00        -0.00         0.00        -0.00         0.00             0.00
           (O2, H4)     0.00    -0.00     0.49    -0.00     0.00        -0.00        -0.00        -0.00         0.00        -0.00        -0.00            -0.00
           (O1, H1)     0.00    -0.00    -0.00     0.01    -0.00         0.00         0.00         0.00        -0.00        -0.00         0.00            -0.00
           (O1, H2)    -0.00     0.00     0.00    -0.00     0.02        -0.00        -0.00        -0.00        -0.00        -0.00         0.00             0.00
       (H4, O2, H2)    -0.00    -0.00    -0.00     0.00    -0.00         0.00        -0.00         0.00         0.00         0.00         0.00            -0.00
       (H3, O2, O1)    -0.00    -0.00    -0.00     0.00    -0.00        -0.00         0.00        -0.00         0.00         0.00        -0.00             0.00
       (H3, O2, H4)    -0.00    -0.00    -0.00     0.00    -0.00         0.00        -0.00         0.00         0.00         0.00         0.00            -0.00
       (H1, O1, H2)     0.00     0.00     0.00    -0.00    -0.00         0.00         0.00         0.00         0.00         0.00        -0.00            -0.00
       (O1, H2, O2)     0.00    -0.00    -0.00    -0.00    -0.00         0.00         0.00         0.00         0.00         0.00        -0.00             0.00
       (O1, H2, O2)     0.00     0.00    -0.00     0.00     0.00         0.00        -0.00         0.00        -0.00        -0.00         0.00            -0.00
   (H4, O2, O1, H1)    -0.00     0.00    -0.00    -0.00     0.00        -0.00         0.00        -0.00        -0.00         0.00        -0.00             0.00

Kinetic energy distribution matrix (normalization check: 1.0)

Internal Coordinate (H2, O2) (O2, H3) (O2, H4) (O1, H1) (O1, H2) (H4, O2, H2) (H3, O2, O1) (H3, O2, H4) (H1, O1, H2) (O1, H2, O2) (O1, H2, O2) (H4, O2, O1, H1)
           (H2, O2)     0.13     0.01     0.01    -0.00    -0.15        -0.00        -0.00        -0.00         0.00         0.00         0.00            -0.00
           (O2, H3)     0.01     0.57    -0.03     0.00    -0.02        -0.00         0.00         0.00        -0.00         0.00        -0.00             0.00
           (O2, H4)     0.01    -0.03     0.57     0.00    -0.02         0.00        -0.00         0.00        -0.00         0.00        -0.00            -0.00
           (O1, H1)    -0.00     0.00     0.00     0.02     0.00        -0.00        -0.00         0.00         0.00         0.00         0.00            -0.00
           (O1, H2)    -0.15    -0.02    -0.02     0.00     0.21         0.00         0.00         0.00        -0.00        -0.00        -0.00             0.00
       (H4, O2, H2)    -0.00    -0.00     0.00    -0.00     0.00         0.00         0.00         0.00         0.00        -0.00        -0.00            -0.00
       (H3, O2, O1)    -0.00     0.00    -0.00    -0.00     0.00         0.00         0.00         0.00         0.00        -0.00        -0.00            -0.00
       (H3, O2, H4)    -0.00     0.00     0.00     0.00     0.00         0.00         0.00         0.00        -0.00        -0.00        -0.00            -0.00
       (H1, O1, H2)     0.00    -0.00    -0.00     0.00    -0.00         0.00         0.00        -0.00         0.00        -0.00        -0.00            -0.00
       (O1, H2, O2)     0.00     0.00     0.00     0.00    -0.00        -0.00        -0.00        -0.00        -0.00         0.00         0.00             0.00
       (O1, H2, O2)     0.00    -0.00    -0.00     0.00    -0.00        -0.00        -0.00        -0.00        -0.00         0.00         0.00            -0.00
   (H4, O2, O1, H1)    -0.00     0.00    -0.00    -0.00     0.00        -0.00        -0.00        -0.00        -0.00         0.00        -0.00             0.00

Total energy distribution matrix (normalization check: 1.0)

Internal Coordinate (H2, O2) (O2, H3) (O2, H4) (O1, H1) (O1, H2) (H4, O2, H2) (H3, O2, O1) (H3, O2, H4) (H1, O1, H2) (O1, H2, O2) (O1, H2, O2) (H4, O2, O1, H1)
           (H2, O2)     0.06     0.01     0.01    -0.00    -0.08        -0.00        -0.00        -0.00         0.00         0.00         0.00            -0.00
           (O2, H3)     0.01     0.53    -0.02     0.00    -0.01        -0.00         0.00         0.00        -0.00         0.00        -0.00             0.00
           (O2, H4)     0.01    -0.02     0.53     0.00    -0.01         0.00        -0.00         0.00        -0.00         0.00        -0.00            -0.00
           (O1, H1)    -0.00     0.00     0.00     0.01     0.00        -0.00        -0.00         0.00         0.00         0.00         0.00            -0.00
           (O1, H2)    -0.08    -0.01    -0.01     0.00     0.11         0.00         0.00         0.00        -0.00        -0.00        -0.00             0.00
       (H4, O2, H2)    -0.00    -0.00     0.00    -0.00     0.00         0.00         0.00         0.00         0.00        -0.00        -0.00            -0.00
       (H3, O2, O1)    -0.00     0.00    -0.00    -0.00     0.00         0.00         0.00         0.00         0.00        -0.00        -0.00            -0.00
       (H3, O2, H4)    -0.00     0.00     0.00     0.00     0.00         0.00         0.00         0.00        -0.00        -0.00        -0.00            -0.00
       (H1, O1, H2)     0.00    -0.00    -0.00     0.00    -0.00         0.00         0.00        -0.00         0.00        -0.00        -0.00            -0.00
       (O1, H2, O2)     0.00     0.00     0.00     0.00    -0.00        -0.00        -0.00        -0.00        -0.00         0.00         0.00             0.00
       (O1, H2, O2)     0.00    -0.00    -0.00     0.00    -0.00        -0.00        -0.00        -0.00        -0.00         0.00         0.00            -0.00
   (H4, O2, O1, H1)    -0.00     0.00    -0.00    -0.00     0.00        -0.00        -0.00        -0.00        -0.00         0.00        -0.00             0.00

----- Extended Results: Exact PED, KED and TED analysis per mode -----

Normal mode at the following harmonic frequency: 4214 cm-1

Potential energy distribution matrix (normalization check: 1.0)

Internal Coordinate (H2, O2) (O2, H3) (O2, H4) (O1, H1) (O1, H2) (H4, O2, H2) (H3, O2, O1) (H3, O2, H4) (H1, O1, H2) (O1, H2, O2) (O1, H2, O2) (H4, O2, O1, H1)
           (H2, O2)     0.00     0.00     0.00    -0.00    -0.00        -0.00        -0.00         0.00         0.00        -0.00         0.00             0.00
           (O2, H3)     0.00     0.00    -0.00     0.00     0.00        -0.00        -0.00         0.00         0.00         0.00         0.00            -0.00
           (O2, H4)     0.00    -0.00     0.00     0.00     0.00        -0.00        -0.00         0.00         0.00         0.00        -0.00             0.00
           (O1, H1)    -0.00     0.00     0.00     0.83     0.00        -0.00        -0.00         0.00         0.00        -0.00        -0.00            -0.00
           (O1, H2)    -0.00     0.00     0.00     0.00     0.17        -0.00        -0.00         0.00        -0.00         0.00         0.00            -0.00
       (H4, O2, H2)    -0.00    -0.00    -0.00    -0.00    -0.00         0.00        -0.00        -0.00         0.00        -0.00         0.00             0.00
       (H3, O2, O1)    -0.00    -0.00    -0.00    -0.00    -0.00        -0.00         0.00         0.00         0.00        -0.00        -0.00            -0.00
       (H3, O2, H4)     0.00     0.00     0.00     0.00     0.00        -0.00         0.00         0.00        -0.00         0.00        -0.00            -0.00
       (H1, O1, H2)     0.00     0.00     0.00     0.00    -0.00         0.00         0.00        -0.00         0.00        -0.00        -0.00             0.00
       (O1, H2, O2)    -0.00     0.00     0.00    -0.00     0.00        -0.00        -0.00         0.00        -0.00         0.00         0.00             0.00
       (O1, H2, O2)     0.00     0.00    -0.00    -0.00     0.00         0.00        -0.00        -0.00        -0.00         0.00         0.00             0.00
   (H4, O2, O1, H1)     0.00    -0.00     0.00    -0.00    -0.00         0.00        -0.00        -0.00         0.00         0.00         0.00             0.00

Kinetic energy distribution matrix (normalization check: 1.0)

Internal Coordinate (H2, O2) (O2, H3) (O2, H4) (O1, H1) (O1, H2) (H4, O2, H2) (H3, O2, O1) (H3, O2, H4) (H1, O1, H2) (O1, H2, O2) (O1, H2, O2) (H4, O2, O1, H1)
           (H2, O2)     1.35     0.00     0.00     0.04    -1.42        -0.00        -0.00         0.00         0.00        -0.01         0.00             0.00
           (O2, H3)     0.00     0.00    -0.00    -0.00    -0.00        -0.00         0.00        -0.00        -0.00        -0.00        -0.00            -0.00
           (O2, H4)     0.00    -0.00     0.00    -0.00    -0.00         0.00        -0.00        -0.00        -0.00        -0.00        -0.00             0.00
           (O1, H1)     0.04    -0.00    -0.00     1.03    -0.04         0.00         0.00         0.00        -0.00         0.00        -0.00            -0.00
           (O1, H2)    -1.42    -0.00    -0.00    -0.04     1.68         0.00         0.00        -0.00        -0.00         0.01        -0.00            -0.00
       (H4, O2, H2)    -0.00    -0.00     0.00     0.00     0.00         0.00         0.00        -0.00         0.00         0.00        -0.00             0.00
       (H3, O2, O1)    -0.00     0.00    -0.00     0.00     0.00         0.00         0.00        -0.00         0.00         0.00        -0.00             0.00
       (H3, O2, H4)     0.00    -0.00    -0.00     0.00    -0.00        -0.00        -0.00         0.00         0.00        -0.00         0.00            -0.00
       (H1, O1, H2)     0.00    -0.00    -0.00    -0.00    -0.00         0.00         0.00         0.00         0.00         0.00        -0.00             0.00
       (O1, H2, O2)    -0.01    -0.00    -0.00     0.00     0.01         0.00         0.00        -0.00         0.00         0.00        -0.00             0.00
       (O1, H2, O2)     0.00    -0.00    -0.00    -0.00    -0.00        -0.00        -0.00         0.00        -0.00        -0.00         0.00             0.00
   (H4, O2, O1, H1)     0.00    -0.00     0.00    -0.00    -0.00         0.00         0.00        -0.00         0.00         0.00         0.00             0.00

Total energy distribution matrix (normalization check: 1.0)

Internal Coordinate (H2, O2) (O2, H3) (O2, H4) (O1, H1) (O1, H2) (H4, O2, H2) (H3, O2, O1) (H3, O2, H4) (H1, O1, H2) (O1, H2, O2) (O1, H2, O2) (H4, O2, O1, H1)
           (H2, O2)     0.68     0.00     0.00     0.02    -0.71        -0.00        -0.00         0.00         0.00        -0.00         0.00             0.00
           (O2, H3)     0.00     0.00    -0.00    -0.00    -0.00        -0.00         0.00        -0.00        -0.00        -0.00        -0.00            -0.00
           (O2, H4)     0.00    -0.00     0.00    -0.00    -0.00         0.00        -0.00        -0.00        -0.00        -0.00        -0.00             0.00
           (O1, H1)     0.02    -0.00    -0.00     0.93    -0.02         0.00         0.00         0.00        -0.00         0.00        -0.00            -0.00
           (O1, H2)    -0.71    -0.00    -0.00    -0.02     0.92         0.00         0.00        -0.00        -0.00         0.00        -0.00            -0.00
       (H4, O2, H2)    -0.00    -0.00     0.00     0.00     0.00         0.00         0.00        -0.00         0.00         0.00        -0.00             0.00
       (H3, O2, O1)    -0.00     0.00    -0.00     0.00     0.00         0.00         0.00        -0.00         0.00         0.00        -0.00             0.00
       (H3, O2, H4)     0.00    -0.00    -0.00     0.00    -0.00        -0.00        -0.00         0.00         0.00        -0.00         0.00            -0.00
       (H1, O1, H2)     0.00    -0.00    -0.00    -0.00    -0.00         0.00         0.00         0.00         0.00         0.00        -0.00             0.00
       (O1, H2, O2)    -0.00    -0.00    -0.00     0.00     0.00         0.00         0.00        -0.00         0.00         0.00        -0.00             0.00
       (O1, H2, O2)     0.00    -0.00    -0.00    -0.00    -0.00        -0.00        -0.00         0.00        -0.00        -0.00         0.00             0.00
   (H4, O2, O1, H1)     0.00    -0.00     0.00    -0.00    -0.00         0.00         0.00        -0.00         0.00         0.00         0.00             0.00

----- Extended Results: Exact PED, KED and TED analysis per mode -----

Normal mode at the following harmonic frequency: 4229 cm-1

Potential energy distribution matrix (normalization check: 1.0)

Internal Coordinate (H2, O2) (O2, H3) (O2, H4) (O1, H1) (O1, H2) (H4, O2, H2) (H3, O2, O1) (H3, O2, H4) (H1, O1, H2) (O1, H2, O2) (O1, H2, O2) (H4, O2, O1, H1)
           (H2, O2)     0.00     0.00    -0.00    -0.00    -0.00         0.00        -0.00         0.00        -0.00         0.00        -0.00            -0.00
           (O2, H3)     0.00     0.50     0.00     0.00     0.00         0.00        -0.00         0.00        -0.00        -0.00        -0.00             0.00
           (O2, H4)    -0.00     0.00     0.50    -0.00    -0.00        -0.00         0.00        -0.00         0.00         0.00        -0.00             0.00
           (O1, H1)    -0.00     0.00    -0.00     0.00     0.00         0.00        -0.00         0.00        -0.00         0.00         0.00             0.00
           (O1, H2)    -0.00     0.00    -0.00     0.00     0.00         0.00        -0.00         0.00         0.00        -0.00        -0.00             0.00
       (H4, O2, H2)     0.00     0.00    -0.00     0.00     0.00         0.00         0.00         0.00         0.00        -0.00         0.00             0.00
       (H3, O2, O1)    -0.00    -0.00     0.00    -0.00    -0.00         0.00         0.00         0.00        -0.00         0.00         0.00             0.00
       (H3, O2, H4)     0.00     0.00    -0.00     0.00     0.00         0.00         0.00         0.00         0.00        -0.00         0.00             0.00
       (H1, O1, H2)    -0.00    -0.00     0.00    -0.00     0.00         0.00        -0.00         0.00         0.00        -0.00        -0.00             0.00
       (O1, H2, O2)     0.00    -0.00     0.00     0.00    -0.00        -0.00         0.00        -0.00        -0.00         0.00         0.00             0.00
       (O1, H2, O2)    -0.00    -0.00    -0.00     0.00    -0.00         0.00         0.00         0.00        -0.00         0.00         0.00             0.00
   (H4, O2, O1, H1)    -0.00     0.00     0.00     0.00     0.00         0.00         0.00         0.00         0.00         0.00         0.00             0.00

Kinetic energy distribution matrix (normalization check: 1.0)

Internal Coordinate (H2, O2) (O2, H3) (O2, H4) (O1, H1) (O1, H2) (H4, O2, H2) (H3, O2, O1) (H3, O2, H4) (H1, O1, H2) (O1, H2, O2) (O1, H2, O2) (H4, O2, O1, H1)
           (H2, O2)     0.00     0.00    -0.00     0.00    -0.00         0.00        -0.00         0.00        -0.00         0.00        -0.00            -0.00
           (O2, H3)     0.00     0.61     0.03    -0.00    -0.00         0.00         0.00        -0.00         0.00         0.00         0.00             0.00
           (O2, H4)    -0.00     0.03     0.61     0.00     0.00         0.00         0.00         0.00        -0.00        -0.00        -0.00             0.00
           (O1, H1)     0.00    -0.00     0.00     0.00    -0.00        -0.00         0.00         0.00         0.00        -0.00         0.00             0.00
           (O1, H2)    -0.00    -0.00     0.00    -0.00     0.00        -0.00         0.00        -0.00         0.00        -0.00         0.00             0.00
       (H4, O2, H2)     0.00     0.00     0.00    -0.00    -0.00         0.00        -0.00         0.00         0.00         0.00        -0.00             0.00
       (H3, O2, O1)    -0.00     0.00     0.00     0.00     0.00        -0.00         0.00        -0.00        -0.00        -0.00         0.00            -0.00
       (H3, O2, H4)     0.00    -0.00     0.00     0.00    -0.00         0.00        -0.00         0.00        -0.00         0.00        -0.00             0.00
       (H1, O1, H2)    -0.00     0.00    -0.00     0.00     0.00         0.00        -0.00        -0.00         0.00         0.00        -0.00             0.00
       (O1, H2, O2)     0.00     0.00    -0.00    -0.00    -0.00         0.00        -0.00         0.00         0.00         0.00        -0.00             0.00
       (O1, H2, O2)    -0.00     0.00    -0.00     0.00     0.00        -0.00         0.00        -0.00        -0.00        -0.00         0.00             0.00
   (H4, O2, O1, H1)    -0.00     0.00     0.00     0.00     0.00         0.00        -0.00         0.00         0.00         0.00         0.00             0.00

Total energy distribution matrix (normalization check: 1.0)

Internal Coordinate (H2, O2) (O2, H3) (O2, H4) (O1, H1) (O1, H2) (H4, O2, H2) (H3, O2, O1) (H3, O2, H4) (H1, O1, H2) (O1, H2, O2) (O1, H2, O2) (H4, O2, O1, H1)
           (H2, O2)     0.00     0.00    -0.00     0.00    -0.00         0.00        -0.00         0.00        -0.00         0.00        -0.00            -0.00
           (O2, H3)     0.00     0.56     0.02    -0.00    -0.00         0.00         0.00        -0.00         0.00         0.00         0.00             0.00
           (O2, H4)    -0.00     0.02     0.56     0.00     0.00         0.00         0.00         0.00        -0.00        -0.00        -0.00             0.00
           (O1, H1)     0.00    -0.00     0.00     0.00    -0.00        -0.00         0.00         0.00         0.00        -0.00         0.00             0.00
           (O1, H2)    -0.00    -0.00     0.00    -0.00     0.00        -0.00         0.00        -0.00         0.00        -0.00         0.00             0.00
       (H4, O2, H2)     0.00     0.00     0.00    -0.00    -0.00         0.00        -0.00         0.00         0.00         0.00        -0.00             0.00
       (H3, O2, O1)    -0.00     0.00     0.00     0.00     0.00        -0.00         0.00        -0.00        -0.00        -0.00         0.00            -0.00
       (H3, O2, H4)     0.00    -0.00     0.00     0.00    -0.00         0.00        -0.00         0.00        -0.00         0.00        -0.00             0.00
       (H1, O1, H2)    -0.00     0.00    -0.00     0.00     0.00         0.00        -0.00        -0.00         0.00         0.00        -0.00             0.00
       (O1, H2, O2)     0.00     0.00    -0.00    -0.00    -0.00         0.00        -0.00         0.00         0.00         0.00        -0.00             0.00
       (O1, H2, O2)    -0.00     0.00    -0.00     0.00     0.00        -0.00         0.00        -0.00        -0.00        -0.00         0.00             0.00
   (H4, O2, O1, H1)    -0.00     0.00     0.00     0.00     0.00         0.00        -0.00         0.00         0.00         0.00         0.00             0.00

