
 Running default procedure: HF-SCF000

 PROGRAM * ALASKA (Gradient of the energy)     Author: R. Lindh

 Orbitals from record         2100.2

 Number of closed-shell orbitals: 10 (  4  1  4  1 )
 Number of occupied orbitals:     10 (  4  1  4  1 )

 Number of electrons= 20     Singlet     Space symmetry=1      Wavefunction type: CLOSED          


 SCF GRADIENT FOR STATE 1.1

 Atom          dE/dx               dE/dy               dE/dz

   1         0.013060862         0.005585261         0.000000000
   2        -0.013060862        -0.005585261         0.000000000
   3        -0.002563015        -0.005501746        -0.007158187
   4        -0.002563015        -0.005501746         0.007158187
   5         0.002563015         0.005501746        -0.007158187
   6         0.002563015         0.005501746         0.007158187
   7        -0.007817387         0.007035882         0.000000000
   8         0.007817387        -0.007035882         0.000000000

 Nuclear force contribution to virial =         0.102050639

 PQS Optimization using delocalized internal coordinates

 Options:  IOptC=   -1  IGen=     1  IType=    0  NMol=     1  NFix=     0  NDum=     0  NCons=    0  NCOMP=    0  NPCOMP=   0
           NCnnct=   0  NDrive=   0  MaxDis=   0  IUpDAT=  -1  MaxCYC= 100  IHess=   -1  LThrsh= 165  IQmm=     0  IPRNT=    2  SCAN=     F  TSFlag=   F


** GENERATION OF INTERNAL COORDINATES **

 Generating primitive internal coordinates

 OPTIMIZATION WILL USE DELOCALIZED INTERNAL COORDINATES
 Reading points 1 to 1 from record 700.2,  wavefunction type=HF-SCF000       


** GEOMETRY OPTIMIZATION IN DELOCALIZED INTERNAL COORDINATES **
   Searching for a Minimum

                       Coordinates (Angstroms)
     ATOM              X           Y           Z
    1  n           0.051098   -1.578579    0.000000
    2  h          -0.130260   -2.159000   -0.809565
    3  h          -0.130260   -2.159000    0.809565
    4  h          -0.655776   -0.851338    0.000000
    5  n          -0.051098    1.578579    0.000000
    6  h           0.130260    2.159000   -0.809565
    7  h           0.655776    0.851338    0.000000
    8  h           0.130260    2.159000    0.809565
   Point Group: C2H   Number of degrees of freedom:   6


   Energy is   -112.424974917


 Generating delocalized internal coordinates

 Transformed gradient to internal coordinates by solving linear equations directly
 calling defhes,  ndeg=   6  nprim=   20  ihess=-1
 Setting up Default Primitive Hessian
 calling defHPRIM

 Optimization cycle:  0  IOptC=-1  IGen= 1  NPrim=  20  NDEG=   6
 calling ConINT
 calling optint

  6 Hessian modes will be used to form the next step
  Hessian Eigenvalues:
     0.021726    0.089366    0.160000    0.160000    0.452806    0.455550

 Minimum Search - Taking Simple RFO Step

 Solving AH equations explicitly.

 eigenvalues of AH matrix
     1-   7   -0.001374    0.021805    0.089446    0.160000    0.160061    0.453104    0.456406

 Taking root 1 of AH matrix
 Value Taken    Lambda =  -0.00137382

 D
     1-   6    0.014218    0.009772   -0.017320    0.078272    0.003751   -0.022023
 Step Taken.  Stepsize is  0.084990

                             Maximum     Tolerance    Cnvgd?
         Gradient           0.013886      0.000300      NO
         Displacement       0.078272      0.000300      NO
         Energy change   -112.424975      0.000001      NO


 ** Cycle    1  Energy   -112.424974917   RMSG  0.00953   RMSD  0.03470 **
 calling GetCART

 Computing New Cartesian Coordinates by Inverse Iteration. Initial steplength=  0.084990, threshold=  5.0D-09, MAXIT=40,  MAXREP=10
 it=   1, steplength=  0.3470D-01, stepmax=  0.7827D-01
 it=   2, steplength=  0.1817D-03, stepmax=  0.3032D-03
 it=   3, steplength=  0.2239D-07, stepmax=  0.4621D-07
 it=   4, steplength=  0.5823D-15, stepmax=  0.8882D-15
 Full backtransformation converged in  4 cycles. Step lengths:  0.084990 (internal),  0.072840 (cartesian)

                       Coordinates (Angstroms)
     ATOM              X           Y           Z
    1  n           0.039039   -1.590544    0.000000
    2  h          -0.128286   -2.164423   -0.803779
    3  h          -0.128286   -2.164423    0.803779
    4  h          -0.658054   -0.869101    0.000000
    5  n          -0.039039    1.590544    0.000000
    6  h           0.128286    2.164423   -0.803779
    7  h           0.658054    0.869101    0.000000
    8  h           0.128286    2.164423    0.803779

 Displacement from previous Coordinates is:  0.072840

 Geometry written to block  2 of record 700


 Recomputing integrals since geometry changed


 PROGRAM * SEWARD (Integral evaluation for generally contracted gaussian basis sets)     Author: Roland Lindh, 1990

 Geometry written to block  2 of record 700


 Point group  C2h 



 ATOMIC COORDINATES

 NR  ATOM    CHARGE       X              Y              Z

   1  N       7.00    0.073772121   -3.005693249    0.000000000
   2  N       7.00   -0.073772121    3.005693249    0.000000000
   3  H       1.00   -0.242425288   -4.090166418   -1.518923090
   4  H       1.00   -0.242425288   -4.090166418    1.518923090
   5  H       1.00    0.242425288    4.090166418   -1.518923090
   6  H       1.00    0.242425288    4.090166418    1.518923090
   7  H       1.00   -1.243541682   -1.642363427    0.000000000
   8  H       1.00    1.243541682    1.642363427    0.000000000

 Bond lengths in Bohr (Angstrom)

 1-3  1.892931644  1-4  1.892931644  1-7  1.895780541  2-5  1.892931644  2-6  1.892931644
     ( 1.001696288)     ( 1.001696288)     ( 1.003203859)     ( 1.001696288)     ( 1.001696288)

 2-8  1.895780541
     ( 1.003203859)

 Bond angles

  3-1-4  106.72332493   3-1-7  107.21321303   4-1-7  107.21321303   5-2-6  106.72332493

  5-2-8  107.21321303   6-2-8  107.21321303

 NUCLEAR CHARGE:                   20
 NUMBER OF PRIMITIVE AOS:         112
 NUMBER OF SYMMETRY AOS:          110
 NUMBER OF CONTRACTIONS:           72   (   24Ag  +   12Au  +   24Bu  +   12Bg  )
 NUMBER OF INNER CORE ORBITALS:     0   (    0Ag  +    0Au  +    0Bu  +    0Bg  )
 NUMBER OF OUTER CORE ORBITALS:     2   (    1Ag  +    0Au  +    1Bu  +    0Bg  )
 NUMBER OF VALENCE ORBITALS:       14   (    5Ag  +    2Au  +    5Bu  +    2Bg  )


 NUCLEAR REPULSION ENERGY   40.44369805

 Eigenvalues of metric

         1 0.104E-01 0.326E-01 0.564E-01 0.802E-01 0.102E+00 0.113E+00 0.151E+00 0.260E+00
         2 0.353E-01 0.759E-01 0.110E+00 0.403E+00 0.405E+00 0.554E+00 0.783E+00 0.862E+00
         3 0.111E-01 0.308E-01 0.632E-01 0.791E-01 0.939E-01 0.111E+00 0.149E+00 0.224E+00
         4 0.317E-01 0.730E-01 0.102E+00 0.393E+00 0.405E+00 0.549E+00 0.783E+00 0.861E+00


 Contracted 2-electron integrals neglected if value below      1.0D-11
 AO integral compression algorithm  1   Integral accuracy      1.0D-11

     6.554 MB (compressed) written to integral file ( 61.5%)


 NUMBER OF SORTED TWO-ELECTRON INTEGRALS:     914346.     BUFFER LENGTH:  32768
 NUMBER OF SEGMENTS:   1  SEGMENT LENGTH:     914346      RECORD LENGTH: 524288

 Memory used in sort:       1.47 MW

 SORT1 READ     1350512. AND WROTE      914346. INTEGRALS IN      3 RECORDS. CPU TIME:     0.01 SEC, REAL TIME:     0.03 SEC
 SORT2 READ      914346. AND WROTE      914346. INTEGRALS IN     25 RECORDS. CPU TIME:     0.05 SEC, REAL TIME:     0.06 SEC

 FILE SIZES:   FILE 1:    36.8 MBYTE,  FILE 4:    13.0 MBYTE,   TOTAL:     49.7 MBYTE

 OPERATOR DM      FOR CENTER  0  COORDINATES:    0.000000    0.000000    0.000000

 Program * Restricted Hartree-Fock

 Molecular orbitals read from record     2100.2  Type=RHF/CANONICAL  

 NELEC=   20   SYM=1   MS2= 0   THRE=1.0D-08   THRD=1.0D-06   THRG=1.0D-06  HFMA2=F  DIIS_START=2   DIIS_MAX=10   DIIS_INCORE=F

 Level shifts:    0.00 (CLOSED)    0.00 (OPEN)    0.30 (GAP_MIN)

 ITER           ETOT              DE          GRAD        DDIFF     DIIS  NEXP   TIME(IT)  TIME(TOT)  DIAG
   1     -112.42548971    -112.42548971     0.00D+00     0.87D-01     0     0       0.00      0.00    start
   2     -112.42572332      -0.00023361     0.12D-02     0.77D-03     1     0       0.01      0.01    diag
   3     -112.42574716      -0.00002384     0.39D-03     0.29D-03     2     0       0.00      0.01    diag
   4     -112.42575206      -0.00000490     0.15D-03     0.11D-03     3     0       0.00      0.01    diag
   5     -112.42575258      -0.00000051     0.28D-04     0.58D-04     4     0       0.01      0.02    diag
   6     -112.42575261      -0.00000004     0.71D-05     0.16D-04     5     0       0.00      0.02    diag
   7     -112.42575261      -0.00000000     0.15D-05     0.33D-05     6     0       0.00      0.02    diag
   8     -112.42575261      -0.00000000     0.27D-06     0.47D-06     7     0       0.01      0.03    fixocc
   9     -112.42575261      -0.00000000     0.59D-07     0.71D-07     0     0       0.00      0.03    diag

 Final occupancy:   4   1   4   1

 !RHF STATE 1.1 Energy               -112.425752614277
  RHF One-electron energy            -232.470477531983
  RHF Two-electron energy              79.601026868496
  RHF Kinetic energy                  112.482351475399
  RHF Nuclear energy                   40.443698049210
  RHF Virial quotient                  -0.999496820076

 !RHF STATE 1.1 Dipole moment           0.00000000     0.00000000     0.00000000
 Dipole moment /Debye                   0.00000000     0.00000000     0.00000000

 Orbital energies:

           1.1          2.1          3.1          4.1          5.1          6.1
    -15.519672    -1.139001    -0.637755    -0.417270     0.154833     0.290524

           1.2          2.2          3.2
     -0.623023     0.228968     0.479275

           1.3          2.3          3.3          4.3          5.3          6.3
    -15.519676    -1.131795    -0.605258    -0.419972     0.184999     0.266560

           1.4          2.4          3.4
     -0.620791     0.239438     0.574522


 HOMO      4.1    -0.417270 =     -11.3545eV
 LUMO      5.1     0.154833 =       4.2132eV
 LUMO-HOMO         0.572103 =      15.5677eV

 Orbitals saved in record  2100.2


 **********************************************************************************************************************************
 DATASETS  * FILE   NREC   LENGTH (MB)   RECORD NAMES
              1      19       33.03       500      610      700      900      950      970     1000      129      960     1100   
                                          VAR    BASINP    GEOM    SYMINP    ZMAT    AOBASIS   BASIS     P2S    ABASIS      S 
                                         1400     1410     1200     1210     1080     1600     1650     1300     1700   
                                           T        V       H0       H01     AOSYM     SMH    MOLCAS    ERIS     OPER   

              2       4        0.52       700     1000      520     2100   
                                         GEOM     BASIS   MCVARS     RHF  

 PROGRAMS   *        TOTAL    HF-SCF    HF-SCF       INT
 CPU TIMES  *         0.98      0.24      0.05      0.28
 REAL TIME  *         1.13 SEC
 DISK USED  *        48.03 MB
 **********************************************************************************************************************************

 PROGRESS OF GEOMETRY OPTIMIZATION.    TOTAL CPU:         0.5 SEC
   1  -112.42497492  -112.42575261    -0.00077770  0.01388640  0.02334315  0.00952980  0.07827223  0.08498976  0.03469692

 **********************************************************************************************************************************

 Current geometry (xyz format, in Angstrom)

    8
 HF-SCF000/6-311G(D,P)  ENERGY=-112.42575261
 N          0.0390385250       -1.5905443701        0.0000000000
 H         -0.1282859378       -2.1644228572       -0.8037794843
 H         -0.1282859378       -2.1644228572        0.8037794843
 H         -0.6580539188       -0.8691012973        0.0000000000
 N         -0.0390385250        1.5905443701        0.0000000000
 H          0.1282859378        2.1644228572       -0.8037794843
 H          0.6580539188        0.8691012973        0.0000000000
 H          0.1282859378        2.1644228572        0.8037794843

 **********************************************************************************************************************************

 PROGRAM * ALASKA (Gradient of the energy)     Author: R. Lindh

 Orbitals from record         2100.2

 Number of closed-shell orbitals: 10 (  4  1  4  1 )
 Number of occupied orbitals:     10 (  4  1  4  1 )

 Number of electrons= 20     Singlet     Space symmetry=1      Wavefunction type: CLOSED          


 SCF GRADIENT FOR STATE 1.1

 Atom          dE/dx               dE/dy               dE/dz

   1         0.002573173         0.001399181         0.000000000
   2        -0.002573173        -0.001399181         0.000000000
   3        -0.000704442        -0.000189323         0.000324444
   4        -0.000704442        -0.000189323        -0.000324444
   5         0.000704442         0.000189323         0.000324444
   6         0.000704442         0.000189323        -0.000324444
   7        -0.001197979         0.000160092         0.000000000
   8         0.001197979        -0.000160092         0.000000000

 Nuclear force contribution to virial =        -0.003768419

 PQS Optimization using delocalized internal coordinates
 Reading points 1 to 2 from record 700.2,  wavefunction type=HF-SCF000       

** REGENERATION OF INTERNAL COORDINATES **

 Generating primitive internal coordinates

 Cartesian Hessian Update
 Hessian Updated using BFGS Update


** GEOMETRY OPTIMIZATION IN DELOCALIZED INTERNAL COORDINATES **
   Searching for a Minimum

                       Coordinates (Angstroms)
     ATOM              X           Y           Z
    1  n           0.039039   -1.590544    0.000000
    2  h          -0.128286   -2.164423   -0.803779
    3  h          -0.128286   -2.164423    0.803779
    4  h          -0.658054   -0.869101    0.000000
    5  n          -0.039039    1.590544    0.000000
    6  h           0.128286    2.164423   -0.803779
    7  h           0.658054    0.869101    0.000000
    8  h           0.128286    2.164423    0.803779
   Point Group: C2H   Number of degrees of freedom:   6


   Energy is   -112.425752614


 Generating delocalized internal coordinates

 Transformed gradient to internal coordinates by solving linear equations directly
 calling UTPrim, igen= 1
 calling updhes1, igen= 1  change=F  nprim=   20  ihess= 1  iupdat= 4
 Hessian Updated using BFGS Update

 Optimization cycle:  1  IOptC=-1  IGen= 1  NPrim=  20  NDEG=   6
 calling ConINT
 calling optint

  6 Hessian modes will be used to form the next step
  Hessian Eigenvalues:
     0.020028    0.078663    0.150640    0.160028    0.453529    0.515247

 Minimum Search - Taking Simple RFO Step

 Solving AH equations explicitly.

 eigenvalues of AH matrix
     1-   7   -0.000171    0.020092    0.078741    0.150669    0.160028    0.453529    0.515247

 Taking root 1 of AH matrix
 Value Taken    Lambda =  -0.00017073

 D
     1-   6    0.027990    0.020588    0.012710    0.052779    0.007135   -0.010599
 Step Taken.  Stepsize is  0.065709

                             Maximum     Tolerance    Cnvgd?
         Gradient           0.013886      0.000300      NO
         Displacement       0.078272      0.000300      NO
         Energy change     -0.000778      0.000001      NO


 ** Cycle    2  Energy   -112.425752614   RMSG  0.00142   RMSD  0.02683 **
 calling GetCART

 Computing New Cartesian Coordinates by Inverse Iteration. Initial steplength=  0.065709, threshold=  5.0D-09, MAXIT=40,  MAXREP=10
 it=   1, steplength=  0.2683D-01, stepmax=  0.5278D-01
 it=   2, steplength=  0.1078D-03, stepmax=  0.1835D-03
 it=   3, steplength=  0.1099D-08, stepmax=  0.2385D-08
 Full backtransformation converged in  3 cycles. Step lengths:  0.065709 (internal),  0.093256 (cartesian)

                       Coordinates (Angstroms)
     ATOM              X           Y           Z
    1  n           0.029548   -1.609098    0.000000
    2  h          -0.127085   -2.180775   -0.806173
    3  h          -0.127085   -2.180775    0.806173
    4  h          -0.661881   -0.883920    0.000000
    5  n          -0.029548    1.609098    0.000000
    6  h           0.127085    2.180775   -0.806173
    7  h           0.661881    0.883920    0.000000
    8  h           0.127085    2.180775    0.806173

 Displacement from previous Coordinates is:  0.093256

 Geometry written to block  3 of record 700


 Recomputing integrals since geometry changed


 PROGRAM * SEWARD (Integral evaluation for generally contracted gaussian basis sets)     Author: Roland Lindh, 1990

 Geometry written to block  3 of record 700


 Point group  C2h 



 ATOMIC COORDINATES

 NR  ATOM    CHARGE       X              Y              Z

   1  N       7.00    0.055838541   -3.040755191    0.000000000
   2  N       7.00   -0.055838541    3.040755191    0.000000000
   3  H       1.00   -0.240156529   -4.121067068   -1.523445440
   4  H       1.00   -0.240156529   -4.121067068    1.523445440
   5  H       1.00    0.240156529    4.121067068   -1.523445440
   6  H       1.00    0.240156529    4.121067068    1.523445440
   7  H       1.00   -1.250773298   -1.670366797    0.000000000
   8  H       1.00    1.250773298    1.670366797    0.000000000

 Bond lengths in Bohr (Angstrom)

 1-3  1.890918518  1-4  1.890918518  1-7  1.893462133  2-5  1.890918518  2-6  1.890918518
     ( 1.000630987)     ( 1.000630987)     ( 1.001977011)     ( 1.000630987)     ( 1.000630987)

 2-8  1.893462133
     ( 1.001977011)

 Bond angles

  3-1-4  107.34890780   3-1-7  107.78638731   4-1-7  107.78638731   5-2-6  107.34890780

  5-2-8  107.78638731   6-2-8  107.78638731

 NUCLEAR CHARGE:                   20
 NUMBER OF PRIMITIVE AOS:         112
 NUMBER OF SYMMETRY AOS:          110
 NUMBER OF CONTRACTIONS:           72   (   24Ag  +   12Au  +   24Bu  +   12Bg  )
 NUMBER OF INNER CORE ORBITALS:     0   (    0Ag  +    0Au  +    0Bu  +    0Bg  )
 NUMBER OF OUTER CORE ORBITALS:     2   (    1Ag  +    0Au  +    1Bu  +    0Bg  )
 NUMBER OF VALENCE ORBITALS:       14   (    5Ag  +    2Au  +    5Bu  +    2Bg  )


 NUCLEAR REPULSION ENERGY   40.28261441

 Eigenvalues of metric

         1 0.107E-01 0.324E-01 0.566E-01 0.800E-01 0.102E+00 0.113E+00 0.152E+00 0.259E+00
         2 0.349E-01 0.755E-01 0.109E+00 0.401E+00 0.406E+00 0.552E+00 0.779E+00 0.864E+00
         3 0.115E-01 0.307E-01 0.633E-01 0.790E-01 0.934E-01 0.111E+00 0.151E+00 0.224E+00
         4 0.315E-01 0.728E-01 0.102E+00 0.394E+00 0.404E+00 0.548E+00 0.779E+00 0.863E+00


 Contracted 2-electron integrals neglected if value below      1.0D-11
 AO integral compression algorithm  1   Integral accuracy      1.0D-11

     6.554 MB (compressed) written to integral file ( 61.3%)


 NUMBER OF SORTED TWO-ELECTRON INTEGRALS:     914346.     BUFFER LENGTH:  32768
 NUMBER OF SEGMENTS:   1  SEGMENT LENGTH:     914346      RECORD LENGTH: 524288

 Memory used in sort:       1.47 MW

 SORT1 READ     1350512. AND WROTE      914346. INTEGRALS IN      3 RECORDS. CPU TIME:     0.01 SEC, REAL TIME:     0.02 SEC
 SORT2 READ      914346. AND WROTE      914346. INTEGRALS IN     25 RECORDS. CPU TIME:     0.05 SEC, REAL TIME:     0.05 SEC

 FILE SIZES:   FILE 1:    36.8 MBYTE,  FILE 4:    13.0 MBYTE,   TOTAL:     49.7 MBYTE

 OPERATOR DM      FOR CENTER  0  COORDINATES:    0.000000    0.000000    0.000000

 Program * Restricted Hartree-Fock

 Molecular orbitals read from record     2100.2  Type=RHF/CANONICAL  

 NELEC=   20   SYM=1   MS2= 0   THRE=1.0D-08   THRD=1.0D-06   THRG=1.0D-06  HFMA2=F  DIIS_START=2   DIIS_MAX=10   DIIS_INCORE=F

 Level shifts:    0.00 (CLOSED)    0.00 (OPEN)    0.30 (GAP_MIN)

 ITER           ETOT              DE          GRAD        DDIFF     DIIS  NEXP   TIME(IT)  TIME(TOT)  DIAG
   1     -112.42580290    -112.42580290     0.00D+00     0.87D-01     0     0       0.01      0.01    start
   2     -112.42585521      -0.00005231     0.54D-03     0.35D-03     1     0       0.00      0.01    diag
   3     -112.42585890      -0.00000369     0.12D-03     0.15D-03     2     0       0.00      0.01    diag
   4     -112.42585929      -0.00000040     0.41D-04     0.35D-04     3     0       0.00      0.01    diag
   5     -112.42585938      -0.00000008     0.13D-04     0.27D-04     4     0       0.01      0.02    diag
   6     -112.42585938      -0.00000000     0.23D-05     0.55D-05     5     0       0.00      0.02    diag
   7     -112.42585938      -0.00000000     0.47D-06     0.96D-06     6     0       0.00      0.02    diag
   8     -112.42585938      -0.00000000     0.10D-06     0.99D-07     0     0       0.00      0.02    fixocc

 Final occupancy:   4   1   4   1

 !RHF STATE 1.1 Energy               -112.425859379449
  RHF One-electron energy            -232.149351383366
  RHF Two-electron energy              79.440877590967
  RHF Kinetic energy                  112.485767561990
  RHF Nuclear energy                   40.282614412950
  RHF Virial quotient                  -0.999467415444

 !RHF STATE 1.1 Dipole moment           0.00000000     0.00000000     0.00000000
 Dipole moment /Debye                   0.00000000     0.00000000     0.00000000

 Orbital energies:

           1.1          2.1          3.1          4.1          5.1          6.1
    -15.518961    -1.138212    -0.637862    -0.415880     0.154931     0.289302

           1.2          2.2          3.2
     -0.624360     0.229040     0.482089

           1.3          2.3          3.3          4.3          5.3          6.3
    -15.518964    -1.131592    -0.607642    -0.418009     0.184934     0.266277

           1.4          2.4          3.4
     -0.622316     0.239346     0.573601


 HOMO      4.1    -0.415880 =     -11.3167eV
 LUMO      5.1     0.154931 =       4.2159eV
 LUMO-HOMO         0.570811 =      15.5326eV

 Orbitals saved in record  2100.2


 **********************************************************************************************************************************
 DATASETS  * FILE   NREC   LENGTH (MB)   RECORD NAMES
              1      19       33.03       500      610      700      900      950      970     1000      129      960     1100   
                                          VAR    BASINP    GEOM    SYMINP    ZMAT    AOBASIS   BASIS     P2S    ABASIS      S 
                                         1400     1410     1200     1210     1080     1600     1650     1300     1700   
                                           T        V       H0       H01     AOSYM     SMH    MOLCAS    ERIS     OPER   

              2       4        0.52       700     1000      520     2100   
                                         GEOM     BASIS   MCVARS     RHF  

 PROGRAMS   *        TOTAL    HF-SCF    HF-SCF       INT
 CPU TIMES  *         1.51      0.24      0.05      0.28
 REAL TIME  *         1.71 SEC
 DISK USED  *        48.03 MB
 **********************************************************************************************************************************

 PROGRESS OF GEOMETRY OPTIMIZATION.    TOTAL CPU:         1.1 SEC
   1  -112.42497492  -112.42575261    -0.00077770  0.01388640  0.02334315  0.00952980  0.07827223  0.08498976  0.03469692
   2  -112.42575261  -112.42585938    -0.00010677  0.00208353  0.00346921  0.00141630  0.05277861  0.06570885  0.02682553

 **********************************************************************************************************************************

 Current geometry (xyz format, in Angstrom)

    8
 HF-SCF000/6-311G(D,P)  ENERGY=-112.42585938
 N          0.0295484836       -1.6090983513        0.0000000000
 H         -0.1270853622       -2.1807747769       -0.8061726089
 H         -0.1270853622       -2.1807747769        0.8061726089
 H         -0.6618807253       -0.8839200429        0.0000000000
 N         -0.0295484836        1.6090983513        0.0000000000
 H          0.1270853622        2.1807747769       -0.8061726089
 H          0.6618807253        0.8839200429        0.0000000000
 H          0.1270853622        2.1807747769        0.8061726089

 **********************************************************************************************************************************

 PROGRAM * ALASKA (Gradient of the energy)     Author: R. Lindh

 Orbitals from record         2100.2

 Number of closed-shell orbitals: 10 (  4  1  4  1 )
 Number of occupied orbitals:     10 (  4  1  4  1 )

 Number of electrons= 20     Singlet     Space symmetry=1      Wavefunction type: CLOSED          


 SCF GRADIENT FOR STATE 1.1

 Atom          dE/dx               dE/dy               dE/dz

   1        -0.000003038         0.000188129         0.000000000
   2         0.000003038        -0.000188129         0.000000000
   3         0.000077122         0.000194186         0.000360111
   4         0.000077122         0.000194186        -0.000360111
   5        -0.000077122        -0.000194186         0.000360111
   6        -0.000077122        -0.000194186        -0.000360111
   7        -0.000254641         0.000094522         0.000000000
   8         0.000254641        -0.000094522         0.000000000

 Nuclear force contribution to virial =        -0.006292756

 PQS Optimization using delocalized internal coordinates
 Reading points 1 to 3 from record 700.2,  wavefunction type=HF-SCF000       

** REGENERATION OF INTERNAL COORDINATES **

 Generating primitive internal coordinates

 Cartesian Hessian Update
 Hessian Updated using BFGS Update


** GEOMETRY OPTIMIZATION IN DELOCALIZED INTERNAL COORDINATES **
   Searching for a Minimum

                       Coordinates (Angstroms)
     ATOM              X           Y           Z
    1  n           0.029548   -1.609098    0.000000
    2  h          -0.127085   -2.180775   -0.806173
    3  h          -0.127085   -2.180775    0.806173
    4  h          -0.661881   -0.883920    0.000000
    5  n          -0.029548    1.609098    0.000000
    6  h           0.127085    2.180775   -0.806173
    7  h           0.661881    0.883920    0.000000
    8  h           0.127085    2.180775    0.806173
   Point Group: C2H   Number of degrees of freedom:   6


   Energy is   -112.425859379


 Generating delocalized internal coordinates

 Transformed gradient to internal coordinates by solving linear equations directly
 calling UTPrim, igen= 1
 calling updhes1, igen= 1  change=F  nprim=   20  ihess= 1  iupdat= 4
 Hessian Updated using BFGS Update

 Optimization cycle:  2  IOptC=-1  IGen= 1  NPrim=  20  NDEG=   6
 calling ConINT
 calling optint

  6 Hessian modes will be used to form the next step
  Hessian Eigenvalues:
     0.014768    0.082755    0.135892    0.168132    0.453490    0.517978

 Minimum Search - Taking Simple RFO Step

 Solving AH equations explicitly.

 eigenvalues of AH matrix
     1-   7   -0.000041    0.014794    0.082757    0.135900    0.168134    0.453490    0.517980

 Taking root 1 of AH matrix
 Value Taken    Lambda =  -0.00004062

 D
     1-   6    0.025798    0.004941    0.004687    0.032424    0.007092    0.005062
 Step Taken.  Stepsize is  0.042885

                             Maximum     Tolerance    Cnvgd?
         Gradient           0.002084      0.000300      NO
         Displacement       0.052779      0.000300      NO
         Energy change     -0.000107      0.000001      NO


 ** Cycle    3  Energy   -112.425859379   RMSG  0.00073   RMSD  0.01751 **
 calling GetCART

 Computing New Cartesian Coordinates by Inverse Iteration. Initial steplength=  0.042885, threshold=  5.0D-09, MAXIT=40,  MAXREP=10
 it=   1, steplength=  0.1751D-01, stepmax=  0.3242D-01
 it=   2, steplength=  0.6068D-04, stepmax=  0.8064D-04
 it=   3, steplength=  0.1375D-08, stepmax=  0.2914D-08
 Full backtransformation converged in  3 cycles. Step lengths:  0.042885 (internal),  0.078243 (cartesian)

                       Coordinates (Angstroms)
     ATOM              X           Y           Z
    1  n           0.027184   -1.624622    0.000000
    2  h          -0.129017   -2.195382   -0.806964
    3  h          -0.129017   -2.195382    0.806964
    4  h          -0.661633   -0.897151    0.000000
    5  n          -0.027184    1.624622    0.000000
    6  h           0.129017    2.195382   -0.806964
    7  h           0.661633    0.897151    0.000000
    8  h           0.129017    2.195382    0.806964

 Displacement from previous Coordinates is:  0.078243

 Geometry written to block  4 of record 700


 Recomputing integrals since geometry changed


 PROGRAM * SEWARD (Integral evaluation for generally contracted gaussian basis sets)     Author: Roland Lindh, 1990

 Geometry written to block  4 of record 700


 Point group  C2h 



 ATOMIC COORDINATES

 NR  ATOM    CHARGE       X              Y              Z

   1  N       7.00    0.051370054   -3.070090857    0.000000000
   2  N       7.00   -0.051370054    3.070090857    0.000000000
   3  H       1.00   -0.243807303   -4.148671379   -1.524940361
   4  H       1.00   -0.243807303   -4.148671379    1.524940361
   5  H       1.00    0.243807303    4.148671379   -1.524940361
   6  H       1.00    0.243807303    4.148671379    1.524940361
   7  H       1.00   -1.250304581   -1.695369380    0.000000000
   8  H       1.00    1.250304581    1.695369380    0.000000000

 Bond lengths in Bohr (Angstrom)

 1-3  1.891007329  1-4  1.891007329  1-7  1.893202576  2-5  1.891007329  2-6  1.891007329
     ( 1.000677984)     ( 1.000677984)     ( 1.001839659)     ( 1.000677984)     ( 1.000677984)

 2-8  1.893202576
     ( 1.001839659)

 Bond angles

  3-1-4  107.49464079   3-1-7  107.86918853   4-1-7  107.86918853   5-2-6  107.49464079

  5-2-8  107.86918853   6-2-8  107.86918853

 NUCLEAR CHARGE:                   20
 NUMBER OF PRIMITIVE AOS:         112
 NUMBER OF SYMMETRY AOS:          110
 NUMBER OF CONTRACTIONS:           72   (   24Ag  +   12Au  +   24Bu  +   12Bg  )
 NUMBER OF INNER CORE ORBITALS:     0   (    0Ag  +    0Au  +    0Bu  +    0Bg  )
 NUMBER OF OUTER CORE ORBITALS:     2   (    1Ag  +    0Au  +    1Bu  +    0Bg  )
 NUMBER OF VALENCE ORBITALS:       14   (    5Ag  +    2Au  +    5Bu  +    2Bg  )


 NUCLEAR REPULSION ENERGY   40.13384737

 Eigenvalues of metric

         1 0.108E-01 0.324E-01 0.567E-01 0.800E-01 0.102E+00 0.113E+00 0.152E+00 0.260E+00
         2 0.348E-01 0.753E-01 0.109E+00 0.401E+00 0.406E+00 0.552E+00 0.779E+00 0.865E+00
         3 0.115E-01 0.307E-01 0.634E-01 0.791E-01 0.936E-01 0.111E+00 0.151E+00 0.226E+00
         4 0.315E-01 0.729E-01 0.102E+00 0.394E+00 0.404E+00 0.548E+00 0.778E+00 0.864E+00


 Contracted 2-electron integrals neglected if value below      1.0D-11
 AO integral compression algorithm  1   Integral accuracy      1.0D-11

     6.554 MB (compressed) written to integral file ( 61.3%)


 NUMBER OF SORTED TWO-ELECTRON INTEGRALS:     914346.     BUFFER LENGTH:  32768
 NUMBER OF SEGMENTS:   1  SEGMENT LENGTH:     914346      RECORD LENGTH: 524288

 Memory used in sort:       1.47 MW

 SORT1 READ     1350512. AND WROTE      914344. INTEGRALS IN      3 RECORDS. CPU TIME:     0.02 SEC, REAL TIME:     0.03 SEC
 SORT2 READ      914344. AND WROTE      914346. INTEGRALS IN     25 RECORDS. CPU TIME:     0.03 SEC, REAL TIME:     0.05 SEC

 FILE SIZES:   FILE 1:    36.8 MBYTE,  FILE 4:    13.0 MBYTE,   TOTAL:     49.7 MBYTE

 OPERATOR DM      FOR CENTER  0  COORDINATES:    0.000000    0.000000    0.000000

 Program * Restricted Hartree-Fock

 Molecular orbitals read from record     2100.2  Type=RHF/CANONICAL  

 NELEC=   20   SYM=1   MS2= 0   THRE=1.0D-08   THRD=1.0D-07   THRG=1.0D-07  HFMA2=F  DIIS_START=2   DIIS_MAX=10   DIIS_INCORE=F

 Level shifts:    0.00 (CLOSED)    0.00 (OPEN)    0.30 (GAP_MIN)

 ITER           ETOT              DE          GRAD        DDIFF     DIIS  NEXP   TIME(IT)  TIME(TOT)  DIAG
   1     -112.42588229    -112.42588229     0.00D+00     0.86D-01     0     0       0.00      0.00    start
   2     -112.42588770      -0.00000541     0.16D-03     0.12D-03     1     0       0.00      0.00    diag
   3     -112.42588812      -0.00000042     0.32D-04     0.49D-04     2     0       0.01      0.01    diag
   4     -112.42588815      -0.00000003     0.85D-05     0.15D-04     3     0       0.00      0.01    diag
   5     -112.42588816      -0.00000000     0.27D-05     0.40D-05     4     0       0.00      0.01    diag
   6     -112.42588816      -0.00000000     0.81D-06     0.99D-06     5     0       0.01      0.02    diag
   7     -112.42588816      -0.00000000     0.20D-06     0.34D-06     6     0       0.00      0.02    diag
   8     -112.42588816      -0.00000000     0.39D-07     0.63D-07     7     0       0.00      0.02    fixocc
   9     -112.42588816       0.00000000     0.65D-08     0.83D-08     0     0       0.01      0.03    diag

 Final occupancy:   4   1   4   1

 !RHF STATE 1.1 Energy               -112.425888157947
  RHF One-electron energy            -231.850418973030
  RHF Two-electron energy              79.290683449659
  RHF Kinetic energy                  112.483269687451
  RHF Nuclear energy                   40.133847365423
  RHF Virial quotient                  -0.999489866096

 !RHF STATE 1.1 Dipole moment           0.00000000     0.00000000     0.00000000
 Dipole moment /Debye                   0.00000000     0.00000000     0.00000000

 Orbital energies:

           1.1          2.1          3.1          4.1          5.1          6.1
    -15.519072    -1.137910    -0.637330    -0.415755     0.154725     0.288203

           1.2          2.2          3.2
     -0.624628     0.229068     0.483940

           1.3          2.3          3.3          4.3          5.3          6.3
    -15.519075    -1.131732    -0.608561    -0.417742     0.184593     0.265933

           1.4          2.4          3.4
     -0.622721     0.239140     0.571671


 HOMO      4.1    -0.415755 =     -11.3133eV
 LUMO      5.1     0.154725 =       4.2103eV
 LUMO-HOMO         0.570480 =      15.5236eV

 Orbitals saved in record  2100.2


 **********************************************************************************************************************************
 DATASETS  * FILE   NREC   LENGTH (MB)   RECORD NAMES
              1      19       33.02       500      610      700      900      950      970     1000      129      960     1100   
                                          VAR    BASINP    GEOM    SYMINP    ZMAT    AOBASIS   BASIS     P2S    ABASIS      S 
                                         1400     1410     1200     1210     1080     1600     1650     1300     1700   
                                           T        V       H0       H01     AOSYM     SMH    MOLCAS    ERIS     OPER   

              2       4        0.52       700     1000      520     2100   
                                         GEOM     BASIS   MCVARS     RHF  

 PROGRAMS   *        TOTAL    HF-SCF    HF-SCF       INT
 CPU TIMES  *         2.05      0.25      0.05      0.28
 REAL TIME  *         2.29 SEC
 DISK USED  *        48.03 MB
 **********************************************************************************************************************************

 PROGRESS OF GEOMETRY OPTIMIZATION.    TOTAL CPU:         1.6 SEC
   1  -112.42497492  -112.42575261    -0.00077770  0.01388640  0.02334315  0.00952980  0.07827223  0.08498976  0.03469692
   2  -112.42575261  -112.42585938    -0.00010677  0.00208353  0.00346921  0.00141630  0.05277861  0.06570885  0.02682553
   3  -112.42585938  -112.42588816    -0.00002878  0.00159109  0.00178065  0.00072695  0.03242409  0.04288532  0.01750786

 **********************************************************************************************************************************

 Current geometry (xyz format, in Angstrom)

    8
 HF-SCF000/6-311G(D,P)  ENERGY=-112.42588816
 N          0.0271838618       -1.6246221171        0.0000000000
 H         -0.1290172687       -2.1953823495       -0.8069636871
 H         -0.1290172687       -2.1953823495        0.8069636871
 H         -0.6616326907       -0.8971508401        0.0000000000
 N         -0.0271838618        1.6246221171        0.0000000000
 H          0.1290172687        2.1953823495       -0.8069636871
 H          0.6616326907        0.8971508401        0.0000000000
 H          0.1290172687        2.1953823495        0.8069636871

 **********************************************************************************************************************************

 PROGRAM * ALASKA (Gradient of the energy)     Author: R. Lindh

 Orbitals from record         2100.2

 Number of closed-shell orbitals: 10 (  4  1  4  1 )
 Number of occupied orbitals:     10 (  4  1  4  1 )

 Number of electrons= 20     Singlet     Space symmetry=1      Wavefunction type: CLOSED          


 SCF GRADIENT FOR STATE 1.1

 Atom          dE/dx               dE/dy               dE/dz

   1        -0.000370251        -0.000076709         0.000000000
   2         0.000370251         0.000076709         0.000000000
   3         0.000184536         0.000152396         0.000141248
   4         0.000184536         0.000152396        -0.000141248
   5        -0.000184536        -0.000152396         0.000141248
   6        -0.000184536        -0.000152396        -0.000141248
   7        -0.000118383         0.000092367         0.000000000
   8         0.000118383        -0.000092367         0.000000000

 Nuclear force contribution to virial =        -0.003154700

 PQS Optimization using delocalized internal coordinates
 Reading points 1 to 4 from record 700.2,  wavefunction type=HF-SCF000       

** REGENERATION OF INTERNAL COORDINATES **

 Generating primitive internal coordinates

 Cartesian Hessian Update
 Hessian Updated using BFGS Update


** GEOMETRY OPTIMIZATION IN DELOCALIZED INTERNAL COORDINATES **
   Searching for a Minimum

                       Coordinates (Angstroms)
     ATOM              X           Y           Z
    1  n           0.027184   -1.624622    0.000000
    2  h          -0.129017   -2.195382   -0.806964
    3  h          -0.129017   -2.195382    0.806964
    4  h          -0.661633   -0.897151    0.000000
    5  n          -0.027184    1.624622    0.000000
    6  h           0.129017    2.195382   -0.806964
    7  h           0.661633    0.897151    0.000000
    8  h           0.129017    2.195382    0.806964
   Point Group: C2H   Number of degrees of freedom:   6


   Energy is   -112.425888158


 Generating delocalized internal coordinates

 Transformed gradient to internal coordinates by solving linear equations directly
 calling UTPrim, igen= 1
 calling updhes1, igen= 1  change=F  nprim=   20  ihess= 1  iupdat= 4
 Hessian Updated using BFGS Update

 Optimization cycle:  3  IOptC=-1  IGen= 1  NPrim=  20  NDEG=   6
 calling ConINT
 calling optint

  6 Hessian modes will be used to form the next step
  Hessian Eigenvalues:
     0.010172    0.090286    0.108763    0.165021    0.453403    0.503282

 Minimum Search - Taking Simple RFO Step

 Solving AH equations explicitly.

 eigenvalues of AH matrix
     1-   7   -0.000022    0.010185    0.090286    0.108770    0.165022    0.453403    0.503282

 Taking root 1 of AH matrix
 Value Taken    Lambda =  -0.00002170

 D
     1-   6    0.025101   -0.001218    0.001084    0.024363    0.006133    0.009055
 Step Taken.  Stepsize is  0.036686

                             Maximum     Tolerance    Cnvgd?
         Gradient           0.001591      0.000300      NO
         Displacement       0.032424      0.000300      NO
         Energy change     -0.000029      0.000001      NO


 ** Cycle    4  Energy   -112.425888158   RMSG  0.00047   RMSD  0.01498 **
 calling GetCART

 Computing New Cartesian Coordinates by Inverse Iteration. Initial steplength=  0.036686, threshold=  5.0D-09, MAXIT=40,  MAXREP=10
 it=   1, steplength=  0.1498D-01, stepmax=  0.2510D-01
 it=   2, steplength=  0.6972D-04, stepmax=  0.1080D-03
 it=   3, steplength=  0.1410D-08, stepmax=  0.2865D-08
 Full backtransformation converged in  3 cycles. Step lengths:  0.036686 (internal),  0.074475 (cartesian)

                       Coordinates (Angstroms)
     ATOM              X           Y           Z
    1  n           0.027316   -1.639087    0.000000
    2  h          -0.132127   -2.209311   -0.806982
    3  h          -0.132127   -2.209311    0.806982
    4  h          -0.659399   -0.909599    0.000000
    5  n          -0.027316    1.639087    0.000000
    6  h           0.132127    2.209311   -0.806982
    7  h           0.659399    0.909599    0.000000
    8  h           0.132127    2.209311    0.806982

 Displacement from previous Coordinates is:  0.074475

 Geometry written to block  5 of record 700


 Recomputing integrals since geometry changed


 PROGRAM * SEWARD (Integral evaluation for generally contracted gaussian basis sets)     Author: Roland Lindh, 1990

 Geometry written to block  5 of record 700


 Point group  C2h 



 ATOMIC COORDINATES

 NR  ATOM    CHARGE       X              Y              Z

   1  N       7.00    0.051619271   -3.097425789    0.000000000
   2  N       7.00   -0.051619271    3.097425789    0.000000000
   3  H       1.00   -0.249684703   -4.174993273   -1.524974692
   4  H       1.00   -0.249684703   -4.174993273    1.524974692
   5  H       1.00    0.249684703    4.174993273   -1.524974692
   6  H       1.00    0.249684703    4.174993273    1.524974692
   7  H       1.00   -1.246082829   -1.718893276    0.000000000
   8  H       1.00    1.246082829    1.718893276    0.000000000

 Bond lengths in Bohr (Angstrom)

 1-3  1.891423690  1-4  1.891423690  1-7  1.893246585  2-5  1.891423690  2-6  1.891423690
     ( 1.000898313)     ( 1.000898313)     ( 1.001862947)     ( 1.000898313)     ( 1.000898313)

 2-8  1.893246585
     ( 1.001862947)

 Bond angles

  3-1-4  107.46376431   3-1-7  107.79638840   4-1-7  107.79638840   5-2-6  107.46376431

  5-2-8  107.79638840   6-2-8  107.79638840

 NUCLEAR CHARGE:                   20
 NUMBER OF PRIMITIVE AOS:         112
 NUMBER OF SYMMETRY AOS:          110
 NUMBER OF CONTRACTIONS:           72   (   24Ag  +   12Au  +   24Bu  +   12Bg  )
 NUMBER OF INNER CORE ORBITALS:     0   (    0Ag  +    0Au  +    0Bu  +    0Bg  )
 NUMBER OF OUTER CORE ORBITALS:     2   (    1Ag  +    0Au  +    1Bu  +    0Bg  )
 NUMBER OF VALENCE ORBITALS:       14   (    5Ag  +    2Au  +    5Bu  +    2Bg  )


 NUCLEAR REPULSION ENERGY   39.99637425

 Eigenvalues of metric

         1 0.109E-01 0.325E-01 0.568E-01 0.801E-01 0.102E+00 0.113E+00 0.152E+00 0.260E+00
         2 0.348E-01 0.753E-01 0.109E+00 0.401E+00 0.406E+00 0.552E+00 0.779E+00 0.865E+00
         3 0.115E-01 0.307E-01 0.636E-01 0.792E-01 0.938E-01 0.111E+00 0.151E+00 0.227E+00
         4 0.317E-01 0.731E-01 0.102E+00 0.395E+00 0.404E+00 0.548E+00 0.778E+00 0.864E+00


 Contracted 2-electron integrals neglected if value below      1.0D-11
 AO integral compression algorithm  1   Integral accuracy      1.0D-11

     6.554 MB (compressed) written to integral file ( 61.3%)


 NUMBER OF SORTED TWO-ELECTRON INTEGRALS:     914346.     BUFFER LENGTH:  32768
 NUMBER OF SEGMENTS:   1  SEGMENT LENGTH:     914346      RECORD LENGTH: 524288

 Memory used in sort:       1.47 MW

 SORT1 READ     1350512. AND WROTE      914346. INTEGRALS IN      3 RECORDS. CPU TIME:     0.03 SEC, REAL TIME:     0.03 SEC
 SORT2 READ      914346. AND WROTE      914346. INTEGRALS IN     25 RECORDS. CPU TIME:     0.04 SEC, REAL TIME:     0.06 SEC

 FILE SIZES:   FILE 1:    36.8 MBYTE,  FILE 4:    13.0 MBYTE,   TOTAL:     49.7 MBYTE

 OPERATOR DM      FOR CENTER  0  COORDINATES:    0.000000    0.000000    0.000000

 Program * Restricted Hartree-Fock

 Molecular orbitals read from record     2100.2  Type=RHF/CANONICAL  

 NELEC=   20   SYM=1   MS2= 0   THRE=1.0D-08   THRD=1.0D-07   THRG=1.0D-07  HFMA2=F  DIIS_START=2   DIIS_MAX=10   DIIS_INCORE=F

 Level shifts:    0.00 (CLOSED)    0.00 (OPEN)    0.30 (GAP_MIN)

 ITER           ETOT              DE          GRAD        DDIFF     DIIS  NEXP   TIME(IT)  TIME(TOT)  DIAG
   1     -112.42589219    -112.42589219     0.00D+00     0.86D-01     0     0       0.00      0.00    start
   2     -112.42590065      -0.00000846     0.20D-03     0.12D-03     1     0       0.00      0.00    diag
   3     -112.42590147      -0.00000082     0.47D-04     0.55D-04     2     0       0.01      0.01    diag
   4     -112.42590154      -0.00000008     0.16D-04     0.15D-04     3     0       0.00      0.01    diag
   5     -112.42590156      -0.00000002     0.59D-05     0.10D-04     4     0       0.00      0.01    diag
   6     -112.42590156      -0.00000000     0.80D-06     0.14D-05     5     0       0.00      0.01    diag
   7     -112.42590156      -0.00000000     0.23D-06     0.43D-06     6     0       0.01      0.02    diag
   8     -112.42590156      -0.00000000     0.49D-07     0.82D-07     7     0       0.00      0.02    fixocc
   9     -112.42590156      -0.00000000     0.72D-08     0.68D-08     0     0       0.00      0.02    diag

 Final occupancy:   4   1   4   1

 !RHF STATE 1.1 Energy               -112.425901559431
  RHF One-electron energy            -231.572213858972
  RHF Two-electron energy              79.149938047850
  RHF Kinetic energy                  112.481009562882
  RHF Nuclear energy                   39.996374251690
  RHF Virial quotient                  -0.999510068378

 !RHF STATE 1.1 Dipole moment           0.00000000     0.00000000     0.00000000
 Dipole moment /Debye                   0.00000000     0.00000000     0.00000000

 Orbital energies:

           1.1          2.1          3.1          4.1          5.1          6.1
    -15.519396    -1.137896    -0.636742    -0.416066     0.154436     0.287141

           1.2          2.2          3.2
     -0.624598     0.229091     0.485449

           1.3          2.3          3.3          4.3          5.3          6.3
    -15.519399    -1.132096    -0.609103    -0.418064     0.184177     0.265645

           1.4          2.4          3.4
     -0.622808     0.238915     0.569486


 HOMO      4.1    -0.416066 =     -11.3217eV
 LUMO      5.1     0.154436 =       4.2024eV
 LUMO-HOMO         0.570502 =      15.5242eV

 Orbitals saved in record  2100.2


 **********************************************************************************************************************************
 DATASETS  * FILE   NREC   LENGTH (MB)   RECORD NAMES
              1      19       33.03       500      610      700      900      950      970     1000      129      960     1100   
                                          VAR    BASINP    GEOM    SYMINP    ZMAT    AOBASIS   BASIS     P2S    ABASIS      S 
                                         1400     1410     1200     1210     1080     1600     1650     1300     1700   
                                           T        V       H0       H01     AOSYM     SMH    MOLCAS    ERIS     OPER   

              2       4        0.52       700     1000      520     2100   
                                         GEOM     BASIS   MCVARS     RHF  

 PROGRAMS   *        TOTAL    HF-SCF    HF-SCF       INT
 CPU TIMES  *         2.59      0.27      0.05      0.28
 REAL TIME  *         2.88 SEC
 DISK USED  *        48.03 MB
 **********************************************************************************************************************************

 PROGRESS OF GEOMETRY OPTIMIZATION.    TOTAL CPU:         2.2 SEC
   1  -112.42497492  -112.42575261    -0.00077770  0.01388640  0.02334315  0.00952980  0.07827223  0.08498976  0.03469692
   2  -112.42575261  -112.42585938    -0.00010677  0.00208353  0.00346921  0.00141630  0.05277861  0.06570885  0.02682553
   3  -112.42585938  -112.42588816    -0.00002878  0.00159109  0.00178065  0.00072695  0.03242409  0.04288532  0.01750786
   4  -112.42588816  -112.42590156    -0.00001340  0.00093260  0.00114779  0.00046858  0.02510088  0.03668621  0.01497708

 **********************************************************************************************************************************

 Current geometry (xyz format, in Angstrom)

    8
 HF-SCF000/6-311G(D,P)  ENERGY=-112.42590156
 N          0.0273157420       -1.6390871402        0.0000000000
 H         -0.1321274545       -2.2093112955       -0.8069818540
 H         -0.1321274545       -2.2093112955        0.8069818540
 H         -0.6593986361       -0.9095991499        0.0000000000
 N         -0.0273157420        1.6390871402        0.0000000000
 H          0.1321274545        2.2093112955       -0.8069818540
 H          0.6593986361        0.9095991499        0.0000000000
 H          0.1321274545        2.2093112955        0.8069818540

 **********************************************************************************************************************************

 PROGRAM * ALASKA (Gradient of the energy)     Author: R. Lindh

 Orbitals from record         2100.2

 Number of closed-shell orbitals: 10 (  4  1  4  1 )
 Number of occupied orbitals:     10 (  4  1  4  1 )

 Number of electrons= 20     Singlet     Space symmetry=1      Wavefunction type: CLOSED          


 SCF GRADIENT FOR STATE 1.1

 Atom          dE/dx               dE/dy               dE/dz

   1        -0.000192120        -0.000049388         0.000000000
   2         0.000192120         0.000049388         0.000000000
   3         0.000095819         0.000049418         0.000010411
   4         0.000095819         0.000049418        -0.000010411
   5        -0.000095819        -0.000049418         0.000010411
   6        -0.000095819        -0.000049418        -0.000010411
   7        -0.000109974        -0.000009021         0.000000000
   8         0.000109974         0.000009021         0.000000000

 Nuclear force contribution to virial =        -0.000393287

 PQS Optimization using delocalized internal coordinates
 Reading points 1 to 5 from record 700.2,  wavefunction type=HF-SCF000       

** REGENERATION OF INTERNAL COORDINATES **

 Generating primitive internal coordinates

 Cartesian Hessian Update
 Hessian Updated using BFGS Update


** GEOMETRY OPTIMIZATION IN DELOCALIZED INTERNAL COORDINATES **
   Searching for a Minimum

                       Coordinates (Angstroms)
     ATOM              X           Y           Z
    1  n           0.027316   -1.639087    0.000000
    2  h          -0.132127   -2.209311   -0.806982
    3  h          -0.132127   -2.209311    0.806982
    4  h          -0.659399   -0.909599    0.000000
    5  n          -0.027316    1.639087    0.000000
    6  h           0.132127    2.209311   -0.806982
    7  h           0.659399    0.909599    0.000000
    8  h           0.132127    2.209311    0.806982
   Point Group: C2H   Number of degrees of freedom:   6


   Energy is   -112.425901559


 Generating delocalized internal coordinates

 Transformed gradient to internal coordinates by solving linear equations directly
 calling UTPrim, igen= 1
 calling updhes1, igen= 1  change=F  nprim=   20  ihess= 1  iupdat= 4
 Hessian Updated using BFGS Update

 Optimization cycle:  4  IOptC=-1  IGen= 1  NPrim=  20  NDEG=   6
 calling ConINT
 calling optint

  6 Hessian modes will be used to form the next step
  Hessian Eigenvalues:
     0.010053    0.083937    0.091341    0.161513    0.453380    0.502012

 Minimum Search - Taking Simple RFO Step

 Solving AH equations explicitly.

 eigenvalues of AH matrix
     1-   7   -0.000003    0.010054    0.083939    0.091342    0.161513    0.453380    0.502012

 Taking root 1 of AH matrix
 Value Taken    Lambda =  -0.00000303

 D
     1-   6    0.007572   -0.003051   -0.000703    0.003506    0.000691    0.002451
 Step Taken.  Stepsize is  0.009269

                             Maximum     Tolerance    Cnvgd?
         Gradient           0.000933      0.000300      NO
         Displacement       0.025101      0.000300      NO
         Energy change     -0.000013      0.000001      NO


 ** Cycle    5  Energy   -112.425901559   RMSG  0.00020   RMSD  0.00378 **
 calling GetCART

 Computing New Cartesian Coordinates by Inverse Iteration. Initial steplength=  0.009269, threshold=  5.0D-09, MAXIT=40,  MAXREP=10
 it=   1, steplength=  0.3784D-02, stepmax=  0.7572D-02
 it=   2, steplength=  0.1018D-04, stepmax=  0.1885D-04
 it=   3, steplength=  0.1811D-10, stepmax=  0.2611D-10
 Full backtransformation converged in  3 cycles. Step lengths:  0.009269 (internal),  0.022266 (cartesian)

                       Coordinates (Angstroms)
     ATOM              X           Y           Z
    1  n           0.028216   -1.643305    0.000000
    2  h          -0.133542   -2.213353   -0.806788
    3  h          -0.133542   -2.213353    0.806788
    4  h          -0.657569   -0.912873    0.000000
    5  n          -0.028216    1.643305    0.000000
    6  h           0.133542    2.213353   -0.806788
    7  h           0.657569    0.912873    0.000000
    8  h           0.133542    2.213353    0.806788

 Displacement from previous Coordinates is:  0.022266

 Geometry written to block  6 of record 700


 Recomputing integrals since geometry changed


 PROGRAM * SEWARD (Integral evaluation for generally contracted gaussian basis sets)     Author: Roland Lindh, 1990

 Geometry written to block  6 of record 700


 Point group  C2h 



 ATOMIC COORDINATES

 NR  ATOM    CHARGE       X              Y              Z

   1  N       7.00    0.053320355   -3.105397048    0.000000000
   2  N       7.00   -0.053320355    3.105397048    0.000000000
   3  H       1.00   -0.252358292   -4.182630411   -1.524608724
   4  H       1.00   -0.252358292   -4.182630411    1.524608724
   5  H       1.00    0.252358292    4.182630411   -1.524608724
   6  H       1.00    0.252358292    4.182630411    1.524608724
   7  H       1.00   -1.242624929   -1.725080180    0.000000000
   8  H       1.00    1.242624929    1.725080180    0.000000000

 Bond lengths in Bohr (Angstrom)

 1-3  1.891640271  1-4  1.891640271  1-7  1.893343296  2-5  1.891640271  2-6  1.891640271
     ( 1.001012923)     ( 1.001012923)     ( 1.001914125)     ( 1.001012923)     ( 1.001012923)

 2-8  1.893343296
     ( 1.001914125)

 Bond angles

  3-1-4  107.40842486   3-1-7  107.73155169   4-1-7  107.73155169   5-2-6  107.40842486

  5-2-8  107.73155169   6-2-8  107.73155169

 NUCLEAR CHARGE:                   20
 NUMBER OF PRIMITIVE AOS:         112
 NUMBER OF SYMMETRY AOS:          110
 NUMBER OF CONTRACTIONS:           72   (   24Ag  +   12Au  +   24Bu  +   12Bg  )
 NUMBER OF INNER CORE ORBITALS:     0   (    0Ag  +    0Au  +    0Bu  +    0Bg  )
 NUMBER OF OUTER CORE ORBITALS:     2   (    1Ag  +    0Au  +    1Bu  +    0Bg  )
 NUMBER OF VALENCE ORBITALS:       14   (    5Ag  +    2Au  +    5Bu  +    2Bg  )


 NUCLEAR REPULSION ENERGY   39.95730136

 Eigenvalues of metric

         1 0.108E-01 0.326E-01 0.568E-01 0.801E-01 0.103E+00 0.113E+00 0.152E+00 0.260E+00
         2 0.348E-01 0.753E-01 0.109E+00 0.401E+00 0.406E+00 0.552E+00 0.779E+00 0.864E+00
         3 0.114E-01 0.307E-01 0.636E-01 0.792E-01 0.939E-01 0.111E+00 0.151E+00 0.228E+00
         4 0.317E-01 0.731E-01 0.102E+00 0.395E+00 0.404E+00 0.549E+00 0.779E+00 0.864E+00


 Contracted 2-electron integrals neglected if value below      1.0D-11
 AO integral compression algorithm  1   Integral accuracy      1.0D-11

     6.554 MB (compressed) written to integral file ( 61.3%)


 NUMBER OF SORTED TWO-ELECTRON INTEGRALS:     914346.     BUFFER LENGTH:  32768
 NUMBER OF SEGMENTS:   1  SEGMENT LENGTH:     914346      RECORD LENGTH: 524288

 Memory used in sort:       1.47 MW

 SORT1 READ     1350512. AND WROTE      914346. INTEGRALS IN      3 RECORDS. CPU TIME:     0.02 SEC, REAL TIME:     0.02 SEC
 SORT2 READ      914346. AND WROTE      914346. INTEGRALS IN     25 RECORDS. CPU TIME:     0.05 SEC, REAL TIME:     0.05 SEC

 FILE SIZES:   FILE 1:    36.8 MBYTE,  FILE 4:    13.0 MBYTE,   TOTAL:     49.7 MBYTE

 OPERATOR DM      FOR CENTER  0  COORDINATES:    0.000000    0.000000    0.000000

 Program * Restricted Hartree-Fock

 Molecular orbitals read from record     2100.2  Type=RHF/CANONICAL  

 NELEC=   20   SYM=1   MS2= 0   THRE=1.0D-08   THRD=1.0D-07   THRG=1.0D-07  HFMA2=F  DIIS_START=2   DIIS_MAX=10   DIIS_INCORE=F

 Level shifts:    0.00 (CLOSED)    0.00 (OPEN)    0.30 (GAP_MIN)

 ITER           ETOT              DE          GRAD        DDIFF     DIIS  NEXP   TIME(IT)  TIME(TOT)  DIAG
   1     -112.42590051    -112.42590051     0.00D+00     0.86D-01     0     0       0.00      0.00    start
   2     -112.42590318      -0.00000267     0.11D-03     0.61D-04     1     0       0.01      0.01    diag
   3     -112.42590344      -0.00000026     0.28D-04     0.30D-04     2     0       0.00      0.01    diag
   4     -112.42590346      -0.00000002     0.89D-05     0.82D-05     3     0       0.00      0.01    diag
   5     -112.42590347      -0.00000000     0.33D-05     0.57D-05     4     0       0.01      0.02    diag
   6     -112.42590347      -0.00000000     0.45D-06     0.90D-06     5     0       0.00      0.02    diag
   7     -112.42590347      -0.00000000     0.11D-06     0.22D-06     6     0       0.00      0.02    diag
   8     -112.42590347      -0.00000000     0.25D-07     0.43D-07     7     0       0.01      0.03    fixocc
   9     -112.42590347       0.00000000     0.40D-08     0.50D-08     0     0       0.00      0.03    diag

 Final occupancy:   4   1   4   1

 !RHF STATE 1.1 Energy               -112.425903465819
  RHF One-electron energy            -231.492251866847
  RHF Two-electron energy              79.109047040986
  RHF Kinetic energy                  112.480352123573
  RHF Nuclear energy                   39.957301360042
  RHF Virial quotient                  -0.999515927389

 !RHF STATE 1.1 Dipole moment           0.00000000     0.00000000     0.00000000
 Dipole moment /Debye                   0.00000000     0.00000000     0.00000000

 Orbital energies:

           1.1          2.1          3.1          4.1          5.1          6.1
    -15.519569    -1.137985    -0.636580    -0.416283     0.154314     0.286856

           1.2          2.2          3.2
     -0.624526     0.229088     0.485810

           1.3          2.3          3.3          4.3          5.3          6.3
    -15.519572    -1.132282    -0.609165    -0.418349     0.184024     0.265606

           1.4          2.4          3.4
     -0.622768     0.238834     0.568727


 HOMO      4.1    -0.416283 =     -11.3276eV
 LUMO      5.1     0.154314 =       4.1991eV
 LUMO-HOMO         0.570597 =      15.5267eV

 Orbitals saved in record  2100.2


 **********************************************************************************************************************************
 DATASETS  * FILE   NREC   LENGTH (MB)   RECORD NAMES
              1      19       33.03       500      610      700      900      950      970     1000      129      960     1100   
                                          VAR    BASINP    GEOM    SYMINP    ZMAT    AOBASIS   BASIS     P2S    ABASIS      S 
                                         1400     1410     1200     1210     1080     1600     1650     1300     1700   
                                           T        V       H0       H01     AOSYM     SMH    MOLCAS    ERIS     OPER   

              2       4        0.52       700     1000      520     2100   
                                         GEOM     BASIS   MCVARS     RHF  

 PROGRAMS   *        TOTAL    HF-SCF    HF-SCF       INT
 CPU TIMES  *         3.13      0.26      0.05      0.28
 REAL TIME  *         3.46 SEC
 DISK USED  *        48.03 MB
 **********************************************************************************************************************************

 PROGRESS OF GEOMETRY OPTIMIZATION.    TOTAL CPU:         2.7 SEC
   1  -112.42497492  -112.42575261    -0.00077770  0.01388640  0.02334315  0.00952980  0.07827223  0.08498976  0.03469692
   2  -112.42575261  -112.42585938    -0.00010677  0.00208353  0.00346921  0.00141630  0.05277861  0.06570885  0.02682553
   3  -112.42585938  -112.42588816    -0.00002878  0.00159109  0.00178065  0.00072695  0.03242409  0.04288532  0.01750786
   4  -112.42588816  -112.42590156    -0.00001340  0.00093260  0.00114779  0.00046858  0.02510088  0.03668621  0.01497708
   5  -112.42590156  -112.42590347    -0.00000191  0.00031884  0.00047844  0.00019532  0.00757232  0.00926931  0.00378418

 **********************************************************************************************************************************

 Current geometry (xyz format, in Angstrom)

    8
 HF-SCF000/6-311G(D,P)  ENERGY=-112.42590347
 N          0.0282159166       -1.6433053489        0.0000000000
 H         -0.1335422571       -2.2133526953       -0.8067881925
 H         -0.1335422571       -2.2133526953        0.8067881925
 H         -0.6575687943       -0.9128731185        0.0000000000
 N         -0.0282159166        1.6433053489        0.0000000000
 H          0.1335422571        2.2133526953       -0.8067881925
 H          0.6575687943        0.9128731185        0.0000000000
 H          0.1335422571        2.2133526953        0.8067881925

 **********************************************************************************************************************************

 PROGRAM * ALASKA (Gradient of the energy)     Author: R. Lindh

 Orbitals from record         2100.2

 Number of closed-shell orbitals: 10 (  4  1  4  1 )
 Number of occupied orbitals:     10 (  4  1  4  1 )

 Number of electrons= 20     Singlet     Space symmetry=1      Wavefunction type: CLOSED          


 SCF GRADIENT FOR STATE 1.1

 Atom          dE/dx               dE/dy               dE/dz

   1         0.000011040         0.000025587         0.000000000
   2        -0.000011040        -0.000025587         0.000000000
   3         0.000014383         0.000002277        -0.000007949
   4         0.000014383         0.000002277         0.000007949
   5        -0.000014383        -0.000002277        -0.000007949
   6        -0.000014383        -0.000002277         0.000007949
   7        -0.000132861        -0.000059854         0.000000000
   8         0.000132861         0.000059854         0.000000000

 Nuclear force contribution to virial =         0.000374821

 PQS Optimization using delocalized internal coordinates
 Reading points 1 to 6 from record 700.2,  wavefunction type=HF-SCF000       

** REGENERATION OF INTERNAL COORDINATES **

 Generating primitive internal coordinates

 Cartesian Hessian Update
 Hessian Updated using BFGS Update


** GEOMETRY OPTIMIZATION IN DELOCALIZED INTERNAL COORDINATES **
   Searching for a Minimum

                       Coordinates (Angstroms)
     ATOM              X           Y           Z
    1  n           0.028216   -1.643305    0.000000
    2  h          -0.133542   -2.213353   -0.806788
    3  h          -0.133542   -2.213353    0.806788
    4  h          -0.657569   -0.912873    0.000000
    5  n          -0.028216    1.643305    0.000000
    6  h           0.133542    2.213353   -0.806788
    7  h           0.657569    0.912873    0.000000
    8  h           0.133542    2.213353    0.806788
   Point Group: C2H   Number of degrees of freedom:   6


   Energy is   -112.425903466


 Generating delocalized internal coordinates

 Transformed gradient to internal coordinates by solving linear equations directly
 calling UTPrim, igen= 1
 calling updhes1, igen= 1  change=F  nprim=   20  ihess= 1  iupdat= 4
 Hessian Updated using BFGS Update

 Optimization cycle:  5  IOptC=-1  IGen= 1  NPrim=  20  NDEG=   6
 calling ConINT
 calling optint

  6 Hessian modes will be used to form the next step
  Hessian Eigenvalues:
     0.012217    0.047633    0.096950    0.162865    0.453387    0.504090

 Minimum Search - Taking Simple RFO Step

 Solving AH equations explicitly.

 eigenvalues of AH matrix
     1-   7   -0.000001    0.012217    0.047634    0.096950    0.162865    0.453387    0.504090

 Taking root 1 of AH matrix
 Value Taken    Lambda =  -0.00000083

 D
     1-   6    0.001721   -0.002573   -0.000525   -0.002419   -0.001319   -0.001207
 Step Taken.  Stepsize is  0.004348

                             Maximum     Tolerance    Cnvgd?
         Gradient           0.000319      0.000300      NO
         Displacement       0.007572      0.000300      NO
         Energy change     -0.000002      0.000001      NO


 ** Cycle    6  Energy   -112.425903466   RMSG  0.00008   RMSD  0.00178 **
 calling GetCART

 Computing New Cartesian Coordinates by Inverse Iteration. Initial steplength=  0.004348, threshold=  5.0D-09, MAXIT=40,  MAXREP=10
 it=   1, steplength=  0.1775D-02, stepmax=  0.2573D-02
 it=   2, steplength=  0.2301D-05, stepmax=  0.3736D-05
 it=   3, steplength=  0.1301D-11, stepmax=  0.2971D-11
 Full backtransformation converged in  3 cycles. Step lengths:  0.004348 (internal),  0.006262 (cartesian)

                       Coordinates (Angstroms)
     ATOM              X           Y           Z
    1  n           0.028864   -1.644266    0.000000
    2  h          -0.134151   -2.214150   -0.806701
    3  h          -0.134151   -2.214150    0.806701
    4  h          -0.656125   -0.913063    0.000000
    5  n          -0.028864    1.644266    0.000000
    6  h           0.134151    2.214150   -0.806701
    7  h           0.656125    0.913063    0.000000
    8  h           0.134151    2.214150    0.806701

 Displacement from previous Coordinates is:  0.006262

 Geometry written to block  7 of record 700


 Recomputing integrals since geometry changed


 PROGRAM * SEWARD (Integral evaluation for generally contracted gaussian basis sets)     Author: Roland Lindh, 1990

 Geometry written to block  7 of record 700


 Point group  C2h 



 ATOMIC COORDINATES

 NR  ATOM    CHARGE       X              Y              Z

   1  N       7.00    0.054545456   -3.107212490    0.000000000
   2  N       7.00   -0.054545456    3.107212490    0.000000000
   3  H       1.00   -0.253508337   -4.184136398   -1.524444158
   4  H       1.00   -0.253508337   -4.184136398    1.524444158
   5  H       1.00    0.253508337    4.184136398   -1.524444158
   6  H       1.00    0.253508337    4.184136398    1.524444158
   7  H       1.00   -1.239896090   -1.725438487    0.000000000
   8  H       1.00    1.239896090    1.725438487    0.000000000

 Bond lengths in Bohr (Angstrom)

 1-3  1.891716742  1-4  1.891716742  1-7  1.893377488  2-5  1.891716742  2-6  1.891716742
     ( 1.001053389)     ( 1.001053389)     ( 1.001932218)     ( 1.001053389)     ( 1.001053389)

 2-8  1.893377488
     ( 1.001932218)

 Bond angles

  3-1-4  107.38528071   3-1-7  107.70574803   4-1-7  107.70574803   5-2-6  107.38528071

  5-2-8  107.70574803   6-2-8  107.70574803

 NUCLEAR CHARGE:                   20
 NUMBER OF PRIMITIVE AOS:         112
 NUMBER OF SYMMETRY AOS:          110
 NUMBER OF CONTRACTIONS:           72   (   24Ag  +   12Au  +   24Bu  +   12Bg  )
 NUMBER OF INNER CORE ORBITALS:     0   (    0Ag  +    0Au  +    0Bu  +    0Bg  )
 NUMBER OF OUTER CORE ORBITALS:     2   (    1Ag  +    0Au  +    1Bu  +    0Bg  )
 NUMBER OF VALENCE ORBITALS:       14   (    5Ag  +    2Au  +    5Bu  +    2Bg  )


 NUCLEAR REPULSION ENERGY   39.94972162

 Eigenvalues of metric

         1 0.108E-01 0.326E-01 0.568E-01 0.801E-01 0.103E+00 0.113E+00 0.152E+00 0.260E+00
         2 0.348E-01 0.753E-01 0.109E+00 0.401E+00 0.406E+00 0.552E+00 0.780E+00 0.864E+00
         3 0.114E-01 0.307E-01 0.635E-01 0.793E-01 0.940E-01 0.111E+00 0.151E+00 0.228E+00
         4 0.318E-01 0.732E-01 0.102E+00 0.395E+00 0.404E+00 0.549E+00 0.779E+00 0.864E+00


 Contracted 2-electron integrals neglected if value below      1.0D-11
 AO integral compression algorithm  1   Integral accuracy      1.0D-11

     6.554 MB (compressed) written to integral file ( 61.3%)


 NUMBER OF SORTED TWO-ELECTRON INTEGRALS:     914346.     BUFFER LENGTH:  32768
 NUMBER OF SEGMENTS:   1  SEGMENT LENGTH:     914346      RECORD LENGTH: 524288

 Memory used in sort:       1.47 MW

 SORT1 READ     1350512. AND WROTE      914346. INTEGRALS IN      3 RECORDS. CPU TIME:     0.01 SEC, REAL TIME:     0.03 SEC
 SORT2 READ      914346. AND WROTE      914346. INTEGRALS IN     25 RECORDS. CPU TIME:     0.06 SEC, REAL TIME:     0.05 SEC

 FILE SIZES:   FILE 1:    36.8 MBYTE,  FILE 4:    13.0 MBYTE,   TOTAL:     49.7 MBYTE

 OPERATOR DM      FOR CENTER  0  COORDINATES:    0.000000    0.000000    0.000000

 Program * Restricted Hartree-Fock

 Molecular orbitals read from record     2100.2  Type=RHF/CANONICAL  

 NELEC=   20   SYM=1   MS2= 0   THRE=1.0D-08   THRD=1.0D-07   THRG=1.0D-07  HFMA2=F  DIIS_START=2   DIIS_MAX=10   DIIS_INCORE=F

 Level shifts:    0.00 (CLOSED)    0.00 (OPEN)    0.30 (GAP_MIN)

 ITER           ETOT              DE          GRAD        DDIFF     DIIS  NEXP   TIME(IT)  TIME(TOT)  DIAG
   1     -112.42590310    -112.42590310     0.00D+00     0.86D-01     0     0       0.00      0.00    start
   2     -112.42590402      -0.00000092     0.67D-04     0.36D-04     1     0       0.00      0.00    diag
   3     -112.42590411      -0.00000009     0.16D-04     0.17D-04     2     0       0.00      0.00    diag
   4     -112.42590411      -0.00000001     0.42D-05     0.51D-05     3     0       0.01      0.01    diag
   5     -112.42590412      -0.00000000     0.18D-05     0.25D-05     4     0       0.00      0.01    diag
   6     -112.42590412      -0.00000000     0.27D-06     0.58D-06     5     0       0.00      0.01    diag
   7     -112.42590412      -0.00000000     0.53D-07     0.11D-06     6     0       0.01      0.02    diag
   8     -112.42590412       0.00000000     0.99D-08     0.17D-07     7     0       0.00      0.02    fixocc
   9     -112.42590412       0.00000000     0.19D-08     0.26D-08     0     0       0.00      0.02    diag

 Final occupancy:   4   1   4   1

 !RHF STATE 1.1 Energy               -112.425904115810
  RHF One-electron energy            -231.476092425039
  RHF Two-electron energy              79.100466691551
  RHF Kinetic energy                  112.480201688064
  RHF Nuclear energy                   39.949721617678
  RHF Virial quotient                  -0.999517269960

 !RHF STATE 1.1 Dipole moment           0.00000000     0.00000000     0.00000000
 Dipole moment /Debye                   0.00000000     0.00000000     0.00000000

 Orbital energies:

           1.1          2.1          3.1          4.1          5.1          6.1
    -15.519645    -1.138051    -0.636598    -0.416365     0.154265     0.286837

           1.2          2.2          3.2
     -0.624512     0.229074     0.485850

           1.3          2.3          3.3          4.3          5.3          6.3
    -15.519648    -1.132359    -0.609145    -0.418496     0.183978     0.265655

           1.4          2.4          3.4
     -0.622760     0.238804     0.568508


 HOMO      4.1    -0.416365 =     -11.3299eV
 LUMO      5.1     0.154265 =       4.1978eV
 LUMO-HOMO         0.570630 =      15.5276eV

 Orbitals saved in record  2100.2


 **********************************************************************************************************************************
 DATASETS  * FILE   NREC   LENGTH (MB)   RECORD NAMES
              1      19       33.03       500      610      700      900      950      970     1000      129      960     1100   
                                          VAR    BASINP    GEOM    SYMINP    ZMAT    AOBASIS   BASIS     P2S    ABASIS      S 
                                         1400     1410     1200     1210     1080     1600     1650     1300     1700   
                                           T        V       H0       H01     AOSYM     SMH    MOLCAS    ERIS     OPER   

              2       4        0.52       700     1000      520     2100   
                                         GEOM     BASIS   MCVARS     RHF  

 PROGRAMS   *        TOTAL    HF-SCF    HF-SCF       INT
 CPU TIMES  *         3.66      0.24      0.05      0.28
 REAL TIME  *         4.04 SEC
 DISK USED  *        48.03 MB
 **********************************************************************************************************************************

 PROGRESS OF GEOMETRY OPTIMIZATION.    TOTAL CPU:         3.2 SEC
   1  -112.42497492  -112.42575261    -0.00077770  0.01388640  0.02334315  0.00952980  0.07827223  0.08498976  0.03469692
   2  -112.42575261  -112.42585938    -0.00010677  0.00208353  0.00346921  0.00141630  0.05277861  0.06570885  0.02682553
   3  -112.42585938  -112.42588816    -0.00002878  0.00159109  0.00178065  0.00072695  0.03242409  0.04288532  0.01750786
   4  -112.42588816  -112.42590156    -0.00001340  0.00093260  0.00114779  0.00046858  0.02510088  0.03668621  0.01497708
   5  -112.42590156  -112.42590347    -0.00000191  0.00031884  0.00047844  0.00019532  0.00757232  0.00926931  0.00378418
   6  -112.42590347  -112.42590412    -0.00000065  0.00012306  0.00019911  0.00008128  0.00257336  0.00434816  0.00177513

 **********************************************************************************************************************************

 Current geometry (xyz format, in Angstrom)

    8
 HF-SCF000/6-311G(D,P)  ENERGY=-112.42590412
 N          0.0288642122       -1.6442660393        0.0000000000
 H         -0.1341508348       -2.2141496290       -0.8067011077
 H         -0.1341508348       -2.2141496290        0.8067011077
 H         -0.6561247547       -0.9130627263        0.0000000000
 N         -0.0288642122        1.6442660393        0.0000000000
 H          0.1341508348        2.2141496290       -0.8067011077
 H          0.6561247547        0.9130627263        0.0000000000
 H          0.1341508348        2.2141496290        0.8067011077

 **********************************************************************************************************************************

 Recomputing wavefunction for reoriented structure


 Recomputing integrals since geometry changed


 PROGRAM * SEWARD (Integral evaluation for generally contracted gaussian basis sets)     Author: Roland Lindh, 1990

 Geometry written to block  1 of record 700

 Orientation using atomic masses  
 Molecule type: Asymmetric top,     Order of principal axis = 2
 Symmetry elements: Z,XY
 Rotational constants:       5.0640770    141.3637356      5.1503583 GHz

 Point group  C2h 



 ATOMIC COORDINATES

 NR  ATOM    CHARGE       X              Y              Z

   1  N       7.00    0.089283335   -3.106408401    0.000000000
   2  N       7.00   -0.089283335    3.106408401    0.000000000
   3  H       1.00   -0.206710273   -4.186709297   -1.524444158
   4  H       1.00   -0.206710273   -4.186709297    1.524444158
   5  H       1.00    0.206710273    4.186709297   -1.524444158
   6  H       1.00    0.206710273    4.186709297    1.524444158
   7  H       1.00   -1.220526711   -1.739193731    0.000000000
   8  H       1.00    1.220526711    1.739193731    0.000000000

 Bond lengths in Bohr (Angstrom)

 1-3  1.891716742  1-4  1.891716742  1-7  1.893377488  2-5  1.891716742  2-6  1.891716742
     ( 1.001053389)     ( 1.001053389)     ( 1.001932218)     ( 1.001053389)     ( 1.001053389)

 2-8  1.893377488
     ( 1.001932218)

 Bond angles

  3-1-4  107.38528071   3-1-7  107.70574803   4-1-7  107.70574803   5-2-6  107.38528071

  5-2-8  107.70574803   6-2-8  107.70574803

 NUCLEAR CHARGE:                   20
 NUMBER OF PRIMITIVE AOS:         112
 NUMBER OF SYMMETRY AOS:          110
 NUMBER OF CONTRACTIONS:           72   (   24Ag  +   12Au  +   24Bu  +   12Bg  )
 NUMBER OF INNER CORE ORBITALS:     0   (    0Ag  +    0Au  +    0Bu  +    0Bg  )
 NUMBER OF OUTER CORE ORBITALS:     2   (    1Ag  +    0Au  +    1Bu  +    0Bg  )
 NUMBER OF VALENCE ORBITALS:       14   (    5Ag  +    2Au  +    5Bu  +    2Bg  )


 NUCLEAR REPULSION ENERGY   39.94972162

 Eigenvalues of metric

         1 0.108E-01 0.326E-01 0.568E-01 0.801E-01 0.103E+00 0.113E+00 0.152E+00 0.260E+00
         2 0.348E-01 0.753E-01 0.109E+00 0.401E+00 0.406E+00 0.552E+00 0.780E+00 0.864E+00
         3 0.114E-01 0.307E-01 0.635E-01 0.793E-01 0.940E-01 0.111E+00 0.151E+00 0.228E+00
         4 0.318E-01 0.732E-01 0.102E+00 0.395E+00 0.404E+00 0.549E+00 0.779E+00 0.864E+00


 Contracted 2-electron integrals neglected if value below      1.0D-11
 AO integral compression algorithm  1   Integral accuracy      1.0D-11

     6.554 MB (compressed) written to integral file ( 61.4%)


 NUMBER OF SORTED TWO-ELECTRON INTEGRALS:     914346.     BUFFER LENGTH:  32768
 NUMBER OF SEGMENTS:   1  SEGMENT LENGTH:     914346      RECORD LENGTH: 524288

 Memory used in sort:       1.47 MW

 SORT1 READ     1350512. AND WROTE      914346. INTEGRALS IN      3 RECORDS. CPU TIME:     0.02 SEC, REAL TIME:     0.03 SEC
 SORT2 READ      914346. AND WROTE      914346. INTEGRALS IN     25 RECORDS. CPU TIME:     0.05 SEC, REAL TIME:     0.05 SEC

 FILE SIZES:   FILE 1:    36.8 MBYTE,  FILE 4:    12.6 MBYTE,   TOTAL:     49.4 MBYTE

 OPERATOR DM      FOR CENTER  0  COORDINATES:    0.000000    0.000000    0.000000

 Program * Restricted Hartree-Fock

 Molecular orbitals read from record     2100.2  Type=RHF/CANONICAL  

 NELEC=   20   SYM=1   MS2= 0   THRE=1.0D-08   THRD=1.0D-07   THRG=1.0D-07  HFMA2=F  DIIS_START=2   DIIS_MAX=10   DIIS_INCORE=F

 Level shifts:    0.00 (CLOSED)    0.00 (OPEN)    0.30 (GAP_MIN)

 ITER           ETOT              DE          GRAD        DDIFF     DIIS  NEXP   TIME(IT)  TIME(TOT)  DIAG
   1     -112.42585374    -112.42585374     0.00D+00     0.86D-01     0     0       0.00      0.00    start
   2     -112.42589910      -0.00004537     0.46D-03     0.25D-03     1     0       0.01      0.01    diag
   3     -112.42590380      -0.00000469     0.11D-03     0.12D-03     2     0       0.00      0.01    diag
   4     -112.42590411      -0.00000031     0.24D-04     0.45D-04     3     0       0.00      0.01    diag
   5     -112.42590411      -0.00000001     0.43D-05     0.72D-05     4     0       0.01      0.02    diag
   6     -112.42590412      -0.00000000     0.12D-05     0.21D-05     5     0       0.00      0.02    diag
   7     -112.42590412      -0.00000000     0.37D-06     0.40D-06     6     0       0.00      0.02    diag
   8     -112.42590412      -0.00000000     0.12D-06     0.18D-06     7     0       0.01      0.03    fixocc
   9     -112.42590412      -0.00000000     0.15D-07     0.27D-07     8     0       0.00      0.03    diag
  10     -112.42590412      -0.00000000     0.27D-08     0.35D-08     0     0       0.00      0.03    diag/orth

 Final occupancy:   4   1   4   1

 !RHF STATE 1.1 Energy               -112.425904115754
  RHF One-electron energy            -231.476092377855
  RHF Two-electron energy              79.100466644423
  RHF Kinetic energy                  112.480201709611
  RHF Nuclear energy                   39.949721617678
  RHF Virial quotient                  -0.999517269768

 !RHF STATE 1.1 Dipole moment           0.00000000     0.00000000     0.00000000
 Dipole moment /Debye                   0.00000000     0.00000000     0.00000000

 Orbital energies:

           1.1          2.1          3.1          4.1          5.1          6.1
    -15.519645    -1.138051    -0.636598    -0.416365     0.154265     0.286837

           1.2          2.2          3.2
     -0.624512     0.229074     0.485850

           1.3          2.3          3.3          4.3          5.3          6.3
    -15.519648    -1.132359    -0.609145    -0.418496     0.183978     0.265655

           1.4          2.4          3.4
     -0.622760     0.238804     0.568508


 HOMO      4.1    -0.416365 =     -11.3299eV
 LUMO      5.1     0.154265 =       4.1978eV
 LUMO-HOMO         0.570630 =      15.5276eV

 Orbitals saved in record  2100.2


 **********************************************************************************************************************************
 DATASETS  * FILE   NREC   LENGTH (MB)   RECORD NAMES
              1      19       33.03       500      610      700      900      950      970     1000      129      960     1100   
                                          VAR    BASINP    GEOM    SYMINP    ZMAT    AOBASIS   BASIS     P2S    ABASIS      S 
                                         1400     1410     1200     1210     1080     1600     1650     1300     1700   
                                           T        V       H0       H01     AOSYM     SMH    MOLCAS    ERIS     OPER   

              2       4        0.52       700     1000      520     2100   
                                         GEOM     BASIS   MCVARS     RHF  

 PROGRAMS   *        TOTAL    HF-SCF    HF-SCF       INT
 CPU TIMES  *         3.92      0.24      0.05      0.28
 REAL TIME  *         4.34 SEC
 DISK USED  *        48.03 MB
 **********************************************************************************************************************************
 Cartesian Coordinates are in [bohr]
 Creating new Variables:
 NX1               0.08928334
 NY1              -3.10640840
 NZ1               0.00000000
 HX2              -0.20671027
 HY2              -4.18670930
 HZ2              -1.52444416
 HX3              -0.20671027
 HY3              -4.18670930
 HZ3               1.52444416
 HX4              -1.22052671
 HY4              -1.73919373
 HZ4               0.00000000
 NX5              -0.08928334
 NY5               3.10640840
 NZ5               0.00000000
 HX6               0.20671027
 HY6               4.18670930
 HZ6              -1.52444416
 HX7               1.22052671
 HY7               1.73919373
 HZ7               0.00000000
 HX8               0.20671027
 HY8               4.18670930
 HZ8               1.52444416
