 .__   __.   ______   .___  ___.   ______    _______   _______   ______   ______      .______   ____    ____ 
 |  \ |  |  /  __  \  |   \/   |  /  __  \  |       \ |   ____| /      | /  __  \     |   _  \  \   \  /   / 
 |   \|  | |  |  |  | |  \  /  | |  |  |  | |  .--.  ||  |__   |  ,----'|  |  |  |    |  |_)  |  \   \/   /  
 |  . `  | |  |  |  | |  |\/|  | |  |  |  | |  |  |  ||   __|  |  |     |  |  |  |    |   ___/    \_    _/   
 |  |\   | |  `--'  | |  |  |  | |  `--'  | |  '--'  ||  |____ |  `----.|  `--'  |  __|  |          |  |     
 |__| \__|  \______/  |__|  |__|  \______/  |_______/ |_______| \______| \______/  (__) _|          |__|     
                                                                                                             


**************************************************************************************************************
                                  Kemal Önen, Dennis F. Dinu, Klaus R. Liedl                                  
                                      Liedl Lab, University of Innsbruck                                      
**************************************************************************************************************

Non-planar system detected. Therefore out-of-plane angles are NOT used in your analysis. Note that out-of-plane angles tend to perform worse
than the other internal coordinates in terms of computational cost and in the decomposition. However they can be
useful for planar systems.

The detected point group is Cs
The following equivalent atoms were found: [['C'], ['H1', 'H2'], ['D3'], ['Cl']] 

The following primitive internals (bonds, (in-plane) angles, linear valence angles, out-of-plane angles and torsions) were generated:
bonds: [('C', 'D3'), ('C', 'H1'), ('C', 'Cl'), ('C', 'H2')]
in-plane angles: [('Cl', 'C', 'H1'), ('Cl', 'C', 'H2'), ('Cl', 'C', 'D3'), ('H1', 'C', 'H2'), ('H1', 'C', 'D3'),
 ('H2', 'C', 'D3')]
linear valence-angles: []
out-of-plane angles: []
dihedrals: []

9 internal coordinates are at least needed for the decomposition scheme.


-------------------------------- Initialization of an internal coordinate set --------------------------------

The following 9 Internal Coordinates are used in your analysis:
bonds: [('C', 'D3'), ('C', 'H1'), ('C', 'Cl'), ('C', 'H2')]
in-plane angles: [('Cl', 'C', 'H1'), ('Cl', 'C', 'H2'), ('Cl', 'C', 'D3'), ('H1', 'C', 'D3'), ('H2', 'C', 'D3')]
linear valence-angles: []
out-of-plane angles: []
dihedrals: []


-------------------------- Results of the Decomposition Scheme ---------------------------

1.) Intrinsic Frequencies for all normal-coordinate frequencies and
    vibrational distribution matrix (exact approximation) at the following
    harmonic frequencies (all frequency values in cm-1):

Internal Coordinate Intrinsic Frequencies   749   904  1086  1389  1409  1581  2414  3264  3329
            (C, D3)               2415.53  0.00  0.00  0.00  0.00  0.00  0.00  0.99  0.01  0.00
            (C, H1)               3295.25 -0.00 -0.00  0.00 -0.00  0.00 -0.00  0.00  0.50  0.50
            (C, Cl)                732.59  0.96  0.07 -0.00 -0.00 -0.02 -0.00  0.00 -0.00  0.00
            (C, H2)               3295.25 -0.00 -0.00  0.00 -0.00  0.00 -0.00  0.00  0.50  0.50
        (Cl, C, H1)               1321.95 -0.01  0.03  0.41  0.09  0.26  0.22 -0.00  0.00  0.00
        (Cl, C, H2)               1321.95 -0.01  0.03  0.41  0.09  0.26  0.22 -0.00  0.00  0.00
        (Cl, C, D3)                937.44  0.06  0.88  0.00  0.00  0.04  0.02  0.00 -0.00 -0.00
        (H1, C, D3)               1427.04  0.00 -0.01  0.09  0.41  0.23  0.28  0.00 -0.00 -0.00
        (H2, C, D3)               1427.04  0.00 -0.01  0.09  0.41  0.23  0.28  0.00 -0.00 -0.00

Check if matrix is normalized: 1.0

2.) Intrinsic Frequencies for all normal-coordinate frequencies and
    diagonal elements of the PED matrix at the following
    harmonic frequencies (all frequency values in cm-1):

Internal Coordinate Intrinsic Frequencies  749  904 1086 1389 1409 1581 2414 3264 3329
            (C, D3)               2415.53 0.00 0.00 0.00 0.00 0.00 0.00 1.00 0.01 0.00
            (C, H1)               3295.25 0.00 0.00 0.00 0.00 0.00 0.00 0.00 0.50 0.51
            (C, Cl)                732.59 1.00 0.10 0.00 0.00 0.02 0.00 0.00 0.00 0.00
            (C, H2)               3295.25 0.00 0.00 0.00 0.00 0.00 0.00 0.00 0.50 0.51
        (Cl, C, H1)               1321.95 0.04 0.08 0.67 0.16 0.44 0.09 0.00 0.00 0.00
        (Cl, C, H2)               1321.95 0.04 0.08 0.67 0.16 0.44 0.09 0.00 0.00 0.00
        (Cl, C, D3)                937.44 0.04 1.41 0.00 0.00 0.08 0.00 0.00 0.00 0.00
        (H1, C, D3)               1427.04 0.00 0.03 0.17 0.84 0.49 0.12 0.00 0.00 0.00
        (H2, C, D3)               1427.04 0.00 0.03 0.17 0.84 0.49 0.12 0.00 0.00 0.00

3.) Intrinsic Frequencies for all normal-coordinate frequencies and
    contribution table calculated from the diagonal elements of the PED at the following
    harmonic frequencies (all frequency values in cm-1):

Internal Coordinate Intrinsic Frequencies   749   904  1086  1389  1409  1581  2414  3264  3329
            (C, D3)               2415.53  0.04  0.17  0.00  0.00  0.00  0.01 98.14  0.59  0.00
            (C, H1)               3295.25  0.01  0.00  0.01  0.06  0.04  0.24  0.22 49.60 49.74
            (C, Cl)                732.59 89.09  5.99  0.00  0.00  1.27  0.58  0.15  0.06  0.00
            (C, H2)               3295.25  0.01  0.00  0.01  0.06  0.04  0.24  0.22 49.60 49.74
        (Cl, C, H1)               1321.95  3.30  4.80 39.87  8.23 22.40 20.96  0.23  0.00  0.13
        (Cl, C, H2)               1321.95  3.30  4.80 39.87  8.23 22.40 20.96  0.23  0.00  0.13
        (Cl, C, D3)                937.44  3.76 81.35  0.00  0.00  4.06  0.16  0.17  0.13  0.00
        (H1, C, D3)               1427.04  0.25  1.45 10.12 41.71 24.90 28.43  0.32  0.00  0.14
        (H2, C, D3)               1427.04  0.25  1.45 10.12 41.71 24.90 28.43  0.32  0.00  0.14

----- Extended Results: Exact PED, KED and TED analysis per mode -----

Normal mode at the following harmonic frequency: 749 cm-1

Potential energy distribution matrix (normalization check: 1.0)

Internal Coordinate (C, D3) (C, H1) (C, Cl) (C, H2) (Cl, C, H1) (Cl, C, H2) (Cl, C, D3) (H1, C, D3) (H2, C, D3)
            (C, D3)    0.00   -0.00    0.00   -0.00       -0.00       -0.00        0.00        0.00        0.00
            (C, H1)   -0.00    0.00   -0.00    0.00       -0.00       -0.00        0.00       -0.00        0.00
            (C, Cl)    0.00   -0.00    1.00   -0.00       -0.04       -0.04        0.04        0.00        0.00
            (C, H2)   -0.00    0.00   -0.00    0.00       -0.00       -0.00        0.00        0.00        0.00
        (Cl, C, H1)   -0.00   -0.00   -0.04   -0.00        0.04        0.01       -0.02       -0.00       -0.00
        (Cl, C, H2)   -0.00   -0.00   -0.04   -0.00        0.01        0.04       -0.02       -0.00       -0.00
        (Cl, C, D3)    0.00    0.00    0.04    0.00       -0.02       -0.02        0.04        0.01        0.01
        (H1, C, D3)    0.00   -0.00    0.00    0.00       -0.00       -0.00        0.01        0.00        0.00
        (H2, C, D3)    0.00    0.00    0.00    0.00       -0.00       -0.00        0.01        0.00        0.00

Kinetic energy distribution matrix (normalization check: 1.0)

Internal Coordinate (C, D3) (C, H1) (C, Cl) (C, H2) (Cl, C, H1) (Cl, C, H2) (Cl, C, D3) (H1, C, D3) (H2, C, D3)
            (C, D3)    0.00   -0.00    0.00   -0.00       -0.00       -0.00        0.00        0.00        0.00
            (C, H1)   -0.00    0.00   -0.00    0.00        0.00        0.00       -0.00       -0.00        0.00
            (C, Cl)    0.00   -0.00    1.19   -0.00       -0.04       -0.04        0.06       -0.00       -0.00
            (C, H2)   -0.00    0.00   -0.00    0.00        0.00        0.00       -0.00        0.00       -0.00
        (Cl, C, H1)   -0.00    0.00   -0.04    0.00        0.01        0.00       -0.00       -0.00       -0.00
        (Cl, C, H2)   -0.00    0.00   -0.04    0.00        0.00        0.01       -0.00       -0.00       -0.00
        (Cl, C, D3)    0.00   -0.00    0.06   -0.00       -0.00       -0.00        0.03        0.00        0.00
        (H1, C, D3)    0.00   -0.00   -0.00    0.00       -0.00       -0.00        0.00        0.00        0.00
        (H2, C, D3)    0.00    0.00   -0.00   -0.00       -0.00       -0.00        0.00        0.00        0.00

Total energy distribution matrix (normalization check: 1.0)

Internal Coordinate (C, D3) (C, H1) (C, Cl) (C, H2) (Cl, C, H1) (Cl, C, H2) (Cl, C, D3) (H1, C, D3) (H2, C, D3)
            (C, D3)    0.00   -0.00    0.00   -0.00       -0.00       -0.00        0.00        0.00        0.00
            (C, H1)   -0.00    0.00   -0.00    0.00       -0.00       -0.00        0.00       -0.00        0.00
            (C, Cl)    0.00   -0.00    1.09   -0.00       -0.04       -0.04        0.05       -0.00       -0.00
            (C, H2)   -0.00    0.00   -0.00    0.00       -0.00       -0.00        0.00        0.00       -0.00
        (Cl, C, H1)   -0.00   -0.00   -0.04   -0.00        0.03        0.01       -0.01       -0.00       -0.00
        (Cl, C, H2)   -0.00   -0.00   -0.04   -0.00        0.01        0.03       -0.01       -0.00       -0.00
        (Cl, C, D3)    0.00    0.00    0.05    0.00       -0.01       -0.01        0.04        0.00        0.00
        (H1, C, D3)    0.00   -0.00   -0.00    0.00       -0.00       -0.00        0.00        0.00        0.00
        (H2, C, D3)    0.00    0.00   -0.00   -0.00       -0.00       -0.00        0.00        0.00        0.00

----- Extended Results: Exact PED, KED and TED analysis per mode -----

Normal mode at the following harmonic frequency: 904 cm-1

Potential energy distribution matrix (normalization check: 1.0)

Internal Coordinate (C, D3) (C, H1) (C, Cl) (C, H2) (Cl, C, H1) (Cl, C, H2) (Cl, C, D3) (H1, C, D3) (H2, C, D3)
            (C, D3)    0.00    0.00   -0.00    0.00       -0.00       -0.00        0.00       -0.00       -0.00
            (C, H1)    0.00    0.00   -0.00    0.00        0.00        0.00       -0.00       -0.00        0.00
            (C, Cl)   -0.00   -0.00    0.10   -0.00        0.02        0.02       -0.07        0.00        0.00
            (C, H2)    0.00    0.00   -0.00    0.00        0.00        0.00       -0.00        0.00        0.00
        (Cl, C, H1)   -0.00    0.00    0.02    0.00        0.08        0.03       -0.14        0.02        0.02
        (Cl, C, H2)   -0.00    0.00    0.02    0.00        0.03        0.08       -0.14        0.02        0.02
        (Cl, C, D3)    0.00   -0.00   -0.07   -0.00       -0.14       -0.14        1.41       -0.09       -0.09
        (H1, C, D3)   -0.00   -0.00    0.00    0.00        0.02        0.02       -0.09        0.03        0.01
        (H2, C, D3)   -0.00    0.00    0.00    0.00        0.02        0.02       -0.09        0.01        0.03

Kinetic energy distribution matrix (normalization check: 1.0)

Internal Coordinate (C, D3) (C, H1) (C, Cl) (C, H2) (Cl, C, H1) (Cl, C, H2) (Cl, C, D3) (H1, C, D3) (H2, C, D3)
            (C, D3)    0.00    0.00   -0.00    0.00       -0.00       -0.00        0.00       -0.00       -0.00
            (C, H1)    0.00    0.00   -0.00    0.00       -0.00       -0.00        0.00       -0.00        0.00
            (C, Cl)   -0.00   -0.00    0.18   -0.00        0.03        0.03       -0.17       -0.00       -0.00
            (C, H2)    0.00    0.00   -0.00    0.00       -0.00       -0.00        0.00        0.00       -0.00
        (Cl, C, H1)   -0.00   -0.00    0.03   -0.00        0.05        0.01       -0.05        0.01        0.00
        (Cl, C, H2)   -0.00   -0.00    0.03   -0.00        0.01        0.05       -0.05        0.00        0.01
        (Cl, C, D3)    0.00    0.00   -0.17    0.00       -0.05       -0.05        1.44       -0.04       -0.04
        (H1, C, D3)   -0.00   -0.00   -0.00    0.00        0.01        0.00       -0.04        0.01        0.00
        (H2, C, D3)   -0.00    0.00   -0.00   -0.00        0.00        0.01       -0.04        0.00        0.01

Total energy distribution matrix (normalization check: 1.0)

Internal Coordinate (C, D3) (C, H1) (C, Cl) (C, H2) (Cl, C, H1) (Cl, C, H2) (Cl, C, D3) (H1, C, D3) (H2, C, D3)
            (C, D3)    0.00    0.00   -0.00    0.00       -0.00       -0.00        0.00       -0.00       -0.00
            (C, H1)    0.00    0.00   -0.00    0.00        0.00        0.00       -0.00       -0.00        0.00
            (C, Cl)   -0.00   -0.00    0.14   -0.00        0.02        0.02       -0.12       -0.00       -0.00
            (C, H2)    0.00    0.00   -0.00    0.00        0.00        0.00       -0.00        0.00       -0.00
        (Cl, C, H1)   -0.00    0.00    0.02    0.00        0.07        0.02       -0.10        0.01        0.01
        (Cl, C, H2)   -0.00    0.00    0.02    0.00        0.02        0.07       -0.10        0.01        0.01
        (Cl, C, D3)    0.00   -0.00   -0.12   -0.00       -0.10       -0.10        1.43       -0.07       -0.07
        (H1, C, D3)   -0.00   -0.00   -0.00    0.00        0.01        0.01       -0.07        0.02        0.01
        (H2, C, D3)   -0.00    0.00   -0.00   -0.00        0.01        0.01       -0.07        0.01        0.02

----- Extended Results: Exact PED, KED and TED analysis per mode -----

Normal mode at the following harmonic frequency: 1086 cm-1

Potential energy distribution matrix (normalization check: 1.0)

Internal Coordinate (C, D3) (C, H1) (C, Cl) (C, H2) (Cl, C, H1) (Cl, C, H2) (Cl, C, D3) (H1, C, D3) (H2, C, D3)
            (C, D3)    0.00    0.00   -0.00   -0.00        0.00       -0.00        0.00        0.00       -0.00
            (C, H1)    0.00    0.00   -0.00   -0.00       -0.00        0.00       -0.00        0.00        0.00
            (C, Cl)   -0.00   -0.00    0.00    0.00       -0.00        0.00       -0.00       -0.00        0.00
            (C, H2)   -0.00   -0.00    0.00    0.00        0.00       -0.00        0.00        0.00       -0.00
        (Cl, C, H1)    0.00   -0.00   -0.00    0.00        0.67       -0.27        0.00        0.15       -0.15
        (Cl, C, H2)   -0.00    0.00    0.00   -0.00       -0.27        0.67       -0.00       -0.15        0.15
        (Cl, C, D3)    0.00   -0.00   -0.00    0.00        0.00       -0.00        0.00        0.00       -0.00
        (H1, C, D3)    0.00    0.00   -0.00    0.00        0.15       -0.15        0.00        0.17       -0.09
        (H2, C, D3)   -0.00    0.00    0.00   -0.00       -0.15        0.15       -0.00       -0.09        0.17

Kinetic energy distribution matrix (normalization check: 1.0)

Internal Coordinate (C, D3) (C, H1) (C, Cl) (C, H2) (Cl, C, H1) (Cl, C, H2) (Cl, C, D3) (H1, C, D3) (H2, C, D3)
            (C, D3)    0.00    0.00   -0.00   -0.00        0.00       -0.00        0.00        0.00       -0.00
            (C, H1)    0.00    0.00   -0.00   -0.00        0.00       -0.00        0.00        0.00        0.00
            (C, Cl)   -0.00   -0.00    0.00    0.00       -0.00        0.00       -0.00        0.00       -0.00
            (C, H2)   -0.00   -0.00    0.00    0.00       -0.00        0.00       -0.00        0.00        0.00
        (Cl, C, H1)    0.00    0.00   -0.00   -0.00        0.57       -0.07        0.00        0.09       -0.04
        (Cl, C, H2)   -0.00   -0.00    0.00    0.00       -0.07        0.57       -0.00       -0.04        0.09
        (Cl, C, D3)    0.00    0.00   -0.00   -0.00        0.00       -0.00        0.00        0.00       -0.00
        (H1, C, D3)    0.00    0.00    0.00    0.00        0.09       -0.04        0.00        0.11       -0.04
        (H2, C, D3)   -0.00    0.00   -0.00    0.00       -0.04        0.09       -0.00       -0.04        0.11

Total energy distribution matrix (normalization check: 1.0)

Internal Coordinate (C, D3) (C, H1) (C, Cl) (C, H2) (Cl, C, H1) (Cl, C, H2) (Cl, C, D3) (H1, C, D3) (H2, C, D3)
            (C, D3)    0.00    0.00   -0.00   -0.00        0.00       -0.00        0.00        0.00       -0.00
            (C, H1)    0.00    0.00   -0.00   -0.00       -0.00        0.00       -0.00        0.00        0.00
            (C, Cl)   -0.00   -0.00    0.00    0.00       -0.00        0.00       -0.00        0.00       -0.00
            (C, H2)   -0.00   -0.00    0.00    0.00        0.00       -0.00        0.00        0.00        0.00
        (Cl, C, H1)    0.00   -0.00   -0.00    0.00        0.62       -0.17        0.00        0.12       -0.09
        (Cl, C, H2)   -0.00    0.00    0.00   -0.00       -0.17        0.62       -0.00       -0.09        0.12
        (Cl, C, D3)    0.00   -0.00   -0.00    0.00        0.00       -0.00        0.00        0.00       -0.00
        (H1, C, D3)    0.00    0.00    0.00    0.00        0.12       -0.09        0.00        0.14       -0.06
        (H2, C, D3)   -0.00    0.00   -0.00    0.00       -0.09        0.12       -0.00       -0.06        0.14

----- Extended Results: Exact PED, KED and TED analysis per mode -----

Normal mode at the following harmonic frequency: 1389 cm-1

Potential energy distribution matrix (normalization check: 1.0)

Internal Coordinate (C, D3) (C, H1) (C, Cl) (C, H2) (Cl, C, H1) (Cl, C, H2) (Cl, C, D3) (H1, C, D3) (H2, C, D3)
            (C, D3)    0.00    0.00    0.00   -0.00        0.00       -0.00       -0.00       -0.00        0.00
            (C, H1)    0.00    0.00    0.00   -0.00       -0.00        0.00        0.00       -0.00       -0.00
            (C, Cl)    0.00    0.00    0.00   -0.00        0.00       -0.00       -0.00       -0.00        0.00
            (C, H2)   -0.00   -0.00   -0.00    0.00        0.00       -0.00       -0.00       -0.00        0.00
        (Cl, C, H1)    0.00   -0.00    0.00    0.00        0.16       -0.07       -0.00       -0.17        0.16
        (Cl, C, H2)   -0.00    0.00   -0.00   -0.00       -0.07        0.16        0.00        0.16       -0.17
        (Cl, C, D3)   -0.00    0.00   -0.00   -0.00       -0.00        0.00        0.00        0.00       -0.00
        (H1, C, D3)   -0.00   -0.00   -0.00   -0.00       -0.17        0.16        0.00        0.84       -0.42
        (H2, C, D3)    0.00   -0.00    0.00    0.00        0.16       -0.17       -0.00       -0.42        0.84

Kinetic energy distribution matrix (normalization check: 1.0)

Internal Coordinate (C, D3) (C, H1) (C, Cl) (C, H2) (Cl, C, H1) (Cl, C, H2) (Cl, C, D3) (H1, C, D3) (H2, C, D3)
            (C, D3)    0.00    0.00    0.00   -0.00        0.00       -0.00       -0.00       -0.00        0.00
            (C, H1)    0.00    0.00    0.00   -0.00        0.00       -0.00       -0.00       -0.00       -0.00
            (C, Cl)    0.00    0.00    0.00   -0.00        0.00       -0.00       -0.00        0.00       -0.00
            (C, H2)   -0.00   -0.00   -0.00    0.00       -0.00        0.00        0.00       -0.00       -0.00
        (Cl, C, H1)    0.00    0.00    0.00   -0.00        0.23       -0.03       -0.00       -0.16        0.07
        (Cl, C, H2)   -0.00   -0.00   -0.00    0.00       -0.03        0.23        0.00        0.07       -0.16
        (Cl, C, D3)   -0.00   -0.00   -0.00    0.00       -0.00        0.00        0.00        0.00       -0.00
        (H1, C, D3)   -0.00   -0.00    0.00   -0.00       -0.16        0.07        0.00        0.85       -0.32
        (H2, C, D3)    0.00   -0.00   -0.00   -0.00        0.07       -0.16       -0.00       -0.32        0.85

Total energy distribution matrix (normalization check: 1.0)

Internal Coordinate (C, D3) (C, H1) (C, Cl) (C, H2) (Cl, C, H1) (Cl, C, H2) (Cl, C, D3) (H1, C, D3) (H2, C, D3)
            (C, D3)    0.00    0.00    0.00   -0.00        0.00       -0.00       -0.00       -0.00        0.00
            (C, H1)    0.00    0.00    0.00   -0.00        0.00        0.00        0.00       -0.00       -0.00
            (C, Cl)    0.00    0.00    0.00   -0.00        0.00       -0.00       -0.00        0.00       -0.00
            (C, H2)   -0.00   -0.00   -0.00    0.00        0.00        0.00       -0.00       -0.00       -0.00
        (Cl, C, H1)    0.00    0.00    0.00    0.00        0.20       -0.05       -0.00       -0.16        0.12
        (Cl, C, H2)   -0.00    0.00   -0.00    0.00       -0.05        0.20        0.00        0.12       -0.16
        (Cl, C, D3)   -0.00    0.00   -0.00   -0.00       -0.00        0.00        0.00        0.00       -0.00
        (H1, C, D3)   -0.00   -0.00    0.00   -0.00       -0.16        0.12        0.00        0.84       -0.37
        (H2, C, D3)    0.00   -0.00   -0.00   -0.00        0.12       -0.16       -0.00       -0.37        0.84

----- Extended Results: Exact PED, KED and TED analysis per mode -----

Normal mode at the following harmonic frequency: 1409 cm-1

Potential energy distribution matrix (normalization check: 1.0)

Internal Coordinate (C, D3) (C, H1) (C, Cl) (C, H2) (Cl, C, H1) (Cl, C, H2) (Cl, C, D3) (H1, C, D3) (H2, C, D3)
            (C, D3)    0.00   -0.00    0.00   -0.00       -0.00       -0.00       -0.00        0.00        0.00
            (C, H1)   -0.00    0.00   -0.00    0.00       -0.00       -0.00       -0.00       -0.00        0.00
            (C, Cl)    0.00   -0.00    0.02   -0.00       -0.02       -0.02       -0.01        0.00        0.00
            (C, H2)   -0.00    0.00   -0.00    0.00       -0.00       -0.00       -0.00        0.00        0.00
        (Cl, C, H1)   -0.00   -0.00   -0.02   -0.00        0.44        0.18        0.08       -0.21       -0.20
        (Cl, C, H2)   -0.00   -0.00   -0.02   -0.00        0.18        0.44        0.08       -0.20       -0.21
        (Cl, C, D3)   -0.00   -0.00   -0.01   -0.00        0.08        0.08        0.08       -0.09       -0.09
        (H1, C, D3)    0.00   -0.00    0.00    0.00       -0.21       -0.20       -0.09        0.49        0.24
        (H2, C, D3)    0.00    0.00    0.00    0.00       -0.20       -0.21       -0.09        0.24        0.49

Kinetic energy distribution matrix (normalization check: 1.0)

Internal Coordinate (C, D3) (C, H1) (C, Cl) (C, H2) (Cl, C, H1) (Cl, C, H2) (Cl, C, D3) (H1, C, D3) (H2, C, D3)
            (C, D3)    0.00   -0.00    0.00   -0.00       -0.00       -0.00       -0.00        0.00        0.00
            (C, H1)   -0.00    0.00   -0.00    0.00        0.00        0.00        0.00       -0.00        0.00
            (C, Cl)    0.00   -0.00    0.10   -0.00       -0.07       -0.07       -0.05       -0.00       -0.00
            (C, H2)   -0.00    0.00   -0.00    0.00        0.00        0.00        0.00        0.00       -0.00
        (Cl, C, H1)   -0.00    0.00   -0.07    0.00        0.63        0.08        0.07       -0.21       -0.09
        (Cl, C, H2)   -0.00    0.00   -0.07    0.00        0.08        0.63        0.07       -0.09       -0.21
        (Cl, C, D3)   -0.00    0.00   -0.05    0.00        0.07        0.07        0.20       -0.11       -0.11
        (H1, C, D3)    0.00   -0.00   -0.00    0.00       -0.21       -0.09       -0.11        0.51        0.19
        (H2, C, D3)    0.00    0.00   -0.00   -0.00       -0.09       -0.21       -0.11        0.19        0.51

Total energy distribution matrix (normalization check: 1.0)

Internal Coordinate (C, D3) (C, H1) (C, Cl) (C, H2) (Cl, C, H1) (Cl, C, H2) (Cl, C, D3) (H1, C, D3) (H2, C, D3)
            (C, D3)    0.00   -0.00    0.00   -0.00       -0.00       -0.00       -0.00        0.00        0.00
            (C, H1)   -0.00    0.00   -0.00    0.00        0.00       -0.00       -0.00       -0.00        0.00
            (C, Cl)    0.00   -0.00    0.06   -0.00       -0.05       -0.05       -0.03       -0.00       -0.00
            (C, H2)   -0.00    0.00   -0.00    0.00       -0.00        0.00       -0.00        0.00       -0.00
        (Cl, C, H1)   -0.00    0.00   -0.05   -0.00        0.53        0.13        0.07       -0.21       -0.15
        (Cl, C, H2)   -0.00   -0.00   -0.05    0.00        0.13        0.53        0.07       -0.15       -0.21
        (Cl, C, D3)   -0.00   -0.00   -0.03   -0.00        0.07        0.07        0.14       -0.10       -0.10
        (H1, C, D3)    0.00   -0.00   -0.00    0.00       -0.21       -0.15       -0.10        0.50        0.22
        (H2, C, D3)    0.00    0.00   -0.00   -0.00       -0.15       -0.21       -0.10        0.22        0.50

----- Extended Results: Exact PED, KED and TED analysis per mode -----

Normal mode at the following harmonic frequency: 1581 cm-1

Potential energy distribution matrix (normalization check: 1.0)

Internal Coordinate (C, D3) (C, H1) (C, Cl) (C, H2) (Cl, C, H1) (Cl, C, H2) (Cl, C, D3) (H1, C, D3) (H2, C, D3)
            (C, D3)    0.00    0.00   -0.00    0.00        0.00        0.00        0.00        0.00        0.00
            (C, H1)    0.00    0.00   -0.00    0.00       -0.00       -0.00       -0.00        0.00       -0.00
            (C, Cl)   -0.00   -0.00    0.00   -0.00       -0.00       -0.00       -0.00       -0.00       -0.00
            (C, H2)    0.00    0.00   -0.00    0.00       -0.00       -0.00       -0.00       -0.00       -0.00
        (Cl, C, H1)    0.00   -0.00   -0.00   -0.00        0.09        0.04        0.00        0.05        0.05
        (Cl, C, H2)    0.00   -0.00   -0.00   -0.00        0.04        0.09        0.00        0.05        0.05
        (Cl, C, D3)    0.00   -0.00   -0.00   -0.00        0.00        0.00        0.00        0.00        0.00
        (H1, C, D3)    0.00    0.00   -0.00   -0.00        0.05        0.05        0.00        0.12        0.06
        (H2, C, D3)    0.00   -0.00   -0.00   -0.00        0.05        0.05        0.00        0.06        0.12

Kinetic energy distribution matrix (normalization check: 1.0)

Internal Coordinate (C, D3) (C, H1) (C, Cl) (C, H2) (Cl, C, H1) (Cl, C, H2) (Cl, C, D3) (H1, C, D3) (H2, C, D3)
            (C, D3)    0.00    0.00   -0.00    0.00        0.00        0.00        0.00        0.00        0.00
            (C, H1)    0.00    0.00   -0.00    0.00        0.00        0.00        0.00        0.00       -0.00
            (C, Cl)   -0.00   -0.00    0.01   -0.00       -0.01       -0.01       -0.00        0.00        0.00
            (C, H2)    0.00    0.00   -0.00    0.00        0.00        0.00        0.00       -0.00        0.00
        (Cl, C, H1)    0.00    0.00   -0.01    0.00        0.16        0.02        0.00        0.06        0.03
        (Cl, C, H2)    0.00    0.00   -0.01    0.00        0.02        0.16        0.00        0.03        0.06
        (Cl, C, D3)    0.00    0.00   -0.00    0.00        0.00        0.00        0.00        0.01        0.01
        (H1, C, D3)    0.00    0.00    0.00   -0.00        0.06        0.03        0.01        0.16        0.06
        (H2, C, D3)    0.00   -0.00    0.00    0.00        0.03        0.06        0.01        0.06        0.16

Total energy distribution matrix (normalization check: 1.0)

Internal Coordinate (C, D3) (C, H1) (C, Cl) (C, H2) (Cl, C, H1) (Cl, C, H2) (Cl, C, D3) (H1, C, D3) (H2, C, D3)
            (C, D3)    0.00    0.00   -0.00    0.00        0.00        0.00        0.00        0.00        0.00
            (C, H1)    0.00    0.00   -0.00    0.00        0.00       -0.00       -0.00        0.00       -0.00
            (C, Cl)   -0.00   -0.00    0.01   -0.00       -0.01       -0.01       -0.00        0.00        0.00
            (C, H2)    0.00    0.00   -0.00    0.00       -0.00        0.00       -0.00       -0.00        0.00
        (Cl, C, H1)    0.00    0.00   -0.01   -0.00        0.13        0.03        0.00        0.05        0.04
        (Cl, C, H2)    0.00   -0.00   -0.01    0.00        0.03        0.13        0.00        0.04        0.05
        (Cl, C, D3)    0.00   -0.00   -0.00   -0.00        0.00        0.00        0.00        0.01        0.01
        (H1, C, D3)    0.00    0.00    0.00   -0.00        0.05        0.04        0.01        0.14        0.06
        (H2, C, D3)    0.00   -0.00    0.00    0.00        0.04        0.05        0.01        0.06        0.14

----- Extended Results: Exact PED, KED and TED analysis per mode -----

Normal mode at the following harmonic frequency: 2414 cm-1

Potential energy distribution matrix (normalization check: 1.0)

Internal Coordinate (C, D3) (C, H1) (C, Cl) (C, H2) (Cl, C, H1) (Cl, C, H2) (Cl, C, D3) (H1, C, D3) (H2, C, D3)
            (C, D3)    1.00    0.00   -0.00    0.00        0.00        0.00       -0.00       -0.00       -0.00
            (C, H1)    0.00    0.00   -0.00    0.00       -0.00       -0.00        0.00       -0.00        0.00
            (C, Cl)   -0.00   -0.00    0.00   -0.00       -0.00       -0.00        0.00        0.00        0.00
            (C, H2)    0.00    0.00   -0.00    0.00       -0.00       -0.00        0.00        0.00        0.00
        (Cl, C, H1)    0.00   -0.00   -0.00   -0.00        0.00        0.00       -0.00       -0.00       -0.00
        (Cl, C, H2)    0.00   -0.00   -0.00   -0.00        0.00        0.00       -0.00       -0.00       -0.00
        (Cl, C, D3)   -0.00    0.00    0.00    0.00       -0.00       -0.00        0.00        0.00        0.00
        (H1, C, D3)   -0.00   -0.00    0.00    0.00       -0.00       -0.00        0.00        0.00        0.00
        (H2, C, D3)   -0.00    0.00    0.00    0.00       -0.00       -0.00        0.00        0.00        0.00

Kinetic energy distribution matrix (normalization check: 1.0)

Internal Coordinate (C, D3) (C, H1) (C, Cl) (C, H2) (Cl, C, H1) (Cl, C, H2) (Cl, C, D3) (H1, C, D3) (H2, C, D3)
            (C, D3)    1.09    0.00   -0.02    0.00        0.00        0.00       -0.02       -0.00       -0.00
            (C, H1)    0.00    0.00   -0.00    0.00        0.00        0.00       -0.00       -0.00        0.00
            (C, Cl)   -0.02   -0.00    0.02   -0.00       -0.00       -0.00        0.01       -0.00       -0.00
            (C, H2)    0.00    0.00   -0.00    0.00        0.00        0.00       -0.00        0.00       -0.00
        (Cl, C, H1)    0.00    0.00   -0.00    0.00        0.01        0.00       -0.00       -0.00       -0.00
        (Cl, C, H2)    0.00    0.00   -0.00    0.00        0.00        0.01       -0.00       -0.00       -0.00
        (Cl, C, D3)   -0.02   -0.00    0.01   -0.00       -0.00       -0.00        0.01        0.00        0.00
        (H1, C, D3)   -0.00   -0.00   -0.00    0.00       -0.00       -0.00        0.00        0.01        0.00
        (H2, C, D3)   -0.00    0.00   -0.00   -0.00       -0.00       -0.00        0.00        0.00        0.01

Total energy distribution matrix (normalization check: 1.0)

Internal Coordinate (C, D3) (C, H1) (C, Cl) (C, H2) (Cl, C, H1) (Cl, C, H2) (Cl, C, D3) (H1, C, D3) (H2, C, D3)
            (C, D3)    1.05    0.00   -0.01    0.00        0.00        0.00       -0.01       -0.00       -0.00
            (C, H1)    0.00    0.00   -0.00    0.00        0.00       -0.00        0.00       -0.00        0.00
            (C, Cl)   -0.01   -0.00    0.01   -0.00       -0.00       -0.00        0.00       -0.00       -0.00
            (C, H2)    0.00    0.00   -0.00    0.00       -0.00        0.00        0.00        0.00       -0.00
        (Cl, C, H1)    0.00    0.00   -0.00   -0.00        0.01        0.00       -0.00       -0.00       -0.00
        (Cl, C, H2)    0.00   -0.00   -0.00    0.00        0.00        0.01       -0.00       -0.00       -0.00
        (Cl, C, D3)   -0.01    0.00    0.00    0.00       -0.00       -0.00        0.01        0.00        0.00
        (H1, C, D3)   -0.00   -0.00   -0.00    0.00       -0.00       -0.00        0.00        0.01        0.00
        (H2, C, D3)   -0.00    0.00   -0.00   -0.00       -0.00       -0.00        0.00        0.00        0.01

----- Extended Results: Exact PED, KED and TED analysis per mode -----

Normal mode at the following harmonic frequency: 3264 cm-1

Potential energy distribution matrix (normalization check: 1.0)

Internal Coordinate (C, D3) (C, H1) (C, Cl) (C, H2) (Cl, C, H1) (Cl, C, H2) (Cl, C, D3) (H1, C, D3) (H2, C, D3)
            (C, D3)    0.01   -0.00    0.00   -0.00        0.00        0.00       -0.00       -0.00       -0.00
            (C, H1)   -0.00    0.50   -0.00    0.00        0.00        0.00       -0.00        0.00       -0.00
            (C, Cl)    0.00   -0.00    0.00   -0.00        0.00        0.00       -0.00       -0.00       -0.00
            (C, H2)   -0.00    0.00   -0.00    0.50        0.00        0.00       -0.00       -0.00       -0.00
        (Cl, C, H1)    0.00    0.00    0.00    0.00        0.00        0.00       -0.00       -0.00       -0.00
        (Cl, C, H2)    0.00    0.00    0.00    0.00        0.00        0.00       -0.00       -0.00       -0.00
        (Cl, C, D3)   -0.00   -0.00   -0.00   -0.00       -0.00       -0.00        0.00        0.00        0.00
        (H1, C, D3)   -0.00    0.00   -0.00   -0.00       -0.00       -0.00        0.00        0.00        0.00
        (H2, C, D3)   -0.00   -0.00   -0.00   -0.00       -0.00       -0.00        0.00        0.00        0.00

Kinetic energy distribution matrix (normalization check: 1.0)

Internal Coordinate (C, D3) (C, H1) (C, Cl) (C, H2) (Cl, C, H1) (Cl, C, H2) (Cl, C, D3) (H1, C, D3) (H2, C, D3)
            (C, D3)    0.01   -0.00    0.00   -0.00        0.00        0.00       -0.00       -0.00       -0.00
            (C, H1)   -0.00    0.54   -0.01    0.00       -0.00       -0.00        0.00        0.00       -0.00
            (C, Cl)    0.00   -0.01    0.01   -0.01        0.00        0.00       -0.01        0.00        0.00
            (C, H2)   -0.00    0.00   -0.01    0.54       -0.00       -0.00        0.00       -0.00        0.00
        (Cl, C, H1)    0.00   -0.00    0.00   -0.00        0.00        0.00       -0.00       -0.00       -0.00
        (Cl, C, H2)    0.00   -0.00    0.00   -0.00        0.00        0.00       -0.00       -0.00       -0.00
        (Cl, C, D3)   -0.00    0.00   -0.01    0.00       -0.00       -0.00        0.02        0.00        0.00
        (H1, C, D3)   -0.00    0.00    0.00   -0.00       -0.00       -0.00        0.00        0.00        0.00
        (H2, C, D3)   -0.00   -0.00    0.00    0.00       -0.00       -0.00        0.00        0.00        0.00

Total energy distribution matrix (normalization check: 1.0)

Internal Coordinate (C, D3) (C, H1) (C, Cl) (C, H2) (Cl, C, H1) (Cl, C, H2) (Cl, C, D3) (H1, C, D3) (H2, C, D3)
            (C, D3)    0.01   -0.00    0.00   -0.00        0.00        0.00       -0.00       -0.00       -0.00
            (C, H1)   -0.00    0.52   -0.00    0.00       -0.00       -0.00       -0.00        0.00       -0.00
            (C, Cl)    0.00   -0.00    0.01   -0.00        0.00        0.00       -0.00        0.00        0.00
            (C, H2)   -0.00    0.00   -0.00    0.52       -0.00       -0.00       -0.00       -0.00        0.00
        (Cl, C, H1)    0.00   -0.00    0.00   -0.00        0.00        0.00       -0.00       -0.00       -0.00
        (Cl, C, H2)    0.00   -0.00    0.00   -0.00        0.00        0.00       -0.00       -0.00       -0.00
        (Cl, C, D3)   -0.00   -0.00   -0.00   -0.00       -0.00       -0.00        0.01        0.00        0.00
        (H1, C, D3)   -0.00    0.00    0.00   -0.00       -0.00       -0.00        0.00        0.00        0.00
        (H2, C, D3)   -0.00   -0.00    0.00    0.00       -0.00       -0.00        0.00        0.00        0.00

----- Extended Results: Exact PED, KED and TED analysis per mode -----

Normal mode at the following harmonic frequency: 3329 cm-1

Potential energy distribution matrix (normalization check: 1.0)

Internal Coordinate (C, D3) (C, H1) (C, Cl) (C, H2) (Cl, C, H1) (Cl, C, H2) (Cl, C, D3) (H1, C, D3) (H2, C, D3)
            (C, D3)    0.00   -0.00    0.00    0.00        0.00       -0.00       -0.00        0.00       -0.00
            (C, H1)   -0.00    0.51   -0.00   -0.00        0.00       -0.00       -0.00       -0.00       -0.00
            (C, Cl)    0.00   -0.00    0.00    0.00        0.00       -0.00       -0.00        0.00       -0.00
            (C, H2)    0.00   -0.00    0.00    0.51       -0.00        0.00        0.00       -0.00        0.00
        (Cl, C, H1)    0.00    0.00    0.00   -0.00        0.00       -0.00       -0.00        0.00       -0.00
        (Cl, C, H2)   -0.00   -0.00   -0.00    0.00       -0.00        0.00        0.00       -0.00        0.00
        (Cl, C, D3)   -0.00   -0.00   -0.00    0.00       -0.00        0.00        0.00       -0.00        0.00
        (H1, C, D3)    0.00   -0.00    0.00   -0.00        0.00       -0.00       -0.00        0.00       -0.00
        (H2, C, D3)   -0.00   -0.00   -0.00    0.00       -0.00        0.00        0.00       -0.00        0.00

Kinetic energy distribution matrix (normalization check: 1.0)

Internal Coordinate (C, D3) (C, H1) (C, Cl) (C, H2) (Cl, C, H1) (Cl, C, H2) (Cl, C, D3) (H1, C, D3) (H2, C, D3)
            (C, D3)    0.00   -0.00    0.00    0.00        0.00       -0.00       -0.00        0.00       -0.00
            (C, H1)   -0.00    0.58   -0.00   -0.00       -0.01        0.00        0.00       -0.00       -0.00
            (C, Cl)    0.00   -0.00    0.00    0.00        0.00       -0.00       -0.00       -0.00        0.00
            (C, H2)    0.00   -0.00    0.00    0.58        0.00       -0.01       -0.00       -0.00       -0.00
        (Cl, C, H1)    0.00   -0.01    0.00    0.00        0.01       -0.00       -0.00        0.00       -0.00
        (Cl, C, H2)   -0.00    0.00   -0.00   -0.01       -0.00        0.01        0.00       -0.00        0.00
        (Cl, C, D3)   -0.00    0.00   -0.00   -0.00       -0.00        0.00        0.00       -0.00        0.00
        (H1, C, D3)    0.00   -0.00   -0.00   -0.00        0.00       -0.00       -0.00        0.01       -0.00
        (H2, C, D3)   -0.00   -0.00    0.00   -0.00       -0.00        0.00        0.00       -0.00        0.01

Total energy distribution matrix (normalization check: 1.0)

Internal Coordinate (C, D3) (C, H1) (C, Cl) (C, H2) (Cl, C, H1) (Cl, C, H2) (Cl, C, D3) (H1, C, D3) (H2, C, D3)
            (C, D3)    0.00   -0.00    0.00    0.00        0.00       -0.00       -0.00        0.00       -0.00
            (C, H1)   -0.00    0.54   -0.00   -0.00       -0.00        0.00       -0.00       -0.00       -0.00
            (C, Cl)    0.00   -0.00    0.00    0.00        0.00       -0.00       -0.00       -0.00        0.00
            (C, H2)    0.00   -0.00    0.00    0.54        0.00       -0.00        0.00       -0.00       -0.00
        (Cl, C, H1)    0.00   -0.00    0.00    0.00        0.01       -0.00       -0.00        0.00       -0.00
        (Cl, C, H2)   -0.00    0.00   -0.00   -0.00       -0.00        0.01        0.00       -0.00        0.00
        (Cl, C, D3)   -0.00   -0.00   -0.00    0.00       -0.00        0.00        0.00       -0.00        0.00
        (H1, C, D3)    0.00   -0.00   -0.00   -0.00        0.00       -0.00       -0.00        0.00       -0.00
        (H2, C, D3)   -0.00   -0.00    0.00   -0.00       -0.00        0.00        0.00       -0.00        0.00

