
 Running default procedure: HF-SCF000

 PROGRAM * ALASKA (Gradient of the energy)     Author: R. Lindh

 Orbitals from record         2100.2

 Number of closed-shell orbitals:  5 (  4  1 )
 Number of occupied orbitals:      5 (  4  1 )

 Number of electrons= 10     Singlet     Space symmetry=1      Wavefunction type: CLOSED          


 SCF GRADIENT FOR STATE 1.1

 Atom          dE/dx               dE/dy               dE/dz

   1         0.000000000        -0.034478426        -0.013588308
   2         0.000000000         0.009028382         0.027627985
   3         0.000000000         0.025450044        -0.014039677

 Nuclear force contribution to virial =         0.106353616

 PQS Optimization using delocalized internal coordinates

 Options:  IOptC=   -1  IGen=     1  IType=    0  NMol=     1  NFix=     0  NDum=     0  NCons=    0  NCOMP=    0  NPCOMP=   0
           NCnnct=   0  NDrive=   0  MaxDis=   0  IUpDAT=  -1  MaxCYC= 100  IHess=   -1  LThrsh= 165  IQmm=     0  IPRNT=    2  SCAN=     F  TSFlag=   F


** GENERATION OF INTERNAL COORDINATES **

 Generating primitive internal coordinates

 OPTIMIZATION WILL USE DELOCALIZED INTERNAL COORDINATES
 Reading points 1 to 1 from record 700.2,  wavefunction type=HF-SCF000       


** GEOMETRY OPTIMIZATION IN DELOCALIZED INTERNAL COORDINATES **
   Searching for a Minimum

                       Coordinates (Angstroms)
     ATOM              X           Y           Z
    1  o           0.000000   -0.369847   -0.145760
    2  h           0.000000   -0.094913    0.782926
    3  h           0.000000    0.464760   -0.637166
   Point Group: C2V   Number of degrees of freedom:   2


   Energy is    -76.045431939


 Generating delocalized internal coordinates

 Transformed gradient to internal coordinates by solving linear equations directly
 calling defhes,  ndeg=   2  nprim=    3  ihess=-1
 Setting up Default Primitive Hessian
 calling defHPRIM

 Optimization cycle:  0  IOptC=-1  IGen= 1  NPrim=   3  NDEG=   2
 calling ConINT
 calling optint

  2 Hessian modes will be used to form the next step
  Hessian Eigenvalues:
     0.160000    0.536787

 Minimum Search - Taking Simple RFO Step

 Solving AH equations explicitly.

 eigenvalues of AH matrix
     1-   3   -0.003141    0.160014    0.539914

 Taking root 1 of AH matrix
 Value Taken    Lambda =  -0.00314053

 D
     1-   2   -0.038715    0.066151
 Step Taken.  Stepsize is  0.076647

                             Maximum     Tolerance    Cnvgd?
         Gradient           0.033637      0.000300      NO
         Displacement       0.066151      0.000300      NO
         Energy change    -76.045432      0.000001      NO


 ** Cycle    1  Energy    -76.045431939   RMSG  0.02907   RMSD  0.05420 **
 calling GetCART

 Computing New Cartesian Coordinates by Inverse Iteration. Initial steplength=  0.076647, threshold=  5.0D-09, MAXIT=40,  MAXREP=10
 it=   1, steplength=  0.5420D-01, stepmax=  0.6615D-01
 it=   2, steplength=  0.1966D-03, stepmax=  0.2372D-03
 it=   3, steplength=  0.1713D-07, stepmax=  0.2100D-07
 it=   4, steplength=  0.3519D-14, stepmax=  0.3886D-14
 Full backtransformation converged in  4 cycles. Step lengths:  0.076647 (internal),  0.061991 (cartesian)

                       Coordinates (Angstroms)
     ATOM              X           Y           Z
    1  o           0.000000   -0.356870   -0.140646
    2  h           0.000000   -0.094140    0.761946
    3  h           0.000000    0.451011   -0.621299

 Displacement from previous Coordinates is:  0.061991

 Geometry written to block  2 of record 700


 Recomputing integrals since geometry changed


 PROGRAM * SEWARD (Integral evaluation for generally contracted gaussian basis sets)     Author: Roland Lindh, 1990

 Geometry written to block  2 of record 700


 Point group  Cs  



 ATOMIC COORDINATES

 NR  ATOM    CHARGE       X              Y              Z

   1  O1      8.00    0.000000000   -0.674387403   -0.265783131
   2  H2      1.00    0.000000000   -0.177899630    1.439868622
   3  H3      1.00    0.000000000    0.852287033   -1.174085490

 Bond lengths in Bohr (Angstrom)

 1-2  1.776442515  1-3  1.776442515
     ( 0.940052896)     ( 0.940052896)

 Bond angles

  2-1-3  104.52130709

 NUCLEAR CHARGE:                   10
 NUMBER OF PRIMITIVE AOS:          48
 NUMBER OF SYMMETRY AOS:           47
 NUMBER OF CONTRACTIONS:           30   (   23A'  +    7A"  )
 NUMBER OF INNER CORE ORBITALS:     0   (    0A'  +    0A"  )
 NUMBER OF OUTER CORE ORBITALS:     1   (    1A'  +    0A"  )
 NUMBER OF VALENCE ORBITALS:        6   (    5A'  +    1A"  )


 NUCLEAR REPULSION ENERGY    9.36268315

 Eigenvalues of metric

         1 0.168E-01 0.384E-01 0.897E-01 0.960E-01 0.115E+00 0.118E+00 0.141E+00 0.286E+00
         2 0.216E+00 0.440E+00 0.634E+00 0.904E+00 0.119E+01 0.131E+01 0.230E+01


 Contracted 2-electron integrals neglected if value below      1.0D-11
 AO integral compression algorithm  1   Integral accuracy      1.0D-11

     0.524 MB (compressed) written to integral file ( 92.8%)


 NUMBER OF SORTED TWO-ELECTRON INTEGRALS:      61816.     BUFFER LENGTH:  32768
 NUMBER OF SEGMENTS:   1  SEGMENT LENGTH:      61816      RECORD LENGTH: 524288

 Memory used in sort:       0.62 MW

 SORT1 READ       79218. AND WROTE       55476. INTEGRALS IN      1 RECORDS. CPU TIME:     0.00 SEC, REAL TIME:     0.00 SEC
 SORT2 READ       55476. AND WROTE       61816. INTEGRALS IN      2 RECORDS. CPU TIME:     0.01 SEC, REAL TIME:     0.01 SEC

 FILE SIZES:   FILE 1:    30.6 MBYTE,  FILE 4:     4.5 MBYTE,   TOTAL:     35.0 MBYTE

 OPERATOR DM      FOR CENTER  0  COORDINATES:    0.000000    0.000000    0.000000

 Program * Restricted Hartree-Fock

 Molecular orbitals read from record     2100.2  Type=RHF/CANONICAL  

 NELEC=   10   SYM=1   MS2= 0   THRE=1.0D-08   THRD=1.0D-06   THRG=1.0D-06  HFMA2=F  DIIS_START=2   DIIS_MAX=10   DIIS_INCORE=F

 Level shifts:    0.00 (CLOSED)    0.00 (OPEN)    0.30 (GAP_MIN)

 ITER           ETOT              DE          GRAD        DDIFF     DIIS  NEXP   TIME(IT)  TIME(TOT)  DIAG
   1      -76.04645015     -76.04645015     0.00D+00     0.11D+00     0     0       0.00      0.00    start
   2      -76.04693592      -0.00048576     0.29D-02     0.12D-02     1     0       0.00      0.00    diag
   3      -76.04697516      -0.00003925     0.84D-03     0.53D-03     2     0       0.00      0.00    diag
   4      -76.04698399      -0.00000883     0.35D-03     0.17D-03     3     0       0.00      0.00    diag
   5      -76.04698483      -0.00000084     0.70D-04     0.75D-04     4     0       0.00      0.00    diag
   6      -76.04698490      -0.00000007     0.17D-04     0.25D-04     5     0       0.00      0.00    diag
   7      -76.04698490      -0.00000000     0.31D-05     0.45D-05     6     0       0.00      0.00    diag
   8      -76.04698490      -0.00000000     0.50D-06     0.67D-06     7     0       0.00      0.00    fixocc
   9      -76.04698490      -0.00000000     0.79D-07     0.61D-07     0     0       0.00      0.00    diag

 Final occupancy:   4   1

 !RHF STATE 1.1 Energy                -76.046984900985
  RHF One-electron energy            -123.451215946899
  RHF Two-electron energy              38.041547897107
  RHF Kinetic energy                   76.128119655433
  RHF Nuclear energy                    9.362683148807
  RHF Virial quotient                  -0.998934234094

 !RHF STATE 1.1 Dipole moment           0.00000000     0.78725386     0.31026498
 Dipole moment /Debye                   0.00000000     2.00099973     0.78861493

 Orbital energies:

           1.1          2.1          3.1          4.1          5.1          6.1
    -20.541685    -1.350424    -0.715902    -0.574960     0.152473     0.218815

           1.2          2.2          3.2
     -0.501088     1.002872     1.519309


 HOMO      1.2    -0.501088 =     -13.6353eV
 LUMO      5.1     0.152473 =       4.1490eV
 LUMO-HOMO         0.653561 =      17.7843eV

 Orbitals saved in record  2100.2


 **********************************************************************************************************************************
 DATASETS  * FILE   NREC   LENGTH (MB)   RECORD NAMES
              1      19       28.95       500      610      700      900      950      970     1000      129      960     1100   
                                          VAR    BASINP    GEOM    SYMINP    ZMAT    AOBASIS   BASIS     P2S    ABASIS      S 
                                         1400     1410     1200     1210     1080     1600     1650     1300     1700   
                                           T        V       H0       H01     AOSYM     SMH    MOLCAS    ERIS     OPER   

              2       4        0.42       700     1000      520     2100   
                                         GEOM     BASIS   MCVARS     RHF  

 PROGRAMS   *        TOTAL    HF-SCF    HF-SCF       INT
 CPU TIMES  *         0.33      0.05      0.01      0.13
 REAL TIME  *         0.40 SEC
 DISK USED  *        33.91 MB
 **********************************************************************************************************************************

 PROGRESS OF GEOMETRY OPTIMIZATION.    TOTAL CPU:         0.1 SEC
   1   -76.04543194   -76.04698490    -0.00155296  0.03363663  0.04111605  0.02907344  0.06615145  0.07664742  0.05419791

 **********************************************************************************************************************************

 Current geometry (xyz format, in Angstrom)

    3
 HF-SCF000/6-311G(D,P)  ENERGY=-76.04698490
 O          0.0000000000       -0.3568704450       -0.1406463760
 H          0.0000000000       -0.0941404301        0.7619456613
 H          0.0000000000        0.4510108751       -0.6212992852

 **********************************************************************************************************************************

 PROGRAM * ALASKA (Gradient of the energy)     Author: R. Lindh

 Orbitals from record         2100.2

 Number of closed-shell orbitals:  5 (  4  1 )
 Number of occupied orbitals:      5 (  4  1 )

 Number of electrons= 10     Singlet     Space symmetry=1      Wavefunction type: CLOSED          


 SCF GRADIENT FOR STATE 1.1

 Atom          dE/dx               dE/dy               dE/dz

   1         0.000000000        -0.000670316        -0.000264179
   2         0.000000000         0.001169669        -0.001985365
   3         0.000000000        -0.000499353         0.002249543

 Nuclear force contribution to virial =        -0.005611229

 PQS Optimization using delocalized internal coordinates
 Reading points 1 to 2 from record 700.2,  wavefunction type=HF-SCF000       

** REGENERATION OF INTERNAL COORDINATES **

 Generating primitive internal coordinates

 Cartesian Hessian Update
 Hessian Updated using BFGS Update


** GEOMETRY OPTIMIZATION IN DELOCALIZED INTERNAL COORDINATES **
   Searching for a Minimum

                       Coordinates (Angstroms)
     ATOM              X           Y           Z
    1  o           0.000000   -0.356870   -0.140646
    2  h           0.000000   -0.094140    0.761946
    3  h           0.000000    0.451011   -0.621299
   Point Group: C2V   Number of degrees of freedom:   2


   Energy is    -76.046984901


 Generating delocalized internal coordinates

 Transformed gradient to internal coordinates by solving linear equations directly
 calling UTPrim, igen= 1
 calling updhes1, igen= 1  change=F  nprim=    3  ihess= 1  iupdat= 4
 Hessian Updated using BFGS Update

 Optimization cycle:  1  IOptC=-1  IGen= 1  NPrim=   3  NDEG=   2
 calling ConINT
 calling optint

  2 Hessian modes will be used to form the next step
  Hessian Eigenvalues:
     0.156388    0.577537

 Minimum Search - Taking Simple RFO Step

 Solving AH equations explicitly.

 eigenvalues of AH matrix
     1-   3   -0.000060    0.156437    0.577548

 Taking root 1 of AH matrix
 Value Taken    Lambda =  -0.00005956

 D
     1-   2    0.015640    0.009255
 Step Taken.  Stepsize is  0.018173

                             Maximum     Tolerance    Cnvgd?
         Gradient           0.033637      0.000300      NO
         Displacement       0.066151      0.000300      NO
         Energy change     -0.001553      0.000001      NO


 ** Cycle    2  Energy    -76.046984901   RMSG  0.00263   RMSD  0.01285 **
 calling GetCART

 Computing New Cartesian Coordinates by Inverse Iteration. Initial steplength=  0.018173, threshold=  5.0D-09, MAXIT=40,  MAXREP=10
 it=   1, steplength=  0.1285D-01, stepmax=  0.1564D-01
 it=   2, steplength=  0.7300D-04, stepmax=  0.9104D-04
 it=   3, steplength=  0.5654D-09, stepmax=  0.6897D-09
 Full backtransformation converged in  3 cycles. Step lengths:  0.018173 (internal),  0.018451 (cartesian)

                       Coordinates (Angstroms)
     ATOM              X           Y           Z
    1  o           0.000000   -0.353088   -0.139156
    2  h           0.000000   -0.098209    0.766725
    3  h           0.000000    0.451297   -0.627570

 Displacement from previous Coordinates is:  0.018451

 Geometry written to block  3 of record 700


 Recomputing integrals since geometry changed


 PROGRAM * SEWARD (Integral evaluation for generally contracted gaussian basis sets)     Author: Roland Lindh, 1990

 Geometry written to block  3 of record 700


 Point group  Cs  



 ATOMIC COORDINATES

 NR  ATOM    CHARGE       X              Y              Z

   1  O1      8.00    0.000000000   -0.667239376   -0.262966019
   2  H2      1.00    0.000000000   -0.185588441    1.448900787
   3  H3      1.00    0.000000000    0.852827817   -1.185934768

 Bond lengths in Bohr (Angstrom)

 1-2  1.778335059  1-3  1.778335059
     ( 0.941054387)     ( 0.941054387)

 Bond angles

  2-1-3  105.55120082

 NUCLEAR CHARGE:                   10
 NUMBER OF PRIMITIVE AOS:          48
 NUMBER OF SYMMETRY AOS:           47
 NUMBER OF CONTRACTIONS:           30   (   23A'  +    7A"  )
 NUMBER OF INNER CORE ORBITALS:     0   (    0A'  +    0A"  )
 NUMBER OF OUTER CORE ORBITALS:     1   (    1A'  +    0A"  )
 NUMBER OF VALENCE ORBITALS:        6   (    5A'  +    1A"  )


 NUCLEAR REPULSION ENERGY    9.35027725

 Eigenvalues of metric

         1 0.170E-01 0.384E-01 0.897E-01 0.963E-01 0.115E+00 0.118E+00 0.142E+00 0.286E+00
         2 0.216E+00 0.441E+00 0.634E+00 0.905E+00 0.119E+01 0.132E+01 0.230E+01


 Contracted 2-electron integrals neglected if value below      1.0D-11
 AO integral compression algorithm  1   Integral accuracy      1.0D-11

     0.524 MB (compressed) written to integral file ( 92.6%)


 NUMBER OF SORTED TWO-ELECTRON INTEGRALS:      61816.     BUFFER LENGTH:  32768
 NUMBER OF SEGMENTS:   1  SEGMENT LENGTH:      61816      RECORD LENGTH: 524288

 Memory used in sort:       0.62 MW

 SORT1 READ       79218. AND WROTE       55476. INTEGRALS IN      1 RECORDS. CPU TIME:     0.00 SEC, REAL TIME:     0.00 SEC
 SORT2 READ       55476. AND WROTE       61816. INTEGRALS IN      2 RECORDS. CPU TIME:     0.01 SEC, REAL TIME:     0.01 SEC

 FILE SIZES:   FILE 1:    30.6 MBYTE,  FILE 4:     4.5 MBYTE,   TOTAL:     35.0 MBYTE

 OPERATOR DM      FOR CENTER  0  COORDINATES:    0.000000    0.000000    0.000000

 Program * Restricted Hartree-Fock

 Molecular orbitals read from record     2100.2  Type=RHF/CANONICAL  

 NELEC=   10   SYM=1   MS2= 0   THRE=1.0D-08   THRD=1.0D-06   THRG=1.0D-06  HFMA2=F  DIIS_START=2   DIIS_MAX=10   DIIS_INCORE=F

 Level shifts:    0.00 (CLOSED)    0.00 (OPEN)    0.30 (GAP_MIN)

 ITER           ETOT              DE          GRAD        DDIFF     DIIS  NEXP   TIME(IT)  TIME(TOT)  DIAG
   1      -76.04699574     -76.04699574     0.00D+00     0.11D+00     0     0       0.00      0.00    start
   2      -76.04701093      -0.00001518     0.44D-03     0.44D-03     1     0       0.00      0.00    diag
   3      -76.04701175      -0.00000082     0.82D-04     0.15D-03     2     0       0.00      0.00    diag
   4      -76.04701178      -0.00000003     0.20D-04     0.23D-04     3     0       0.00      0.00    diag
   5      -76.04701179      -0.00000000     0.69D-05     0.10D-04     4     0       0.00      0.00    diag
   6      -76.04701179      -0.00000000     0.12D-05     0.13D-05     5     0       0.00      0.00    diag
   7      -76.04701179      -0.00000000     0.29D-06     0.41D-06     6     0       0.00      0.00    diag
   8      -76.04701179      -0.00000000     0.46D-07     0.40D-07     0     0       0.00      0.00    fixocc

 Final occupancy:   4   1

 !RHF STATE 1.1 Energy                -76.047011786442
  RHF One-electron energy            -123.432650249040
  RHF Two-electron energy              38.035361216571
  RHF Kinetic energy                   76.122411432198
  RHF Nuclear energy                    9.350277246027
  RHF Virial quotient                  -0.999009494782

 !RHF STATE 1.1 Dipole moment           0.00000000     0.78198820     0.30818973
 Dipole moment /Debye                   0.00000000     1.98761574     0.78334016

 Orbital energies:

           1.1          2.1          3.1          4.1          5.1          6.1
    -20.541302    -1.349025    -0.717351    -0.572659     0.152611     0.218553

           1.2          2.2          3.2
     -0.500626     1.003131     1.515574


 HOMO      1.2    -0.500626 =     -13.6227eV
 LUMO      5.1     0.152611 =       4.1528eV
 LUMO-HOMO         0.653238 =      17.7755eV

 Orbitals saved in record  2100.2


 **********************************************************************************************************************************
 DATASETS  * FILE   NREC   LENGTH (MB)   RECORD NAMES
              1      19       28.95       500      610      700      900      950      970     1000      129      960     1100   
                                          VAR    BASINP    GEOM    SYMINP    ZMAT    AOBASIS   BASIS     P2S    ABASIS      S 
                                         1400     1410     1200     1210     1080     1600     1650     1300     1700   
                                           T        V       H0       H01     AOSYM     SMH    MOLCAS    ERIS     OPER   

              2       4        0.42       700     1000      520     2100   
                                         GEOM     BASIS   MCVARS     RHF  

 PROGRAMS   *        TOTAL    HF-SCF    HF-SCF       INT
 CPU TIMES  *         0.41      0.05      0.01      0.13
 REAL TIME  *         0.51 SEC
 DISK USED  *        33.91 MB
 **********************************************************************************************************************************

 PROGRESS OF GEOMETRY OPTIMIZATION.    TOTAL CPU:         0.2 SEC
   1   -76.04543194   -76.04698490    -0.00155296  0.03363663  0.04111605  0.02907344  0.06615145  0.07664742  0.05419791
   2   -76.04698490   -76.04701179    -0.00002689  0.00372188  0.00372472  0.00263378  0.01563981  0.01817320  0.01285040

 **********************************************************************************************************************************

 Current geometry (xyz format, in Angstrom)

    3
 HF-SCF000/6-311G(D,P)  ENERGY=-76.04701179
 O          0.0000000000       -0.3530878720       -0.1391556244
 H          0.0000000000       -0.0982091737        0.7667252771
 H          0.0000000000        0.4512970456       -0.6275696527

 **********************************************************************************************************************************

 PROGRAM * ALASKA (Gradient of the energy)     Author: R. Lindh

 Orbitals from record         2100.2

 Number of closed-shell orbitals:  5 (  4  1 )
 Number of occupied orbitals:      5 (  4  1 )

 Number of electrons= 10     Singlet     Space symmetry=1      Wavefunction type: CLOSED          


 SCF GRADIENT FOR STATE 1.1

 Atom          dE/dx               dE/dy               dE/dz

   1         0.000000000         0.000076713         0.000030233
   2         0.000000000        -0.000114256         0.000177468
   3         0.000000000         0.000037543        -0.000207701

 Nuclear force contribution to virial =         0.000497540

 PQS Optimization using delocalized internal coordinates
 Reading points 1 to 3 from record 700.2,  wavefunction type=HF-SCF000       

** REGENERATION OF INTERNAL COORDINATES **

 Generating primitive internal coordinates

 Cartesian Hessian Update
 Hessian Updated using BFGS Update


** GEOMETRY OPTIMIZATION IN DELOCALIZED INTERNAL COORDINATES **
   Searching for a Minimum

                       Coordinates (Angstroms)
     ATOM              X           Y           Z
    1  o           0.000000   -0.353088   -0.139156
    2  h           0.000000   -0.098209    0.766725
    3  h           0.000000    0.451297   -0.627570
   Point Group: C2V   Number of degrees of freedom:   2


   Energy is    -76.047011786


 Generating delocalized internal coordinates

 Transformed gradient to internal coordinates by solving linear equations directly
 calling UTPrim, igen= 1
 calling updhes1, igen= 1  change=F  nprim=    3  ihess= 1  iupdat= 4
 Hessian Updated using BFGS Update

 Optimization cycle:  2  IOptC=-1  IGen= 1  NPrim=   3  NDEG=   2
 calling ConINT
 calling optint

  2 Hessian modes will be used to form the next step
  Hessian Eigenvalues:
     0.168437    0.586674

 Minimum Search - Taking Simple RFO Step

 Solving AH equations explicitly.

 eigenvalues of AH matrix
     1-   3   -0.000000    0.168437    0.586674

 Taking root 1 of AH matrix
 Value Taken    Lambda =  -0.00000048

 D
     1-   2   -0.001333   -0.000827
 Step Taken.  Stepsize is  0.001569

                             Maximum     Tolerance    Cnvgd?
         Gradient           0.003722      0.000300      NO
         Displacement       0.015640      0.000300      NO
         Energy change     -0.000027      0.000001      NO


 ** Cycle    3  Energy    -76.047011786   RMSG  0.00024   RMSD  0.00111 **
 calling GetCART

 Computing New Cartesian Coordinates by Inverse Iteration. Initial steplength=  0.001569, threshold=  5.0D-09, MAXIT=40,  MAXREP=10
 it=   1, steplength=  0.1109D-02, stepmax=  0.1333D-02
 it=   2, steplength=  0.5451D-06, stepmax=  0.6687D-06
 it=   3, steplength=  0.2756D-13, stepmax=  0.3064D-13
 Full backtransformation converged in  3 cycles. Step lengths:  0.001569 (internal),  0.001582 (cartesian)

                       Coordinates (Angstroms)
     ATOM              X           Y           Z
    1  o           0.000000   -0.353420   -0.139286
    2  h           0.000000   -0.097858    0.766321
    3  h           0.000000    0.451278   -0.627034

 Displacement from previous Coordinates is:  0.001582

 Geometry written to block  4 of record 700


 Recomputing integrals since geometry changed


 PROGRAM * SEWARD (Integral evaluation for generally contracted gaussian basis sets)     Author: Roland Lindh, 1990

 Geometry written to block  4 of record 700


 Point group  Cs  



 ATOMIC COORDINATES

 NR  ATOM    CHARGE       X              Y              Z

   1  O1      8.00    0.000000000   -0.667866098   -0.263213016
   2  H2      1.00    0.000000000   -0.184924970    1.448135930
   3  H3      1.00    0.000000000    0.852791068   -1.184922913

 Bond lengths in Bohr (Angstrom)

 1-2  1.778186534  1-3  1.778186534
     ( 0.940975790)     ( 0.940975790)

 Bond angles

  2-1-3  105.46212594

 NUCLEAR CHARGE:                   10
 NUMBER OF PRIMITIVE AOS:          48
 NUMBER OF SYMMETRY AOS:           47
 NUMBER OF CONTRACTIONS:           30   (   23A'  +    7A"  )
 NUMBER OF INNER CORE ORBITALS:     0   (    0A'  +    0A"  )
 NUMBER OF OUTER CORE ORBITALS:     1   (    1A'  +    0A"  )
 NUMBER OF VALENCE ORBITALS:        6   (    5A'  +    1A"  )


 NUCLEAR REPULSION ENERGY    9.35126701

 Eigenvalues of metric

         1 0.170E-01 0.384E-01 0.897E-01 0.963E-01 0.115E+00 0.118E+00 0.142E+00 0.286E+00
         2 0.216E+00 0.441E+00 0.634E+00 0.905E+00 0.119E+01 0.132E+01 0.230E+01


 Contracted 2-electron integrals neglected if value below      1.0D-11
 AO integral compression algorithm  1   Integral accuracy      1.0D-11

     0.524 MB (compressed) written to integral file ( 92.6%)


 NUMBER OF SORTED TWO-ELECTRON INTEGRALS:      61816.     BUFFER LENGTH:  32768
 NUMBER OF SEGMENTS:   1  SEGMENT LENGTH:      61816      RECORD LENGTH: 524288

 Memory used in sort:       0.62 MW

 SORT1 READ       79218. AND WROTE       55476. INTEGRALS IN      1 RECORDS. CPU TIME:     0.00 SEC, REAL TIME:     0.01 SEC
 SORT2 READ       55476. AND WROTE       61816. INTEGRALS IN      2 RECORDS. CPU TIME:     0.01 SEC, REAL TIME:     0.01 SEC

 FILE SIZES:   FILE 1:    30.6 MBYTE,  FILE 4:     4.5 MBYTE,   TOTAL:     35.0 MBYTE

 OPERATOR DM      FOR CENTER  0  COORDINATES:    0.000000    0.000000    0.000000

 Program * Restricted Hartree-Fock

 Molecular orbitals read from record     2100.2  Type=RHF/CANONICAL  

 NELEC=   10   SYM=1   MS2= 0   THRE=1.0D-08   THRD=1.0D-07   THRG=1.0D-07  HFMA2=F  DIIS_START=2   DIIS_MAX=10   DIIS_INCORE=F

 Level shifts:    0.00 (CLOSED)    0.00 (OPEN)    0.30 (GAP_MIN)

 ITER           ETOT              DE          GRAD        DDIFF     DIIS  NEXP   TIME(IT)  TIME(TOT)  DIAG
   1      -76.04701191     -76.04701191     0.00D+00     0.11D+00     0     0       0.00      0.00    start
   2      -76.04701202      -0.00000011     0.38D-04     0.38D-04     1     0       0.00      0.00    diag
   3      -76.04701203      -0.00000001     0.71D-05     0.13D-04     2     0       0.00      0.00    diag
   4      -76.04701203      -0.00000000     0.16D-05     0.21D-05     3     0       0.00      0.00    diag
   5      -76.04701203      -0.00000000     0.59D-06     0.83D-06     4     0       0.00      0.00    diag
   6      -76.04701203      -0.00000000     0.11D-06     0.12D-06     5     0       0.00      0.00    diag
   7      -76.04701203      -0.00000000     0.26D-07     0.36D-07     6     0       0.00      0.00    diag
   8      -76.04701203       0.00000000     0.40D-08     0.34D-08     0     0       0.00      0.00    fixocc

 Final occupancy:   4   1

 !RHF STATE 1.1 Energy                -76.047012027789
  RHF One-electron energy            -123.434110648527
  RHF Two-electron energy              38.035831612831
  RHF Kinetic energy                   76.122871594257
  RHF Nuclear energy                    9.351267007907
  RHF Virial quotient                  -0.999003458949

 !RHF STATE 1.1 Dipole moment           0.00000000     0.78245125     0.30837222
 Dipole moment /Debye                   0.00000000     1.98879270     0.78380401

 Orbital energies:

           1.1          2.1          3.1          4.1          5.1          6.1
    -20.541337    -1.349141    -0.717223    -0.572857     0.152599     0.218574

           1.2          2.2          3.2
     -0.500666     1.003109     1.515891


 HOMO      1.2    -0.500666 =     -13.6238eV
 LUMO      5.1     0.152599 =       4.1524eV
 LUMO-HOMO         0.653265 =      17.7762eV

 Orbitals saved in record  2100.2


 **********************************************************************************************************************************
 DATASETS  * FILE   NREC   LENGTH (MB)   RECORD NAMES
              1      19       28.95       500      610      700      900      950      970     1000      129      960     1100   
                                          VAR    BASINP    GEOM    SYMINP    ZMAT    AOBASIS   BASIS     P2S    ABASIS      S 
                                         1400     1410     1200     1210     1080     1600     1650     1300     1700   
                                           T        V       H0       H01     AOSYM     SMH    MOLCAS    ERIS     OPER   

              2       4        0.42       700     1000      520     2100   
                                         GEOM     BASIS   MCVARS     RHF  

 PROGRAMS   *        TOTAL    HF-SCF    HF-SCF       INT
 CPU TIMES  *         0.52      0.07      0.01      0.13
 REAL TIME  *         0.65 SEC
 DISK USED  *        33.91 MB
 **********************************************************************************************************************************

 PROGRESS OF GEOMETRY OPTIMIZATION.    TOTAL CPU:         0.3 SEC
   1   -76.04543194   -76.04698490    -0.00155296  0.03363663  0.04111605  0.02907344  0.06615145  0.07664742  0.05419791
   2   -76.04698490   -76.04701179    -0.00002689  0.00372188  0.00372472  0.00263378  0.01563981  0.01817320  0.01285040
   3   -76.04701179   -76.04701203    -0.00000024  0.00034271  0.00034371  0.00024304  0.00133313  0.00156878  0.00110929

 **********************************************************************************************************************************

 Current geometry (xyz format, in Angstrom)

    3
 HF-SCF000/6-311G(D,P)  ENERGY=-76.04701203
 O          0.0000000000       -0.3534195188       -0.1392863299
 H          0.0000000000       -0.0978580799        0.7663205324
 H          0.0000000000        0.4512775987       -0.6270342024

 **********************************************************************************************************************************

 PROGRAM * ALASKA (Gradient of the energy)     Author: R. Lindh

 Orbitals from record         2100.2

 Number of closed-shell orbitals:  5 (  4  1 )
 Number of occupied orbitals:      5 (  4  1 )

 Number of electrons= 10     Singlet     Space symmetry=1      Wavefunction type: CLOSED          


 SCF GRADIENT FOR STATE 1.1

 Atom          dE/dx               dE/dy               dE/dz

   1         0.000000000         0.000000022         0.000000009
   2         0.000000000        -0.000000790         0.000001974
   3         0.000000000         0.000000769        -0.000001982

 Nuclear force contribution to virial =         0.000005993

 PQS Optimization using delocalized internal coordinates
 Reading points 1 to 4 from record 700.2,  wavefunction type=HF-SCF000       

** REGENERATION OF INTERNAL COORDINATES **

 Generating primitive internal coordinates

 Cartesian Hessian Update
 Hessian Updated using BFGS Update


** GEOMETRY OPTIMIZATION IN DELOCALIZED INTERNAL COORDINATES **
   Searching for a Minimum

                       Coordinates (Angstroms)
     ATOM              X           Y           Z
    1  o           0.000000   -0.353420   -0.139286
    2  h           0.000000   -0.097858    0.766321
    3  h           0.000000    0.451278   -0.627034
   Point Group: C2V   Number of degrees of freedom:   2


   Energy is    -76.047012028


 Generating delocalized internal coordinates

 Transformed gradient to internal coordinates by solving linear equations directly
 calling UTPrim, igen= 1
 calling updhes1, igen= 1  change=F  nprim=    3  ihess= 1  iupdat= 4
 Hessian Updated using BFGS Update

 Optimization cycle:  3  IOptC=-1  IGen= 1  NPrim=   3  NDEG=   2
 calling ConINT
 calling optint

  2 Hessian modes will be used to form the next step
  Hessian Eigenvalues:
     0.167453    0.585088

 Minimum Search - Taking Simple RFO Step

 Solving AH equations explicitly.

 eigenvalues of AH matrix
     1-   3    0.000000    0.167453    0.585088

 Taking root 1 of AH matrix
 Value Taken    Lambda =  -0.00000000

 D
     1-   2   -0.000012   -0.000006
 Step Taken.  Stepsize is  0.000013

                             Maximum     Tolerance    Cnvgd?
         Gradient           0.000343      0.000300      NO
         Displacement       0.001333      0.000300      NO
         Energy change     -0.000000      0.000001      NO


 ** Cycle    4  Energy    -76.047012028   RMSG  0.00000   RMSD  0.00001 **
 calling GetCART

 Computing New Cartesian Coordinates by Inverse Iteration. Initial steplength=  0.000013, threshold=  5.0D-09, MAXIT=40,  MAXREP=10
 it=   1, steplength=  0.9092D-05, stepmax=  0.1160D-04
 it=   2, steplength=  0.3628D-10, stepmax=  0.4755D-10
 Full backtransformation converged in  2 cycles. Step lengths:  0.000013 (internal),  0.000013 (cartesian)

                       Coordinates (Angstroms)
     ATOM              X           Y           Z
    1  o           0.000000   -0.353422   -0.139287
    2  h           0.000000   -0.097855    0.766317
    3  h           0.000000    0.451277   -0.627030

 Displacement from previous Coordinates is:  0.000013

 Geometry written to block  5 of record 700


 Recomputing integrals since geometry changed


 PROGRAM * SEWARD (Integral evaluation for generally contracted gaussian basis sets)     Author: Roland Lindh, 1990

 Geometry written to block  5 of record 700


 Point group  Cs  



 ATOMIC COORDINATES

 NR  ATOM    CHARGE       X              Y              Z

   1  O1      8.00    0.000000000   -0.667870753   -0.263214851
   2  H2      1.00    0.000000000   -0.184919541    1.448128977
   3  H3      1.00    0.000000000    0.852790294   -1.184914126

 Bond lengths in Bohr (Angstrom)

 1-2  1.778184347  1-3  1.778184347
     ( 0.940974633)     ( 0.940974633)

 Bond angles

  2-1-3  105.46141088

 NUCLEAR CHARGE:                   10
 NUMBER OF PRIMITIVE AOS:          48
 NUMBER OF SYMMETRY AOS:           47
 NUMBER OF CONTRACTIONS:           30   (   23A'  +    7A"  )
 NUMBER OF INNER CORE ORBITALS:     0   (    0A'  +    0A"  )
 NUMBER OF OUTER CORE ORBITALS:     1   (    1A'  +    0A"  )
 NUMBER OF VALENCE ORBITALS:        6   (    5A'  +    1A"  )


 NUCLEAR REPULSION ENERGY    9.35128018

 Eigenvalues of metric

         1 0.170E-01 0.384E-01 0.897E-01 0.963E-01 0.115E+00 0.118E+00 0.142E+00 0.286E+00
         2 0.216E+00 0.441E+00 0.634E+00 0.905E+00 0.119E+01 0.132E+01 0.230E+01


 Contracted 2-electron integrals neglected if value below      1.0D-11
 AO integral compression algorithm  1   Integral accuracy      1.0D-11

     0.524 MB (compressed) written to integral file ( 92.6%)


 NUMBER OF SORTED TWO-ELECTRON INTEGRALS:      61816.     BUFFER LENGTH:  32768
 NUMBER OF SEGMENTS:   1  SEGMENT LENGTH:      61816      RECORD LENGTH: 524288

 Memory used in sort:       0.62 MW

 SORT1 READ       79218. AND WROTE       55476. INTEGRALS IN      1 RECORDS. CPU TIME:     0.01 SEC, REAL TIME:     0.01 SEC
 SORT2 READ       55476. AND WROTE       61816. INTEGRALS IN      2 RECORDS. CPU TIME:     0.00 SEC, REAL TIME:     0.00 SEC

 FILE SIZES:   FILE 1:    30.6 MBYTE,  FILE 4:     4.5 MBYTE,   TOTAL:     35.0 MBYTE

 OPERATOR DM      FOR CENTER  0  COORDINATES:    0.000000    0.000000    0.000000

 Program * Restricted Hartree-Fock

 Molecular orbitals read from record     2100.2  Type=RHF/CANONICAL  

 NELEC=   10   SYM=1   MS2= 0   THRE=1.0D-08   THRD=1.0D-07   THRG=1.0D-07  HFMA2=F  DIIS_START=2   DIIS_MAX=10   DIIS_INCORE=F

 Level shifts:    0.00 (CLOSED)    0.00 (OPEN)    0.30 (GAP_MIN)

 ITER           ETOT              DE          GRAD        DDIFF     DIIS  NEXP   TIME(IT)  TIME(TOT)  DIAG
   1      -76.04701203     -76.04701203     0.00D+00     0.11D+00     0     0       0.00      0.00    start
   2      -76.04701203      -0.00000000     0.32D-06     0.30D-06     1     0       0.00      0.00    diag
   3      -76.04701203      -0.00000000     0.60D-07     0.10D-06     2     0       0.00      0.00    diag
   4      -76.04701203      -0.00000000     0.21D-07     0.17D-07     3     0       0.00      0.00    diag
   5      -76.04701203       0.00000000     0.47D-08     0.76D-08     0     0       0.00      0.00    diag

 Final occupancy:   4   1

 !RHF STATE 1.1 Energy                -76.047012027826
  RHF One-electron energy            -123.434131499567
  RHF Two-electron energy              38.035839287928
  RHF Kinetic energy                   76.122877352303
  RHF Nuclear energy                    9.351280183813
  RHF Virial quotient                  -0.999003383383

 !RHF STATE 1.1 Dipole moment           0.00000000     0.78245477     0.30837361
 Dipole moment /Debye                   0.00000000     1.98880166     0.78380754

 Orbital energies:

           1.1          2.1          3.1          4.1          5.1          6.1
    -20.541338    -1.349142    -0.717222    -0.572858     0.152599     0.218575

           1.2          2.2          3.2
     -0.500666     1.003109     1.515893


 HOMO      1.2    -0.500666 =     -13.6238eV
 LUMO      5.1     0.152599 =       4.1524eV
 LUMO-HOMO         0.653265 =      17.7762eV

 Orbitals saved in record  2100.2


 **********************************************************************************************************************************
 DATASETS  * FILE   NREC   LENGTH (MB)   RECORD NAMES
              1      19       28.95       500      610      700      900      950      970     1000      129      960     1100   
                                          VAR    BASINP    GEOM    SYMINP    ZMAT    AOBASIS   BASIS     P2S    ABASIS      S 
                                         1400     1410     1200     1210     1080     1600     1650     1300     1700   
                                           T        V       H0       H01     AOSYM     SMH    MOLCAS    ERIS     OPER   

              2       4        0.42       700     1000      520     2100   
                                         GEOM     BASIS   MCVARS     RHF  

 PROGRAMS   *        TOTAL    HF-SCF    HF-SCF       INT
 CPU TIMES  *         0.61      0.05      0.01      0.13
 REAL TIME  *         0.77 SEC
 DISK USED  *        33.91 MB
 **********************************************************************************************************************************

 PROGRESS OF GEOMETRY OPTIMIZATION.    TOTAL CPU:         0.4 SEC
   1   -76.04543194   -76.04698490    -0.00155296  0.03363663  0.04111605  0.02907344  0.06615145  0.07664742  0.05419791
   2   -76.04698490   -76.04701179    -0.00002689  0.00372188  0.00372472  0.00263378  0.01563981  0.01817320  0.01285040
   3   -76.04701179   -76.04701203    -0.00000024  0.00034271  0.00034371  0.00024304  0.00133313  0.00156878  0.00110929
   4   -76.04701203   -76.04701203    -0.00000000  0.00000329  0.00000332  0.00000234  0.00001160  0.00001286  0.00000909

 **********************************************************************************************************************************

 Current geometry (xyz format, in Angstrom)

    3
 HF-SCF000/6-311G(D,P)  ENERGY=-76.04701203
 O          0.0000000000       -0.3534219825       -0.1392873009
 H          0.0000000000       -0.0978552067        0.7663168531
 H          0.0000000000        0.4512771892       -0.6270295523

 **********************************************************************************************************************************

 Recomputing wavefunction for reoriented structure


 Recomputing integrals since geometry changed


 PROGRAM * SEWARD (Integral evaluation for generally contracted gaussian basis sets)     Author: Roland Lindh, 1990

 Geometry written to block  1 of record 700

 Orientation using atomic masses  
 Molecule type: Asymmetric top
 Symmetry elements: X
 Rotational constants:     202.9631649    280.9787032    730.9867762 GHz  (calculated with average atomic masses)

 Point group  Cs  



 ATOMIC COORDINATES

 NR  ATOM    CHARGE       X              Y              Z

   1  O1      8.00    0.000000000   -0.134359006   -0.129673491
   2  H2      1.00    0.000000000    0.383024594    1.571577162
   3  H3      1.00    0.000000000    1.367394829   -1.081868320

 Bond lengths in Bohr (Angstrom)

 1-2  1.778184347  1-3  1.778184347
     ( 0.940974633)     ( 0.940974633)

 Bond angles

  2-1-3  105.46141088

 NUCLEAR CHARGE:                   10
 NUMBER OF PRIMITIVE AOS:          48
 NUMBER OF SYMMETRY AOS:           47
 NUMBER OF CONTRACTIONS:           30   (   23A'  +    7A"  )
 NUMBER OF INNER CORE ORBITALS:     0   (    0A'  +    0A"  )
 NUMBER OF OUTER CORE ORBITALS:     1   (    1A'  +    0A"  )
 NUMBER OF VALENCE ORBITALS:        6   (    5A'  +    1A"  )


 NUCLEAR REPULSION ENERGY    9.35128018

 Eigenvalues of metric

         1 0.170E-01 0.384E-01 0.897E-01 0.963E-01 0.115E+00 0.118E+00 0.142E+00 0.286E+00
         2 0.216E+00 0.441E+00 0.634E+00 0.905E+00 0.119E+01 0.132E+01 0.230E+01


 Contracted 2-electron integrals neglected if value below      1.0D-11
 AO integral compression algorithm  1   Integral accuracy      1.0D-11

     0.524 MB (compressed) written to integral file ( 92.7%)


 NUMBER OF SORTED TWO-ELECTRON INTEGRALS:      61816.     BUFFER LENGTH:  32768
 NUMBER OF SEGMENTS:   1  SEGMENT LENGTH:      61816      RECORD LENGTH: 524288

 Memory used in sort:       0.62 MW

 SORT1 READ       79218. AND WROTE       55476. INTEGRALS IN      1 RECORDS. CPU TIME:     0.00 SEC, REAL TIME:     0.00 SEC
 SORT2 READ       55476. AND WROTE       61816. INTEGRALS IN      2 RECORDS. CPU TIME:     0.01 SEC, REAL TIME:     0.01 SEC

 FILE SIZES:   FILE 1:    30.6 MBYTE,  FILE 4:     4.3 MBYTE,   TOTAL:     34.8 MBYTE

 OPERATOR DM      FOR CENTER  0  COORDINATES:    0.000000    0.000000    0.000000

 Program * Restricted Hartree-Fock

 Molecular orbitals read from record     2100.2  Type=RHF/CANONICAL  

 NELEC=   10   SYM=1   MS2= 0   THRE=1.0D-08   THRD=1.0D-07   THRG=1.0D-07  HFMA2=F  DIIS_START=2   DIIS_MAX=10   DIIS_INCORE=F

 Level shifts:    0.00 (CLOSED)    0.00 (OPEN)    0.30 (GAP_MIN)

 ITER           ETOT              DE          GRAD        DDIFF     DIIS  NEXP   TIME(IT)  TIME(TOT)  DIAG
   1      -76.04691203     -76.04691203     0.00D+00     0.11D+00     0     0       0.00      0.00    start
   2      -76.04700364      -0.00009161     0.11D-02     0.49D-03     1     0       0.00      0.00    diag
   3      -76.04701168      -0.00000804     0.25D-03     0.21D-03     2     0       0.00      0.00    diag
   4      -76.04701202      -0.00000034     0.41D-04     0.57D-04     3     0       0.00      0.00    diag
   5      -76.04701203      -0.00000001     0.73D-05     0.79D-05     4     0       0.00      0.00    diag
   6      -76.04701203      -0.00000000     0.24D-05     0.21D-05     5     0       0.01      0.01    diag
   7      -76.04701203      -0.00000000     0.71D-06     0.50D-06     6     0       0.00      0.01    diag
   8      -76.04701203      -0.00000000     0.16D-06     0.19D-06     7     0       0.00      0.01    fixocc
   9      -76.04701203      -0.00000000     0.18D-07     0.18D-07     8     0       0.00      0.01    diag
  10      -76.04701203       0.00000000     0.19D-08     0.14D-08     0     0       0.00      0.01    diag/orth

 Final occupancy:   4   1

 !RHF STATE 1.1 Energy                -76.047012027808
  RHF One-electron energy            -123.434131594243
  RHF Two-electron energy              38.035839382622
  RHF Kinetic energy                   76.122877483525
  RHF Nuclear energy                    9.351280183813
  RHF Virial quotient                  -0.999003381661

 !RHF STATE 1.1 Dipole moment           0.00000000     0.78851768     0.29252283
 Dipole moment /Debye                   0.00000000     2.00421204     0.74351887

 Orbital energies:

           1.1          2.1          3.1          4.1          5.1          6.1
    -20.541338    -1.349142    -0.717222    -0.572858     0.152599     0.218575

           1.2          2.2          3.2
     -0.500666     1.003109     1.515893


 HOMO      1.2    -0.500666 =     -13.6238eV
 LUMO      5.1     0.152599 =       4.1524eV
 LUMO-HOMO         0.653265 =      17.7762eV

 Orbitals saved in record  2100.2


 **********************************************************************************************************************************
 DATASETS  * FILE   NREC   LENGTH (MB)   RECORD NAMES
              1      19       28.95       500      610      700      900      950      970     1000      129      960     1100   
                                          VAR    BASINP    GEOM    SYMINP    ZMAT    AOBASIS   BASIS     P2S    ABASIS      S 
                                         1400     1410     1200     1210     1080     1600     1650     1300     1700   
                                           T        V       H0       H01     AOSYM     SMH    MOLCAS    ERIS     OPER   

              2       4        0.42       700     1000      520     2100   
                                         GEOM     BASIS   MCVARS     RHF  

 PROGRAMS   *        TOTAL    HF-SCF    HF-SCF       INT
 CPU TIMES  *         0.67      0.05      0.01      0.13
 REAL TIME  *         0.86 SEC
 DISK USED  *        33.91 MB
 **********************************************************************************************************************************
 Cartesian Coordinates are in [bohr]
 Creating new Variables:
 O1X1              0.00000000
 O1Y1             -0.13435901
 O1Z1             -0.12967349
 H2X2              0.00000000
 H2Y2              0.38302459
 H2Z2              1.57157716
 H3X3              0.00000000
 H3Y3              1.36739483
 H3Z3             -1.08186832
