 .__   __.   ______   .___  ___.   ______    _______   _______   ______   ______      .______   ____    ____ 
 |  \ |  |  /  __  \  |   \/   |  /  __  \  |       \ |   ____| /      | /  __  \     |   _  \  \   \  /   / 
 |   \|  | |  |  |  | |  \  /  | |  |  |  | |  .--.  ||  |__   |  ,----'|  |  |  |    |  |_)  |  \   \/   /  
 |  . `  | |  |  |  | |  |\/|  | |  |  |  | |  |  |  ||   __|  |  |     |  |  |  |    |   ___/    \_    _/   
 |  |\   | |  `--'  | |  |  |  | |  `--'  | |  '--'  ||  |____ |  `----.|  `--'  |  __|  |          |  |     
 |__| \__|  \______/  |__|  |__|  \______/  |_______/ |_______| \______| \______/  (__) _|          |__|     
                                                                                                             


**************************************************************************************************************
                         Kemal Önen, Lukas Meinschad, Dennis F. Dinu, Klaus R. Liedl                          
                                      Liedl Lab, University of Innsbruck                                      
**************************************************************************************************************

Non-planar system detected. Therefore out-of-plane angles are NOT used in your analysis. Note that out-of-plane angles tend to perform worse
than the other internal coordinates in terms of computational cost and in the decomposition. However they can be
useful for planar systems.

The detected point group is Cs
The following equivalent atoms were found: [['O1'], ['O4'], ['D2'], ['D5', 'D6'], ['D3']] 

The following primitive internals (bonds, (in-plane) angles, linear valence angles, out-of-plane angles and torsions) were generated:
bonds: [('O1', 'D3'), ('O4', 'D6'), ('O1', 'D2'), ('O4', 'D5')]
in-plane angles: [('D2', 'O1', 'D3'), ('D5', 'O4', 'D6')]
linear valence-angles: []
out-of-plane angles: []
dihedrals: [('D2', 'O1', 'O4', 'D5'), ('D2', 'O1', 'O4', 'D6'), ('D3', 'O1', 'O4', 'D5'), ('D3', 'O1', 'O4', 'D6')]

12 internal coordinates are at least needed for the decomposition scheme.

---------------------------Generation of internal coordinate sets for submolecules----------------------------

The following covalent submolecules where found in the structure: [{'O1', 'D2', 'D3'}, {'D6', 'D5', 'O4'}]
Generated IC sets for submolecule 0: 1
Generated IC sets for submolecule 1: 1
