 .__   __.   ______   .___  ___.   ______    _______   _______   ______   ______      .______   ____    ____ 
 |  \ |  |  /  __  \  |   \/   |  /  __  \  |       \ |   ____| /      | /  __  \     |   _  \  \   \  /   / 
 |   \|  | |  |  |  | |  \  /  | |  |  |  | |  .--.  ||  |__   |  ,----'|  |  |  |    |  |_)  |  \   \/   /  
 |  . `  | |  |  |  | |  |\/|  | |  |  |  | |  |  |  ||   __|  |  |     |  |  |  |    |   ___/    \_    _/   
 |  |\   | |  `--'  | |  |  |  | |  `--'  | |  '--'  ||  |____ |  `----.|  `--'  |  __|  |          |  |     
 |__| \__|  \______/  |__|  |__|  \______/  |_______/ |_______| \______| \______/  (__) _|          |__|     
                                                                                                             


**************************************************************************************************************
                                  Kemal Önen, Dennis F. Dinu, Klaus R. Liedl                                  
                                      Liedl Lab, University of Innsbruck                                      
**************************************************************************************************************

Planar system detected. Therefore out-of-plane angles are used in your analysis. Note that out-of-plane angles tend to perform worse
than the other internal coordinates in terms of computational cost and in the decomposition. However they can be
useful for planar systems.

The detected point group is Cs
The following equivalent atoms were found: [['O1'], ['O2'], ['H1'], ['H2'], ['C']] 

The following primitive internals (bonds, (in-plane) angles, linear valence angles, out-of-plane angles and torsions) were generated:
bonds: [('C', 'O2'), ('C', 'H1'), ('O2', 'H2'), ('C', 'O1')]
in-plane angles: [('O1', 'C', 'O2'), ('O1', 'C', 'H1'), ('O2', 'C', 'H1'), ('C', 'O2', 'H2')]
linear valence-angles: []
out-of-plane angles: [('C', 'O1', 'O2', 'H1'), ('C', 'O2', 'O1', 'H1'), ('C', 'H1', 'O1', 'O2'), ('C', 'H1', 'O2', 'O1'),
 ('C', 'O2', 'H1', 'O1')]
dihedrals: [('O1', 'C', 'O2', 'H2'), ('H1', 'C', 'O2', 'H2')]

9 internal coordinates are at least needed for the decomposition scheme.


-------------------------------- Initialization of an internal coordinate set --------------------------------

The following 9 Internal Coordinates are used in your analysis:
bonds: [('C', 'O2'), ('C', 'H1'), ('O2', 'H2'), ('C', 'O1')]
in-plane angles: [('O1', 'C', 'H1'), ('O2', 'C', 'H1'), ('C', 'O2', 'H2')]
linear valence-angles: []
out-of-plane angles: [('C', 'O2', 'O1', 'H1')]
dihedrals: [('O1', 'C', 'O2', 'H2')]


-------------------------- Results of the Decomposition Scheme ---------------------------

1.) Intrinsic Frequencies for all normal-coordinate frequencies and
    vibrational distribution matrix (exact approximation) at the following
    harmonic frequencies (all frequency values in cm-1):

Internal Coordinate Intrinsic Frequencies   507   731  1179  1219  1411  1566  2059  3166  4170
            (C, O2)               1270.48  0.00  0.07  0.00  0.68  0.22  0.01  0.03 -0.00  0.00
            (C, H1)               3161.85  0.00 -0.00  0.00 -0.00  0.00  0.00  0.00  1.00  0.00
           (O2, H2)               4169.07  0.00  0.00 -0.00  0.00 -0.00 -0.00 -0.00  0.00  1.00
            (C, O1)               1995.30 -0.00  0.02 -0.00  0.04  0.01  0.05  0.88  0.00  0.00
        (O1, C, H1)               1276.65 -0.00  0.40  0.00  0.00  0.07  0.54 -0.01  0.00  0.00
        (O2, C, H1)               1275.63  0.00  0.47  0.00  0.04  0.03  0.40  0.07 -0.00 -0.00
        (C, O2, H2)               1371.09 -0.00  0.04  0.00  0.25  0.67  0.00  0.03  0.00 -0.00
    (C, O2, O1, H1)                985.80  0.00  0.00  0.82  0.00  0.00  0.00  0.00  0.00 -0.00
    (O1, C, O2, H2)                490.82  0.88 -0.00  0.02  0.00 -0.00 -0.00  0.00  0.00  0.00

Check if matrix is normalized: 1.0

2.) Intrinsic Frequencies for all normal-coordinate frequencies and
    diagonal elements of the PED matrix at the following
    harmonic frequencies (all frequency values in cm-1):

Internal Coordinate Intrinsic Frequencies  507  731 1179 1219 1411 1566 2059 3166 4170
            (C, O2)               1270.48 0.00 0.05 0.00 0.62 0.32 0.02 0.06 0.00 0.00
            (C, H1)               3161.85 0.00 0.00 0.00 0.00 0.00 0.00 0.00 1.01 0.00
           (O2, H2)               4169.07 0.00 0.00 0.00 0.00 0.00 0.00 0.00 0.00 1.00
            (C, O1)               1995.30 0.00 0.01 0.00 0.02 0.02 0.03 0.95 0.01 0.00
        (O1, C, H1)               1276.65 0.00 0.22 0.00 0.00 0.05 1.54 0.08 0.00 0.00
        (O2, C, H1)               1275.63 0.00 0.30 0.00 0.07 0.01 1.32 0.18 0.00 0.00
        (C, O2, H2)               1371.09 0.00 0.09 0.00 0.21 0.71 0.00 0.03 0.00 0.00
    (C, O2, O1, H1)                985.80 0.00 0.00 0.69 0.00 0.00 0.00 0.00 0.00 0.00
    (O1, C, O2, H2)                490.82 0.82 0.00 0.01 0.00 0.00 0.00 0.00 0.00 0.00

3.) Intrinsic Frequencies for all normal-coordinate frequencies and
    contribution table calculated from the diagonal elements of the PED at the following
    harmonic frequencies (all frequency values in cm-1):

Internal Coordinate Intrinsic Frequencies   507   731  1179  1219  1411  1566  2059  3166  4170
            (C, O2)               1270.48  0.00  7.91  0.00 66.88 28.76  0.81  4.63  0.11  0.05
            (C, H1)               3161.85  0.00  0.03  0.00  0.04  0.04  0.02  0.13 98.69  0.00
           (O2, H2)               4169.07  0.00  0.02  0.00  0.01  0.10  0.00  0.01  0.00 99.91
            (C, O1)               1995.30  0.00  1.23  0.00  2.42  1.92  1.02 73.53  0.83  0.00
        (O1, C, H1)               1276.65  0.00 32.89  0.00  0.09  4.92 52.83  6.09  0.16  0.00
        (O2, C, H1)               1275.63  0.00 44.60  0.00  7.89  0.69 45.24 13.59  0.12  0.03
        (C, O2, H2)               1371.09  0.00 13.32  0.00 22.66 63.57  0.07  2.02  0.08  0.01
    (C, O2, O1, H1)                985.80  0.09  0.00 98.78  0.00  0.00  0.00  0.00  0.00  0.00
    (O1, C, O2, H2)                490.82 99.91  0.00  1.22  0.00  0.00  0.00  0.00  0.00  0.00

----- Extended Results: Exact PED, KED and TED analysis per mode -----

Normal mode at the following harmonic frequency: 507 cm-1

Potential energy distribution matrix (normalization check: 1.0)

Internal Coordinate (C, O2) (C, H1) (O2, H2) (C, O1) (O1, C, H1) (O2, C, H1) (C, O2, H2) (C, O2, O1, H1) (O1, C, O2, H2)
            (C, O2)    0.00    0.00     0.00   -0.00       -0.00        0.00       -0.00           -0.00            0.00
            (C, H1)    0.00    0.00    -0.00   -0.00        0.00       -0.00       -0.00           -0.00            0.00
           (O2, H2)    0.00   -0.00     0.00   -0.00        0.00       -0.00        0.00            0.00            0.00
            (C, O1)   -0.00   -0.00    -0.00    0.00        0.00       -0.00        0.00            0.00           -0.00
        (O1, C, H1)   -0.00    0.00     0.00    0.00        0.00       -0.00        0.00           -0.00           -0.00
        (O2, C, H1)    0.00   -0.00    -0.00   -0.00       -0.00        0.00       -0.00           -0.00            0.00
        (C, O2, H2)   -0.00   -0.00     0.00    0.00        0.00       -0.00        0.00            0.00           -0.00
    (C, O2, O1, H1)   -0.00   -0.00     0.00    0.00       -0.00       -0.00        0.00            0.00           -0.00
    (O1, C, O2, H2)    0.00    0.00     0.00   -0.00       -0.00        0.00       -0.00           -0.00            0.82

Kinetic energy distribution matrix (normalization check: 1.0)

Internal Coordinate (C, O2) (C, H1) (O2, H2) (C, O1) (O1, C, H1) (O2, C, H1) (C, O2, H2) (C, O2, O1, H1) (O1, C, O2, H2)
            (C, O2)    0.00    0.00    -0.00   -0.00       -0.00        0.00       -0.00            0.00            0.00
            (C, H1)    0.00    0.00    -0.00   -0.00        0.00       -0.00        0.00           -0.00           -0.00
           (O2, H2)   -0.00   -0.00     0.00    0.00        0.00       -0.00       -0.00            0.00            0.00
            (C, O1)   -0.00   -0.00     0.00    0.00        0.00       -0.00        0.00            0.00           -0.00
        (O1, C, H1)   -0.00    0.00     0.00    0.00        0.00       -0.00       -0.00           -0.00           -0.00
        (O2, C, H1)    0.00   -0.00    -0.00   -0.00       -0.00        0.00        0.00            0.00            0.00
        (C, O2, H2)   -0.00    0.00    -0.00    0.00       -0.00        0.00        0.00            0.00           -0.00
    (C, O2, O1, H1)    0.00   -0.00     0.00    0.00       -0.00        0.00        0.00            0.00            0.00
    (O1, C, O2, H2)    0.00   -0.00     0.00   -0.00       -0.00        0.00       -0.00            0.00            1.10

Total energy distribution matrix (normalization check: 1.0)

Internal Coordinate (C, O2) (C, H1) (O2, H2) (C, O1) (O1, C, H1) (O2, C, H1) (C, O2, H2) (C, O2, O1, H1) (O1, C, O2, H2)
            (C, O2)    0.00    0.00    -0.00   -0.00       -0.00        0.00       -0.00           -0.00            0.00
            (C, H1)    0.00    0.00    -0.00   -0.00        0.00       -0.00       -0.00           -0.00            0.00
           (O2, H2)   -0.00   -0.00     0.00    0.00        0.00       -0.00        0.00            0.00            0.00
            (C, O1)   -0.00   -0.00     0.00    0.00        0.00       -0.00        0.00            0.00           -0.00
        (O1, C, H1)   -0.00    0.00     0.00    0.00        0.00       -0.00        0.00           -0.00           -0.00
        (O2, C, H1)    0.00   -0.00    -0.00   -0.00       -0.00        0.00       -0.00           -0.00            0.00
        (C, O2, H2)   -0.00   -0.00     0.00    0.00        0.00       -0.00        0.00            0.00           -0.00
    (C, O2, O1, H1)   -0.00   -0.00     0.00    0.00       -0.00       -0.00        0.00            0.00           -0.00
    (O1, C, O2, H2)    0.00    0.00     0.00   -0.00       -0.00        0.00       -0.00           -0.00            0.96

----- Extended Results: Exact PED, KED and TED analysis per mode -----

Normal mode at the following harmonic frequency: 731 cm-1

Potential energy distribution matrix (normalization check: 1.0)

Internal Coordinate (C, O2) (C, H1) (O2, H2) (C, O1) (O1, C, H1) (O2, C, H1) (C, O2, H2) (C, O2, O1, H1) (O1, C, O2, H2)
            (C, O2)    0.05    0.00    -0.00    0.00        0.02        0.01       -0.01            0.00           -0.00
            (C, H1)    0.00    0.00     0.00    0.00       -0.00       -0.00       -0.00            0.00           -0.00
           (O2, H2)   -0.00    0.00     0.00   -0.00        0.00        0.00       -0.00            0.00            0.00
            (C, O1)    0.00    0.00    -0.00    0.01        0.00        0.00       -0.00            0.00           -0.00
        (O1, C, H1)    0.02   -0.00     0.00    0.00        0.22        0.17       -0.02           -0.00           -0.00
        (O2, C, H1)    0.01   -0.00     0.00    0.00        0.17        0.30       -0.02            0.00           -0.00
        (C, O2, H2)   -0.01   -0.00    -0.00   -0.00       -0.02       -0.02        0.09           -0.00            0.00
    (C, O2, O1, H1)    0.00    0.00     0.00    0.00       -0.00        0.00       -0.00            0.00           -0.00
    (O1, C, O2, H2)   -0.00   -0.00     0.00   -0.00       -0.00       -0.00        0.00           -0.00            0.00

Kinetic energy distribution matrix (normalization check: 1.0)

Internal Coordinate (C, O2) (C, H1) (O2, H2) (C, O1) (O1, C, H1) (O2, C, H1) (C, O2, H2) (C, O2, O1, H1) (O1, C, O2, H2)
            (C, O2)    0.02    0.00     0.00    0.00        0.03        0.02       -0.00           -0.00           -0.00
            (C, H1)    0.00    0.00     0.00    0.00       -0.00       -0.00        0.00            0.00            0.00
           (O2, H2)    0.00    0.00     0.00    0.00        0.00        0.00        0.00            0.00            0.00
            (C, O1)    0.00    0.00     0.00    0.00        0.01        0.01       -0.00            0.00           -0.00
        (O1, C, H1)    0.03   -0.00     0.00    0.01        0.18        0.19        0.01           -0.00           -0.00
        (O2, C, H1)    0.02   -0.00     0.00    0.01        0.19        0.24        0.01           -0.00           -0.00
        (C, O2, H2)   -0.00    0.00     0.00   -0.00        0.01        0.01        0.03           -0.00            0.00
    (C, O2, O1, H1)   -0.00    0.00     0.00    0.00       -0.00       -0.00       -0.00            0.00            0.00
    (O1, C, O2, H2)   -0.00    0.00     0.00   -0.00       -0.00       -0.00        0.00            0.00            0.00

Total energy distribution matrix (normalization check: 1.0)

Internal Coordinate (C, O2) (C, H1) (O2, H2) (C, O1) (O1, C, H1) (O2, C, H1) (C, O2, H2) (C, O2, O1, H1) (O1, C, O2, H2)
            (C, O2)    0.04    0.00     0.00    0.00        0.02        0.02       -0.01            0.00           -0.00
            (C, H1)    0.00    0.00     0.00    0.00       -0.00       -0.00       -0.00            0.00           -0.00
           (O2, H2)    0.00    0.00     0.00    0.00        0.00        0.00       -0.00            0.00            0.00
            (C, O1)    0.00    0.00     0.00    0.00        0.00        0.01       -0.00            0.00           -0.00
        (O1, C, H1)    0.02   -0.00     0.00    0.00        0.20        0.18       -0.00           -0.00           -0.00
        (O2, C, H1)    0.02   -0.00     0.00    0.01        0.18        0.27       -0.00            0.00           -0.00
        (C, O2, H2)   -0.01   -0.00    -0.00   -0.00       -0.00       -0.00        0.06           -0.00            0.00
    (C, O2, O1, H1)    0.00    0.00     0.00    0.00       -0.00        0.00       -0.00            0.00           -0.00
    (O1, C, O2, H2)   -0.00   -0.00     0.00   -0.00       -0.00       -0.00        0.00           -0.00            0.00

----- Extended Results: Exact PED, KED and TED analysis per mode -----

Normal mode at the following harmonic frequency: 1179 cm-1

Potential energy distribution matrix (normalization check: 1.0)

Internal Coordinate (C, O2) (C, H1) (O2, H2) (C, O1) (O1, C, H1) (O2, C, H1) (C, O2, H2) (C, O2, O1, H1) (O1, C, O2, H2)
            (C, O2)    0.00   -0.00    -0.00    0.00        0.00       -0.00        0.00           -0.00           -0.00
            (C, H1)   -0.00    0.00    -0.00   -0.00        0.00       -0.00       -0.00            0.00            0.00
           (O2, H2)   -0.00   -0.00     0.00   -0.00        0.00       -0.00        0.00           -0.00            0.00
            (C, O1)    0.00   -0.00    -0.00    0.00        0.00       -0.00        0.00           -0.00           -0.00
        (O1, C, H1)    0.00    0.00     0.00    0.00        0.00       -0.00        0.00            0.00           -0.00
        (O2, C, H1)   -0.00   -0.00    -0.00   -0.00       -0.00        0.00       -0.00            0.00            0.00
        (C, O2, H2)    0.00   -0.00     0.00    0.00        0.00       -0.00        0.00           -0.00           -0.00
    (C, O2, O1, H1)   -0.00    0.00    -0.00   -0.00        0.00        0.00       -0.00            0.69            0.01
    (O1, C, O2, H2)   -0.00    0.00     0.00   -0.00       -0.00        0.00       -0.00            0.01            0.01

Kinetic energy distribution matrix (normalization check: 1.0)

Internal Coordinate (C, O2) (C, H1) (O2, H2) (C, O1) (O1, C, H1) (O2, C, H1) (C, O2, H2) (C, O2, O1, H1) (O1, C, O2, H2)
            (C, O2)    0.00   -0.00     0.00    0.00        0.00       -0.00        0.00            0.00           -0.00
            (C, H1)   -0.00    0.00    -0.00   -0.00        0.00       -0.00        0.00            0.00           -0.00
           (O2, H2)    0.00   -0.00     0.00    0.00        0.00       -0.00       -0.00           -0.00            0.00
            (C, O1)    0.00   -0.00     0.00    0.00        0.00       -0.00        0.00           -0.00           -0.00
        (O1, C, H1)    0.00    0.00     0.00    0.00        0.00       -0.00       -0.00            0.00           -0.00
        (O2, C, H1)   -0.00   -0.00    -0.00   -0.00       -0.00        0.00        0.00           -0.00            0.00
        (C, O2, H2)    0.00    0.00    -0.00    0.00       -0.00        0.00        0.00           -0.00           -0.00
    (C, O2, O1, H1)    0.00    0.00    -0.00   -0.00        0.00       -0.00       -0.00            0.96           -0.03
    (O1, C, O2, H2)   -0.00   -0.00     0.00   -0.00       -0.00        0.00       -0.00           -0.03            0.06

Total energy distribution matrix (normalization check: 1.0)

Internal Coordinate (C, O2) (C, H1) (O2, H2) (C, O1) (O1, C, H1) (O2, C, H1) (C, O2, H2) (C, O2, O1, H1) (O1, C, O2, H2)
            (C, O2)    0.00   -0.00     0.00    0.00        0.00       -0.00        0.00           -0.00           -0.00
            (C, H1)   -0.00    0.00    -0.00   -0.00        0.00       -0.00        0.00            0.00            0.00
           (O2, H2)    0.00   -0.00     0.00    0.00        0.00       -0.00        0.00           -0.00            0.00
            (C, O1)    0.00   -0.00     0.00    0.00        0.00       -0.00        0.00           -0.00           -0.00
        (O1, C, H1)    0.00    0.00     0.00    0.00        0.00       -0.00       -0.00            0.00           -0.00
        (O2, C, H1)   -0.00   -0.00    -0.00   -0.00       -0.00        0.00        0.00            0.00            0.00
        (C, O2, H2)    0.00    0.00     0.00    0.00       -0.00        0.00        0.00           -0.00           -0.00
    (C, O2, O1, H1)   -0.00    0.00    -0.00   -0.00        0.00        0.00       -0.00            0.82           -0.01
    (O1, C, O2, H2)   -0.00    0.00     0.00   -0.00       -0.00        0.00       -0.00           -0.01            0.03

----- Extended Results: Exact PED, KED and TED analysis per mode -----

Normal mode at the following harmonic frequency: 1219 cm-1

Potential energy distribution matrix (normalization check: 1.0)

Internal Coordinate (C, O2) (C, H1) (O2, H2) (C, O1) (O1, C, H1) (O2, C, H1) (C, O2, H2) (C, O2, O1, H1) (O1, C, O2, H2)
            (C, O2)    0.62   -0.00    -0.00    0.02        0.00       -0.01        0.05            0.00            0.00
            (C, H1)   -0.00    0.00    -0.00   -0.00        0.00       -0.00       -0.00           -0.00           -0.00
           (O2, H2)   -0.00   -0.00     0.00   -0.00        0.00       -0.00        0.00            0.00           -0.00
            (C, O1)    0.02   -0.00    -0.00    0.02        0.00       -0.00        0.00            0.00            0.00
        (O1, C, H1)    0.00    0.00     0.00    0.00        0.00       -0.01        0.00           -0.00            0.00
        (O2, C, H1)   -0.01   -0.00    -0.00   -0.00       -0.01        0.07       -0.01           -0.00           -0.00
        (C, O2, H2)    0.05   -0.00     0.00    0.00        0.00       -0.01        0.21            0.00            0.00
    (C, O2, O1, H1)    0.00   -0.00     0.00    0.00       -0.00       -0.00        0.00            0.00            0.00
    (O1, C, O2, H2)    0.00   -0.00    -0.00    0.00        0.00       -0.00        0.00            0.00            0.00

Kinetic energy distribution matrix (normalization check: 1.0)

Internal Coordinate (C, O2) (C, H1) (O2, H2) (C, O1) (O1, C, H1) (O2, C, H1) (C, O2, H2) (C, O2, O1, H1) (O1, C, O2, H2)
            (C, O2)    0.70   -0.00     0.00    0.04        0.02       -0.11        0.03           -0.00            0.00
            (C, H1)   -0.00    0.00    -0.00   -0.00        0.00       -0.00        0.00           -0.00            0.00
           (O2, H2)    0.00   -0.00     0.00    0.00        0.00       -0.00       -0.00            0.00           -0.00
            (C, O1)    0.04   -0.00     0.00    0.01        0.00       -0.02        0.01            0.00            0.00
        (O1, C, H1)    0.02    0.00     0.00    0.00        0.00       -0.02       -0.00           -0.00            0.00
        (O2, C, H1)   -0.11   -0.00    -0.00   -0.02       -0.02        0.16        0.02            0.00           -0.00
        (C, O2, H2)    0.03    0.00    -0.00    0.01       -0.00        0.02        0.22            0.00            0.00
    (C, O2, O1, H1)   -0.00   -0.00     0.00    0.00       -0.00        0.00        0.00            0.00           -0.00
    (O1, C, O2, H2)    0.00    0.00    -0.00    0.00        0.00       -0.00        0.00           -0.00            0.00

Total energy distribution matrix (normalization check: 1.0)

Internal Coordinate (C, O2) (C, H1) (O2, H2) (C, O1) (O1, C, H1) (O2, C, H1) (C, O2, H2) (C, O2, O1, H1) (O1, C, O2, H2)
            (C, O2)    0.66   -0.00     0.00    0.03        0.01       -0.06        0.04            0.00            0.00
            (C, H1)   -0.00    0.00    -0.00   -0.00        0.00       -0.00        0.00           -0.00           -0.00
           (O2, H2)    0.00   -0.00     0.00    0.00        0.00       -0.00        0.00            0.00           -0.00
            (C, O1)    0.03   -0.00     0.00    0.02        0.00       -0.01        0.00            0.00            0.00
        (O1, C, H1)    0.01    0.00     0.00    0.00        0.00       -0.01       -0.00           -0.00            0.00
        (O2, C, H1)   -0.06   -0.00    -0.00   -0.01       -0.01        0.12        0.00           -0.00           -0.00
        (C, O2, H2)    0.04    0.00     0.00    0.00       -0.00        0.00        0.22            0.00            0.00
    (C, O2, O1, H1)    0.00   -0.00     0.00    0.00       -0.00       -0.00        0.00            0.00           -0.00
    (O1, C, O2, H2)    0.00   -0.00    -0.00    0.00        0.00       -0.00        0.00           -0.00            0.00

----- Extended Results: Exact PED, KED and TED analysis per mode -----

Normal mode at the following harmonic frequency: 1411 cm-1

Potential energy distribution matrix (normalization check: 1.0)

Internal Coordinate (C, O2) (C, H1) (O2, H2) (C, O1) (O1, C, H1) (O2, C, H1) (C, O2, H2) (C, O2, O1, H1) (O1, C, O2, H2)
            (C, O2)    0.32    0.00    -0.00   -0.01       -0.02       -0.00       -0.07            0.00            0.00
            (C, H1)    0.00    0.00     0.00   -0.00        0.00        0.00       -0.00            0.00            0.00
           (O2, H2)   -0.00    0.00     0.00    0.00       -0.00       -0.00       -0.00            0.00           -0.00
            (C, O1)   -0.01   -0.00     0.00    0.02        0.00        0.00        0.00           -0.00           -0.00
        (O1, C, H1)   -0.02    0.00    -0.00    0.00        0.05        0.01        0.02            0.00           -0.00
        (O2, C, H1)   -0.00    0.00    -0.00    0.00        0.01        0.01        0.01           -0.00           -0.00
        (C, O2, H2)   -0.07   -0.00    -0.00    0.00        0.02        0.01        0.71           -0.00           -0.00
    (C, O2, O1, H1)    0.00    0.00     0.00   -0.00        0.00       -0.00       -0.00            0.00            0.00
    (O1, C, O2, H2)    0.00    0.00    -0.00   -0.00       -0.00       -0.00       -0.00            0.00            0.00

Kinetic energy distribution matrix (normalization check: 1.0)

Internal Coordinate (C, O2) (C, H1) (O2, H2) (C, O1) (O1, C, H1) (O2, C, H1) (C, O2, H2) (C, O2, O1, H1) (O1, C, O2, H2)
            (C, O2)    0.48    0.00     0.00   -0.03       -0.12       -0.04       -0.06           -0.00            0.00
            (C, H1)    0.00    0.00     0.00   -0.00        0.00        0.00        0.00            0.00           -0.00
           (O2, H2)    0.00    0.00     0.00   -0.00       -0.00       -0.00        0.00            0.00           -0.00
            (C, O1)   -0.03   -0.00    -0.00    0.01        0.02        0.01        0.02           -0.00           -0.00
        (O1, C, H1)   -0.12    0.00    -0.00    0.02        0.17        0.05       -0.07            0.00           -0.00
        (O2, C, H1)   -0.04    0.00    -0.00    0.01        0.05        0.02       -0.02            0.00           -0.00
        (C, O2, H2)   -0.06    0.00     0.00    0.02       -0.07       -0.02        1.00           -0.00           -0.00
    (C, O2, O1, H1)   -0.00    0.00     0.00   -0.00        0.00        0.00       -0.00            0.00           -0.00
    (O1, C, O2, H2)    0.00   -0.00    -0.00   -0.00       -0.00       -0.00       -0.00           -0.00            0.00

Total energy distribution matrix (normalization check: 1.0)

Internal Coordinate (C, O2) (C, H1) (O2, H2) (C, O1) (O1, C, H1) (O2, C, H1) (C, O2, H2) (C, O2, O1, H1) (O1, C, O2, H2)
            (C, O2)    0.40    0.00     0.00   -0.02       -0.07       -0.02       -0.06            0.00            0.00
            (C, H1)    0.00    0.00     0.00   -0.00        0.00        0.00        0.00            0.00            0.00
           (O2, H2)    0.00    0.00     0.00   -0.00       -0.00       -0.00       -0.00            0.00           -0.00
            (C, O1)   -0.02   -0.00    -0.00    0.02        0.01        0.00        0.01           -0.00           -0.00
        (O1, C, H1)   -0.07    0.00    -0.00    0.01        0.11        0.03       -0.02            0.00           -0.00
        (O2, C, H1)   -0.02    0.00    -0.00    0.00        0.03        0.02       -0.00           -0.00           -0.00
        (C, O2, H2)   -0.06    0.00    -0.00    0.01       -0.02       -0.00        0.85           -0.00           -0.00
    (C, O2, O1, H1)    0.00    0.00     0.00   -0.00        0.00       -0.00       -0.00            0.00           -0.00
    (O1, C, O2, H2)    0.00    0.00    -0.00   -0.00       -0.00       -0.00       -0.00           -0.00            0.00

----- Extended Results: Exact PED, KED and TED analysis per mode -----

Normal mode at the following harmonic frequency: 1566 cm-1

Potential energy distribution matrix (normalization check: 1.0)

Internal Coordinate (C, O2) (C, H1) (O2, H2) (C, O1) (O1, C, H1) (O2, C, H1) (C, O2, H2) (C, O2, O1, H1) (O1, C, O2, H2)
            (C, O2)    0.02    0.00     0.00    0.00       -0.03        0.01        0.00           -0.00           -0.00
            (C, H1)    0.00    0.00    -0.00    0.00        0.00       -0.00        0.00           -0.00           -0.00
           (O2, H2)    0.00   -0.00     0.00    0.00        0.00       -0.00       -0.00            0.00           -0.00
            (C, O1)    0.00    0.00     0.00    0.03       -0.00        0.02        0.00           -0.00           -0.00
        (O1, C, H1)   -0.03    0.00     0.00   -0.00        1.54       -0.96       -0.01           -0.00            0.00
        (O2, C, H1)    0.01   -0.00    -0.00    0.02       -0.96        1.32        0.01           -0.00           -0.00
        (C, O2, H2)    0.00    0.00    -0.00    0.00       -0.01        0.01        0.00           -0.00           -0.00
    (C, O2, O1, H1)   -0.00   -0.00     0.00   -0.00       -0.00       -0.00       -0.00            0.00            0.00
    (O1, C, O2, H2)   -0.00   -0.00    -0.00   -0.00        0.00       -0.00       -0.00            0.00            0.00

Kinetic energy distribution matrix (normalization check: 1.0)

Internal Coordinate (C, O2) (C, H1) (O2, H2) (C, O1) (O1, C, H1) (O2, C, H1) (C, O2, H2) (C, O2, O1, H1) (O1, C, O2, H2)
            (C, O2)    0.04    0.00    -0.00    0.01       -0.22        0.16        0.00            0.00           -0.00
            (C, H1)    0.00    0.00    -0.00    0.00        0.01       -0.00       -0.00           -0.00            0.00
           (O2, H2)   -0.00   -0.00     0.00   -0.00        0.00       -0.00        0.00            0.00           -0.00
            (C, O1)    0.01    0.00    -0.00    0.02       -0.12        0.14        0.00           -0.00           -0.00
        (O1, C, H1)   -0.22    0.01     0.00   -0.12        5.74       -4.69        0.02           -0.00            0.00
        (O2, C, H1)    0.16   -0.00    -0.00    0.14       -4.69        4.85       -0.02            0.00           -0.00
        (C, O2, H2)    0.00   -0.00     0.00    0.00        0.02       -0.02        0.00           -0.00           -0.00
    (C, O2, O1, H1)    0.00   -0.00     0.00   -0.00       -0.00        0.00       -0.00            0.00           -0.00
    (O1, C, O2, H2)   -0.00    0.00    -0.00   -0.00        0.00       -0.00       -0.00           -0.00            0.00

Total energy distribution matrix (normalization check: 1.0)

Internal Coordinate (C, O2) (C, H1) (O2, H2) (C, O1) (O1, C, H1) (O2, C, H1) (C, O2, H2) (C, O2, O1, H1) (O1, C, O2, H2)
            (C, O2)    0.03    0.00    -0.00    0.01       -0.12        0.08        0.00           -0.00           -0.00
            (C, H1)    0.00    0.00    -0.00    0.00        0.00       -0.00       -0.00           -0.00           -0.00
           (O2, H2)   -0.00   -0.00     0.00   -0.00        0.00       -0.00       -0.00            0.00           -0.00
            (C, O1)    0.01    0.00    -0.00    0.03       -0.06        0.08        0.00           -0.00           -0.00
        (O1, C, H1)   -0.12    0.00     0.00   -0.06        3.64       -2.82        0.01           -0.00            0.00
        (O2, C, H1)    0.08   -0.00    -0.00    0.08       -2.82        3.09       -0.00           -0.00           -0.00
        (C, O2, H2)    0.00   -0.00    -0.00    0.00        0.01       -0.00        0.00           -0.00           -0.00
    (C, O2, O1, H1)   -0.00   -0.00     0.00   -0.00       -0.00       -0.00       -0.00            0.00           -0.00
    (O1, C, O2, H2)   -0.00   -0.00    -0.00   -0.00        0.00       -0.00       -0.00           -0.00            0.00

----- Extended Results: Exact PED, KED and TED analysis per mode -----

Normal mode at the following harmonic frequency: 2059 cm-1

Potential energy distribution matrix (normalization check: 1.0)

Internal Coordinate (C, O2) (C, H1) (O2, H2) (C, O1) (O1, C, H1) (O2, C, H1) (C, O2, H2) (C, O2, O1, H1) (O1, C, O2, H2)
            (C, O2)    0.06   -0.00     0.00   -0.03       -0.01        0.01        0.01           -0.00           -0.00
            (C, H1)   -0.00    0.00     0.00    0.00       -0.00        0.00       -0.00            0.00            0.00
           (O2, H2)    0.00    0.00     0.00   -0.00        0.00       -0.00       -0.00            0.00           -0.00
            (C, O1)   -0.03    0.00    -0.00    0.95        0.00       -0.04       -0.00            0.00            0.00
        (O1, C, H1)   -0.01   -0.00     0.00    0.00        0.08       -0.08       -0.01           -0.00            0.00
        (O2, C, H1)    0.01    0.00    -0.00   -0.04       -0.08        0.18        0.01           -0.00           -0.00
        (C, O2, H2)    0.01   -0.00    -0.00   -0.00       -0.01        0.01        0.03           -0.00           -0.00
    (C, O2, O1, H1)   -0.00    0.00     0.00    0.00       -0.00       -0.00       -0.00            0.00            0.00
    (O1, C, O2, H2)   -0.00    0.00    -0.00    0.00        0.00       -0.00       -0.00            0.00            0.00

Kinetic energy distribution matrix (normalization check: 1.0)

Internal Coordinate (C, O2) (C, H1) (O2, H2) (C, O1) (O1, C, H1) (O2, C, H1) (C, O2, H2) (C, O2, O1, H1) (O1, C, O2, H2)
            (C, O2)    0.19   -0.00    -0.00   -0.20       -0.13        0.16        0.01            0.00           -0.00
            (C, H1)   -0.00    0.00     0.00    0.00       -0.00        0.00        0.00            0.00           -0.00
           (O2, H2)   -0.00    0.00     0.00    0.00        0.00       -0.00        0.00            0.00           -0.00
            (C, O1)   -0.20    0.00     0.00    1.36        0.26       -0.50       -0.04            0.00            0.00
        (O1, C, H1)   -0.13   -0.00     0.00    0.26        0.51       -0.67        0.03           -0.00            0.00
        (O2, C, H1)    0.16    0.00    -0.00   -0.50       -0.67        1.11       -0.03            0.00           -0.00
        (C, O2, H2)    0.01    0.00     0.00   -0.04        0.03       -0.03        0.08           -0.00           -0.00
    (C, O2, O1, H1)    0.00    0.00     0.00    0.00       -0.00        0.00       -0.00            0.00           -0.00
    (O1, C, O2, H2)   -0.00   -0.00    -0.00    0.00        0.00       -0.00       -0.00           -0.00            0.00

Total energy distribution matrix (normalization check: 1.0)

Internal Coordinate (C, O2) (C, H1) (O2, H2) (C, O1) (O1, C, H1) (O2, C, H1) (C, O2, H2) (C, O2, O1, H1) (O1, C, O2, H2)
            (C, O2)    0.13   -0.00    -0.00   -0.12       -0.07        0.08        0.01           -0.00           -0.00
            (C, H1)   -0.00    0.00     0.00    0.00       -0.00        0.00        0.00            0.00            0.00
           (O2, H2)   -0.00    0.00     0.00    0.00        0.00       -0.00        0.00            0.00           -0.00
            (C, O1)   -0.12    0.00     0.00    1.15        0.13       -0.27       -0.02            0.00            0.00
        (O1, C, H1)   -0.07   -0.00     0.00    0.13        0.29       -0.37        0.01           -0.00            0.00
        (O2, C, H1)    0.08    0.00    -0.00   -0.27       -0.37        0.64       -0.01            0.00           -0.00
        (C, O2, H2)    0.01    0.00     0.00   -0.02        0.01       -0.01        0.05           -0.00           -0.00
    (C, O2, O1, H1)   -0.00    0.00     0.00    0.00       -0.00        0.00       -0.00            0.00           -0.00
    (O1, C, O2, H2)   -0.00    0.00    -0.00    0.00        0.00       -0.00       -0.00           -0.00            0.00

----- Extended Results: Exact PED, KED and TED analysis per mode -----

Normal mode at the following harmonic frequency: 3166 cm-1

Potential energy distribution matrix (normalization check: 1.0)

Internal Coordinate (C, O2) (C, H1) (O2, H2) (C, O1) (O1, C, H1) (O2, C, H1) (C, O2, H2) (C, O2, O1, H1) (O1, C, O2, H2)
            (C, O2)    0.00   -0.00    -0.00    0.00       -0.00       -0.00       -0.00           -0.00           -0.00
            (C, H1)   -0.00    1.01    -0.00   -0.00       -0.00       -0.00        0.00            0.00            0.00
           (O2, H2)   -0.00   -0.00     0.00   -0.00       -0.00       -0.00       -0.00           -0.00            0.00
            (C, O1)    0.00   -0.00    -0.00    0.01       -0.00       -0.00       -0.00           -0.00           -0.00
        (O1, C, H1)   -0.00   -0.00    -0.00   -0.00        0.00        0.00        0.00           -0.00            0.00
        (O2, C, H1)   -0.00   -0.00    -0.00   -0.00        0.00        0.00        0.00            0.00            0.00
        (C, O2, H2)   -0.00    0.00    -0.00   -0.00        0.00        0.00        0.00            0.00            0.00
    (C, O2, O1, H1)   -0.00    0.00    -0.00   -0.00       -0.00        0.00        0.00            0.00            0.00
    (O1, C, O2, H2)   -0.00    0.00     0.00   -0.00        0.00        0.00        0.00            0.00            0.00

Kinetic energy distribution matrix (normalization check: 1.0)

Internal Coordinate (C, O2) (C, H1) (O2, H2) (C, O1) (O1, C, H1) (O2, C, H1) (C, O2, H2) (C, O2, O1, H1) (O1, C, O2, H2)
            (C, O2)    0.01   -0.00     0.00    0.01       -0.01       -0.00       -0.00            0.00           -0.00
            (C, H1)   -0.00    1.21    -0.00   -0.02       -0.03       -0.02       -0.00            0.00           -0.00
           (O2, H2)    0.00   -0.00     0.00    0.00       -0.00       -0.00        0.00           -0.00            0.00
            (C, O1)    0.01   -0.02     0.00    0.03       -0.01       -0.01       -0.00           -0.00           -0.00
        (O1, C, H1)   -0.01   -0.03    -0.00   -0.01        0.02        0.02       -0.00           -0.00            0.00
        (O2, C, H1)   -0.00   -0.02    -0.00   -0.01        0.02        0.02       -0.00           -0.00            0.00
        (C, O2, H2)   -0.00   -0.00     0.00   -0.00       -0.00       -0.00        0.01            0.00            0.00
    (C, O2, O1, H1)    0.00    0.00    -0.00   -0.00       -0.00       -0.00        0.00            0.00           -0.00
    (O1, C, O2, H2)   -0.00   -0.00     0.00   -0.00        0.00        0.00        0.00           -0.00            0.00

Total energy distribution matrix (normalization check: 1.0)

Internal Coordinate (C, O2) (C, H1) (O2, H2) (C, O1) (O1, C, H1) (O2, C, H1) (C, O2, H2) (C, O2, O1, H1) (O1, C, O2, H2)
            (C, O2)    0.00   -0.00     0.00    0.00       -0.00       -0.00       -0.00            0.00           -0.00
            (C, H1)   -0.00    1.11    -0.00   -0.01       -0.02       -0.01       -0.00            0.00            0.00
           (O2, H2)    0.00   -0.00     0.00    0.00       -0.00       -0.00        0.00           -0.00            0.00
            (C, O1)    0.00   -0.01     0.00    0.02       -0.00       -0.00       -0.00           -0.00           -0.00
        (O1, C, H1)   -0.00   -0.02    -0.00   -0.00        0.01        0.01       -0.00           -0.00            0.00
        (O2, C, H1)   -0.00   -0.01    -0.00   -0.00        0.01        0.01       -0.00           -0.00            0.00
        (C, O2, H2)   -0.00   -0.00     0.00   -0.00       -0.00       -0.00        0.00            0.00            0.00
    (C, O2, O1, H1)    0.00    0.00    -0.00   -0.00       -0.00       -0.00        0.00            0.00           -0.00
    (O1, C, O2, H2)   -0.00    0.00     0.00   -0.00        0.00        0.00        0.00           -0.00            0.00

----- Extended Results: Exact PED, KED and TED analysis per mode -----

Normal mode at the following harmonic frequency: 4170 cm-1

Potential energy distribution matrix (normalization check: 1.0)

Internal Coordinate (C, O2) (C, H1) (O2, H2) (C, O1) (O1, C, H1) (O2, C, H1) (C, O2, H2) (C, O2, O1, H1) (O1, C, O2, H2)
            (C, O2)    0.00   -0.00     0.00    0.00        0.00        0.00        0.00            0.00            0.00
            (C, H1)   -0.00    0.00     0.00   -0.00        0.00        0.00       -0.00           -0.00           -0.00
           (O2, H2)    0.00    0.00     1.00    0.00       -0.00       -0.00       -0.00           -0.00            0.00
            (C, O1)    0.00   -0.00     0.00    0.00        0.00        0.00        0.00            0.00            0.00
        (O1, C, H1)    0.00    0.00    -0.00    0.00        0.00        0.00        0.00           -0.00            0.00
        (O2, C, H1)    0.00    0.00    -0.00    0.00        0.00        0.00        0.00            0.00            0.00
        (C, O2, H2)    0.00   -0.00    -0.00    0.00        0.00        0.00        0.00            0.00            0.00
    (C, O2, O1, H1)    0.00   -0.00    -0.00    0.00       -0.00        0.00        0.00            0.00            0.00
    (O1, C, O2, H2)    0.00   -0.00     0.00    0.00        0.00        0.00        0.00            0.00            0.00

Kinetic energy distribution matrix (normalization check: 1.0)

Internal Coordinate (C, O2) (C, H1) (O2, H2) (C, O1) (O1, C, H1) (O2, C, H1) (C, O2, H2) (C, O2, O1, H1) (O1, C, O2, H2)
            (C, O2)    0.01   -0.00    -0.01    0.00        0.00        0.00        0.00           -0.00            0.00
            (C, H1)   -0.00    0.00     0.00   -0.00        0.00        0.00        0.00           -0.00            0.00
           (O2, H2)   -0.01    0.00     1.24   -0.00       -0.00       -0.01        0.00           -0.00            0.00
            (C, O1)    0.00   -0.00    -0.00    0.00        0.00        0.00        0.00            0.00            0.00
        (O1, C, H1)    0.00    0.00    -0.00    0.00        0.00        0.00       -0.00           -0.00            0.00
        (O2, C, H1)    0.00    0.00    -0.01    0.00        0.00        0.01       -0.00           -0.00            0.00
        (C, O2, H2)    0.00    0.00     0.00    0.00       -0.00       -0.00        0.00            0.00            0.00
    (C, O2, O1, H1)   -0.00   -0.00    -0.00    0.00       -0.00       -0.00        0.00            0.00           -0.00
    (O1, C, O2, H2)    0.00    0.00     0.00    0.00        0.00        0.00        0.00           -0.00            0.00

Total energy distribution matrix (normalization check: 1.0)

Internal Coordinate (C, O2) (C, H1) (O2, H2) (C, O1) (O1, C, H1) (O2, C, H1) (C, O2, H2) (C, O2, O1, H1) (O1, C, O2, H2)
            (C, O2)    0.00   -0.00    -0.00    0.00        0.00        0.00        0.00           -0.00            0.00
            (C, H1)   -0.00    0.00     0.00   -0.00        0.00        0.00        0.00           -0.00            0.00
           (O2, H2)   -0.00    0.00     1.12   -0.00       -0.00       -0.01        0.00           -0.00            0.00
            (C, O1)    0.00   -0.00    -0.00    0.00        0.00        0.00        0.00            0.00            0.00
        (O1, C, H1)    0.00    0.00    -0.00    0.00        0.00        0.00       -0.00           -0.00            0.00
        (O2, C, H1)    0.00    0.00    -0.01    0.00        0.00        0.00       -0.00           -0.00            0.00
        (C, O2, H2)    0.00    0.00     0.00    0.00       -0.00       -0.00        0.00            0.00            0.00
    (C, O2, O1, H1)   -0.00   -0.00    -0.00    0.00       -0.00       -0.00        0.00            0.00           -0.00
    (O1, C, O2, H2)    0.00    0.00     0.00    0.00        0.00        0.00        0.00           -0.00            0.00

