 .__   __.   ______   .___  ___.   ______    _______   _______   ______   ______      .______   ____    ____ 
 |  \ |  |  /  __  \  |   \/   |  /  __  \  |       \ |   ____| /      | /  __  \     |   _  \  \   \  /   / 
 |   \|  | |  |  |  | |  \  /  | |  |  |  | |  .--.  ||  |__   |  ,----'|  |  |  |    |  |_)  |  \   \/   /  
 |  . `  | |  |  |  | |  |\/|  | |  |  |  | |  |  |  ||   __|  |  |     |  |  |  |    |   ___/    \_    _/   
 |  |\   | |  `--'  | |  |  |  | |  `--'  | |  '--'  ||  |____ |  `----.|  `--'  |  __|  |          |  |     
 |__| \__|  \______/  |__|  |__|  \______/  |_______/ |_______| \______| \______/  (__) _|          |__|     
                                                                                                             


**************************************************************************************************************
                                  Kemal Önen, Dennis F. Dinu, Klaus R. Liedl                                  
                                      Liedl Lab, University of Innsbruck                                      
**************************************************************************************************************

Non-planar system detected. Therefore out-of-plane angles are NOT used in your analysis. Note that out-of-plane angles tend to perform worse
than the other internal coordinates in terms of computational cost and in the decomposition. However they can be
useful for planar systems.

The detected point group is Cs
The following equivalent atoms were found: [['O1'], ['O4'], ['H2'], ['H3'], ['H5'], ['D6']] 

The following primitive internals (bonds, (in-plane) angles, linear valence angles, out-of-plane angles and torsions) were generated:
bonds: [('O1', 'H2'), ('O4', 'D6'), ('H2', 'O4'), ('O4', 'H5'), ('O1', 'H3')]
in-plane angles: [('H2', 'O1', 'H3'), ('H5', 'O4', 'D6'), ('D6', 'O4', 'H2'), ('H2', 'O4', 'H5')]
linear valence-angles: [('O1', 'H2', 'O4'), ('O1', 'H2', 'O4')]
out-of-plane angles: []
dihedrals: [('H3', 'O1', 'H2', 'O4'), ('O1', 'H2', 'O4', 'D6'), ('O1', 'H2', 'O4', 'H5')]

12 internal coordinates are at least needed for the decomposition scheme.


-------------------------------- Initialization of an internal coordinate set --------------------------------

The following 12 Internal Coordinates are used in your analysis:
bonds: [('O1', 'O4'), ('O4', 'H5'), ('O4', 'D6'), ('O1', 'H2'), ('O1', 'H3')]
in-plane angles: [('D6', 'O4', 'O1'), ('O1', 'O4', 'H5'), ('H5', 'O4', 'D6'), ('H2', 'O1', 'H3')]
linear valence-angles: [('O1', 'H2', 'O4'), ('O1', 'H2', 'O4')]
out-of-plane angles: []
dihedrals: [('H3', 'O1', 'O4', 'H5')]


-------------------------- Results of the Decomposition Scheme ---------------------------

1.) Intrinsic Frequencies for all normal-coordinate frequencies and
    vibrational distribution matrix (exact approximation) at the following
    harmonic frequencies (all frequency values in cm-1):

Internal Coordinate Intrinsic Frequencies    99   120   141   170   327   593  1534  1779  3041  4100  4186  4214
           (O1, O4)                162.40  0.01  0.01  0.01  0.99 -0.00  0.00  0.00 -0.00 -0.00 -0.00 -0.00 -0.00
           (O4, H5)               4184.82 -0.00 -0.00  0.00  0.00 -0.00 -0.00 -0.00  0.00  0.00  0.00  0.99  0.01
           (O4, D6)               3044.85 -0.00  0.00 -0.00  0.00 -0.00  0.00 -0.00  0.00  1.00  0.00  0.00  0.00
           (O1, H2)               4120.29  0.00  0.00  0.00 -0.00  0.00  0.00  0.00 -0.00  0.00  0.83  0.00  0.17
           (O1, H3)               4194.56  0.00  0.00 -0.00  0.00  0.00 -0.00  0.00 -0.00 -0.00  0.17  0.01  0.82
       (D6, O4, O1)                200.68  0.64  0.20  0.00 -0.00  0.10  0.05  0.00  0.00 -0.00  0.00  0.00 -0.00
       (O1, O4, H5)                280.85  0.14  0.36  0.25 -0.00  0.17  0.09  0.01  0.00  0.00  0.00 -0.00 -0.00
       (H5, O4, D6)               1520.51 -0.00  0.01 -0.00  0.00  0.00  0.00  0.99  0.00 -0.00  0.00 -0.00 -0.00
       (H2, O1, H3)               1728.02  0.00  0.00  0.00  0.00  0.05  0.00  0.00  0.94 -0.00 -0.00  0.00  0.00
       (O1, H2, O4)                545.70  0.13 -0.00 -0.00  0.00  0.11  0.75  0.00  0.01 -0.00  0.00 -0.00  0.00
       (O1, H2, O4)                512.82 -0.00  0.15  0.12  0.01  0.56  0.11 -0.00  0.05 -0.00  0.00 -0.00  0.00
   (H3, O1, O4, H5)                150.06  0.09  0.26  0.62  0.00  0.01  0.01  0.00  0.00  0.00  0.00  0.00  0.00

Check if matrix is normalized: 1.0

2.) Intrinsic Frequencies for all normal-coordinate frequencies and
    diagonal elements of the PED matrix at the following
    harmonic frequencies (all frequency values in cm-1):

Internal Coordinate Intrinsic Frequencies   99  120  141  170  327  593 1534 1779 3041 4100 4186 4214
           (O1, O4)                162.40 0.00 0.00 0.01 1.00 0.01 0.00 0.00 0.00 0.00 0.00 0.00 0.00
           (O4, H5)               4184.82 0.00 0.00 0.00 0.00 0.00 0.00 0.01 0.00 0.00 0.00 0.99 0.01
           (O4, D6)               3044.85 0.00 0.00 0.00 0.00 0.00 0.00 0.00 0.00 1.00 0.00 0.00 0.00
           (O1, H2)               4120.29 0.00 0.00 0.00 0.00 0.00 0.00 0.00 0.01 0.00 0.83 0.00 0.17
           (O1, H3)               4194.56 0.00 0.00 0.00 0.00 0.00 0.00 0.00 0.01 0.00 0.17 0.01 0.82
       (D6, O4, O1)                200.68 2.66 0.27 0.00 0.03 0.03 0.01 0.00 0.00 0.00 0.00 0.00 0.00
       (O1, O4, H5)                280.85 1.02 0.95 1.23 0.01 0.10 0.02 0.01 0.00 0.00 0.00 0.00 0.00
       (H5, O4, D6)               1520.51 0.00 0.01 0.00 0.00 0.00 0.00 1.00 0.00 0.00 0.00 0.00 0.00
       (H2, O1, H3)               1728.02 0.00 0.02 0.01 0.00 0.09 0.00 0.00 0.93 0.00 0.00 0.00 0.00
       (O1, H2, O4)                545.70 3.37 0.01 0.02 0.01 0.17 0.62 0.00 0.01 0.00 0.00 0.00 0.00
       (O1, H2, O4)                512.82 0.01 1.03 0.62 0.02 0.48 0.06 0.00 0.03 0.00 0.00 0.00 0.00
   (H3, O1, O4, H5)                150.06 0.23 0.20 0.78 0.01 0.01 0.00 0.00 0.00 0.00 0.00 0.00 0.00

3.) Intrinsic Frequencies for all normal-coordinate frequencies and
    contribution table calculated from the diagonal elements of the PED at the following
    harmonic frequencies (all frequency values in cm-1):

Internal Coordinate Intrinsic Frequencies    99   120   141   170   327   593  1534  1779  3041  4100  4186  4214
           (O1, O4)                162.40  0.05  0.16  0.22 92.15  1.16  0.00  0.03  0.01  0.00  0.00  0.00  0.00
           (O4, H5)               4184.82  0.00  0.03  0.03  0.00  0.04  0.01  0.55  0.00  0.26  0.26 98.94  0.60
           (O4, D6)               3044.85  0.01  0.02  0.00  0.00  0.03  0.00  0.45  0.00 99.71  0.00  0.19  0.00
           (O1, H2)               4120.29  0.00  0.00  0.00  0.07  0.02  0.00  0.01  0.59  0.00 82.52  0.01 17.27
           (O1, H3)               4194.56  0.00  0.00  0.00  0.00  0.07  0.00  0.00  0.83  0.00 17.21  0.84 82.12
       (D6, O4, O1)                200.68 36.42 10.74  0.10  3.04  3.44  0.90  0.19  0.00  0.00  0.00  0.00  0.00
       (O1, O4, H5)                280.85 13.96 38.01 45.98  1.01 10.85  2.20  0.79  0.00  0.00  0.00  0.00  0.00
       (H5, O4, D6)               1520.51  0.01  0.27  0.08  0.35  0.32  0.22 97.67  0.02  0.02  0.00  0.00  0.00
       (H2, O1, H3)               1728.02  0.05  0.80  0.53  0.02  9.65  0.01  0.04 94.93  0.00  0.00  0.00  0.00
       (O1, H2, O4)                545.70 46.26  0.47  0.66  1.36 18.85 88.40  0.00  0.58  0.00  0.00  0.00  0.00
       (O1, H2, O4)                512.82  0.15 41.39 23.16  1.40 54.19  8.21  0.00  3.04  0.00  0.00  0.00  0.00
   (H3, O1, O4, H5)                150.06  3.09  8.11 29.23  0.59  1.37  0.05  0.26  0.00  0.00  0.00  0.00  0.00

----- Extended Results: Exact PED, KED and TED analysis per mode -----

Normal mode at the following harmonic frequency: 99 cm-1

Potential energy distribution matrix (normalization check: 1.0)

Internal Coordinate (O1, O4) (O4, H5) (O4, D6) (O1, H2) (O1, H3) (D6, O4, O1) (O1, O4, H5) (H5, O4, D6) (H2, O1, H3) (O1, H2, O4) (O1, H2, O4) (H3, O1, O4, H5)
           (O1, O4)     0.00     0.00    -0.00     0.00    -0.00         0.01        -0.00         0.00        -0.00        -0.00         0.00             0.00
           (O4, H5)     0.00     0.00     0.00     0.00     0.00         0.00        -0.00         0.00        -0.00         0.00         0.00             0.00
           (O4, D6)    -0.00     0.00     0.00    -0.00    -0.00        -0.00         0.00        -0.00         0.00         0.00        -0.00            -0.00
           (O1, H2)     0.00     0.00    -0.00     0.00     0.00         0.00        -0.00         0.00         0.00        -0.00         0.00            -0.00
           (O1, H3)    -0.00     0.00    -0.00     0.00     0.00         0.00        -0.00         0.00        -0.00         0.00        -0.00            -0.00
       (D6, O4, O1)     0.01     0.00    -0.00     0.00     0.00         2.66        -0.02        -0.00         0.00        -2.04         0.04             0.01
       (O1, O4, H5)    -0.00    -0.00     0.00    -0.00    -0.00        -0.02         1.02        -0.00        -0.00        -0.93        -0.07             0.15
       (H5, O4, D6)     0.00     0.00    -0.00     0.00     0.00        -0.00        -0.00         0.00         0.00         0.00         0.00            -0.00
       (H2, O1, H3)    -0.00    -0.00     0.00     0.00    -0.00         0.00        -0.00         0.00         0.00        -0.00         0.00            -0.00
       (O1, H2, O4)    -0.00     0.00     0.00    -0.00     0.00        -2.04        -0.93         0.00        -0.00         3.37         0.03            -0.29
       (O1, H2, O4)     0.00     0.00    -0.00     0.00    -0.00         0.04        -0.07         0.00         0.00         0.03         0.01            -0.01
   (H3, O1, O4, H5)     0.00     0.00    -0.00    -0.00    -0.00         0.01         0.15        -0.00        -0.00        -0.29        -0.01             0.23

Kinetic energy distribution matrix (normalization check: 1.0)

Internal Coordinate (O1, O4) (O4, H5) (O4, D6) (O1, H2) (O1, H3) (D6, O4, O1) (O1, O4, H5) (H5, O4, D6) (H2, O1, H3) (O1, H2, O4) (O1, H2, O4) (H3, O1, O4, H5)
           (O1, O4)     0.00     0.00    -0.00     0.00     0.00         0.01        -0.00         0.00        -0.00        -0.00         0.00             0.00
           (O4, H5)     0.00     0.00     0.00    -0.00    -0.00         0.00         0.00        -0.00         0.00        -0.00        -0.00             0.00
           (O4, D6)    -0.00     0.00     0.00     0.00     0.00         0.00         0.00         0.00        -0.00        -0.00         0.00            -0.00
           (O1, H2)     0.00    -0.00     0.00     0.00     0.00        -0.00         0.00         0.00        -0.00        -0.00         0.00            -0.00
           (O1, H3)     0.00    -0.00     0.00     0.00     0.00        -0.00         0.00         0.00         0.00        -0.00         0.00            -0.00
       (D6, O4, O1)     0.01     0.00     0.00    -0.00    -0.00         0.98        -0.13         0.00         0.00         0.01         0.00            -0.10
       (O1, O4, H5)    -0.00     0.00     0.00     0.00     0.00        -0.13         0.23        -0.00        -0.00        -0.00         0.00             0.05
       (H5, O4, D6)     0.00    -0.00     0.00     0.00     0.00         0.00        -0.00         0.00        -0.00         0.00         0.00            -0.00
       (H2, O1, H3)    -0.00     0.00    -0.00    -0.00     0.00         0.00        -0.00        -0.00         0.00         0.00        -0.00            -0.00
       (O1, H2, O4)    -0.00    -0.00    -0.00    -0.00    -0.00         0.01        -0.00         0.00         0.00         0.14        -0.00            -0.01
       (O1, H2, O4)     0.00    -0.00     0.00     0.00     0.00         0.00         0.00         0.00        -0.00        -0.00         0.00            -0.00
   (H3, O1, O4, H5)     0.00     0.00    -0.00    -0.00    -0.00        -0.10         0.05        -0.00        -0.00        -0.01        -0.00             0.14

Total energy distribution matrix (normalization check: 1.0)

Internal Coordinate (O1, O4) (O4, H5) (O4, D6) (O1, H2) (O1, H3) (D6, O4, O1) (O1, O4, H5) (H5, O4, D6) (H2, O1, H3) (O1, H2, O4) (O1, H2, O4) (H3, O1, O4, H5)
           (O1, O4)     0.00     0.00    -0.00     0.00    -0.00         0.01        -0.00         0.00        -0.00        -0.00         0.00             0.00
           (O4, H5)     0.00     0.00     0.00     0.00     0.00         0.00        -0.00         0.00        -0.00         0.00         0.00             0.00
           (O4, D6)    -0.00     0.00     0.00    -0.00    -0.00        -0.00         0.00        -0.00         0.00         0.00        -0.00            -0.00
           (O1, H2)     0.00     0.00    -0.00     0.00     0.00         0.00        -0.00         0.00         0.00        -0.00         0.00            -0.00
           (O1, H3)    -0.00     0.00    -0.00     0.00     0.00         0.00        -0.00         0.00        -0.00         0.00        -0.00            -0.00
       (D6, O4, O1)     0.01     0.00    -0.00     0.00     0.00         1.82        -0.08         0.00         0.00        -1.02         0.02            -0.05
       (O1, O4, H5)    -0.00    -0.00     0.00    -0.00    -0.00        -0.08         0.62        -0.00        -0.00        -0.47        -0.04             0.10
       (H5, O4, D6)     0.00     0.00    -0.00     0.00     0.00         0.00        -0.00         0.00         0.00         0.00         0.00            -0.00
       (H2, O1, H3)    -0.00    -0.00     0.00     0.00    -0.00         0.00        -0.00         0.00         0.00        -0.00         0.00            -0.00
       (O1, H2, O4)    -0.00     0.00     0.00    -0.00     0.00        -1.02        -0.47         0.00        -0.00         1.76         0.01            -0.15
       (O1, H2, O4)     0.00     0.00    -0.00     0.00    -0.00         0.02        -0.04         0.00         0.00         0.01         0.01            -0.00
   (H3, O1, O4, H5)     0.00     0.00    -0.00    -0.00    -0.00        -0.05         0.10        -0.00        -0.00        -0.15        -0.00             0.18

----- Extended Results: Exact PED, KED and TED analysis per mode -----

Normal mode at the following harmonic frequency: 120 cm-1

Potential energy distribution matrix (normalization check: 1.0)

Internal Coordinate (O1, O4) (O4, H5) (O4, D6) (O1, H2) (O1, H3) (D6, O4, O1) (O1, O4, H5) (H5, O4, D6) (H2, O1, H3) (O1, H2, O4) (O1, H2, O4) (H3, O1, O4, H5)
           (O1, O4)     0.00    -0.00    -0.00     0.00    -0.00         0.00         0.00         0.00        -0.00         0.00        -0.01            -0.00
           (O4, H5)    -0.00     0.00    -0.00    -0.00    -0.00        -0.00        -0.00        -0.00         0.00         0.00         0.00             0.00
           (O4, D6)    -0.00    -0.00     0.00    -0.00    -0.00        -0.00        -0.00        -0.00         0.00        -0.00         0.00             0.00
           (O1, H2)     0.00    -0.00    -0.00     0.00     0.00         0.00         0.00         0.00         0.00         0.00        -0.00             0.00
           (O1, H3)    -0.00    -0.00    -0.00     0.00     0.00         0.00         0.00         0.00        -0.00        -0.00         0.00             0.00
       (D6, O4, O1)     0.00    -0.00    -0.00     0.00     0.00         0.27         0.01        -0.00         0.00         0.04        -0.11            -0.00
       (O1, O4, H5)     0.00    -0.00    -0.00     0.00     0.00         0.01         0.95         0.00         0.00        -0.05        -0.69             0.14
       (H5, O4, D6)     0.00    -0.00    -0.00     0.00     0.00        -0.00         0.00         0.01         0.00        -0.00        -0.00             0.00
       (H2, O1, H3)    -0.00     0.00     0.00     0.00    -0.00         0.00         0.00         0.00         0.02         0.00        -0.02             0.00
       (O1, H2, O4)     0.00     0.00    -0.00     0.00    -0.00         0.04        -0.05        -0.00         0.00         0.01         0.02            -0.02
       (O1, H2, O4)    -0.01     0.00     0.00    -0.00     0.00        -0.11        -0.69        -0.00        -0.02         0.02         1.03            -0.07
   (H3, O1, O4, H5)    -0.00     0.00     0.00     0.00     0.00        -0.00         0.14         0.00         0.00        -0.02        -0.07             0.20

Kinetic energy distribution matrix (normalization check: 1.0)

Internal Coordinate (O1, O4) (O4, H5) (O4, D6) (O1, H2) (O1, H3) (D6, O4, O1) (O1, O4, H5) (H5, O4, D6) (H2, O1, H3) (O1, H2, O4) (O1, H2, O4) (H3, O1, O4, H5)
           (O1, O4)     0.00    -0.00    -0.00     0.00     0.00         0.00         0.00         0.00        -0.00         0.00        -0.00            -0.00
           (O4, H5)    -0.00     0.00    -0.00     0.00     0.00        -0.00         0.00         0.00        -0.00        -0.00        -0.00             0.00
           (O4, D6)    -0.00    -0.00     0.00     0.00     0.00         0.00        -0.00         0.00        -0.00         0.00        -0.00             0.00
           (O1, H2)     0.00     0.00     0.00     0.00     0.00        -0.00        -0.00         0.00        -0.00         0.00        -0.00             0.00
           (O1, H3)     0.00     0.00     0.00     0.00     0.00        -0.00        -0.00         0.00         0.00         0.00        -0.00             0.00
       (D6, O4, O1)     0.00    -0.00     0.00    -0.00    -0.00         0.15         0.06         0.00         0.00        -0.00        -0.00             0.05
       (O1, O4, H5)     0.00     0.00    -0.00    -0.00    -0.00         0.06         0.32         0.00         0.00        -0.00         0.00             0.07
       (H5, O4, D6)     0.00     0.00     0.00     0.00     0.00         0.00         0.00         0.00        -0.00        -0.00        -0.00             0.00
       (H2, O1, H3)    -0.00    -0.00    -0.00    -0.00     0.00         0.00         0.00        -0.00         0.00        -0.00         0.00             0.00
       (O1, H2, O4)     0.00    -0.00     0.00     0.00     0.00        -0.00        -0.00        -0.00        -0.00         0.00        -0.00            -0.00
       (O1, H2, O4)    -0.00    -0.00    -0.00    -0.00    -0.00        -0.00         0.00        -0.00         0.00        -0.00         0.16            -0.00
   (H3, O1, O4, H5)    -0.00     0.00     0.00     0.00     0.00         0.05         0.07         0.00         0.00        -0.00        -0.00             0.19

Total energy distribution matrix (normalization check: 1.0)

Internal Coordinate (O1, O4) (O4, H5) (O4, D6) (O1, H2) (O1, H3) (D6, O4, O1) (O1, O4, H5) (H5, O4, D6) (H2, O1, H3) (O1, H2, O4) (O1, H2, O4) (H3, O1, O4, H5)
           (O1, O4)     0.00    -0.00    -0.00     0.00    -0.00         0.00         0.00         0.00        -0.00         0.00        -0.00            -0.00
           (O4, H5)    -0.00     0.00    -0.00    -0.00    -0.00        -0.00        -0.00        -0.00         0.00         0.00         0.00             0.00
           (O4, D6)    -0.00    -0.00     0.00    -0.00    -0.00        -0.00        -0.00        -0.00         0.00        -0.00         0.00             0.00
           (O1, H2)     0.00    -0.00    -0.00     0.00     0.00         0.00         0.00         0.00         0.00         0.00        -0.00             0.00
           (O1, H3)    -0.00    -0.00    -0.00     0.00     0.00         0.00         0.00         0.00        -0.00        -0.00         0.00             0.00
       (D6, O4, O1)     0.00    -0.00    -0.00     0.00     0.00         0.21         0.03         0.00         0.00         0.02        -0.05             0.02
       (O1, O4, H5)     0.00    -0.00    -0.00     0.00     0.00         0.03         0.63         0.00         0.00        -0.03        -0.35             0.10
       (H5, O4, D6)     0.00    -0.00    -0.00     0.00     0.00         0.00         0.00         0.00         0.00        -0.00        -0.00             0.00
       (H2, O1, H3)    -0.00     0.00     0.00     0.00    -0.00         0.00         0.00         0.00         0.01         0.00        -0.01             0.00
       (O1, H2, O4)     0.00     0.00    -0.00     0.00    -0.00         0.02        -0.03        -0.00         0.00         0.01         0.01            -0.01
       (O1, H2, O4)    -0.00     0.00     0.00    -0.00     0.00        -0.05        -0.35        -0.00        -0.01         0.01         0.60            -0.04
   (H3, O1, O4, H5)    -0.00     0.00     0.00     0.00     0.00         0.02         0.10         0.00         0.00        -0.01        -0.04             0.19

----- Extended Results: Exact PED, KED and TED analysis per mode -----

Normal mode at the following harmonic frequency: 141 cm-1

Potential energy distribution matrix (normalization check: 1.0)

Internal Coordinate (O1, O4) (O4, H5) (O4, D6) (O1, H2) (O1, H3) (D6, O4, O1) (O1, O4, H5) (H5, O4, D6) (H2, O1, H3) (O1, H2, O4) (O1, H2, O4) (H3, O1, O4, H5)
           (O1, O4)     0.01    -0.00    -0.00     0.00    -0.00        -0.00         0.01         0.00        -0.00         0.00        -0.01             0.00
           (O4, H5)    -0.00     0.00    -0.00    -0.00    -0.00         0.00        -0.00        -0.00         0.00         0.00         0.00            -0.00
           (O4, D6)    -0.00    -0.00     0.00    -0.00    -0.00         0.00        -0.00        -0.00         0.00        -0.00         0.00            -0.00
           (O1, H2)     0.00    -0.00    -0.00     0.00     0.00        -0.00         0.00         0.00         0.00         0.00        -0.00            -0.00
           (O1, H3)    -0.00    -0.00    -0.00     0.00     0.00        -0.00         0.00         0.00        -0.00        -0.00         0.00            -0.00
       (D6, O4, O1)    -0.00     0.00     0.00    -0.00    -0.00         0.00        -0.00         0.00        -0.00        -0.00         0.01            -0.00
       (O1, O4, H5)     0.01    -0.00    -0.00     0.00     0.00        -0.00         1.23         0.00         0.00        -0.07        -0.61            -0.31
       (H5, O4, D6)     0.00    -0.00    -0.00     0.00     0.00         0.00         0.00         0.00         0.00        -0.00        -0.00            -0.00
       (H2, O1, H3)    -0.00     0.00     0.00     0.00    -0.00        -0.00         0.00         0.00         0.01         0.00        -0.01            -0.00
       (O1, H2, O4)     0.00     0.00    -0.00     0.00    -0.00        -0.00        -0.07        -0.00         0.00         0.02         0.02             0.04
       (O1, H2, O4)    -0.01     0.00     0.00    -0.00     0.00         0.01        -0.61        -0.00        -0.01         0.02         0.62             0.10
   (H3, O1, O4, H5)     0.00    -0.00    -0.00    -0.00    -0.00        -0.00        -0.31        -0.00        -0.00         0.04         0.10             0.78

Kinetic energy distribution matrix (normalization check: 1.0)

Internal Coordinate (O1, O4) (O4, H5) (O4, D6) (O1, H2) (O1, H3) (D6, O4, O1) (O1, O4, H5) (H5, O4, D6) (H2, O1, H3) (O1, H2, O4) (O1, H2, O4) (H3, O1, O4, H5)
           (O1, O4)     0.00    -0.00    -0.00     0.00     0.00        -0.00         0.01         0.00        -0.00         0.00        -0.00             0.00
           (O4, H5)    -0.00     0.00    -0.00     0.00     0.00         0.00         0.00         0.00        -0.00        -0.00        -0.00            -0.00
           (O4, D6)    -0.00    -0.00     0.00     0.00     0.00        -0.00        -0.00         0.00        -0.00         0.00        -0.00            -0.00
           (O1, H2)     0.00     0.00     0.00     0.00     0.00         0.00        -0.00         0.00        -0.00         0.00        -0.00            -0.00
           (O1, H3)     0.00     0.00     0.00     0.00     0.00         0.00        -0.00         0.00         0.00         0.00        -0.00            -0.00
       (D6, O4, O1)    -0.00     0.00    -0.00     0.00     0.00         0.00        -0.01        -0.00        -0.00         0.00         0.00             0.01
       (O1, O4, H5)     0.01     0.00    -0.00    -0.00    -0.00        -0.01         0.57         0.00         0.00        -0.00         0.00            -0.22
       (H5, O4, D6)     0.00     0.00     0.00     0.00     0.00        -0.00         0.00         0.00        -0.00        -0.00        -0.00            -0.00
       (H2, O1, H3)    -0.00    -0.00    -0.00    -0.00     0.00        -0.00         0.00        -0.00         0.00        -0.00         0.00            -0.00
       (O1, H2, O4)     0.00    -0.00     0.00     0.00     0.00         0.00        -0.00        -0.00        -0.00         0.00        -0.00             0.00
       (O1, H2, O4)    -0.00    -0.00    -0.00    -0.00    -0.00         0.00         0.00        -0.00         0.00        -0.00         0.13             0.01
   (H3, O1, O4, H5)     0.00    -0.00    -0.00    -0.00    -0.00         0.01        -0.22        -0.00        -0.00         0.00         0.01             0.99

Total energy distribution matrix (normalization check: 1.0)

Internal Coordinate (O1, O4) (O4, H5) (O4, D6) (O1, H2) (O1, H3) (D6, O4, O1) (O1, O4, H5) (H5, O4, D6) (H2, O1, H3) (O1, H2, O4) (O1, H2, O4) (H3, O1, O4, H5)
           (O1, O4)     0.00    -0.00    -0.00     0.00    -0.00        -0.00         0.01         0.00        -0.00         0.00        -0.00             0.00
           (O4, H5)    -0.00     0.00    -0.00    -0.00    -0.00         0.00        -0.00        -0.00         0.00         0.00         0.00            -0.00
           (O4, D6)    -0.00    -0.00     0.00    -0.00    -0.00         0.00        -0.00        -0.00         0.00        -0.00         0.00            -0.00
           (O1, H2)     0.00    -0.00    -0.00     0.00     0.00        -0.00         0.00         0.00         0.00         0.00        -0.00            -0.00
           (O1, H3)    -0.00    -0.00    -0.00     0.00     0.00        -0.00         0.00         0.00        -0.00        -0.00         0.00            -0.00
       (D6, O4, O1)    -0.00     0.00     0.00    -0.00    -0.00         0.00        -0.01        -0.00        -0.00        -0.00         0.00             0.01
       (O1, O4, H5)     0.01    -0.00    -0.00     0.00     0.00        -0.01         0.90         0.00         0.00        -0.04        -0.30            -0.26
       (H5, O4, D6)     0.00    -0.00    -0.00     0.00     0.00        -0.00         0.00         0.00         0.00        -0.00        -0.00            -0.00
       (H2, O1, H3)    -0.00     0.00     0.00     0.00    -0.00        -0.00         0.00         0.00         0.01         0.00        -0.00            -0.00
       (O1, H2, O4)     0.00     0.00    -0.00     0.00    -0.00        -0.00        -0.04        -0.00         0.00         0.01         0.01             0.02
       (O1, H2, O4)    -0.00     0.00     0.00    -0.00     0.00         0.00        -0.30        -0.00        -0.00         0.01         0.38             0.06
   (H3, O1, O4, H5)     0.00    -0.00    -0.00    -0.00    -0.00         0.01        -0.26        -0.00        -0.00         0.02         0.06             0.88

----- Extended Results: Exact PED, KED and TED analysis per mode -----

Normal mode at the following harmonic frequency: 170 cm-1

Potential energy distribution matrix (normalization check: 1.0)

Internal Coordinate (O1, O4) (O4, H5) (O4, D6) (O1, H2) (O1, H3) (D6, O4, O1) (O1, O4, H5) (H5, O4, D6) (H2, O1, H3) (O1, H2, O4) (O1, H2, O4) (H3, O1, O4, H5)
           (O1, O4)     1.00     0.00     0.00    -0.00    -0.00        -0.02        -0.01        -0.00         0.00         0.00         0.01            -0.00
           (O4, H5)     0.00     0.00    -0.00    -0.00     0.00        -0.00        -0.00        -0.00         0.00        -0.00         0.00            -0.00
           (O4, D6)     0.00    -0.00     0.00    -0.00     0.00        -0.00        -0.00        -0.00         0.00         0.00         0.00            -0.00
           (O1, H2)    -0.00    -0.00    -0.00     0.00    -0.00         0.00         0.00         0.00         0.00        -0.00        -0.00            -0.00
           (O1, H3)    -0.00     0.00     0.00    -0.00     0.00        -0.00        -0.00        -0.00         0.00        -0.00        -0.00             0.00
       (D6, O4, O1)    -0.02    -0.00    -0.00     0.00    -0.00         0.03         0.00        -0.00         0.00        -0.02        -0.00             0.00
       (O1, O4, H5)    -0.01    -0.00    -0.00     0.00    -0.00         0.00         0.01         0.00         0.00         0.01        -0.01            -0.00
       (H5, O4, D6)    -0.00    -0.00    -0.00     0.00    -0.00        -0.00         0.00         0.00         0.00         0.00        -0.00            -0.00
       (H2, O1, H3)     0.00     0.00     0.00     0.00     0.00         0.00         0.00         0.00         0.00        -0.00        -0.00            -0.00
       (O1, H2, O4)     0.00    -0.00     0.00    -0.00    -0.00        -0.02         0.01         0.00        -0.00         0.01        -0.00            -0.00
       (O1, H2, O4)     0.01     0.00     0.00    -0.00    -0.00        -0.00        -0.01        -0.00        -0.00        -0.00         0.02             0.00
   (H3, O1, O4, H5)    -0.00    -0.00    -0.00    -0.00     0.00         0.00        -0.00        -0.00        -0.00        -0.00         0.00             0.01

Kinetic energy distribution matrix (normalization check: 1.0)

Internal Coordinate (O1, O4) (O4, H5) (O4, D6) (O1, H2) (O1, H3) (D6, O4, O1) (O1, O4, H5) (H5, O4, D6) (H2, O1, H3) (O1, H2, O4) (O1, H2, O4) (H3, O1, O4, H5)
           (O1, O4)     1.02     0.00     0.00    -0.00     0.00        -0.04        -0.01        -0.00         0.00         0.00         0.01            -0.00
           (O4, H5)     0.00     0.00    -0.00     0.00    -0.00        -0.00         0.00         0.00        -0.00         0.00        -0.00            -0.00
           (O4, D6)     0.00    -0.00     0.00     0.00    -0.00         0.00        -0.00         0.00        -0.00        -0.00        -0.00            -0.00
           (O1, H2)    -0.00     0.00     0.00     0.00    -0.00        -0.00        -0.00         0.00        -0.00        -0.00        -0.00            -0.00
           (O1, H3)     0.00    -0.00    -0.00    -0.00     0.00         0.00         0.00        -0.00        -0.00         0.00         0.00             0.00
       (D6, O4, O1)    -0.04    -0.00     0.00    -0.00     0.00         0.04         0.00         0.00         0.00         0.00        -0.00            -0.01
       (O1, O4, H5)    -0.01     0.00    -0.00    -0.00     0.00         0.00         0.01         0.00         0.00         0.00         0.00            -0.00
       (H5, O4, D6)    -0.00     0.00     0.00     0.00    -0.00         0.00         0.00         0.00        -0.00         0.00        -0.00            -0.00
       (H2, O1, H3)     0.00    -0.00    -0.00    -0.00    -0.00         0.00         0.00        -0.00         0.00         0.00         0.00            -0.00
       (O1, H2, O4)     0.00     0.00    -0.00    -0.00     0.00         0.00         0.00         0.00         0.00         0.00         0.00            -0.00
       (O1, H2, O4)     0.01    -0.00    -0.00    -0.00     0.00        -0.00         0.00        -0.00         0.00         0.00         0.00             0.00
   (H3, O1, O4, H5)    -0.00    -0.00    -0.00    -0.00     0.00        -0.01        -0.00        -0.00        -0.00        -0.00         0.00             0.01

Total energy distribution matrix (normalization check: 1.0)

Internal Coordinate (O1, O4) (O4, H5) (O4, D6) (O1, H2) (O1, H3) (D6, O4, O1) (O1, O4, H5) (H5, O4, D6) (H2, O1, H3) (O1, H2, O4) (O1, H2, O4) (H3, O1, O4, H5)
           (O1, O4)     1.01     0.00     0.00    -0.00    -0.00        -0.03        -0.01        -0.00         0.00         0.00         0.01            -0.00
           (O4, H5)     0.00     0.00    -0.00    -0.00     0.00        -0.00        -0.00        -0.00        -0.00        -0.00         0.00            -0.00
           (O4, D6)     0.00    -0.00     0.00    -0.00     0.00        -0.00        -0.00        -0.00        -0.00         0.00         0.00            -0.00
           (O1, H2)    -0.00    -0.00    -0.00     0.00    -0.00         0.00         0.00         0.00         0.00        -0.00        -0.00            -0.00
           (O1, H3)    -0.00     0.00     0.00    -0.00     0.00        -0.00        -0.00        -0.00         0.00        -0.00        -0.00             0.00
       (D6, O4, O1)    -0.03    -0.00    -0.00     0.00    -0.00         0.03         0.00         0.00         0.00        -0.01        -0.00            -0.00
       (O1, O4, H5)    -0.01    -0.00    -0.00     0.00    -0.00         0.00         0.01         0.00         0.00         0.00        -0.00            -0.00
       (H5, O4, D6)    -0.00    -0.00    -0.00     0.00    -0.00         0.00         0.00         0.00         0.00         0.00        -0.00            -0.00
       (H2, O1, H3)     0.00    -0.00    -0.00     0.00     0.00         0.00         0.00         0.00         0.00        -0.00        -0.00            -0.00
       (O1, H2, O4)     0.00    -0.00     0.00    -0.00    -0.00        -0.01         0.00         0.00        -0.00         0.01        -0.00            -0.00
       (O1, H2, O4)     0.01     0.00     0.00    -0.00    -0.00        -0.00        -0.00        -0.00        -0.00        -0.00         0.01             0.00
   (H3, O1, O4, H5)    -0.00    -0.00    -0.00    -0.00     0.00        -0.00        -0.00        -0.00        -0.00        -0.00         0.00             0.01

----- Extended Results: Exact PED, KED and TED analysis per mode -----

Normal mode at the following harmonic frequency: 327 cm-1

Potential energy distribution matrix (normalization check: 1.0)

Internal Coordinate (O1, O4) (O4, H5) (O4, D6) (O1, H2) (O1, H3) (D6, O4, O1) (O1, O4, H5) (H5, O4, D6) (H2, O1, H3) (O1, H2, O4) (O1, H2, O4) (H3, O1, O4, H5)
           (O1, O4)     0.01     0.00     0.00     0.00    -0.00        -0.00        -0.00        -0.00        -0.00        -0.00        -0.01            -0.00
           (O4, H5)     0.00     0.00    -0.00     0.00     0.00        -0.00        -0.00        -0.00        -0.00         0.00        -0.00            -0.00
           (O4, D6)     0.00    -0.00     0.00     0.00     0.00        -0.00        -0.00        -0.00        -0.00        -0.00        -0.00            -0.00
           (O1, H2)     0.00     0.00     0.00     0.00     0.00        -0.00        -0.00        -0.00         0.00        -0.00        -0.00             0.00
           (O1, H3)    -0.00     0.00     0.00     0.00     0.00        -0.00        -0.00        -0.00        -0.00         0.00         0.00             0.00
       (D6, O4, O1)    -0.00    -0.00    -0.00    -0.00    -0.00         0.03         0.00        -0.00        -0.00         0.05         0.02             0.00
       (O1, O4, H5)    -0.00    -0.00    -0.00    -0.00    -0.00         0.00         0.10         0.00        -0.00        -0.06         0.15            -0.01
       (H5, O4, D6)    -0.00    -0.00    -0.00    -0.00    -0.00        -0.00         0.00         0.00        -0.00        -0.00         0.00            -0.00
       (H2, O1, H3)    -0.00    -0.00    -0.00     0.00    -0.00        -0.00        -0.00        -0.00         0.09        -0.00        -0.03             0.00
       (O1, H2, O4)    -0.00     0.00    -0.00    -0.00     0.00         0.05        -0.06        -0.00        -0.00         0.17        -0.05             0.02
       (O1, H2, O4)    -0.01    -0.00    -0.00    -0.00     0.00         0.02         0.15         0.00        -0.03        -0.05         0.48            -0.01
   (H3, O1, O4, H5)    -0.00    -0.00    -0.00     0.00     0.00         0.00        -0.01        -0.00         0.00         0.02        -0.01             0.01

Kinetic energy distribution matrix (normalization check: 1.0)

Internal Coordinate (O1, O4) (O4, H5) (O4, D6) (O1, H2) (O1, H3) (D6, O4, O1) (O1, O4, H5) (H5, O4, D6) (H2, O1, H3) (O1, H2, O4) (O1, H2, O4) (H3, O1, O4, H5)
           (O1, O4)     0.04     0.00     0.00     0.00     0.00        -0.01        -0.01        -0.00        -0.00        -0.00        -0.02            -0.00
           (O4, H5)     0.00     0.00    -0.00    -0.00    -0.00        -0.00         0.00         0.00         0.00        -0.00         0.00            -0.00
           (O4, D6)     0.00    -0.00     0.00    -0.00    -0.00         0.00        -0.00         0.00         0.00         0.00         0.00            -0.00
           (O1, H2)     0.00    -0.00    -0.00     0.00     0.00         0.00         0.00        -0.00        -0.00        -0.00        -0.00             0.00
           (O1, H3)     0.00    -0.00    -0.00     0.00     0.00         0.00         0.00        -0.00         0.00        -0.00        -0.00             0.00
       (D6, O4, O1)    -0.01    -0.00     0.00     0.00     0.00         0.12         0.05         0.00        -0.00        -0.00         0.00            -0.03
       (O1, O4, H5)    -0.01     0.00    -0.00     0.00     0.00         0.05         0.24         0.01        -0.00        -0.00        -0.00            -0.04
       (H5, O4, D6)    -0.00     0.00     0.00    -0.00    -0.00         0.00         0.01         0.00         0.00        -0.00         0.00            -0.00
       (H2, O1, H3)    -0.00     0.00     0.00    -0.00     0.00        -0.00        -0.00         0.00         0.01         0.01         0.04             0.00
       (O1, H2, O4)    -0.00    -0.00     0.00    -0.00    -0.00        -0.00        -0.00        -0.00         0.01         0.08         0.04             0.01
       (O1, H2, O4)    -0.02     0.00     0.00    -0.00    -0.00         0.00        -0.00         0.00         0.04         0.04         0.55            -0.01
   (H3, O1, O4, H5)    -0.00    -0.00    -0.00     0.00     0.00        -0.03        -0.04        -0.00         0.00         0.01        -0.01             0.08

Total energy distribution matrix (normalization check: 1.0)

Internal Coordinate (O1, O4) (O4, H5) (O4, D6) (O1, H2) (O1, H3) (D6, O4, O1) (O1, O4, H5) (H5, O4, D6) (H2, O1, H3) (O1, H2, O4) (O1, H2, O4) (H3, O1, O4, H5)
           (O1, O4)     0.02     0.00     0.00     0.00     0.00        -0.01        -0.01        -0.00        -0.00        -0.00        -0.01            -0.00
           (O4, H5)     0.00     0.00    -0.00     0.00    -0.00        -0.00        -0.00        -0.00         0.00         0.00        -0.00            -0.00
           (O4, D6)     0.00    -0.00     0.00     0.00    -0.00        -0.00        -0.00        -0.00         0.00        -0.00        -0.00            -0.00
           (O1, H2)     0.00     0.00     0.00     0.00     0.00        -0.00        -0.00        -0.00         0.00        -0.00        -0.00             0.00
           (O1, H3)     0.00    -0.00    -0.00     0.00     0.00         0.00         0.00        -0.00        -0.00         0.00         0.00             0.00
       (D6, O4, O1)    -0.01    -0.00    -0.00    -0.00     0.00         0.08         0.02         0.00        -0.00         0.02         0.01            -0.01
       (O1, O4, H5)    -0.01    -0.00    -0.00    -0.00     0.00         0.02         0.17         0.00        -0.00        -0.03         0.07            -0.03
       (H5, O4, D6)    -0.00    -0.00    -0.00    -0.00    -0.00         0.00         0.00         0.00         0.00        -0.00         0.00            -0.00
       (H2, O1, H3)    -0.00     0.00     0.00     0.00    -0.00        -0.00        -0.00         0.00         0.05         0.00         0.01             0.00
       (O1, H2, O4)    -0.00     0.00    -0.00    -0.00     0.00         0.02        -0.03        -0.00         0.00         0.12        -0.00             0.01
       (O1, H2, O4)    -0.01    -0.00    -0.00    -0.00     0.00         0.01         0.07         0.00         0.01        -0.00         0.51            -0.01
   (H3, O1, O4, H5)    -0.00    -0.00    -0.00     0.00     0.00        -0.01        -0.03        -0.00         0.00         0.01        -0.01             0.05

----- Extended Results: Exact PED, KED and TED analysis per mode -----

Normal mode at the following harmonic frequency: 593 cm-1

Potential energy distribution matrix (normalization check: 1.0)

Internal Coordinate (O1, O4) (O4, H5) (O4, D6) (O1, H2) (O1, H3) (D6, O4, O1) (O1, O4, H5) (H5, O4, D6) (H2, O1, H3) (O1, H2, O4) (O1, H2, O4) (H3, O1, O4, H5)
           (O1, O4)     0.00    -0.00    -0.00     0.00     0.00        -0.00         0.00         0.00         0.00        -0.00         0.00            -0.00
           (O4, H5)    -0.00     0.00    -0.00    -0.00     0.00         0.00        -0.00        -0.00        -0.00        -0.00        -0.00             0.00
           (O4, D6)    -0.00    -0.00     0.00    -0.00     0.00         0.00        -0.00        -0.00        -0.00         0.00        -0.00             0.00
           (O1, H2)     0.00    -0.00    -0.00     0.00    -0.00        -0.00         0.00         0.00        -0.00        -0.00         0.00             0.00
           (O1, H3)     0.00     0.00     0.00    -0.00     0.00         0.00        -0.00        -0.00        -0.00        -0.00         0.00            -0.00
       (D6, O4, O1)    -0.00     0.00     0.00    -0.00     0.00         0.01        -0.00         0.00         0.00         0.04        -0.00             0.00
       (O1, O4, H5)     0.00    -0.00    -0.00     0.00    -0.00        -0.00         0.02         0.00        -0.00         0.05         0.02             0.00
       (H5, O4, D6)     0.00    -0.00    -0.00     0.00    -0.00         0.00         0.00         0.00        -0.00         0.00         0.00             0.00
       (H2, O1, H3)     0.00    -0.00    -0.00    -0.00    -0.00         0.00        -0.00        -0.00         0.00         0.00        -0.00            -0.00
       (O1, H2, O4)    -0.00    -0.00     0.00    -0.00    -0.00         0.04         0.05         0.00         0.00         0.62         0.03             0.01
       (O1, H2, O4)     0.00    -0.00    -0.00     0.00     0.00        -0.00         0.02         0.00        -0.00         0.03         0.06             0.00
   (H3, O1, O4, H5)    -0.00     0.00     0.00     0.00    -0.00         0.00         0.00         0.00        -0.00         0.01         0.00             0.00

Kinetic energy distribution matrix (normalization check: 1.0)

Internal Coordinate (O1, O4) (O4, H5) (O4, D6) (O1, H2) (O1, H3) (D6, O4, O1) (O1, O4, H5) (H5, O4, D6) (H2, O1, H3) (O1, H2, O4) (O1, H2, O4) (H3, O1, O4, H5)
           (O1, O4)     0.00    -0.00    -0.00     0.00    -0.00        -0.00         0.00         0.00         0.00        -0.00         0.00            -0.00
           (O4, H5)    -0.00     0.00    -0.00     0.00    -0.00         0.00         0.00         0.00         0.00         0.00         0.00             0.00
           (O4, D6)    -0.00    -0.00     0.00     0.00    -0.00        -0.00        -0.00         0.00         0.00        -0.00         0.00             0.00
           (O1, H2)     0.00     0.00     0.00     0.00    -0.00         0.00        -0.00         0.00         0.00        -0.00         0.00             0.00
           (O1, H3)    -0.00    -0.00    -0.00    -0.00     0.00        -0.00         0.00        -0.00         0.00         0.00        -0.00            -0.00
       (D6, O4, O1)    -0.00     0.00    -0.00     0.00    -0.00         0.08        -0.03        -0.00         0.00        -0.01        -0.00            -0.01
       (O1, O4, H5)     0.00     0.00    -0.00    -0.00     0.00        -0.03         0.13         0.01        -0.00         0.00        -0.00             0.01
       (H5, O4, D6)     0.00     0.00     0.00     0.00    -0.00        -0.00         0.01         0.00         0.00         0.00         0.00             0.00
       (H2, O1, H3)     0.00     0.00     0.00     0.00     0.00         0.00        -0.00         0.00         0.00        -0.00         0.00            -0.00
       (O1, H2, O4)    -0.00     0.00    -0.00    -0.00     0.00        -0.01         0.00         0.00        -0.00         0.96        -0.09             0.01
       (O1, H2, O4)     0.00     0.00     0.00     0.00    -0.00        -0.00        -0.00         0.00         0.00        -0.09         0.22             0.00
   (H3, O1, O4, H5)    -0.00     0.00     0.00     0.00    -0.00        -0.01         0.01         0.00        -0.00         0.01         0.00             0.01

Total energy distribution matrix (normalization check: 1.0)

Internal Coordinate (O1, O4) (O4, H5) (O4, D6) (O1, H2) (O1, H3) (D6, O4, O1) (O1, O4, H5) (H5, O4, D6) (H2, O1, H3) (O1, H2, O4) (O1, H2, O4) (H3, O1, O4, H5)
           (O1, O4)     0.00    -0.00    -0.00     0.00    -0.00        -0.00         0.00         0.00         0.00        -0.00         0.00            -0.00
           (O4, H5)    -0.00     0.00    -0.00    -0.00    -0.00         0.00        -0.00        -0.00         0.00        -0.00         0.00             0.00
           (O4, D6)    -0.00    -0.00     0.00    -0.00    -0.00         0.00        -0.00        -0.00         0.00         0.00         0.00             0.00
           (O1, H2)     0.00    -0.00    -0.00     0.00    -0.00         0.00        -0.00         0.00        -0.00        -0.00         0.00             0.00
           (O1, H3)    -0.00    -0.00    -0.00    -0.00     0.00        -0.00         0.00        -0.00        -0.00         0.00        -0.00            -0.00
       (D6, O4, O1)    -0.00     0.00     0.00     0.00    -0.00         0.05        -0.01        -0.00         0.00         0.02        -0.00            -0.00
       (O1, O4, H5)     0.00    -0.00    -0.00    -0.00     0.00        -0.01         0.07         0.00        -0.00         0.03         0.01             0.01
       (H5, O4, D6)     0.00    -0.00    -0.00     0.00    -0.00        -0.00         0.00         0.00         0.00         0.00         0.00             0.00
       (H2, O1, H3)     0.00     0.00     0.00    -0.00    -0.00         0.00        -0.00         0.00         0.00        -0.00         0.00            -0.00
       (O1, H2, O4)    -0.00    -0.00     0.00    -0.00     0.00         0.02         0.03         0.00        -0.00         0.79        -0.03             0.01
       (O1, H2, O4)     0.00     0.00     0.00     0.00    -0.00        -0.00         0.01         0.00         0.00        -0.03         0.14             0.00
   (H3, O1, O4, H5)    -0.00     0.00     0.00     0.00    -0.00        -0.00         0.01         0.00        -0.00         0.01         0.00             0.00

----- Extended Results: Exact PED, KED and TED analysis per mode -----

Normal mode at the following harmonic frequency: 1534 cm-1

Potential energy distribution matrix (normalization check: 1.0)

Internal Coordinate (O1, O4) (O4, H5) (O4, D6) (O1, H2) (O1, H3) (D6, O4, O1) (O1, O4, H5) (H5, O4, D6) (H2, O1, H3) (O1, H2, O4) (O1, H2, O4) (H3, O1, O4, H5)
           (O1, O4)     0.00    -0.00    -0.00    -0.00    -0.00        -0.00        -0.00         0.00        -0.00         0.00         0.00             0.00
           (O4, H5)    -0.00     0.01    -0.00     0.00    -0.00         0.00         0.00        -0.01         0.00         0.00        -0.00            -0.00
           (O4, D6)    -0.00    -0.00     0.00     0.00    -0.00         0.00         0.00        -0.01         0.00        -0.00        -0.00            -0.00
           (O1, H2)    -0.00     0.00     0.00     0.00    -0.00         0.00         0.00        -0.00        -0.00        -0.00        -0.00             0.00
           (O1, H3)    -0.00    -0.00    -0.00    -0.00     0.00        -0.00        -0.00         0.00        -0.00        -0.00        -0.00            -0.00
       (D6, O4, O1)    -0.00     0.00     0.00     0.00    -0.00         0.00         0.00         0.00        -0.00        -0.00        -0.00            -0.00
       (O1, O4, H5)    -0.00     0.00     0.00     0.00    -0.00         0.00         0.01        -0.00        -0.00         0.00        -0.00             0.00
       (H5, O4, D6)     0.00    -0.01    -0.01    -0.00     0.00         0.00        -0.00         1.00         0.00        -0.00         0.00            -0.00
       (H2, O1, H3)    -0.00     0.00     0.00    -0.00    -0.00        -0.00        -0.00         0.00         0.00         0.00         0.00            -0.00
       (O1, H2, O4)     0.00     0.00    -0.00    -0.00    -0.00        -0.00         0.00        -0.00         0.00         0.00        -0.00             0.00
       (O1, H2, O4)     0.00    -0.00    -0.00    -0.00    -0.00        -0.00        -0.00         0.00         0.00        -0.00         0.00            -0.00
   (H3, O1, O4, H5)     0.00    -0.00    -0.00     0.00    -0.00        -0.00         0.00        -0.00        -0.00         0.00        -0.00             0.00

Kinetic energy distribution matrix (normalization check: 1.0)

Internal Coordinate (O1, O4) (O4, H5) (O4, D6) (O1, H2) (O1, H3) (D6, O4, O1) (O1, O4, H5) (H5, O4, D6) (H2, O1, H3) (O1, H2, O4) (O1, H2, O4) (H3, O1, O4, H5)
           (O1, O4)     0.03    -0.00    -0.00    -0.00     0.00        -0.01        -0.01         0.00        -0.00         0.00         0.00             0.00
           (O4, H5)    -0.00     0.00    -0.00    -0.00     0.00         0.00        -0.00         0.00        -0.00        -0.00         0.00            -0.00
           (O4, D6)    -0.00    -0.00     0.00    -0.00     0.00        -0.00         0.00         0.00        -0.00         0.00         0.00            -0.00
           (O1, H2)    -0.00    -0.00    -0.00     0.00    -0.00        -0.00        -0.00        -0.00         0.00        -0.00        -0.00             0.00
           (O1, H3)     0.00     0.00     0.00    -0.00     0.00         0.00         0.00         0.00         0.00         0.00         0.00            -0.00
       (D6, O4, O1)    -0.01     0.00    -0.00    -0.00     0.00         0.18         0.08        -0.34        -0.00         0.00        -0.00             0.08
       (O1, O4, H5)    -0.01    -0.00     0.00    -0.00     0.00         0.08         0.44        -0.65        -0.00         0.00         0.00             0.12
       (H5, O4, D6)     0.00     0.00     0.00    -0.00     0.00        -0.34        -0.65         2.81        -0.00        -0.00         0.00            -0.60
       (H2, O1, H3)    -0.00    -0.00    -0.00     0.00     0.00        -0.00        -0.00        -0.00         0.00        -0.00        -0.00            -0.00
       (O1, H2, O4)     0.00    -0.00     0.00    -0.00     0.00         0.00         0.00        -0.00        -0.00         0.00         0.00             0.00
       (O1, H2, O4)     0.00     0.00     0.00    -0.00     0.00        -0.00         0.00         0.00        -0.00         0.00         0.00            -0.00
   (H3, O1, O4, H5)     0.00    -0.00    -0.00     0.00    -0.00         0.08         0.12        -0.60        -0.00         0.00        -0.00             0.40

Total energy distribution matrix (normalization check: 1.0)

Internal Coordinate (O1, O4) (O4, H5) (O4, D6) (O1, H2) (O1, H3) (D6, O4, O1) (O1, O4, H5) (H5, O4, D6) (H2, O1, H3) (O1, H2, O4) (O1, H2, O4) (H3, O1, O4, H5)
           (O1, O4)     0.01    -0.00    -0.00    -0.00     0.00        -0.01        -0.01         0.00        -0.00         0.00         0.00             0.00
           (O4, H5)    -0.00     0.00    -0.00    -0.00     0.00         0.00        -0.00        -0.00        -0.00         0.00         0.00            -0.00
           (O4, D6)    -0.00    -0.00     0.00    -0.00     0.00         0.00         0.00        -0.00        -0.00         0.00         0.00            -0.00
           (O1, H2)    -0.00    -0.00    -0.00     0.00    -0.00        -0.00        -0.00        -0.00        -0.00        -0.00        -0.00             0.00
           (O1, H3)     0.00     0.00     0.00    -0.00     0.00         0.00         0.00         0.00        -0.00         0.00         0.00            -0.00
       (D6, O4, O1)    -0.01     0.00     0.00    -0.00     0.00         0.09         0.04        -0.17        -0.00         0.00        -0.00             0.04
       (O1, O4, H5)    -0.01    -0.00     0.00    -0.00     0.00         0.04         0.23        -0.33        -0.00         0.00        -0.00             0.06
       (H5, O4, D6)     0.00    -0.00    -0.00    -0.00     0.00        -0.17        -0.33         1.91        -0.00        -0.00         0.00            -0.30
       (H2, O1, H3)    -0.00    -0.00    -0.00    -0.00    -0.00        -0.00        -0.00        -0.00         0.00        -0.00        -0.00            -0.00
       (O1, H2, O4)     0.00     0.00     0.00    -0.00     0.00         0.00         0.00        -0.00        -0.00         0.00         0.00             0.00
       (O1, H2, O4)     0.00     0.00     0.00    -0.00     0.00        -0.00        -0.00         0.00        -0.00         0.00         0.00            -0.00
   (H3, O1, O4, H5)     0.00    -0.00    -0.00     0.00    -0.00         0.04         0.06        -0.30        -0.00         0.00        -0.00             0.20

----- Extended Results: Exact PED, KED and TED analysis per mode -----

Normal mode at the following harmonic frequency: 1779 cm-1

Potential energy distribution matrix (normalization check: 1.0)

Internal Coordinate (O1, O4) (O4, H5) (O4, D6) (O1, H2) (O1, H3) (D6, O4, O1) (O1, O4, H5) (H5, O4, D6) (H2, O1, H3) (O1, H2, O4) (O1, H2, O4) (H3, O1, O4, H5)
           (O1, O4)     0.00    -0.00    -0.00    -0.00    -0.00         0.00         0.00        -0.00        -0.00         0.00         0.00            -0.00
           (O4, H5)    -0.00     0.00    -0.00     0.00    -0.00        -0.00        -0.00         0.00         0.00         0.00        -0.00             0.00
           (O4, D6)    -0.00    -0.00     0.00     0.00    -0.00        -0.00        -0.00         0.00         0.00        -0.00        -0.00             0.00
           (O1, H2)    -0.00     0.00     0.00     0.01    -0.00        -0.00        -0.00         0.00        -0.01        -0.00        -0.00            -0.00
           (O1, H3)    -0.00    -0.00    -0.00    -0.00     0.01         0.00         0.00        -0.00        -0.01        -0.00        -0.00             0.00
       (D6, O4, O1)     0.00    -0.00    -0.00    -0.00     0.00         0.00         0.00         0.00         0.00         0.00         0.00            -0.00
       (O1, O4, H5)     0.00    -0.00    -0.00    -0.00     0.00         0.00         0.00        -0.00         0.00        -0.00         0.00             0.00
       (H5, O4, D6)    -0.00     0.00     0.00     0.00    -0.00         0.00        -0.00         0.00        -0.00         0.00        -0.00            -0.00
       (H2, O1, H3)    -0.00     0.00     0.00    -0.01    -0.01         0.00         0.00        -0.00         0.93         0.00         0.02             0.00
       (O1, H2, O4)     0.00     0.00    -0.00    -0.00    -0.00         0.00        -0.00         0.00         0.00         0.01        -0.00            -0.00
       (O1, H2, O4)     0.00    -0.00    -0.00    -0.00    -0.00         0.00         0.00        -0.00         0.02        -0.00         0.03             0.00
   (H3, O1, O4, H5)    -0.00     0.00     0.00    -0.00     0.00        -0.00         0.00        -0.00         0.00        -0.00         0.00             0.00

Kinetic energy distribution matrix (normalization check: 1.0)

Internal Coordinate (O1, O4) (O4, H5) (O4, D6) (O1, H2) (O1, H3) (D6, O4, O1) (O1, O4, H5) (H5, O4, D6) (H2, O1, H3) (O1, H2, O4) (O1, H2, O4) (H3, O1, O4, H5)
           (O1, O4)     0.01    -0.00    -0.00    -0.00     0.00         0.00         0.00        -0.00        -0.03         0.00         0.01            -0.00
           (O4, H5)    -0.00     0.00    -0.00    -0.00     0.00        -0.00         0.00        -0.00        -0.00        -0.00         0.00             0.00
           (O4, D6)    -0.00    -0.00     0.00    -0.00     0.00         0.00        -0.00        -0.00        -0.00         0.00         0.00             0.00
           (O1, H2)    -0.00    -0.00    -0.00     0.00    -0.00         0.00         0.00         0.00         0.00        -0.00        -0.00            -0.00
           (O1, H3)     0.00     0.00     0.00    -0.00     0.00        -0.00        -0.00        -0.00         0.00         0.00         0.00             0.00
       (D6, O4, O1)     0.00    -0.00     0.00     0.00    -0.00         0.00         0.00        -0.00         0.00        -0.00         0.00             0.00
       (O1, O4, H5)     0.00     0.00    -0.00     0.00    -0.00         0.00         0.00        -0.00         0.00        -0.00        -0.00             0.00
       (H5, O4, D6)    -0.00    -0.00    -0.00     0.00    -0.00        -0.00        -0.00         0.00         0.00         0.00        -0.00            -0.00
       (H2, O1, H3)    -0.03    -0.00    -0.00     0.00     0.00         0.00         0.00         0.00         2.44        -0.14        -1.04             0.00
       (O1, H2, O4)     0.00    -0.00     0.00    -0.00     0.00        -0.00        -0.00         0.00        -0.14         0.08         0.06            -0.00
       (O1, H2, O4)     0.01     0.00     0.00    -0.00     0.00         0.00        -0.00        -0.00        -1.04         0.06         1.00             0.00
   (H3, O1, O4, H5)    -0.00     0.00     0.00    -0.00     0.00         0.00         0.00        -0.00         0.00        -0.00         0.00             0.00

Total energy distribution matrix (normalization check: 1.0)

Internal Coordinate (O1, O4) (O4, H5) (O4, D6) (O1, H2) (O1, H3) (D6, O4, O1) (O1, O4, H5) (H5, O4, D6) (H2, O1, H3) (O1, H2, O4) (O1, H2, O4) (H3, O1, O4, H5)
           (O1, O4)     0.01    -0.00    -0.00    -0.00     0.00         0.00         0.00        -0.00        -0.01         0.00         0.01            -0.00
           (O4, H5)    -0.00     0.00    -0.00    -0.00     0.00        -0.00         0.00         0.00        -0.00         0.00         0.00             0.00
           (O4, D6)    -0.00    -0.00     0.00    -0.00     0.00        -0.00        -0.00         0.00        -0.00         0.00         0.00             0.00
           (O1, H2)    -0.00    -0.00    -0.00     0.00    -0.00         0.00         0.00         0.00        -0.00        -0.00        -0.00            -0.00
           (O1, H3)     0.00     0.00     0.00    -0.00     0.00        -0.00        -0.00        -0.00        -0.00         0.00         0.00             0.00
       (D6, O4, O1)     0.00    -0.00    -0.00     0.00    -0.00         0.00         0.00        -0.00         0.00        -0.00         0.00             0.00
       (O1, O4, H5)     0.00     0.00    -0.00     0.00    -0.00         0.00         0.00        -0.00         0.00        -0.00         0.00             0.00
       (H5, O4, D6)    -0.00     0.00     0.00     0.00    -0.00        -0.00        -0.00         0.00         0.00         0.00        -0.00            -0.00
       (H2, O1, H3)    -0.01    -0.00    -0.00    -0.00    -0.00         0.00         0.00         0.00         1.68        -0.07        -0.51             0.00
       (O1, H2, O4)     0.00     0.00     0.00    -0.00     0.00        -0.00        -0.00         0.00        -0.07         0.04         0.03            -0.00
       (O1, H2, O4)     0.01     0.00     0.00    -0.00     0.00         0.00         0.00        -0.00        -0.51         0.03         0.52             0.00
   (H3, O1, O4, H5)    -0.00     0.00     0.00    -0.00     0.00         0.00         0.00        -0.00         0.00        -0.00         0.00             0.00

----- Extended Results: Exact PED, KED and TED analysis per mode -----

Normal mode at the following harmonic frequency: 3041 cm-1

Potential energy distribution matrix (normalization check: 1.0)

Internal Coordinate (O1, O4) (O4, H5) (O4, D6) (O1, H2) (O1, H3) (D6, O4, O1) (O1, O4, H5) (H5, O4, D6) (H2, O1, H3) (O1, H2, O4) (O1, H2, O4) (H3, O1, O4, H5)
           (O1, O4)     0.00    -0.00    -0.00     0.00    -0.00         0.00        -0.00         0.00         0.00         0.00         0.00             0.00
           (O4, H5)    -0.00     0.00    -0.00    -0.00    -0.00        -0.00         0.00        -0.00        -0.00         0.00        -0.00            -0.00
           (O4, D6)    -0.00    -0.00     1.00    -0.00    -0.00        -0.00         0.00        -0.00        -0.00        -0.00        -0.00            -0.00
           (O1, H2)     0.00    -0.00    -0.00     0.00     0.00         0.00        -0.00         0.00        -0.00         0.00         0.00            -0.00
           (O1, H3)    -0.00    -0.00    -0.00     0.00     0.00         0.00        -0.00         0.00         0.00        -0.00        -0.00            -0.00
       (D6, O4, O1)     0.00    -0.00    -0.00     0.00     0.00         0.00        -0.00        -0.00        -0.00         0.00         0.00             0.00
       (O1, O4, H5)    -0.00     0.00     0.00    -0.00    -0.00        -0.00         0.00        -0.00         0.00         0.00        -0.00             0.00
       (H5, O4, D6)     0.00    -0.00    -0.00     0.00     0.00        -0.00        -0.00         0.00        -0.00        -0.00         0.00            -0.00
       (H2, O1, H3)     0.00    -0.00    -0.00    -0.00     0.00        -0.00         0.00        -0.00         0.00        -0.00        -0.00             0.00
       (O1, H2, O4)     0.00     0.00    -0.00     0.00    -0.00         0.00         0.00        -0.00        -0.00         0.00        -0.00             0.00
       (O1, H2, O4)     0.00    -0.00    -0.00     0.00    -0.00         0.00        -0.00         0.00        -0.00        -0.00         0.00            -0.00
   (H3, O1, O4, H5)     0.00    -0.00    -0.00    -0.00    -0.00         0.00         0.00        -0.00         0.00         0.00        -0.00             0.00

Kinetic energy distribution matrix (normalization check: 1.0)

Internal Coordinate (O1, O4) (O4, H5) (O4, D6) (O1, H2) (O1, H3) (D6, O4, O1) (O1, O4, H5) (H5, O4, D6) (H2, O1, H3) (O1, H2, O4) (O1, H2, O4) (H3, O1, O4, H5)
           (O1, O4)     0.01    -0.00    -0.01     0.00     0.00         0.00        -0.00         0.00         0.00         0.00         0.00             0.00
           (O4, H5)    -0.00     0.00    -0.00     0.00     0.00        -0.00        -0.00         0.00         0.00        -0.00         0.00            -0.00
           (O4, D6)    -0.01    -0.00     1.12     0.00     0.00         0.00         0.00         0.00         0.00         0.00         0.00            -0.00
           (O1, H2)     0.00     0.00     0.00     0.00     0.00        -0.00         0.00         0.00         0.00         0.00         0.00            -0.00
           (O1, H3)     0.00     0.00     0.00     0.00     0.00        -0.00         0.00         0.00        -0.00         0.00         0.00            -0.00
       (D6, O4, O1)     0.00    -0.00     0.00    -0.00    -0.00         0.00        -0.00         0.00        -0.00        -0.00         0.00            -0.00
       (O1, O4, H5)    -0.00    -0.00     0.00     0.00     0.00        -0.00         0.00        -0.00         0.00         0.00         0.00             0.00
       (H5, O4, D6)     0.00     0.00     0.00     0.00     0.00         0.00        -0.00         0.00         0.00        -0.00         0.00            -0.00
       (H2, O1, H3)     0.00     0.00     0.00     0.00    -0.00        -0.00         0.00         0.00         0.00         0.00         0.00             0.00
       (O1, H2, O4)     0.00    -0.00     0.00     0.00     0.00        -0.00         0.00        -0.00         0.00         0.00         0.00             0.00
       (O1, H2, O4)     0.00     0.00     0.00     0.00     0.00         0.00         0.00         0.00         0.00         0.00         0.00            -0.00
   (H3, O1, O4, H5)     0.00    -0.00    -0.00    -0.00    -0.00        -0.00         0.00        -0.00         0.00         0.00        -0.00             0.00

Total energy distribution matrix (normalization check: 1.0)

Internal Coordinate (O1, O4) (O4, H5) (O4, D6) (O1, H2) (O1, H3) (D6, O4, O1) (O1, O4, H5) (H5, O4, D6) (H2, O1, H3) (O1, H2, O4) (O1, H2, O4) (H3, O1, O4, H5)
           (O1, O4)     0.01    -0.00    -0.01     0.00     0.00         0.00        -0.00         0.00         0.00         0.00         0.00             0.00
           (O4, H5)    -0.00     0.00    -0.00     0.00     0.00        -0.00        -0.00         0.00         0.00         0.00         0.00            -0.00
           (O4, D6)    -0.01    -0.00     1.06     0.00     0.00         0.00         0.00        -0.00         0.00         0.00         0.00            -0.00
           (O1, H2)     0.00     0.00     0.00     0.00     0.00        -0.00         0.00         0.00         0.00         0.00         0.00            -0.00
           (O1, H3)     0.00     0.00     0.00     0.00     0.00        -0.00         0.00         0.00        -0.00         0.00         0.00            -0.00
       (D6, O4, O1)     0.00    -0.00     0.00    -0.00    -0.00         0.00        -0.00         0.00        -0.00        -0.00         0.00            -0.00
       (O1, O4, H5)    -0.00    -0.00     0.00     0.00     0.00        -0.00         0.00        -0.00         0.00         0.00         0.00             0.00
       (H5, O4, D6)     0.00     0.00    -0.00     0.00     0.00         0.00        -0.00         0.00         0.00        -0.00         0.00            -0.00
       (H2, O1, H3)     0.00     0.00     0.00     0.00    -0.00        -0.00         0.00         0.00         0.00         0.00         0.00             0.00
       (O1, H2, O4)     0.00     0.00     0.00     0.00     0.00        -0.00         0.00        -0.00         0.00         0.00         0.00             0.00
       (O1, H2, O4)     0.00     0.00     0.00     0.00     0.00         0.00         0.00         0.00         0.00         0.00         0.00            -0.00
   (H3, O1, O4, H5)     0.00    -0.00    -0.00    -0.00    -0.00        -0.00         0.00        -0.00         0.00         0.00        -0.00             0.00

----- Extended Results: Exact PED, KED and TED analysis per mode -----

Normal mode at the following harmonic frequency: 4100 cm-1

Potential energy distribution matrix (normalization check: 1.0)

Internal Coordinate (O1, O4) (O4, H5) (O4, D6) (O1, H2) (O1, H3) (D6, O4, O1) (O1, O4, H5) (H5, O4, D6) (H2, O1, H3) (O1, H2, O4) (O1, H2, O4) (H3, O1, O4, H5)
           (O1, O4)     0.00     0.00    -0.00    -0.00    -0.00        -0.00        -0.00        -0.00        -0.00        -0.00        -0.00             0.00
           (O4, H5)     0.00     0.00     0.00    -0.00     0.00        -0.00        -0.00        -0.00        -0.00         0.00        -0.00             0.00
           (O4, D6)    -0.00     0.00     0.00     0.00    -0.00         0.00         0.00         0.00         0.00         0.00         0.00            -0.00
           (O1, H2)    -0.00    -0.00     0.00     0.83    -0.00         0.00         0.00         0.00        -0.00         0.00         0.00             0.00
           (O1, H3)    -0.00     0.00    -0.00    -0.00     0.17        -0.00        -0.00        -0.00        -0.00         0.00         0.00            -0.00
       (D6, O4, O1)    -0.00    -0.00     0.00     0.00    -0.00         0.00         0.00        -0.00        -0.00         0.00         0.00            -0.00
       (O1, O4, H5)    -0.00    -0.00     0.00     0.00    -0.00         0.00         0.00         0.00        -0.00        -0.00         0.00             0.00
       (H5, O4, D6)    -0.00    -0.00     0.00     0.00    -0.00        -0.00         0.00         0.00        -0.00        -0.00         0.00             0.00
       (H2, O1, H3)    -0.00    -0.00     0.00    -0.00    -0.00        -0.00        -0.00        -0.00         0.00        -0.00        -0.00            -0.00
       (O1, H2, O4)    -0.00     0.00     0.00     0.00     0.00         0.00        -0.00        -0.00        -0.00         0.00        -0.00            -0.00
       (O1, H2, O4)    -0.00    -0.00     0.00     0.00     0.00         0.00         0.00         0.00        -0.00        -0.00         0.00             0.00
   (H3, O1, O4, H5)     0.00     0.00    -0.00     0.00    -0.00        -0.00         0.00         0.00        -0.00        -0.00         0.00             0.00

Kinetic energy distribution matrix (normalization check: 1.0)

Internal Coordinate (O1, O4) (O4, H5) (O4, D6) (O1, H2) (O1, H3) (D6, O4, O1) (O1, O4, H5) (H5, O4, D6) (H2, O1, H3) (O1, H2, O4) (O1, H2, O4) (H3, O1, O4, H5)
           (O1, O4)     0.02     0.00    -0.00    -0.02     0.00        -0.00        -0.00        -0.00        -0.00        -0.00        -0.00             0.00
           (O4, H5)     0.00     0.00     0.00     0.00    -0.00        -0.00         0.00         0.00         0.00        -0.00         0.00             0.00
           (O4, D6)    -0.00     0.00     0.00    -0.00     0.00        -0.00         0.00        -0.00        -0.00        -0.00        -0.00            -0.00
           (O1, H2)    -0.02     0.00    -0.00     0.94    -0.01        -0.00        -0.00         0.00         0.00         0.00         0.00             0.00
           (O1, H3)     0.00    -0.00     0.00    -0.01     0.21         0.00         0.00        -0.00         0.00        -0.00        -0.00            -0.00
       (D6, O4, O1)    -0.00    -0.00    -0.00    -0.00     0.00         0.00         0.00         0.00        -0.00        -0.00         0.00             0.00
       (O1, O4, H5)    -0.00     0.00     0.00    -0.00     0.00         0.00         0.00         0.00        -0.00        -0.00        -0.00             0.00
       (H5, O4, D6)    -0.00     0.00    -0.00     0.00    -0.00         0.00         0.00         0.00         0.00        -0.00         0.00             0.00
       (H2, O1, H3)    -0.00     0.00    -0.00     0.00     0.00        -0.00        -0.00         0.00         0.00         0.00         0.00            -0.00
       (O1, H2, O4)    -0.00    -0.00    -0.00     0.00    -0.00        -0.00        -0.00        -0.00         0.00         0.00         0.00            -0.00
       (O1, H2, O4)    -0.00     0.00    -0.00     0.00    -0.00         0.00        -0.00         0.00         0.00         0.00         0.00             0.00
   (H3, O1, O4, H5)     0.00     0.00    -0.00     0.00    -0.00         0.00         0.00         0.00        -0.00        -0.00         0.00             0.00

Total energy distribution matrix (normalization check: 1.0)

Internal Coordinate (O1, O4) (O4, H5) (O4, D6) (O1, H2) (O1, H3) (D6, O4, O1) (O1, O4, H5) (H5, O4, D6) (H2, O1, H3) (O1, H2, O4) (O1, H2, O4) (H3, O1, O4, H5)
           (O1, O4)     0.01     0.00    -0.00    -0.01     0.00        -0.00        -0.00        -0.00        -0.00        -0.00        -0.00             0.00
           (O4, H5)     0.00     0.00     0.00     0.00    -0.00        -0.00         0.00         0.00         0.00         0.00         0.00             0.00
           (O4, D6)    -0.00     0.00     0.00    -0.00     0.00        -0.00         0.00         0.00        -0.00        -0.00        -0.00            -0.00
           (O1, H2)    -0.01     0.00    -0.00     0.88    -0.00        -0.00        -0.00         0.00         0.00         0.00         0.00             0.00
           (O1, H3)     0.00    -0.00     0.00    -0.00     0.19         0.00         0.00        -0.00         0.00        -0.00        -0.00            -0.00
       (D6, O4, O1)    -0.00    -0.00    -0.00    -0.00     0.00         0.00         0.00         0.00        -0.00        -0.00         0.00             0.00
       (O1, O4, H5)    -0.00     0.00     0.00    -0.00     0.00         0.00         0.00         0.00        -0.00        -0.00        -0.00             0.00
       (H5, O4, D6)    -0.00     0.00     0.00     0.00    -0.00         0.00         0.00         0.00         0.00        -0.00         0.00             0.00
       (H2, O1, H3)    -0.00     0.00    -0.00     0.00     0.00        -0.00        -0.00         0.00         0.00         0.00         0.00            -0.00
       (O1, H2, O4)    -0.00     0.00    -0.00     0.00    -0.00        -0.00        -0.00        -0.00         0.00         0.00         0.00            -0.00
       (O1, H2, O4)    -0.00     0.00    -0.00     0.00    -0.00         0.00        -0.00         0.00         0.00         0.00         0.00             0.00
   (H3, O1, O4, H5)     0.00     0.00    -0.00     0.00    -0.00         0.00         0.00         0.00        -0.00        -0.00         0.00             0.00

----- Extended Results: Exact PED, KED and TED analysis per mode -----

Normal mode at the following harmonic frequency: 4186 cm-1

Potential energy distribution matrix (normalization check: 1.0)

Internal Coordinate (O1, O4) (O4, H5) (O4, D6) (O1, H2) (O1, H3) (D6, O4, O1) (O1, O4, H5) (H5, O4, D6) (H2, O1, H3) (O1, H2, O4) (O1, H2, O4) (H3, O1, O4, H5)
           (O1, O4)     0.00    -0.00     0.00    -0.00    -0.00        -0.00         0.00         0.00         0.00        -0.00         0.00            -0.00
           (O4, H5)    -0.00     0.99     0.00     0.00    -0.00         0.00        -0.00        -0.00        -0.00        -0.00        -0.00             0.00
           (O4, D6)     0.00     0.00     0.00    -0.00     0.00        -0.00         0.00         0.00         0.00        -0.00         0.00            -0.00
           (O1, H2)    -0.00     0.00    -0.00     0.00    -0.00         0.00        -0.00        -0.00         0.00         0.00        -0.00            -0.00
           (O1, H3)    -0.00    -0.00     0.00    -0.00     0.01        -0.00         0.00         0.00         0.00         0.00        -0.00             0.00
       (D6, O4, O1)    -0.00     0.00    -0.00     0.00    -0.00         0.00        -0.00         0.00         0.00         0.00        -0.00             0.00
       (O1, O4, H5)     0.00    -0.00     0.00    -0.00     0.00        -0.00         0.00         0.00        -0.00         0.00         0.00             0.00
       (H5, O4, D6)     0.00    -0.00     0.00    -0.00     0.00         0.00         0.00         0.00        -0.00         0.00         0.00             0.00
       (H2, O1, H3)     0.00    -0.00     0.00     0.00     0.00         0.00        -0.00        -0.00         0.00         0.00        -0.00            -0.00
       (O1, H2, O4)    -0.00    -0.00    -0.00     0.00     0.00         0.00         0.00         0.00         0.00         0.00         0.00             0.00
       (O1, H2, O4)     0.00    -0.00     0.00    -0.00    -0.00        -0.00         0.00         0.00        -0.00         0.00         0.00             0.00
   (H3, O1, O4, H5)    -0.00     0.00    -0.00    -0.00     0.00         0.00         0.00         0.00        -0.00         0.00         0.00             0.00

Kinetic energy distribution matrix (normalization check: 1.0)

Internal Coordinate (O1, O4) (O4, H5) (O4, D6) (O1, H2) (O1, H3) (D6, O4, O1) (O1, O4, H5) (H5, O4, D6) (H2, O1, H3) (O1, H2, O4) (O1, H2, O4) (H3, O1, O4, H5)
           (O1, O4)     0.00    -0.00     0.00    -0.00     0.00        -0.00         0.00         0.00         0.00        -0.00         0.00            -0.00
           (O4, H5)    -0.00     1.17     0.00    -0.00     0.00         0.00         0.00         0.00         0.00         0.00         0.00             0.00
           (O4, D6)     0.00     0.00     0.00     0.00    -0.00         0.00         0.00        -0.00        -0.00         0.00        -0.00            -0.00
           (O1, H2)    -0.00    -0.00     0.00     0.00    -0.00        -0.00         0.00        -0.00        -0.00         0.00        -0.00            -0.00
           (O1, H3)     0.00     0.00    -0.00    -0.00     0.01         0.00        -0.00         0.00        -0.00        -0.00         0.00             0.00
       (D6, O4, O1)    -0.00     0.00     0.00    -0.00     0.00         0.00        -0.00        -0.00         0.00        -0.00        -0.00            -0.00
       (O1, O4, H5)     0.00     0.00     0.00     0.00    -0.00        -0.00         0.00         0.00        -0.00         0.00        -0.00             0.00
       (H5, O4, D6)     0.00     0.00    -0.00    -0.00     0.00        -0.00         0.00         0.00         0.00         0.00         0.00             0.00
       (H2, O1, H3)     0.00     0.00    -0.00    -0.00    -0.00         0.00        -0.00         0.00         0.00        -0.00         0.00            -0.00
       (O1, H2, O4)    -0.00     0.00     0.00     0.00    -0.00        -0.00         0.00         0.00        -0.00         0.00        -0.00             0.00
       (O1, H2, O4)     0.00     0.00    -0.00    -0.00     0.00        -0.00        -0.00         0.00         0.00        -0.00         0.00             0.00
   (H3, O1, O4, H5)    -0.00     0.00    -0.00    -0.00     0.00        -0.00         0.00         0.00        -0.00         0.00         0.00             0.00

Total energy distribution matrix (normalization check: 1.0)

Internal Coordinate (O1, O4) (O4, H5) (O4, D6) (O1, H2) (O1, H3) (D6, O4, O1) (O1, O4, H5) (H5, O4, D6) (H2, O1, H3) (O1, H2, O4) (O1, H2, O4) (H3, O1, O4, H5)
           (O1, O4)     0.00    -0.00     0.00    -0.00     0.00        -0.00         0.00         0.00         0.00        -0.00         0.00            -0.00
           (O4, H5)    -0.00     1.08     0.00    -0.00     0.00         0.00         0.00         0.00         0.00        -0.00         0.00             0.00
           (O4, D6)     0.00     0.00     0.00     0.00    -0.00         0.00         0.00         0.00        -0.00         0.00        -0.00            -0.00
           (O1, H2)    -0.00    -0.00     0.00     0.00    -0.00        -0.00         0.00        -0.00        -0.00         0.00        -0.00            -0.00
           (O1, H3)     0.00     0.00    -0.00    -0.00     0.01         0.00        -0.00         0.00        -0.00        -0.00         0.00             0.00
       (D6, O4, O1)    -0.00     0.00     0.00    -0.00     0.00         0.00        -0.00        -0.00         0.00        -0.00        -0.00            -0.00
       (O1, O4, H5)     0.00     0.00     0.00     0.00    -0.00        -0.00         0.00         0.00        -0.00         0.00        -0.00             0.00
       (H5, O4, D6)     0.00     0.00     0.00    -0.00     0.00        -0.00         0.00         0.00         0.00         0.00         0.00             0.00
       (H2, O1, H3)     0.00     0.00    -0.00    -0.00    -0.00         0.00        -0.00         0.00         0.00        -0.00         0.00            -0.00
       (O1, H2, O4)    -0.00    -0.00     0.00     0.00    -0.00        -0.00         0.00         0.00        -0.00         0.00        -0.00             0.00
       (O1, H2, O4)     0.00     0.00    -0.00    -0.00     0.00        -0.00        -0.00         0.00         0.00        -0.00         0.00             0.00
   (H3, O1, O4, H5)    -0.00     0.00    -0.00    -0.00     0.00        -0.00         0.00         0.00        -0.00         0.00         0.00             0.00

----- Extended Results: Exact PED, KED and TED analysis per mode -----

Normal mode at the following harmonic frequency: 4214 cm-1

Potential energy distribution matrix (normalization check: 1.0)

Internal Coordinate (O1, O4) (O4, H5) (O4, D6) (O1, H2) (O1, H3) (D6, O4, O1) (O1, O4, H5) (H5, O4, D6) (H2, O1, H3) (O1, H2, O4) (O1, H2, O4) (H3, O1, O4, H5)
           (O1, O4)     0.00    -0.00     0.00    -0.00     0.00         0.00         0.00         0.00        -0.00        -0.00        -0.00            -0.00
           (O4, H5)    -0.00     0.01     0.00     0.00     0.00        -0.00        -0.00        -0.00         0.00        -0.00         0.00             0.00
           (O4, D6)     0.00     0.00     0.00    -0.00    -0.00         0.00         0.00         0.00        -0.00        -0.00        -0.00            -0.00
           (O1, H2)    -0.00     0.00    -0.00     0.17     0.00        -0.00        -0.00        -0.00        -0.00         0.00         0.00            -0.00
           (O1, H3)     0.00     0.00    -0.00     0.00     0.82        -0.00        -0.00        -0.00         0.00        -0.00        -0.00            -0.00
       (D6, O4, O1)     0.00    -0.00     0.00    -0.00    -0.00         0.00         0.00        -0.00         0.00        -0.00        -0.00            -0.00
       (O1, O4, H5)     0.00    -0.00     0.00    -0.00    -0.00         0.00         0.00         0.00         0.00         0.00        -0.00             0.00
       (H5, O4, D6)     0.00    -0.00     0.00    -0.00    -0.00        -0.00         0.00         0.00         0.00         0.00        -0.00             0.00
       (H2, O1, H3)    -0.00     0.00    -0.00    -0.00     0.00         0.00         0.00         0.00         0.00        -0.00        -0.00             0.00
       (O1, H2, O4)    -0.00    -0.00    -0.00     0.00    -0.00        -0.00         0.00         0.00        -0.00         0.00        -0.00             0.00
       (O1, H2, O4)    -0.00     0.00    -0.00     0.00    -0.00        -0.00        -0.00        -0.00        -0.00        -0.00         0.00            -0.00
   (H3, O1, O4, H5)    -0.00     0.00    -0.00    -0.00    -0.00        -0.00         0.00         0.00         0.00         0.00        -0.00             0.00

Kinetic energy distribution matrix (normalization check: 1.0)

Internal Coordinate (O1, O4) (O4, H5) (O4, D6) (O1, H2) (O1, H3) (D6, O4, O1) (O1, O4, H5) (H5, O4, D6) (H2, O1, H3) (O1, H2, O4) (O1, H2, O4) (H3, O1, O4, H5)
           (O1, O4)     0.02    -0.00     0.00    -0.01    -0.00         0.00         0.00         0.00        -0.00        -0.00        -0.00            -0.00
           (O4, H5)    -0.00     0.01     0.00    -0.00    -0.00        -0.00         0.00         0.00        -0.00         0.00        -0.00             0.00
           (O4, D6)     0.00     0.00     0.00     0.00     0.00        -0.00         0.00        -0.00         0.00         0.00         0.00            -0.00
           (O1, H2)    -0.01    -0.00     0.00     0.21     0.01         0.00         0.00        -0.00         0.00         0.00         0.00            -0.00
           (O1, H3)    -0.00    -0.00     0.00     0.01     1.03         0.00         0.00        -0.00        -0.00         0.00         0.00            -0.00
       (D6, O4, O1)     0.00    -0.00    -0.00     0.00     0.00         0.00         0.00         0.00         0.00         0.00        -0.00             0.00
       (O1, O4, H5)     0.00     0.00     0.00     0.00     0.00         0.00         0.00         0.00         0.00         0.00         0.00             0.00
       (H5, O4, D6)     0.00     0.00    -0.00    -0.00    -0.00         0.00         0.00         0.00        -0.00         0.00        -0.00             0.00
       (H2, O1, H3)    -0.00    -0.00     0.00     0.00    -0.00         0.00         0.00        -0.00         0.00         0.00         0.00             0.00
       (O1, H2, O4)    -0.00     0.00     0.00     0.00     0.00         0.00         0.00         0.00         0.00         0.00         0.00             0.00
       (O1, H2, O4)    -0.00    -0.00     0.00     0.00     0.00        -0.00         0.00        -0.00         0.00         0.00         0.00            -0.00
   (H3, O1, O4, H5)    -0.00     0.00    -0.00    -0.00    -0.00         0.00         0.00         0.00         0.00         0.00        -0.00             0.00

Total energy distribution matrix (normalization check: 1.0)

Internal Coordinate (O1, O4) (O4, H5) (O4, D6) (O1, H2) (O1, H3) (D6, O4, O1) (O1, O4, H5) (H5, O4, D6) (H2, O1, H3) (O1, H2, O4) (O1, H2, O4) (H3, O1, O4, H5)
           (O1, O4)     0.01    -0.00     0.00    -0.00    -0.00         0.00         0.00         0.00        -0.00        -0.00        -0.00            -0.00
           (O4, H5)    -0.00     0.01     0.00    -0.00    -0.00        -0.00         0.00         0.00        -0.00        -0.00        -0.00             0.00
           (O4, D6)     0.00     0.00     0.00     0.00     0.00        -0.00         0.00         0.00         0.00         0.00         0.00            -0.00
           (O1, H2)    -0.00    -0.00     0.00     0.19     0.00         0.00         0.00        -0.00         0.00         0.00         0.00            -0.00
           (O1, H3)    -0.00    -0.00     0.00     0.00     0.93         0.00         0.00        -0.00        -0.00         0.00         0.00            -0.00
       (D6, O4, O1)     0.00    -0.00    -0.00     0.00     0.00         0.00         0.00         0.00         0.00         0.00        -0.00             0.00
       (O1, O4, H5)     0.00     0.00     0.00     0.00     0.00         0.00         0.00         0.00         0.00         0.00         0.00             0.00
       (H5, O4, D6)     0.00     0.00     0.00    -0.00    -0.00         0.00         0.00         0.00        -0.00         0.00        -0.00             0.00
       (H2, O1, H3)    -0.00    -0.00     0.00     0.00    -0.00         0.00         0.00        -0.00         0.00         0.00         0.00             0.00
       (O1, H2, O4)    -0.00    -0.00     0.00     0.00     0.00         0.00         0.00         0.00         0.00         0.00         0.00             0.00
       (O1, H2, O4)    -0.00    -0.00     0.00     0.00     0.00        -0.00         0.00        -0.00         0.00         0.00         0.00            -0.00
   (H3, O1, O4, H5)    -0.00     0.00    -0.00    -0.00    -0.00         0.00         0.00         0.00         0.00         0.00        -0.00             0.00

