 .__   __.   ______   .___  ___.   ______    _______   _______   ______   ______      .______   ____    ____ 
 |  \ |  |  /  __  \  |   \/   |  /  __  \  |       \ |   ____| /      | /  __  \     |   _  \  \   \  /   / 
 |   \|  | |  |  |  | |  \  /  | |  |  |  | |  .--.  ||  |__   |  ,----'|  |  |  |    |  |_)  |  \   \/   /  
 |  . `  | |  |  |  | |  |\/|  | |  |  |  | |  |  |  ||   __|  |  |     |  |  |  |    |   ___/    \_    _/   
 |  |\   | |  `--'  | |  |  |  | |  `--'  | |  '--'  ||  |____ |  `----.|  `--'  |  __|  |          |  |     
 |__| \__|  \______/  |__|  |__|  \______/  |_______/ |_______| \______| \______/  (__) _|          |__|     
                                                                                                             


**************************************************************************************************************
                                  Kemal Önen, Dennis F. Dinu, Klaus R. Liedl                                  
                                      Liedl Lab, University of Innsbruck                                      
**************************************************************************************************************

Non-planar system detected. Therefore out-of-plane angles are NOT used in your analysis. Note that out-of-plane angles tend to perform worse
than the other internal coordinates in terms of computational cost and in the decomposition. However they can be
useful for planar systems.

The detected point group is Cs
The following equivalent atoms were found: [['O1'], ['O4'], ['H2'], ['H3'], ['H6'], ['D5']] 

The following primitive internals (bonds, (in-plane) angles, linear valence angles, out-of-plane angles and torsions) were generated:
bonds: [('O4', 'H6'), ('O1', 'H3'), ('O4', 'D5'), ('O1', 'H2'), ('H2', 'O4')]
in-plane angles: [('H2', 'O1', 'H3'), ('D5', 'O4', 'H6'), ('H6', 'O4', 'H2'), ('D5', 'O4', 'H2')]
linear valence-angles: [('O1', 'H2', 'O4'), ('O1', 'H2', 'O4')]
out-of-plane angles: []
dihedrals: [('H6', 'O4', 'H2', 'O1'), ('D5', 'O4', 'H2', 'O1'), ('H3', 'O1', 'H2', 'O4')]

12 internal coordinates are at least needed for the decomposition scheme.


-------------------------------- Initialization of an internal coordinate set --------------------------------

The following 12 Internal Coordinates are used in your analysis:
bonds: [('H2', 'O4'), ('O4', 'D5'), ('O4', 'H6'), ('O1', 'H2'), ('O1', 'H3')]
in-plane angles: [('D5', 'O4', 'H2'), ('H6', 'O4', 'O1'), ('D5', 'O4', 'H6'), ('H2', 'O1', 'H3')]
linear valence-angles: [('O1', 'H2', 'O4'), ('O1', 'H2', 'O4')]
out-of-plane angles: []
dihedrals: [('D5', 'O4', 'O1', 'H3')]


-------------------------- Results of the Decomposition Scheme ---------------------------

1.) Intrinsic Frequencies for all normal-coordinate frequencies and
    vibrational distribution matrix (exact approximation) at the following
    harmonic frequencies (all frequency values in cm-1):

Internal Coordinate Intrinsic Frequencies    98   121   142   170   327   593  1534  1779  3041  4100  4186  4214
           (H2, O4)                291.92  0.01  0.01  0.00  0.99 -0.00 -0.00  0.00 -0.00 -0.00  0.00 -0.00  0.00
           (O4, D5)               3044.92 -0.00  0.00 -0.00  0.00 -0.00  0.00 -0.00  0.00  1.00  0.00  0.00  0.00
           (O4, H6)               4184.73 -0.00 -0.00  0.00 -0.00 -0.00 -0.00 -0.00  0.00  0.00  0.00  0.99  0.01
           (O1, H2)               4113.14 -0.00 -0.00 -0.00  0.00  0.00  0.00  0.00 -0.00  0.00  0.82  0.00  0.17
           (O1, H3)               4194.56  0.00  0.00  0.00  0.00  0.00  0.00  0.00 -0.00 -0.00  0.17  0.01  0.82
       (D5, O4, H2)                311.36  0.57  0.09 -0.01 -0.00  0.18  0.17  0.00  0.00 -0.00  0.00  0.00 -0.00
       (H6, O4, O1)                274.15  0.07  0.18  0.50 -0.00  0.18  0.07  0.01  0.00  0.00  0.00 -0.00 -0.00
       (D5, O4, H6)               1522.37  0.00  0.00  0.00  0.00  0.00  0.00  0.99  0.00 -0.00  0.00 -0.00 -0.00
       (H2, O1, H3)               1728.02  0.00  0.00  0.00  0.00  0.05  0.00  0.00  0.94 -0.00 -0.00  0.00  0.00
       (O1, H2, O4)                514.21 -0.00  0.16  0.12  0.01  0.51  0.15 -0.00  0.05 -0.00  0.00 -0.00  0.00
       (O1, H2, O4)                491.58  0.32 -0.00 -0.00  0.00  0.09  0.59  0.00  0.01  0.00  0.00 -0.00  0.00
   (D5, O4, O1, H3)                137.44  0.04  0.56  0.37 -0.00 -0.00  0.01 -0.00 -0.00  0.00  0.00  0.00 -0.00

Check if matrix is normalized: 1.0

2.) Intrinsic Frequencies for all normal-coordinate frequencies and
    diagonal elements of the PED matrix at the following
    harmonic frequencies (all frequency values in cm-1):

Internal Coordinate Intrinsic Frequencies   98  121  142  170  327  593 1534 1779 3041 4100 4186 4214
           (H2, O4)                291.92 0.00 0.00 0.00 1.00 0.01 0.00 0.00 0.00 0.00 0.01 0.00 0.00
           (O4, D5)               3044.92 0.00 0.00 0.00 0.00 0.00 0.00 0.00 0.00 1.00 0.00 0.00 0.00
           (O4, H6)               4184.73 0.00 0.00 0.00 0.00 0.00 0.00 0.01 0.00 0.00 0.00 0.99 0.01
           (O1, H2)               4113.14 0.00 0.00 0.00 0.00 0.00 0.00 0.00 0.01 0.00 0.83 0.00 0.17
           (O1, H3)               4194.56 0.00 0.00 0.00 0.00 0.00 0.00 0.00 0.01 0.00 0.17 0.01 0.82
       (D5, O4, H2)                311.36 1.71 0.24 0.00 0.03 0.10 0.07 0.00 0.00 0.00 0.00 0.00 0.00
       (H6, O4, O1)                274.15 0.84 0.86 1.15 0.01 0.09 0.01 0.01 0.00 0.00 0.00 0.00 0.00
       (D5, O4, H6)               1522.37 0.00 0.01 0.00 0.00 0.00 0.00 1.00 0.00 0.00 0.00 0.00 0.00
       (H2, O1, H3)               1728.02 0.00 0.02 0.01 0.00 0.09 0.00 0.00 0.93 0.00 0.00 0.00 0.00
       (O1, H2, O4)                514.21 0.03 1.06 0.67 0.01 0.45 0.08 0.00 0.03 0.00 0.00 0.00 0.00
       (O1, H2, O4)                491.58 2.23 0.00 0.00 0.02 0.15 0.39 0.00 0.01 0.00 0.00 0.00 0.00
   (D5, O4, O1, H3)                137.44 0.05 0.88 0.29 0.00 0.00 0.00 0.00 0.00 0.00 0.00 0.00 0.00

3.) Intrinsic Frequencies for all normal-coordinate frequencies and
    contribution table calculated from the diagonal elements of the PED at the following
    harmonic frequencies (all frequency values in cm-1):

Internal Coordinate Intrinsic Frequencies    98   121   142   170   327   593  1534  1779  3041  4100  4186  4214
           (H2, O4)                291.92  0.08  0.11  0.12 94.07  1.02  0.00  0.03  0.00  0.00  1.19  0.00  0.23
           (O4, D5)               3044.92  0.02  0.02  0.00  0.00  0.03  0.00  0.45  0.00 99.71  0.00  0.19  0.00
           (O4, H6)               4184.73  0.00  0.02  0.04  0.00  0.04  0.01  0.55  0.00  0.26  0.26 98.95  0.60
           (O1, H2)               4113.14  0.00  0.00  0.00  0.07  0.02  0.00  0.01  0.60  0.00 81.65  0.02 17.34
           (O1, H3)               4194.56  0.00  0.00  0.00  0.00  0.07  0.00  0.00  0.83  0.00 16.91  0.84 81.84
       (D5, O4, H2)                311.36 35.05  7.71  0.17  2.48 10.90 12.26  0.20  0.07  0.00  0.00  0.00  0.00
       (H6, O4, O1)                274.15 17.14 28.06 53.99  0.59 10.02  2.46  0.71  0.00  0.00  0.00  0.00  0.00
       (D5, O4, H6)               1522.37  0.01  0.21  0.12  0.35  0.33  0.28 97.93  0.02  0.02  0.00  0.00  0.00
       (H2, O1, H3)               1728.02  0.08  0.66  0.65  0.01  9.61  0.01  0.04 94.98  0.00  0.00  0.00  0.00
       (O1, H2, O4)                514.21  0.69 34.47 31.14  0.92 51.12 14.89  0.00  2.94  0.00  0.00  0.00  0.00
       (O1, H2, O4)                491.58 45.80  0.06  0.16  1.43 16.52 69.84  0.00  0.56  0.00  0.00  0.00  0.00
   (D5, O4, O1, H3)                137.44  1.12 28.68 13.62  0.07  0.33  0.24  0.08  0.00  0.00  0.00  0.00  0.00

----- Extended Results: Exact PED, KED and TED analysis per mode -----

Normal mode at the following harmonic frequency: 98 cm-1

Potential energy distribution matrix (normalization check: 1.0)

Internal Coordinate (H2, O4) (O4, D5) (O4, H6) (O1, H2) (O1, H3) (D5, O4, H2) (H6, O4, O1) (D5, O4, H6) (H2, O1, H3) (O1, H2, O4) (O1, H2, O4) (D5, O4, O1, H3)
           (H2, O4)     0.00    -0.00     0.00    -0.00    -0.00         0.01        -0.01         0.00        -0.00         0.00        -0.00            -0.00
           (O4, D5)    -0.00     0.00     0.00    -0.00    -0.00        -0.00         0.00        -0.00         0.00        -0.00         0.00             0.00
           (O4, H6)     0.00     0.00     0.00     0.00     0.00         0.00        -0.00         0.00        -0.00         0.00         0.00             0.00
           (O1, H2)    -0.00    -0.00     0.00     0.00     0.00         0.00        -0.00         0.00         0.00         0.00        -0.00             0.00
           (O1, H3)    -0.00    -0.00     0.00     0.00     0.00         0.00        -0.00         0.00        -0.00        -0.00         0.00             0.00
       (D5, O4, H2)     0.01    -0.00     0.00     0.00     0.00         1.71        -0.02         0.00         0.00         0.01        -1.24             0.10
       (H6, O4, O1)    -0.01     0.00    -0.00    -0.00    -0.00        -0.02         0.84         0.00        -0.00        -0.12        -0.63             0.00
       (D5, O4, H6)     0.00    -0.00     0.00     0.00     0.00         0.00         0.00         0.00         0.00         0.00        -0.00             0.00
       (H2, O1, H3)    -0.00     0.00    -0.00     0.00    -0.00         0.00        -0.00         0.00         0.00         0.00        -0.01             0.00
       (O1, H2, O4)     0.00    -0.00     0.00     0.00    -0.00         0.01        -0.12         0.00         0.00         0.03         0.07            -0.01
       (O1, H2, O4)    -0.00     0.00     0.00    -0.00     0.00        -1.24        -0.63        -0.00        -0.01         0.07         2.23            -0.11
   (D5, O4, O1, H3)    -0.00     0.00     0.00     0.00     0.00         0.10         0.00         0.00         0.00        -0.01        -0.11             0.05

Kinetic energy distribution matrix (normalization check: 1.0)

Internal Coordinate (H2, O4) (O4, D5) (O4, H6) (O1, H2) (O1, H3) (D5, O4, H2) (H6, O4, O1) (D5, O4, H6) (H2, O1, H3) (O1, H2, O4) (O1, H2, O4) (D5, O4, O1, H3)
           (H2, O4)     0.00    -0.00     0.00    -0.00     0.00         0.00        -0.00         0.00        -0.00         0.00         0.00            -0.00
           (O4, D5)    -0.00     0.00     0.00     0.00     0.00         0.00         0.00         0.00        -0.00         0.00        -0.00             0.00
           (O4, H6)     0.00     0.00     0.00    -0.00    -0.00         0.00         0.00        -0.00         0.00        -0.00         0.00             0.00
           (O1, H2)    -0.00     0.00    -0.00     0.00    -0.00        -0.00         0.00        -0.00         0.00        -0.00        -0.00             0.00
           (O1, H3)     0.00     0.00    -0.00    -0.00     0.00        -0.00         0.00         0.00         0.00         0.00        -0.00             0.00
       (D5, O4, H2)     0.00     0.00     0.00    -0.00    -0.00         0.53        -0.08         0.00         0.00        -0.00         0.18             0.02
       (H6, O4, O1)    -0.00     0.00     0.00     0.00     0.00        -0.08         0.20        -0.00        -0.00         0.00        -0.02            -0.02
       (D5, O4, H6)     0.00     0.00    -0.00    -0.00     0.00         0.00        -0.00         0.00        -0.00         0.00         0.00             0.00
       (H2, O1, H3)    -0.00    -0.00     0.00     0.00     0.00         0.00        -0.00        -0.00         0.00        -0.00         0.00             0.00
       (O1, H2, O4)     0.00     0.00    -0.00    -0.00     0.00        -0.00         0.00         0.00        -0.00         0.00        -0.01            -0.00
       (O1, H2, O4)     0.00    -0.00     0.00    -0.00    -0.00         0.18        -0.02         0.00         0.00        -0.01         0.21            -0.00
   (D5, O4, O1, H3)    -0.00     0.00     0.00     0.00     0.00         0.02        -0.02         0.00         0.00        -0.00        -0.00             0.03

Total energy distribution matrix (normalization check: 1.0)

Internal Coordinate (H2, O4) (O4, D5) (O4, H6) (O1, H2) (O1, H3) (D5, O4, H2) (H6, O4, O1) (D5, O4, H6) (H2, O1, H3) (O1, H2, O4) (O1, H2, O4) (D5, O4, O1, H3)
           (H2, O4)     0.00    -0.00     0.00    -0.00    -0.00         0.01        -0.00         0.00        -0.00         0.00         0.00            -0.00
           (O4, D5)    -0.00     0.00     0.00    -0.00    -0.00        -0.00         0.00        -0.00         0.00        -0.00         0.00             0.00
           (O4, H6)     0.00     0.00     0.00     0.00     0.00         0.00        -0.00         0.00        -0.00         0.00         0.00             0.00
           (O1, H2)    -0.00    -0.00     0.00     0.00     0.00        -0.00         0.00         0.00         0.00         0.00        -0.00             0.00
           (O1, H3)    -0.00    -0.00     0.00     0.00     0.00         0.00        -0.00         0.00        -0.00        -0.00         0.00             0.00
       (D5, O4, H2)     0.01    -0.00     0.00    -0.00     0.00         1.12        -0.05         0.00         0.00         0.01        -0.53             0.06
       (H6, O4, O1)    -0.00     0.00    -0.00     0.00    -0.00        -0.05         0.52        -0.00        -0.00        -0.06        -0.32            -0.01
       (D5, O4, H6)     0.00    -0.00     0.00     0.00     0.00         0.00        -0.00         0.00         0.00         0.00        -0.00             0.00
       (H2, O1, H3)    -0.00     0.00    -0.00     0.00    -0.00         0.00        -0.00         0.00         0.00         0.00        -0.00             0.00
       (O1, H2, O4)     0.00    -0.00     0.00     0.00    -0.00         0.01        -0.06         0.00         0.00         0.02         0.03            -0.00
       (O1, H2, O4)     0.00     0.00     0.00    -0.00     0.00        -0.53        -0.32        -0.00        -0.00         0.03         1.22            -0.05
   (D5, O4, O1, H3)    -0.00     0.00     0.00     0.00     0.00         0.06        -0.01         0.00         0.00        -0.00        -0.05             0.04

----- Extended Results: Exact PED, KED and TED analysis per mode -----

Normal mode at the following harmonic frequency: 121 cm-1

Potential energy distribution matrix (normalization check: 1.0)

Internal Coordinate (H2, O4) (O4, D5) (O4, H6) (O1, H2) (O1, H3) (D5, O4, H2) (H6, O4, O1) (D5, O4, H6) (H2, O1, H3) (O1, H2, O4) (O1, H2, O4) (D5, O4, O1, H3)
           (H2, O4)     0.00    -0.00    -0.00    -0.00    -0.00         0.00         0.01         0.00        -0.00        -0.01         0.00             0.00
           (O4, D5)    -0.00     0.00    -0.00    -0.00    -0.00        -0.00        -0.00        -0.00         0.00         0.00        -0.00            -0.00
           (O4, H6)    -0.00    -0.00     0.00    -0.00    -0.00        -0.00        -0.00        -0.00         0.00         0.00         0.00             0.00
           (O1, H2)    -0.00    -0.00    -0.00     0.00     0.00         0.00         0.00         0.00         0.00        -0.00         0.00            -0.00
           (O1, H3)    -0.00    -0.00    -0.00     0.00     0.00         0.00         0.00         0.00        -0.00         0.00        -0.00            -0.00
       (D5, O4, H2)     0.00    -0.00    -0.00     0.00     0.00         0.24         0.01         0.00         0.00        -0.03         0.01            -0.14
       (H6, O4, O1)     0.01    -0.00    -0.00     0.00     0.00         0.01         0.86        -0.00         0.00        -0.68        -0.02             0.01
       (D5, O4, H6)     0.00    -0.00    -0.00     0.00     0.00         0.00        -0.00         0.01         0.00        -0.00         0.00            -0.00
       (H2, O1, H3)    -0.00     0.00     0.00     0.00    -0.00         0.00         0.00         0.00         0.02        -0.02         0.00            -0.00
       (O1, H2, O4)    -0.01     0.00     0.00    -0.00     0.00        -0.03        -0.68        -0.00        -0.02         1.06         0.01            -0.18
       (O1, H2, O4)     0.00    -0.00     0.00     0.00    -0.00         0.01        -0.02         0.00         0.00         0.01         0.00            -0.01
   (D5, O4, O1, H3)     0.00    -0.00     0.00    -0.00    -0.00        -0.14         0.01        -0.00        -0.00        -0.18        -0.01             0.88

Kinetic energy distribution matrix (normalization check: 1.0)

Internal Coordinate (H2, O4) (O4, D5) (O4, H6) (O1, H2) (O1, H3) (D5, O4, H2) (H6, O4, O1) (D5, O4, H6) (H2, O1, H3) (O1, H2, O4) (O1, H2, O4) (D5, O4, O1, H3)
           (H2, O4)     0.00    -0.00    -0.00    -0.00     0.00         0.00         0.00         0.00        -0.00        -0.00        -0.00             0.00
           (O4, D5)    -0.00     0.00    -0.00     0.00     0.00         0.00        -0.00         0.00        -0.00        -0.00         0.00            -0.00
           (O4, H6)    -0.00    -0.00     0.00     0.00     0.00        -0.00         0.00         0.00        -0.00        -0.00         0.00             0.00
           (O1, H2)    -0.00     0.00     0.00     0.00    -0.00        -0.00        -0.00        -0.00         0.00         0.00         0.00            -0.00
           (O1, H3)     0.00     0.00     0.00    -0.00     0.00        -0.00        -0.00         0.00         0.00        -0.00         0.00            -0.00
       (D5, O4, H2)     0.00     0.00    -0.00    -0.00    -0.00         0.11         0.04         0.00         0.00         0.01        -0.00            -0.04
       (H6, O4, O1)     0.00    -0.00     0.00    -0.00    -0.00         0.04         0.31         0.00         0.00         0.01        -0.00            -0.11
       (D5, O4, H6)     0.00     0.00     0.00    -0.00     0.00         0.00         0.00         0.00        -0.00        -0.00        -0.00            -0.00
       (H2, O1, H3)    -0.00    -0.00    -0.00     0.00     0.00         0.00         0.00        -0.00         0.00         0.00        -0.00            -0.00
       (O1, H2, O4)    -0.00    -0.00    -0.00     0.00    -0.00         0.01         0.01        -0.00         0.00         0.16        -0.00            -0.01
       (O1, H2, O4)    -0.00     0.00     0.00     0.00     0.00        -0.00        -0.00        -0.00        -0.00        -0.00         0.00            -0.00
   (D5, O4, O1, H3)     0.00    -0.00     0.00    -0.00    -0.00        -0.04        -0.11        -0.00        -0.00        -0.01        -0.00             0.81

Total energy distribution matrix (normalization check: 1.0)

Internal Coordinate (H2, O4) (O4, D5) (O4, H6) (O1, H2) (O1, H3) (D5, O4, H2) (H6, O4, O1) (D5, O4, H6) (H2, O1, H3) (O1, H2, O4) (O1, H2, O4) (D5, O4, O1, H3)
           (H2, O4)     0.00    -0.00    -0.00    -0.00    -0.00         0.00         0.00         0.00        -0.00        -0.00        -0.00             0.00
           (O4, D5)    -0.00     0.00    -0.00    -0.00    -0.00        -0.00        -0.00        -0.00         0.00         0.00        -0.00            -0.00
           (O4, H6)    -0.00    -0.00     0.00    -0.00    -0.00        -0.00        -0.00        -0.00         0.00         0.00         0.00             0.00
           (O1, H2)    -0.00    -0.00    -0.00     0.00     0.00        -0.00        -0.00         0.00         0.00        -0.00         0.00            -0.00
           (O1, H3)    -0.00    -0.00    -0.00     0.00     0.00         0.00         0.00         0.00        -0.00         0.00        -0.00            -0.00
       (D5, O4, H2)     0.00    -0.00    -0.00    -0.00     0.00         0.17         0.03         0.00         0.00        -0.01         0.01            -0.09
       (H6, O4, O1)     0.00    -0.00    -0.00    -0.00     0.00         0.03         0.58         0.00         0.00        -0.34        -0.01            -0.05
       (D5, O4, H6)     0.00    -0.00    -0.00     0.00     0.00         0.00         0.00         0.00         0.00        -0.00         0.00            -0.00
       (H2, O1, H3)    -0.00     0.00     0.00     0.00    -0.00         0.00         0.00         0.00         0.01        -0.01         0.00            -0.00
       (O1, H2, O4)    -0.00     0.00     0.00    -0.00     0.00        -0.01        -0.34        -0.00        -0.01         0.61         0.01            -0.09
       (O1, H2, O4)    -0.00    -0.00     0.00     0.00    -0.00         0.01        -0.01         0.00         0.00         0.01         0.00            -0.01
   (D5, O4, O1, H3)     0.00    -0.00     0.00    -0.00    -0.00        -0.09        -0.05        -0.00        -0.00        -0.09        -0.01             0.84

----- Extended Results: Exact PED, KED and TED analysis per mode -----

Normal mode at the following harmonic frequency: 142 cm-1

Potential energy distribution matrix (normalization check: 1.0)

Internal Coordinate (H2, O4) (O4, D5) (O4, H6) (O1, H2) (O1, H3) (D5, O4, H2) (H6, O4, O1) (D5, O4, H6) (H2, O1, H3) (O1, H2, O4) (O1, H2, O4) (D5, O4, O1, H3)
           (H2, O4)     0.00    -0.00    -0.00    -0.00    -0.00        -0.00         0.01         0.00        -0.00        -0.00         0.00            -0.00
           (O4, D5)    -0.00     0.00    -0.00    -0.00    -0.00         0.00        -0.00        -0.00         0.00         0.00        -0.00             0.00
           (O4, H6)    -0.00    -0.00     0.00    -0.00    -0.00         0.00        -0.00        -0.00         0.00         0.00         0.00            -0.00
           (O1, H2)    -0.00    -0.00    -0.00     0.00     0.00        -0.00         0.00         0.00         0.00        -0.00         0.00             0.00
           (O1, H3)    -0.00    -0.00    -0.00     0.00     0.00        -0.00         0.00         0.00        -0.00         0.00        -0.00             0.00
       (D5, O4, H2)    -0.00     0.00     0.00    -0.00    -0.00         0.00        -0.00        -0.00        -0.00         0.00        -0.00            -0.01
       (H6, O4, O1)     0.01    -0.00    -0.00     0.00     0.00        -0.00         1.15        -0.00         0.00        -0.63        -0.03            -0.01
       (D5, O4, H6)     0.00    -0.00    -0.00     0.00     0.00        -0.00        -0.00         0.00         0.00        -0.00         0.00             0.00
       (H2, O1, H3)    -0.00     0.00     0.00     0.00    -0.00        -0.00         0.00         0.00         0.01        -0.01         0.00             0.00
       (O1, H2, O4)    -0.00     0.00     0.00    -0.00     0.00         0.00        -0.63        -0.00        -0.01         0.67         0.01             0.08
       (O1, H2, O4)     0.00    -0.00     0.00     0.00    -0.00        -0.00        -0.03         0.00         0.00         0.01         0.00             0.01
   (D5, O4, O1, H3)    -0.00     0.00    -0.00     0.00     0.00        -0.01        -0.01         0.00         0.00         0.08         0.01             0.29

Kinetic energy distribution matrix (normalization check: 1.0)

Internal Coordinate (H2, O4) (O4, D5) (O4, H6) (O1, H2) (O1, H3) (D5, O4, H2) (H6, O4, O1) (D5, O4, H6) (H2, O1, H3) (O1, H2, O4) (O1, H2, O4) (D5, O4, O1, H3)
           (H2, O4)     0.00    -0.00    -0.00    -0.00     0.00        -0.00         0.00         0.00        -0.00        -0.00        -0.00            -0.00
           (O4, D5)    -0.00     0.00    -0.00     0.00     0.00        -0.00        -0.00         0.00        -0.00        -0.00         0.00             0.00
           (O4, H6)    -0.00    -0.00     0.00     0.00     0.00         0.00         0.00         0.00        -0.00        -0.00         0.00            -0.00
           (O1, H2)    -0.00     0.00     0.00     0.00    -0.00         0.00        -0.00        -0.00         0.00         0.00         0.00             0.00
           (O1, H3)     0.00     0.00     0.00    -0.00     0.00         0.00        -0.00         0.00         0.00        -0.00         0.00             0.00
       (D5, O4, H2)    -0.00    -0.00     0.00     0.00     0.00         0.00        -0.01        -0.00        -0.00        -0.00         0.00            -0.00
       (H6, O4, O1)     0.00    -0.00     0.00    -0.00    -0.00        -0.01         0.57         0.00         0.00         0.01        -0.00             0.10
       (D5, O4, H6)     0.00     0.00     0.00    -0.00     0.00        -0.00         0.00         0.00        -0.00        -0.00        -0.00             0.00
       (H2, O1, H3)    -0.00    -0.00    -0.00     0.00     0.00        -0.00         0.00        -0.00         0.00         0.00        -0.00             0.00
       (O1, H2, O4)    -0.00    -0.00    -0.00     0.00    -0.00        -0.00         0.01        -0.00         0.00         0.14        -0.00             0.01
       (O1, H2, O4)    -0.00     0.00     0.00     0.00     0.00         0.00        -0.00        -0.00        -0.00        -0.00         0.00             0.00
   (D5, O4, O1, H3)    -0.00     0.00    -0.00     0.00     0.00        -0.00         0.10         0.00         0.00         0.01         0.00             0.37

Total energy distribution matrix (normalization check: 1.0)

Internal Coordinate (H2, O4) (O4, D5) (O4, H6) (O1, H2) (O1, H3) (D5, O4, H2) (H6, O4, O1) (D5, O4, H6) (H2, O1, H3) (O1, H2, O4) (O1, H2, O4) (D5, O4, O1, H3)
           (H2, O4)     0.00    -0.00    -0.00    -0.00    -0.00        -0.00         0.00         0.00        -0.00        -0.00        -0.00            -0.00
           (O4, D5)    -0.00     0.00    -0.00    -0.00    -0.00         0.00        -0.00        -0.00         0.00         0.00        -0.00             0.00
           (O4, H6)    -0.00    -0.00     0.00    -0.00    -0.00         0.00        -0.00        -0.00        -0.00         0.00         0.00            -0.00
           (O1, H2)    -0.00    -0.00    -0.00     0.00     0.00         0.00        -0.00         0.00         0.00        -0.00         0.00             0.00
           (O1, H3)    -0.00    -0.00    -0.00     0.00     0.00        -0.00         0.00         0.00        -0.00         0.00        -0.00             0.00
       (D5, O4, H2)    -0.00     0.00     0.00     0.00    -0.00         0.00        -0.00        -0.00        -0.00         0.00        -0.00            -0.01
       (H6, O4, O1)     0.00    -0.00    -0.00    -0.00     0.00        -0.00         0.86         0.00         0.00        -0.31        -0.02             0.05
       (D5, O4, H6)     0.00    -0.00    -0.00     0.00     0.00        -0.00         0.00         0.00         0.00        -0.00         0.00             0.00
       (H2, O1, H3)    -0.00     0.00    -0.00     0.00    -0.00        -0.00         0.00         0.00         0.01        -0.00         0.00             0.00
       (O1, H2, O4)    -0.00     0.00     0.00    -0.00     0.00         0.00        -0.31        -0.00        -0.00         0.40         0.01             0.04
       (O1, H2, O4)    -0.00    -0.00     0.00     0.00    -0.00        -0.00        -0.02         0.00         0.00         0.01         0.00             0.00
   (D5, O4, O1, H3)    -0.00     0.00    -0.00     0.00     0.00        -0.01         0.05         0.00         0.00         0.04         0.00             0.33

----- Extended Results: Exact PED, KED and TED analysis per mode -----

Normal mode at the following harmonic frequency: 170 cm-1

Potential energy distribution matrix (normalization check: 1.0)

Internal Coordinate (H2, O4) (O4, D5) (O4, H6) (O1, H2) (O1, H3) (D5, O4, H2) (H6, O4, O1) (D5, O4, H6) (H2, O1, H3) (O1, H2, O4) (O1, H2, O4) (D5, O4, O1, H3)
           (H2, O4)     1.00     0.00    -0.00     0.00    -0.00        -0.01        -0.01        -0.00         0.00         0.01         0.00            -0.00
           (O4, D5)     0.00     0.00     0.00    -0.00     0.00        -0.00        -0.00        -0.00         0.00         0.00         0.00            -0.00
           (O4, H6)    -0.00     0.00     0.00     0.00    -0.00         0.00         0.00         0.00        -0.00        -0.00         0.00            -0.00
           (O1, H2)     0.00    -0.00     0.00     0.00    -0.00         0.00         0.00         0.00         0.00        -0.00        -0.00            -0.00
           (O1, H3)    -0.00     0.00    -0.00    -0.00     0.00        -0.00        -0.00        -0.00         0.00        -0.00        -0.00             0.00
       (D5, O4, H2)    -0.01    -0.00     0.00     0.00    -0.00         0.03         0.00         0.00         0.00        -0.00        -0.01            -0.00
       (H6, O4, O1)    -0.01    -0.00     0.00     0.00    -0.00         0.00         0.01        -0.00         0.00        -0.01         0.00             0.00
       (D5, O4, H6)    -0.00    -0.00     0.00     0.00    -0.00         0.00        -0.00         0.00         0.00        -0.00        -0.00            -0.00
       (H2, O1, H3)     0.00     0.00    -0.00     0.00     0.00         0.00         0.00         0.00         0.00        -0.00        -0.00            -0.00
       (O1, H2, O4)     0.01     0.00    -0.00    -0.00    -0.00        -0.00        -0.01        -0.00        -0.00         0.01        -0.00            -0.00
       (O1, H2, O4)     0.00     0.00     0.00    -0.00    -0.00        -0.01         0.00        -0.00        -0.00        -0.00         0.02             0.00
   (D5, O4, O1, H3)    -0.00    -0.00    -0.00    -0.00     0.00        -0.00         0.00        -0.00        -0.00        -0.00         0.00             0.00

Kinetic energy distribution matrix (normalization check: 1.0)

Internal Coordinate (H2, O4) (O4, D5) (O4, H6) (O1, H2) (O1, H3) (D5, O4, H2) (H6, O4, O1) (D5, O4, H6) (H2, O1, H3) (O1, H2, O4) (O1, H2, O4) (D5, O4, O1, H3)
           (H2, O4)     1.02     0.00    -0.00     0.00     0.00        -0.03        -0.01        -0.00         0.00         0.00        -0.01            -0.00
           (O4, D5)     0.00     0.00     0.00     0.00    -0.00         0.00        -0.00         0.00        -0.00        -0.00        -0.00            -0.00
           (O4, H6)    -0.00     0.00     0.00    -0.00     0.00         0.00        -0.00        -0.00         0.00         0.00         0.00            -0.00
           (O1, H2)     0.00     0.00    -0.00     0.00     0.00        -0.00        -0.00        -0.00         0.00         0.00        -0.00            -0.00
           (O1, H3)     0.00    -0.00     0.00     0.00     0.00         0.00         0.00        -0.00        -0.00         0.00         0.00             0.00
       (D5, O4, H2)    -0.03     0.00     0.00    -0.00     0.00         0.02         0.00         0.00         0.00         0.00         0.01            -0.00
       (H6, O4, O1)    -0.01    -0.00    -0.00    -0.00     0.00         0.00         0.00         0.00         0.00         0.00         0.00            -0.00
       (D5, O4, H6)    -0.00     0.00    -0.00    -0.00    -0.00         0.00         0.00         0.00        -0.00        -0.00         0.00            -0.00
       (H2, O1, H3)     0.00    -0.00     0.00     0.00    -0.00         0.00         0.00        -0.00         0.00         0.00         0.00            -0.00
       (O1, H2, O4)     0.00    -0.00     0.00     0.00     0.00         0.00         0.00        -0.00         0.00         0.00         0.00            -0.00
       (O1, H2, O4)    -0.01    -0.00     0.00    -0.00     0.00         0.01         0.00         0.00         0.00         0.00         0.00             0.00
   (D5, O4, O1, H3)    -0.00    -0.00    -0.00    -0.00     0.00        -0.00        -0.00        -0.00        -0.00        -0.00         0.00             0.00

Total energy distribution matrix (normalization check: 1.0)

Internal Coordinate (H2, O4) (O4, D5) (O4, H6) (O1, H2) (O1, H3) (D5, O4, H2) (H6, O4, O1) (D5, O4, H6) (H2, O1, H3) (O1, H2, O4) (O1, H2, O4) (D5, O4, O1, H3)
           (H2, O4)     1.01     0.00    -0.00     0.00    -0.00        -0.02        -0.01        -0.00         0.00         0.01        -0.00            -0.00
           (O4, D5)     0.00     0.00     0.00    -0.00     0.00        -0.00        -0.00        -0.00         0.00         0.00         0.00            -0.00
           (O4, H6)    -0.00     0.00     0.00     0.00    -0.00         0.00         0.00         0.00         0.00        -0.00         0.00            -0.00
           (O1, H2)     0.00    -0.00     0.00     0.00    -0.00        -0.00        -0.00         0.00         0.00        -0.00        -0.00            -0.00
           (O1, H3)    -0.00     0.00    -0.00    -0.00     0.00        -0.00         0.00        -0.00         0.00        -0.00        -0.00             0.00
       (D5, O4, H2)    -0.02    -0.00     0.00    -0.00    -0.00         0.03         0.00         0.00         0.00        -0.00        -0.00            -0.00
       (H6, O4, O1)    -0.01    -0.00     0.00    -0.00     0.00         0.00         0.01         0.00         0.00        -0.00         0.00            -0.00
       (D5, O4, H6)    -0.00    -0.00     0.00     0.00    -0.00         0.00         0.00         0.00         0.00        -0.00        -0.00            -0.00
       (H2, O1, H3)     0.00     0.00     0.00     0.00     0.00         0.00         0.00         0.00         0.00        -0.00        -0.00            -0.00
       (O1, H2, O4)     0.01     0.00    -0.00    -0.00    -0.00        -0.00        -0.00        -0.00        -0.00         0.01        -0.00            -0.00
       (O1, H2, O4)    -0.00     0.00     0.00    -0.00    -0.00        -0.00         0.00        -0.00        -0.00        -0.00         0.01             0.00
   (D5, O4, O1, H3)    -0.00    -0.00    -0.00    -0.00     0.00        -0.00        -0.00        -0.00        -0.00        -0.00         0.00             0.00

----- Extended Results: Exact PED, KED and TED analysis per mode -----

Normal mode at the following harmonic frequency: 327 cm-1

Potential energy distribution matrix (normalization check: 1.0)

Internal Coordinate (H2, O4) (O4, D5) (O4, H6) (O1, H2) (O1, H3) (D5, O4, H2) (H6, O4, O1) (D5, O4, H6) (H2, O1, H3) (O1, H2, O4) (O1, H2, O4) (D5, O4, O1, H3)
           (H2, O4)     0.01     0.00     0.00    -0.00    -0.00        -0.00        -0.00        -0.00        -0.00        -0.01        -0.00            -0.00
           (O4, D5)     0.00     0.00    -0.00     0.00     0.00        -0.00        -0.00        -0.00        -0.00        -0.00        -0.00            -0.00
           (O4, H6)     0.00    -0.00     0.00     0.00     0.00        -0.00        -0.00        -0.00        -0.00        -0.00         0.00             0.00
           (O1, H2)    -0.00     0.00     0.00     0.00     0.00        -0.00        -0.00        -0.00         0.00        -0.00        -0.00             0.00
           (O1, H3)    -0.00     0.00     0.00     0.00     0.00        -0.00        -0.00        -0.00        -0.00         0.00         0.00             0.00
       (D5, O4, H2)    -0.00    -0.00    -0.00    -0.00    -0.00         0.10         0.00         0.00        -0.00         0.01         0.08            -0.01
       (H6, O4, O1)    -0.00    -0.00    -0.00    -0.00    -0.00         0.00         0.09        -0.00        -0.00         0.14        -0.05             0.00
       (D5, O4, H6)    -0.00    -0.00    -0.00    -0.00    -0.00         0.00        -0.00         0.00        -0.00         0.00         0.00            -0.00
       (H2, O1, H3)    -0.00    -0.00    -0.00     0.00    -0.00        -0.00        -0.00        -0.00         0.09        -0.03        -0.01             0.00
       (O1, H2, O4)    -0.01    -0.00    -0.00    -0.00     0.00         0.01         0.14         0.00        -0.03         0.45        -0.07             0.01
       (O1, H2, O4)    -0.00    -0.00     0.00    -0.00     0.00         0.08        -0.05         0.00        -0.01        -0.07         0.15            -0.01
   (D5, O4, O1, H3)    -0.00    -0.00     0.00     0.00     0.00        -0.01         0.00        -0.00         0.00         0.01        -0.01             0.00

Kinetic energy distribution matrix (normalization check: 1.0)

Internal Coordinate (H2, O4) (O4, D5) (O4, H6) (O1, H2) (O1, H3) (D5, O4, H2) (H6, O4, O1) (D5, O4, H6) (H2, O1, H3) (O1, H2, O4) (O1, H2, O4) (D5, O4, O1, H3)
           (H2, O4)     0.03     0.00     0.00    -0.00     0.00        -0.02        -0.01        -0.00        -0.00        -0.01         0.01            -0.00
           (O4, D5)     0.00     0.00    -0.00    -0.00    -0.00         0.00        -0.00         0.00         0.00         0.00         0.00            -0.00
           (O4, H6)     0.00    -0.00     0.00    -0.00    -0.00        -0.00         0.00         0.00         0.00         0.00         0.00             0.00
           (O1, H2)    -0.00    -0.00    -0.00     0.00    -0.00         0.00         0.00         0.00         0.00         0.00        -0.00             0.00
           (O1, H3)     0.00    -0.00    -0.00    -0.00     0.00         0.00         0.00        -0.00         0.00        -0.00        -0.00             0.00
       (D5, O4, H2)    -0.02     0.00    -0.00     0.00     0.00         0.33         0.07         0.00        -0.00        -0.02        -0.12            -0.01
       (H6, O4, O1)    -0.01    -0.00     0.00     0.00     0.00         0.07         0.23         0.00        -0.00        -0.01        -0.02            -0.01
       (D5, O4, H6)    -0.00     0.00     0.00     0.00    -0.00         0.00         0.00         0.00         0.00         0.00        -0.00            -0.00
       (H2, O1, H3)    -0.00     0.00     0.00     0.00     0.00        -0.00        -0.00         0.00         0.01         0.04         0.01             0.00
       (O1, H2, O4)    -0.01     0.00     0.00     0.00    -0.00        -0.02        -0.01         0.00         0.04         0.49         0.06             0.00
       (O1, H2, O4)     0.01     0.00     0.00    -0.00    -0.00        -0.12        -0.02        -0.00         0.01         0.06         0.15            -0.00
   (D5, O4, O1, H3)    -0.00    -0.00     0.00     0.00     0.00        -0.01        -0.01        -0.00         0.00         0.00        -0.00             0.02

Total energy distribution matrix (normalization check: 1.0)

Internal Coordinate (H2, O4) (O4, D5) (O4, H6) (O1, H2) (O1, H3) (D5, O4, H2) (H6, O4, O1) (D5, O4, H6) (H2, O1, H3) (O1, H2, O4) (O1, H2, O4) (D5, O4, O1, H3)
           (H2, O4)     0.02     0.00     0.00    -0.00     0.00        -0.01        -0.01        -0.00        -0.00        -0.01         0.00            -0.00
           (O4, D5)     0.00     0.00    -0.00    -0.00    -0.00        -0.00        -0.00        -0.00         0.00        -0.00        -0.00            -0.00
           (O4, H6)     0.00    -0.00     0.00    -0.00    -0.00        -0.00        -0.00        -0.00         0.00        -0.00         0.00             0.00
           (O1, H2)    -0.00    -0.00    -0.00     0.00     0.00         0.00         0.00        -0.00         0.00        -0.00        -0.00             0.00
           (O1, H3)     0.00    -0.00    -0.00     0.00     0.00         0.00         0.00        -0.00        -0.00         0.00        -0.00             0.00
       (D5, O4, H2)    -0.01    -0.00    -0.00     0.00     0.00         0.22         0.03         0.00        -0.00        -0.00        -0.02            -0.01
       (H6, O4, O1)    -0.01    -0.00    -0.00     0.00     0.00         0.03         0.16         0.00        -0.00         0.07        -0.04            -0.01
       (D5, O4, H6)    -0.00    -0.00    -0.00    -0.00    -0.00         0.00         0.00         0.00         0.00         0.00        -0.00            -0.00
       (H2, O1, H3)    -0.00     0.00     0.00     0.00    -0.00        -0.00        -0.00         0.00         0.05         0.01         0.00             0.00
       (O1, H2, O4)    -0.01    -0.00    -0.00    -0.00     0.00        -0.00         0.07         0.00         0.01         0.47        -0.00             0.00
       (O1, H2, O4)     0.00    -0.00     0.00    -0.00    -0.00        -0.02        -0.04        -0.00         0.00        -0.00         0.15            -0.00
   (D5, O4, O1, H3)    -0.00    -0.00     0.00     0.00     0.00        -0.01        -0.01        -0.00         0.00         0.00        -0.00             0.01

----- Extended Results: Exact PED, KED and TED analysis per mode -----

Normal mode at the following harmonic frequency: 593 cm-1

Potential energy distribution matrix (normalization check: 1.0)

Internal Coordinate (H2, O4) (O4, D5) (O4, H6) (O1, H2) (O1, H3) (D5, O4, H2) (H6, O4, O1) (D5, O4, H6) (H2, O1, H3) (O1, H2, O4) (O1, H2, O4) (D5, O4, O1, H3)
           (H2, O4)     0.00     0.00     0.00    -0.00    -0.00         0.00        -0.00        -0.00        -0.00        -0.00         0.00            -0.00
           (O4, D5)     0.00     0.00    -0.00     0.00     0.00         0.00        -0.00        -0.00        -0.00        -0.00         0.00            -0.00
           (O4, H6)     0.00    -0.00     0.00     0.00     0.00         0.00        -0.00        -0.00        -0.00        -0.00        -0.00             0.00
           (O1, H2)    -0.00     0.00     0.00     0.00     0.00         0.00        -0.00        -0.00         0.00        -0.00         0.00             0.00
           (O1, H3)    -0.00     0.00     0.00     0.00     0.00         0.00        -0.00        -0.00        -0.00         0.00        -0.00             0.00
       (D5, O4, H2)     0.00     0.00     0.00     0.00     0.00         0.07        -0.00        -0.00         0.00        -0.00         0.10             0.00
       (H6, O4, O1)    -0.00    -0.00    -0.00    -0.00    -0.00        -0.00         0.01        -0.00        -0.00         0.02         0.03             0.00
       (D5, O4, H6)    -0.00    -0.00    -0.00    -0.00    -0.00        -0.00        -0.00         0.00        -0.00         0.00        -0.00            -0.00
       (H2, O1, H3)    -0.00    -0.00    -0.00     0.00    -0.00         0.00        -0.00        -0.00         0.00        -0.00         0.00             0.00
       (O1, H2, O4)    -0.00    -0.00    -0.00    -0.00     0.00        -0.00         0.02         0.00        -0.00         0.08         0.05             0.00
       (O1, H2, O4)     0.00     0.00    -0.00     0.00    -0.00         0.10         0.03        -0.00         0.00         0.05         0.39             0.01
   (D5, O4, O1, H3)    -0.00    -0.00     0.00     0.00     0.00         0.00         0.00        -0.00         0.00         0.00         0.01             0.00

Kinetic energy distribution matrix (normalization check: 1.0)

Internal Coordinate (H2, O4) (O4, D5) (O4, H6) (O1, H2) (O1, H3) (D5, O4, H2) (H6, O4, O1) (D5, O4, H6) (H2, O1, H3) (O1, H2, O4) (O1, H2, O4) (D5, O4, O1, H3)
           (H2, O4)     0.00     0.00     0.00    -0.00     0.00         0.00        -0.00        -0.00        -0.00        -0.00        -0.00            -0.00
           (O4, D5)     0.00     0.00    -0.00    -0.00    -0.00        -0.00        -0.00         0.00         0.00         0.00        -0.00            -0.00
           (O4, H6)     0.00    -0.00     0.00    -0.00    -0.00         0.00         0.00         0.00         0.00         0.00        -0.00             0.00
           (O1, H2)    -0.00    -0.00    -0.00     0.00    -0.00        -0.00         0.00         0.00         0.00         0.00         0.00             0.00
           (O1, H3)     0.00    -0.00    -0.00    -0.00     0.00        -0.00         0.00        -0.00         0.00        -0.00         0.00             0.00
       (D5, O4, H2)     0.00    -0.00     0.00    -0.00    -0.00         0.78        -0.07        -0.01         0.00         0.02        -0.55             0.02
       (H6, O4, O1)    -0.00    -0.00     0.00     0.00     0.00        -0.07         0.12         0.00        -0.00        -0.01         0.04            -0.01
       (D5, O4, H6)    -0.00     0.00     0.00     0.00    -0.00        -0.01         0.00         0.00         0.00         0.00         0.00            -0.00
       (H2, O1, H3)    -0.00     0.00     0.00     0.00     0.00         0.00        -0.00         0.00         0.00         0.00        -0.00             0.00
       (O1, H2, O4)    -0.00     0.00     0.00     0.00    -0.00         0.02        -0.01         0.00         0.00         0.30        -0.14             0.00
       (O1, H2, O4)    -0.00    -0.00    -0.00     0.00     0.00        -0.55         0.04         0.00        -0.00        -0.14         1.33             0.00
   (D5, O4, O1, H3)    -0.00    -0.00     0.00     0.00     0.00         0.02        -0.01        -0.00         0.00         0.00         0.00             0.03

Total energy distribution matrix (normalization check: 1.0)

Internal Coordinate (H2, O4) (O4, D5) (O4, H6) (O1, H2) (O1, H3) (D5, O4, H2) (H6, O4, O1) (D5, O4, H6) (H2, O1, H3) (O1, H2, O4) (O1, H2, O4) (D5, O4, O1, H3)
           (H2, O4)     0.00     0.00     0.00    -0.00     0.00         0.00        -0.00        -0.00        -0.00        -0.00        -0.00            -0.00
           (O4, D5)     0.00     0.00    -0.00    -0.00    -0.00         0.00        -0.00        -0.00         0.00         0.00        -0.00            -0.00
           (O4, H6)     0.00    -0.00     0.00    -0.00    -0.00         0.00        -0.00        -0.00         0.00         0.00        -0.00             0.00
           (O1, H2)    -0.00    -0.00    -0.00     0.00     0.00        -0.00         0.00        -0.00         0.00         0.00         0.00             0.00
           (O1, H3)     0.00    -0.00    -0.00     0.00     0.00        -0.00         0.00        -0.00        -0.00        -0.00         0.00             0.00
       (D5, O4, H2)     0.00     0.00     0.00    -0.00    -0.00         0.43        -0.04        -0.00         0.00         0.01        -0.22             0.01
       (H6, O4, O1)    -0.00    -0.00    -0.00     0.00     0.00        -0.04         0.07         0.00        -0.00         0.01         0.04            -0.01
       (D5, O4, H6)    -0.00    -0.00    -0.00    -0.00    -0.00        -0.00         0.00         0.00         0.00         0.00         0.00            -0.00
       (H2, O1, H3)    -0.00     0.00     0.00     0.00    -0.00         0.00        -0.00         0.00         0.00         0.00        -0.00             0.00
       (O1, H2, O4)    -0.00     0.00     0.00     0.00    -0.00         0.01         0.01         0.00         0.00         0.19        -0.05             0.00
       (O1, H2, O4)    -0.00    -0.00    -0.00     0.00     0.00        -0.22         0.04         0.00        -0.00        -0.05         0.86             0.00
   (D5, O4, O1, H3)    -0.00    -0.00     0.00     0.00     0.00         0.01        -0.01        -0.00         0.00         0.00         0.00             0.02

----- Extended Results: Exact PED, KED and TED analysis per mode -----

Normal mode at the following harmonic frequency: 1534 cm-1

Potential energy distribution matrix (normalization check: 1.0)

Internal Coordinate (H2, O4) (O4, D5) (O4, H6) (O1, H2) (O1, H3) (D5, O4, H2) (H6, O4, O1) (D5, O4, H6) (H2, O1, H3) (O1, H2, O4) (O1, H2, O4) (D5, O4, O1, H3)
           (H2, O4)     0.00    -0.00    -0.00     0.00    -0.00        -0.00        -0.00         0.00        -0.00         0.00         0.00             0.00
           (O4, D5)    -0.00     0.00    -0.00     0.00    -0.00         0.00         0.00        -0.01         0.00        -0.00        -0.00            -0.00
           (O4, H6)    -0.00    -0.00     0.01     0.00    -0.00         0.00         0.00        -0.01         0.00        -0.00         0.00             0.00
           (O1, H2)     0.00     0.00     0.00     0.00    -0.00         0.00         0.00        -0.00        -0.00        -0.00        -0.00             0.00
           (O1, H3)    -0.00    -0.00    -0.00    -0.00     0.00        -0.00        -0.00         0.00        -0.00        -0.00        -0.00            -0.00
       (D5, O4, H2)    -0.00     0.00     0.00     0.00    -0.00         0.00         0.00        -0.00        -0.00        -0.00        -0.00             0.00
       (H6, O4, O1)    -0.00     0.00     0.00     0.00    -0.00         0.00         0.01         0.00        -0.00        -0.00         0.00            -0.00
       (D5, O4, H6)     0.00    -0.01    -0.01    -0.00     0.00        -0.00         0.00         1.00         0.00         0.00         0.00            -0.00
       (H2, O1, H3)    -0.00     0.00     0.00    -0.00    -0.00        -0.00        -0.00         0.00         0.00         0.00         0.00            -0.00
       (O1, H2, O4)     0.00    -0.00    -0.00    -0.00    -0.00        -0.00        -0.00         0.00         0.00         0.00        -0.00             0.00
       (O1, H2, O4)     0.00    -0.00     0.00    -0.00    -0.00        -0.00         0.00         0.00         0.00        -0.00         0.00            -0.00
   (D5, O4, O1, H3)     0.00    -0.00     0.00     0.00    -0.00         0.00        -0.00        -0.00        -0.00         0.00        -0.00             0.00

Kinetic energy distribution matrix (normalization check: 1.0)

Internal Coordinate (H2, O4) (O4, D5) (O4, H6) (O1, H2) (O1, H3) (D5, O4, H2) (H6, O4, O1) (D5, O4, H6) (H2, O1, H3) (O1, H2, O4) (O1, H2, O4) (D5, O4, O1, H3)
           (H2, O4)     0.02    -0.00    -0.00     0.00     0.00        -0.01        -0.01         0.00        -0.00         0.00        -0.00             0.00
           (O4, D5)    -0.00     0.00    -0.00    -0.00     0.00        -0.00         0.00         0.00        -0.00         0.00         0.00            -0.00
           (O4, H6)    -0.00    -0.00     0.00    -0.00     0.00         0.00        -0.00         0.00        -0.00         0.00         0.00             0.00
           (O1, H2)     0.00    -0.00    -0.00     0.00     0.00        -0.00        -0.00         0.00        -0.00         0.00        -0.00             0.00
           (O1, H3)     0.00     0.00     0.00     0.00     0.00         0.00         0.00         0.00         0.00         0.00         0.00            -0.00
       (D5, O4, H2)    -0.01    -0.00     0.00    -0.00     0.00         0.16         0.06        -0.25        -0.00         0.00         0.01             0.02
       (H6, O4, O1)    -0.01     0.00    -0.00    -0.00     0.00         0.06         0.42        -0.54        -0.00         0.00         0.00             0.05
       (D5, O4, H6)     0.00     0.00     0.00     0.00     0.00        -0.25        -0.54         2.20        -0.00         0.00        -0.01            -0.18
       (H2, O1, H3)    -0.00    -0.00    -0.00    -0.00     0.00        -0.00        -0.00        -0.00         0.00        -0.00        -0.00            -0.00
       (O1, H2, O4)     0.00     0.00     0.00     0.00     0.00         0.00         0.00         0.00        -0.00         0.00         0.00             0.00
       (O1, H2, O4)    -0.00     0.00     0.00    -0.00     0.00         0.01         0.00        -0.01        -0.00         0.00         0.00            -0.00
   (D5, O4, O1, H3)     0.00    -0.00     0.00     0.00    -0.00         0.02         0.05        -0.18        -0.00         0.00        -0.00             0.12

Total energy distribution matrix (normalization check: 1.0)

Internal Coordinate (H2, O4) (O4, D5) (O4, H6) (O1, H2) (O1, H3) (D5, O4, H2) (H6, O4, O1) (D5, O4, H6) (H2, O1, H3) (O1, H2, O4) (O1, H2, O4) (D5, O4, O1, H3)
           (H2, O4)     0.01    -0.00    -0.00     0.00     0.00        -0.01        -0.01         0.00        -0.00         0.00        -0.00             0.00
           (O4, D5)    -0.00     0.00    -0.00    -0.00     0.00         0.00         0.00        -0.00        -0.00         0.00         0.00            -0.00
           (O4, H6)    -0.00    -0.00     0.00    -0.00     0.00         0.00        -0.00        -0.00        -0.00         0.00         0.00             0.00
           (O1, H2)     0.00    -0.00    -0.00     0.00     0.00        -0.00        -0.00         0.00        -0.00         0.00        -0.00             0.00
           (O1, H3)     0.00     0.00     0.00     0.00     0.00         0.00         0.00         0.00        -0.00         0.00         0.00            -0.00
       (D5, O4, H2)    -0.01     0.00     0.00    -0.00     0.00         0.08         0.03        -0.12        -0.00         0.00         0.00             0.01
       (H6, O4, O1)    -0.01     0.00    -0.00    -0.00     0.00         0.03         0.21        -0.27        -0.00         0.00         0.00             0.02
       (D5, O4, H6)     0.00    -0.00    -0.00     0.00     0.00        -0.12        -0.27         1.60        -0.00         0.00        -0.00            -0.09
       (H2, O1, H3)    -0.00    -0.00    -0.00    -0.00    -0.00        -0.00        -0.00        -0.00         0.00        -0.00        -0.00            -0.00
       (O1, H2, O4)     0.00     0.00     0.00     0.00     0.00         0.00         0.00         0.00        -0.00         0.00         0.00             0.00
       (O1, H2, O4)    -0.00     0.00     0.00    -0.00     0.00         0.00         0.00        -0.00        -0.00         0.00         0.00            -0.00
   (D5, O4, O1, H3)     0.00    -0.00     0.00     0.00    -0.00         0.01         0.02        -0.09        -0.00         0.00        -0.00             0.06

----- Extended Results: Exact PED, KED and TED analysis per mode -----

Normal mode at the following harmonic frequency: 1779 cm-1

Potential energy distribution matrix (normalization check: 1.0)

Internal Coordinate (H2, O4) (O4, D5) (O4, H6) (O1, H2) (O1, H3) (D5, O4, H2) (H6, O4, O1) (D5, O4, H6) (H2, O1, H3) (O1, H2, O4) (O1, H2, O4) (D5, O4, O1, H3)
           (H2, O4)     0.00    -0.00    -0.00     0.00    -0.00         0.00         0.00        -0.00        -0.00         0.00         0.00             0.00
           (O4, D5)    -0.00     0.00    -0.00     0.00    -0.00        -0.00        -0.00         0.00         0.00        -0.00        -0.00            -0.00
           (O4, H6)    -0.00    -0.00     0.00     0.00    -0.00        -0.00        -0.00         0.00         0.00        -0.00         0.00             0.00
           (O1, H2)     0.00     0.00     0.00     0.01    -0.00        -0.00        -0.00         0.00        -0.01        -0.00        -0.00             0.00
           (O1, H3)    -0.00    -0.00    -0.00    -0.00     0.01         0.00         0.00        -0.00        -0.01        -0.00        -0.00            -0.00
       (D5, O4, H2)     0.00    -0.00    -0.00    -0.00     0.00         0.00         0.00        -0.00         0.00         0.00         0.00            -0.00
       (H6, O4, O1)     0.00    -0.00    -0.00    -0.00     0.00         0.00         0.00         0.00         0.00         0.00        -0.00             0.00
       (D5, O4, H6)    -0.00     0.00     0.00     0.00    -0.00        -0.00         0.00         0.00        -0.00        -0.00        -0.00             0.00
       (H2, O1, H3)    -0.00     0.00     0.00    -0.01    -0.01         0.00         0.00        -0.00         0.93         0.02         0.00            -0.00
       (O1, H2, O4)     0.00    -0.00    -0.00    -0.00    -0.00         0.00         0.00        -0.00         0.02         0.03        -0.00             0.00
       (O1, H2, O4)     0.00    -0.00     0.00    -0.00    -0.00         0.00        -0.00        -0.00         0.00        -0.00         0.01            -0.00
   (D5, O4, O1, H3)     0.00    -0.00     0.00     0.00    -0.00        -0.00         0.00         0.00        -0.00         0.00        -0.00             0.00

Kinetic energy distribution matrix (normalization check: 1.0)

Internal Coordinate (H2, O4) (O4, D5) (O4, H6) (O1, H2) (O1, H3) (D5, O4, H2) (H6, O4, O1) (D5, O4, H6) (H2, O1, H3) (O1, H2, O4) (O1, H2, O4) (D5, O4, O1, H3)
           (H2, O4)     0.00    -0.00    -0.00     0.00     0.00         0.00         0.00        -0.00        -0.01         0.00        -0.00             0.00
           (O4, D5)    -0.00     0.00    -0.00    -0.00     0.00         0.00        -0.00        -0.00        -0.00         0.00         0.00            -0.00
           (O4, H6)    -0.00    -0.00     0.00    -0.00     0.00        -0.00         0.00        -0.00        -0.00         0.00         0.00             0.00
           (O1, H2)     0.00    -0.00    -0.00     0.01     0.00         0.01         0.00        -0.00        -0.02         0.01        -0.00             0.00
           (O1, H3)     0.00     0.00     0.00     0.00     0.00        -0.00        -0.00        -0.00         0.00         0.00         0.00            -0.00
       (D5, O4, H2)     0.00     0.00    -0.00     0.01    -0.00         0.07         0.00        -0.00         0.01        -0.01        -0.06            -0.00
       (H6, O4, O1)     0.00    -0.00     0.00     0.00    -0.00         0.00         0.00        -0.00         0.00        -0.00        -0.00            -0.00
       (D5, O4, H6)    -0.00    -0.00    -0.00    -0.00    -0.00        -0.00        -0.00         0.00         0.00        -0.00         0.00             0.00
       (H2, O1, H3)    -0.01    -0.00    -0.00    -0.02     0.00         0.01         0.00         0.00         2.43        -0.99        -0.20            -0.00
       (O1, H2, O4)     0.00     0.00     0.00     0.01     0.00        -0.01        -0.00        -0.00        -0.99         0.93         0.09             0.00
       (O1, H2, O4)    -0.00     0.00     0.00    -0.00     0.00        -0.06        -0.00         0.00        -0.20         0.09         0.17            -0.00
   (D5, O4, O1, H3)     0.00    -0.00     0.00     0.00    -0.00        -0.00        -0.00         0.00        -0.00         0.00        -0.00             0.00

Total energy distribution matrix (normalization check: 1.0)

Internal Coordinate (H2, O4) (O4, D5) (O4, H6) (O1, H2) (O1, H3) (D5, O4, H2) (H6, O4, O1) (D5, O4, H6) (H2, O1, H3) (O1, H2, O4) (O1, H2, O4) (D5, O4, O1, H3)
           (H2, O4)     0.00    -0.00    -0.00     0.00     0.00         0.00         0.00        -0.00        -0.00         0.00        -0.00             0.00
           (O4, D5)    -0.00     0.00    -0.00    -0.00     0.00        -0.00        -0.00         0.00        -0.00         0.00         0.00            -0.00
           (O4, H6)    -0.00    -0.00     0.00    -0.00     0.00        -0.00         0.00         0.00        -0.00         0.00         0.00             0.00
           (O1, H2)     0.00    -0.00    -0.00     0.01     0.00         0.00         0.00        -0.00        -0.01         0.00        -0.00             0.00
           (O1, H3)     0.00     0.00     0.00     0.00     0.00        -0.00        -0.00        -0.00        -0.00         0.00         0.00            -0.00
       (D5, O4, H2)     0.00    -0.00    -0.00     0.00    -0.00         0.04         0.00        -0.00         0.00        -0.01        -0.03            -0.00
       (H6, O4, O1)     0.00    -0.00     0.00     0.00    -0.00         0.00         0.00        -0.00         0.00        -0.00        -0.00            -0.00
       (D5, O4, H6)    -0.00     0.00     0.00    -0.00    -0.00        -0.00        -0.00         0.00         0.00        -0.00         0.00             0.00
       (H2, O1, H3)    -0.00    -0.00    -0.00    -0.01    -0.00         0.00         0.00         0.00         1.68        -0.48        -0.10            -0.00
       (O1, H2, O4)     0.00     0.00     0.00     0.00     0.00        -0.01        -0.00        -0.00        -0.48         0.48         0.04             0.00
       (O1, H2, O4)    -0.00     0.00     0.00    -0.00     0.00        -0.03        -0.00         0.00        -0.10         0.04         0.09            -0.00
   (D5, O4, O1, H3)     0.00    -0.00     0.00     0.00    -0.00        -0.00        -0.00         0.00        -0.00         0.00        -0.00             0.00

----- Extended Results: Exact PED, KED and TED analysis per mode -----

Normal mode at the following harmonic frequency: 3041 cm-1

Potential energy distribution matrix (normalization check: 1.0)

Internal Coordinate (H2, O4) (O4, D5) (O4, H6) (O1, H2) (O1, H3) (D5, O4, H2) (H6, O4, O1) (D5, O4, H6) (H2, O1, H3) (O1, H2, O4) (O1, H2, O4) (D5, O4, O1, H3)
           (H2, O4)     0.00    -0.00    -0.00    -0.00    -0.00         0.00        -0.00         0.00         0.00         0.00         0.00            -0.00
           (O4, D5)    -0.00     1.00    -0.00    -0.00    -0.00        -0.00         0.00        -0.00        -0.00        -0.00        -0.00             0.00
           (O4, H6)    -0.00    -0.00     0.00    -0.00    -0.00        -0.00         0.00        -0.00        -0.00        -0.00         0.00            -0.00
           (O1, H2)    -0.00    -0.00    -0.00     0.00     0.00         0.00        -0.00         0.00        -0.00         0.00         0.00             0.00
           (O1, H3)    -0.00    -0.00    -0.00     0.00     0.00         0.00        -0.00         0.00         0.00        -0.00        -0.00             0.00
       (D5, O4, H2)     0.00    -0.00    -0.00     0.00     0.00         0.00        -0.00         0.00        -0.00         0.00         0.00             0.00
       (H6, O4, O1)    -0.00     0.00     0.00    -0.00    -0.00        -0.00         0.00         0.00         0.00        -0.00         0.00             0.00
       (D5, O4, H6)     0.00    -0.00    -0.00     0.00     0.00         0.00         0.00         0.00        -0.00         0.00         0.00             0.00
       (H2, O1, H3)     0.00    -0.00    -0.00    -0.00     0.00        -0.00         0.00        -0.00         0.00        -0.00        -0.00            -0.00
       (O1, H2, O4)     0.00    -0.00    -0.00     0.00    -0.00         0.00        -0.00         0.00        -0.00         0.00        -0.00            -0.00
       (O1, H2, O4)     0.00    -0.00     0.00     0.00    -0.00         0.00         0.00         0.00        -0.00        -0.00         0.00             0.00
   (D5, O4, O1, H3)    -0.00     0.00    -0.00     0.00     0.00         0.00         0.00         0.00        -0.00        -0.00         0.00             0.00

Kinetic energy distribution matrix (normalization check: 1.0)

Internal Coordinate (H2, O4) (O4, D5) (O4, H6) (O1, H2) (O1, H3) (D5, O4, H2) (H6, O4, O1) (D5, O4, H6) (H2, O1, H3) (O1, H2, O4) (O1, H2, O4) (D5, O4, O1, H3)
           (H2, O4)     0.01    -0.01    -0.00    -0.00     0.00         0.00        -0.00         0.00         0.00         0.00        -0.00            -0.00
           (O4, D5)    -0.01     1.12    -0.00     0.00     0.00         0.00         0.00         0.00         0.00         0.00         0.00             0.00
           (O4, H6)    -0.00    -0.00     0.00     0.00     0.00        -0.00        -0.00         0.00         0.00         0.00         0.00            -0.00
           (O1, H2)    -0.00     0.00     0.00     0.00    -0.00        -0.00         0.00        -0.00        -0.00        -0.00         0.00             0.00
           (O1, H3)     0.00     0.00     0.00    -0.00     0.00        -0.00         0.00         0.00        -0.00         0.00         0.00             0.00
       (D5, O4, H2)     0.00     0.00    -0.00    -0.00    -0.00         0.00        -0.00         0.00        -0.00        -0.00        -0.00             0.00
       (H6, O4, O1)    -0.00     0.00    -0.00     0.00     0.00        -0.00         0.00        -0.00         0.00         0.00         0.00            -0.00
       (D5, O4, H6)     0.00     0.00     0.00    -0.00     0.00         0.00        -0.00         0.00         0.00         0.00        -0.00             0.00
       (H2, O1, H3)     0.00     0.00     0.00    -0.00    -0.00        -0.00         0.00         0.00         0.00         0.00         0.00            -0.00
       (O1, H2, O4)     0.00     0.00     0.00    -0.00     0.00        -0.00         0.00         0.00         0.00         0.00         0.00            -0.00
       (O1, H2, O4)    -0.00     0.00     0.00     0.00     0.00        -0.00         0.00        -0.00         0.00         0.00         0.00             0.00
   (D5, O4, O1, H3)    -0.00     0.00    -0.00     0.00     0.00         0.00        -0.00         0.00        -0.00        -0.00         0.00             0.00

Total energy distribution matrix (normalization check: 1.0)

Internal Coordinate (H2, O4) (O4, D5) (O4, H6) (O1, H2) (O1, H3) (D5, O4, H2) (H6, O4, O1) (D5, O4, H6) (H2, O1, H3) (O1, H2, O4) (O1, H2, O4) (D5, O4, O1, H3)
           (H2, O4)     0.01    -0.01    -0.00    -0.00     0.00         0.00        -0.00         0.00         0.00         0.00        -0.00            -0.00
           (O4, D5)    -0.01     1.06    -0.00     0.00     0.00         0.00         0.00        -0.00         0.00         0.00         0.00             0.00
           (O4, H6)    -0.00    -0.00     0.00     0.00     0.00        -0.00        -0.00         0.00         0.00         0.00         0.00            -0.00
           (O1, H2)    -0.00     0.00     0.00     0.00    -0.00        -0.00         0.00        -0.00        -0.00        -0.00         0.00             0.00
           (O1, H3)     0.00     0.00     0.00    -0.00     0.00        -0.00         0.00         0.00        -0.00         0.00         0.00             0.00
       (D5, O4, H2)     0.00     0.00    -0.00    -0.00    -0.00         0.00        -0.00         0.00        -0.00        -0.00        -0.00             0.00
       (H6, O4, O1)    -0.00     0.00    -0.00     0.00     0.00        -0.00         0.00        -0.00         0.00         0.00         0.00            -0.00
       (D5, O4, H6)     0.00    -0.00     0.00    -0.00     0.00         0.00        -0.00         0.00         0.00         0.00        -0.00             0.00
       (H2, O1, H3)     0.00     0.00     0.00    -0.00    -0.00        -0.00         0.00         0.00         0.00         0.00         0.00            -0.00
       (O1, H2, O4)     0.00     0.00     0.00    -0.00     0.00        -0.00         0.00         0.00         0.00         0.00         0.00            -0.00
       (O1, H2, O4)    -0.00     0.00     0.00     0.00     0.00        -0.00         0.00        -0.00         0.00         0.00         0.00             0.00
   (D5, O4, O1, H3)    -0.00     0.00    -0.00     0.00     0.00         0.00        -0.00         0.00        -0.00        -0.00         0.00             0.00

----- Extended Results: Exact PED, KED and TED analysis per mode -----

Normal mode at the following harmonic frequency: 4100 cm-1

Potential energy distribution matrix (normalization check: 1.0)

Internal Coordinate (H2, O4) (O4, D5) (O4, H6) (O1, H2) (O1, H3) (D5, O4, H2) (H6, O4, O1) (D5, O4, H6) (H2, O1, H3) (O1, H2, O4) (O1, H2, O4) (D5, O4, O1, H3)
           (H2, O4)     0.01     0.00    -0.00    -0.01     0.00         0.00         0.00         0.00         0.00         0.00         0.00             0.00
           (O4, D5)     0.00     0.00     0.00     0.00    -0.00         0.00         0.00         0.00         0.00         0.00         0.00             0.00
           (O4, H6)    -0.00     0.00     0.00    -0.00     0.00        -0.00        -0.00        -0.00        -0.00        -0.00         0.00             0.00
           (O1, H2)    -0.01     0.00    -0.00     0.83    -0.00         0.00         0.00         0.00        -0.00         0.00         0.00            -0.00
           (O1, H3)     0.00    -0.00     0.00    -0.00     0.17        -0.00        -0.00        -0.00        -0.00         0.00         0.00             0.00
       (D5, O4, H2)     0.00     0.00    -0.00     0.00    -0.00         0.00         0.00         0.00        -0.00         0.00         0.00            -0.00
       (H6, O4, O1)     0.00     0.00    -0.00     0.00    -0.00         0.00         0.00        -0.00        -0.00         0.00        -0.00             0.00
       (D5, O4, H6)     0.00     0.00    -0.00     0.00    -0.00         0.00        -0.00         0.00        -0.00         0.00         0.00            -0.00
       (H2, O1, H3)     0.00     0.00    -0.00    -0.00    -0.00        -0.00        -0.00        -0.00         0.00        -0.00        -0.00             0.00
       (O1, H2, O4)     0.00     0.00    -0.00     0.00     0.00         0.00         0.00         0.00        -0.00         0.00        -0.00             0.00
       (O1, H2, O4)     0.00     0.00     0.00     0.00     0.00         0.00        -0.00         0.00        -0.00        -0.00         0.00            -0.00
   (D5, O4, O1, H3)     0.00     0.00     0.00    -0.00     0.00        -0.00         0.00        -0.00         0.00         0.00        -0.00             0.00

Kinetic energy distribution matrix (normalization check: 1.0)

Internal Coordinate (H2, O4) (O4, D5) (O4, H6) (O1, H2) (O1, H3) (D5, O4, H2) (H6, O4, O1) (D5, O4, H6) (H2, O1, H3) (O1, H2, O4) (O1, H2, O4) (D5, O4, O1, H3)
           (H2, O4)     7.24     0.00    -0.01    -7.19    -0.03         0.00         0.00         0.00         0.01         0.01        -0.00             0.00
           (O4, D5)     0.00     0.00     0.00    -0.00     0.00        -0.00         0.00        -0.00        -0.00        -0.00        -0.00             0.00
           (O4, H6)    -0.01     0.00     0.00     0.01    -0.00        -0.00         0.00         0.00         0.00         0.00         0.00             0.00
           (O1, H2)    -7.19    -0.00     0.01     8.05     0.03        -0.00        -0.00        -0.00        -0.00        -0.01         0.00            -0.00
           (O1, H3)    -0.03     0.00    -0.00     0.03     0.21         0.00         0.00        -0.00         0.00        -0.00        -0.00             0.00
       (D5, O4, H2)     0.00    -0.00    -0.00    -0.00     0.00         0.00         0.00         0.00        -0.00        -0.00        -0.00            -0.00
       (H6, O4, O1)     0.00     0.00     0.00    -0.00     0.00         0.00         0.00         0.00        -0.00        -0.00        -0.00            -0.00
       (D5, O4, H6)     0.00    -0.00     0.00    -0.00    -0.00         0.00         0.00         0.00         0.00         0.00        -0.00            -0.00
       (H2, O1, H3)     0.01    -0.00     0.00    -0.00     0.00        -0.00        -0.00         0.00         0.00         0.00         0.00             0.00
       (O1, H2, O4)     0.01    -0.00     0.00    -0.01    -0.00        -0.00        -0.00         0.00         0.00         0.00         0.00             0.00
       (O1, H2, O4)    -0.00    -0.00     0.00     0.00    -0.00        -0.00        -0.00        -0.00         0.00         0.00         0.00            -0.00
   (D5, O4, O1, H3)     0.00     0.00     0.00    -0.00     0.00        -0.00        -0.00        -0.00         0.00         0.00        -0.00             0.00

Total energy distribution matrix (normalization check: 1.0)

Internal Coordinate (H2, O4) (O4, D5) (O4, H6) (O1, H2) (O1, H3) (D5, O4, H2) (H6, O4, O1) (D5, O4, H6) (H2, O1, H3) (O1, H2, O4) (O1, H2, O4) (D5, O4, O1, H3)
           (H2, O4)     3.63     0.00    -0.00    -3.60    -0.02         0.00         0.00         0.00         0.00         0.00        -0.00             0.00
           (O4, D5)     0.00     0.00     0.00    -0.00     0.00        -0.00         0.00         0.00        -0.00        -0.00        -0.00             0.00
           (O4, H6)    -0.00     0.00     0.00     0.01    -0.00        -0.00         0.00         0.00         0.00         0.00         0.00             0.00
           (O1, H2)    -3.60    -0.00     0.01     4.44     0.01        -0.00        -0.00        -0.00        -0.00        -0.00         0.00            -0.00
           (O1, H3)    -0.02     0.00    -0.00     0.01     0.19         0.00         0.00        -0.00         0.00        -0.00        -0.00             0.00
       (D5, O4, H2)     0.00    -0.00    -0.00    -0.00     0.00         0.00         0.00         0.00        -0.00        -0.00        -0.00            -0.00
       (H6, O4, O1)     0.00     0.00     0.00    -0.00     0.00         0.00         0.00         0.00        -0.00        -0.00        -0.00            -0.00
       (D5, O4, H6)     0.00     0.00     0.00    -0.00    -0.00         0.00         0.00         0.00         0.00         0.00        -0.00            -0.00
       (H2, O1, H3)     0.00    -0.00     0.00    -0.00     0.00        -0.00        -0.00         0.00         0.00         0.00         0.00             0.00
       (O1, H2, O4)     0.00    -0.00     0.00    -0.00    -0.00        -0.00        -0.00         0.00         0.00         0.00         0.00             0.00
       (O1, H2, O4)    -0.00    -0.00     0.00     0.00    -0.00        -0.00        -0.00        -0.00         0.00         0.00         0.00            -0.00
   (D5, O4, O1, H3)     0.00     0.00     0.00    -0.00     0.00        -0.00        -0.00        -0.00         0.00         0.00        -0.00             0.00

----- Extended Results: Exact PED, KED and TED analysis per mode -----

Normal mode at the following harmonic frequency: 4186 cm-1

Potential energy distribution matrix (normalization check: 1.0)

Internal Coordinate (H2, O4) (O4, D5) (O4, H6) (O1, H2) (O1, H3) (D5, O4, H2) (H6, O4, O1) (D5, O4, H6) (H2, O1, H3) (O1, H2, O4) (O1, H2, O4) (D5, O4, O1, H3)
           (H2, O4)     0.00     0.00    -0.00     0.00    -0.00        -0.00         0.00         0.00         0.00         0.00        -0.00             0.00
           (O4, D5)     0.00     0.00     0.00    -0.00     0.00        -0.00         0.00         0.00         0.00         0.00        -0.00             0.00
           (O4, H6)    -0.00     0.00     0.99     0.00    -0.00         0.00        -0.00        -0.00        -0.00        -0.00        -0.00             0.00
           (O1, H2)     0.00    -0.00     0.00     0.00    -0.00         0.00        -0.00        -0.00         0.00        -0.00         0.00             0.00
           (O1, H3)    -0.00     0.00    -0.00    -0.00     0.01        -0.00         0.00         0.00         0.00        -0.00         0.00            -0.00
       (D5, O4, H2)    -0.00    -0.00     0.00     0.00    -0.00         0.00        -0.00        -0.00         0.00        -0.00         0.00             0.00
       (H6, O4, O1)     0.00     0.00    -0.00    -0.00     0.00        -0.00         0.00        -0.00        -0.00         0.00         0.00             0.00
       (D5, O4, H6)     0.00     0.00    -0.00    -0.00     0.00        -0.00        -0.00         0.00        -0.00         0.00        -0.00            -0.00
       (H2, O1, H3)     0.00     0.00    -0.00     0.00     0.00         0.00        -0.00        -0.00         0.00        -0.00         0.00             0.00
       (O1, H2, O4)     0.00     0.00    -0.00    -0.00    -0.00        -0.00         0.00         0.00        -0.00         0.00         0.00             0.00
       (O1, H2, O4)    -0.00    -0.00    -0.00     0.00     0.00         0.00         0.00        -0.00         0.00         0.00         0.00             0.00
   (D5, O4, O1, H3)     0.00     0.00     0.00     0.00    -0.00         0.00         0.00        -0.00         0.00         0.00         0.00             0.00

Kinetic energy distribution matrix (normalization check: 1.0)

Internal Coordinate (H2, O4) (O4, D5) (O4, H6) (O1, H2) (O1, H3) (D5, O4, H2) (H6, O4, O1) (D5, O4, H6) (H2, O1, H3) (O1, H2, O4) (O1, H2, O4) (D5, O4, O1, H3)
           (H2, O4)     0.00     0.00    -0.00     0.00     0.00        -0.00         0.00         0.00         0.00         0.00         0.00             0.00
           (O4, D5)     0.00     0.00     0.00     0.00    -0.00         0.00         0.00        -0.00        -0.00        -0.00         0.00             0.00
           (O4, H6)    -0.00     0.00     1.17    -0.00     0.00         0.00         0.00         0.00         0.00         0.00        -0.00             0.00
           (O1, H2)     0.00     0.00    -0.00     0.00     0.00        -0.00         0.00         0.00         0.00         0.00         0.00             0.00
           (O1, H3)     0.00    -0.00     0.00     0.00     0.01         0.00        -0.00         0.00        -0.00         0.00        -0.00            -0.00
       (D5, O4, H2)    -0.00     0.00     0.00    -0.00     0.00         0.00        -0.00        -0.00         0.00         0.00        -0.00             0.00
       (H6, O4, O1)     0.00     0.00     0.00     0.00    -0.00        -0.00         0.00         0.00        -0.00        -0.00         0.00            -0.00
       (D5, O4, H6)     0.00    -0.00     0.00     0.00     0.00        -0.00         0.00         0.00         0.00         0.00         0.00            -0.00
       (H2, O1, H3)     0.00    -0.00     0.00     0.00    -0.00         0.00        -0.00         0.00         0.00         0.00        -0.00             0.00
       (O1, H2, O4)     0.00    -0.00     0.00     0.00     0.00         0.00        -0.00         0.00         0.00         0.00        -0.00             0.00
       (O1, H2, O4)     0.00     0.00    -0.00     0.00    -0.00        -0.00         0.00         0.00        -0.00        -0.00         0.00             0.00
   (D5, O4, O1, H3)     0.00     0.00     0.00     0.00    -0.00         0.00        -0.00        -0.00         0.00         0.00         0.00             0.00

Total energy distribution matrix (normalization check: 1.0)

Internal Coordinate (H2, O4) (O4, D5) (O4, H6) (O1, H2) (O1, H3) (D5, O4, H2) (H6, O4, O1) (D5, O4, H6) (H2, O1, H3) (O1, H2, O4) (O1, H2, O4) (D5, O4, O1, H3)
           (H2, O4)     0.00     0.00    -0.00     0.00     0.00        -0.00         0.00         0.00         0.00         0.00         0.00             0.00
           (O4, D5)     0.00     0.00     0.00     0.00    -0.00         0.00         0.00         0.00        -0.00        -0.00         0.00             0.00
           (O4, H6)    -0.00     0.00     1.08    -0.00     0.00         0.00         0.00         0.00         0.00         0.00        -0.00             0.00
           (O1, H2)     0.00     0.00    -0.00     0.00     0.00        -0.00         0.00         0.00         0.00         0.00         0.00             0.00
           (O1, H3)     0.00    -0.00     0.00     0.00     0.01         0.00        -0.00         0.00        -0.00         0.00        -0.00            -0.00
       (D5, O4, H2)    -0.00     0.00     0.00    -0.00     0.00         0.00        -0.00        -0.00         0.00         0.00        -0.00             0.00
       (H6, O4, O1)     0.00     0.00     0.00     0.00    -0.00        -0.00         0.00         0.00        -0.00        -0.00         0.00            -0.00
       (D5, O4, H6)     0.00     0.00     0.00     0.00     0.00        -0.00         0.00         0.00         0.00         0.00         0.00            -0.00
       (H2, O1, H3)     0.00    -0.00     0.00     0.00    -0.00         0.00        -0.00         0.00         0.00         0.00        -0.00             0.00
       (O1, H2, O4)     0.00    -0.00     0.00     0.00     0.00         0.00        -0.00         0.00         0.00         0.00        -0.00             0.00
       (O1, H2, O4)     0.00     0.00    -0.00     0.00    -0.00        -0.00         0.00         0.00        -0.00        -0.00         0.00             0.00
   (D5, O4, O1, H3)     0.00     0.00     0.00     0.00    -0.00         0.00        -0.00        -0.00         0.00         0.00         0.00             0.00

----- Extended Results: Exact PED, KED and TED analysis per mode -----

Normal mode at the following harmonic frequency: 4214 cm-1

Potential energy distribution matrix (normalization check: 1.0)

Internal Coordinate (H2, O4) (O4, D5) (O4, H6) (O1, H2) (O1, H3) (D5, O4, H2) (H6, O4, O1) (D5, O4, H6) (H2, O1, H3) (O1, H2, O4) (O1, H2, O4) (D5, O4, O1, H3)
           (H2, O4)     0.00    -0.00     0.00    -0.00    -0.00        -0.00        -0.00        -0.00         0.00         0.00         0.00             0.00
           (O4, D5)    -0.00     0.00     0.00    -0.00    -0.00         0.00         0.00         0.00        -0.00        -0.00        -0.00            -0.00
           (O4, H6)     0.00     0.00     0.01     0.00     0.00        -0.00        -0.00        -0.00         0.00         0.00        -0.00            -0.00
           (O1, H2)    -0.00    -0.00     0.00     0.17     0.00        -0.00        -0.00        -0.00        -0.00         0.00         0.00            -0.00
           (O1, H3)    -0.00    -0.00     0.00     0.00     0.82        -0.00        -0.00        -0.00         0.00        -0.00        -0.00            -0.00
       (D5, O4, H2)    -0.00     0.00    -0.00    -0.00    -0.00         0.00         0.00         0.00         0.00        -0.00        -0.00             0.00
       (H6, O4, O1)    -0.00     0.00    -0.00    -0.00    -0.00         0.00         0.00        -0.00         0.00        -0.00         0.00            -0.00
       (D5, O4, H6)    -0.00     0.00    -0.00    -0.00    -0.00         0.00        -0.00         0.00         0.00        -0.00        -0.00             0.00
       (H2, O1, H3)     0.00    -0.00     0.00    -0.00     0.00         0.00         0.00         0.00         0.00        -0.00        -0.00             0.00
       (O1, H2, O4)     0.00    -0.00     0.00     0.00    -0.00        -0.00        -0.00        -0.00        -0.00         0.00        -0.00             0.00
       (O1, H2, O4)     0.00    -0.00    -0.00     0.00    -0.00        -0.00         0.00        -0.00        -0.00        -0.00         0.00            -0.00
   (D5, O4, O1, H3)     0.00    -0.00    -0.00    -0.00    -0.00         0.00        -0.00         0.00         0.00         0.00        -0.00             0.00

Kinetic energy distribution matrix (normalization check: 1.0)

Internal Coordinate (H2, O4) (O4, D5) (O4, H6) (O1, H2) (O1, H3) (D5, O4, H2) (H6, O4, O1) (D5, O4, H6) (H2, O1, H3) (O1, H2, O4) (O1, H2, O4) (D5, O4, O1, H3)
           (H2, O4)     1.44    -0.00     0.01    -1.50     0.03        -0.00        -0.00        -0.00         0.00         0.00        -0.00             0.00
           (O4, D5)    -0.00     0.00     0.00     0.00     0.00        -0.00         0.00        -0.00         0.00         0.00         0.00            -0.00
           (O4, H6)     0.01     0.00     0.01    -0.01    -0.00        -0.00         0.00         0.00        -0.00        -0.00        -0.00            -0.00
           (O1, H2)    -1.50     0.00    -0.01     1.77    -0.03         0.00         0.00         0.00        -0.00        -0.00         0.00            -0.00
           (O1, H3)     0.03     0.00    -0.00    -0.03     1.03         0.00         0.00        -0.00        -0.00         0.00         0.00            -0.00
       (D5, O4, H2)    -0.00    -0.00    -0.00     0.00     0.00         0.00         0.00         0.00         0.00         0.00         0.00             0.00
       (H6, O4, O1)    -0.00     0.00     0.00     0.00     0.00         0.00         0.00         0.00         0.00         0.00         0.00             0.00
       (D5, O4, H6)    -0.00    -0.00     0.00     0.00    -0.00         0.00         0.00         0.00        -0.00        -0.00         0.00             0.00
       (H2, O1, H3)     0.00     0.00    -0.00    -0.00    -0.00         0.00         0.00        -0.00         0.00         0.00         0.00             0.00
       (O1, H2, O4)     0.00     0.00    -0.00    -0.00     0.00         0.00         0.00        -0.00         0.00         0.00         0.00             0.00
       (O1, H2, O4)    -0.00     0.00    -0.00     0.00     0.00         0.00         0.00         0.00         0.00         0.00         0.00            -0.00
   (D5, O4, O1, H3)     0.00    -0.00    -0.00    -0.00    -0.00         0.00         0.00         0.00         0.00         0.00        -0.00             0.00

Total energy distribution matrix (normalization check: 1.0)

Internal Coordinate (H2, O4) (O4, D5) (O4, H6) (O1, H2) (O1, H3) (D5, O4, H2) (H6, O4, O1) (D5, O4, H6) (H2, O1, H3) (O1, H2, O4) (O1, H2, O4) (D5, O4, O1, H3)
           (H2, O4)     0.72    -0.00     0.00    -0.75     0.02        -0.00        -0.00        -0.00         0.00         0.00        -0.00             0.00
           (O4, D5)    -0.00     0.00     0.00     0.00     0.00        -0.00         0.00         0.00         0.00         0.00         0.00            -0.00
           (O4, H6)     0.00     0.00     0.01    -0.00    -0.00        -0.00         0.00         0.00        -0.00        -0.00        -0.00            -0.00
           (O1, H2)    -0.75     0.00    -0.00     0.97    -0.01         0.00         0.00         0.00        -0.00        -0.00         0.00            -0.00
           (O1, H3)     0.02     0.00    -0.00    -0.01     0.93         0.00         0.00        -0.00        -0.00         0.00         0.00            -0.00
       (D5, O4, H2)    -0.00    -0.00    -0.00     0.00     0.00         0.00         0.00         0.00         0.00         0.00         0.00             0.00
       (H6, O4, O1)    -0.00     0.00     0.00     0.00     0.00         0.00         0.00         0.00         0.00         0.00         0.00             0.00
       (D5, O4, H6)    -0.00     0.00     0.00     0.00    -0.00         0.00         0.00         0.00        -0.00        -0.00         0.00             0.00
       (H2, O1, H3)     0.00     0.00    -0.00    -0.00    -0.00         0.00         0.00        -0.00         0.00         0.00         0.00             0.00
       (O1, H2, O4)     0.00     0.00    -0.00    -0.00     0.00         0.00         0.00        -0.00         0.00         0.00         0.00             0.00
       (O1, H2, O4)    -0.00     0.00    -0.00     0.00     0.00         0.00         0.00         0.00         0.00         0.00         0.00            -0.00
   (D5, O4, O1, H3)     0.00    -0.00    -0.00    -0.00    -0.00         0.00         0.00         0.00         0.00         0.00        -0.00             0.00

