 .__   __.   ______   .___  ___.   ______    _______   _______   ______   ______      .______   ____    ____ 
 |  \ |  |  /  __  \  |   \/   |  /  __  \  |       \ |   ____| /      | /  __  \     |   _  \  \   \  /   / 
 |   \|  | |  |  |  | |  \  /  | |  |  |  | |  .--.  ||  |__   |  ,----'|  |  |  |    |  |_)  |  \   \/   /  
 |  . `  | |  |  |  | |  |\/|  | |  |  |  | |  |  |  ||   __|  |  |     |  |  |  |    |   ___/    \_    _/   
 |  |\   | |  `--'  | |  |  |  | |  `--'  | |  '--'  ||  |____ |  `----.|  `--'  |  __|  |          |  |     
 |__| \__|  \______/  |__|  |__|  \______/  |_______/ |_______| \______| \______/  (__) _|          |__|     
                                                                                                             


**************************************************************************************************************
                         Kemal Önen, Lukas Meinschad, Dennis F. Dinu, Klaus R. Liedl                          
                                      Liedl Lab, University of Innsbruck                                      
**************************************************************************************************************

Non-planar system detected. Therefore out-of-plane angles are NOT used in your analysis. Note that out-of-plane angles tend to perform worse
than the other internal coordinates in terms of computational cost and in the decomposition. However they can be
useful for planar systems.

The detected point group is Cs
The following equivalent atoms were found: [['O1'], ['O2'], ['H2'], ['H3', 'H4'], ['H1']] 

The following primitive internals (bonds, (in-plane) angles, linear valence angles, out-of-plane angles and torsions) were generated:
bonds: [('O1', 'H1'), ('O2', 'H4'), ('O2', 'H3'), ('H1', 'O2'), ('O1', 'H2')]
in-plane angles: [('H1', 'O1', 'H2'), ('H3', 'O2', 'H4'), ('H4', 'O2', 'H1'), ('H3', 'O2', 'H1')]
linear valence-angles: [('O1', 'H1', 'O2'), ('O1', 'H1', 'O2')]
out-of-plane angles: []
dihedrals: [('H2', 'O1', 'H1', 'O2'), ('H4', 'O2', 'H1', 'O1'), ('H3', 'O2', 'H1', 'O1')]

12 internal coordinates are at least needed for the decomposition scheme.

------------------------------Generation of intermolecular internal coordinates-------------------------------

The following intermolecular internal coordinates (bonds, (in-plane) angles, linear valance angles, out-of-plane angles and torsions) were generated:
Hydrogen bonds: [('H1', 'O2')]
Acceptor donor bonds: [('O1', 'O2')]
Hydrogen bond in-plane angles: [('H4', 'O2', 'H1'), ('H3', 'O2', 'H1')]
Acceptor donor in-plane angles: [('H3', 'O2', 'O1'), ('O2', 'O1', 'H2'), ('H4', 'O2', 'O1')]
Hydrogen bond bond linear valence-angles: [('O1', 'H1', 'O2'), ('O1', 'H1', 'O2')]
Acceptor donor bond linear valence-angles: []
Hydrogen bond dihedrals: [('H2', 'O1', 'H1', 'O2'), ('H4', 'O2', 'H1', 'O1'), ('H3', 'O2', 'H1', 'O1')]
Acceptor donor bond dihedrals: [('H1', 'O1', 'O2', 'H4'), ('H1', 'O1', 'O2', 'H3'), ('H2', 'O1', 'O2', 'H3'), ('H2', 'O1', 'O2', 'H4')]
Hydrogen bond out-of-plane angles: []
Acceptor donor bond out-of-plane angles: []
---------------------------Generation of internal coordinate sets for submolecules----------------------------

The following covalent submolecules where found in the structure: [{'O1', 'H2', 'H1'}, {'H4', 'H3', 'O2'}]
Generated IC sets for submolecule 0: 1
Generated IC sets for submolecule 1: 1

-------------------------------- Initialization of an internal coordinate set --------------------------------

The following 12 Internal Coordinates are used in your analysis:
bonds: [('H1', 'O2'), ('O2', 'H3'), ('O2', 'H4'), ('O1', 'H1'), ('O1', 'H2')]
in-plane angles: [('H3', 'O2', 'H1'), ('H4', 'O2', 'O1'), ('H3', 'O2', 'H4'), ('H1', 'O1', 'H2')]
linear valence-angles: [('O1', 'H1', 'O2'), ('O1', 'H1', 'O2')]
out-of-plane angles: []
dihedrals: [('H2', 'O1', 'O2', 'H4')]



The final set contains the following intermolecular internal coordinates:
Hydrogen bonds: [('H1', 'O2')]
Acceptor donor bonds: []
Hydrogen bond in-plane angles: [('H3', 'O2', 'H1')]
Acceptor donor in-plane angles: [('H4', 'O2', 'O1')]
Hydrogen bond linear valence-angles: [('O1', 'H1', 'O2'), ('O1', 'H1', 'O2')]
Acceptor bond linear valence-angles: []
Hydrogen bond dihedrals: []
Acceptor bond dihedrals: [('H2', 'O1', 'O2', 'H4')]
Hydrogen bond out-of-plane angles: []
Acceptor bond out-of-plane angles: []
-------------------------- Results of the Decomposition Scheme ---------------------------

1.) Intrinsic Frequencies for all normal-coordinate frequencies and
    vibrational distribution matrix (exact approximation) at the following
    harmonic frequencies (all frequency values in cm-1):

Internal Coordinate Intrinsic Frequencies   115   136   145   171   339   607  1748  1780  4099  4136  4214  4232
           (H1, O2)                291.98 -0.00  0.01  0.00  0.99 -0.00 -0.00  0.00 -0.00  0.00  0.00  0.00  0.00
           (O2, H3)               4184.82 -0.00 -0.00  0.00  0.00 -0.00 -0.00 -0.00 -0.00  0.01  0.48  0.00  0.50
           (O2, H4)               4184.73 -0.00 -0.00  0.00 -0.00 -0.00 -0.00 -0.00 -0.00  0.01  0.48  0.00  0.50
           (O1, H1)               4113.15  0.00 -0.00 -0.00  0.00  0.00  0.00  0.00 -0.00  0.80  0.02  0.17  0.00
           (O1, H2)               4194.56 -0.00  0.00 -0.00  0.00  0.00 -0.00 -0.00 -0.00  0.16  0.01  0.82  0.00
       (H3, O2, H1)                349.86  0.15  0.26  0.18 -0.00  0.23  0.18  0.00  0.00  0.00 -0.00 -0.00 -0.00
       (H4, O2, O1)                281.54  0.35  0.34  0.04 -0.00  0.17  0.09  0.00  0.00  0.00  0.00 -0.00 -0.00
       (H3, O2, H4)               1739.21 -0.00  0.00 -0.00  0.00  0.00  0.00  0.97  0.02 -0.00 -0.00  0.00 -0.00
       (H1, O1, H2)               1728.02 -0.00  0.01 -0.00  0.00  0.05 -0.00  0.02  0.92 -0.00 -0.00  0.00 -0.00
       (O1, H1, O2)                493.03  0.00  0.39 -0.00  0.01  0.55 -0.00  0.00  0.05  0.00 -0.00  0.00  0.00
       (O1, H1, O2)                519.60  0.23 -0.00  0.05 -0.00  0.00  0.72 -0.00  0.00  0.00 -0.00  0.00 -0.00
   (H2, O1, O2, H4)                149.96  0.26 -0.01  0.72 -0.00 -0.00  0.01  0.00 -0.00  0.00  0.00 -0.00  0.00

Check if matrix is normalized: 1.0

2.) Intrinsic Frequencies for all normal-coordinate frequencies and
    diagonal elements of the PED matrix at the following
    harmonic frequencies (all frequency values in cm-1):

Internal Coordinate Intrinsic Frequencies  115  136  145  171  339  607 1748 1780 4099 4136 4214 4232
           (H1, O2)                291.98 0.00 0.01 0.00 1.00 0.01 0.00 0.00 0.00 0.01 0.00 0.00 0.00
           (O2, H3)               4184.82 0.00 0.00 0.00 0.00 0.00 0.00 0.01 0.00 0.02 0.49 0.00 0.50
           (O2, H4)               4184.73 0.00 0.00 0.00 0.00 0.00 0.00 0.01 0.00 0.02 0.49 0.00 0.50
           (O1, H1)               4113.15 0.00 0.00 0.00 0.00 0.00 0.00 0.00 0.01 0.82 0.02 0.17 0.00
           (O1, H2)               4194.56 0.00 0.00 0.00 0.00 0.00 0.00 0.00 0.01 0.17 0.01 0.82 0.00
       (H3, O2, H1)                349.86 0.83 0.55 0.29 0.01 0.14 0.09 0.00 0.00 0.00 0.00 0.00 0.00
       (H4, O2, O1)                281.54 1.67 1.00 0.51 0.01 0.09 0.02 0.00 0.00 0.00 0.00 0.00 0.00
       (H3, O2, H4)               1739.21 0.00 0.01 0.00 0.00 0.00 0.00 0.98 0.02 0.00 0.00 0.00 0.00
       (H1, O1, H2)               1728.02 0.00 0.04 0.00 0.00 0.08 0.00 0.02 0.91 0.00 0.00 0.00 0.00
       (O1, H1, O2)                493.03 0.00 1.31 0.00 0.01 0.40 0.00 0.00 0.03 0.00 0.00 0.00 0.00
       (O1, H1, O2)                519.60 2.93 0.00 0.25 0.00 0.00 0.55 0.00 0.00 0.00 0.00 0.00 0.00
   (H2, O1, O2, H4)                149.96 0.41 0.08 0.74 0.00 0.01 0.00 0.00 0.00 0.00 0.00 0.00 0.00

3.) Intrinsic Frequencies for all normal-coordinate frequencies and
    contribution table calculated from the diagonal elements of the PED at the following
    harmonic frequencies (all frequency values in cm-1):

Internal Coordinate Intrinsic Frequencies   115   136   145   171   339   607  1748  1780  4099  4136  4214  4232
           (H1, O2)                291.98  0.00  0.27  0.00 95.48  1.03  0.01  0.02  0.00  1.17  0.02  0.23  0.00
           (O2, H3)               4184.82  0.01  0.03  0.01  0.00  0.05  0.01  0.60  0.01  1.50 48.38  0.08 50.04
           (O2, H4)               4184.73  0.01  0.03  0.01  0.00  0.05  0.00  0.60  0.01  1.50 48.47  0.08 49.95
           (O1, H1)               4113.15  0.00  0.00  0.00  0.07  0.02  0.00  0.04  0.57 79.68  1.93 17.37  0.00
           (O1, H2)               4194.56  0.00  0.01  0.00  0.00  0.08  0.00  0.02  0.81 16.14  1.20 82.24  0.00
       (H3, O2, H1)                349.86 14.18 18.33 16.37  1.33 19.42 13.06  0.35  0.13  0.00  0.00  0.00  0.00
       (H4, O2, O1)                281.54 28.60 33.27 28.52  1.42 12.43  2.86  0.45  0.01  0.00  0.00  0.00  0.00
       (H3, O2, H4)               1739.21  0.00  0.30  0.00  0.31  0.51  0.00 95.36  2.47  0.00  0.00  0.00  0.00
       (H1, O1, H2)               1728.02  0.00  1.45  0.00  0.01 10.94  0.00  2.32 93.28  0.00  0.00  0.00  0.00
       (O1, H1, O2)                493.03  0.06 43.47  0.00  1.21 54.20  0.03  0.08  2.70  0.00  0.00  0.00  0.00
       (O1, H1, O2)                519.60 50.07  0.13 13.96  0.02  0.05 83.88  0.00  0.00  0.00  0.00  0.00  0.00
   (H2, O1, O2, H4)                149.96  7.07  2.71 41.11  0.15  1.23  0.16  0.16  0.00  0.00  0.00  0.00  0.00

----- Extended Results: Exact PED, KED and TED analysis per mode -----

Normal mode at the following harmonic frequency: 115 cm-1

Potential energy distribution matrix (normalization check: 1.0)

Internal Coordinate (H1, O2) (O2, H3) (O2, H4) (O1, H1) (O1, H2) (H3, O2, H1) (H4, O2, O1) (H3, O2, H4) (H1, O1, H2) (O1, H1, O2) (O1, H1, O2) (H2, O1, O2, H4)
           (H1, O2)     0.00     0.00    -0.00    -0.00     0.00        -0.00         0.00        -0.00         0.00         0.00        -0.00            -0.00
           (O2, H3)     0.00     0.00     0.00     0.00    -0.00        -0.00         0.00        -0.00         0.00         0.00         0.00             0.00
           (O2, H4)    -0.00     0.00     0.00    -0.00     0.00         0.00        -0.00         0.00        -0.00        -0.00         0.00            -0.00
           (O1, H1)    -0.00     0.00    -0.00     0.00    -0.00        -0.00         0.00        -0.00        -0.00         0.00        -0.00             0.00
           (O1, H2)     0.00    -0.00     0.00    -0.00     0.00         0.00        -0.00         0.00        -0.00         0.00         0.00            -0.00
       (H3, O2, H1)    -0.00    -0.00     0.00    -0.00     0.00         0.83        -0.02        -0.00         0.00        -0.02        -0.64             0.00
       (H4, O2, O1)     0.00     0.00    -0.00     0.00    -0.00        -0.02         1.67        -0.00        -0.00         0.04        -1.61             0.26
       (H3, O2, H4)    -0.00    -0.00     0.00    -0.00     0.00        -0.00        -0.00         0.00         0.00        -0.00         0.00            -0.00
       (H1, O1, H2)     0.00     0.00    -0.00    -0.00    -0.00         0.00        -0.00         0.00         0.00        -0.00         0.00            -0.00
       (O1, H1, O2)     0.00     0.00    -0.00     0.00     0.00        -0.02         0.04        -0.00        -0.00         0.00        -0.02            -0.00
       (O1, H1, O2)    -0.00     0.00     0.00    -0.00     0.00        -0.64        -1.61         0.00         0.00        -0.02         2.93            -0.43
   (H2, O1, O2, H4)    -0.00     0.00    -0.00     0.00    -0.00         0.00         0.26        -0.00        -0.00        -0.00        -0.43             0.41

Kinetic energy distribution matrix (normalization check: 1.0)

Internal Coordinate (H1, O2) (O2, H3) (O2, H4) (O1, H1) (O1, H2) (H3, O2, H1) (H4, O2, O1) (H3, O2, H4) (H1, O1, H2) (O1, H1, O2) (O1, H1, O2) (H2, O1, O2, H4)
           (H1, O2)     0.00     0.00    -0.00    -0.00    -0.00        -0.00         0.00        -0.00         0.00         0.00        -0.00            -0.00
           (O2, H3)     0.00     0.00     0.00    -0.00     0.00         0.00         0.00         0.00        -0.00        -0.00         0.00             0.00
           (O2, H4)    -0.00     0.00     0.00     0.00    -0.00         0.00         0.00        -0.00         0.00         0.00        -0.00             0.00
           (O1, H1)    -0.00    -0.00     0.00     0.00     0.00         0.00        -0.00         0.00        -0.00        -0.00         0.00             0.00
           (O1, H2)    -0.00     0.00    -0.00     0.00     0.00        -0.00         0.00         0.00         0.00        -0.00        -0.00            -0.00
       (H3, O2, H1)    -0.00     0.00     0.00     0.00    -0.00         0.27        -0.11         0.00         0.00         0.00         0.12            -0.08
       (H4, O2, O1)     0.00     0.00     0.00    -0.00     0.00        -0.11         0.47        -0.00        -0.00        -0.00        -0.05             0.09
       (H3, O2, H4)    -0.00     0.00    -0.00     0.00     0.00         0.00        -0.00         0.00        -0.00         0.00         0.00            -0.00
       (H1, O1, H2)     0.00    -0.00     0.00    -0.00     0.00         0.00        -0.00        -0.00         0.00         0.00        -0.00            -0.00
       (O1, H1, O2)     0.00    -0.00     0.00    -0.00    -0.00         0.00        -0.00         0.00         0.00         0.00         0.00            -0.00
       (O1, H1, O2)    -0.00     0.00    -0.00     0.00    -0.00         0.12        -0.05         0.00        -0.00         0.00         0.23            -0.06
   (H2, O1, O2, H4)    -0.00     0.00     0.00     0.00    -0.00        -0.08         0.09        -0.00        -0.00        -0.00        -0.06             0.31

Total energy distribution matrix (normalization check: 1.0)

Internal Coordinate (H1, O2) (O2, H3) (O2, H4) (O1, H1) (O1, H2) (H3, O2, H1) (H4, O2, O1) (H3, O2, H4) (H1, O1, H2) (O1, H1, O2) (O1, H1, O2) (H2, O1, O2, H4)
           (H1, O2)     0.00     0.00    -0.00    -0.00     0.00        -0.00         0.00        -0.00         0.00         0.00        -0.00            -0.00
           (O2, H3)     0.00     0.00     0.00     0.00    -0.00        -0.00         0.00        -0.00         0.00         0.00         0.00             0.00
           (O2, H4)    -0.00     0.00     0.00    -0.00     0.00         0.00        -0.00         0.00        -0.00        -0.00         0.00             0.00
           (O1, H1)    -0.00     0.00    -0.00     0.00    -0.00         0.00        -0.00        -0.00        -0.00         0.00         0.00             0.00
           (O1, H2)     0.00    -0.00     0.00    -0.00     0.00         0.00        -0.00         0.00        -0.00         0.00         0.00            -0.00
       (H3, O2, H1)    -0.00    -0.00     0.00     0.00     0.00         0.55        -0.06         0.00         0.00        -0.01        -0.26            -0.04
       (H4, O2, O1)     0.00     0.00    -0.00    -0.00    -0.00        -0.06         1.07        -0.00        -0.00         0.02        -0.83             0.17
       (H3, O2, H4)    -0.00    -0.00     0.00    -0.00     0.00         0.00        -0.00         0.00         0.00        -0.00         0.00            -0.00
       (H1, O1, H2)     0.00     0.00    -0.00    -0.00    -0.00         0.00        -0.00         0.00         0.00        -0.00         0.00            -0.00
       (O1, H1, O2)     0.00     0.00    -0.00     0.00     0.00        -0.01         0.02        -0.00        -0.00         0.00        -0.01            -0.00
       (O1, H1, O2)    -0.00     0.00     0.00     0.00     0.00        -0.26        -0.83         0.00         0.00        -0.01         1.58            -0.24
   (H2, O1, O2, H4)    -0.00     0.00     0.00     0.00    -0.00        -0.04         0.17        -0.00        -0.00        -0.00        -0.24             0.36

----- Extended Results: Exact PED, KED and TED analysis per mode -----

Normal mode at the following harmonic frequency: 136 cm-1

Potential energy distribution matrix (normalization check: 1.0)

Internal Coordinate (H1, O2) (O2, H3) (O2, H4) (O1, H1) (O1, H2) (H3, O2, H1) (H4, O2, O1) (H3, O2, H4) (H1, O1, H2) (O1, H1, O2) (O1, H1, O2) (H2, O1, O2, H4)
           (H1, O2)     0.01    -0.00    -0.00    -0.00    -0.00         0.01         0.01         0.00        -0.00        -0.01        -0.00             0.00
           (O2, H3)    -0.00     0.00    -0.00    -0.00    -0.00        -0.00        -0.00        -0.00         0.00         0.00        -0.00             0.00
           (O2, H4)    -0.00    -0.00     0.00    -0.00    -0.00        -0.00        -0.00        -0.00         0.00         0.00         0.00             0.00
           (O1, H1)    -0.00    -0.00    -0.00     0.00     0.00         0.00         0.00         0.00         0.00        -0.00        -0.00            -0.00
           (O1, H2)    -0.00    -0.00    -0.00     0.00     0.00         0.00         0.00         0.00        -0.00         0.00        -0.00            -0.00
       (H3, O2, H1)     0.01    -0.00    -0.00     0.00     0.00         0.55         0.01        -0.00         0.00        -0.33         0.02             0.00
       (H4, O2, O1)     0.01    -0.00    -0.00     0.00     0.00         0.01         1.00         0.00         0.00        -0.55        -0.05            -0.09
       (H3, O2, H4)     0.00    -0.00    -0.00     0.00     0.00        -0.00         0.00         0.01         0.00        -0.00        -0.00            -0.00
       (H1, O1, H2)    -0.00     0.00     0.00     0.00    -0.00         0.00         0.00         0.00         0.04        -0.04        -0.00            -0.00
       (O1, H1, O2)    -0.01     0.00     0.00    -0.00     0.00        -0.33        -0.55        -0.00        -0.04         1.31         0.01            -0.00
       (O1, H1, O2)    -0.00    -0.00     0.00    -0.00    -0.00         0.02        -0.05        -0.00        -0.00         0.01         0.00             0.01
   (H2, O1, O2, H4)     0.00     0.00     0.00    -0.00    -0.00         0.00        -0.09        -0.00        -0.00        -0.00         0.01             0.08

Kinetic energy distribution matrix (normalization check: 1.0)

Internal Coordinate (H1, O2) (O2, H3) (O2, H4) (O1, H1) (O1, H2) (H3, O2, H1) (H4, O2, O1) (H3, O2, H4) (H1, O1, H2) (O1, H1, O2) (O1, H1, O2) (H2, O1, O2, H4)
           (H1, O2)     0.01    -0.00    -0.00    -0.00     0.00         0.00         0.01         0.00        -0.00        -0.00        -0.00             0.00
           (O2, H3)    -0.00     0.00    -0.00     0.00     0.00         0.00        -0.00         0.00        -0.00        -0.00        -0.00             0.00
           (O2, H4)    -0.00    -0.00     0.00     0.00     0.00        -0.00         0.00         0.00        -0.00        -0.00        -0.00            -0.00
           (O1, H1)    -0.00     0.00     0.00     0.00    -0.00        -0.00        -0.00        -0.00         0.00         0.00         0.00            -0.00
           (O1, H2)     0.00     0.00     0.00    -0.00     0.00        -0.00        -0.00         0.00         0.00        -0.00         0.00            -0.00
       (H3, O2, H1)     0.00     0.00    -0.00    -0.00    -0.00         0.25         0.09         0.00         0.00         0.06        -0.00            -0.04
       (H4, O2, O1)     0.01    -0.00     0.00    -0.00    -0.00         0.09         0.39         0.00         0.00         0.02        -0.00            -0.04
       (H3, O2, H4)     0.00     0.00     0.00    -0.00     0.00         0.00         0.00         0.00        -0.00         0.00        -0.00            -0.00
       (H1, O1, H2)    -0.00    -0.00    -0.00     0.00     0.00         0.00         0.00        -0.00         0.00         0.01         0.00            -0.00
       (O1, H1, O2)    -0.00    -0.00    -0.00     0.00    -0.00         0.06         0.02         0.00         0.01         0.36        -0.00            -0.01
       (O1, H1, O2)    -0.00    -0.00    -0.00     0.00     0.00        -0.00        -0.00        -0.00         0.00        -0.00         0.00             0.00
   (H2, O1, O2, H4)     0.00     0.00    -0.00    -0.00    -0.00        -0.04        -0.04        -0.00        -0.00        -0.01         0.00             0.09

Total energy distribution matrix (normalization check: 1.0)

Internal Coordinate (H1, O2) (O2, H3) (O2, H4) (O1, H1) (O1, H2) (H3, O2, H1) (H4, O2, O1) (H3, O2, H4) (H1, O1, H2) (O1, H1, O2) (O1, H1, O2) (H2, O1, O2, H4)
           (H1, O2)     0.01    -0.00    -0.00    -0.00    -0.00         0.01         0.01         0.00        -0.00        -0.01        -0.00             0.00
           (O2, H3)    -0.00     0.00    -0.00    -0.00    -0.00        -0.00        -0.00        -0.00         0.00         0.00        -0.00             0.00
           (O2, H4)    -0.00    -0.00     0.00    -0.00    -0.00        -0.00        -0.00        -0.00        -0.00         0.00         0.00            -0.00
           (O1, H1)    -0.00    -0.00    -0.00     0.00     0.00        -0.00        -0.00         0.00         0.00        -0.00         0.00            -0.00
           (O1, H2)    -0.00    -0.00    -0.00     0.00     0.00         0.00         0.00         0.00        -0.00         0.00        -0.00            -0.00
       (H3, O2, H1)     0.01    -0.00    -0.00    -0.00     0.00         0.40         0.05         0.00         0.00        -0.13         0.01            -0.02
       (H4, O2, O1)     0.01    -0.00    -0.00    -0.00     0.00         0.05         0.70         0.00         0.00        -0.26        -0.02            -0.07
       (H3, O2, H4)     0.00    -0.00    -0.00     0.00     0.00         0.00         0.00         0.00         0.00        -0.00        -0.00            -0.00
       (H1, O1, H2)    -0.00     0.00    -0.00     0.00    -0.00         0.00         0.00         0.00         0.02        -0.01        -0.00            -0.00
       (O1, H1, O2)    -0.01     0.00     0.00    -0.00     0.00        -0.13        -0.26        -0.00        -0.01         0.83         0.01            -0.01
       (O1, H1, O2)    -0.00    -0.00     0.00     0.00    -0.00         0.01        -0.02        -0.00        -0.00         0.01         0.00             0.00
   (H2, O1, O2, H4)     0.00     0.00    -0.00    -0.00    -0.00        -0.02        -0.07        -0.00        -0.00        -0.01         0.00             0.08

----- Extended Results: Exact PED, KED and TED analysis per mode -----

Normal mode at the following harmonic frequency: 145 cm-1

Potential energy distribution matrix (normalization check: 1.0)

Internal Coordinate (H1, O2) (O2, H3) (O2, H4) (O1, H1) (O1, H2) (H3, O2, H1) (H4, O2, O1) (H3, O2, H4) (H1, O1, H2) (O1, H1, O2) (O1, H1, O2) (H2, O1, O2, H4)
           (H1, O2)     0.00    -0.00     0.00    -0.00     0.00         0.00        -0.00        -0.00         0.00         0.00         0.00            -0.00
           (O2, H3)    -0.00     0.00     0.00    -0.00     0.00        -0.00         0.00         0.00        -0.00        -0.00         0.00            -0.00
           (O2, H4)     0.00     0.00     0.00     0.00    -0.00         0.00        -0.00        -0.00         0.00         0.00         0.00             0.00
           (O1, H1)    -0.00    -0.00     0.00     0.00    -0.00         0.00        -0.00        -0.00        -0.00         0.00         0.00             0.00
           (O1, H2)     0.00     0.00    -0.00    -0.00     0.00        -0.00         0.00         0.00        -0.00         0.00        -0.00            -0.00
       (H3, O2, H1)     0.00    -0.00     0.00     0.00    -0.00         0.29        -0.01         0.00        -0.00         0.00        -0.11            -0.00
       (H4, O2, O1)    -0.00     0.00    -0.00    -0.00     0.00        -0.01         0.51         0.00         0.00        -0.00        -0.26            -0.20
       (H3, O2, H4)    -0.00     0.00    -0.00    -0.00     0.00         0.00         0.00         0.00         0.00        -0.00        -0.00            -0.00
       (H1, O1, H2)     0.00    -0.00     0.00    -0.00    -0.00        -0.00         0.00         0.00         0.00        -0.00        -0.00            -0.00
       (O1, H1, O2)     0.00    -0.00     0.00     0.00     0.00         0.00        -0.00        -0.00        -0.00         0.00         0.00            -0.00
       (O1, H1, O2)     0.00     0.00     0.00     0.00    -0.00        -0.11        -0.26        -0.00        -0.00         0.00         0.25             0.17
   (H2, O1, O2, H4)    -0.00    -0.00     0.00     0.00    -0.00        -0.00        -0.20        -0.00        -0.00        -0.00         0.17             0.74

Kinetic energy distribution matrix (normalization check: 1.0)

Internal Coordinate (H1, O2) (O2, H3) (O2, H4) (O1, H1) (O1, H2) (H3, O2, H1) (H4, O2, O1) (H3, O2, H4) (H1, O1, H2) (O1, H1, O2) (O1, H1, O2) (H2, O1, O2, H4)
           (H1, O2)     0.00    -0.00     0.00    -0.00    -0.00         0.00        -0.00        -0.00         0.00         0.00         0.00            -0.00
           (O2, H3)    -0.00     0.00     0.00     0.00    -0.00         0.00         0.00        -0.00         0.00         0.00         0.00            -0.00
           (O2, H4)     0.00     0.00     0.00    -0.00     0.00         0.00         0.00         0.00        -0.00        -0.00        -0.00            -0.00
           (O1, H1)    -0.00     0.00    -0.00     0.00     0.00        -0.00         0.00         0.00        -0.00        -0.00        -0.00             0.00
           (O1, H2)    -0.00    -0.00     0.00     0.00     0.00         0.00        -0.00         0.00         0.00        -0.00         0.00            -0.00
       (H3, O2, H1)     0.00     0.00     0.00    -0.00     0.00         0.15        -0.06        -0.00        -0.00        -0.00         0.03             0.10
       (H4, O2, O1)    -0.00     0.00     0.00     0.00    -0.00        -0.06         0.23         0.00         0.00         0.00        -0.01            -0.10
       (H3, O2, H4)    -0.00    -0.00     0.00     0.00     0.00        -0.00         0.00         0.00        -0.00         0.00        -0.00            -0.00
       (H1, O1, H2)     0.00     0.00    -0.00    -0.00     0.00        -0.00         0.00        -0.00         0.00         0.00         0.00            -0.00
       (O1, H1, O2)     0.00     0.00    -0.00    -0.00    -0.00        -0.00         0.00         0.00         0.00         0.00        -0.00            -0.00
       (O1, H1, O2)     0.00     0.00    -0.00    -0.00     0.00         0.03        -0.01        -0.00         0.00        -0.00         0.03             0.04
   (H2, O1, O2, H4)    -0.00    -0.00    -0.00     0.00    -0.00         0.10        -0.10        -0.00        -0.00        -0.00         0.04             0.88

Total energy distribution matrix (normalization check: 1.0)

Internal Coordinate (H1, O2) (O2, H3) (O2, H4) (O1, H1) (O1, H2) (H3, O2, H1) (H4, O2, O1) (H3, O2, H4) (H1, O1, H2) (O1, H1, O2) (O1, H1, O2) (H2, O1, O2, H4)
           (H1, O2)     0.00    -0.00     0.00    -0.00     0.00         0.00        -0.00        -0.00         0.00         0.00         0.00            -0.00
           (O2, H3)    -0.00     0.00     0.00    -0.00     0.00        -0.00         0.00         0.00         0.00        -0.00         0.00            -0.00
           (O2, H4)     0.00     0.00     0.00     0.00    -0.00         0.00        -0.00        -0.00        -0.00         0.00         0.00            -0.00
           (O1, H1)    -0.00    -0.00     0.00     0.00    -0.00        -0.00         0.00        -0.00        -0.00         0.00        -0.00             0.00
           (O1, H2)     0.00     0.00    -0.00    -0.00     0.00        -0.00         0.00         0.00        -0.00         0.00        -0.00            -0.00
       (H3, O2, H1)     0.00    -0.00     0.00    -0.00    -0.00         0.22        -0.03        -0.00        -0.00         0.00        -0.04             0.05
       (H4, O2, O1)    -0.00     0.00    -0.00     0.00     0.00        -0.03         0.37         0.00         0.00        -0.00        -0.14            -0.15
       (H3, O2, H4)    -0.00     0.00    -0.00    -0.00     0.00        -0.00         0.00         0.00         0.00        -0.00        -0.00            -0.00
       (H1, O1, H2)     0.00     0.00    -0.00    -0.00    -0.00        -0.00         0.00         0.00         0.00        -0.00        -0.00            -0.00
       (O1, H1, O2)     0.00    -0.00     0.00     0.00     0.00         0.00        -0.00        -0.00        -0.00         0.00         0.00            -0.00
       (O1, H1, O2)     0.00     0.00     0.00    -0.00    -0.00        -0.04        -0.14        -0.00        -0.00         0.00         0.14             0.10
   (H2, O1, O2, H4)    -0.00    -0.00    -0.00     0.00    -0.00         0.05        -0.15        -0.00        -0.00        -0.00         0.10             0.81

----- Extended Results: Exact PED, KED and TED analysis per mode -----

Normal mode at the following harmonic frequency: 171 cm-1

Potential energy distribution matrix (normalization check: 1.0)

Internal Coordinate (H1, O2) (O2, H3) (O2, H4) (O1, H1) (O1, H2) (H3, O2, H1) (H4, O2, O1) (H3, O2, H4) (H1, O1, H2) (O1, H1, O2) (O1, H1, O2) (H2, O1, O2, H4)
           (H1, O2)     1.00     0.00    -0.00     0.00    -0.00        -0.01        -0.01        -0.00         0.00         0.01        -0.00            -0.00
           (O2, H3)     0.00     0.00     0.00    -0.00     0.00        -0.00        -0.00        -0.00         0.00         0.00         0.00             0.00
           (O2, H4)    -0.00     0.00     0.00     0.00    -0.00         0.00         0.00         0.00        -0.00        -0.00         0.00            -0.00
           (O1, H1)     0.00    -0.00     0.00     0.00    -0.00         0.00         0.00         0.00         0.00        -0.00         0.00            -0.00
           (O1, H2)    -0.00     0.00    -0.00    -0.00     0.00        -0.00        -0.00        -0.00         0.00        -0.00        -0.00             0.00
       (H3, O2, H1)    -0.01    -0.00     0.00     0.00    -0.00         0.01         0.00        -0.00         0.00        -0.01        -0.00             0.00
       (H4, O2, O1)    -0.01    -0.00     0.00     0.00    -0.00         0.00         0.01         0.00         0.00        -0.01         0.00            -0.00
       (H3, O2, H4)    -0.00    -0.00     0.00     0.00    -0.00        -0.00         0.00         0.00         0.00        -0.00         0.00            -0.00
       (H1, O1, H2)     0.00     0.00    -0.00     0.00     0.00         0.00         0.00         0.00         0.00        -0.00         0.00            -0.00
       (O1, H1, O2)     0.01     0.00    -0.00    -0.00    -0.00        -0.01        -0.01        -0.00        -0.00         0.01        -0.00            -0.00
       (O1, H1, O2)    -0.00     0.00     0.00     0.00    -0.00        -0.00         0.00         0.00         0.00        -0.00         0.00            -0.00
   (H2, O1, O2, H4)    -0.00     0.00    -0.00    -0.00     0.00         0.00        -0.00        -0.00        -0.00        -0.00        -0.00             0.00

Kinetic energy distribution matrix (normalization check: 1.0)

Internal Coordinate (H1, O2) (O2, H3) (O2, H4) (O1, H1) (O1, H2) (H3, O2, H1) (H4, O2, O1) (H3, O2, H4) (H1, O1, H2) (O1, H1, O2) (O1, H1, O2) (H2, O1, O2, H4)
           (H1, O2)     1.01     0.00    -0.00     0.00     0.00        -0.01        -0.01        -0.00         0.00         0.01        -0.00            -0.00
           (O2, H3)     0.00     0.00     0.00     0.00    -0.00         0.00        -0.00         0.00        -0.00        -0.00         0.00             0.00
           (O2, H4)    -0.00     0.00     0.00    -0.00     0.00         0.00        -0.00        -0.00         0.00         0.00        -0.00             0.00
           (O1, H1)     0.00     0.00    -0.00     0.00     0.00        -0.00        -0.00        -0.00         0.00         0.00        -0.00            -0.00
           (O1, H2)     0.00    -0.00     0.00     0.00     0.00         0.00         0.00        -0.00        -0.00         0.00         0.00             0.00
       (H3, O2, H1)    -0.01     0.00     0.00    -0.00     0.00         0.01         0.00         0.00         0.00         0.00         0.00            -0.00
       (H4, O2, O1)    -0.01    -0.00    -0.00    -0.00     0.00         0.00         0.01         0.00         0.00         0.00         0.00            -0.00
       (H3, O2, H4)    -0.00     0.00    -0.00    -0.00    -0.00         0.00         0.00         0.00        -0.00         0.00         0.00            -0.00
       (H1, O1, H2)     0.00    -0.00     0.00     0.00    -0.00         0.00         0.00        -0.00         0.00         0.00        -0.00            -0.00
       (O1, H1, O2)     0.01    -0.00     0.00     0.00     0.00         0.00         0.00         0.00         0.00         0.01         0.00            -0.00
       (O1, H1, O2)    -0.00     0.00    -0.00    -0.00     0.00         0.00         0.00         0.00        -0.00         0.00         0.00            -0.00
   (H2, O1, O2, H4)    -0.00     0.00     0.00    -0.00     0.00        -0.00        -0.00        -0.00        -0.00        -0.00        -0.00             0.00

Total energy distribution matrix (normalization check: 1.0)

Internal Coordinate (H1, O2) (O2, H3) (O2, H4) (O1, H1) (O1, H2) (H3, O2, H1) (H4, O2, O1) (H3, O2, H4) (H1, O1, H2) (O1, H1, O2) (O1, H1, O2) (H2, O1, O2, H4)
           (H1, O2)     1.00     0.00    -0.00     0.00    -0.00        -0.01        -0.01        -0.00         0.00         0.01        -0.00            -0.00
           (O2, H3)     0.00     0.00     0.00    -0.00     0.00        -0.00        -0.00        -0.00        -0.00         0.00         0.00             0.00
           (O2, H4)    -0.00     0.00     0.00     0.00    -0.00         0.00         0.00         0.00         0.00        -0.00         0.00             0.00
           (O1, H1)     0.00    -0.00     0.00     0.00    -0.00        -0.00        -0.00         0.00         0.00        -0.00        -0.00            -0.00
           (O1, H2)    -0.00     0.00    -0.00    -0.00     0.00         0.00        -0.00        -0.00         0.00        -0.00        -0.00             0.00
       (H3, O2, H1)    -0.01    -0.00     0.00    -0.00     0.00         0.01         0.00         0.00         0.00        -0.00        -0.00            -0.00
       (H4, O2, O1)    -0.01    -0.00     0.00    -0.00    -0.00         0.00         0.01         0.00         0.00        -0.00         0.00            -0.00
       (H3, O2, H4)    -0.00    -0.00     0.00     0.00    -0.00         0.00         0.00         0.00         0.00        -0.00         0.00            -0.00
       (H1, O1, H2)     0.00    -0.00     0.00     0.00     0.00         0.00         0.00         0.00         0.00        -0.00         0.00            -0.00
       (O1, H1, O2)     0.01     0.00    -0.00    -0.00    -0.00        -0.00        -0.00        -0.00        -0.00         0.01        -0.00            -0.00
       (O1, H1, O2)    -0.00     0.00     0.00    -0.00    -0.00        -0.00         0.00         0.00         0.00        -0.00         0.00            -0.00
   (H2, O1, O2, H4)    -0.00     0.00     0.00    -0.00     0.00        -0.00        -0.00        -0.00        -0.00        -0.00        -0.00             0.00

----- Extended Results: Exact PED, KED and TED analysis per mode -----

Normal mode at the following harmonic frequency: 339 cm-1

Potential energy distribution matrix (normalization check: 1.0)

Internal Coordinate (H1, O2) (O2, H3) (O2, H4) (O1, H1) (O1, H2) (H3, O2, H1) (H4, O2, O1) (H3, O2, H4) (H1, O1, H2) (O1, H1, O2) (O1, H1, O2) (H2, O1, O2, H4)
           (H1, O2)     0.01     0.00     0.00    -0.00    -0.00        -0.00        -0.00        -0.00        -0.00        -0.01        -0.00            -0.00
           (O2, H3)     0.00     0.00    -0.00     0.00     0.00        -0.00        -0.00        -0.00        -0.00        -0.00         0.00             0.00
           (O2, H4)     0.00    -0.00     0.00     0.00     0.00        -0.00        -0.00        -0.00        -0.00        -0.00        -0.00             0.00
           (O1, H1)    -0.00     0.00     0.00     0.00     0.00        -0.00        -0.00        -0.00         0.00        -0.00        -0.00             0.00
           (O1, H2)    -0.00     0.00     0.00     0.00     0.00        -0.00        -0.00        -0.00        -0.00         0.00        -0.00             0.00
       (H3, O2, H1)    -0.00    -0.00    -0.00    -0.00    -0.00         0.14         0.00        -0.00        -0.00         0.09        -0.00             0.00
       (H4, O2, O1)    -0.00    -0.00    -0.00    -0.00    -0.00         0.00         0.09         0.00        -0.00         0.09         0.00            -0.01
       (H3, O2, H4)    -0.00    -0.00    -0.00    -0.00    -0.00        -0.00         0.00         0.00        -0.00         0.00         0.00            -0.00
       (H1, O1, H2)    -0.00    -0.00    -0.00     0.00    -0.00        -0.00        -0.00        -0.00         0.08        -0.03        -0.00             0.00
       (O1, H1, O2)    -0.01    -0.00    -0.00    -0.00     0.00         0.09         0.09         0.00        -0.03         0.40         0.00             0.00
       (O1, H1, O2)    -0.00     0.00    -0.00    -0.00    -0.00        -0.00         0.00         0.00        -0.00         0.00         0.00            -0.00
   (H2, O1, O2, H4)    -0.00     0.00     0.00     0.00     0.00         0.00        -0.01        -0.00         0.00         0.00        -0.00             0.01

Kinetic energy distribution matrix (normalization check: 1.0)

Internal Coordinate (H1, O2) (O2, H3) (O2, H4) (O1, H1) (O1, H2) (H3, O2, H1) (H4, O2, O1) (H3, O2, H4) (H1, O1, H2) (O1, H1, O2) (O1, H1, O2) (H2, O1, O2, H4)
           (H1, O2)     0.03     0.00     0.00    -0.00     0.00        -0.01        -0.01        -0.00        -0.00        -0.01        -0.00            -0.00
           (O2, H3)     0.00     0.00    -0.00    -0.00    -0.00         0.00        -0.00         0.00         0.00         0.00         0.00             0.00
           (O2, H4)     0.00    -0.00     0.00    -0.00    -0.00        -0.00         0.00         0.00         0.00         0.00         0.00            -0.00
           (O1, H1)    -0.00    -0.00    -0.00     0.00    -0.00         0.00         0.00         0.00         0.00         0.00         0.00             0.00
           (O1, H2)     0.00    -0.00    -0.00    -0.00     0.00         0.00         0.00        -0.00         0.00        -0.00         0.00             0.00
       (H3, O2, H1)    -0.01     0.00    -0.00     0.00     0.00         0.39         0.09         0.01        -0.00        -0.11         0.00            -0.04
       (H4, O2, O1)    -0.01    -0.00     0.00     0.00     0.00         0.09         0.22         0.00        -0.00        -0.02         0.00            -0.03
       (H3, O2, H4)    -0.00     0.00     0.00     0.00    -0.00         0.01         0.00         0.00         0.00        -0.00         0.00            -0.00
       (H1, O1, H2)    -0.00     0.00     0.00     0.00     0.00        -0.00        -0.00         0.00         0.01         0.05         0.00             0.00
       (O1, H1, O2)    -0.01     0.00     0.00     0.00    -0.00        -0.11        -0.02        -0.00         0.05         0.66        -0.00             0.01
       (O1, H1, O2)    -0.00     0.00     0.00     0.00     0.00         0.00         0.00         0.00         0.00        -0.00         0.00            -0.00
   (H2, O1, O2, H4)    -0.00     0.00    -0.00     0.00     0.00        -0.04        -0.03        -0.00         0.00         0.01        -0.00             0.06

Total energy distribution matrix (normalization check: 1.0)

Internal Coordinate (H1, O2) (O2, H3) (O2, H4) (O1, H1) (O1, H2) (H3, O2, H1) (H4, O2, O1) (H3, O2, H4) (H1, O1, H2) (O1, H1, O2) (O1, H1, O2) (H2, O1, O2, H4)
           (H1, O2)     0.02     0.00     0.00    -0.00     0.00        -0.01        -0.01        -0.00        -0.00        -0.01        -0.00            -0.00
           (O2, H3)     0.00     0.00    -0.00    -0.00    -0.00        -0.00        -0.00        -0.00         0.00        -0.00         0.00             0.00
           (O2, H4)     0.00    -0.00     0.00    -0.00    -0.00        -0.00        -0.00        -0.00         0.00        -0.00        -0.00            -0.00
           (O1, H1)    -0.00    -0.00    -0.00     0.00     0.00         0.00         0.00        -0.00         0.00        -0.00         0.00             0.00
           (O1, H2)     0.00    -0.00    -0.00     0.00     0.00         0.00         0.00        -0.00        -0.00         0.00        -0.00             0.00
       (H3, O2, H1)    -0.01    -0.00    -0.00     0.00     0.00         0.27         0.04         0.00        -0.00        -0.01         0.00            -0.02
       (H4, O2, O1)    -0.01    -0.00    -0.00     0.00     0.00         0.04         0.16         0.00        -0.00         0.03         0.00            -0.02
       (H3, O2, H4)    -0.00    -0.00    -0.00    -0.00    -0.00         0.00         0.00         0.00         0.00         0.00         0.00            -0.00
       (H1, O1, H2)    -0.00     0.00     0.00     0.00    -0.00        -0.00        -0.00         0.00         0.04         0.01        -0.00             0.00
       (O1, H1, O2)    -0.01    -0.00    -0.00    -0.00     0.00        -0.01         0.03         0.00         0.01         0.53         0.00             0.01
       (O1, H1, O2)    -0.00     0.00    -0.00     0.00    -0.00         0.00         0.00         0.00        -0.00         0.00         0.00            -0.00
   (H2, O1, O2, H4)    -0.00     0.00    -0.00     0.00     0.00        -0.02        -0.02        -0.00         0.00         0.01        -0.00             0.03

----- Extended Results: Exact PED, KED and TED analysis per mode -----

Normal mode at the following harmonic frequency: 607 cm-1

Potential energy distribution matrix (normalization check: 1.0)

Internal Coordinate (H1, O2) (O2, H3) (O2, H4) (O1, H1) (O1, H2) (H3, O2, H1) (H4, O2, O1) (H3, O2, H4) (H1, O1, H2) (O1, H1, O2) (O1, H1, O2) (H2, O1, O2, H4)
           (H1, O2)     0.00    -0.00     0.00    -0.00    -0.00         0.00        -0.00        -0.00        -0.00         0.00        -0.00             0.00
           (O2, H3)    -0.00     0.00     0.00    -0.00    -0.00        -0.00         0.00         0.00         0.00        -0.00        -0.00             0.00
           (O2, H4)     0.00     0.00     0.00     0.00     0.00         0.00        -0.00        -0.00        -0.00         0.00        -0.00            -0.00
           (O1, H1)    -0.00    -0.00     0.00     0.00     0.00         0.00        -0.00        -0.00         0.00         0.00        -0.00            -0.00
           (O1, H2)    -0.00    -0.00     0.00     0.00     0.00         0.00        -0.00        -0.00        -0.00        -0.00        -0.00            -0.00
       (H3, O2, H1)     0.00    -0.00     0.00     0.00     0.00         0.09        -0.00         0.00         0.00         0.00         0.09             0.00
       (H4, O2, O1)    -0.00     0.00    -0.00    -0.00    -0.00        -0.00         0.02         0.00        -0.00        -0.00         0.07             0.00
       (H3, O2, H4)    -0.00     0.00    -0.00    -0.00    -0.00         0.00         0.00         0.00        -0.00        -0.00         0.00             0.00
       (H1, O1, H2)    -0.00     0.00    -0.00     0.00    -0.00         0.00        -0.00        -0.00         0.00         0.00        -0.00            -0.00
       (O1, H1, O2)     0.00    -0.00     0.00     0.00    -0.00         0.00        -0.00        -0.00         0.00         0.00        -0.00             0.00
       (O1, H1, O2)    -0.00    -0.00    -0.00    -0.00    -0.00         0.09         0.07         0.00        -0.00        -0.00         0.55             0.01
   (H2, O1, O2, H4)     0.00     0.00    -0.00    -0.00    -0.00         0.00         0.00         0.00        -0.00         0.00         0.01             0.00

Kinetic energy distribution matrix (normalization check: 1.0)

Internal Coordinate (H1, O2) (O2, H3) (O2, H4) (O1, H1) (O1, H2) (H3, O2, H1) (H4, O2, O1) (H3, O2, H4) (H1, O1, H2) (O1, H1, O2) (O1, H1, O2) (H2, O1, O2, H4)
           (H1, O2)     0.00    -0.00     0.00    -0.00     0.00         0.00        -0.00        -0.00        -0.00         0.00        -0.00             0.00
           (O2, H3)    -0.00     0.00     0.00     0.00     0.00         0.00         0.00        -0.00        -0.00         0.00        -0.00             0.00
           (O2, H4)     0.00     0.00     0.00    -0.00    -0.00         0.00         0.00         0.00         0.00        -0.00         0.00             0.00
           (O1, H1)    -0.00     0.00    -0.00     0.00    -0.00        -0.00         0.00         0.00         0.00        -0.00         0.00            -0.00
           (O1, H2)     0.00     0.00    -0.00    -0.00     0.00        -0.00         0.00        -0.00         0.00         0.00         0.00            -0.00
       (H3, O2, H1)     0.00     0.00     0.00    -0.00    -0.00         0.76        -0.10        -0.00         0.00        -0.01        -0.46            -0.04
       (H4, O2, O1)    -0.00     0.00     0.00     0.00     0.00        -0.10         0.15         0.00        -0.00         0.00         0.06             0.01
       (H3, O2, H4)    -0.00    -0.00     0.00     0.00    -0.00        -0.00         0.00         0.00         0.00         0.00         0.00             0.00
       (H1, O1, H2)    -0.00    -0.00     0.00     0.00     0.00         0.00        -0.00         0.00         0.00        -0.00         0.00            -0.00
       (O1, H1, O2)     0.00     0.00    -0.00    -0.00     0.00        -0.01         0.00         0.00        -0.00         0.00         0.00             0.00
       (O1, H1, O2)    -0.00    -0.00     0.00     0.00     0.00        -0.46         0.06         0.00         0.00         0.00         1.22             0.03
   (H2, O1, O2, H4)     0.00     0.00     0.00    -0.00    -0.00        -0.04         0.01         0.00        -0.00         0.00         0.03             0.02

Total energy distribution matrix (normalization check: 1.0)

Internal Coordinate (H1, O2) (O2, H3) (O2, H4) (O1, H1) (O1, H2) (H3, O2, H1) (H4, O2, O1) (H3, O2, H4) (H1, O1, H2) (O1, H1, O2) (O1, H1, O2) (H2, O1, O2, H4)
           (H1, O2)     0.00    -0.00     0.00    -0.00     0.00         0.00        -0.00        -0.00        -0.00         0.00        -0.00             0.00
           (O2, H3)    -0.00     0.00     0.00     0.00     0.00        -0.00         0.00         0.00        -0.00         0.00        -0.00             0.00
           (O2, H4)     0.00     0.00     0.00    -0.00    -0.00         0.00         0.00        -0.00         0.00        -0.00        -0.00             0.00
           (O1, H1)    -0.00     0.00    -0.00     0.00     0.00        -0.00         0.00        -0.00         0.00        -0.00         0.00            -0.00
           (O1, H2)     0.00     0.00    -0.00     0.00     0.00        -0.00         0.00        -0.00        -0.00         0.00         0.00            -0.00
       (H3, O2, H1)     0.00    -0.00     0.00    -0.00    -0.00         0.43        -0.05        -0.00         0.00        -0.00        -0.18            -0.02
       (H4, O2, O1)    -0.00     0.00     0.00     0.00     0.00        -0.05         0.08         0.00        -0.00        -0.00         0.07             0.01
       (H3, O2, H4)    -0.00     0.00    -0.00    -0.00    -0.00        -0.00         0.00         0.00         0.00         0.00         0.00             0.00
       (H1, O1, H2)    -0.00    -0.00     0.00     0.00    -0.00         0.00        -0.00         0.00         0.00        -0.00         0.00            -0.00
       (O1, H1, O2)     0.00     0.00    -0.00    -0.00     0.00        -0.00        -0.00         0.00        -0.00         0.00         0.00             0.00
       (O1, H1, O2)    -0.00    -0.00    -0.00     0.00     0.00        -0.18         0.07         0.00         0.00         0.00         0.88             0.02
   (H2, O1, O2, H4)     0.00     0.00     0.00    -0.00    -0.00        -0.02         0.01         0.00        -0.00         0.00         0.02             0.01

----- Extended Results: Exact PED, KED and TED analysis per mode -----

Normal mode at the following harmonic frequency: 1748 cm-1

Potential energy distribution matrix (normalization check: 1.0)

Internal Coordinate (H1, O2) (O2, H3) (O2, H4) (O1, H1) (O1, H2) (H3, O2, H1) (H4, O2, O1) (H3, O2, H4) (H1, O1, H2) (O1, H1, O2) (O1, H1, O2) (H2, O1, O2, H4)
           (H1, O2)     0.00    -0.00    -0.00     0.00    -0.00        -0.00        -0.00         0.00        -0.00         0.00         0.00             0.00
           (O2, H3)    -0.00     0.01    -0.00     0.00    -0.00         0.00         0.00        -0.01         0.00        -0.00         0.00             0.00
           (O2, H4)    -0.00    -0.00     0.01     0.00    -0.00         0.00         0.00        -0.01         0.00        -0.00        -0.00             0.00
           (O1, H1)     0.00     0.00     0.00     0.00    -0.00         0.00         0.00        -0.00        -0.00        -0.00        -0.00             0.00
           (O1, H2)    -0.00    -0.00    -0.00    -0.00     0.00        -0.00        -0.00         0.00        -0.00        -0.00         0.00            -0.00
       (H3, O2, H1)    -0.00     0.00     0.00     0.00    -0.00         0.00         0.00         0.00        -0.00        -0.00         0.00            -0.00
       (H4, O2, O1)    -0.00     0.00     0.00     0.00    -0.00         0.00         0.00        -0.00        -0.00        -0.00        -0.00             0.00
       (H3, O2, H4)     0.00    -0.01    -0.01    -0.00     0.00         0.00        -0.00         0.98         0.00         0.00         0.00            -0.00
       (H1, O1, H2)    -0.00     0.00     0.00    -0.00    -0.00        -0.00        -0.00         0.00         0.02         0.00         0.00            -0.00
       (O1, H1, O2)     0.00    -0.00    -0.00    -0.00    -0.00        -0.00        -0.00         0.00         0.00         0.00         0.00             0.00
       (O1, H1, O2)     0.00     0.00    -0.00    -0.00     0.00         0.00        -0.00         0.00         0.00         0.00         0.00            -0.00
   (H2, O1, O2, H4)     0.00     0.00     0.00     0.00    -0.00        -0.00         0.00        -0.00        -0.00         0.00        -0.00             0.00

Kinetic energy distribution matrix (normalization check: 1.0)

Internal Coordinate (H1, O2) (O2, H3) (O2, H4) (O1, H1) (O1, H2) (H3, O2, H1) (H4, O2, O1) (H3, O2, H4) (H1, O1, H2) (O1, H1, O2) (O1, H1, O2) (H2, O1, O2, H4)
           (H1, O2)     0.02    -0.00    -0.00     0.00     0.00        -0.01        -0.01         0.00        -0.01         0.00         0.00             0.00
           (O2, H3)    -0.00     0.00    -0.00    -0.00     0.00        -0.00         0.00         0.00        -0.00         0.00         0.00             0.00
           (O2, H4)    -0.00    -0.00     0.00    -0.00     0.00         0.00        -0.00         0.00        -0.00         0.00         0.00            -0.00
           (O1, H1)     0.00    -0.00    -0.00     0.00     0.00        -0.00        -0.00         0.00        -0.00         0.00         0.00             0.00
           (O1, H2)     0.00     0.00     0.00     0.00     0.00         0.00         0.00         0.00         0.00         0.00        -0.00            -0.00
       (H3, O2, H1)    -0.01    -0.00     0.00    -0.00     0.00         0.27         0.08        -0.46        -0.00         0.02        -0.00             0.07
       (H4, O2, O1)    -0.01     0.00    -0.00    -0.00     0.00         0.08         0.30        -0.47        -0.00         0.01        -0.00             0.06
       (H3, O2, H4)     0.00     0.00     0.00     0.00     0.00        -0.46        -0.47         2.61        -0.01        -0.02         0.00            -0.42
       (H1, O1, H2)    -0.01    -0.00    -0.00    -0.00     0.00        -0.00        -0.00        -0.01         0.06        -0.03        -0.00            -0.00
       (O1, H1, O2)     0.00     0.00     0.00     0.00     0.00         0.02         0.01        -0.02        -0.03         0.04        -0.00             0.01
       (O1, H1, O2)     0.00     0.00     0.00     0.00    -0.00        -0.00        -0.00         0.00        -0.00        -0.00         0.00            -0.00
   (H2, O1, O2, H4)     0.00     0.00    -0.00     0.00    -0.00         0.07         0.06        -0.42        -0.00         0.01        -0.00             0.28

Total energy distribution matrix (normalization check: 1.0)

Internal Coordinate (H1, O2) (O2, H3) (O2, H4) (O1, H1) (O1, H2) (H3, O2, H1) (H4, O2, O1) (H3, O2, H4) (H1, O1, H2) (O1, H1, O2) (O1, H1, O2) (H2, O1, O2, H4)
           (H1, O2)     0.01    -0.00    -0.00     0.00     0.00        -0.00        -0.00         0.00        -0.00         0.00         0.00             0.00
           (O2, H3)    -0.00     0.00    -0.00    -0.00     0.00        -0.00         0.00        -0.00        -0.00         0.00         0.00             0.00
           (O2, H4)    -0.00    -0.00     0.00    -0.00     0.00         0.00        -0.00        -0.00        -0.00         0.00        -0.00            -0.00
           (O1, H1)     0.00    -0.00    -0.00     0.00     0.00        -0.00        -0.00         0.00        -0.00         0.00         0.00             0.00
           (O1, H2)     0.00     0.00     0.00     0.00     0.00         0.00         0.00         0.00        -0.00         0.00        -0.00            -0.00
       (H3, O2, H1)    -0.00    -0.00     0.00    -0.00     0.00         0.14         0.04        -0.23        -0.00         0.01        -0.00             0.04
       (H4, O2, O1)    -0.00     0.00    -0.00    -0.00     0.00         0.04         0.15        -0.24        -0.00         0.00        -0.00             0.03
       (H3, O2, H4)     0.00    -0.00    -0.00     0.00     0.00        -0.23        -0.24         1.80        -0.00        -0.01         0.00            -0.21
       (H1, O1, H2)    -0.00    -0.00    -0.00    -0.00    -0.00        -0.00        -0.00        -0.00         0.04        -0.02        -0.00            -0.00
       (O1, H1, O2)     0.00     0.00     0.00     0.00     0.00         0.01         0.00        -0.01        -0.02         0.02        -0.00             0.00
       (O1, H1, O2)     0.00     0.00    -0.00     0.00    -0.00        -0.00        -0.00         0.00        -0.00        -0.00         0.00            -0.00
   (H2, O1, O2, H4)     0.00     0.00    -0.00     0.00    -0.00         0.04         0.03        -0.21        -0.00         0.00        -0.00             0.14

----- Extended Results: Exact PED, KED and TED analysis per mode -----

Normal mode at the following harmonic frequency: 1780 cm-1

Potential energy distribution matrix (normalization check: 1.0)

Internal Coordinate (H1, O2) (O2, H3) (O2, H4) (O1, H1) (O1, H2) (H3, O2, H1) (H4, O2, O1) (H3, O2, H4) (H1, O1, H2) (O1, H1, O2) (O1, H1, O2) (H2, O1, O2, H4)
           (H1, O2)     0.00     0.00     0.00     0.00    -0.00         0.00         0.00        -0.00        -0.00         0.00         0.00            -0.00
           (O2, H3)     0.00     0.00    -0.00    -0.00     0.00         0.00         0.00        -0.00        -0.00         0.00        -0.00             0.00
           (O2, H4)     0.00    -0.00     0.00    -0.00     0.00         0.00         0.00        -0.00        -0.00         0.00         0.00             0.00
           (O1, H1)     0.00    -0.00    -0.00     0.01    -0.00        -0.00        -0.00         0.00        -0.01        -0.00        -0.00            -0.00
           (O1, H2)    -0.00     0.00     0.00    -0.00     0.01         0.00         0.00        -0.00        -0.01        -0.00         0.00             0.00
       (H3, O2, H1)     0.00     0.00     0.00    -0.00     0.00         0.00         0.00         0.00         0.00         0.00        -0.00            -0.00
       (H4, O2, O1)     0.00     0.00     0.00    -0.00     0.00         0.00         0.00        -0.00         0.00         0.00         0.00             0.00
       (H3, O2, H4)    -0.00    -0.00    -0.00     0.00    -0.00         0.00        -0.00         0.02        -0.00        -0.00        -0.00            -0.00
       (H1, O1, H2)    -0.00    -0.00    -0.00    -0.01    -0.01         0.00         0.00        -0.00         0.91         0.02         0.00             0.00
       (O1, H1, O2)     0.00     0.00     0.00    -0.00    -0.00         0.00         0.00        -0.00         0.02         0.03         0.00            -0.00
       (O1, H1, O2)     0.00    -0.00     0.00    -0.00     0.00        -0.00         0.00        -0.00         0.00         0.00         0.00             0.00
   (H2, O1, O2, H4)    -0.00     0.00     0.00    -0.00     0.00        -0.00         0.00        -0.00         0.00        -0.00         0.00             0.00

Kinetic energy distribution matrix (normalization check: 1.0)

Internal Coordinate (H1, O2) (O2, H3) (O2, H4) (O1, H1) (O1, H2) (H3, O2, H1) (H4, O2, O1) (H3, O2, H4) (H1, O1, H2) (O1, H1, O2) (O1, H1, O2) (H2, O1, O2, H4)
           (H1, O2)     0.00     0.00     0.00     0.00     0.00         0.00         0.00        -0.00        -0.00         0.00         0.00            -0.00
           (O2, H3)     0.00     0.00    -0.00     0.00    -0.00        -0.00         0.00         0.00         0.00        -0.00        -0.00             0.00
           (O2, H4)     0.00    -0.00     0.00     0.00    -0.00         0.00        -0.00         0.00         0.00        -0.00        -0.00            -0.00
           (O1, H1)     0.00     0.00     0.00     0.01     0.00         0.00         0.00        -0.00        -0.02         0.01         0.00            -0.00
           (O1, H2)     0.00    -0.00    -0.00     0.00     0.00        -0.00        -0.00        -0.00         0.00         0.00        -0.00             0.00
       (H3, O2, H1)     0.00    -0.00     0.00     0.00    -0.00         0.10         0.01        -0.04         0.01        -0.07         0.00             0.01
       (H4, O2, O1)     0.00     0.00    -0.00     0.00    -0.00         0.01         0.01        -0.01         0.00        -0.01         0.00             0.00
       (H3, O2, H4)    -0.00     0.00     0.00    -0.00    -0.00        -0.04        -0.01         0.07         0.01         0.02        -0.00            -0.01
       (H1, O1, H2)    -0.00     0.00     0.00    -0.02     0.00         0.01         0.00         0.01         2.38        -1.16        -0.00             0.00
       (O1, H1, O2)     0.00    -0.00    -0.00     0.01     0.00        -0.07        -0.01         0.02        -1.16         1.22        -0.00            -0.00
       (O1, H1, O2)     0.00    -0.00    -0.00     0.00    -0.00         0.00         0.00        -0.00        -0.00        -0.00         0.00             0.00
   (H2, O1, O2, H4)    -0.00     0.00    -0.00    -0.00     0.00         0.01         0.00        -0.01         0.00        -0.00         0.00             0.00

Total energy distribution matrix (normalization check: 1.0)

Internal Coordinate (H1, O2) (O2, H3) (O2, H4) (O1, H1) (O1, H2) (H3, O2, H1) (H4, O2, O1) (H3, O2, H4) (H1, O1, H2) (O1, H1, O2) (O1, H1, O2) (H2, O1, O2, H4)
           (H1, O2)     0.00     0.00     0.00     0.00     0.00         0.00         0.00        -0.00        -0.00         0.00         0.00            -0.00
           (O2, H3)     0.00     0.00    -0.00     0.00    -0.00        -0.00         0.00        -0.00         0.00        -0.00        -0.00             0.00
           (O2, H4)     0.00    -0.00     0.00     0.00    -0.00         0.00        -0.00        -0.00         0.00        -0.00         0.00            -0.00
           (O1, H1)     0.00     0.00     0.00     0.01     0.00         0.00         0.00        -0.00        -0.01         0.00         0.00            -0.00
           (O1, H2)     0.00    -0.00    -0.00     0.00     0.00        -0.00        -0.00        -0.00        -0.00         0.00        -0.00             0.00
       (H3, O2, H1)     0.00    -0.00     0.00     0.00    -0.00         0.05         0.00        -0.02         0.01        -0.03         0.00             0.00
       (H4, O2, O1)     0.00     0.00    -0.00     0.00    -0.00         0.00         0.00        -0.01         0.00        -0.00         0.00             0.00
       (H3, O2, H4)    -0.00    -0.00    -0.00    -0.00    -0.00        -0.02        -0.01         0.04         0.00         0.01        -0.00            -0.00
       (H1, O1, H2)    -0.00     0.00     0.00    -0.01    -0.00         0.01         0.00         0.00         1.65        -0.57        -0.00             0.00
       (O1, H1, O2)     0.00    -0.00    -0.00     0.00     0.00        -0.03        -0.00         0.01        -0.57         0.62        -0.00            -0.00
       (O1, H1, O2)     0.00    -0.00     0.00     0.00    -0.00         0.00         0.00        -0.00        -0.00        -0.00         0.00             0.00
   (H2, O1, O2, H4)    -0.00     0.00    -0.00    -0.00     0.00         0.00         0.00        -0.00         0.00        -0.00         0.00             0.00

----- Extended Results: Exact PED, KED and TED analysis per mode -----

Normal mode at the following harmonic frequency: 4099 cm-1

Potential energy distribution matrix (normalization check: 1.0)

Internal Coordinate (H1, O2) (O2, H3) (O2, H4) (O1, H1) (O1, H2) (H3, O2, H1) (H4, O2, O1) (H3, O2, H4) (H1, O1, H2) (O1, H1, O2) (O1, H1, O2) (H2, O1, O2, H4)
           (H1, O2)     0.01    -0.00    -0.00    -0.01     0.00         0.00         0.00         0.00         0.00         0.00         0.00             0.00
           (O2, H3)    -0.00     0.02    -0.00    -0.00     0.00        -0.00        -0.00        -0.00        -0.00        -0.00         0.00             0.00
           (O2, H4)    -0.00    -0.00     0.02    -0.00     0.00        -0.00        -0.00        -0.00        -0.00        -0.00        -0.00             0.00
           (O1, H1)    -0.01    -0.00    -0.00     0.82    -0.00         0.00         0.00         0.00        -0.00         0.00         0.00            -0.00
           (O1, H2)     0.00     0.00     0.00    -0.00     0.17        -0.00        -0.00        -0.00        -0.00         0.00        -0.00             0.00
       (H3, O2, H1)     0.00    -0.00    -0.00     0.00    -0.00         0.00         0.00        -0.00        -0.00         0.00        -0.00             0.00
       (H4, O2, O1)     0.00    -0.00    -0.00     0.00    -0.00         0.00         0.00         0.00        -0.00         0.00         0.00            -0.00
       (H3, O2, H4)     0.00    -0.00    -0.00     0.00    -0.00        -0.00         0.00         0.00        -0.00         0.00         0.00            -0.00
       (H1, O1, H2)     0.00    -0.00    -0.00    -0.00    -0.00        -0.00        -0.00        -0.00         0.00        -0.00        -0.00             0.00
       (O1, H1, O2)     0.00    -0.00    -0.00     0.00     0.00         0.00         0.00         0.00        -0.00         0.00         0.00             0.00
       (O1, H1, O2)     0.00     0.00    -0.00     0.00    -0.00        -0.00         0.00         0.00        -0.00         0.00         0.00            -0.00
   (H2, O1, O2, H4)     0.00     0.00     0.00    -0.00     0.00         0.00        -0.00        -0.00         0.00         0.00        -0.00             0.00

Kinetic energy distribution matrix (normalization check: 1.0)

Internal Coordinate (H1, O2) (O2, H3) (O2, H4) (O1, H1) (O1, H2) (H3, O2, H1) (H4, O2, O1) (H3, O2, H4) (H1, O1, H2) (O1, H1, O2) (O1, H1, O2) (H2, O1, O2, H4)
           (H1, O2)     6.96    -0.02    -0.02    -6.87    -0.03         0.00         0.00         0.00         0.01         0.01         0.00             0.00
           (O2, H3)    -0.02     0.02    -0.00     0.03    -0.00         0.00        -0.00         0.00         0.00         0.00         0.00             0.00
           (O2, H4)    -0.02    -0.00     0.02     0.03    -0.00        -0.00         0.00         0.00         0.00         0.00         0.00            -0.00
           (O1, H1)    -6.87     0.03     0.03     7.68     0.02        -0.00        -0.00        -0.00        -0.00        -0.00        -0.00            -0.00
           (O1, H2)    -0.03    -0.00    -0.00     0.02     0.20         0.00         0.00        -0.00         0.00        -0.00         0.00             0.00
       (H3, O2, H1)     0.00     0.00    -0.00    -0.00     0.00         0.00         0.00         0.00        -0.00        -0.00         0.00            -0.00
       (H4, O2, O1)     0.00    -0.00     0.00    -0.00     0.00         0.00         0.00         0.00        -0.00        -0.00         0.00            -0.00
       (H3, O2, H4)     0.00     0.00     0.00    -0.00    -0.00         0.00         0.00         0.00         0.00        -0.00         0.00            -0.00
       (H1, O1, H2)     0.01     0.00     0.00    -0.00     0.00        -0.00        -0.00         0.00         0.00         0.00         0.00             0.00
       (O1, H1, O2)     0.01     0.00     0.00    -0.00    -0.00        -0.00        -0.00        -0.00         0.00         0.00        -0.00             0.00
       (O1, H1, O2)     0.00     0.00     0.00    -0.00     0.00         0.00         0.00         0.00         0.00        -0.00         0.00            -0.00
   (H2, O1, O2, H4)     0.00     0.00    -0.00    -0.00     0.00        -0.00        -0.00        -0.00         0.00         0.00        -0.00             0.00

Total energy distribution matrix (normalization check: 1.0)

Internal Coordinate (H1, O2) (O2, H3) (O2, H4) (O1, H1) (O1, H2) (H3, O2, H1) (H4, O2, O1) (H3, O2, H4) (H1, O1, H2) (O1, H1, O2) (O1, H1, O2) (H2, O1, O2, H4)
           (H1, O2)     3.49    -0.01    -0.01    -3.44    -0.02         0.00         0.00         0.00         0.00         0.00         0.00             0.00
           (O2, H3)    -0.01     0.02    -0.00     0.01    -0.00         0.00        -0.00         0.00         0.00         0.00         0.00             0.00
           (O2, H4)    -0.01    -0.00     0.02     0.01    -0.00        -0.00         0.00         0.00         0.00         0.00         0.00            -0.00
           (O1, H1)    -3.44     0.01     0.01     4.25     0.01        -0.00        -0.00        -0.00        -0.00        -0.00        -0.00            -0.00
           (O1, H2)    -0.02    -0.00    -0.00     0.01     0.18         0.00         0.00        -0.00         0.00        -0.00         0.00             0.00
       (H3, O2, H1)     0.00     0.00    -0.00    -0.00     0.00         0.00         0.00         0.00        -0.00        -0.00         0.00            -0.00
       (H4, O2, O1)     0.00    -0.00     0.00    -0.00     0.00         0.00         0.00         0.00        -0.00        -0.00         0.00            -0.00
       (H3, O2, H4)     0.00     0.00     0.00    -0.00    -0.00         0.00         0.00         0.00         0.00        -0.00         0.00            -0.00
       (H1, O1, H2)     0.00     0.00     0.00    -0.00     0.00        -0.00        -0.00         0.00         0.00         0.00         0.00             0.00
       (O1, H1, O2)     0.00     0.00     0.00    -0.00    -0.00        -0.00        -0.00        -0.00         0.00         0.00        -0.00             0.00
       (O1, H1, O2)     0.00     0.00     0.00    -0.00     0.00         0.00         0.00         0.00         0.00        -0.00         0.00            -0.00
   (H2, O1, O2, H4)     0.00     0.00    -0.00    -0.00     0.00        -0.00        -0.00        -0.00         0.00         0.00        -0.00             0.00

----- Extended Results: Exact PED, KED and TED analysis per mode -----

Normal mode at the following harmonic frequency: 4136 cm-1

Potential energy distribution matrix (normalization check: 1.0)

Internal Coordinate (H1, O2) (O2, H3) (O2, H4) (O1, H1) (O1, H2) (H3, O2, H1) (H4, O2, O1) (H3, O2, H4) (H1, O1, H2) (O1, H1, O2) (O1, H1, O2) (H2, O1, O2, H4)
           (H1, O2)     0.00     0.00     0.00    -0.00     0.00        -0.00         0.00        -0.00         0.00        -0.00        -0.00            -0.00
           (O2, H3)     0.00     0.49    -0.00     0.00    -0.00        -0.00         0.00        -0.00         0.00        -0.00         0.00             0.00
           (O2, H4)     0.00    -0.00     0.49     0.00    -0.00        -0.00         0.00        -0.00         0.00        -0.00        -0.00             0.00
           (O1, H1)    -0.00     0.00     0.00     0.02    -0.00        -0.00         0.00        -0.00        -0.00        -0.00        -0.00             0.00
           (O1, H2)     0.00    -0.00    -0.00    -0.00     0.01         0.00        -0.00         0.00        -0.00        -0.00         0.00            -0.00
       (H3, O2, H1)    -0.00    -0.00    -0.00    -0.00     0.00         0.00        -0.00        -0.00         0.00         0.00        -0.00             0.00
       (H4, O2, O1)     0.00     0.00     0.00     0.00    -0.00        -0.00         0.00        -0.00        -0.00        -0.00        -0.00             0.00
       (H3, O2, H4)    -0.00    -0.00    -0.00    -0.00     0.00        -0.00        -0.00         0.00         0.00         0.00         0.00            -0.00
       (H1, O1, H2)     0.00     0.00     0.00    -0.00    -0.00         0.00        -0.00         0.00         0.00         0.00         0.00            -0.00
       (O1, H1, O2)    -0.00    -0.00    -0.00    -0.00    -0.00         0.00        -0.00         0.00         0.00         0.00         0.00             0.00
       (O1, H1, O2)    -0.00     0.00    -0.00    -0.00     0.00        -0.00        -0.00         0.00         0.00         0.00         0.00            -0.00
   (H2, O1, O2, H4)    -0.00     0.00     0.00     0.00    -0.00         0.00         0.00        -0.00        -0.00         0.00        -0.00             0.00

Kinetic energy distribution matrix (normalization check: 1.0)

Internal Coordinate (H1, O2) (O2, H3) (O2, H4) (O1, H1) (O1, H2) (H3, O2, H1) (H4, O2, O1) (H3, O2, H4) (H1, O1, H2) (O1, H1, O2) (O1, H1, O2) (H2, O1, O2, H4)
           (H1, O2)     0.10     0.01     0.01    -0.13    -0.00        -0.00         0.00        -0.00         0.00        -0.00        -0.00            -0.00
           (O2, H3)     0.01     0.57    -0.03    -0.02     0.00         0.00         0.00         0.00        -0.00         0.00         0.00             0.00
           (O2, H4)     0.01    -0.03     0.57    -0.02     0.00        -0.00        -0.00         0.00        -0.00         0.00         0.00            -0.00
           (O1, H1)    -0.13    -0.02    -0.02     0.19     0.00         0.00        -0.00         0.00        -0.00         0.00         0.00             0.00
           (O1, H2)    -0.00     0.00     0.00     0.00     0.01        -0.00         0.00         0.00         0.00         0.00        -0.00            -0.00
       (H3, O2, H1)    -0.00     0.00    -0.00     0.00    -0.00         0.00        -0.00         0.00         0.00        -0.00         0.00            -0.00
       (H4, O2, O1)     0.00     0.00    -0.00    -0.00     0.00        -0.00         0.00        -0.00        -0.00         0.00        -0.00             0.00
       (H3, O2, H4)    -0.00     0.00     0.00     0.00     0.00         0.00        -0.00         0.00        -0.00        -0.00         0.00            -0.00
       (H1, O1, H2)     0.00    -0.00    -0.00    -0.00     0.00         0.00        -0.00        -0.00         0.00        -0.00        -0.00            -0.00
       (O1, H1, O2)    -0.00     0.00     0.00     0.00     0.00        -0.00         0.00        -0.00        -0.00         0.00        -0.00             0.00
       (O1, H1, O2)    -0.00     0.00     0.00     0.00    -0.00         0.00        -0.00         0.00        -0.00        -0.00         0.00            -0.00
   (H2, O1, O2, H4)    -0.00     0.00    -0.00     0.00    -0.00        -0.00         0.00        -0.00        -0.00         0.00        -0.00             0.00

Total energy distribution matrix (normalization check: 1.0)

Internal Coordinate (H1, O2) (O2, H3) (O2, H4) (O1, H1) (O1, H2) (H3, O2, H1) (H4, O2, O1) (H3, O2, H4) (H1, O1, H2) (O1, H1, O2) (O1, H1, O2) (H2, O1, O2, H4)
           (H1, O2)     0.05     0.01     0.01    -0.06    -0.00        -0.00         0.00        -0.00         0.00        -0.00        -0.00            -0.00
           (O2, H3)     0.01     0.53    -0.01    -0.01     0.00         0.00         0.00         0.00        -0.00         0.00         0.00             0.00
           (O2, H4)     0.01    -0.01     0.53    -0.01     0.00        -0.00        -0.00         0.00        -0.00         0.00         0.00            -0.00
           (O1, H1)    -0.06    -0.01    -0.01     0.10     0.00         0.00        -0.00         0.00        -0.00         0.00         0.00             0.00
           (O1, H2)    -0.00     0.00     0.00     0.00     0.01        -0.00         0.00         0.00         0.00         0.00        -0.00            -0.00
       (H3, O2, H1)    -0.00     0.00    -0.00     0.00    -0.00         0.00        -0.00         0.00         0.00        -0.00         0.00            -0.00
       (H4, O2, O1)     0.00     0.00    -0.00    -0.00     0.00        -0.00         0.00        -0.00        -0.00         0.00        -0.00             0.00
       (H3, O2, H4)    -0.00     0.00     0.00     0.00     0.00         0.00        -0.00         0.00        -0.00        -0.00         0.00            -0.00
       (H1, O1, H2)     0.00    -0.00    -0.00    -0.00     0.00         0.00        -0.00        -0.00         0.00        -0.00        -0.00            -0.00
       (O1, H1, O2)    -0.00     0.00     0.00     0.00     0.00        -0.00         0.00        -0.00        -0.00         0.00        -0.00             0.00
       (O1, H1, O2)    -0.00     0.00     0.00     0.00    -0.00         0.00        -0.00         0.00        -0.00        -0.00         0.00            -0.00
   (H2, O1, O2, H4)    -0.00     0.00    -0.00     0.00    -0.00        -0.00         0.00        -0.00        -0.00         0.00        -0.00             0.00

----- Extended Results: Exact PED, KED and TED analysis per mode -----

Normal mode at the following harmonic frequency: 4214 cm-1

Potential energy distribution matrix (normalization check: 1.0)

Internal Coordinate (H1, O2) (O2, H3) (O2, H4) (O1, H1) (O1, H2) (H3, O2, H1) (H4, O2, O1) (H3, O2, H4) (H1, O1, H2) (O1, H1, O2) (O1, H1, O2) (H2, O1, O2, H4)
           (H1, O2)     0.00     0.00     0.00    -0.00    -0.00        -0.00        -0.00         0.00         0.00         0.00         0.00             0.00
           (O2, H3)     0.00     0.00    -0.00     0.00     0.00        -0.00        -0.00         0.00         0.00         0.00        -0.00            -0.00
           (O2, H4)     0.00    -0.00     0.00     0.00     0.00        -0.00        -0.00         0.00         0.00         0.00         0.00            -0.00
           (O1, H1)    -0.00     0.00     0.00     0.17     0.00        -0.00        -0.00         0.00        -0.00         0.00         0.00            -0.00
           (O1, H2)    -0.00     0.00     0.00     0.00     0.82        -0.00        -0.00         0.00         0.00        -0.00         0.00            -0.00
       (H3, O2, H1)    -0.00    -0.00    -0.00    -0.00    -0.00         0.00         0.00         0.00         0.00        -0.00         0.00            -0.00
       (H4, O2, O1)    -0.00    -0.00    -0.00    -0.00    -0.00         0.00         0.00        -0.00         0.00        -0.00        -0.00             0.00
       (H3, O2, H4)     0.00     0.00     0.00     0.00     0.00         0.00        -0.00         0.00        -0.00         0.00         0.00            -0.00
       (H1, O1, H2)     0.00     0.00     0.00    -0.00     0.00         0.00         0.00        -0.00         0.00        -0.00        -0.00             0.00
       (O1, H1, O2)     0.00     0.00     0.00     0.00    -0.00        -0.00        -0.00         0.00        -0.00         0.00         0.00             0.00
       (O1, H1, O2)     0.00    -0.00     0.00     0.00     0.00         0.00        -0.00         0.00        -0.00         0.00         0.00            -0.00
   (H2, O1, O2, H4)     0.00    -0.00    -0.00    -0.00    -0.00        -0.00         0.00        -0.00         0.00         0.00        -0.00             0.00

Kinetic energy distribution matrix (normalization check: 1.0)

Internal Coordinate (H1, O2) (O2, H3) (O2, H4) (O1, H1) (O1, H2) (H3, O2, H1) (H4, O2, O1) (H3, O2, H4) (H1, O1, H2) (O1, H1, O2) (O1, H1, O2) (H2, O1, O2, H4)
           (H1, O2)     1.40     0.00     0.00    -1.46     0.03        -0.00        -0.00         0.00         0.00         0.00         0.00             0.00
           (O2, H3)     0.00     0.00    -0.00    -0.00    -0.00         0.00        -0.00        -0.00        -0.00        -0.00        -0.00            -0.00
           (O2, H4)     0.00    -0.00     0.00    -0.00    -0.00        -0.00         0.00        -0.00        -0.00        -0.00        -0.00             0.00
           (O1, H1)    -1.46    -0.00    -0.00     1.73    -0.03         0.00         0.00        -0.00        -0.00        -0.00        -0.00            -0.00
           (O1, H2)     0.03    -0.00    -0.00    -0.03     1.04         0.00         0.00         0.00        -0.00         0.00        -0.00            -0.00
       (H3, O2, H1)    -0.00     0.00    -0.00     0.00     0.00         0.00         0.00        -0.00         0.00         0.00        -0.00             0.00
       (H4, O2, O1)    -0.00    -0.00     0.00     0.00     0.00         0.00         0.00        -0.00         0.00         0.00        -0.00             0.00
       (H3, O2, H4)     0.00    -0.00    -0.00    -0.00     0.00        -0.00        -0.00         0.00         0.00        -0.00         0.00            -0.00
       (H1, O1, H2)     0.00    -0.00    -0.00    -0.00    -0.00         0.00         0.00         0.00         0.00         0.00         0.00             0.00
       (O1, H1, O2)     0.00    -0.00    -0.00    -0.00     0.00         0.00         0.00        -0.00         0.00         0.00        -0.00             0.00
       (O1, H1, O2)     0.00    -0.00    -0.00    -0.00    -0.00        -0.00        -0.00         0.00         0.00        -0.00         0.00            -0.00
   (H2, O1, O2, H4)     0.00    -0.00     0.00    -0.00    -0.00         0.00         0.00        -0.00         0.00         0.00        -0.00             0.00

Total energy distribution matrix (normalization check: 1.0)

Internal Coordinate (H1, O2) (O2, H3) (O2, H4) (O1, H1) (O1, H2) (H3, O2, H1) (H4, O2, O1) (H3, O2, H4) (H1, O1, H2) (O1, H1, O2) (O1, H1, O2) (H2, O1, O2, H4)
           (H1, O2)     0.70     0.00     0.00    -0.73     0.02        -0.00        -0.00         0.00         0.00         0.00         0.00             0.00
           (O2, H3)     0.00     0.00    -0.00    -0.00    -0.00         0.00        -0.00        -0.00        -0.00        -0.00        -0.00            -0.00
           (O2, H4)     0.00    -0.00     0.00    -0.00    -0.00        -0.00         0.00        -0.00        -0.00        -0.00        -0.00             0.00
           (O1, H1)    -0.73    -0.00    -0.00     0.95    -0.01         0.00         0.00        -0.00        -0.00        -0.00        -0.00            -0.00
           (O1, H2)     0.02    -0.00    -0.00    -0.01     0.93         0.00         0.00         0.00        -0.00         0.00        -0.00            -0.00
       (H3, O2, H1)    -0.00     0.00    -0.00     0.00     0.00         0.00         0.00        -0.00         0.00         0.00        -0.00             0.00
       (H4, O2, O1)    -0.00    -0.00     0.00     0.00     0.00         0.00         0.00        -0.00         0.00         0.00        -0.00             0.00
       (H3, O2, H4)     0.00    -0.00    -0.00    -0.00     0.00        -0.00        -0.00         0.00         0.00        -0.00         0.00            -0.00
       (H1, O1, H2)     0.00    -0.00    -0.00    -0.00    -0.00         0.00         0.00         0.00         0.00         0.00         0.00             0.00
       (O1, H1, O2)     0.00    -0.00    -0.00    -0.00     0.00         0.00         0.00        -0.00         0.00         0.00        -0.00             0.00
       (O1, H1, O2)     0.00    -0.00    -0.00    -0.00    -0.00        -0.00        -0.00         0.00         0.00        -0.00         0.00            -0.00
   (H2, O1, O2, H4)     0.00    -0.00     0.00    -0.00    -0.00         0.00         0.00        -0.00         0.00         0.00        -0.00             0.00

----- Extended Results: Exact PED, KED and TED analysis per mode -----

Normal mode at the following harmonic frequency: 4232 cm-1

Potential energy distribution matrix (normalization check: 1.0)

Internal Coordinate (H1, O2) (O2, H3) (O2, H4) (O1, H1) (O1, H2) (H3, O2, H1) (H4, O2, O1) (H3, O2, H4) (H1, O1, H2) (O1, H1, O2) (O1, H1, O2) (H2, O1, O2, H4)
           (H1, O2)     0.00     0.00    -0.00    -0.00    -0.00        -0.00         0.00        -0.00         0.00        -0.00         0.00            -0.00
           (O2, H3)     0.00     0.50     0.00     0.00     0.00        -0.00         0.00        -0.00         0.00        -0.00        -0.00             0.00
           (O2, H4)    -0.00     0.00     0.50    -0.00    -0.00         0.00        -0.00         0.00        -0.00         0.00        -0.00            -0.00
           (O1, H1)    -0.00     0.00    -0.00     0.00     0.00        -0.00         0.00        -0.00        -0.00        -0.00         0.00             0.00
           (O1, H2)    -0.00     0.00    -0.00     0.00     0.00        -0.00         0.00        -0.00         0.00         0.00         0.00             0.00
       (H3, O2, H1)    -0.00    -0.00     0.00    -0.00    -0.00         0.00        -0.00        -0.00         0.00         0.00         0.00             0.00
       (H4, O2, O1)     0.00     0.00    -0.00     0.00     0.00        -0.00         0.00        -0.00        -0.00        -0.00         0.00             0.00
       (H3, O2, H4)    -0.00    -0.00     0.00    -0.00    -0.00        -0.00        -0.00         0.00         0.00         0.00        -0.00            -0.00
       (H1, O1, H2)     0.00     0.00    -0.00    -0.00     0.00         0.00        -0.00         0.00         0.00         0.00        -0.00            -0.00
       (O1, H1, O2)    -0.00    -0.00     0.00    -0.00     0.00         0.00        -0.00         0.00         0.00         0.00        -0.00             0.00
       (O1, H1, O2)     0.00    -0.00    -0.00     0.00     0.00         0.00         0.00        -0.00        -0.00        -0.00         0.00             0.00
   (H2, O1, O2, H4)    -0.00     0.00    -0.00     0.00     0.00         0.00         0.00        -0.00        -0.00         0.00         0.00             0.00

Kinetic energy distribution matrix (normalization check: 1.0)

Internal Coordinate (H1, O2) (O2, H3) (O2, H4) (O1, H1) (O1, H2) (H3, O2, H1) (H4, O2, O1) (H3, O2, H4) (H1, O1, H2) (O1, H1, O2) (O1, H1, O2) (H2, O1, O2, H4)
           (H1, O2)     0.00     0.00    -0.00    -0.00     0.00        -0.00         0.00        -0.00         0.00        -0.00         0.00            -0.00
           (O2, H3)     0.00     0.61     0.03    -0.00    -0.00         0.00         0.00         0.00        -0.00         0.00        -0.00             0.00
           (O2, H4)    -0.00     0.03     0.61     0.00     0.00         0.00         0.00        -0.00         0.00        -0.00         0.00             0.00
           (O1, H1)    -0.00    -0.00     0.00     0.00    -0.00         0.00        -0.00         0.00        -0.00         0.00        -0.00             0.00
           (O1, H2)     0.00    -0.00     0.00    -0.00     0.00         0.00        -0.00        -0.00        -0.00        -0.00        -0.00             0.00
       (H3, O2, H1)    -0.00     0.00     0.00     0.00     0.00         0.00        -0.00         0.00         0.00        -0.00        -0.00            -0.00
       (H4, O2, O1)     0.00     0.00     0.00    -0.00    -0.00        -0.00         0.00        -0.00        -0.00         0.00         0.00             0.00
       (H3, O2, H4)    -0.00     0.00    -0.00     0.00    -0.00         0.00        -0.00         0.00        -0.00        -0.00        -0.00            -0.00
       (H1, O1, H2)     0.00    -0.00     0.00    -0.00    -0.00         0.00        -0.00        -0.00         0.00        -0.00         0.00            -0.00
       (O1, H1, O2)    -0.00     0.00    -0.00     0.00    -0.00        -0.00         0.00        -0.00        -0.00         0.00         0.00             0.00
       (O1, H1, O2)     0.00    -0.00     0.00    -0.00    -0.00        -0.00         0.00        -0.00         0.00         0.00         0.00             0.00
   (H2, O1, O2, H4)    -0.00     0.00     0.00     0.00     0.00        -0.00         0.00        -0.00        -0.00         0.00         0.00             0.00

Total energy distribution matrix (normalization check: 1.0)

Internal Coordinate (H1, O2) (O2, H3) (O2, H4) (O1, H1) (O1, H2) (H3, O2, H1) (H4, O2, O1) (H3, O2, H4) (H1, O1, H2) (O1, H1, O2) (O1, H1, O2) (H2, O1, O2, H4)
           (H1, O2)     0.00     0.00    -0.00    -0.00     0.00        -0.00         0.00        -0.00         0.00        -0.00         0.00            -0.00
           (O2, H3)     0.00     0.55     0.02    -0.00    -0.00         0.00         0.00         0.00        -0.00         0.00        -0.00             0.00
           (O2, H4)    -0.00     0.02     0.55     0.00     0.00         0.00         0.00        -0.00         0.00        -0.00         0.00             0.00
           (O1, H1)    -0.00    -0.00     0.00     0.00    -0.00         0.00        -0.00         0.00        -0.00         0.00        -0.00             0.00
           (O1, H2)     0.00    -0.00     0.00    -0.00     0.00         0.00        -0.00        -0.00        -0.00        -0.00        -0.00             0.00
       (H3, O2, H1)    -0.00     0.00     0.00     0.00     0.00         0.00        -0.00         0.00         0.00        -0.00        -0.00            -0.00
       (H4, O2, O1)     0.00     0.00     0.00    -0.00    -0.00        -0.00         0.00        -0.00        -0.00         0.00         0.00             0.00
       (H3, O2, H4)    -0.00     0.00    -0.00     0.00    -0.00         0.00        -0.00         0.00        -0.00        -0.00        -0.00            -0.00
       (H1, O1, H2)     0.00    -0.00     0.00    -0.00    -0.00         0.00        -0.00        -0.00         0.00        -0.00         0.00            -0.00
       (O1, H1, O2)    -0.00     0.00    -0.00     0.00    -0.00        -0.00         0.00        -0.00        -0.00         0.00         0.00             0.00
       (O1, H1, O2)     0.00    -0.00     0.00    -0.00    -0.00        -0.00         0.00        -0.00         0.00         0.00         0.00             0.00
   (H2, O1, O2, H4)    -0.00     0.00     0.00     0.00     0.00        -0.00         0.00        -0.00        -0.00         0.00         0.00             0.00

