 .__   __.   ______   .___  ___.   ______    _______   _______   ______   ______      .______   ____    ____ 
 |  \ |  |  /  __  \  |   \/   |  /  __  \  |       \ |   ____| /      | /  __  \     |   _  \  \   \  /   / 
 |   \|  | |  |  |  | |  \  /  | |  |  |  | |  .--.  ||  |__   |  ,----'|  |  |  |    |  |_)  |  \   \/   /  
 |  . `  | |  |  |  | |  |\/|  | |  |  |  | |  |  |  ||   __|  |  |     |  |  |  |    |   ___/    \_    _/   
 |  |\   | |  `--'  | |  |  |  | |  `--'  | |  '--'  ||  |____ |  `----.|  `--'  |  __|  |          |  |     
 |__| \__|  \______/  |__|  |__|  \______/  |_______/ |_______| \______| \______/  (__) _|          |__|     
                                                                                                             


**************************************************************************************************************
                                  Kemal Önen, Dennis F. Dinu, Klaus R. Liedl                                  
                                      Liedl Lab, University of Innsbruck                                      
**************************************************************************************************************

Planar submolecule(s) detected. Out-of-plane angles will be used for the central atoms of the planar subunits 

The detected point group is Cs
The following equivalent atoms were found: [['O'], ['H1'], ['H2'], ['H3', 'H4'], ['C2'], ['C1']] 

The following primitive internals (bonds, (in-plane) angles, linear valence angles, out-of-plane angles and torsions) were generated:
bonds: [('C2', 'H2'), ('C2', 'H4'), ('C1', 'H1'), ('O', 'C1'), ('C2', 'H3'), ('C1', 'C2')]
in-plane angles: [('O', 'C1', 'H1'), ('O', 'C1', 'C2'), ('H1', 'C1', 'C2'), ('C1', 'C2', 'H2'), ('C1', 'C2', 'H3'),
 ('C1', 'C2', 'H4'), ('H2', 'C2', 'H3'), ('H2', 'C2', 'H4'), ('H3', 'C2', 'H4')]
linear valence-angles: []
out-of-plane angles: []
dihedrals: [('O', 'C1', 'C2', 'H2'), ('O', 'C1', 'C2', 'H3'), ('O', 'C1', 'C2', 'H4'), ('H1', 'C1', 'C2', 'H2'),
 ('H1', 'C1', 'C2', 'H3'), ('H1', 'C1', 'C2', 'H4'), ('H4', 'C2', 'C1', 'H1'), ('H2', 'C2', 'C1', 'H1'),
 ('H2', 'C2', 'C1', 'O'), ('H4', 'C2', 'C1', 'O'), ('H3', 'C2', 'C1', 'O'), ('H3', 'C2', 'C1', 'H1')]

15 internal coordinates are at least needed for the decomposition scheme.

