 .__   __.   ______   .___  ___.   ______    _______   _______   ______   ______      .______   ____    ____ 
 |  \ |  |  /  __  \  |   \/   |  /  __  \  |       \ |   ____| /      | /  __  \     |   _  \  \   \  /   / 
 |   \|  | |  |  |  | |  \  /  | |  |  |  | |  .--.  ||  |__   |  ,----'|  |  |  |    |  |_)  |  \   \/   /  
 |  . `  | |  |  |  | |  |\/|  | |  |  |  | |  |  |  ||   __|  |  |     |  |  |  |    |   ___/    \_    _/   
 |  |\   | |  `--'  | |  |  |  | |  `--'  | |  '--'  ||  |____ |  `----.|  `--'  |  __|  |          |  |     
 |__| \__|  \______/  |__|  |__|  \______/  |_______/ |_______| \______| \______/  (__) _|          |__|     
                                                                                                             


**************************************************************************************************************
                                  Kemal Önen, Dennis F. Dinu, Klaus R. Liedl                                  
                                      Liedl Lab, University of Innsbruck                                      
**************************************************************************************************************

Non-planar system detected. Therefore out-of-plane angles are NOT used in your analysis. Note that out-of-plane angles tend to perform worse
than the other internal coordinates in terms of computational cost and in the decomposition. However they can be
useful for planar systems.

The detected point group is Cs
The following equivalent atoms were found: [['O1'], ['O4'], ['H2'], ['H3'], ['H6'], ['D5']] 

The following primitive internals (bonds, (in-plane) angles, linear valence angles, out-of-plane angles and torsions) were generated:
bonds: [('O1', 'H3'), ('O1', 'H2'), ('H2', 'O4'), ('O4', 'D5'), ('O4', 'H6')]
in-plane angles: [('H2', 'O1', 'H3'), ('D5', 'O4', 'H6'), ('H2', 'O4', 'H6'), ('H2', 'O4', 'D5')]
linear valence-angles: [('O1', 'H2', 'O4'), ('O1', 'H2', 'O4')]
out-of-plane angles: []
dihedrals: [('O1', 'H2', 'O4', 'H6'), ('O1', 'H2', 'O4', 'D5'), ('H3', 'O1', 'H2', 'O4')]

12 internal coordinates are at least needed for the decomposition scheme.


-------------------------------- Initialization of an internal coordinate set --------------------------------

The following 12 Internal Coordinates are used in your analysis:
bonds: [('H2', 'O4'), ('O4', 'D5'), ('O4', 'H6'), ('O1', 'H2'), ('O1', 'H3')]
in-plane angles: [('H2', 'O4', 'H6'), ('H2', 'O4', 'D5'), ('D5', 'O4', 'H6'), ('H2', 'O1', 'H3')]
linear valence-angles: [('O1', 'H2', 'O4'), ('O1', 'H2', 'O4')]
out-of-plane angles: []
dihedrals: [('H3', 'O1', 'O4', 'D5')]


-------------------------- Results of the Decomposition Scheme ---------------------------

1.) Intrinsic Frequencies for all normal-coordinate frequencies and
    vibrational distribution matrix (exact approximation) at the following
    harmonic frequencies (all frequency values in cm-1):

Internal Coordinate Intrinsic Frequencies    98   121   142   170   327   593  1534  1779  3041  4100  4186  4214
           (H2, O4)                291.91  0.01  0.01  0.00  0.99 -0.00 -0.00  0.00 -0.00 -0.00  0.00 -0.00  0.00
           (O4, D5)               3044.92 -0.00  0.00 -0.00  0.00 -0.00  0.00 -0.00  0.00  1.00  0.00  0.00  0.00
           (O4, H6)               4184.73 -0.00 -0.00  0.00 -0.00 -0.00 -0.00 -0.00  0.00  0.00  0.00  0.99  0.01
           (O1, H2)               4113.14 -0.00 -0.00 -0.00  0.00  0.00  0.00  0.00 -0.00  0.00  0.82  0.00  0.17
           (O1, H3)               4194.56  0.00  0.00  0.00  0.00  0.00  0.00  0.00 -0.00 -0.00  0.17  0.01  0.82
       (H2, O4, H6)                350.32  0.05  0.14  0.41 -0.00  0.23  0.18  0.01  0.00  0.00  0.00 -0.00 -0.00
       (H2, O4, D5)                311.31  0.57  0.09 -0.01 -0.00  0.18  0.17  0.00  0.00 -0.00  0.00  0.00 -0.00
       (D5, O4, H6)               1522.32  0.00  0.00  0.00  0.00  0.00  0.00  0.99  0.00 -0.00  0.00 -0.00 -0.00
       (H2, O1, H3)               1728.02  0.00  0.00  0.00  0.00  0.05  0.00  0.00  0.94 -0.00 -0.00  0.00  0.00
       (O1, H2, O4)                480.89 -0.00  0.20  0.21  0.01  0.42  0.12 -0.00  0.04 -0.00  0.00 -0.00  0.00
       (O1, H2, O4)                476.89  0.34 -0.00  0.00  0.01  0.13  0.52  0.00  0.01  0.00  0.00  0.00  0.00
   (H3, O1, O4, D5)                137.42  0.04  0.56  0.37 -0.00 -0.00  0.01 -0.00 -0.00  0.00 -0.00  0.00 -0.00

Check if matrix is normalized: 1.0

2.) Intrinsic Frequencies for all normal-coordinate frequencies and
    diagonal elements of the PED matrix at the following
    harmonic frequencies (all frequency values in cm-1):

Internal Coordinate Intrinsic Frequencies   98  121  142  170  327  593 1534 1779 3041 4100 4186 4214
           (H2, O4)                291.91 0.00 0.00 0.00 1.00 0.01 0.00 0.00 0.00 0.00 0.01 0.00 0.00
           (O4, D5)               3044.92 0.00 0.00 0.00 0.00 0.00 0.00 0.00 0.00 1.00 0.00 0.00 0.00
           (O4, H6)               4184.73 0.00 0.00 0.00 0.00 0.00 0.00 0.01 0.00 0.00 0.00 0.99 0.01
           (O1, H2)               4113.14 0.00 0.00 0.00 0.00 0.00 0.00 0.00 0.01 0.00 0.83 0.00 0.17
           (O1, H3)               4194.56 0.00 0.00 0.00 0.00 0.00 0.00 0.00 0.01 0.00 0.17 0.01 0.82
       (H2, O4, H6)                350.32 0.39 0.48 0.78 0.01 0.15 0.08 0.01 0.00 0.00 0.00 0.00 0.00
       (H2, O4, D5)                311.31 1.71 0.24 0.00 0.03 0.10 0.07 0.00 0.00 0.00 0.00 0.00 0.00
       (D5, O4, H6)               1522.32 0.00 0.01 0.00 0.00 0.00 0.00 1.00 0.00 0.00 0.00 0.00 0.00
       (H2, O1, H3)               1728.02 0.00 0.02 0.01 0.00 0.09 0.00 0.00 0.93 0.00 0.00 0.00 0.00
       (O1, H2, O4)                480.89 0.02 0.77 0.49 0.01 0.33 0.06 0.00 0.02 0.00 0.00 0.00 0.00
       (O1, H2, O4)                476.89 1.95 0.00 0.00 0.01 0.13 0.34 0.00 0.00 0.00 0.00 0.00 0.00
   (H3, O1, O4, D5)                137.42 0.05 0.88 0.29 0.00 0.00 0.00 0.00 0.00 0.00 0.00 0.00 0.00

3.) Intrinsic Frequencies for all normal-coordinate frequencies and
    contribution table calculated from the diagonal elements of the PED at the following
    harmonic frequencies (all frequency values in cm-1):

Internal Coordinate Intrinsic Frequencies    98   121   142   170   327   593  1534  1779  3041  4100  4186  4214
           (H2, O4)                291.91  0.09  0.14  0.16 94.50  1.13  0.00  0.03  0.00  0.00  1.19  0.00  0.23
           (O4, D5)               3044.92  0.02  0.02  0.00  0.00  0.03  0.00  0.45  0.00 99.71  0.00  0.19  0.00
           (O4, H6)               4184.73  0.00  0.03  0.05  0.00  0.04  0.01  0.55  0.00  0.26  0.26 98.95  0.60
           (O1, H2)               4113.14  0.00  0.00  0.00  0.07  0.02  0.00  0.01  0.60  0.00 81.65  0.02 17.34
           (O1, H3)               4194.56  0.00  0.00  0.00  0.00  0.08  0.00  0.00  0.84  0.00 16.91  0.84 81.84
       (H2, O4, H6)                350.32  9.37 19.97 49.13  0.56 18.18 14.92  0.72  0.08  0.00  0.00  0.00  0.00
       (H2, O4, D5)                311.31 41.34  9.84  0.23  2.50 12.02 12.32  0.20  0.07  0.00  0.00  0.00  0.00
       (D5, O4, H6)               1522.32  0.02  0.27  0.16  0.35  0.36  0.28 97.93  0.02  0.02  0.00  0.00  0.00
       (H2, O1, H3)               1728.02  0.09  0.85  0.88  0.01 10.60  0.01  0.04 95.73  0.00  0.00  0.00  0.00
       (O1, H2, O4)                480.89  0.60 32.21 30.80  0.67 41.28 10.96  0.00  2.17  0.00  0.00  0.00  0.00
       (O1, H2, O4)                476.89 47.14  0.06  0.18  1.25 15.90 61.25  0.00  0.49  0.00  0.00  0.00  0.00
   (H3, O1, O4, D5)                137.42  1.32 36.61 18.41  0.07  0.36  0.24  0.08  0.00  0.00  0.00  0.00  0.00

----- Extended Results: Exact PED, KED and TED analysis per mode -----

Normal mode at the following harmonic frequency: 98 cm-1

Potential energy distribution matrix (normalization check: 1.0)

Internal Coordinate (H2, O4) (O4, D5) (O4, H6) (O1, H2) (O1, H3) (H2, O4, H6) (H2, O4, D5) (D5, O4, H6) (H2, O1, H3) (O1, H2, O4) (O1, H2, O4) (H3, O1, O4, D5)
           (H2, O4)     0.00    -0.00     0.00    -0.00    -0.00        -0.00         0.01         0.00        -0.00         0.00        -0.00            -0.00
           (O4, D5)    -0.00     0.00     0.00    -0.00    -0.00         0.00        -0.00        -0.00         0.00        -0.00         0.00            -0.00
           (O4, H6)     0.00     0.00     0.00     0.00     0.00        -0.00         0.00         0.00        -0.00         0.00         0.00             0.00
           (O1, H2)    -0.00    -0.00     0.00     0.00     0.00        -0.00         0.00         0.00         0.00         0.00        -0.00             0.00
           (O1, H3)    -0.00    -0.00     0.00     0.00     0.00        -0.00         0.00         0.00        -0.00        -0.00         0.00             0.00
       (H2, O4, H6)    -0.00     0.00    -0.00    -0.00    -0.00         0.39        -0.01         0.00        -0.00        -0.06        -0.27             0.00
       (H2, O4, D5)     0.01    -0.00     0.00     0.00     0.00        -0.01         1.71         0.00         0.00         0.01        -1.25             0.10
       (D5, O4, H6)     0.00    -0.00     0.00     0.00     0.00         0.00         0.00         0.00         0.00         0.00        -0.00             0.00
       (H2, O1, H3)    -0.00     0.00    -0.00     0.00    -0.00        -0.00         0.00         0.00         0.00         0.00        -0.01             0.00
       (O1, H2, O4)     0.00    -0.00     0.00     0.00    -0.00        -0.06         0.01         0.00         0.00         0.02         0.02            -0.01
       (O1, H2, O4)    -0.00     0.00     0.00    -0.00     0.00        -0.27        -1.25        -0.00        -0.01         0.02         1.95            -0.11
   (H3, O1, O4, D5)    -0.00    -0.00     0.00     0.00     0.00         0.00         0.10         0.00         0.00        -0.01        -0.11             0.05

Kinetic energy distribution matrix (normalization check: 1.0)

Internal Coordinate (H2, O4) (O4, D5) (O4, H6) (O1, H2) (O1, H3) (H2, O4, H6) (H2, O4, D5) (D5, O4, H6) (H2, O1, H3) (O1, H2, O4) (O1, H2, O4) (H3, O1, O4, D5)
           (H2, O4)     0.00    -0.00     0.00    -0.00     0.00        -0.00         0.00         0.00        -0.00         0.00         0.00            -0.00
           (O4, D5)    -0.00     0.00     0.00     0.00     0.00         0.00         0.00         0.00        -0.00         0.00        -0.00             0.00
           (O4, H6)     0.00     0.00     0.00    -0.00    -0.00         0.00         0.00        -0.00         0.00        -0.00         0.00             0.00
           (O1, H2)    -0.00     0.00    -0.00     0.00    -0.00         0.00        -0.00        -0.00         0.00        -0.00        -0.00             0.00
           (O1, H3)     0.00     0.00    -0.00    -0.00     0.00         0.00        -0.00         0.00         0.00         0.00        -0.00             0.00
       (H2, O4, H6)    -0.00     0.00     0.00     0.00     0.00         0.09        -0.05        -0.00        -0.00         0.01         0.02            -0.01
       (H2, O4, D5)     0.00     0.00     0.00    -0.00    -0.00        -0.05         0.53         0.00         0.00        -0.01         0.16             0.02
       (D5, O4, H6)     0.00     0.00    -0.00    -0.00     0.00        -0.00         0.00         0.00        -0.00        -0.00         0.00             0.00
       (H2, O1, H3)    -0.00    -0.00     0.00     0.00     0.00        -0.00         0.00        -0.00         0.00        -0.00         0.00             0.00
       (O1, H2, O4)     0.00     0.00    -0.00    -0.00     0.00         0.01        -0.01        -0.00        -0.00         0.00        -0.00            -0.00
       (O1, H2, O4)     0.00    -0.00     0.00    -0.00    -0.00         0.02         0.16         0.00         0.00        -0.00         0.21            -0.00
   (H3, O1, O4, D5)    -0.00     0.00     0.00     0.00     0.00        -0.01         0.02         0.00         0.00        -0.00        -0.00             0.03

Total energy distribution matrix (normalization check: 1.0)

Internal Coordinate (H2, O4) (O4, D5) (O4, H6) (O1, H2) (O1, H3) (H2, O4, H6) (H2, O4, D5) (D5, O4, H6) (H2, O1, H3) (O1, H2, O4) (O1, H2, O4) (H3, O1, O4, D5)
           (H2, O4)     0.00    -0.00     0.00    -0.00    -0.00        -0.00         0.01         0.00        -0.00         0.00        -0.00            -0.00
           (O4, D5)    -0.00     0.00     0.00    -0.00    -0.00         0.00        -0.00        -0.00         0.00        -0.00         0.00             0.00
           (O4, H6)     0.00     0.00     0.00     0.00     0.00        -0.00         0.00         0.00        -0.00         0.00         0.00             0.00
           (O1, H2)    -0.00    -0.00     0.00     0.00     0.00         0.00        -0.00         0.00         0.00         0.00        -0.00             0.00
           (O1, H3)    -0.00    -0.00     0.00     0.00     0.00        -0.00         0.00         0.00        -0.00        -0.00         0.00             0.00
       (H2, O4, H6)    -0.00     0.00    -0.00     0.00    -0.00         0.24        -0.03        -0.00        -0.00        -0.02        -0.12            -0.01
       (H2, O4, D5)     0.01    -0.00     0.00    -0.00     0.00        -0.03         1.12         0.00         0.00         0.00        -0.54             0.06
       (D5, O4, H6)     0.00    -0.00     0.00     0.00     0.00        -0.00         0.00         0.00         0.00         0.00        -0.00             0.00
       (H2, O1, H3)    -0.00     0.00    -0.00     0.00    -0.00        -0.00         0.00         0.00         0.00         0.00        -0.00             0.00
       (O1, H2, O4)     0.00    -0.00     0.00     0.00    -0.00        -0.02         0.00         0.00         0.00         0.01         0.01            -0.00
       (O1, H2, O4)    -0.00     0.00     0.00    -0.00     0.00        -0.12        -0.54        -0.00        -0.00         0.01         1.08            -0.06
   (H3, O1, O4, D5)    -0.00     0.00     0.00     0.00     0.00        -0.01         0.06         0.00         0.00        -0.00        -0.06             0.04

----- Extended Results: Exact PED, KED and TED analysis per mode -----

Normal mode at the following harmonic frequency: 121 cm-1

Potential energy distribution matrix (normalization check: 1.0)

Internal Coordinate (H2, O4) (O4, D5) (O4, H6) (O1, H2) (O1, H3) (H2, O4, H6) (H2, O4, D5) (D5, O4, H6) (H2, O1, H3) (O1, H2, O4) (O1, H2, O4) (H3, O1, O4, D5)
           (H2, O4)     0.00    -0.00    -0.00    -0.00    -0.00         0.00         0.00         0.00        -0.00        -0.00         0.00             0.00
           (O4, D5)    -0.00     0.00    -0.00    -0.00    -0.00        -0.00        -0.00        -0.00         0.00         0.00        -0.00             0.00
           (O4, H6)    -0.00    -0.00     0.00    -0.00    -0.00        -0.00        -0.00        -0.00         0.00         0.00         0.00             0.00
           (O1, H2)    -0.00    -0.00    -0.00     0.00     0.00         0.00         0.00         0.00         0.00        -0.00         0.00            -0.00
           (O1, H3)    -0.00    -0.00    -0.00     0.00     0.00         0.00         0.00         0.00        -0.00         0.00        -0.00            -0.00
       (H2, O4, H6)     0.00    -0.00    -0.00     0.00     0.00         0.48         0.01        -0.00         0.00        -0.35        -0.01             0.01
       (H2, O4, D5)     0.00    -0.00    -0.00     0.00     0.00         0.01         0.24         0.00         0.00        -0.03         0.01            -0.14
       (D5, O4, H6)     0.00    -0.00    -0.00     0.00     0.00        -0.00         0.00         0.01         0.00        -0.00         0.00            -0.00
       (H2, O1, H3)    -0.00     0.00     0.00     0.00    -0.00         0.00         0.00         0.00         0.02        -0.02         0.00            -0.00
       (O1, H2, O4)    -0.00     0.00     0.00    -0.00     0.00        -0.35        -0.03        -0.00        -0.02         0.77         0.00            -0.17
       (O1, H2, O4)     0.00    -0.00     0.00     0.00    -0.00        -0.01         0.01         0.00         0.00         0.00         0.00            -0.01
   (H3, O1, O4, D5)     0.00     0.00     0.00    -0.00    -0.00         0.01        -0.14        -0.00        -0.00        -0.17        -0.01             0.88

Kinetic energy distribution matrix (normalization check: 1.0)

Internal Coordinate (H2, O4) (O4, D5) (O4, H6) (O1, H2) (O1, H3) (H2, O4, H6) (H2, O4, D5) (D5, O4, H6) (H2, O1, H3) (O1, H2, O4) (O1, H2, O4) (H3, O1, O4, D5)
           (H2, O4)     0.00    -0.00    -0.00    -0.00     0.00         0.00         0.00         0.00        -0.00        -0.00        -0.00             0.00
           (O4, D5)    -0.00     0.00    -0.00     0.00     0.00        -0.00         0.00         0.00        -0.00        -0.00         0.00            -0.00
           (O4, H6)    -0.00    -0.00     0.00     0.00     0.00         0.00        -0.00         0.00        -0.00        -0.00         0.00             0.00
           (O1, H2)    -0.00     0.00     0.00     0.00    -0.00        -0.00        -0.00        -0.00         0.00         0.00         0.00            -0.00
           (O1, H3)     0.00     0.00     0.00    -0.00     0.00        -0.00        -0.00         0.00         0.00        -0.00         0.00            -0.00
       (H2, O4, H6)     0.00    -0.00     0.00    -0.00    -0.00         0.17         0.03         0.00         0.00         0.06         0.00            -0.08
       (H2, O4, D5)     0.00     0.00    -0.00    -0.00    -0.00         0.03         0.11         0.00         0.00         0.02        -0.00            -0.04
       (D5, O4, H6)     0.00     0.00     0.00    -0.00     0.00         0.00         0.00         0.00        -0.00         0.00        -0.00            -0.00
       (H2, O1, H3)    -0.00    -0.00    -0.00     0.00     0.00         0.00         0.00        -0.00         0.00         0.00        -0.00            -0.00
       (O1, H2, O4)    -0.00    -0.00    -0.00     0.00    -0.00         0.06         0.02         0.00         0.00         0.18        -0.00            -0.04
       (O1, H2, O4)    -0.00     0.00     0.00     0.00     0.00         0.00        -0.00        -0.00        -0.00        -0.00         0.00            -0.00
   (H3, O1, O4, D5)     0.00    -0.00     0.00    -0.00    -0.00        -0.08        -0.04        -0.00        -0.00        -0.04        -0.00             0.81

Total energy distribution matrix (normalization check: 1.0)

Internal Coordinate (H2, O4) (O4, D5) (O4, H6) (O1, H2) (O1, H3) (H2, O4, H6) (H2, O4, D5) (D5, O4, H6) (H2, O1, H3) (O1, H2, O4) (O1, H2, O4) (H3, O1, O4, D5)
           (H2, O4)     0.00    -0.00    -0.00    -0.00    -0.00         0.00         0.00         0.00        -0.00        -0.00         0.00             0.00
           (O4, D5)    -0.00     0.00    -0.00    -0.00    -0.00        -0.00        -0.00        -0.00         0.00         0.00        -0.00            -0.00
           (O4, H6)    -0.00    -0.00     0.00    -0.00    -0.00        -0.00        -0.00        -0.00         0.00         0.00         0.00             0.00
           (O1, H2)    -0.00    -0.00    -0.00     0.00     0.00        -0.00        -0.00         0.00         0.00        -0.00         0.00            -0.00
           (O1, H3)    -0.00    -0.00    -0.00     0.00     0.00         0.00         0.00         0.00        -0.00         0.00        -0.00            -0.00
       (H2, O4, H6)     0.00    -0.00    -0.00    -0.00     0.00         0.32         0.02         0.00         0.00        -0.14        -0.00            -0.04
       (H2, O4, D5)     0.00    -0.00    -0.00    -0.00     0.00         0.02         0.17         0.00         0.00        -0.00         0.01            -0.09
       (D5, O4, H6)     0.00    -0.00    -0.00     0.00     0.00         0.00         0.00         0.00         0.00        -0.00         0.00            -0.00
       (H2, O1, H3)    -0.00     0.00     0.00     0.00    -0.00         0.00         0.00         0.00         0.01        -0.01         0.00            -0.00
       (O1, H2, O4)    -0.00     0.00     0.00    -0.00     0.00        -0.14        -0.00        -0.00        -0.01         0.48         0.00            -0.10
       (O1, H2, O4)     0.00    -0.00     0.00     0.00    -0.00        -0.00         0.01         0.00         0.00         0.00         0.00            -0.01
   (H3, O1, O4, D5)     0.00    -0.00     0.00    -0.00    -0.00        -0.04        -0.09        -0.00        -0.00        -0.10        -0.01             0.84

----- Extended Results: Exact PED, KED and TED analysis per mode -----

Normal mode at the following harmonic frequency: 142 cm-1

Potential energy distribution matrix (normalization check: 1.0)

Internal Coordinate (H2, O4) (O4, D5) (O4, H6) (O1, H2) (O1, H3) (H2, O4, H6) (H2, O4, D5) (D5, O4, H6) (H2, O1, H3) (O1, H2, O4) (O1, H2, O4) (H3, O1, O4, D5)
           (H2, O4)     0.00    -0.00    -0.00    -0.00    -0.00         0.00        -0.00         0.00        -0.00        -0.00         0.00            -0.00
           (O4, D5)    -0.00     0.00    -0.00    -0.00    -0.00        -0.00         0.00        -0.00         0.00         0.00        -0.00            -0.00
           (O4, H6)    -0.00    -0.00     0.00    -0.00    -0.00        -0.00         0.00        -0.00         0.00         0.00         0.00            -0.00
           (O1, H2)    -0.00    -0.00    -0.00     0.00     0.00         0.00        -0.00         0.00         0.00        -0.00         0.00             0.00
           (O1, H3)    -0.00    -0.00    -0.00     0.00     0.00         0.00        -0.00         0.00        -0.00         0.00        -0.00             0.00
       (H2, O4, H6)     0.00    -0.00    -0.00     0.00     0.00         0.78        -0.00        -0.00         0.00        -0.35        -0.01            -0.00
       (H2, O4, D5)    -0.00     0.00     0.00    -0.00    -0.00        -0.00         0.00        -0.00        -0.00         0.00        -0.00            -0.01
       (D5, O4, H6)     0.00    -0.00    -0.00     0.00     0.00        -0.00        -0.00         0.00         0.00        -0.00         0.00             0.00
       (H2, O1, H3)    -0.00     0.00     0.00     0.00    -0.00         0.00        -0.00         0.00         0.01        -0.01         0.00             0.00
       (O1, H2, O4)    -0.00     0.00     0.00    -0.00     0.00        -0.35         0.00        -0.00        -0.01         0.49         0.00             0.08
       (O1, H2, O4)     0.00    -0.00     0.00     0.00    -0.00        -0.01        -0.00         0.00         0.00         0.00         0.00             0.01
   (H3, O1, O4, D5)    -0.00    -0.00    -0.00     0.00     0.00        -0.00        -0.01         0.00         0.00         0.08         0.01             0.29

Kinetic energy distribution matrix (normalization check: 1.0)

Internal Coordinate (H2, O4) (O4, D5) (O4, H6) (O1, H2) (O1, H3) (H2, O4, H6) (H2, O4, D5) (D5, O4, H6) (H2, O1, H3) (O1, H2, O4) (O1, H2, O4) (H3, O1, O4, D5)
           (H2, O4)     0.00    -0.00    -0.00    -0.00     0.00         0.00        -0.00         0.00        -0.00        -0.00        -0.00            -0.00
           (O4, D5)    -0.00     0.00    -0.00     0.00     0.00        -0.00        -0.00         0.00        -0.00        -0.00         0.00             0.00
           (O4, H6)    -0.00    -0.00     0.00     0.00     0.00         0.00         0.00         0.00        -0.00        -0.00         0.00            -0.00
           (O1, H2)    -0.00     0.00     0.00     0.00    -0.00        -0.00         0.00        -0.00         0.00         0.00         0.00             0.00
           (O1, H3)     0.00     0.00     0.00    -0.00     0.00        -0.00         0.00         0.00         0.00        -0.00         0.00             0.00
       (H2, O4, H6)     0.00    -0.00     0.00    -0.00    -0.00         0.38        -0.01         0.00         0.00         0.08         0.00             0.08
       (H2, O4, D5)    -0.00    -0.00     0.00     0.00     0.00        -0.01         0.00        -0.00        -0.00        -0.00         0.00            -0.00
       (D5, O4, H6)     0.00     0.00     0.00    -0.00     0.00         0.00        -0.00         0.00        -0.00         0.00        -0.00             0.00
       (H2, O1, H3)    -0.00    -0.00    -0.00     0.00     0.00         0.00        -0.00        -0.00         0.00         0.00        -0.00             0.00
       (O1, H2, O4)    -0.00    -0.00    -0.00     0.00    -0.00         0.08        -0.00         0.00         0.00         0.15        -0.00             0.02
       (O1, H2, O4)    -0.00     0.00     0.00     0.00     0.00         0.00         0.00        -0.00        -0.00        -0.00         0.00             0.00
   (H3, O1, O4, D5)    -0.00     0.00    -0.00     0.00     0.00         0.08        -0.00         0.00         0.00         0.02         0.00             0.37

Total energy distribution matrix (normalization check: 1.0)

Internal Coordinate (H2, O4) (O4, D5) (O4, H6) (O1, H2) (O1, H3) (H2, O4, H6) (H2, O4, D5) (D5, O4, H6) (H2, O1, H3) (O1, H2, O4) (O1, H2, O4) (H3, O1, O4, D5)
           (H2, O4)     0.00    -0.00    -0.00    -0.00    -0.00         0.00        -0.00         0.00        -0.00        -0.00         0.00            -0.00
           (O4, D5)    -0.00     0.00    -0.00    -0.00    -0.00        -0.00         0.00        -0.00         0.00         0.00        -0.00             0.00
           (O4, H6)    -0.00    -0.00     0.00    -0.00    -0.00        -0.00         0.00        -0.00        -0.00         0.00         0.00            -0.00
           (O1, H2)    -0.00    -0.00    -0.00     0.00     0.00        -0.00         0.00         0.00         0.00        -0.00         0.00             0.00
           (O1, H3)    -0.00    -0.00    -0.00     0.00     0.00         0.00        -0.00         0.00        -0.00         0.00        -0.00             0.00
       (H2, O4, H6)     0.00    -0.00    -0.00    -0.00     0.00         0.58        -0.00         0.00         0.00        -0.13        -0.01             0.04
       (H2, O4, D5)    -0.00     0.00     0.00     0.00    -0.00        -0.00         0.00        -0.00        -0.00         0.00        -0.00            -0.01
       (D5, O4, H6)     0.00    -0.00    -0.00     0.00     0.00         0.00        -0.00         0.00         0.00        -0.00         0.00             0.00
       (H2, O1, H3)    -0.00     0.00    -0.00     0.00    -0.00         0.00        -0.00         0.00         0.01        -0.00         0.00             0.00
       (O1, H2, O4)    -0.00     0.00     0.00    -0.00     0.00        -0.13         0.00        -0.00        -0.00         0.32         0.00             0.05
       (O1, H2, O4)     0.00    -0.00     0.00     0.00    -0.00        -0.01        -0.00         0.00         0.00         0.00         0.00             0.01
   (H3, O1, O4, D5)    -0.00     0.00    -0.00     0.00     0.00         0.04        -0.01         0.00         0.00         0.05         0.01             0.33

----- Extended Results: Exact PED, KED and TED analysis per mode -----

Normal mode at the following harmonic frequency: 170 cm-1

Potential energy distribution matrix (normalization check: 1.0)

Internal Coordinate (H2, O4) (O4, D5) (O4, H6) (O1, H2) (O1, H3) (H2, O4, H6) (H2, O4, D5) (D5, O4, H6) (H2, O1, H3) (O1, H2, O4) (O1, H2, O4) (H3, O1, O4, D5)
           (H2, O4)     1.00     0.00    -0.00     0.00    -0.00        -0.01        -0.01        -0.00         0.00         0.01         0.00            -0.00
           (O4, D5)     0.00     0.00     0.00    -0.00     0.00        -0.00        -0.00        -0.00         0.00         0.00         0.00             0.00
           (O4, H6)    -0.00     0.00     0.00     0.00    -0.00         0.00         0.00         0.00        -0.00        -0.00         0.00            -0.00
           (O1, H2)     0.00    -0.00     0.00     0.00    -0.00         0.00         0.00         0.00         0.00        -0.00        -0.00            -0.00
           (O1, H3)    -0.00     0.00    -0.00    -0.00     0.00        -0.00        -0.00        -0.00         0.00        -0.00        -0.00             0.00
       (H2, O4, H6)    -0.01    -0.00     0.00     0.00    -0.00         0.01         0.00        -0.00         0.00        -0.00         0.00             0.00
       (H2, O4, D5)    -0.01    -0.00     0.00     0.00    -0.00         0.00         0.03         0.00         0.00        -0.00        -0.01            -0.00
       (D5, O4, H6)    -0.00    -0.00     0.00     0.00    -0.00        -0.00         0.00         0.00         0.00        -0.00        -0.00            -0.00
       (H2, O1, H3)     0.00     0.00    -0.00     0.00     0.00         0.00         0.00         0.00         0.00        -0.00        -0.00            -0.00
       (O1, H2, O4)     0.01     0.00    -0.00    -0.00    -0.00        -0.00        -0.00        -0.00        -0.00         0.01        -0.00            -0.00
       (O1, H2, O4)     0.00     0.00     0.00    -0.00    -0.00         0.00        -0.01        -0.00        -0.00        -0.00         0.01             0.00
   (H3, O1, O4, D5)    -0.00     0.00    -0.00    -0.00     0.00         0.00        -0.00        -0.00        -0.00        -0.00         0.00             0.00

Kinetic energy distribution matrix (normalization check: 1.0)

Internal Coordinate (H2, O4) (O4, D5) (O4, H6) (O1, H2) (O1, H3) (H2, O4, H6) (H2, O4, D5) (D5, O4, H6) (H2, O1, H3) (O1, H2, O4) (O1, H2, O4) (H3, O1, O4, D5)
           (H2, O4)     1.02     0.00    -0.00     0.00     0.00        -0.01        -0.03        -0.00         0.00         0.00        -0.00            -0.00
           (O4, D5)     0.00     0.00     0.00     0.00    -0.00        -0.00         0.00         0.00        -0.00        -0.00        -0.00            -0.00
           (O4, H6)    -0.00     0.00     0.00    -0.00     0.00        -0.00         0.00        -0.00         0.00         0.00         0.00            -0.00
           (O1, H2)     0.00     0.00    -0.00     0.00     0.00        -0.00        -0.00        -0.00         0.00         0.00        -0.00            -0.00
           (O1, H3)     0.00    -0.00     0.00     0.00     0.00         0.00         0.00        -0.00        -0.00         0.00         0.00             0.00
       (H2, O4, H6)    -0.01    -0.00    -0.00    -0.00     0.00         0.00         0.00         0.00         0.00         0.00        -0.00            -0.00
       (H2, O4, D5)    -0.03     0.00     0.00    -0.00     0.00         0.00         0.02         0.00         0.00         0.00         0.00            -0.00
       (D5, O4, H6)    -0.00     0.00    -0.00    -0.00    -0.00         0.00         0.00         0.00        -0.00         0.00         0.00            -0.00
       (H2, O1, H3)     0.00    -0.00     0.00     0.00    -0.00         0.00         0.00        -0.00         0.00         0.00         0.00            -0.00
       (O1, H2, O4)     0.00    -0.00     0.00     0.00     0.00         0.00         0.00         0.00         0.00         0.00         0.00            -0.00
       (O1, H2, O4)    -0.00    -0.00     0.00    -0.00     0.00        -0.00         0.00         0.00         0.00         0.00         0.00             0.00
   (H3, O1, O4, D5)    -0.00    -0.00    -0.00    -0.00     0.00        -0.00        -0.00        -0.00        -0.00        -0.00         0.00             0.00

Total energy distribution matrix (normalization check: 1.0)

Internal Coordinate (H2, O4) (O4, D5) (O4, H6) (O1, H2) (O1, H3) (H2, O4, H6) (H2, O4, D5) (D5, O4, H6) (H2, O1, H3) (O1, H2, O4) (O1, H2, O4) (H3, O1, O4, D5)
           (H2, O4)     1.01     0.00    -0.00     0.00    -0.00        -0.01        -0.02        -0.00         0.00         0.00        -0.00            -0.00
           (O4, D5)     0.00     0.00     0.00    -0.00     0.00        -0.00        -0.00        -0.00         0.00         0.00         0.00            -0.00
           (O4, H6)    -0.00     0.00     0.00     0.00    -0.00         0.00         0.00         0.00         0.00        -0.00         0.00            -0.00
           (O1, H2)     0.00    -0.00     0.00     0.00    -0.00        -0.00        -0.00         0.00         0.00        -0.00        -0.00            -0.00
           (O1, H3)    -0.00     0.00    -0.00    -0.00     0.00         0.00        -0.00        -0.00         0.00        -0.00        -0.00             0.00
       (H2, O4, H6)    -0.01    -0.00     0.00    -0.00     0.00         0.01         0.00         0.00         0.00        -0.00         0.00            -0.00
       (H2, O4, D5)    -0.02    -0.00     0.00    -0.00    -0.00         0.00         0.03         0.00         0.00         0.00        -0.00            -0.00
       (D5, O4, H6)    -0.00    -0.00     0.00     0.00    -0.00         0.00         0.00         0.00         0.00        -0.00        -0.00            -0.00
       (H2, O1, H3)     0.00     0.00     0.00     0.00     0.00         0.00         0.00         0.00         0.00        -0.00        -0.00            -0.00
       (O1, H2, O4)     0.00     0.00    -0.00    -0.00    -0.00        -0.00         0.00        -0.00        -0.00         0.01        -0.00            -0.00
       (O1, H2, O4)    -0.00     0.00     0.00    -0.00    -0.00         0.00        -0.00        -0.00        -0.00        -0.00         0.01             0.00
   (H3, O1, O4, D5)    -0.00    -0.00    -0.00    -0.00     0.00        -0.00        -0.00        -0.00        -0.00        -0.00         0.00             0.00

----- Extended Results: Exact PED, KED and TED analysis per mode -----

Normal mode at the following harmonic frequency: 327 cm-1

Potential energy distribution matrix (normalization check: 1.0)

Internal Coordinate (H2, O4) (O4, D5) (O4, H6) (O1, H2) (O1, H3) (H2, O4, H6) (H2, O4, D5) (D5, O4, H6) (H2, O1, H3) (O1, H2, O4) (O1, H2, O4) (H3, O1, O4, D5)
           (H2, O4)     0.01     0.00     0.00    -0.00    -0.00        -0.00        -0.00        -0.00        -0.00        -0.00        -0.00            -0.00
           (O4, D5)     0.00     0.00    -0.00     0.00     0.00        -0.00        -0.00        -0.00        -0.00        -0.00        -0.00             0.00
           (O4, H6)     0.00    -0.00     0.00     0.00     0.00        -0.00        -0.00        -0.00        -0.00        -0.00         0.00             0.00
           (O1, H2)    -0.00     0.00     0.00     0.00     0.00        -0.00        -0.00        -0.00         0.00        -0.00        -0.00             0.00
           (O1, H3)    -0.00     0.00     0.00     0.00     0.00        -0.00        -0.00        -0.00        -0.00         0.00         0.00             0.00
       (H2, O4, H6)    -0.00    -0.00    -0.00    -0.00    -0.00         0.15         0.00        -0.00        -0.00         0.13        -0.04             0.00
       (H2, O4, D5)    -0.00    -0.00    -0.00    -0.00    -0.00         0.00         0.10         0.00        -0.00         0.01         0.08            -0.01
       (D5, O4, H6)    -0.00    -0.00    -0.00    -0.00    -0.00        -0.00         0.00         0.00        -0.00         0.00         0.00            -0.00
       (H2, O1, H3)    -0.00    -0.00    -0.00     0.00    -0.00        -0.00        -0.00        -0.00         0.09        -0.03        -0.01             0.00
       (O1, H2, O4)    -0.00    -0.00    -0.00    -0.00     0.00         0.13         0.01         0.00        -0.03         0.33        -0.02             0.01
       (O1, H2, O4)    -0.00    -0.00     0.00    -0.00     0.00        -0.04         0.08         0.00        -0.01        -0.02         0.13            -0.01
   (H3, O1, O4, D5)    -0.00     0.00     0.00     0.00     0.00         0.00        -0.01        -0.00         0.00         0.01        -0.01             0.00

Kinetic energy distribution matrix (normalization check: 1.0)

Internal Coordinate (H2, O4) (O4, D5) (O4, H6) (O1, H2) (O1, H3) (H2, O4, H6) (H2, O4, D5) (D5, O4, H6) (H2, O1, H3) (O1, H2, O4) (O1, H2, O4) (H3, O1, O4, D5)
           (H2, O4)     0.03     0.00     0.00    -0.00     0.00        -0.01        -0.02        -0.00        -0.00        -0.01         0.00            -0.00
           (O4, D5)     0.00     0.00    -0.00    -0.00    -0.00        -0.00         0.00         0.00         0.00         0.00         0.00            -0.00
           (O4, H6)     0.00    -0.00     0.00    -0.00    -0.00         0.00        -0.00         0.00         0.00         0.00         0.00             0.00
           (O1, H2)    -0.00    -0.00    -0.00     0.00    -0.00         0.00         0.00         0.00         0.00         0.00        -0.00             0.00
           (O1, H3)     0.00    -0.00    -0.00    -0.00     0.00         0.00         0.00        -0.00         0.00        -0.00        -0.00             0.00
       (H2, O4, H6)    -0.01    -0.00     0.00     0.00     0.00         0.38         0.09         0.01        -0.00        -0.16         0.04            -0.02
       (H2, O4, D5)    -0.02     0.00    -0.00     0.00     0.00         0.09         0.34         0.00        -0.00        -0.05        -0.11            -0.01
       (D5, O4, H6)    -0.00     0.00     0.00     0.00    -0.00         0.01         0.00         0.00         0.00        -0.00        -0.00            -0.00
       (H2, O1, H3)    -0.00     0.00     0.00     0.00     0.00        -0.00        -0.00         0.00         0.01         0.04         0.01             0.00
       (O1, H2, O4)    -0.01     0.00     0.00     0.00    -0.00        -0.16        -0.05        -0.00         0.04         0.56         0.04             0.01
       (O1, H2, O4)     0.00     0.00     0.00    -0.00    -0.00         0.04        -0.11        -0.00         0.01         0.04         0.15            -0.00
   (H3, O1, O4, D5)    -0.00    -0.00     0.00     0.00     0.00        -0.02        -0.01        -0.00         0.00         0.01        -0.00             0.02

Total energy distribution matrix (normalization check: 1.0)

Internal Coordinate (H2, O4) (O4, D5) (O4, H6) (O1, H2) (O1, H3) (H2, O4, H6) (H2, O4, D5) (D5, O4, H6) (H2, O1, H3) (O1, H2, O4) (O1, H2, O4) (H3, O1, O4, D5)
           (H2, O4)     0.02     0.00     0.00    -0.00     0.00        -0.01        -0.01        -0.00        -0.00        -0.01         0.00            -0.00
           (O4, D5)     0.00     0.00    -0.00    -0.00    -0.00        -0.00        -0.00        -0.00         0.00         0.00        -0.00            -0.00
           (O4, H6)     0.00    -0.00     0.00    -0.00    -0.00        -0.00        -0.00        -0.00         0.00        -0.00         0.00             0.00
           (O1, H2)    -0.00    -0.00    -0.00     0.00     0.00         0.00         0.00        -0.00         0.00        -0.00        -0.00             0.00
           (O1, H3)     0.00    -0.00    -0.00     0.00     0.00         0.00         0.00        -0.00        -0.00         0.00         0.00             0.00
       (H2, O4, H6)    -0.01    -0.00    -0.00     0.00     0.00         0.26         0.04         0.00        -0.00        -0.02        -0.00            -0.01
       (H2, O4, D5)    -0.01    -0.00    -0.00     0.00     0.00         0.04         0.22         0.00        -0.00        -0.02        -0.02            -0.01
       (D5, O4, H6)    -0.00    -0.00    -0.00    -0.00    -0.00         0.00         0.00         0.00         0.00        -0.00         0.00            -0.00
       (H2, O1, H3)    -0.00     0.00     0.00     0.00    -0.00        -0.00        -0.00         0.00         0.05         0.01         0.00             0.00
       (O1, H2, O4)    -0.01     0.00    -0.00    -0.00     0.00        -0.02        -0.02        -0.00         0.01         0.45         0.01             0.01
       (O1, H2, O4)     0.00    -0.00     0.00    -0.00     0.00        -0.00        -0.02         0.00         0.00         0.01         0.14            -0.00
   (H3, O1, O4, D5)    -0.00    -0.00     0.00     0.00     0.00        -0.01        -0.01        -0.00         0.00         0.01        -0.00             0.01

----- Extended Results: Exact PED, KED and TED analysis per mode -----

Normal mode at the following harmonic frequency: 593 cm-1

Potential energy distribution matrix (normalization check: 1.0)

Internal Coordinate (H2, O4) (O4, D5) (O4, H6) (O1, H2) (O1, H3) (H2, O4, H6) (H2, O4, D5) (D5, O4, H6) (H2, O1, H3) (O1, H2, O4) (O1, H2, O4) (H3, O1, O4, D5)
           (H2, O4)     0.00     0.00     0.00    -0.00    -0.00        -0.00         0.00        -0.00        -0.00        -0.00         0.00            -0.00
           (O4, D5)     0.00     0.00    -0.00     0.00     0.00        -0.00         0.00        -0.00        -0.00        -0.00         0.00             0.00
           (O4, H6)     0.00    -0.00     0.00     0.00     0.00        -0.00         0.00        -0.00        -0.00        -0.00        -0.00             0.00
           (O1, H2)    -0.00     0.00     0.00     0.00     0.00        -0.00         0.00        -0.00         0.00        -0.00         0.00             0.00
           (O1, H3)    -0.00     0.00     0.00     0.00     0.00        -0.00         0.00        -0.00        -0.00         0.00        -0.00             0.00
       (H2, O4, H6)    -0.00    -0.00    -0.00    -0.00    -0.00         0.08        -0.00        -0.00        -0.00         0.04         0.05             0.00
       (H2, O4, D5)     0.00     0.00     0.00     0.00     0.00        -0.00         0.07        -0.00         0.00        -0.00         0.10             0.00
       (D5, O4, H6)    -0.00    -0.00    -0.00    -0.00    -0.00        -0.00        -0.00         0.00        -0.00         0.00        -0.00            -0.00
       (H2, O1, H3)    -0.00    -0.00    -0.00     0.00    -0.00        -0.00         0.00        -0.00         0.00        -0.00         0.00             0.00
       (O1, H2, O4)    -0.00    -0.00    -0.00    -0.00     0.00         0.04        -0.00         0.00        -0.00         0.06         0.02             0.00
       (O1, H2, O4)     0.00     0.00    -0.00     0.00    -0.00         0.05         0.10        -0.00         0.00         0.02         0.34             0.01
   (H3, O1, O4, D5)    -0.00     0.00     0.00     0.00     0.00         0.00         0.00        -0.00         0.00         0.00         0.01             0.00

Kinetic energy distribution matrix (normalization check: 1.0)

Internal Coordinate (H2, O4) (O4, D5) (O4, H6) (O1, H2) (O1, H3) (H2, O4, H6) (H2, O4, D5) (D5, O4, H6) (H2, O1, H3) (O1, H2, O4) (O1, H2, O4) (H3, O1, O4, D5)
           (H2, O4)     0.00     0.00     0.00    -0.00     0.00        -0.00         0.00        -0.00        -0.00        -0.00        -0.00            -0.00
           (O4, D5)     0.00     0.00    -0.00    -0.00    -0.00        -0.00        -0.00         0.00         0.00         0.00        -0.00            -0.00
           (O4, H6)     0.00    -0.00     0.00    -0.00    -0.00         0.00         0.00         0.00         0.00         0.00        -0.00             0.00
           (O1, H2)    -0.00    -0.00    -0.00     0.00    -0.00         0.00        -0.00         0.00         0.00         0.00         0.00             0.00
           (O1, H3)     0.00    -0.00    -0.00    -0.00     0.00         0.00        -0.00        -0.00         0.00        -0.00         0.00             0.00
       (H2, O4, H6)    -0.00    -0.00     0.00     0.00     0.00         0.72        -0.18         0.01        -0.00        -0.17        -0.17            -0.03
       (H2, O4, D5)     0.00    -0.00     0.00    -0.00    -0.00        -0.18         0.78        -0.01         0.00         0.06        -0.49             0.02
       (D5, O4, H6)    -0.00     0.00     0.00     0.00    -0.00         0.01        -0.01         0.00         0.00        -0.00         0.00            -0.00
       (H2, O1, H3)    -0.00     0.00     0.00     0.00     0.00        -0.00         0.00         0.00         0.00         0.00        -0.00             0.00
       (O1, H2, O4)    -0.00     0.00     0.00     0.00    -0.00        -0.17         0.06        -0.00         0.00         0.34        -0.10             0.01
       (O1, H2, O4)    -0.00    -0.00    -0.00     0.00     0.00        -0.17        -0.49         0.00        -0.00        -0.10         1.36             0.01
   (H3, O1, O4, D5)    -0.00    -0.00     0.00     0.00     0.00        -0.03         0.02        -0.00         0.00         0.01         0.01             0.03

Total energy distribution matrix (normalization check: 1.0)

Internal Coordinate (H2, O4) (O4, D5) (O4, H6) (O1, H2) (O1, H3) (H2, O4, H6) (H2, O4, D5) (D5, O4, H6) (H2, O1, H3) (O1, H2, O4) (O1, H2, O4) (H3, O1, O4, D5)
           (H2, O4)     0.00     0.00     0.00    -0.00     0.00        -0.00         0.00        -0.00        -0.00        -0.00        -0.00            -0.00
           (O4, D5)     0.00     0.00    -0.00    -0.00    -0.00        -0.00         0.00        -0.00         0.00         0.00         0.00            -0.00
           (O4, H6)     0.00    -0.00     0.00    -0.00    -0.00        -0.00         0.00        -0.00         0.00         0.00        -0.00             0.00
           (O1, H2)    -0.00    -0.00    -0.00     0.00     0.00         0.00        -0.00        -0.00         0.00         0.00         0.00             0.00
           (O1, H3)     0.00    -0.00    -0.00     0.00     0.00         0.00        -0.00        -0.00        -0.00        -0.00         0.00             0.00
       (H2, O4, H6)    -0.00    -0.00    -0.00     0.00     0.00         0.40        -0.09         0.01        -0.00        -0.07        -0.06            -0.02
       (H2, O4, D5)     0.00     0.00     0.00    -0.00    -0.00        -0.09         0.43        -0.00         0.00         0.03        -0.19             0.01
       (D5, O4, H6)    -0.00    -0.00    -0.00    -0.00    -0.00         0.01        -0.00         0.00         0.00        -0.00        -0.00            -0.00
       (H2, O1, H3)    -0.00     0.00     0.00     0.00    -0.00        -0.00         0.00         0.00         0.00         0.00        -0.00             0.00
       (O1, H2, O4)    -0.00     0.00     0.00     0.00    -0.00        -0.07         0.03        -0.00         0.00         0.20        -0.04             0.01
       (O1, H2, O4)    -0.00     0.00    -0.00     0.00     0.00        -0.06        -0.19        -0.00        -0.00        -0.04         0.85             0.01
   (H3, O1, O4, D5)    -0.00    -0.00     0.00     0.00     0.00        -0.02         0.01        -0.00         0.00         0.01         0.01             0.02

----- Extended Results: Exact PED, KED and TED analysis per mode -----

Normal mode at the following harmonic frequency: 1534 cm-1

Potential energy distribution matrix (normalization check: 1.0)

Internal Coordinate (H2, O4) (O4, D5) (O4, H6) (O1, H2) (O1, H3) (H2, O4, H6) (H2, O4, D5) (D5, O4, H6) (H2, O1, H3) (O1, H2, O4) (O1, H2, O4) (H3, O1, O4, D5)
           (H2, O4)     0.00    -0.00    -0.00     0.00    -0.00        -0.00        -0.00         0.00        -0.00         0.00         0.00             0.00
           (O4, D5)    -0.00     0.00    -0.00     0.00    -0.00         0.00         0.00        -0.01         0.00        -0.00        -0.00             0.00
           (O4, H6)    -0.00    -0.00     0.01     0.00    -0.00         0.00         0.00        -0.01         0.00        -0.00         0.00             0.00
           (O1, H2)     0.00     0.00     0.00     0.00    -0.00         0.00         0.00        -0.00        -0.00        -0.00        -0.00             0.00
           (O1, H3)    -0.00    -0.00    -0.00    -0.00     0.00        -0.00        -0.00         0.00        -0.00        -0.00        -0.00            -0.00
       (H2, O4, H6)    -0.00     0.00     0.00     0.00    -0.00         0.01         0.00         0.00        -0.00        -0.00         0.00            -0.00
       (H2, O4, D5)    -0.00     0.00     0.00     0.00    -0.00         0.00         0.00        -0.00        -0.00        -0.00        -0.00             0.00
       (D5, O4, H6)     0.00    -0.01    -0.01    -0.00     0.00         0.00        -0.00         1.00         0.00         0.00         0.00            -0.00
       (H2, O1, H3)    -0.00     0.00     0.00    -0.00    -0.00        -0.00        -0.00         0.00         0.00         0.00         0.00            -0.00
       (O1, H2, O4)     0.00    -0.00    -0.00    -0.00    -0.00        -0.00        -0.00         0.00         0.00         0.00        -0.00             0.00
       (O1, H2, O4)     0.00    -0.00     0.00    -0.00    -0.00         0.00        -0.00         0.00         0.00        -0.00         0.00            -0.00
   (H3, O1, O4, D5)     0.00     0.00     0.00     0.00    -0.00        -0.00         0.00        -0.00        -0.00         0.00        -0.00             0.00

Kinetic energy distribution matrix (normalization check: 1.0)

Internal Coordinate (H2, O4) (O4, D5) (O4, H6) (O1, H2) (O1, H3) (H2, O4, H6) (H2, O4, D5) (D5, O4, H6) (H2, O1, H3) (O1, H2, O4) (O1, H2, O4) (H3, O1, O4, D5)
           (H2, O4)     0.02    -0.00    -0.00     0.00     0.00        -0.01        -0.01         0.00        -0.00         0.00        -0.00             0.00
           (O4, D5)    -0.00     0.00    -0.00    -0.00     0.00         0.00        -0.00         0.00        -0.00         0.00         0.00            -0.00
           (O4, H6)    -0.00    -0.00     0.00    -0.00     0.00        -0.00         0.00         0.00        -0.00         0.00         0.00             0.00
           (O1, H2)     0.00    -0.00    -0.00     0.00     0.00        -0.00        -0.00         0.00        -0.00         0.00        -0.00             0.00
           (O1, H3)     0.00     0.00     0.00     0.00     0.00         0.00         0.00         0.00         0.00         0.00         0.00            -0.00
       (H2, O4, H6)    -0.01     0.00    -0.00    -0.00     0.00         0.42         0.06        -0.55        -0.00         0.01        -0.00             0.05
       (H2, O4, D5)    -0.01    -0.00     0.00    -0.00     0.00         0.06         0.16        -0.25        -0.00         0.00         0.01             0.02
       (D5, O4, H6)     0.00     0.00     0.00     0.00     0.00        -0.55        -0.25         2.21        -0.00        -0.01        -0.00            -0.18
       (H2, O1, H3)    -0.00    -0.00    -0.00    -0.00     0.00        -0.00        -0.00        -0.00         0.00        -0.00        -0.00            -0.00
       (O1, H2, O4)     0.00     0.00     0.00     0.00     0.00         0.01         0.00        -0.01        -0.00         0.00         0.00             0.00
       (O1, H2, O4)    -0.00     0.00     0.00    -0.00     0.00        -0.00         0.01        -0.00        -0.00         0.00         0.00            -0.00
   (H3, O1, O4, D5)     0.00    -0.00     0.00     0.00    -0.00         0.05         0.02        -0.18        -0.00         0.00        -0.00             0.12

Total energy distribution matrix (normalization check: 1.0)

Internal Coordinate (H2, O4) (O4, D5) (O4, H6) (O1, H2) (O1, H3) (H2, O4, H6) (H2, O4, D5) (D5, O4, H6) (H2, O1, H3) (O1, H2, O4) (O1, H2, O4) (H3, O1, O4, D5)
           (H2, O4)     0.01    -0.00    -0.00     0.00     0.00        -0.01        -0.01         0.00        -0.00         0.00        -0.00             0.00
           (O4, D5)    -0.00     0.00    -0.00    -0.00     0.00         0.00         0.00        -0.00        -0.00         0.00         0.00            -0.00
           (O4, H6)    -0.00    -0.00     0.00    -0.00     0.00        -0.00         0.00        -0.00        -0.00         0.00         0.00             0.00
           (O1, H2)     0.00    -0.00    -0.00     0.00     0.00        -0.00        -0.00         0.00        -0.00         0.00        -0.00             0.00
           (O1, H3)     0.00     0.00     0.00     0.00     0.00         0.00         0.00         0.00        -0.00         0.00         0.00            -0.00
       (H2, O4, H6)    -0.01     0.00    -0.00    -0.00     0.00         0.22         0.03        -0.27        -0.00         0.00        -0.00             0.02
       (H2, O4, D5)    -0.01     0.00     0.00    -0.00     0.00         0.03         0.08        -0.13        -0.00         0.00         0.00             0.01
       (D5, O4, H6)     0.00    -0.00    -0.00     0.00     0.00        -0.27        -0.13         1.61        -0.00        -0.00        -0.00            -0.09
       (H2, O1, H3)    -0.00    -0.00    -0.00    -0.00    -0.00        -0.00        -0.00        -0.00         0.00        -0.00        -0.00            -0.00
       (O1, H2, O4)     0.00     0.00     0.00     0.00     0.00         0.00         0.00        -0.00        -0.00         0.00         0.00             0.00
       (O1, H2, O4)    -0.00     0.00     0.00    -0.00     0.00        -0.00         0.00        -0.00        -0.00         0.00         0.00            -0.00
   (H3, O1, O4, D5)     0.00    -0.00     0.00     0.00    -0.00         0.02         0.01        -0.09        -0.00         0.00        -0.00             0.06

----- Extended Results: Exact PED, KED and TED analysis per mode -----

Normal mode at the following harmonic frequency: 1779 cm-1

Potential energy distribution matrix (normalization check: 1.0)

Internal Coordinate (H2, O4) (O4, D5) (O4, H6) (O1, H2) (O1, H3) (H2, O4, H6) (H2, O4, D5) (D5, O4, H6) (H2, O1, H3) (O1, H2, O4) (O1, H2, O4) (H3, O1, O4, D5)
           (H2, O4)     0.00    -0.00    -0.00     0.00    -0.00         0.00         0.00        -0.00        -0.00         0.00         0.00             0.00
           (O4, D5)    -0.00     0.00    -0.00     0.00    -0.00        -0.00        -0.00         0.00         0.00        -0.00        -0.00             0.00
           (O4, H6)    -0.00    -0.00     0.00     0.00    -0.00        -0.00        -0.00         0.00         0.00        -0.00         0.00             0.00
           (O1, H2)     0.00     0.00     0.00     0.01    -0.00        -0.00        -0.00         0.00        -0.01        -0.00        -0.00             0.00
           (O1, H3)    -0.00    -0.00    -0.00    -0.00     0.01         0.00         0.00        -0.00        -0.01        -0.00        -0.00            -0.00
       (H2, O4, H6)     0.00    -0.00    -0.00    -0.00     0.00         0.00         0.00         0.00         0.00         0.00        -0.00             0.00
       (H2, O4, D5)     0.00    -0.00    -0.00    -0.00     0.00         0.00         0.00        -0.00         0.00         0.00         0.00            -0.00
       (D5, O4, H6)    -0.00     0.00     0.00     0.00    -0.00         0.00        -0.00         0.00        -0.00        -0.00        -0.00             0.00
       (H2, O1, H3)    -0.00     0.00     0.00    -0.01    -0.01         0.00         0.00        -0.00         0.93         0.02         0.00            -0.00
       (O1, H2, O4)     0.00    -0.00    -0.00    -0.00    -0.00         0.00         0.00        -0.00         0.02         0.02        -0.00             0.00
       (O1, H2, O4)     0.00    -0.00     0.00    -0.00    -0.00        -0.00         0.00        -0.00         0.00        -0.00         0.00            -0.00
   (H3, O1, O4, D5)     0.00     0.00     0.00     0.00    -0.00         0.00        -0.00         0.00        -0.00         0.00        -0.00             0.00

Kinetic energy distribution matrix (normalization check: 1.0)

Internal Coordinate (H2, O4) (O4, D5) (O4, H6) (O1, H2) (O1, H3) (H2, O4, H6) (H2, O4, D5) (D5, O4, H6) (H2, O1, H3) (O1, H2, O4) (O1, H2, O4) (H3, O1, O4, D5)
           (H2, O4)     0.00    -0.00    -0.00     0.00     0.00         0.00         0.00        -0.00        -0.01         0.00        -0.00             0.00
           (O4, D5)    -0.00     0.00    -0.00    -0.00     0.00        -0.00         0.00        -0.00        -0.00         0.00         0.00            -0.00
           (O4, H6)    -0.00    -0.00     0.00    -0.00     0.00         0.00        -0.00        -0.00        -0.00         0.00         0.00             0.00
           (O1, H2)     0.00    -0.00    -0.00     0.01     0.00         0.00         0.01        -0.00        -0.02         0.00        -0.00             0.00
           (O1, H3)     0.00     0.00     0.00     0.00     0.00        -0.00        -0.00        -0.00         0.00         0.00         0.00            -0.00
       (H2, O4, H6)     0.00    -0.00     0.00     0.00    -0.00         0.06         0.02        -0.00         0.01        -0.09         0.02            -0.00
       (H2, O4, D5)     0.00     0.00    -0.00     0.01    -0.00         0.02         0.07        -0.00         0.01        -0.03        -0.05            -0.00
       (D5, O4, H6)    -0.00    -0.00    -0.00    -0.00    -0.00        -0.00        -0.00         0.00         0.00         0.00         0.00             0.00
       (H2, O1, H3)    -0.01    -0.00    -0.00    -0.02     0.00         0.01         0.01         0.00         2.43        -1.00        -0.19            -0.00
       (O1, H2, O4)     0.00     0.00     0.00     0.00     0.00        -0.09        -0.03         0.00        -1.00         1.05         0.06             0.00
       (O1, H2, O4)    -0.00     0.00     0.00    -0.00     0.00         0.02        -0.05         0.00        -0.19         0.06         0.17            -0.00
   (H3, O1, O4, D5)     0.00    -0.00     0.00     0.00    -0.00        -0.00        -0.00         0.00        -0.00         0.00        -0.00             0.00

Total energy distribution matrix (normalization check: 1.0)

Internal Coordinate (H2, O4) (O4, D5) (O4, H6) (O1, H2) (O1, H3) (H2, O4, H6) (H2, O4, D5) (D5, O4, H6) (H2, O1, H3) (O1, H2, O4) (O1, H2, O4) (H3, O1, O4, D5)
           (H2, O4)     0.00    -0.00    -0.00     0.00     0.00         0.00         0.00        -0.00        -0.00         0.00        -0.00             0.00
           (O4, D5)    -0.00     0.00    -0.00    -0.00     0.00        -0.00        -0.00         0.00        -0.00         0.00         0.00            -0.00
           (O4, H6)    -0.00    -0.00     0.00    -0.00     0.00         0.00        -0.00         0.00        -0.00         0.00         0.00             0.00
           (O1, H2)     0.00    -0.00    -0.00     0.01     0.00         0.00         0.00        -0.00        -0.01         0.00        -0.00             0.00
           (O1, H3)     0.00     0.00     0.00     0.00     0.00        -0.00        -0.00        -0.00        -0.00         0.00         0.00            -0.00
       (H2, O4, H6)     0.00    -0.00     0.00     0.00    -0.00         0.03         0.01        -0.00         0.00        -0.04         0.01            -0.00
       (H2, O4, D5)     0.00    -0.00    -0.00     0.00    -0.00         0.01         0.04        -0.00         0.00        -0.02        -0.03            -0.00
       (D5, O4, H6)    -0.00     0.00     0.00    -0.00    -0.00        -0.00        -0.00         0.00         0.00         0.00         0.00             0.00
       (H2, O1, H3)    -0.00    -0.00    -0.00    -0.01    -0.00         0.00         0.00         0.00         1.68        -0.49        -0.09            -0.00
       (O1, H2, O4)     0.00     0.00     0.00     0.00     0.00        -0.04        -0.02         0.00        -0.49         0.54         0.03             0.00
       (O1, H2, O4)    -0.00     0.00     0.00    -0.00     0.00         0.01        -0.03         0.00        -0.09         0.03         0.09            -0.00
   (H3, O1, O4, D5)     0.00    -0.00     0.00     0.00    -0.00        -0.00        -0.00         0.00        -0.00         0.00        -0.00             0.00

----- Extended Results: Exact PED, KED and TED analysis per mode -----

Normal mode at the following harmonic frequency: 3041 cm-1

Potential energy distribution matrix (normalization check: 1.0)

Internal Coordinate (H2, O4) (O4, D5) (O4, H6) (O1, H2) (O1, H3) (H2, O4, H6) (H2, O4, D5) (D5, O4, H6) (H2, O1, H3) (O1, H2, O4) (O1, H2, O4) (H3, O1, O4, D5)
           (H2, O4)     0.00    -0.00    -0.00    -0.00    -0.00        -0.00         0.00         0.00         0.00         0.00         0.00            -0.00
           (O4, D5)    -0.00     1.00    -0.00    -0.00    -0.00         0.00        -0.00        -0.00        -0.00        -0.00        -0.00            -0.00
           (O4, H6)    -0.00    -0.00     0.00    -0.00    -0.00         0.00        -0.00        -0.00        -0.00        -0.00         0.00            -0.00
           (O1, H2)    -0.00    -0.00    -0.00     0.00     0.00        -0.00         0.00         0.00        -0.00         0.00         0.00             0.00
           (O1, H3)    -0.00    -0.00    -0.00     0.00     0.00        -0.00         0.00         0.00         0.00        -0.00        -0.00             0.00
       (H2, O4, H6)    -0.00     0.00     0.00    -0.00    -0.00         0.00        -0.00         0.00         0.00        -0.00         0.00             0.00
       (H2, O4, D5)     0.00    -0.00    -0.00     0.00     0.00        -0.00         0.00         0.00        -0.00         0.00         0.00             0.00
       (D5, O4, H6)     0.00    -0.00    -0.00     0.00     0.00         0.00         0.00         0.00        -0.00         0.00         0.00             0.00
       (H2, O1, H3)     0.00    -0.00    -0.00    -0.00     0.00         0.00        -0.00        -0.00         0.00        -0.00        -0.00            -0.00
       (O1, H2, O4)     0.00    -0.00    -0.00     0.00    -0.00        -0.00         0.00         0.00        -0.00         0.00        -0.00            -0.00
       (O1, H2, O4)     0.00    -0.00     0.00     0.00    -0.00         0.00         0.00         0.00        -0.00        -0.00         0.00             0.00
   (H3, O1, O4, D5)    -0.00    -0.00    -0.00     0.00     0.00         0.00         0.00         0.00        -0.00        -0.00         0.00             0.00

Kinetic energy distribution matrix (normalization check: 1.0)

Internal Coordinate (H2, O4) (O4, D5) (O4, H6) (O1, H2) (O1, H3) (H2, O4, H6) (H2, O4, D5) (D5, O4, H6) (H2, O1, H3) (O1, H2, O4) (O1, H2, O4) (H3, O1, O4, D5)
           (H2, O4)     0.01    -0.01    -0.00    -0.00     0.00        -0.00         0.00         0.00         0.00         0.00        -0.00            -0.00
           (O4, D5)    -0.01     1.12    -0.00     0.00     0.00         0.00         0.00         0.00         0.00         0.00         0.00             0.00
           (O4, H6)    -0.00    -0.00     0.00     0.00     0.00        -0.00        -0.00         0.00         0.00         0.00         0.00            -0.00
           (O1, H2)    -0.00     0.00     0.00     0.00    -0.00         0.00        -0.00        -0.00        -0.00        -0.00         0.00             0.00
           (O1, H3)     0.00     0.00     0.00    -0.00     0.00         0.00        -0.00         0.00        -0.00         0.00         0.00             0.00
       (H2, O4, H6)    -0.00     0.00    -0.00     0.00     0.00         0.00        -0.00        -0.00         0.00         0.00        -0.00            -0.00
       (H2, O4, D5)     0.00     0.00    -0.00    -0.00    -0.00        -0.00         0.00         0.00        -0.00        -0.00        -0.00             0.00
       (D5, O4, H6)     0.00     0.00     0.00    -0.00     0.00        -0.00         0.00         0.00         0.00        -0.00        -0.00             0.00
       (H2, O1, H3)     0.00     0.00     0.00    -0.00    -0.00         0.00        -0.00         0.00         0.00         0.00         0.00            -0.00
       (O1, H2, O4)     0.00     0.00     0.00    -0.00     0.00         0.00        -0.00        -0.00         0.00         0.00         0.00            -0.00
       (O1, H2, O4)    -0.00     0.00     0.00     0.00     0.00        -0.00        -0.00        -0.00         0.00         0.00         0.00             0.00
   (H3, O1, O4, D5)    -0.00     0.00    -0.00     0.00     0.00        -0.00         0.00         0.00        -0.00        -0.00         0.00             0.00

Total energy distribution matrix (normalization check: 1.0)

Internal Coordinate (H2, O4) (O4, D5) (O4, H6) (O1, H2) (O1, H3) (H2, O4, H6) (H2, O4, D5) (D5, O4, H6) (H2, O1, H3) (O1, H2, O4) (O1, H2, O4) (H3, O1, O4, D5)
           (H2, O4)     0.01    -0.01    -0.00    -0.00     0.00        -0.00         0.00         0.00         0.00         0.00        -0.00            -0.00
           (O4, D5)    -0.01     1.06    -0.00     0.00     0.00         0.00         0.00        -0.00         0.00         0.00         0.00             0.00
           (O4, H6)    -0.00    -0.00     0.00     0.00     0.00        -0.00        -0.00         0.00         0.00         0.00         0.00            -0.00
           (O1, H2)    -0.00     0.00     0.00     0.00    -0.00         0.00        -0.00        -0.00        -0.00        -0.00         0.00             0.00
           (O1, H3)     0.00     0.00     0.00    -0.00     0.00         0.00        -0.00         0.00        -0.00         0.00         0.00             0.00
       (H2, O4, H6)    -0.00     0.00    -0.00     0.00     0.00         0.00        -0.00        -0.00         0.00         0.00        -0.00            -0.00
       (H2, O4, D5)     0.00     0.00    -0.00    -0.00    -0.00        -0.00         0.00         0.00        -0.00        -0.00        -0.00             0.00
       (D5, O4, H6)     0.00    -0.00     0.00    -0.00     0.00        -0.00         0.00         0.00         0.00        -0.00        -0.00             0.00
       (H2, O1, H3)     0.00     0.00     0.00    -0.00    -0.00         0.00        -0.00         0.00         0.00         0.00         0.00            -0.00
       (O1, H2, O4)     0.00     0.00     0.00    -0.00     0.00         0.00        -0.00        -0.00         0.00         0.00         0.00            -0.00
       (O1, H2, O4)    -0.00     0.00     0.00     0.00     0.00        -0.00        -0.00        -0.00         0.00         0.00         0.00             0.00
   (H3, O1, O4, D5)    -0.00     0.00    -0.00     0.00     0.00        -0.00         0.00         0.00        -0.00        -0.00         0.00             0.00

----- Extended Results: Exact PED, KED and TED analysis per mode -----

Normal mode at the following harmonic frequency: 4100 cm-1

Potential energy distribution matrix (normalization check: 1.0)

Internal Coordinate (H2, O4) (O4, D5) (O4, H6) (O1, H2) (O1, H3) (H2, O4, H6) (H2, O4, D5) (D5, O4, H6) (H2, O1, H3) (O1, H2, O4) (O1, H2, O4) (H3, O1, O4, D5)
           (H2, O4)     0.01     0.00    -0.00    -0.01     0.00         0.00         0.00         0.00         0.00         0.00         0.00             0.00
           (O4, D5)     0.00     0.00     0.00     0.00    -0.00         0.00         0.00         0.00         0.00         0.00         0.00            -0.00
           (O4, H6)    -0.00     0.00     0.00    -0.00     0.00        -0.00        -0.00        -0.00        -0.00        -0.00         0.00             0.00
           (O1, H2)    -0.01     0.00    -0.00     0.83    -0.00         0.00         0.00         0.00        -0.00         0.00         0.00            -0.00
           (O1, H3)     0.00    -0.00     0.00    -0.00     0.17        -0.00        -0.00        -0.00        -0.00         0.00         0.00             0.00
       (H2, O4, H6)     0.00     0.00    -0.00     0.00    -0.00         0.00         0.00        -0.00        -0.00         0.00        -0.00             0.00
       (H2, O4, D5)     0.00     0.00    -0.00     0.00    -0.00         0.00         0.00         0.00        -0.00         0.00         0.00            -0.00
       (D5, O4, H6)     0.00     0.00    -0.00     0.00    -0.00        -0.00         0.00         0.00        -0.00         0.00         0.00            -0.00
       (H2, O1, H3)     0.00     0.00    -0.00    -0.00    -0.00        -0.00        -0.00        -0.00         0.00        -0.00        -0.00             0.00
       (O1, H2, O4)     0.00     0.00    -0.00     0.00     0.00         0.00         0.00         0.00        -0.00         0.00        -0.00             0.00
       (O1, H2, O4)     0.00     0.00     0.00     0.00     0.00        -0.00         0.00         0.00        -0.00        -0.00         0.00            -0.00
   (H3, O1, O4, D5)     0.00    -0.00     0.00    -0.00     0.00         0.00        -0.00        -0.00         0.00         0.00        -0.00             0.00

Kinetic energy distribution matrix (normalization check: 1.0)

Internal Coordinate (H2, O4) (O4, D5) (O4, H6) (O1, H2) (O1, H3) (H2, O4, H6) (H2, O4, D5) (D5, O4, H6) (H2, O1, H3) (O1, H2, O4) (O1, H2, O4) (H3, O1, O4, D5)
           (H2, O4)     7.24     0.00    -0.01    -7.19    -0.03         0.00         0.00         0.00         0.01         0.00        -0.00             0.00
           (O4, D5)     0.00     0.00     0.00    -0.00     0.00         0.00        -0.00        -0.00        -0.00        -0.00        -0.00             0.00
           (O4, H6)    -0.01     0.00     0.00     0.01    -0.00         0.00        -0.00         0.00         0.00         0.00         0.00             0.00
           (O1, H2)    -7.19    -0.00     0.01     8.05     0.03        -0.01        -0.00        -0.00        -0.00        -0.00         0.00            -0.00
           (O1, H3)    -0.03     0.00    -0.00     0.03     0.21         0.00         0.00        -0.00         0.00        -0.00        -0.00             0.00
       (H2, O4, H6)     0.00     0.00     0.00    -0.01     0.00         0.00         0.00         0.00        -0.00        -0.00         0.00            -0.00
       (H2, O4, D5)     0.00    -0.00    -0.00    -0.00     0.00         0.00         0.00         0.00        -0.00        -0.00        -0.00            -0.00
       (D5, O4, H6)     0.00    -0.00     0.00    -0.00    -0.00         0.00         0.00         0.00         0.00        -0.00        -0.00            -0.00
       (H2, O1, H3)     0.01    -0.00     0.00    -0.00     0.00        -0.00        -0.00         0.00         0.00         0.00         0.00             0.00
       (O1, H2, O4)     0.00    -0.00     0.00    -0.00    -0.00        -0.00        -0.00        -0.00         0.00         0.00         0.00             0.00
       (O1, H2, O4)    -0.00    -0.00     0.00     0.00    -0.00         0.00        -0.00        -0.00         0.00         0.00         0.00            -0.00
   (H3, O1, O4, D5)     0.00     0.00     0.00    -0.00     0.00        -0.00        -0.00        -0.00         0.00         0.00        -0.00             0.00

Total energy distribution matrix (normalization check: 1.0)

Internal Coordinate (H2, O4) (O4, D5) (O4, H6) (O1, H2) (O1, H3) (H2, O4, H6) (H2, O4, D5) (D5, O4, H6) (H2, O1, H3) (O1, H2, O4) (O1, H2, O4) (H3, O1, O4, D5)
           (H2, O4)     3.63     0.00    -0.00    -3.60    -0.02         0.00         0.00         0.00         0.00         0.00        -0.00             0.00
           (O4, D5)     0.00     0.00     0.00    -0.00     0.00         0.00        -0.00         0.00        -0.00        -0.00        -0.00             0.00
           (O4, H6)    -0.00     0.00     0.00     0.01    -0.00         0.00        -0.00         0.00         0.00         0.00         0.00             0.00
           (O1, H2)    -3.60    -0.00     0.01     4.44     0.01        -0.00        -0.00        -0.00        -0.00        -0.00         0.00            -0.00
           (O1, H3)    -0.02     0.00    -0.00     0.01     0.19         0.00         0.00        -0.00         0.00        -0.00        -0.00             0.00
       (H2, O4, H6)     0.00     0.00     0.00    -0.00     0.00         0.00         0.00         0.00        -0.00        -0.00         0.00            -0.00
       (H2, O4, D5)     0.00    -0.00    -0.00    -0.00     0.00         0.00         0.00         0.00        -0.00        -0.00        -0.00            -0.00
       (D5, O4, H6)     0.00     0.00     0.00    -0.00    -0.00         0.00         0.00         0.00         0.00        -0.00        -0.00            -0.00
       (H2, O1, H3)     0.00    -0.00     0.00    -0.00     0.00        -0.00        -0.00         0.00         0.00         0.00         0.00             0.00
       (O1, H2, O4)     0.00    -0.00     0.00    -0.00    -0.00        -0.00        -0.00        -0.00         0.00         0.00         0.00             0.00
       (O1, H2, O4)    -0.00    -0.00     0.00     0.00    -0.00         0.00        -0.00        -0.00         0.00         0.00         0.00            -0.00
   (H3, O1, O4, D5)     0.00     0.00     0.00    -0.00     0.00        -0.00        -0.00        -0.00         0.00         0.00        -0.00             0.00

----- Extended Results: Exact PED, KED and TED analysis per mode -----

Normal mode at the following harmonic frequency: 4186 cm-1

Potential energy distribution matrix (normalization check: 1.0)

Internal Coordinate (H2, O4) (O4, D5) (O4, H6) (O1, H2) (O1, H3) (H2, O4, H6) (H2, O4, D5) (D5, O4, H6) (H2, O1, H3) (O1, H2, O4) (O1, H2, O4) (H3, O1, O4, D5)
           (H2, O4)     0.00     0.00    -0.00     0.00    -0.00         0.00        -0.00         0.00         0.00         0.00        -0.00             0.00
           (O4, D5)     0.00     0.00     0.00    -0.00     0.00         0.00        -0.00         0.00         0.00         0.00        -0.00            -0.00
           (O4, H6)    -0.00     0.00     0.99     0.00    -0.00        -0.00         0.00        -0.00        -0.00        -0.00        -0.00             0.00
           (O1, H2)     0.00    -0.00     0.00     0.00    -0.00        -0.00         0.00        -0.00         0.00        -0.00         0.00             0.00
           (O1, H3)    -0.00     0.00    -0.00    -0.00     0.01         0.00        -0.00         0.00         0.00        -0.00         0.00            -0.00
       (H2, O4, H6)     0.00     0.00    -0.00    -0.00     0.00         0.00        -0.00        -0.00        -0.00         0.00         0.00             0.00
       (H2, O4, D5)    -0.00    -0.00     0.00     0.00    -0.00        -0.00         0.00        -0.00         0.00        -0.00         0.00             0.00
       (D5, O4, H6)     0.00     0.00    -0.00    -0.00     0.00        -0.00        -0.00         0.00        -0.00         0.00        -0.00            -0.00
       (H2, O1, H3)     0.00     0.00    -0.00     0.00     0.00        -0.00         0.00        -0.00         0.00        -0.00         0.00             0.00
       (O1, H2, O4)     0.00     0.00    -0.00    -0.00    -0.00         0.00        -0.00         0.00        -0.00         0.00         0.00             0.00
       (O1, H2, O4)    -0.00    -0.00    -0.00     0.00     0.00         0.00         0.00        -0.00         0.00         0.00         0.00             0.00
   (H3, O1, O4, D5)     0.00    -0.00     0.00     0.00    -0.00         0.00         0.00        -0.00         0.00         0.00         0.00             0.00

Kinetic energy distribution matrix (normalization check: 1.0)

Internal Coordinate (H2, O4) (O4, D5) (O4, H6) (O1, H2) (O1, H3) (H2, O4, H6) (H2, O4, D5) (D5, O4, H6) (H2, O1, H3) (O1, H2, O4) (O1, H2, O4) (H3, O1, O4, D5)
           (H2, O4)     0.00     0.00    -0.00     0.00     0.00         0.00        -0.00         0.00         0.00         0.00         0.00             0.00
           (O4, D5)     0.00     0.00     0.00     0.00    -0.00         0.00         0.00        -0.00        -0.00        -0.00         0.00             0.00
           (O4, H6)    -0.00     0.00     1.17    -0.00     0.00         0.00         0.00         0.00         0.00         0.00        -0.00             0.00
           (O1, H2)     0.00     0.00    -0.00     0.00     0.00         0.00        -0.00         0.00         0.00         0.00         0.00             0.00
           (O1, H3)     0.00    -0.00     0.00     0.00     0.01        -0.00         0.00         0.00        -0.00         0.00        -0.00            -0.00
       (H2, O4, H6)     0.00     0.00     0.00     0.00    -0.00         0.00        -0.00         0.00        -0.00        -0.00        -0.00            -0.00
       (H2, O4, D5)    -0.00     0.00     0.00    -0.00     0.00        -0.00         0.00        -0.00         0.00         0.00        -0.00             0.00
       (D5, O4, H6)     0.00    -0.00     0.00     0.00     0.00         0.00        -0.00         0.00         0.00        -0.00         0.00            -0.00
       (H2, O1, H3)     0.00    -0.00     0.00     0.00    -0.00        -0.00         0.00         0.00         0.00         0.00        -0.00             0.00
       (O1, H2, O4)     0.00    -0.00     0.00     0.00     0.00        -0.00         0.00        -0.00         0.00         0.00        -0.00             0.00
       (O1, H2, O4)     0.00     0.00    -0.00     0.00    -0.00        -0.00        -0.00         0.00        -0.00        -0.00         0.00             0.00
   (H3, O1, O4, D5)     0.00     0.00     0.00     0.00    -0.00        -0.00         0.00        -0.00         0.00         0.00         0.00             0.00

Total energy distribution matrix (normalization check: 1.0)

Internal Coordinate (H2, O4) (O4, D5) (O4, H6) (O1, H2) (O1, H3) (H2, O4, H6) (H2, O4, D5) (D5, O4, H6) (H2, O1, H3) (O1, H2, O4) (O1, H2, O4) (H3, O1, O4, D5)
           (H2, O4)     0.00     0.00    -0.00     0.00     0.00         0.00        -0.00         0.00         0.00         0.00         0.00             0.00
           (O4, D5)     0.00     0.00     0.00     0.00    -0.00         0.00         0.00         0.00        -0.00        -0.00         0.00             0.00
           (O4, H6)    -0.00     0.00     1.08    -0.00     0.00         0.00         0.00         0.00         0.00         0.00        -0.00             0.00
           (O1, H2)     0.00     0.00    -0.00     0.00     0.00         0.00        -0.00         0.00         0.00         0.00         0.00             0.00
           (O1, H3)     0.00    -0.00     0.00     0.00     0.01        -0.00         0.00         0.00        -0.00         0.00        -0.00            -0.00
       (H2, O4, H6)     0.00     0.00     0.00     0.00    -0.00         0.00        -0.00         0.00        -0.00        -0.00        -0.00            -0.00
       (H2, O4, D5)    -0.00     0.00     0.00    -0.00     0.00        -0.00         0.00        -0.00         0.00         0.00        -0.00             0.00
       (D5, O4, H6)     0.00     0.00     0.00     0.00     0.00         0.00        -0.00         0.00         0.00        -0.00         0.00            -0.00
       (H2, O1, H3)     0.00    -0.00     0.00     0.00    -0.00        -0.00         0.00         0.00         0.00         0.00        -0.00             0.00
       (O1, H2, O4)     0.00    -0.00     0.00     0.00     0.00        -0.00         0.00        -0.00         0.00         0.00        -0.00             0.00
       (O1, H2, O4)     0.00     0.00    -0.00     0.00    -0.00        -0.00        -0.00         0.00        -0.00        -0.00         0.00             0.00
   (H3, O1, O4, D5)     0.00     0.00     0.00     0.00    -0.00        -0.00         0.00        -0.00         0.00         0.00         0.00             0.00

----- Extended Results: Exact PED, KED and TED analysis per mode -----

Normal mode at the following harmonic frequency: 4214 cm-1

Potential energy distribution matrix (normalization check: 1.0)

Internal Coordinate (H2, O4) (O4, D5) (O4, H6) (O1, H2) (O1, H3) (H2, O4, H6) (H2, O4, D5) (D5, O4, H6) (H2, O1, H3) (O1, H2, O4) (O1, H2, O4) (H3, O1, O4, D5)
           (H2, O4)     0.00    -0.00     0.00    -0.00    -0.00        -0.00        -0.00        -0.00         0.00         0.00         0.00             0.00
           (O4, D5)    -0.00     0.00     0.00    -0.00    -0.00         0.00         0.00         0.00        -0.00        -0.00        -0.00             0.00
           (O4, H6)     0.00     0.00     0.01     0.00     0.00        -0.00        -0.00        -0.00         0.00         0.00        -0.00            -0.00
           (O1, H2)    -0.00    -0.00     0.00     0.17     0.00        -0.00        -0.00        -0.00        -0.00         0.00         0.00            -0.00
           (O1, H3)    -0.00    -0.00     0.00     0.00     0.82        -0.00        -0.00        -0.00         0.00        -0.00        -0.00            -0.00
       (H2, O4, H6)    -0.00     0.00    -0.00    -0.00    -0.00         0.00         0.00        -0.00         0.00        -0.00         0.00            -0.00
       (H2, O4, D5)    -0.00     0.00    -0.00    -0.00    -0.00         0.00         0.00         0.00         0.00        -0.00        -0.00             0.00
       (D5, O4, H6)    -0.00     0.00    -0.00    -0.00    -0.00        -0.00         0.00         0.00         0.00        -0.00        -0.00             0.00
       (H2, O1, H3)     0.00    -0.00     0.00    -0.00     0.00         0.00         0.00         0.00         0.00        -0.00        -0.00             0.00
       (O1, H2, O4)     0.00    -0.00     0.00     0.00    -0.00        -0.00        -0.00        -0.00        -0.00         0.00        -0.00             0.00
       (O1, H2, O4)     0.00    -0.00    -0.00     0.00    -0.00         0.00        -0.00        -0.00        -0.00        -0.00         0.00            -0.00
   (H3, O1, O4, D5)     0.00     0.00    -0.00    -0.00    -0.00        -0.00         0.00         0.00         0.00         0.00        -0.00             0.00

Kinetic energy distribution matrix (normalization check: 1.0)

Internal Coordinate (H2, O4) (O4, D5) (O4, H6) (O1, H2) (O1, H3) (H2, O4, H6) (H2, O4, D5) (D5, O4, H6) (H2, O1, H3) (O1, H2, O4) (O1, H2, O4) (H3, O1, O4, D5)
           (H2, O4)     1.44    -0.00     0.01    -1.50     0.03        -0.00        -0.00        -0.00         0.00         0.00        -0.00             0.00
           (O4, D5)    -0.00     0.00     0.00     0.00     0.00         0.00        -0.00        -0.00         0.00         0.00         0.00            -0.00
           (O4, H6)     0.01     0.00     0.01    -0.01    -0.00         0.00        -0.00         0.00        -0.00        -0.00        -0.00            -0.00
           (O1, H2)    -1.50     0.00    -0.01     1.77    -0.03         0.00         0.00         0.00        -0.00        -0.00         0.00            -0.00
           (O1, H3)     0.03     0.00    -0.00    -0.03     1.03         0.00         0.00        -0.00        -0.00         0.00         0.00            -0.00
       (H2, O4, H6)    -0.00     0.00     0.00     0.00     0.00         0.00         0.00         0.00         0.00         0.00        -0.00             0.00
       (H2, O4, D5)    -0.00    -0.00    -0.00     0.00     0.00         0.00         0.00         0.00         0.00         0.00         0.00             0.00
       (D5, O4, H6)    -0.00    -0.00     0.00     0.00    -0.00         0.00         0.00         0.00        -0.00         0.00         0.00             0.00
       (H2, O1, H3)     0.00     0.00    -0.00    -0.00    -0.00         0.00         0.00        -0.00         0.00         0.00         0.00             0.00
       (O1, H2, O4)     0.00     0.00    -0.00    -0.00     0.00         0.00         0.00         0.00         0.00         0.00         0.00             0.00
       (O1, H2, O4)    -0.00     0.00    -0.00     0.00     0.00        -0.00         0.00         0.00         0.00         0.00         0.00            -0.00
   (H3, O1, O4, D5)     0.00    -0.00    -0.00    -0.00    -0.00         0.00         0.00         0.00         0.00         0.00        -0.00             0.00

Total energy distribution matrix (normalization check: 1.0)

Internal Coordinate (H2, O4) (O4, D5) (O4, H6) (O1, H2) (O1, H3) (H2, O4, H6) (H2, O4, D5) (D5, O4, H6) (H2, O1, H3) (O1, H2, O4) (O1, H2, O4) (H3, O1, O4, D5)
           (H2, O4)     0.72    -0.00     0.00    -0.75     0.02        -0.00        -0.00        -0.00         0.00         0.00        -0.00             0.00
           (O4, D5)    -0.00     0.00     0.00     0.00     0.00         0.00        -0.00         0.00         0.00         0.00         0.00            -0.00
           (O4, H6)     0.00     0.00     0.01    -0.00    -0.00         0.00        -0.00         0.00        -0.00        -0.00        -0.00            -0.00
           (O1, H2)    -0.75     0.00    -0.00     0.97    -0.01         0.00         0.00         0.00        -0.00        -0.00         0.00            -0.00
           (O1, H3)     0.02     0.00    -0.00    -0.01     0.93         0.00         0.00        -0.00        -0.00         0.00         0.00            -0.00
       (H2, O4, H6)    -0.00     0.00     0.00     0.00     0.00         0.00         0.00         0.00         0.00         0.00        -0.00             0.00
       (H2, O4, D5)    -0.00    -0.00    -0.00     0.00     0.00         0.00         0.00         0.00         0.00         0.00         0.00             0.00
       (D5, O4, H6)    -0.00     0.00     0.00     0.00    -0.00         0.00         0.00         0.00        -0.00         0.00         0.00             0.00
       (H2, O1, H3)     0.00     0.00    -0.00    -0.00    -0.00         0.00         0.00        -0.00         0.00         0.00         0.00             0.00
       (O1, H2, O4)     0.00     0.00    -0.00    -0.00     0.00         0.00         0.00         0.00         0.00         0.00         0.00             0.00
       (O1, H2, O4)    -0.00     0.00    -0.00     0.00     0.00        -0.00         0.00         0.00         0.00         0.00         0.00            -0.00
   (H3, O1, O4, D5)     0.00    -0.00    -0.00    -0.00    -0.00         0.00         0.00         0.00         0.00         0.00        -0.00             0.00

