 .__   __.   ______   .___  ___.   ______    _______   _______   ______   ______      .______   ____    ____ 
 |  \ |  |  /  __  \  |   \/   |  /  __  \  |       \ |   ____| /      | /  __  \     |   _  \  \   \  /   / 
 |   \|  | |  |  |  | |  \  /  | |  |  |  | |  .--.  ||  |__   |  ,----'|  |  |  |    |  |_)  |  \   \/   /  
 |  . `  | |  |  |  | |  |\/|  | |  |  |  | |  |  |  ||   __|  |  |     |  |  |  |    |   ___/    \_    _/   
 |  |\   | |  `--'  | |  |  |  | |  `--'  | |  '--'  ||  |____ |  `----.|  `--'  |  __|  |          |  |     
 |__| \__|  \______/  |__|  |__|  \______/  |_______/ |_______| \______| \______/  (__) _|          |__|     
                                                                                                             


**************************************************************************************************************
                                  Kemal Önen, Dennis F. Dinu, Klaus R. Liedl                                  
                                      Liedl Lab, University of Innsbruck                                      
**************************************************************************************************************

Non-planar system detected. Therefore out-of-plane angles are NOT used in your analysis. Note that out-of-plane angles tend to perform worse
than the other internal coordinates in terms of computational cost and in the decomposition. However they can be
useful for planar systems.

The detected point group is Cs
The following equivalent atoms were found: [['O1'], ['O4'], ['H2'], ['H3'], ['H5'], ['D6']] 

The following primitive internals (bonds, (in-plane) angles, linear valence angles, out-of-plane angles and torsions) were generated:
bonds: [('O4', 'H5'), ('O1', 'H3'), ('O1', 'H2'), ('H2', 'O4'), ('O4', 'D6')]
in-plane angles: [('H2', 'O1', 'H3'), ('H5', 'O4', 'D6'), ('H2', 'O4', 'D6'), ('H5', 'O4', 'H2')]
linear valence-angles: [('O1', 'H2', 'O4'), ('O1', 'H2', 'O4')]
out-of-plane angles: []
dihedrals: [('D6', 'O4', 'H2', 'O1'), ('H5', 'O4', 'H2', 'O1'), ('H3', 'O1', 'H2', 'O4')]

12 internal coordinates are at least needed for the decomposition scheme.


-------------------------------- Initialization of an internal coordinate set --------------------------------

The following 12 Internal Coordinates are used in your analysis:
bonds: [('O1', 'O4'), ('O4', 'H5'), ('O4', 'D6'), ('O1', 'H2'), ('O1', 'H3')]
in-plane angles: [('H2', 'O4', 'D6'), ('O1', 'O4', 'H5'), ('H5', 'O4', 'D6'), ('H2', 'O1', 'H3')]
linear valence-angles: [('O1', 'H2', 'O4'), ('O1', 'H2', 'O4')]
out-of-plane angles: []
dihedrals: [('H3', 'O1', 'O4', 'D6')]


-------------------------- Results of the Decomposition Scheme ---------------------------

1.) Intrinsic Frequencies for all normal-coordinate frequencies and
    vibrational distribution matrix (exact approximation) at the following
    harmonic frequencies (all frequency values in cm-1):

Internal Coordinate Intrinsic Frequencies    99   120   141   170   327   593  1534  1779  3041  4100  4186  4214
           (O1, O4)                162.41  0.01  0.01  0.01  0.99 -0.00  0.00  0.00 -0.00 -0.00 -0.00 -0.00 -0.00
           (O4, H5)               4184.82 -0.00 -0.00  0.00  0.00 -0.00 -0.00 -0.00  0.00  0.00  0.00  0.99  0.01
           (O4, D6)               3044.86 -0.00  0.00 -0.00  0.00 -0.00  0.00 -0.00  0.00  1.00  0.00  0.00  0.00
           (O1, H2)               4120.28  0.00  0.00  0.00 -0.00  0.00  0.00  0.00 -0.00  0.00  0.83  0.00  0.17
           (O1, H3)               4194.56  0.00  0.00  0.00  0.00  0.00  0.00  0.00 -0.00 -0.00  0.17  0.01  0.82
       (H2, O4, D6)                311.51  0.55  0.10 -0.01 -0.00  0.18  0.17  0.00  0.00 -0.00  0.00  0.00  0.00
       (O1, O4, H5)                273.59  0.08  0.18  0.49 -0.00  0.17  0.07  0.01  0.00  0.00  0.00 -0.00 -0.00
       (H5, O4, D6)               1522.32  0.00  0.00  0.00  0.00  0.00  0.00  0.99  0.00 -0.00  0.00 -0.00 -0.00
       (H2, O1, H3)               1728.02  0.00  0.00  0.00  0.00  0.05  0.00  0.00  0.94 -0.00 -0.00  0.00  0.00
       (O1, H2, O4)                495.36  0.32 -0.01 -0.01  0.00  0.06  0.63  0.00  0.00  0.00  0.00 -0.00  0.00
       (O1, H2, O4)                510.73 -0.00  0.16  0.12  0.01  0.54  0.11 -0.00  0.05 -0.00  0.00 -0.00  0.00
   (H3, O1, O4, D6)                137.18  0.05  0.54  0.39 -0.00 -0.00  0.01 -0.00  0.00  0.00  0.00  0.00 -0.00

Check if matrix is normalized: 1.0

2.) Intrinsic Frequencies for all normal-coordinate frequencies and
    diagonal elements of the PED matrix at the following
    harmonic frequencies (all frequency values in cm-1):

Internal Coordinate Intrinsic Frequencies   99  120  141  170  327  593 1534 1779 3041 4100 4186 4214
           (O1, O4)                162.41 0.00 0.00 0.01 1.00 0.01 0.00 0.00 0.00 0.00 0.00 0.00 0.00
           (O4, H5)               4184.82 0.00 0.00 0.00 0.00 0.00 0.00 0.01 0.00 0.00 0.00 0.99 0.01
           (O4, D6)               3044.86 0.00 0.00 0.00 0.00 0.00 0.00 0.00 0.00 1.00 0.00 0.00 0.00
           (O1, H2)               4120.28 0.00 0.00 0.00 0.00 0.00 0.00 0.00 0.01 0.00 0.83 0.00 0.17
           (O1, H3)               4194.56 0.00 0.00 0.00 0.00 0.00 0.00 0.00 0.01 0.00 0.17 0.01 0.82
       (H2, O4, D6)                311.51 1.65 0.27 0.00 0.02 0.10 0.07 0.00 0.00 0.00 0.00 0.00 0.00
       (O1, O4, H5)                273.59 0.92 0.86 1.11 0.01 0.09 0.01 0.01 0.00 0.00 0.00 0.00 0.00
       (H5, O4, D6)               1522.32 0.00 0.01 0.00 0.00 0.00 0.00 1.01 0.00 0.00 0.00 0.00 0.00
       (H2, O1, H3)               1728.02 0.00 0.02 0.01 0.00 0.09 0.00 0.00 0.93 0.00 0.00 0.00 0.00
       (O1, H2, O4)                495.36 2.35 0.01 0.01 0.01 0.12 0.43 0.00 0.00 0.00 0.00 0.00 0.00
       (O1, H2, O4)                510.73 0.01 1.02 0.61 0.01 0.47 0.06 0.00 0.03 0.00 0.00 0.00 0.00
   (H3, O1, O4, D6)                137.18 0.07 0.86 0.30 0.00 0.00 0.00 0.00 0.00 0.00 0.00 0.00 0.00

3.) Intrinsic Frequencies for all normal-coordinate frequencies and
    contribution table calculated from the diagonal elements of the PED at the following
    harmonic frequencies (all frequency values in cm-1):

Internal Coordinate Intrinsic Frequencies    99   120   141   170   327   593  1534  1779  3041  4100  4186  4214
           (O1, O4)                162.41  0.08  0.13  0.28 93.91  1.17  0.00  0.03  0.01  0.00  0.00  0.00  0.00
           (O4, H5)               4184.82  0.00  0.02  0.04  0.00  0.04  0.01  0.55  0.00  0.26  0.26 98.94  0.60
           (O4, D6)               3044.86  0.02  0.02  0.00  0.00  0.03  0.00  0.45  0.00 99.71  0.00  0.19  0.00
           (O1, H2)               4120.28  0.00  0.00  0.00  0.07  0.02  0.00  0.01  0.59  0.00 82.52  0.01 17.27
           (O1, H3)               4194.56  0.00  0.00  0.00  0.00  0.07  0.00  0.00  0.83  0.00 17.21  0.84 82.12
       (H2, O4, D6)                311.51 32.88  8.86  0.18  2.28 11.31 11.91  0.20  0.07  0.00  0.00  0.00  0.00
       (O1, O4, H5)                273.59 18.37 28.08 53.81  0.93  9.87  2.43  0.72  0.00  0.00  0.00  0.00  0.00
       (H5, O4, D6)               1522.32  0.01  0.22  0.11  0.36  0.33  0.26 97.92  0.02  0.02  0.00  0.00  0.00
       (H2, O1, H3)               1728.02  0.07  0.65  0.69  0.02  9.73  0.01  0.04 95.06  0.00  0.00  0.00  0.00
       (O1, H2, O4)                495.36 47.03  0.27  0.60  0.97 13.26 75.26  0.00  0.41  0.00  0.00  0.00  0.00
       (O1, H2, O4)                510.73  0.21 33.42 29.62  1.41 53.90  9.89  0.00  3.00  0.00  0.00  0.00  0.00
   (H3, O1, O4, D6)                137.18  1.32 28.31 14.68  0.04  0.28  0.24  0.08  0.00  0.00  0.00  0.00  0.00

----- Extended Results: Exact PED, KED and TED analysis per mode -----

Normal mode at the following harmonic frequency: 99 cm-1

Potential energy distribution matrix (normalization check: 1.0)

Internal Coordinate (O1, O4) (O4, H5) (O4, D6) (O1, H2) (O1, H3) (H2, O4, D6) (O1, O4, H5) (H5, O4, D6) (H2, O1, H3) (O1, H2, O4) (O1, H2, O4) (H3, O1, O4, D6)
           (O1, O4)     0.00     0.00    -0.00     0.00    -0.00         0.01        -0.01         0.00        -0.00        -0.00         0.00            -0.00
           (O4, H5)     0.00     0.00     0.00     0.00     0.00         0.00        -0.00         0.00        -0.00         0.00         0.00             0.00
           (O4, D6)    -0.00     0.00     0.00    -0.00    -0.00        -0.00         0.00        -0.00         0.00         0.00        -0.00            -0.00
           (O1, H2)     0.00     0.00    -0.00     0.00     0.00         0.00        -0.00         0.00         0.00        -0.00         0.00            -0.00
           (O1, H3)    -0.00     0.00    -0.00     0.00     0.00         0.00        -0.00         0.00        -0.00         0.00        -0.00             0.00
       (H2, O4, D6)     0.01     0.00    -0.00     0.00     0.00         1.65        -0.02         0.00         0.00        -1.20         0.01             0.10
       (O1, O4, H5)    -0.01    -0.00     0.00    -0.00    -0.00        -0.02         0.92         0.00        -0.00        -0.75        -0.07             0.00
       (H5, O4, D6)     0.00     0.00    -0.00     0.00     0.00         0.00         0.00         0.00         0.00        -0.00         0.00             0.00
       (H2, O1, H3)    -0.00    -0.00     0.00     0.00    -0.00         0.00        -0.00         0.00         0.00        -0.00         0.00             0.00
       (O1, H2, O4)    -0.00     0.00     0.00    -0.00     0.00        -1.20        -0.75        -0.00        -0.00         2.35         0.04            -0.12
       (O1, H2, O4)     0.00     0.00    -0.00     0.00    -0.00         0.01        -0.07         0.00         0.00         0.04         0.01            -0.00
   (H3, O1, O4, D6)    -0.00     0.00    -0.00    -0.00     0.00         0.10         0.00         0.00         0.00        -0.12        -0.00             0.07

Kinetic energy distribution matrix (normalization check: 1.0)

Internal Coordinate (O1, O4) (O4, H5) (O4, D6) (O1, H2) (O1, H3) (H2, O4, D6) (O1, O4, H5) (H5, O4, D6) (H2, O1, H3) (O1, H2, O4) (O1, H2, O4) (H3, O1, O4, D6)
           (O1, O4)     0.00     0.00    -0.00     0.00     0.00         0.00        -0.00         0.00        -0.00         0.00         0.00            -0.00
           (O4, H5)     0.00     0.00     0.00    -0.00    -0.00         0.00         0.00        -0.00         0.00         0.00        -0.00             0.00
           (O4, D6)    -0.00     0.00     0.00     0.00     0.00         0.00         0.00         0.00        -0.00        -0.00         0.00            -0.00
           (O1, H2)     0.00    -0.00     0.00     0.00     0.00        -0.00         0.00        -0.00        -0.00        -0.00         0.00            -0.00
           (O1, H3)     0.00    -0.00     0.00     0.00     0.00        -0.00         0.00         0.00         0.00        -0.00         0.00             0.00
       (H2, O4, D6)     0.00     0.00     0.00    -0.00    -0.00         0.51        -0.08         0.00         0.00         0.18        -0.00             0.02
       (O1, O4, H5)    -0.00     0.00     0.00     0.00     0.00        -0.08         0.22        -0.00        -0.00        -0.02         0.00            -0.02
       (H5, O4, D6)     0.00    -0.00     0.00    -0.00     0.00         0.00        -0.00         0.00        -0.00         0.00        -0.00             0.00
       (H2, O1, H3)    -0.00     0.00    -0.00    -0.00     0.00         0.00        -0.00        -0.00         0.00         0.00        -0.00             0.00
       (O1, H2, O4)     0.00     0.00    -0.00    -0.00    -0.00         0.18        -0.02         0.00         0.00         0.20        -0.00             0.00
       (O1, H2, O4)     0.00    -0.00     0.00     0.00     0.00        -0.00         0.00        -0.00        -0.00        -0.00         0.00            -0.00
   (H3, O1, O4, D6)    -0.00     0.00    -0.00    -0.00     0.00         0.02        -0.02         0.00         0.00         0.00        -0.00             0.04

Total energy distribution matrix (normalization check: 1.0)

Internal Coordinate (O1, O4) (O4, H5) (O4, D6) (O1, H2) (O1, H3) (H2, O4, D6) (O1, O4, H5) (H5, O4, D6) (H2, O1, H3) (O1, H2, O4) (O1, H2, O4) (H3, O1, O4, D6)
           (O1, O4)     0.00     0.00    -0.00     0.00    -0.00         0.01        -0.00         0.00        -0.00        -0.00         0.00            -0.00
           (O4, H5)     0.00     0.00     0.00     0.00     0.00         0.00        -0.00         0.00        -0.00         0.00         0.00             0.00
           (O4, D6)    -0.00     0.00     0.00    -0.00    -0.00        -0.00         0.00        -0.00         0.00         0.00        -0.00            -0.00
           (O1, H2)     0.00     0.00    -0.00     0.00     0.00         0.00        -0.00         0.00         0.00        -0.00         0.00            -0.00
           (O1, H3)    -0.00     0.00    -0.00     0.00     0.00         0.00        -0.00         0.00        -0.00         0.00        -0.00             0.00
       (H2, O4, D6)     0.01     0.00    -0.00     0.00     0.00         1.08        -0.05         0.00         0.00        -0.51         0.01             0.06
       (O1, O4, H5)    -0.00    -0.00     0.00    -0.00    -0.00        -0.05         0.57        -0.00        -0.00        -0.38        -0.03            -0.01
       (H5, O4, D6)     0.00     0.00    -0.00     0.00     0.00         0.00        -0.00         0.00         0.00        -0.00         0.00             0.00
       (H2, O1, H3)    -0.00    -0.00     0.00     0.00    -0.00         0.00        -0.00         0.00         0.00        -0.00         0.00             0.00
       (O1, H2, O4)    -0.00     0.00     0.00    -0.00     0.00        -0.51        -0.38        -0.00        -0.00         1.28         0.02            -0.06
       (O1, H2, O4)     0.00     0.00    -0.00     0.00    -0.00         0.01        -0.03         0.00         0.00         0.02         0.01            -0.00
   (H3, O1, O4, D6)    -0.00     0.00    -0.00    -0.00     0.00         0.06        -0.01         0.00         0.00        -0.06        -0.00             0.05

----- Extended Results: Exact PED, KED and TED analysis per mode -----

Normal mode at the following harmonic frequency: 120 cm-1

Potential energy distribution matrix (normalization check: 1.0)

Internal Coordinate (O1, O4) (O4, H5) (O4, D6) (O1, H2) (O1, H3) (H2, O4, D6) (O1, O4, H5) (H5, O4, D6) (H2, O1, H3) (O1, H2, O4) (O1, H2, O4) (H3, O1, O4, D6)
           (O1, O4)     0.00    -0.00    -0.00     0.00    -0.00         0.00         0.00         0.00        -0.00         0.00        -0.01             0.00
           (O4, H5)    -0.00     0.00    -0.00    -0.00    -0.00        -0.00        -0.00        -0.00         0.00         0.00         0.00             0.00
           (O4, D6)    -0.00    -0.00     0.00    -0.00    -0.00        -0.00        -0.00        -0.00         0.00        -0.00         0.00             0.00
           (O1, H2)     0.00    -0.00    -0.00     0.00     0.00         0.00         0.00         0.00         0.00         0.00        -0.00             0.00
           (O1, H3)    -0.00    -0.00    -0.00     0.00     0.00         0.00         0.00         0.00        -0.00        -0.00         0.00            -0.00
       (H2, O4, D6)     0.00    -0.00    -0.00     0.00     0.00         0.27         0.01         0.00         0.00         0.03        -0.06            -0.15
       (O1, O4, H5)     0.00    -0.00    -0.00     0.00     0.00         0.01         0.86        -0.00         0.00        -0.04        -0.65             0.00
       (H5, O4, D6)     0.00    -0.00    -0.00     0.00     0.00         0.00        -0.00         0.01         0.00         0.00        -0.00            -0.00
       (H2, O1, H3)    -0.00     0.00     0.00     0.00    -0.00         0.00         0.00         0.00         0.02         0.00        -0.02            -0.00
       (O1, H2, O4)     0.00     0.00    -0.00     0.00    -0.00         0.03        -0.04         0.00         0.00         0.01         0.02            -0.03
       (O1, H2, O4)    -0.01     0.00     0.00    -0.00     0.00        -0.06        -0.65        -0.00        -0.02         0.02         1.02            -0.15
   (H3, O1, O4, D6)     0.00     0.00     0.00     0.00    -0.00        -0.15         0.00        -0.00        -0.00        -0.03        -0.15             0.86

Kinetic energy distribution matrix (normalization check: 1.0)

Internal Coordinate (O1, O4) (O4, H5) (O4, D6) (O1, H2) (O1, H3) (H2, O4, D6) (O1, O4, H5) (H5, O4, D6) (H2, O1, H3) (O1, H2, O4) (O1, H2, O4) (H3, O1, O4, D6)
           (O1, O4)     0.00    -0.00    -0.00     0.00     0.00         0.00         0.00         0.00        -0.00        -0.00        -0.00             0.00
           (O4, H5)    -0.00     0.00    -0.00     0.00     0.00        -0.00         0.00         0.00        -0.00         0.00        -0.00             0.00
           (O4, D6)    -0.00    -0.00     0.00     0.00     0.00         0.00        -0.00         0.00        -0.00         0.00        -0.00             0.00
           (O1, H2)     0.00     0.00     0.00     0.00     0.00        -0.00        -0.00        -0.00        -0.00         0.00        -0.00             0.00
           (O1, H3)     0.00     0.00     0.00     0.00     0.00        -0.00        -0.00         0.00         0.00         0.00        -0.00            -0.00
       (H2, O4, D6)     0.00    -0.00     0.00    -0.00    -0.00         0.13         0.05         0.00         0.00        -0.01         0.01            -0.04
       (O1, O4, H5)     0.00     0.00    -0.00    -0.00    -0.00         0.05         0.30         0.00         0.00        -0.00         0.01            -0.11
       (H5, O4, D6)     0.00     0.00     0.00    -0.00     0.00         0.00         0.00         0.00        -0.00        -0.00         0.00            -0.00
       (H2, O1, H3)    -0.00    -0.00    -0.00    -0.00     0.00         0.00         0.00        -0.00         0.00        -0.00         0.00            -0.00
       (O1, H2, O4)    -0.00     0.00     0.00     0.00     0.00        -0.01        -0.00        -0.00        -0.00         0.00        -0.00             0.00
       (O1, H2, O4)    -0.00    -0.00    -0.00    -0.00    -0.00         0.01         0.01         0.00         0.00        -0.00         0.16            -0.01
   (H3, O1, O4, D6)     0.00     0.00     0.00     0.00    -0.00        -0.04        -0.11        -0.00        -0.00         0.00        -0.01             0.79

Total energy distribution matrix (normalization check: 1.0)

Internal Coordinate (O1, O4) (O4, H5) (O4, D6) (O1, H2) (O1, H3) (H2, O4, D6) (O1, O4, H5) (H5, O4, D6) (H2, O1, H3) (O1, H2, O4) (O1, H2, O4) (H3, O1, O4, D6)
           (O1, O4)     0.00    -0.00    -0.00     0.00    -0.00         0.00         0.00         0.00        -0.00        -0.00        -0.00             0.00
           (O4, H5)    -0.00     0.00    -0.00    -0.00    -0.00        -0.00        -0.00        -0.00         0.00         0.00         0.00             0.00
           (O4, D6)    -0.00    -0.00     0.00    -0.00    -0.00        -0.00        -0.00        -0.00         0.00        -0.00         0.00             0.00
           (O1, H2)     0.00    -0.00    -0.00     0.00     0.00         0.00         0.00         0.00         0.00         0.00        -0.00             0.00
           (O1, H3)    -0.00    -0.00    -0.00     0.00     0.00         0.00         0.00         0.00        -0.00        -0.00         0.00            -0.00
       (H2, O4, D6)     0.00    -0.00    -0.00     0.00     0.00         0.20         0.03         0.00         0.00         0.01        -0.02            -0.10
       (O1, O4, H5)     0.00    -0.00    -0.00     0.00     0.00         0.03         0.58         0.00         0.00        -0.02        -0.32            -0.05
       (H5, O4, D6)     0.00    -0.00    -0.00     0.00     0.00         0.00         0.00         0.00         0.00         0.00        -0.00            -0.00
       (H2, O1, H3)    -0.00     0.00     0.00     0.00    -0.00         0.00         0.00         0.00         0.01         0.00        -0.01            -0.00
       (O1, H2, O4)    -0.00     0.00    -0.00     0.00    -0.00         0.01        -0.02         0.00         0.00         0.00         0.01            -0.01
       (O1, H2, O4)    -0.00     0.00     0.00    -0.00     0.00        -0.02        -0.32        -0.00        -0.01         0.01         0.59            -0.08
   (H3, O1, O4, D6)     0.00     0.00     0.00     0.00    -0.00        -0.10        -0.05        -0.00        -0.00        -0.01        -0.08             0.83

----- Extended Results: Exact PED, KED and TED analysis per mode -----

Normal mode at the following harmonic frequency: 141 cm-1

Potential energy distribution matrix (normalization check: 1.0)

Internal Coordinate (O1, O4) (O4, H5) (O4, D6) (O1, H2) (O1, H3) (H2, O4, D6) (O1, O4, H5) (H5, O4, D6) (H2, O1, H3) (O1, H2, O4) (O1, H2, O4) (H3, O1, O4, D6)
           (O1, O4)     0.01    -0.00    -0.00     0.00    -0.00        -0.00         0.01         0.00        -0.00         0.00        -0.01            -0.00
           (O4, H5)    -0.00     0.00    -0.00    -0.00    -0.00         0.00        -0.00        -0.00         0.00         0.00         0.00            -0.00
           (O4, D6)    -0.00    -0.00     0.00    -0.00    -0.00         0.00        -0.00        -0.00         0.00        -0.00         0.00            -0.00
           (O1, H2)     0.00    -0.00    -0.00     0.00     0.00        -0.00         0.00         0.00         0.00         0.00        -0.00            -0.00
           (O1, H3)    -0.00    -0.00    -0.00     0.00     0.00        -0.00         0.00         0.00        -0.00        -0.00         0.00             0.00
       (H2, O4, D6)    -0.00     0.00     0.00    -0.00    -0.00         0.00        -0.00        -0.00        -0.00        -0.00         0.00            -0.01
       (O1, O4, H5)     0.01    -0.00    -0.00     0.00     0.00        -0.00         1.11        -0.00         0.00        -0.06        -0.57            -0.00
       (H5, O4, D6)     0.00    -0.00    -0.00     0.00     0.00        -0.00        -0.00         0.00         0.00         0.00        -0.00             0.00
       (H2, O1, H3)    -0.00     0.00     0.00     0.00    -0.00        -0.00         0.00         0.00         0.01         0.00        -0.01             0.00
       (O1, H2, O4)     0.00     0.00    -0.00     0.00    -0.00        -0.00        -0.06         0.00         0.00         0.01         0.02             0.02
       (O1, H2, O4)    -0.01     0.00     0.00    -0.00     0.00         0.00        -0.57        -0.00        -0.01         0.02         0.61             0.07
   (H3, O1, O4, D6)    -0.00    -0.00    -0.00    -0.00     0.00        -0.01        -0.00         0.00         0.00         0.02         0.07             0.30

Kinetic energy distribution matrix (normalization check: 1.0)

Internal Coordinate (O1, O4) (O4, H5) (O4, D6) (O1, H2) (O1, H3) (H2, O4, D6) (O1, O4, H5) (H5, O4, D6) (H2, O1, H3) (O1, H2, O4) (O1, H2, O4) (H3, O1, O4, D6)
           (O1, O4)     0.00    -0.00    -0.00     0.00     0.00        -0.00         0.01         0.00        -0.00        -0.00        -0.00            -0.00
           (O4, H5)    -0.00     0.00    -0.00     0.00     0.00         0.00         0.00         0.00        -0.00         0.00        -0.00            -0.00
           (O4, D6)    -0.00    -0.00     0.00     0.00     0.00        -0.00        -0.00         0.00        -0.00         0.00        -0.00            -0.00
           (O1, H2)     0.00     0.00     0.00     0.00     0.00         0.00        -0.00        -0.00        -0.00         0.00        -0.00            -0.00
           (O1, H3)     0.00     0.00     0.00     0.00     0.00         0.00        -0.00         0.00         0.00         0.00        -0.00             0.00
       (H2, O4, D6)    -0.00     0.00    -0.00     0.00     0.00         0.00        -0.01        -0.00        -0.00         0.00        -0.00            -0.00
       (O1, O4, H5)     0.01     0.00    -0.00    -0.00    -0.00        -0.01         0.55         0.00         0.00        -0.00         0.01             0.10
       (H5, O4, D6)     0.00     0.00     0.00    -0.00     0.00        -0.00         0.00         0.00        -0.00        -0.00         0.00             0.00
       (H2, O1, H3)    -0.00    -0.00    -0.00    -0.00     0.00        -0.00         0.00        -0.00         0.00        -0.00         0.00             0.00
       (O1, H2, O4)    -0.00     0.00     0.00     0.00     0.00         0.00        -0.00        -0.00        -0.00         0.00        -0.00            -0.00
       (O1, H2, O4)    -0.00    -0.00    -0.00    -0.00    -0.00        -0.00         0.01         0.00         0.00        -0.00         0.13             0.01
   (H3, O1, O4, D6)    -0.00    -0.00    -0.00    -0.00     0.00        -0.00         0.10         0.00         0.00        -0.00         0.01             0.38

Total energy distribution matrix (normalization check: 1.0)

Internal Coordinate (O1, O4) (O4, H5) (O4, D6) (O1, H2) (O1, H3) (H2, O4, D6) (O1, O4, H5) (H5, O4, D6) (H2, O1, H3) (O1, H2, O4) (O1, H2, O4) (H3, O1, O4, D6)
           (O1, O4)     0.00    -0.00    -0.00     0.00    -0.00        -0.00         0.01         0.00        -0.00        -0.00        -0.00            -0.00
           (O4, H5)    -0.00     0.00    -0.00    -0.00    -0.00         0.00        -0.00        -0.00         0.00         0.00         0.00            -0.00
           (O4, D6)    -0.00    -0.00     0.00    -0.00    -0.00         0.00        -0.00        -0.00         0.00        -0.00         0.00            -0.00
           (O1, H2)     0.00    -0.00    -0.00     0.00     0.00        -0.00         0.00         0.00         0.00         0.00        -0.00            -0.00
           (O1, H3)    -0.00    -0.00    -0.00     0.00     0.00        -0.00         0.00         0.00        -0.00        -0.00         0.00             0.00
       (H2, O4, D6)    -0.00     0.00     0.00    -0.00    -0.00         0.00        -0.00        -0.00        -0.00        -0.00         0.00            -0.01
       (O1, O4, H5)     0.01    -0.00    -0.00     0.00     0.00        -0.00         0.83         0.00         0.00        -0.03        -0.28             0.05
       (H5, O4, D6)     0.00    -0.00    -0.00     0.00     0.00        -0.00         0.00         0.00         0.00         0.00        -0.00             0.00
       (H2, O1, H3)    -0.00     0.00     0.00     0.00    -0.00        -0.00         0.00         0.00         0.01         0.00        -0.00             0.00
       (O1, H2, O4)    -0.00     0.00    -0.00     0.00    -0.00        -0.00        -0.03         0.00         0.00         0.01         0.01             0.01
       (O1, H2, O4)    -0.00     0.00     0.00    -0.00     0.00         0.00        -0.28        -0.00        -0.00         0.01         0.37             0.04
   (H3, O1, O4, D6)    -0.00    -0.00    -0.00    -0.00     0.00        -0.01         0.05         0.00         0.00         0.01         0.04             0.34

----- Extended Results: Exact PED, KED and TED analysis per mode -----

Normal mode at the following harmonic frequency: 170 cm-1

Potential energy distribution matrix (normalization check: 1.0)

Internal Coordinate (O1, O4) (O4, H5) (O4, D6) (O1, H2) (O1, H3) (H2, O4, D6) (O1, O4, H5) (H5, O4, D6) (H2, O1, H3) (O1, H2, O4) (O1, H2, O4) (H3, O1, O4, D6)
           (O1, O4)     1.00     0.00     0.00    -0.00    -0.00        -0.01        -0.01        -0.00         0.00         0.00         0.01            -0.00
           (O4, H5)     0.00     0.00    -0.00    -0.00     0.00        -0.00        -0.00        -0.00         0.00        -0.00         0.00             0.00
           (O4, D6)     0.00    -0.00     0.00    -0.00     0.00        -0.00        -0.00        -0.00         0.00         0.00         0.00             0.00
           (O1, H2)    -0.00    -0.00    -0.00     0.00    -0.00         0.00         0.00         0.00         0.00        -0.00        -0.00             0.00
           (O1, H3)    -0.00     0.00     0.00    -0.00     0.00        -0.00        -0.00        -0.00         0.00        -0.00        -0.00             0.00
       (H2, O4, D6)    -0.01    -0.00    -0.00     0.00    -0.00         0.02         0.00         0.00         0.00        -0.01        -0.00            -0.00
       (O1, O4, H5)    -0.01    -0.00    -0.00     0.00    -0.00         0.00         0.01        -0.00         0.00         0.01        -0.01             0.00
       (H5, O4, D6)    -0.00    -0.00    -0.00     0.00    -0.00         0.00        -0.00         0.00         0.00        -0.00        -0.00            -0.00
       (H2, O1, H3)     0.00     0.00     0.00     0.00     0.00         0.00         0.00         0.00         0.00        -0.00        -0.00            -0.00
       (O1, H2, O4)     0.00    -0.00     0.00    -0.00    -0.00        -0.01         0.01        -0.00        -0.00         0.01        -0.00             0.00
       (O1, H2, O4)     0.01     0.00     0.00    -0.00    -0.00        -0.00        -0.01        -0.00        -0.00        -0.00         0.01            -0.00
   (H3, O1, O4, D6)    -0.00     0.00     0.00     0.00     0.00        -0.00         0.00        -0.00        -0.00         0.00        -0.00             0.00

Kinetic energy distribution matrix (normalization check: 1.0)

Internal Coordinate (O1, O4) (O4, H5) (O4, D6) (O1, H2) (O1, H3) (H2, O4, D6) (O1, O4, H5) (H5, O4, D6) (H2, O1, H3) (O1, H2, O4) (O1, H2, O4) (H3, O1, O4, D6)
           (O1, O4)     1.02     0.00     0.00    -0.00     0.00        -0.03        -0.01        -0.00         0.00        -0.00         0.01            -0.00
           (O4, H5)     0.00     0.00    -0.00     0.00    -0.00        -0.00         0.00         0.00        -0.00        -0.00        -0.00             0.00
           (O4, D6)     0.00    -0.00     0.00     0.00    -0.00         0.00        -0.00         0.00        -0.00        -0.00        -0.00             0.00
           (O1, H2)    -0.00     0.00     0.00     0.00    -0.00        -0.00        -0.00        -0.00        -0.00        -0.00        -0.00             0.00
           (O1, H3)     0.00    -0.00    -0.00    -0.00     0.00         0.00         0.00        -0.00        -0.00         0.00         0.00             0.00
       (H2, O4, D6)    -0.03    -0.00     0.00    -0.00     0.00         0.02         0.00         0.00         0.00         0.00         0.00            -0.00
       (O1, O4, H5)    -0.01     0.00    -0.00    -0.00     0.00         0.00         0.01         0.00         0.00         0.00         0.00            -0.00
       (H5, O4, D6)    -0.00     0.00     0.00    -0.00    -0.00         0.00         0.00         0.00        -0.00         0.00         0.00            -0.00
       (H2, O1, H3)     0.00    -0.00    -0.00    -0.00    -0.00         0.00         0.00        -0.00         0.00         0.00         0.00            -0.00
       (O1, H2, O4)    -0.00    -0.00    -0.00    -0.00     0.00         0.00         0.00         0.00         0.00         0.00         0.00            -0.00
       (O1, H2, O4)     0.01    -0.00    -0.00    -0.00     0.00         0.00         0.00         0.00         0.00         0.00         0.00            -0.00
   (H3, O1, O4, D6)    -0.00     0.00     0.00     0.00     0.00        -0.00        -0.00        -0.00        -0.00        -0.00        -0.00             0.00

Total energy distribution matrix (normalization check: 1.0)

Internal Coordinate (O1, O4) (O4, H5) (O4, D6) (O1, H2) (O1, H3) (H2, O4, D6) (O1, O4, H5) (H5, O4, D6) (H2, O1, H3) (O1, H2, O4) (O1, H2, O4) (H3, O1, O4, D6)
           (O1, O4)     1.01     0.00     0.00    -0.00    -0.00        -0.02        -0.01        -0.00         0.00        -0.00         0.01            -0.00
           (O4, H5)     0.00     0.00    -0.00    -0.00     0.00        -0.00        -0.00        -0.00        -0.00        -0.00         0.00             0.00
           (O4, D6)     0.00    -0.00     0.00    -0.00     0.00        -0.00        -0.00        -0.00        -0.00         0.00         0.00             0.00
           (O1, H2)    -0.00    -0.00    -0.00     0.00    -0.00         0.00         0.00         0.00         0.00        -0.00        -0.00             0.00
           (O1, H3)    -0.00     0.00     0.00    -0.00     0.00        -0.00         0.00        -0.00         0.00        -0.00        -0.00             0.00
       (H2, O4, D6)    -0.02    -0.00    -0.00     0.00    -0.00         0.02         0.00         0.00         0.00        -0.00        -0.00            -0.00
       (O1, O4, H5)    -0.01    -0.00    -0.00     0.00     0.00         0.00         0.01         0.00         0.00         0.00        -0.00            -0.00
       (H5, O4, D6)    -0.00    -0.00    -0.00     0.00    -0.00         0.00         0.00         0.00         0.00        -0.00        -0.00            -0.00
       (H2, O1, H3)     0.00    -0.00    -0.00     0.00     0.00         0.00         0.00         0.00         0.00        -0.00        -0.00            -0.00
       (O1, H2, O4)    -0.00    -0.00     0.00    -0.00    -0.00        -0.00         0.00        -0.00        -0.00         0.01        -0.00             0.00
       (O1, H2, O4)     0.01     0.00     0.00    -0.00    -0.00        -0.00        -0.00        -0.00        -0.00        -0.00         0.01            -0.00
   (H3, O1, O4, D6)    -0.00     0.00     0.00     0.00     0.00        -0.00        -0.00        -0.00        -0.00         0.00        -0.00             0.00

----- Extended Results: Exact PED, KED and TED analysis per mode -----

Normal mode at the following harmonic frequency: 327 cm-1

Potential energy distribution matrix (normalization check: 1.0)

Internal Coordinate (O1, O4) (O4, H5) (O4, D6) (O1, H2) (O1, H3) (H2, O4, D6) (O1, O4, H5) (H5, O4, D6) (H2, O1, H3) (O1, H2, O4) (O1, H2, O4) (H3, O1, O4, D6)
           (O1, O4)     0.01     0.00     0.00     0.00    -0.00        -0.00        -0.00        -0.00        -0.00        -0.00        -0.01            -0.00
           (O4, H5)     0.00     0.00    -0.00     0.00     0.00        -0.00        -0.00        -0.00        -0.00         0.00        -0.00             0.00
           (O4, D6)     0.00    -0.00     0.00     0.00     0.00        -0.00        -0.00        -0.00        -0.00        -0.00        -0.00             0.00
           (O1, H2)     0.00     0.00     0.00     0.00     0.00        -0.00        -0.00        -0.00         0.00        -0.00        -0.00            -0.00
           (O1, H3)    -0.00     0.00     0.00     0.00     0.00        -0.00        -0.00        -0.00        -0.00         0.00         0.00             0.00
       (H2, O4, D6)    -0.00    -0.00    -0.00    -0.00    -0.00         0.10         0.00         0.00        -0.00         0.07         0.02            -0.00
       (O1, O4, H5)    -0.00    -0.00    -0.00    -0.00    -0.00         0.00         0.09        -0.00        -0.00        -0.05         0.14             0.00
       (H5, O4, D6)    -0.00    -0.00    -0.00    -0.00    -0.00         0.00        -0.00         0.00        -0.00         0.00         0.00            -0.00
       (H2, O1, H3)    -0.00    -0.00    -0.00     0.00    -0.00        -0.00        -0.00        -0.00         0.09        -0.00        -0.03             0.00
       (O1, H2, O4)    -0.00     0.00    -0.00    -0.00     0.00         0.07        -0.05         0.00        -0.00         0.12        -0.06            -0.01
       (O1, H2, O4)    -0.01    -0.00    -0.00    -0.00     0.00         0.02         0.14         0.00        -0.03        -0.06         0.47             0.01
   (H3, O1, O4, D6)    -0.00     0.00     0.00    -0.00     0.00        -0.00         0.00        -0.00         0.00        -0.01         0.01             0.00

Kinetic energy distribution matrix (normalization check: 1.0)

Internal Coordinate (O1, O4) (O4, H5) (O4, D6) (O1, H2) (O1, H3) (H2, O4, D6) (O1, O4, H5) (H5, O4, D6) (H2, O1, H3) (O1, H2, O4) (O1, H2, O4) (H3, O1, O4, D6)
           (O1, O4)     0.04     0.00     0.00     0.00     0.00        -0.02        -0.01        -0.00        -0.00         0.00        -0.01            -0.00
           (O4, H5)     0.00     0.00    -0.00    -0.00    -0.00        -0.00         0.00         0.00         0.00         0.00         0.00             0.00
           (O4, D6)     0.00    -0.00     0.00    -0.00    -0.00         0.00        -0.00         0.00         0.00         0.00         0.00             0.00
           (O1, H2)     0.00    -0.00    -0.00     0.00     0.00         0.00         0.00         0.00        -0.00        -0.00        -0.00            -0.00
           (O1, H3)     0.00    -0.00    -0.00     0.00     0.00         0.00         0.00        -0.00         0.00        -0.00        -0.00             0.00
       (H2, O4, D6)    -0.02    -0.00     0.00     0.00     0.00         0.34         0.07         0.00        -0.00        -0.11        -0.04            -0.01
       (O1, O4, H5)    -0.01     0.00    -0.00     0.00     0.00         0.07         0.23         0.00        -0.00        -0.02        -0.01            -0.01
       (H5, O4, D6)    -0.00     0.00     0.00     0.00    -0.00         0.00         0.00         0.00         0.00        -0.00        -0.00            -0.00
       (H2, O1, H3)    -0.00     0.00     0.00    -0.00     0.00        -0.00        -0.00         0.00         0.01         0.01         0.04             0.00
       (O1, H2, O4)     0.00     0.00     0.00    -0.00    -0.00        -0.11        -0.02        -0.00         0.01         0.11         0.05             0.00
       (O1, H2, O4)    -0.01     0.00     0.00    -0.00    -0.00        -0.04        -0.01        -0.00         0.04         0.05         0.55             0.00
   (H3, O1, O4, D6)    -0.00     0.00     0.00    -0.00     0.00        -0.01        -0.01        -0.00         0.00         0.00         0.00             0.02

Total energy distribution matrix (normalization check: 1.0)

Internal Coordinate (O1, O4) (O4, H5) (O4, D6) (O1, H2) (O1, H3) (H2, O4, D6) (O1, O4, H5) (H5, O4, D6) (H2, O1, H3) (O1, H2, O4) (O1, H2, O4) (H3, O1, O4, D6)
           (O1, O4)     0.02     0.00     0.00     0.00     0.00        -0.01        -0.01        -0.00        -0.00         0.00        -0.01            -0.00
           (O4, H5)     0.00     0.00    -0.00     0.00    -0.00        -0.00        -0.00        -0.00         0.00         0.00        -0.00             0.00
           (O4, D6)     0.00    -0.00     0.00     0.00    -0.00        -0.00        -0.00        -0.00         0.00        -0.00        -0.00             0.00
           (O1, H2)     0.00     0.00     0.00     0.00     0.00        -0.00        -0.00        -0.00         0.00        -0.00        -0.00            -0.00
           (O1, H3)     0.00    -0.00    -0.00     0.00     0.00         0.00         0.00        -0.00        -0.00        -0.00         0.00             0.00
       (H2, O4, D6)    -0.01    -0.00    -0.00    -0.00     0.00         0.22         0.03         0.00        -0.00        -0.02        -0.01            -0.01
       (O1, O4, H5)    -0.01    -0.00    -0.00    -0.00     0.00         0.03         0.16         0.00        -0.00        -0.03         0.06            -0.01
       (H5, O4, D6)    -0.00    -0.00    -0.00    -0.00    -0.00         0.00         0.00         0.00         0.00        -0.00         0.00            -0.00
       (H2, O1, H3)    -0.00     0.00     0.00     0.00    -0.00        -0.00        -0.00         0.00         0.05         0.00         0.01             0.00
       (O1, H2, O4)     0.00     0.00    -0.00    -0.00    -0.00        -0.02        -0.03        -0.00         0.00         0.11        -0.01            -0.00
       (O1, H2, O4)    -0.01    -0.00    -0.00    -0.00     0.00        -0.01         0.06         0.00         0.01        -0.01         0.51             0.00
   (H3, O1, O4, D6)    -0.00     0.00     0.00    -0.00     0.00        -0.01        -0.01        -0.00         0.00        -0.00         0.00             0.01

----- Extended Results: Exact PED, KED and TED analysis per mode -----

Normal mode at the following harmonic frequency: 593 cm-1

Potential energy distribution matrix (normalization check: 1.0)

Internal Coordinate (O1, O4) (O4, H5) (O4, D6) (O1, H2) (O1, H3) (H2, O4, D6) (O1, O4, H5) (H5, O4, D6) (H2, O1, H3) (O1, H2, O4) (O1, H2, O4) (H3, O1, O4, D6)
           (O1, O4)     0.00    -0.00    -0.00     0.00     0.00        -0.00         0.00         0.00         0.00        -0.00         0.00             0.00
           (O4, H5)    -0.00     0.00    -0.00    -0.00     0.00         0.00        -0.00        -0.00        -0.00        -0.00        -0.00             0.00
           (O4, D6)    -0.00    -0.00     0.00    -0.00     0.00         0.00        -0.00        -0.00        -0.00         0.00        -0.00             0.00
           (O1, H2)     0.00    -0.00    -0.00     0.00    -0.00        -0.00         0.00         0.00        -0.00        -0.00         0.00             0.00
           (O1, H3)     0.00     0.00     0.00    -0.00     0.00         0.00        -0.00        -0.00        -0.00        -0.00         0.00             0.00
       (H2, O4, D6)    -0.00     0.00     0.00    -0.00     0.00         0.07        -0.00        -0.00         0.00         0.11        -0.01             0.00
       (O1, O4, H5)     0.00    -0.00    -0.00     0.00    -0.00        -0.00         0.01        -0.00        -0.00         0.04         0.02             0.00
       (H5, O4, D6)     0.00    -0.00    -0.00     0.00    -0.00        -0.00        -0.00         0.00        -0.00        -0.00         0.00            -0.00
       (H2, O1, H3)     0.00    -0.00    -0.00    -0.00    -0.00         0.00        -0.00        -0.00         0.00         0.00        -0.00             0.00
       (O1, H2, O4)    -0.00    -0.00     0.00    -0.00    -0.00         0.11         0.04        -0.00         0.00         0.43         0.04             0.01
       (O1, H2, O4)     0.00    -0.00    -0.00     0.00     0.00        -0.01         0.02         0.00        -0.00         0.04         0.06             0.00
   (H3, O1, O4, D6)     0.00     0.00     0.00     0.00     0.00         0.00         0.00        -0.00         0.00         0.01         0.00             0.00

Kinetic energy distribution matrix (normalization check: 1.0)

Internal Coordinate (O1, O4) (O4, H5) (O4, D6) (O1, H2) (O1, H3) (H2, O4, D6) (O1, O4, H5) (H5, O4, D6) (H2, O1, H3) (O1, H2, O4) (O1, H2, O4) (H3, O1, O4, D6)
           (O1, O4)     0.00    -0.00    -0.00     0.00    -0.00        -0.00         0.00         0.00         0.00         0.00         0.00             0.00
           (O4, H5)    -0.00     0.00    -0.00     0.00    -0.00         0.00         0.00         0.00         0.00        -0.00         0.00             0.00
           (O4, D6)    -0.00    -0.00     0.00     0.00    -0.00        -0.00        -0.00         0.00         0.00        -0.00         0.00             0.00
           (O1, H2)     0.00     0.00     0.00     0.00    -0.00         0.00        -0.00        -0.00         0.00        -0.00         0.00             0.00
           (O1, H3)    -0.00    -0.00    -0.00    -0.00     0.00        -0.00         0.00        -0.00         0.00         0.00        -0.00             0.00
       (H2, O4, D6)    -0.00     0.00    -0.00     0.00    -0.00         0.78        -0.07        -0.01         0.00        -0.56         0.04             0.02
       (O1, O4, H5)     0.00     0.00    -0.00    -0.00     0.00        -0.07         0.12         0.00        -0.00         0.04        -0.01            -0.01
       (H5, O4, D6)     0.00     0.00     0.00    -0.00    -0.00        -0.01         0.00         0.00         0.00         0.00        -0.00            -0.00
       (H2, O1, H3)     0.00     0.00     0.00     0.00     0.00         0.00        -0.00         0.00         0.00        -0.00         0.00             0.00
       (O1, H2, O4)     0.00    -0.00    -0.00    -0.00     0.00        -0.56         0.04         0.00        -0.00         1.36        -0.12            -0.00
       (O1, H2, O4)     0.00     0.00     0.00     0.00    -0.00         0.04        -0.01        -0.00         0.00        -0.12         0.22             0.00
   (H3, O1, O4, D6)     0.00     0.00     0.00     0.00     0.00         0.02        -0.01        -0.00         0.00        -0.00         0.00             0.03

Total energy distribution matrix (normalization check: 1.0)

Internal Coordinate (O1, O4) (O4, H5) (O4, D6) (O1, H2) (O1, H3) (H2, O4, D6) (O1, O4, H5) (H5, O4, D6) (H2, O1, H3) (O1, H2, O4) (O1, H2, O4) (H3, O1, O4, D6)
           (O1, O4)     0.00    -0.00    -0.00     0.00    -0.00        -0.00         0.00         0.00         0.00         0.00         0.00             0.00
           (O4, H5)    -0.00     0.00    -0.00    -0.00    -0.00         0.00        -0.00        -0.00         0.00        -0.00         0.00             0.00
           (O4, D6)    -0.00    -0.00     0.00    -0.00    -0.00         0.00        -0.00        -0.00         0.00        -0.00         0.00             0.00
           (O1, H2)     0.00    -0.00    -0.00     0.00    -0.00         0.00        -0.00         0.00        -0.00        -0.00         0.00             0.00
           (O1, H3)    -0.00    -0.00    -0.00    -0.00     0.00        -0.00         0.00        -0.00        -0.00         0.00        -0.00             0.00
       (H2, O4, D6)    -0.00     0.00     0.00     0.00    -0.00         0.42        -0.04        -0.00         0.00        -0.23         0.01             0.01
       (O1, O4, H5)     0.00    -0.00    -0.00    -0.00     0.00        -0.04         0.07         0.00        -0.00         0.04         0.01            -0.01
       (H5, O4, D6)     0.00    -0.00    -0.00     0.00    -0.00        -0.00         0.00         0.00         0.00         0.00         0.00            -0.00
       (H2, O1, H3)     0.00     0.00     0.00    -0.00    -0.00         0.00        -0.00         0.00         0.00        -0.00         0.00             0.00
       (O1, H2, O4)     0.00    -0.00    -0.00    -0.00     0.00        -0.23         0.04         0.00        -0.00         0.90        -0.04             0.00
       (O1, H2, O4)     0.00     0.00     0.00     0.00    -0.00         0.01         0.01         0.00         0.00        -0.04         0.14             0.00
   (H3, O1, O4, D6)     0.00     0.00     0.00     0.00     0.00         0.01        -0.01        -0.00         0.00         0.00         0.00             0.02

----- Extended Results: Exact PED, KED and TED analysis per mode -----

Normal mode at the following harmonic frequency: 1534 cm-1

Potential energy distribution matrix (normalization check: 1.0)

Internal Coordinate (O1, O4) (O4, H5) (O4, D6) (O1, H2) (O1, H3) (H2, O4, D6) (O1, O4, H5) (H5, O4, D6) (H2, O1, H3) (O1, H2, O4) (O1, H2, O4) (H3, O1, O4, D6)
           (O1, O4)     0.00    -0.00    -0.00    -0.00    -0.00        -0.00        -0.00         0.00        -0.00         0.00         0.00             0.00
           (O4, H5)    -0.00     0.01    -0.00     0.00    -0.00         0.00         0.00        -0.01         0.00         0.00        -0.00             0.00
           (O4, D6)    -0.00    -0.00     0.00     0.00    -0.00         0.00         0.00        -0.01         0.00        -0.00        -0.00             0.00
           (O1, H2)    -0.00     0.00     0.00     0.00    -0.00         0.00         0.00        -0.00        -0.00        -0.00        -0.00            -0.00
           (O1, H3)    -0.00    -0.00    -0.00    -0.00     0.00        -0.00        -0.00         0.00        -0.00        -0.00        -0.00            -0.00
       (H2, O4, D6)    -0.00     0.00     0.00     0.00    -0.00         0.00         0.00        -0.00        -0.00        -0.00        -0.00             0.00
       (O1, O4, H5)    -0.00     0.00     0.00     0.00    -0.00         0.00         0.01         0.00        -0.00         0.00        -0.00            -0.00
       (H5, O4, D6)     0.00    -0.01    -0.01    -0.00     0.00        -0.00         0.00         1.01         0.00         0.00         0.00            -0.00
       (H2, O1, H3)    -0.00     0.00     0.00    -0.00    -0.00        -0.00        -0.00         0.00         0.00         0.00         0.00            -0.00
       (O1, H2, O4)     0.00     0.00    -0.00    -0.00    -0.00        -0.00         0.00         0.00         0.00         0.00        -0.00            -0.00
       (O1, H2, O4)     0.00    -0.00    -0.00    -0.00    -0.00        -0.00        -0.00         0.00         0.00        -0.00         0.00             0.00
   (H3, O1, O4, D6)     0.00     0.00     0.00    -0.00    -0.00         0.00        -0.00        -0.00        -0.00        -0.00         0.00             0.00

Kinetic energy distribution matrix (normalization check: 1.0)

Internal Coordinate (O1, O4) (O4, H5) (O4, D6) (O1, H2) (O1, H3) (H2, O4, D6) (O1, O4, H5) (H5, O4, D6) (H2, O1, H3) (O1, H2, O4) (O1, H2, O4) (H3, O1, O4, D6)
           (O1, O4)     0.03    -0.00    -0.00    -0.00     0.00        -0.01        -0.01         0.00        -0.00        -0.00         0.00             0.00
           (O4, H5)    -0.00     0.00    -0.00    -0.00     0.00         0.00        -0.00         0.00        -0.00         0.00         0.00             0.00
           (O4, D6)    -0.00    -0.00     0.00    -0.00     0.00        -0.00         0.00         0.00        -0.00         0.00         0.00             0.00
           (O1, H2)    -0.00    -0.00    -0.00     0.00    -0.00        -0.00        -0.00         0.00         0.00        -0.00        -0.00            -0.00
           (O1, H3)     0.00     0.00     0.00    -0.00     0.00         0.00         0.00         0.00         0.00         0.00         0.00            -0.00
       (H2, O4, D6)    -0.01     0.00    -0.00    -0.00     0.00         0.16         0.06        -0.25        -0.00         0.01         0.00             0.02
       (O1, O4, H5)    -0.01    -0.00     0.00    -0.00     0.00         0.06         0.42        -0.55        -0.00         0.00         0.00             0.05
       (H5, O4, D6)     0.00     0.00     0.00     0.00     0.00        -0.25        -0.55         2.21        -0.00        -0.01        -0.00            -0.19
       (H2, O1, H3)    -0.00    -0.00    -0.00     0.00     0.00        -0.00        -0.00        -0.00         0.00        -0.00        -0.00            -0.00
       (O1, H2, O4)    -0.00     0.00     0.00    -0.00     0.00         0.01         0.00        -0.01        -0.00         0.00         0.00             0.00
       (O1, H2, O4)     0.00     0.00     0.00    -0.00     0.00         0.00         0.00        -0.00        -0.00         0.00         0.00             0.00
   (H3, O1, O4, D6)     0.00     0.00     0.00    -0.00    -0.00         0.02         0.05        -0.19        -0.00         0.00         0.00             0.12

Total energy distribution matrix (normalization check: 1.0)

Internal Coordinate (O1, O4) (O4, H5) (O4, D6) (O1, H2) (O1, H3) (H2, O4, D6) (O1, O4, H5) (H5, O4, D6) (H2, O1, H3) (O1, H2, O4) (O1, H2, O4) (H3, O1, O4, D6)
           (O1, O4)     0.01    -0.00    -0.00    -0.00     0.00        -0.01        -0.01         0.00        -0.00        -0.00         0.00             0.00
           (O4, H5)    -0.00     0.00    -0.00    -0.00     0.00         0.00        -0.00        -0.00        -0.00         0.00         0.00             0.00
           (O4, D6)    -0.00    -0.00     0.00    -0.00     0.00         0.00         0.00        -0.00        -0.00         0.00         0.00             0.00
           (O1, H2)    -0.00    -0.00    -0.00     0.00    -0.00        -0.00        -0.00        -0.00        -0.00        -0.00        -0.00            -0.00
           (O1, H3)     0.00     0.00     0.00    -0.00     0.00         0.00         0.00         0.00        -0.00         0.00         0.00            -0.00
       (H2, O4, D6)    -0.01     0.00     0.00    -0.00     0.00         0.08         0.03        -0.13        -0.00         0.00         0.00             0.01
       (O1, O4, H5)    -0.01    -0.00     0.00    -0.00     0.00         0.03         0.22        -0.27        -0.00         0.00         0.00             0.02
       (H5, O4, D6)     0.00    -0.00    -0.00    -0.00     0.00        -0.13        -0.27         1.61        -0.00        -0.00        -0.00            -0.09
       (H2, O1, H3)    -0.00    -0.00    -0.00    -0.00    -0.00        -0.00        -0.00        -0.00         0.00        -0.00        -0.00            -0.00
       (O1, H2, O4)    -0.00     0.00     0.00    -0.00     0.00         0.00         0.00        -0.00        -0.00         0.00         0.00            -0.00
       (O1, H2, O4)     0.00     0.00     0.00    -0.00     0.00         0.00         0.00        -0.00        -0.00         0.00         0.00             0.00
   (H3, O1, O4, D6)     0.00     0.00     0.00    -0.00    -0.00         0.01         0.02        -0.09        -0.00        -0.00         0.00             0.06

----- Extended Results: Exact PED, KED and TED analysis per mode -----

Normal mode at the following harmonic frequency: 1779 cm-1

Potential energy distribution matrix (normalization check: 1.0)

Internal Coordinate (O1, O4) (O4, H5) (O4, D6) (O1, H2) (O1, H3) (H2, O4, D6) (O1, O4, H5) (H5, O4, D6) (H2, O1, H3) (O1, H2, O4) (O1, H2, O4) (H3, O1, O4, D6)
           (O1, O4)     0.00    -0.00    -0.00    -0.00    -0.00         0.00         0.00        -0.00        -0.00         0.00         0.00             0.00
           (O4, H5)    -0.00     0.00    -0.00     0.00    -0.00        -0.00        -0.00         0.00         0.00         0.00        -0.00             0.00
           (O4, D6)    -0.00    -0.00     0.00     0.00    -0.00        -0.00        -0.00         0.00         0.00        -0.00        -0.00             0.00
           (O1, H2)    -0.00     0.00     0.00     0.01    -0.00        -0.00        -0.00         0.00        -0.01        -0.00        -0.00            -0.00
           (O1, H3)    -0.00    -0.00    -0.00    -0.00     0.01         0.00         0.00        -0.00        -0.01        -0.00        -0.00            -0.00
       (H2, O4, D6)     0.00    -0.00    -0.00    -0.00     0.00         0.00         0.00        -0.00         0.00         0.00         0.00            -0.00
       (O1, O4, H5)     0.00    -0.00    -0.00    -0.00     0.00         0.00         0.00         0.00         0.00        -0.00         0.00             0.00
       (H5, O4, D6)    -0.00     0.00     0.00     0.00    -0.00        -0.00         0.00         0.00        -0.00        -0.00        -0.00             0.00
       (H2, O1, H3)    -0.00     0.00     0.00    -0.01    -0.01         0.00         0.00        -0.00         0.93         0.00         0.02            -0.00
       (O1, H2, O4)     0.00     0.00    -0.00    -0.00    -0.00         0.00        -0.00        -0.00         0.00         0.00        -0.00            -0.00
       (O1, H2, O4)     0.00    -0.00    -0.00    -0.00    -0.00         0.00         0.00        -0.00         0.02        -0.00         0.03             0.00
   (H3, O1, O4, D6)     0.00     0.00     0.00    -0.00    -0.00        -0.00         0.00         0.00        -0.00        -0.00         0.00             0.00

Kinetic energy distribution matrix (normalization check: 1.0)

Internal Coordinate (O1, O4) (O4, H5) (O4, D6) (O1, H2) (O1, H3) (H2, O4, D6) (O1, O4, H5) (H5, O4, D6) (H2, O1, H3) (O1, H2, O4) (O1, H2, O4) (H3, O1, O4, D6)
           (O1, O4)     0.01    -0.00    -0.00    -0.00     0.00         0.01         0.00        -0.00        -0.03        -0.00         0.01             0.00
           (O4, H5)    -0.00     0.00    -0.00    -0.00     0.00        -0.00         0.00        -0.00        -0.00         0.00         0.00             0.00
           (O4, D6)    -0.00    -0.00     0.00    -0.00     0.00         0.00        -0.00        -0.00        -0.00         0.00         0.00             0.00
           (O1, H2)    -0.00    -0.00    -0.00     0.00    -0.00         0.00         0.00        -0.00         0.00        -0.00        -0.00            -0.00
           (O1, H3)     0.00     0.00     0.00    -0.00     0.00        -0.00        -0.00        -0.00         0.00         0.00         0.00            -0.00
       (H2, O4, D6)     0.01    -0.00     0.00     0.00    -0.00         0.07         0.00        -0.00         0.01        -0.05        -0.02            -0.00
       (O1, O4, H5)     0.00     0.00    -0.00     0.00    -0.00         0.00         0.00        -0.00         0.00        -0.00        -0.00            -0.00
       (H5, O4, D6)    -0.00    -0.00    -0.00    -0.00    -0.00        -0.00        -0.00         0.00         0.00         0.00         0.00             0.00
       (H2, O1, H3)    -0.03    -0.00    -0.00     0.00     0.00         0.01         0.00         0.00         2.44        -0.14        -1.05            -0.00
       (O1, H2, O4)    -0.00     0.00     0.00    -0.00     0.00        -0.05        -0.00         0.00        -0.14         0.11         0.07             0.00
       (O1, H2, O4)     0.01     0.00     0.00    -0.00     0.00        -0.02        -0.00         0.00        -1.05         0.07         1.01             0.00
   (H3, O1, O4, D6)     0.00     0.00     0.00    -0.00    -0.00        -0.00        -0.00         0.00        -0.00         0.00         0.00             0.00

Total energy distribution matrix (normalization check: 1.0)

Internal Coordinate (O1, O4) (O4, H5) (O4, D6) (O1, H2) (O1, H3) (H2, O4, D6) (O1, O4, H5) (H5, O4, D6) (H2, O1, H3) (O1, H2, O4) (O1, H2, O4) (H3, O1, O4, D6)
           (O1, O4)     0.01    -0.00    -0.00    -0.00     0.00         0.00         0.00        -0.00        -0.01        -0.00         0.01             0.00
           (O4, H5)    -0.00     0.00    -0.00    -0.00     0.00        -0.00         0.00         0.00        -0.00         0.00         0.00             0.00
           (O4, D6)    -0.00    -0.00     0.00    -0.00     0.00        -0.00        -0.00         0.00        -0.00         0.00         0.00             0.00
           (O1, H2)    -0.00    -0.00    -0.00     0.00    -0.00         0.00         0.00         0.00        -0.00        -0.00        -0.00            -0.00
           (O1, H3)     0.00     0.00     0.00    -0.00     0.00        -0.00        -0.00        -0.00        -0.00         0.00         0.00            -0.00
       (H2, O4, D6)     0.00    -0.00    -0.00     0.00    -0.00         0.04         0.00        -0.00         0.00        -0.02        -0.01            -0.00
       (O1, O4, H5)     0.00     0.00    -0.00     0.00    -0.00         0.00         0.00        -0.00         0.00        -0.00        -0.00            -0.00
       (H5, O4, D6)    -0.00     0.00     0.00     0.00    -0.00        -0.00        -0.00         0.00         0.00         0.00         0.00             0.00
       (H2, O1, H3)    -0.01    -0.00    -0.00    -0.00    -0.00         0.00         0.00         0.00         1.68        -0.07        -0.51            -0.00
       (O1, H2, O4)    -0.00     0.00     0.00    -0.00     0.00        -0.02        -0.00         0.00        -0.07         0.06         0.04            -0.00
       (O1, H2, O4)     0.01     0.00     0.00    -0.00     0.00        -0.01        -0.00         0.00        -0.51         0.04         0.52             0.00
   (H3, O1, O4, D6)     0.00     0.00     0.00    -0.00    -0.00        -0.00        -0.00         0.00        -0.00        -0.00         0.00             0.00

----- Extended Results: Exact PED, KED and TED analysis per mode -----

Normal mode at the following harmonic frequency: 3041 cm-1

Potential energy distribution matrix (normalization check: 1.0)

Internal Coordinate (O1, O4) (O4, H5) (O4, D6) (O1, H2) (O1, H3) (H2, O4, D6) (O1, O4, H5) (H5, O4, D6) (H2, O1, H3) (O1, H2, O4) (O1, H2, O4) (H3, O1, O4, D6)
           (O1, O4)     0.00    -0.00    -0.00     0.00    -0.00         0.00        -0.00         0.00         0.00         0.00         0.00            -0.00
           (O4, H5)    -0.00     0.00    -0.00    -0.00    -0.00        -0.00         0.00        -0.00        -0.00         0.00        -0.00            -0.00
           (O4, D6)    -0.00    -0.00     1.00    -0.00    -0.00        -0.00         0.00        -0.00        -0.00        -0.00        -0.00            -0.00
           (O1, H2)     0.00    -0.00    -0.00     0.00     0.00         0.00        -0.00         0.00        -0.00         0.00         0.00            -0.00
           (O1, H3)    -0.00    -0.00    -0.00     0.00     0.00         0.00        -0.00         0.00         0.00        -0.00        -0.00             0.00
       (H2, O4, D6)     0.00    -0.00    -0.00     0.00     0.00         0.00        -0.00         0.00        -0.00         0.00         0.00             0.00
       (O1, O4, H5)    -0.00     0.00     0.00    -0.00    -0.00        -0.00         0.00         0.00         0.00         0.00        -0.00             0.00
       (H5, O4, D6)     0.00    -0.00    -0.00     0.00     0.00         0.00         0.00         0.00        -0.00         0.00         0.00             0.00
       (H2, O1, H3)     0.00    -0.00    -0.00    -0.00     0.00        -0.00         0.00        -0.00         0.00        -0.00        -0.00            -0.00
       (O1, H2, O4)     0.00     0.00    -0.00     0.00    -0.00         0.00         0.00         0.00        -0.00         0.00        -0.00             0.00
       (O1, H2, O4)     0.00    -0.00    -0.00     0.00    -0.00         0.00        -0.00         0.00        -0.00        -0.00         0.00            -0.00
   (H3, O1, O4, D6)    -0.00    -0.00    -0.00    -0.00     0.00         0.00         0.00         0.00        -0.00         0.00        -0.00             0.00

Kinetic energy distribution matrix (normalization check: 1.0)

Internal Coordinate (O1, O4) (O4, H5) (O4, D6) (O1, H2) (O1, H3) (H2, O4, D6) (O1, O4, H5) (H5, O4, D6) (H2, O1, H3) (O1, H2, O4) (O1, H2, O4) (H3, O1, O4, D6)
           (O1, O4)     0.01    -0.00    -0.01     0.00     0.00         0.00        -0.00         0.00         0.00        -0.00         0.00            -0.00
           (O4, H5)    -0.00     0.00    -0.00     0.00     0.00        -0.00        -0.00         0.00         0.00         0.00         0.00            -0.00
           (O4, D6)    -0.01    -0.00     1.12     0.00     0.00         0.00         0.00         0.00         0.00         0.00         0.00            -0.00
           (O1, H2)     0.00     0.00     0.00     0.00     0.00        -0.00         0.00        -0.00         0.00         0.00         0.00            -0.00
           (O1, H3)     0.00     0.00     0.00     0.00     0.00        -0.00         0.00         0.00        -0.00         0.00         0.00             0.00
       (H2, O4, D6)     0.00    -0.00     0.00    -0.00    -0.00         0.00        -0.00         0.00        -0.00        -0.00        -0.00             0.00
       (O1, O4, H5)    -0.00    -0.00     0.00     0.00     0.00        -0.00         0.00        -0.00         0.00         0.00         0.00            -0.00
       (H5, O4, D6)     0.00     0.00     0.00    -0.00     0.00         0.00        -0.00         0.00         0.00        -0.00        -0.00             0.00
       (H2, O1, H3)     0.00     0.00     0.00     0.00    -0.00        -0.00         0.00         0.00         0.00         0.00         0.00            -0.00
       (O1, H2, O4)    -0.00     0.00     0.00     0.00     0.00        -0.00         0.00        -0.00         0.00         0.00         0.00            -0.00
       (O1, H2, O4)     0.00     0.00     0.00     0.00     0.00        -0.00         0.00        -0.00         0.00         0.00         0.00            -0.00
   (H3, O1, O4, D6)    -0.00    -0.00    -0.00    -0.00     0.00         0.00        -0.00         0.00        -0.00        -0.00        -0.00             0.00

Total energy distribution matrix (normalization check: 1.0)

Internal Coordinate (O1, O4) (O4, H5) (O4, D6) (O1, H2) (O1, H3) (H2, O4, D6) (O1, O4, H5) (H5, O4, D6) (H2, O1, H3) (O1, H2, O4) (O1, H2, O4) (H3, O1, O4, D6)
           (O1, O4)     0.01    -0.00    -0.01     0.00     0.00         0.00        -0.00         0.00         0.00        -0.00         0.00            -0.00
           (O4, H5)    -0.00     0.00    -0.00     0.00     0.00        -0.00        -0.00         0.00         0.00         0.00         0.00            -0.00
           (O4, D6)    -0.01    -0.00     1.06     0.00     0.00         0.00         0.00        -0.00         0.00         0.00         0.00            -0.00
           (O1, H2)     0.00     0.00     0.00     0.00     0.00        -0.00         0.00         0.00         0.00         0.00         0.00            -0.00
           (O1, H3)     0.00     0.00     0.00     0.00     0.00        -0.00         0.00         0.00        -0.00         0.00         0.00             0.00
       (H2, O4, D6)     0.00    -0.00     0.00    -0.00    -0.00         0.00        -0.00         0.00        -0.00        -0.00        -0.00             0.00
       (O1, O4, H5)    -0.00    -0.00     0.00     0.00     0.00        -0.00         0.00        -0.00         0.00         0.00         0.00            -0.00
       (H5, O4, D6)     0.00     0.00    -0.00     0.00     0.00         0.00        -0.00         0.00         0.00        -0.00        -0.00             0.00
       (H2, O1, H3)     0.00     0.00     0.00     0.00    -0.00        -0.00         0.00         0.00         0.00         0.00         0.00            -0.00
       (O1, H2, O4)    -0.00     0.00     0.00     0.00     0.00        -0.00         0.00        -0.00         0.00         0.00         0.00             0.00
       (O1, H2, O4)     0.00     0.00     0.00     0.00     0.00        -0.00         0.00        -0.00         0.00         0.00         0.00            -0.00
   (H3, O1, O4, D6)    -0.00    -0.00    -0.00    -0.00     0.00         0.00        -0.00         0.00        -0.00         0.00        -0.00             0.00

----- Extended Results: Exact PED, KED and TED analysis per mode -----

Normal mode at the following harmonic frequency: 4100 cm-1

Potential energy distribution matrix (normalization check: 1.0)

Internal Coordinate (O1, O4) (O4, H5) (O4, D6) (O1, H2) (O1, H3) (H2, O4, D6) (O1, O4, H5) (H5, O4, D6) (H2, O1, H3) (O1, H2, O4) (O1, H2, O4) (H3, O1, O4, D6)
           (O1, O4)     0.00     0.00    -0.00    -0.00    -0.00        -0.00        -0.00        -0.00        -0.00        -0.00        -0.00            -0.00
           (O4, H5)     0.00     0.00     0.00    -0.00     0.00        -0.00        -0.00        -0.00        -0.00         0.00        -0.00             0.00
           (O4, D6)    -0.00     0.00     0.00     0.00    -0.00         0.00         0.00         0.00         0.00         0.00         0.00            -0.00
           (O1, H2)    -0.00    -0.00     0.00     0.83    -0.00         0.00         0.00         0.00        -0.00         0.00         0.00             0.00
           (O1, H3)    -0.00     0.00    -0.00    -0.00     0.17        -0.00        -0.00        -0.00        -0.00         0.00         0.00             0.00
       (H2, O4, D6)    -0.00    -0.00     0.00     0.00    -0.00         0.00         0.00         0.00        -0.00         0.00         0.00            -0.00
       (O1, O4, H5)    -0.00    -0.00     0.00     0.00    -0.00         0.00         0.00        -0.00        -0.00        -0.00         0.00             0.00
       (H5, O4, D6)    -0.00    -0.00     0.00     0.00    -0.00         0.00        -0.00         0.00        -0.00         0.00         0.00            -0.00
       (H2, O1, H3)    -0.00    -0.00     0.00    -0.00    -0.00        -0.00        -0.00        -0.00         0.00        -0.00        -0.00             0.00
       (O1, H2, O4)    -0.00     0.00     0.00     0.00     0.00         0.00        -0.00         0.00        -0.00         0.00        -0.00            -0.00
       (O1, H2, O4)    -0.00    -0.00     0.00     0.00     0.00         0.00         0.00         0.00        -0.00        -0.00         0.00             0.00
   (H3, O1, O4, D6)    -0.00     0.00    -0.00     0.00     0.00        -0.00         0.00        -0.00         0.00        -0.00         0.00             0.00

Kinetic energy distribution matrix (normalization check: 1.0)

Internal Coordinate (O1, O4) (O4, H5) (O4, D6) (O1, H2) (O1, H3) (H2, O4, D6) (O1, O4, H5) (H5, O4, D6) (H2, O1, H3) (O1, H2, O4) (O1, H2, O4) (H3, O1, O4, D6)
           (O1, O4)     0.02     0.00    -0.00    -0.02     0.00        -0.00        -0.00        -0.00        -0.00         0.00        -0.00            -0.00
           (O4, H5)     0.00     0.00     0.00     0.00    -0.00        -0.00         0.00         0.00         0.00         0.00         0.00             0.00
           (O4, D6)    -0.00     0.00     0.00    -0.00     0.00        -0.00         0.00        -0.00        -0.00        -0.00        -0.00            -0.00
           (O1, H2)    -0.02     0.00    -0.00     0.94    -0.01        -0.00        -0.00        -0.00         0.00         0.00         0.00             0.00
           (O1, H3)     0.00    -0.00     0.00    -0.01     0.21         0.00         0.00        -0.00         0.00        -0.00        -0.00             0.00
       (H2, O4, D6)    -0.00    -0.00    -0.00    -0.00     0.00         0.00         0.00         0.00        -0.00        -0.00        -0.00            -0.00
       (O1, O4, H5)    -0.00     0.00     0.00    -0.00     0.00         0.00         0.00         0.00        -0.00        -0.00        -0.00            -0.00
       (H5, O4, D6)    -0.00     0.00    -0.00    -0.00    -0.00         0.00         0.00         0.00         0.00        -0.00        -0.00            -0.00
       (H2, O1, H3)    -0.00     0.00    -0.00     0.00     0.00        -0.00        -0.00         0.00         0.00         0.00         0.00             0.00
       (O1, H2, O4)     0.00     0.00    -0.00     0.00    -0.00        -0.00        -0.00        -0.00         0.00         0.00         0.00             0.00
       (O1, H2, O4)    -0.00     0.00    -0.00     0.00    -0.00        -0.00        -0.00        -0.00         0.00         0.00         0.00             0.00
   (H3, O1, O4, D6)    -0.00     0.00    -0.00     0.00     0.00        -0.00        -0.00        -0.00         0.00         0.00         0.00             0.00

Total energy distribution matrix (normalization check: 1.0)

Internal Coordinate (O1, O4) (O4, H5) (O4, D6) (O1, H2) (O1, H3) (H2, O4, D6) (O1, O4, H5) (H5, O4, D6) (H2, O1, H3) (O1, H2, O4) (O1, H2, O4) (H3, O1, O4, D6)
           (O1, O4)     0.01     0.00    -0.00    -0.01     0.00        -0.00        -0.00        -0.00        -0.00         0.00        -0.00            -0.00
           (O4, H5)     0.00     0.00     0.00     0.00    -0.00        -0.00         0.00         0.00         0.00         0.00         0.00             0.00
           (O4, D6)    -0.00     0.00     0.00    -0.00     0.00        -0.00         0.00         0.00        -0.00        -0.00        -0.00            -0.00
           (O1, H2)    -0.01     0.00    -0.00     0.88    -0.00        -0.00        -0.00         0.00         0.00         0.00         0.00             0.00
           (O1, H3)     0.00    -0.00     0.00    -0.00     0.19         0.00         0.00        -0.00         0.00        -0.00        -0.00             0.00
       (H2, O4, D6)    -0.00    -0.00    -0.00    -0.00     0.00         0.00         0.00         0.00        -0.00        -0.00        -0.00            -0.00
       (O1, O4, H5)    -0.00     0.00     0.00    -0.00     0.00         0.00         0.00         0.00        -0.00        -0.00        -0.00            -0.00
       (H5, O4, D6)    -0.00     0.00     0.00     0.00    -0.00         0.00         0.00         0.00         0.00        -0.00        -0.00            -0.00
       (H2, O1, H3)    -0.00     0.00    -0.00     0.00     0.00        -0.00        -0.00         0.00         0.00         0.00         0.00             0.00
       (O1, H2, O4)     0.00     0.00    -0.00     0.00    -0.00        -0.00        -0.00        -0.00         0.00         0.00         0.00            -0.00
       (O1, H2, O4)    -0.00     0.00    -0.00     0.00    -0.00        -0.00        -0.00        -0.00         0.00         0.00         0.00             0.00
   (H3, O1, O4, D6)    -0.00     0.00    -0.00     0.00     0.00        -0.00        -0.00        -0.00         0.00        -0.00         0.00             0.00

----- Extended Results: Exact PED, KED and TED analysis per mode -----

Normal mode at the following harmonic frequency: 4186 cm-1

Potential energy distribution matrix (normalization check: 1.0)

Internal Coordinate (O1, O4) (O4, H5) (O4, D6) (O1, H2) (O1, H3) (H2, O4, D6) (O1, O4, H5) (H5, O4, D6) (H2, O1, H3) (O1, H2, O4) (O1, H2, O4) (H3, O1, O4, D6)
           (O1, O4)     0.00    -0.00     0.00    -0.00    -0.00        -0.00         0.00         0.00         0.00        -0.00         0.00             0.00
           (O4, H5)    -0.00     0.99     0.00     0.00    -0.00         0.00        -0.00        -0.00        -0.00        -0.00        -0.00             0.00
           (O4, D6)     0.00     0.00     0.00    -0.00     0.00        -0.00         0.00         0.00         0.00        -0.00         0.00            -0.00
           (O1, H2)    -0.00     0.00    -0.00     0.00    -0.00         0.00        -0.00        -0.00         0.00         0.00        -0.00            -0.00
           (O1, H3)    -0.00    -0.00     0.00    -0.00     0.01        -0.00         0.00         0.00         0.00         0.00        -0.00            -0.00
       (H2, O4, D6)    -0.00     0.00    -0.00     0.00    -0.00         0.00        -0.00        -0.00         0.00         0.00        -0.00             0.00
       (O1, O4, H5)     0.00    -0.00     0.00    -0.00     0.00        -0.00         0.00        -0.00        -0.00         0.00         0.00             0.00
       (H5, O4, D6)     0.00    -0.00     0.00    -0.00     0.00        -0.00        -0.00         0.00        -0.00        -0.00         0.00            -0.00
       (H2, O1, H3)     0.00    -0.00     0.00     0.00     0.00         0.00        -0.00        -0.00         0.00         0.00        -0.00             0.00
       (O1, H2, O4)    -0.00    -0.00    -0.00     0.00     0.00         0.00         0.00        -0.00         0.00         0.00         0.00             0.00
       (O1, H2, O4)     0.00    -0.00     0.00    -0.00    -0.00        -0.00         0.00         0.00        -0.00         0.00         0.00             0.00
   (H3, O1, O4, D6)     0.00     0.00    -0.00    -0.00    -0.00         0.00         0.00        -0.00         0.00         0.00         0.00             0.00

Kinetic energy distribution matrix (normalization check: 1.0)

Internal Coordinate (O1, O4) (O4, H5) (O4, D6) (O1, H2) (O1, H3) (H2, O4, D6) (O1, O4, H5) (H5, O4, D6) (H2, O1, H3) (O1, H2, O4) (O1, H2, O4) (H3, O1, O4, D6)
           (O1, O4)     0.00    -0.00     0.00    -0.00     0.00        -0.00         0.00         0.00         0.00         0.00         0.00             0.00
           (O4, H5)    -0.00     1.17     0.00    -0.00     0.00         0.00         0.00         0.00         0.00        -0.00         0.00             0.00
           (O4, D6)     0.00     0.00     0.00     0.00    -0.00         0.00         0.00        -0.00        -0.00         0.00        -0.00            -0.00
           (O1, H2)    -0.00    -0.00     0.00     0.00    -0.00        -0.00         0.00         0.00        -0.00         0.00        -0.00            -0.00
           (O1, H3)     0.00     0.00    -0.00    -0.00     0.01         0.00        -0.00         0.00        -0.00        -0.00         0.00            -0.00
       (H2, O4, D6)    -0.00     0.00     0.00    -0.00     0.00         0.00        -0.00        -0.00         0.00        -0.00         0.00             0.00
       (O1, O4, H5)     0.00     0.00     0.00     0.00    -0.00        -0.00         0.00         0.00        -0.00         0.00        -0.00            -0.00
       (H5, O4, D6)     0.00     0.00    -0.00     0.00     0.00        -0.00         0.00         0.00         0.00         0.00        -0.00            -0.00
       (H2, O1, H3)     0.00     0.00    -0.00    -0.00    -0.00         0.00        -0.00         0.00         0.00        -0.00         0.00             0.00
       (O1, H2, O4)     0.00    -0.00     0.00     0.00    -0.00        -0.00         0.00         0.00        -0.00         0.00        -0.00            -0.00
       (O1, H2, O4)     0.00     0.00    -0.00    -0.00     0.00         0.00        -0.00        -0.00         0.00        -0.00         0.00             0.00
   (H3, O1, O4, D6)     0.00     0.00    -0.00    -0.00    -0.00         0.00        -0.00        -0.00         0.00        -0.00         0.00             0.00

Total energy distribution matrix (normalization check: 1.0)

Internal Coordinate (O1, O4) (O4, H5) (O4, D6) (O1, H2) (O1, H3) (H2, O4, D6) (O1, O4, H5) (H5, O4, D6) (H2, O1, H3) (O1, H2, O4) (O1, H2, O4) (H3, O1, O4, D6)
           (O1, O4)     0.00    -0.00     0.00    -0.00     0.00        -0.00         0.00         0.00         0.00         0.00         0.00             0.00
           (O4, H5)    -0.00     1.08     0.00    -0.00     0.00         0.00         0.00         0.00         0.00        -0.00         0.00             0.00
           (O4, D6)     0.00     0.00     0.00     0.00    -0.00         0.00         0.00         0.00        -0.00         0.00        -0.00            -0.00
           (O1, H2)    -0.00    -0.00     0.00     0.00    -0.00        -0.00         0.00        -0.00        -0.00         0.00        -0.00            -0.00
           (O1, H3)     0.00     0.00    -0.00    -0.00     0.01         0.00        -0.00         0.00        -0.00        -0.00         0.00            -0.00
       (H2, O4, D6)    -0.00     0.00     0.00    -0.00     0.00         0.00        -0.00        -0.00         0.00        -0.00         0.00             0.00
       (O1, O4, H5)     0.00     0.00     0.00     0.00    -0.00        -0.00         0.00         0.00        -0.00         0.00        -0.00            -0.00
       (H5, O4, D6)     0.00     0.00     0.00    -0.00     0.00        -0.00         0.00         0.00         0.00         0.00        -0.00            -0.00
       (H2, O1, H3)     0.00     0.00    -0.00    -0.00    -0.00         0.00        -0.00         0.00         0.00        -0.00         0.00             0.00
       (O1, H2, O4)     0.00    -0.00     0.00     0.00    -0.00        -0.00         0.00         0.00        -0.00         0.00        -0.00             0.00
       (O1, H2, O4)     0.00     0.00    -0.00    -0.00     0.00         0.00        -0.00        -0.00         0.00        -0.00         0.00             0.00
   (H3, O1, O4, D6)     0.00     0.00    -0.00    -0.00    -0.00         0.00        -0.00        -0.00         0.00         0.00         0.00             0.00

----- Extended Results: Exact PED, KED and TED analysis per mode -----

Normal mode at the following harmonic frequency: 4214 cm-1

Potential energy distribution matrix (normalization check: 1.0)

Internal Coordinate (O1, O4) (O4, H5) (O4, D6) (O1, H2) (O1, H3) (H2, O4, D6) (O1, O4, H5) (H5, O4, D6) (H2, O1, H3) (O1, H2, O4) (O1, H2, O4) (H3, O1, O4, D6)
           (O1, O4)     0.00    -0.00     0.00    -0.00     0.00        -0.00         0.00         0.00        -0.00        -0.00        -0.00            -0.00
           (O4, H5)    -0.00     0.01     0.00     0.00     0.00         0.00        -0.00        -0.00         0.00        -0.00         0.00            -0.00
           (O4, D6)     0.00     0.00     0.00    -0.00    -0.00        -0.00         0.00         0.00        -0.00        -0.00        -0.00             0.00
           (O1, H2)    -0.00     0.00    -0.00     0.17     0.00         0.00        -0.00        -0.00        -0.00         0.00         0.00             0.00
           (O1, H3)     0.00     0.00    -0.00     0.00     0.82         0.00        -0.00        -0.00         0.00        -0.00        -0.00            -0.00
       (H2, O4, D6)    -0.00     0.00    -0.00     0.00     0.00         0.00        -0.00        -0.00        -0.00         0.00         0.00            -0.00
       (O1, O4, H5)     0.00    -0.00     0.00    -0.00    -0.00        -0.00         0.00        -0.00         0.00         0.00        -0.00            -0.00
       (H5, O4, D6)     0.00    -0.00     0.00    -0.00    -0.00        -0.00        -0.00         0.00         0.00        -0.00        -0.00             0.00
       (H2, O1, H3)    -0.00     0.00    -0.00    -0.00     0.00        -0.00         0.00         0.00         0.00        -0.00        -0.00             0.00
       (O1, H2, O4)    -0.00    -0.00    -0.00     0.00    -0.00         0.00         0.00        -0.00        -0.00         0.00        -0.00            -0.00
       (O1, H2, O4)    -0.00     0.00    -0.00     0.00    -0.00         0.00        -0.00        -0.00        -0.00        -0.00         0.00             0.00
   (H3, O1, O4, D6)    -0.00    -0.00     0.00     0.00    -0.00        -0.00        -0.00         0.00         0.00        -0.00         0.00             0.00

Kinetic energy distribution matrix (normalization check: 1.0)

Internal Coordinate (O1, O4) (O4, H5) (O4, D6) (O1, H2) (O1, H3) (H2, O4, D6) (O1, O4, H5) (H5, O4, D6) (H2, O1, H3) (O1, H2, O4) (O1, H2, O4) (H3, O1, O4, D6)
           (O1, O4)     0.02    -0.00     0.00    -0.01    -0.00        -0.00         0.00         0.00        -0.00         0.00        -0.00            -0.00
           (O4, H5)    -0.00     0.01     0.00    -0.00    -0.00         0.00         0.00         0.00        -0.00        -0.00        -0.00            -0.00
           (O4, D6)     0.00     0.00     0.00     0.00     0.00         0.00         0.00        -0.00         0.00         0.00         0.00             0.00
           (O1, H2)    -0.01    -0.00     0.00     0.21     0.01        -0.00         0.00         0.00         0.00         0.00         0.00             0.00
           (O1, H3)    -0.00    -0.00     0.00     0.01     1.03        -0.00         0.00        -0.00        -0.00         0.00         0.00            -0.00
       (H2, O4, D6)    -0.00     0.00     0.00    -0.00    -0.00         0.00        -0.00        -0.00        -0.00        -0.00        -0.00            -0.00
       (O1, O4, H5)     0.00     0.00     0.00     0.00     0.00        -0.00         0.00         0.00         0.00         0.00         0.00             0.00
       (H5, O4, D6)     0.00     0.00    -0.00     0.00    -0.00        -0.00         0.00         0.00        -0.00         0.00         0.00             0.00
       (H2, O1, H3)    -0.00    -0.00     0.00     0.00    -0.00        -0.00         0.00        -0.00         0.00         0.00         0.00             0.00
       (O1, H2, O4)     0.00    -0.00     0.00     0.00     0.00        -0.00         0.00         0.00         0.00         0.00         0.00             0.00
       (O1, H2, O4)    -0.00    -0.00     0.00     0.00     0.00        -0.00         0.00         0.00         0.00         0.00         0.00             0.00
   (H3, O1, O4, D6)    -0.00    -0.00     0.00     0.00    -0.00        -0.00         0.00         0.00         0.00         0.00         0.00             0.00

Total energy distribution matrix (normalization check: 1.0)

Internal Coordinate (O1, O4) (O4, H5) (O4, D6) (O1, H2) (O1, H3) (H2, O4, D6) (O1, O4, H5) (H5, O4, D6) (H2, O1, H3) (O1, H2, O4) (O1, H2, O4) (H3, O1, O4, D6)
           (O1, O4)     0.01    -0.00     0.00    -0.00    -0.00        -0.00         0.00         0.00        -0.00         0.00        -0.00            -0.00
           (O4, H5)    -0.00     0.01     0.00    -0.00    -0.00         0.00         0.00         0.00        -0.00        -0.00        -0.00            -0.00
           (O4, D6)     0.00     0.00     0.00     0.00     0.00         0.00         0.00         0.00         0.00         0.00         0.00             0.00
           (O1, H2)    -0.00    -0.00     0.00     0.19     0.00        -0.00         0.00        -0.00         0.00         0.00         0.00             0.00
           (O1, H3)    -0.00    -0.00     0.00     0.00     0.93        -0.00         0.00        -0.00        -0.00         0.00         0.00            -0.00
       (H2, O4, D6)    -0.00     0.00     0.00    -0.00    -0.00         0.00        -0.00        -0.00        -0.00        -0.00        -0.00            -0.00
       (O1, O4, H5)     0.00     0.00     0.00     0.00     0.00        -0.00         0.00         0.00         0.00         0.00         0.00             0.00
       (H5, O4, D6)     0.00     0.00     0.00    -0.00    -0.00        -0.00         0.00         0.00        -0.00         0.00         0.00             0.00
       (H2, O1, H3)    -0.00    -0.00     0.00     0.00    -0.00        -0.00         0.00        -0.00         0.00         0.00         0.00             0.00
       (O1, H2, O4)     0.00    -0.00     0.00     0.00     0.00        -0.00         0.00         0.00         0.00         0.00         0.00            -0.00
       (O1, H2, O4)    -0.00    -0.00     0.00     0.00     0.00        -0.00         0.00         0.00         0.00         0.00         0.00             0.00
   (H3, O1, O4, D6)    -0.00    -0.00     0.00     0.00    -0.00        -0.00         0.00         0.00         0.00        -0.00         0.00             0.00

