 .__   __.   ______   .___  ___.   ______    _______   _______   ______   ______      .______   ____    ____ 
 |  \ |  |  /  __  \  |   \/   |  /  __  \  |       \ |   ____| /      | /  __  \     |   _  \  \   \  /   / 
 |   \|  | |  |  |  | |  \  /  | |  |  |  | |  .--.  ||  |__   |  ,----'|  |  |  |    |  |_)  |  \   \/   /  
 |  . `  | |  |  |  | |  |\/|  | |  |  |  | |  |  |  ||   __|  |  |     |  |  |  |    |   ___/    \_    _/   
 |  |\   | |  `--'  | |  |  |  | |  `--'  | |  '--'  ||  |____ |  `----.|  `--'  |  __|  |          |  |     
 |__| \__|  \______/  |__|  |__|  \______/  |_______/ |_______| \______| \______/  (__) _|          |__|     
                                                                                                             


**************************************************************************************************************
                                  Kemal Önen, Dennis F. Dinu, Klaus R. Liedl                                  
                                      Liedl Lab, University of Innsbruck                                      
**************************************************************************************************************

Non-planar system detected. Therefore out-of-plane angles are NOT used in your analysis. Note that out-of-plane angles tend to perform worse
than the other internal coordinates in terms of computational cost and in the decomposition. However they can be
useful for planar systems.

The detected point group is Cs
The following equivalent atoms were found: [['O1'], ['O4'], ['H2'], ['H3'], ['H6'], ['D5']] 

The following primitive internals (bonds, (in-plane) angles, linear valence angles, out-of-plane angles and torsions) were generated:
bonds: [('O1', 'H2'), ('O4', 'H6'), ('O4', 'D5'), ('H2', 'O4'), ('O1', 'H3')]
in-plane angles: [('H2', 'O1', 'H3'), ('D5', 'O4', 'H6'), ('H6', 'O4', 'H2'), ('D5', 'O4', 'H2')]
linear valence-angles: [('O1', 'H2', 'O4'), ('O1', 'H2', 'O4')]
out-of-plane angles: []
dihedrals: [('H3', 'O1', 'H2', 'O4'), ('O1', 'H2', 'O4', 'H6'), ('O1', 'H2', 'O4', 'D5')]

12 internal coordinates are at least needed for the decomposition scheme.


-------------------------------- Initialization of an internal coordinate set --------------------------------

The following 12 Internal Coordinates are used in your analysis:
bonds: [('O1', 'O4'), ('O4', 'D5'), ('O4', 'H6'), ('O1', 'H2'), ('O1', 'H3')]
in-plane angles: [('O1', 'O4', 'H6'), ('O1', 'O4', 'D5'), ('D5', 'O4', 'H6'), ('H2', 'O1', 'H3')]
linear valence-angles: [('O1', 'H2', 'O4'), ('O1', 'H2', 'O4')]
out-of-plane angles: []
dihedrals: [('H3', 'O1', 'O4', 'D5')]


-------------------------- Results of the Decomposition Scheme ---------------------------

1.) Intrinsic Frequencies for all normal-coordinate frequencies and
    vibrational distribution matrix (exact approximation) at the following
    harmonic frequencies (all frequency values in cm-1):

Internal Coordinate Intrinsic Frequencies    98   121   142   170   327   593  1534  1779  3041  4100  4186  4214
           (O1, O4)                162.41  0.01  0.01  0.00  0.99 -0.00  0.00  0.00 -0.00 -0.00 -0.00 -0.00 -0.00
           (O4, D5)               3044.92 -0.00  0.00 -0.00  0.00 -0.00  0.00 -0.00  0.00  1.00  0.00  0.00  0.00
           (O4, H6)               4184.73 -0.00 -0.00  0.00 -0.00 -0.00 -0.00 -0.00  0.00  0.00  0.00  0.99  0.01
           (O1, H2)               4120.28  0.00  0.00  0.00 -0.00  0.00  0.00  0.00 -0.00  0.00  0.83  0.00  0.17
           (O1, H3)               4194.56  0.00  0.00  0.00  0.00  0.00  0.00  0.00 -0.00 -0.00  0.17  0.01  0.82
       (O1, O4, H6)                274.15  0.07  0.18  0.50 -0.00  0.18  0.07  0.01  0.00  0.00  0.00 -0.00 -0.00
       (O1, O4, D5)                205.53  0.76  0.09 -0.01 -0.00  0.10  0.06  0.00  0.00 -0.00  0.00  0.00 -0.00
       (D5, O4, H6)               1522.37  0.00  0.00  0.00  0.00  0.00  0.00  0.99  0.00 -0.00  0.00 -0.00 -0.00
       (H2, O1, H3)               1728.02  0.00  0.00  0.00  0.00  0.05  0.00  0.00  0.94 -0.00 -0.00  0.00  0.00
       (O1, H2, O4)                514.78 -0.00  0.15  0.12  0.01  0.52  0.15 -0.00  0.05 -0.00  0.00 -0.00  0.00
       (O1, H2, O4)                543.91  0.13 -0.00 -0.00  0.01  0.15  0.71  0.00  0.01 -0.00  0.00 -0.00  0.00
   (H3, O1, O4, D5)                137.46  0.04  0.56  0.37 -0.00 -0.00  0.01 -0.00 -0.00  0.00  0.00  0.00 -0.00

Check if matrix is normalized: 1.0

2.) Intrinsic Frequencies for all normal-coordinate frequencies and
    diagonal elements of the PED matrix at the following
    harmonic frequencies (all frequency values in cm-1):

Internal Coordinate Intrinsic Frequencies   98  121  142  170  327  593 1534 1779 3041 4100 4186 4214
           (O1, O4)                162.41 0.01 0.00 0.00 1.00 0.01 0.00 0.00 0.00 0.00 0.00 0.00 0.00
           (O4, D5)               3044.92 0.00 0.00 0.00 0.00 0.00 0.00 0.00 0.00 1.00 0.00 0.00 0.00
           (O4, H6)               4184.73 0.00 0.00 0.00 0.00 0.00 0.00 0.01 0.00 0.00 0.00 0.99 0.01
           (O1, H2)               4120.28 0.00 0.00 0.00 0.00 0.00 0.00 0.00 0.01 0.00 0.83 0.00 0.17
           (O1, H3)               4194.56 0.00 0.00 0.00 0.00 0.00 0.00 0.00 0.01 0.00 0.17 0.01 0.82
       (O1, O4, H6)                274.15 0.84 0.86 1.15 0.01 0.09 0.01 0.01 0.00 0.00 0.00 0.00 0.00
       (O1, O4, D5)                205.53 3.04 0.25 0.00 0.04 0.03 0.01 0.00 0.00 0.00 0.00 0.00 0.00
       (D5, O4, H6)               1522.37 0.00 0.01 0.00 0.00 0.00 0.00 1.00 0.00 0.00 0.00 0.00 0.00
       (H2, O1, H3)               1728.02 0.00 0.02 0.01 0.00 0.09 0.00 0.00 0.93 0.00 0.00 0.00 0.00
       (O1, H2, O4)                514.78 0.03 1.06 0.67 0.01 0.46 0.08 0.00 0.03 0.00 0.00 0.00 0.00
       (O1, H2, O4)                543.91 3.27 0.00 0.00 0.02 0.21 0.57 0.00 0.01 0.00 0.00 0.00 0.00
   (H3, O1, O4, D5)                137.46 0.05 0.88 0.29 0.00 0.00 0.00 0.00 0.00 0.00 0.00 0.00 0.00

3.) Intrinsic Frequencies for all normal-coordinate frequencies and
    contribution table calculated from the diagonal elements of the PED at the following
    harmonic frequencies (all frequency values in cm-1):

Internal Coordinate Intrinsic Frequencies    98   121   142   170   327   593  1534  1779  3041  4100  4186  4214
           (O1, O4)                162.41  0.09  0.12  0.13 92.30  1.14  0.00  0.03  0.01  0.00  0.00  0.00  0.00
           (O4, D5)               3044.92  0.01  0.02  0.00  0.00  0.03  0.00  0.45  0.00 99.71  0.00  0.19  0.00
           (O4, H6)               4184.73  0.00  0.02  0.04  0.00  0.04  0.01  0.55  0.00  0.26  0.26 98.95  0.60
           (O1, H2)               4120.28  0.00  0.00  0.00  0.07  0.02  0.00  0.01  0.59  0.00 82.52  0.02 17.27
           (O1, H3)               4194.56  0.00  0.00  0.00  0.00  0.07  0.00  0.00  0.83  0.00 17.21  0.84 82.13
       (O1, O4, H6)                274.15 11.52 27.88 53.88  0.57  9.94  2.03  0.71  0.00  0.00  0.00  0.00  0.00
       (O1, O4, D5)                205.53 41.98  8.11  0.15  3.68  3.65  1.04  0.22  0.00  0.00  0.00  0.00  0.00
       (D5, O4, H6)               1522.37  0.01  0.21  0.11  0.34  0.32  0.23 97.91  0.02  0.02  0.00  0.00  0.00
       (H2, O1, H3)               1728.02  0.05  0.66  0.65  0.01  9.53  0.01  0.04 94.78  0.00  0.00  0.00  0.00
       (O1, H2, O4)                514.78  0.47 34.39 31.21  0.90 50.93 12.30  0.00  2.95  0.00  0.00  0.00  0.00
       (O1, H2, O4)                543.91 45.11  0.08  0.23  2.04 24.00 84.18  0.01  0.82  0.00  0.00  0.00  0.00
   (H3, O1, O4, D5)                137.46  0.75 28.51 13.60  0.07  0.33  0.20  0.08  0.00  0.00  0.00  0.00  0.00

----- Extended Results: Exact PED, KED and TED analysis per mode -----

Normal mode at the following harmonic frequency: 98 cm-1

Potential energy distribution matrix (normalization check: 1.0)

Internal Coordinate (O1, O4) (O4, D5) (O4, H6) (O1, H2) (O1, H3) (O1, O4, H6) (O1, O4, D5) (D5, O4, H6) (H2, O1, H3) (O1, H2, O4) (O1, H2, O4) (H3, O1, O4, D5)
           (O1, O4)     0.01    -0.00     0.00     0.00    -0.00        -0.01         0.01         0.00        -0.00         0.00        -0.00            -0.00
           (O4, D5)    -0.00     0.00     0.00    -0.00    -0.00         0.00        -0.00        -0.00         0.00        -0.00         0.00            -0.00
           (O4, H6)     0.00     0.00     0.00     0.00     0.00        -0.00         0.00         0.00        -0.00         0.00         0.00             0.00
           (O1, H2)     0.00    -0.00     0.00     0.00     0.00        -0.00         0.00         0.00         0.00         0.00        -0.00             0.00
           (O1, H3)    -0.00    -0.00     0.00     0.00     0.00        -0.00         0.00         0.00        -0.00        -0.00         0.00             0.00
       (O1, O4, H6)    -0.01     0.00    -0.00    -0.00    -0.00         0.84        -0.02         0.00        -0.00        -0.12        -0.62             0.00
       (O1, O4, D5)     0.01    -0.00     0.00     0.00     0.00        -0.02         3.04         0.00         0.00         0.03        -2.43             0.13
       (D5, O4, H6)     0.00    -0.00     0.00     0.00     0.00         0.00         0.00         0.00         0.00         0.00        -0.00             0.00
       (H2, O1, H3)    -0.00     0.00    -0.00     0.00    -0.00        -0.00         0.00         0.00         0.00         0.00        -0.01             0.00
       (O1, H2, O4)     0.00    -0.00     0.00     0.00    -0.00        -0.12         0.03         0.00         0.00         0.03         0.06            -0.01
       (O1, H2, O4)    -0.00     0.00     0.00    -0.00     0.00        -0.62        -2.43        -0.00        -0.01         0.06         3.27            -0.14
   (H3, O1, O4, D5)    -0.00    -0.00     0.00     0.00     0.00         0.00         0.13         0.00         0.00        -0.01        -0.14             0.05

Kinetic energy distribution matrix (normalization check: 1.0)

Internal Coordinate (O1, O4) (O4, D5) (O4, H6) (O1, H2) (O1, H3) (O1, O4, H6) (O1, O4, D5) (D5, O4, H6) (H2, O1, H3) (O1, H2, O4) (O1, H2, O4) (H3, O1, O4, D5)
           (O1, O4)     0.00    -0.00     0.00     0.00     0.00        -0.00         0.01         0.00        -0.00         0.00        -0.00            -0.00
           (O4, D5)    -0.00     0.00     0.00     0.00     0.00         0.00         0.00         0.00        -0.00         0.00        -0.00             0.00
           (O4, H6)     0.00     0.00     0.00    -0.00    -0.00         0.00         0.00        -0.00         0.00        -0.00         0.00             0.00
           (O1, H2)     0.00     0.00    -0.00     0.00     0.00         0.00        -0.00        -0.00        -0.00         0.00        -0.00            -0.00
           (O1, H3)     0.00     0.00    -0.00     0.00     0.00         0.00        -0.00         0.00         0.00         0.00        -0.00             0.00
       (O1, O4, H6)    -0.00     0.00     0.00     0.00     0.00         0.20        -0.10        -0.00        -0.00         0.00         0.01            -0.02
       (O1, O4, D5)     0.01     0.00     0.00    -0.00    -0.00        -0.10         0.94         0.00         0.00        -0.00        -0.00             0.02
       (D5, O4, H6)     0.00     0.00    -0.00    -0.00     0.00        -0.00         0.00         0.00        -0.00         0.00        -0.00             0.00
       (H2, O1, H3)    -0.00    -0.00     0.00    -0.00     0.00        -0.00         0.00        -0.00         0.00        -0.00         0.00             0.00
       (O1, H2, O4)     0.00     0.00    -0.00     0.00     0.00         0.00        -0.00         0.00        -0.00         0.00        -0.01            -0.00
       (O1, H2, O4)    -0.00    -0.00     0.00    -0.00    -0.00         0.01        -0.00        -0.00         0.00        -0.01         0.15            -0.01
   (H3, O1, O4, D5)    -0.00     0.00     0.00    -0.00     0.00        -0.02         0.02         0.00         0.00        -0.00        -0.01             0.03

Total energy distribution matrix (normalization check: 1.0)

Internal Coordinate (O1, O4) (O4, D5) (O4, H6) (O1, H2) (O1, H3) (O1, O4, H6) (O1, O4, D5) (D5, O4, H6) (H2, O1, H3) (O1, H2, O4) (O1, H2, O4) (H3, O1, O4, D5)
           (O1, O4)     0.00    -0.00     0.00     0.00    -0.00        -0.00         0.01         0.00        -0.00         0.00        -0.00            -0.00
           (O4, D5)    -0.00     0.00     0.00    -0.00    -0.00         0.00        -0.00        -0.00         0.00        -0.00         0.00            -0.00
           (O4, H6)     0.00     0.00     0.00     0.00     0.00        -0.00         0.00         0.00        -0.00         0.00         0.00             0.00
           (O1, H2)     0.00    -0.00     0.00     0.00     0.00        -0.00         0.00         0.00         0.00         0.00        -0.00             0.00
           (O1, H3)    -0.00    -0.00     0.00     0.00     0.00        -0.00         0.00         0.00        -0.00        -0.00         0.00             0.00
       (O1, O4, H6)    -0.00     0.00    -0.00    -0.00    -0.00         0.52        -0.06        -0.00        -0.00        -0.06        -0.31            -0.01
       (O1, O4, D5)     0.01    -0.00     0.00     0.00     0.00        -0.06         1.99         0.00         0.00         0.01        -1.22             0.08
       (D5, O4, H6)     0.00    -0.00     0.00     0.00     0.00        -0.00         0.00         0.00         0.00         0.00        -0.00             0.00
       (H2, O1, H3)    -0.00     0.00    -0.00     0.00    -0.00        -0.00         0.00         0.00         0.00         0.00        -0.00             0.00
       (O1, H2, O4)     0.00    -0.00     0.00     0.00    -0.00        -0.06         0.01         0.00         0.00         0.02         0.03            -0.00
       (O1, H2, O4)    -0.00     0.00     0.00    -0.00     0.00        -0.31        -1.22        -0.00        -0.00         0.03         1.71            -0.07
   (H3, O1, O4, D5)    -0.00    -0.00     0.00     0.00     0.00        -0.01         0.08         0.00         0.00        -0.00        -0.07             0.04

----- Extended Results: Exact PED, KED and TED analysis per mode -----

Normal mode at the following harmonic frequency: 121 cm-1

Potential energy distribution matrix (normalization check: 1.0)

Internal Coordinate (O1, O4) (O4, D5) (O4, H6) (O1, H2) (O1, H3) (O1, O4, H6) (O1, O4, D5) (D5, O4, H6) (H2, O1, H3) (O1, H2, O4) (O1, H2, O4) (H3, O1, O4, D5)
           (O1, O4)     0.00    -0.00    -0.00     0.00    -0.00         0.01         0.00         0.00        -0.00        -0.01         0.00             0.00
           (O4, D5)    -0.00     0.00    -0.00    -0.00    -0.00        -0.00        -0.00        -0.00         0.00         0.00        -0.00             0.00
           (O4, H6)    -0.00    -0.00     0.00    -0.00    -0.00        -0.00        -0.00        -0.00         0.00         0.00         0.00             0.00
           (O1, H2)     0.00    -0.00    -0.00     0.00     0.00         0.00         0.00         0.00         0.00        -0.00         0.00            -0.00
           (O1, H3)    -0.00    -0.00    -0.00     0.00     0.00         0.00         0.00         0.00        -0.00         0.00        -0.00            -0.00
       (O1, O4, H6)     0.01    -0.00    -0.00     0.00     0.00         0.86         0.01        -0.00         0.00        -0.68        -0.02             0.01
       (O1, O4, D5)     0.00    -0.00    -0.00     0.00     0.00         0.01         0.25         0.00         0.00        -0.04         0.02            -0.15
       (D5, O4, H6)     0.00    -0.00    -0.00     0.00     0.00        -0.00         0.00         0.01         0.00        -0.00         0.00            -0.00
       (H2, O1, H3)    -0.00     0.00     0.00     0.00    -0.00         0.00         0.00         0.00         0.02        -0.02         0.00            -0.00
       (O1, H2, O4)    -0.01     0.00     0.00    -0.00     0.00        -0.68        -0.04        -0.00        -0.02         1.06         0.01            -0.17
       (O1, H2, O4)     0.00    -0.00     0.00     0.00    -0.00        -0.02         0.02         0.00         0.00         0.01         0.00            -0.02
   (H3, O1, O4, D5)     0.00     0.00     0.00    -0.00    -0.00         0.01        -0.15        -0.00        -0.00        -0.17        -0.02             0.88

Kinetic energy distribution matrix (normalization check: 1.0)

Internal Coordinate (O1, O4) (O4, D5) (O4, H6) (O1, H2) (O1, H3) (O1, O4, H6) (O1, O4, D5) (D5, O4, H6) (H2, O1, H3) (O1, H2, O4) (O1, H2, O4) (H3, O1, O4, D5)
           (O1, O4)     0.00    -0.00    -0.00     0.00     0.00         0.00         0.00         0.00        -0.00        -0.00         0.00             0.00
           (O4, D5)    -0.00     0.00    -0.00     0.00     0.00        -0.00         0.00         0.00        -0.00        -0.00         0.00            -0.00
           (O4, H6)    -0.00    -0.00     0.00     0.00     0.00         0.00        -0.00         0.00        -0.00        -0.00         0.00             0.00
           (O1, H2)     0.00     0.00     0.00     0.00     0.00        -0.00        -0.00        -0.00        -0.00        -0.00         0.00             0.00
           (O1, H3)     0.00     0.00     0.00     0.00     0.00        -0.00        -0.00         0.00         0.00        -0.00         0.00            -0.00
       (O1, O4, H6)     0.00    -0.00     0.00    -0.00    -0.00         0.31         0.05         0.00         0.00         0.00         0.00            -0.11
       (O1, O4, D5)     0.00     0.00    -0.00    -0.00    -0.00         0.05         0.12         0.00         0.00         0.00         0.00            -0.04
       (D5, O4, H6)     0.00     0.00     0.00    -0.00     0.00         0.00         0.00         0.00        -0.00        -0.00         0.00            -0.00
       (H2, O1, H3)    -0.00    -0.00    -0.00    -0.00     0.00         0.00         0.00        -0.00         0.00         0.00        -0.00            -0.00
       (O1, H2, O4)    -0.00    -0.00    -0.00    -0.00    -0.00         0.00         0.00        -0.00         0.00         0.16        -0.00            -0.01
       (O1, H2, O4)     0.00     0.00     0.00     0.00     0.00         0.00         0.00         0.00        -0.00        -0.00         0.00            -0.00
   (H3, O1, O4, D5)     0.00    -0.00     0.00     0.00    -0.00        -0.11        -0.04        -0.00        -0.00        -0.01        -0.00             0.81

Total energy distribution matrix (normalization check: 1.0)

Internal Coordinate (O1, O4) (O4, D5) (O4, H6) (O1, H2) (O1, H3) (O1, O4, H6) (O1, O4, D5) (D5, O4, H6) (H2, O1, H3) (O1, H2, O4) (O1, H2, O4) (H3, O1, O4, D5)
           (O1, O4)     0.00    -0.00    -0.00     0.00    -0.00         0.00         0.00         0.00        -0.00        -0.00         0.00             0.00
           (O4, D5)    -0.00     0.00    -0.00    -0.00    -0.00        -0.00        -0.00        -0.00         0.00         0.00        -0.00             0.00
           (O4, H6)    -0.00    -0.00     0.00    -0.00    -0.00        -0.00        -0.00        -0.00         0.00         0.00         0.00             0.00
           (O1, H2)     0.00    -0.00    -0.00     0.00     0.00         0.00         0.00         0.00         0.00        -0.00         0.00            -0.00
           (O1, H3)    -0.00    -0.00    -0.00     0.00     0.00         0.00         0.00         0.00        -0.00         0.00        -0.00            -0.00
       (O1, O4, H6)     0.00    -0.00    -0.00     0.00     0.00         0.58         0.03         0.00         0.00        -0.34        -0.01            -0.05
       (O1, O4, D5)     0.00    -0.00    -0.00     0.00     0.00         0.03         0.18         0.00         0.00        -0.02         0.01            -0.09
       (D5, O4, H6)     0.00    -0.00    -0.00     0.00     0.00         0.00         0.00         0.00         0.00        -0.00         0.00            -0.00
       (H2, O1, H3)    -0.00     0.00     0.00     0.00    -0.00         0.00         0.00         0.00         0.01        -0.01         0.00            -0.00
       (O1, H2, O4)    -0.00     0.00     0.00    -0.00     0.00        -0.34        -0.02        -0.00        -0.01         0.61         0.00            -0.09
       (O1, H2, O4)     0.00    -0.00     0.00     0.00    -0.00        -0.01         0.01         0.00         0.00         0.00         0.00            -0.01
   (H3, O1, O4, D5)     0.00     0.00     0.00    -0.00    -0.00        -0.05        -0.09        -0.00        -0.00        -0.09        -0.01             0.84

----- Extended Results: Exact PED, KED and TED analysis per mode -----

Normal mode at the following harmonic frequency: 142 cm-1

Potential energy distribution matrix (normalization check: 1.0)

Internal Coordinate (O1, O4) (O4, D5) (O4, H6) (O1, H2) (O1, H3) (O1, O4, H6) (O1, O4, D5) (D5, O4, H6) (H2, O1, H3) (O1, H2, O4) (O1, H2, O4) (H3, O1, O4, D5)
           (O1, O4)     0.00    -0.00    -0.00     0.00    -0.00         0.01        -0.00         0.00        -0.00        -0.00         0.00            -0.00
           (O4, D5)    -0.00     0.00    -0.00    -0.00    -0.00        -0.00         0.00        -0.00         0.00         0.00        -0.00            -0.00
           (O4, H6)    -0.00    -0.00     0.00    -0.00    -0.00        -0.00         0.00        -0.00         0.00         0.00         0.00            -0.00
           (O1, H2)     0.00    -0.00    -0.00     0.00     0.00         0.00        -0.00         0.00         0.00        -0.00         0.00             0.00
           (O1, H3)    -0.00    -0.00    -0.00     0.00     0.00         0.00        -0.00         0.00        -0.00         0.00        -0.00             0.00
       (O1, O4, H6)     0.01    -0.00    -0.00     0.00     0.00         1.15        -0.00        -0.00         0.00        -0.63        -0.03            -0.01
       (O1, O4, D5)    -0.00     0.00     0.00    -0.00    -0.00        -0.00         0.00        -0.00        -0.00         0.00        -0.00            -0.01
       (D5, O4, H6)     0.00    -0.00    -0.00     0.00     0.00        -0.00        -0.00         0.00         0.00        -0.00         0.00             0.00
       (H2, O1, H3)    -0.00     0.00     0.00     0.00    -0.00         0.00        -0.00         0.00         0.01        -0.01         0.00             0.00
       (O1, H2, O4)    -0.00     0.00     0.00    -0.00     0.00        -0.63         0.00        -0.00        -0.01         0.67         0.01             0.08
       (O1, H2, O4)     0.00    -0.00     0.00     0.00    -0.00        -0.03        -0.00         0.00         0.00         0.01         0.00             0.01
   (H3, O1, O4, D5)    -0.00    -0.00    -0.00     0.00     0.00        -0.01        -0.01         0.00         0.00         0.08         0.01             0.29

Kinetic energy distribution matrix (normalization check: 1.0)

Internal Coordinate (O1, O4) (O4, D5) (O4, H6) (O1, H2) (O1, H3) (O1, O4, H6) (O1, O4, D5) (D5, O4, H6) (H2, O1, H3) (O1, H2, O4) (O1, H2, O4) (H3, O1, O4, D5)
           (O1, O4)     0.00    -0.00    -0.00     0.00     0.00         0.00        -0.00         0.00        -0.00        -0.00         0.00            -0.00
           (O4, D5)    -0.00     0.00    -0.00     0.00     0.00        -0.00        -0.00         0.00        -0.00        -0.00         0.00             0.00
           (O4, H6)    -0.00    -0.00     0.00     0.00     0.00         0.00         0.00         0.00        -0.00        -0.00         0.00            -0.00
           (O1, H2)     0.00     0.00     0.00     0.00     0.00        -0.00         0.00        -0.00        -0.00        -0.00         0.00            -0.00
           (O1, H3)     0.00     0.00     0.00     0.00     0.00        -0.00         0.00         0.00         0.00        -0.00         0.00             0.00
       (O1, O4, H6)     0.00    -0.00     0.00    -0.00    -0.00         0.57        -0.01         0.00         0.00         0.00         0.00             0.10
       (O1, O4, D5)    -0.00    -0.00     0.00     0.00     0.00        -0.01         0.00        -0.00        -0.00        -0.00        -0.00            -0.00
       (D5, O4, H6)     0.00     0.00     0.00    -0.00     0.00         0.00        -0.00         0.00        -0.00        -0.00         0.00             0.00
       (H2, O1, H3)    -0.00    -0.00    -0.00    -0.00     0.00         0.00        -0.00        -0.00         0.00         0.00        -0.00             0.00
       (O1, H2, O4)    -0.00    -0.00    -0.00    -0.00    -0.00         0.00        -0.00        -0.00         0.00         0.14        -0.00             0.00
       (O1, H2, O4)     0.00     0.00     0.00     0.00     0.00         0.00        -0.00         0.00        -0.00        -0.00         0.00             0.00
   (H3, O1, O4, D5)    -0.00     0.00    -0.00    -0.00     0.00         0.10        -0.00         0.00         0.00         0.00         0.00             0.37

Total energy distribution matrix (normalization check: 1.0)

Internal Coordinate (O1, O4) (O4, D5) (O4, H6) (O1, H2) (O1, H3) (O1, O4, H6) (O1, O4, D5) (D5, O4, H6) (H2, O1, H3) (O1, H2, O4) (O1, H2, O4) (H3, O1, O4, D5)
           (O1, O4)     0.00    -0.00    -0.00     0.00    -0.00         0.00        -0.00         0.00        -0.00        -0.00         0.00            -0.00
           (O4, D5)    -0.00     0.00    -0.00    -0.00    -0.00        -0.00         0.00        -0.00         0.00         0.00        -0.00            -0.00
           (O4, H6)    -0.00    -0.00     0.00    -0.00    -0.00        -0.00         0.00        -0.00        -0.00         0.00         0.00            -0.00
           (O1, H2)     0.00    -0.00    -0.00     0.00     0.00         0.00        -0.00         0.00         0.00        -0.00         0.00             0.00
           (O1, H3)    -0.00    -0.00    -0.00     0.00     0.00         0.00        -0.00         0.00        -0.00         0.00        -0.00             0.00
       (O1, O4, H6)     0.00    -0.00    -0.00     0.00     0.00         0.86        -0.00         0.00         0.00        -0.31        -0.01             0.05
       (O1, O4, D5)    -0.00     0.00     0.00    -0.00    -0.00        -0.00         0.00        -0.00        -0.00         0.00        -0.00            -0.01
       (D5, O4, H6)     0.00    -0.00    -0.00     0.00     0.00         0.00        -0.00         0.00         0.00        -0.00         0.00             0.00
       (H2, O1, H3)    -0.00     0.00    -0.00     0.00    -0.00         0.00        -0.00         0.00         0.01        -0.00         0.00             0.00
       (O1, H2, O4)    -0.00     0.00     0.00    -0.00     0.00        -0.31         0.00        -0.00        -0.00         0.40         0.00             0.04
       (O1, H2, O4)     0.00    -0.00     0.00     0.00    -0.00        -0.01        -0.00         0.00         0.00         0.00         0.00             0.01
   (H3, O1, O4, D5)    -0.00    -0.00    -0.00     0.00     0.00         0.05        -0.01         0.00         0.00         0.04         0.01             0.33

----- Extended Results: Exact PED, KED and TED analysis per mode -----

Normal mode at the following harmonic frequency: 170 cm-1

Potential energy distribution matrix (normalization check: 1.0)

Internal Coordinate (O1, O4) (O4, D5) (O4, H6) (O1, H2) (O1, H3) (O1, O4, H6) (O1, O4, D5) (D5, O4, H6) (H2, O1, H3) (O1, H2, O4) (O1, H2, O4) (H3, O1, O4, D5)
           (O1, O4)     1.00     0.00    -0.00    -0.00    -0.00        -0.01        -0.02        -0.00         0.00         0.01         0.00            -0.00
           (O4, D5)     0.00     0.00     0.00    -0.00     0.00        -0.00        -0.00        -0.00         0.00         0.00         0.00             0.00
           (O4, H6)    -0.00     0.00     0.00     0.00    -0.00         0.00         0.00         0.00        -0.00        -0.00         0.00            -0.00
           (O1, H2)    -0.00    -0.00     0.00     0.00    -0.00         0.00         0.00         0.00         0.00        -0.00        -0.00            -0.00
           (O1, H3)    -0.00     0.00    -0.00    -0.00     0.00        -0.00        -0.00        -0.00         0.00        -0.00        -0.00             0.00
       (O1, O4, H6)    -0.01    -0.00     0.00     0.00    -0.00         0.01         0.00        -0.00         0.00        -0.01         0.00             0.00
       (O1, O4, D5)    -0.02    -0.00     0.00     0.00    -0.00         0.00         0.04         0.00         0.00        -0.00        -0.02            -0.00
       (D5, O4, H6)    -0.00    -0.00     0.00     0.00    -0.00        -0.00         0.00         0.00         0.00        -0.00        -0.00            -0.00
       (H2, O1, H3)     0.00     0.00    -0.00     0.00     0.00         0.00         0.00         0.00         0.00        -0.00        -0.00            -0.00
       (O1, H2, O4)     0.01     0.00    -0.00    -0.00    -0.00        -0.01        -0.00        -0.00        -0.00         0.01        -0.00            -0.00
       (O1, H2, O4)     0.00     0.00     0.00    -0.00    -0.00         0.00        -0.02        -0.00        -0.00        -0.00         0.02             0.00
   (H3, O1, O4, D5)    -0.00     0.00    -0.00    -0.00     0.00         0.00        -0.00        -0.00        -0.00        -0.00         0.00             0.00

Kinetic energy distribution matrix (normalization check: 1.0)

Internal Coordinate (O1, O4) (O4, D5) (O4, H6) (O1, H2) (O1, H3) (O1, O4, H6) (O1, O4, D5) (D5, O4, H6) (H2, O1, H3) (O1, H2, O4) (O1, H2, O4) (H3, O1, O4, D5)
           (O1, O4)     1.02     0.00    -0.00    -0.00     0.00        -0.01        -0.04        -0.00         0.00         0.01         0.00            -0.00
           (O4, D5)     0.00     0.00     0.00     0.00    -0.00        -0.00         0.00         0.00        -0.00        -0.00        -0.00            -0.00
           (O4, H6)    -0.00     0.00     0.00    -0.00     0.00        -0.00         0.00        -0.00         0.00         0.00         0.00            -0.00
           (O1, H2)    -0.00     0.00    -0.00     0.00    -0.00        -0.00        -0.00        -0.00        -0.00        -0.00        -0.00             0.00
           (O1, H3)     0.00    -0.00     0.00    -0.00     0.00         0.00         0.00        -0.00        -0.00         0.00         0.00             0.00
       (O1, O4, H6)    -0.01    -0.00    -0.00    -0.00     0.00         0.00         0.00         0.00         0.00         0.00        -0.00            -0.00
       (O1, O4, D5)    -0.04     0.00     0.00    -0.00     0.00         0.00         0.04         0.00         0.00         0.00        -0.00            -0.00
       (D5, O4, H6)    -0.00     0.00    -0.00    -0.00    -0.00         0.00         0.00         0.00        -0.00        -0.00        -0.00            -0.00
       (H2, O1, H3)     0.00    -0.00     0.00    -0.00    -0.00         0.00         0.00        -0.00         0.00         0.00         0.00            -0.00
       (O1, H2, O4)     0.01    -0.00     0.00    -0.00     0.00         0.00         0.00        -0.00         0.00         0.00         0.00            -0.00
       (O1, H2, O4)     0.00    -0.00     0.00    -0.00     0.00        -0.00        -0.00        -0.00         0.00         0.00         0.00             0.00
   (H3, O1, O4, D5)    -0.00    -0.00    -0.00     0.00     0.00        -0.00        -0.00        -0.00        -0.00        -0.00         0.00             0.00

Total energy distribution matrix (normalization check: 1.0)

Internal Coordinate (O1, O4) (O4, D5) (O4, H6) (O1, H2) (O1, H3) (O1, O4, H6) (O1, O4, D5) (D5, O4, H6) (H2, O1, H3) (O1, H2, O4) (O1, H2, O4) (H3, O1, O4, D5)
           (O1, O4)     1.01     0.00    -0.00    -0.00    -0.00        -0.01        -0.03        -0.00         0.00         0.01         0.00            -0.00
           (O4, D5)     0.00     0.00     0.00    -0.00     0.00        -0.00        -0.00        -0.00         0.00         0.00         0.00             0.00
           (O4, H6)    -0.00     0.00     0.00     0.00    -0.00         0.00         0.00         0.00         0.00        -0.00         0.00            -0.00
           (O1, H2)    -0.00    -0.00     0.00     0.00    -0.00         0.00         0.00         0.00         0.00        -0.00        -0.00            -0.00
           (O1, H3)    -0.00     0.00    -0.00    -0.00     0.00         0.00        -0.00        -0.00         0.00        -0.00        -0.00             0.00
       (O1, O4, H6)    -0.01    -0.00     0.00     0.00     0.00         0.01         0.00         0.00         0.00        -0.00         0.00            -0.00
       (O1, O4, D5)    -0.03    -0.00     0.00     0.00    -0.00         0.00         0.04         0.00         0.00        -0.00        -0.01            -0.00
       (D5, O4, H6)    -0.00    -0.00     0.00     0.00    -0.00         0.00         0.00         0.00         0.00        -0.00        -0.00            -0.00
       (H2, O1, H3)     0.00     0.00     0.00     0.00     0.00         0.00         0.00         0.00         0.00        -0.00        -0.00            -0.00
       (O1, H2, O4)     0.01     0.00    -0.00    -0.00    -0.00        -0.00        -0.00        -0.00        -0.00         0.01        -0.00            -0.00
       (O1, H2, O4)     0.00     0.00     0.00    -0.00    -0.00         0.00        -0.01        -0.00        -0.00        -0.00         0.01             0.00
   (H3, O1, O4, D5)    -0.00     0.00    -0.00    -0.00     0.00        -0.00        -0.00        -0.00        -0.00        -0.00         0.00             0.00

----- Extended Results: Exact PED, KED and TED analysis per mode -----

Normal mode at the following harmonic frequency: 327 cm-1

Potential energy distribution matrix (normalization check: 1.0)

Internal Coordinate (O1, O4) (O4, D5) (O4, H6) (O1, H2) (O1, H3) (O1, O4, H6) (O1, O4, D5) (D5, O4, H6) (H2, O1, H3) (O1, H2, O4) (O1, H2, O4) (H3, O1, O4, D5)
           (O1, O4)     0.01     0.00     0.00     0.00    -0.00        -0.00        -0.00        -0.00        -0.00        -0.01        -0.00            -0.00
           (O4, D5)     0.00     0.00    -0.00     0.00     0.00        -0.00        -0.00        -0.00        -0.00        -0.00        -0.00             0.00
           (O4, H6)     0.00    -0.00     0.00     0.00     0.00        -0.00        -0.00        -0.00        -0.00        -0.00         0.00             0.00
           (O1, H2)     0.00     0.00     0.00     0.00     0.00        -0.00        -0.00        -0.00         0.00        -0.00        -0.00             0.00
           (O1, H3)    -0.00     0.00     0.00     0.00     0.00        -0.00        -0.00        -0.00        -0.00         0.00         0.00             0.00
       (O1, O4, H6)    -0.00    -0.00    -0.00    -0.00    -0.00         0.09         0.00        -0.00        -0.00         0.14        -0.05             0.00
       (O1, O4, D5)    -0.00    -0.00    -0.00    -0.00    -0.00         0.00         0.03         0.00        -0.00         0.01         0.06            -0.00
       (D5, O4, H6)    -0.00    -0.00    -0.00    -0.00    -0.00        -0.00         0.00         0.00        -0.00         0.00         0.00            -0.00
       (H2, O1, H3)    -0.00    -0.00    -0.00     0.00    -0.00        -0.00        -0.00        -0.00         0.09        -0.03        -0.01             0.00
       (O1, H2, O4)    -0.01    -0.00    -0.00    -0.00     0.00         0.14         0.01         0.00        -0.03         0.46        -0.06             0.01
       (O1, H2, O4)    -0.00    -0.00     0.00    -0.00     0.00        -0.05         0.06         0.00        -0.01        -0.06         0.21            -0.01
   (H3, O1, O4, D5)    -0.00     0.00     0.00     0.00     0.00         0.00        -0.00        -0.00         0.00         0.01        -0.01             0.00

Kinetic energy distribution matrix (normalization check: 1.0)

Internal Coordinate (O1, O4) (O4, D5) (O4, H6) (O1, H2) (O1, H3) (O1, O4, H6) (O1, O4, D5) (D5, O4, H6) (H2, O1, H3) (O1, H2, O4) (O1, H2, O4) (H3, O1, O4, D5)
           (O1, O4)     0.04     0.00     0.00     0.00     0.00        -0.01        -0.01        -0.00        -0.00        -0.01        -0.00            -0.00
           (O4, D5)     0.00     0.00    -0.00    -0.00    -0.00        -0.00         0.00         0.00         0.00         0.00         0.00            -0.00
           (O4, H6)     0.00    -0.00     0.00    -0.00    -0.00         0.00        -0.00         0.00         0.00         0.00         0.00             0.00
           (O1, H2)     0.00    -0.00    -0.00     0.00     0.00         0.00         0.00         0.00        -0.00        -0.00        -0.00            -0.00
           (O1, H3)     0.00    -0.00    -0.00     0.00     0.00         0.00         0.00        -0.00         0.00        -0.00        -0.00             0.00
       (O1, O4, H6)    -0.01    -0.00     0.00     0.00     0.00         0.23         0.04         0.00        -0.00        -0.01         0.01            -0.01
       (O1, O4, D5)    -0.01     0.00    -0.00     0.00     0.00         0.04         0.11         0.00        -0.00        -0.00         0.00            -0.01
       (D5, O4, H6)    -0.00     0.00     0.00     0.00    -0.00         0.00         0.00         0.00         0.00         0.00         0.00            -0.00
       (H2, O1, H3)    -0.00     0.00     0.00    -0.00     0.00        -0.00        -0.00         0.00         0.01         0.04         0.01             0.00
       (O1, H2, O4)    -0.01     0.00     0.00    -0.00    -0.00        -0.01        -0.00         0.00         0.04         0.49         0.05             0.00
       (O1, H2, O4)    -0.00     0.00     0.00    -0.00    -0.00         0.01         0.00         0.00         0.01         0.05         0.11            -0.00
   (H3, O1, O4, D5)    -0.00    -0.00     0.00    -0.00     0.00        -0.01        -0.01        -0.00         0.00         0.00        -0.00             0.02

Total energy distribution matrix (normalization check: 1.0)

Internal Coordinate (O1, O4) (O4, D5) (O4, H6) (O1, H2) (O1, H3) (O1, O4, H6) (O1, O4, D5) (D5, O4, H6) (H2, O1, H3) (O1, H2, O4) (O1, H2, O4) (H3, O1, O4, D5)
           (O1, O4)     0.02     0.00     0.00     0.00     0.00        -0.01        -0.01        -0.00        -0.00        -0.01        -0.00            -0.00
           (O4, D5)     0.00     0.00    -0.00     0.00    -0.00        -0.00        -0.00        -0.00         0.00        -0.00        -0.00            -0.00
           (O4, H6)     0.00    -0.00     0.00     0.00    -0.00        -0.00        -0.00        -0.00         0.00        -0.00         0.00             0.00
           (O1, H2)     0.00     0.00     0.00     0.00     0.00        -0.00        -0.00        -0.00         0.00        -0.00        -0.00            -0.00
           (O1, H3)     0.00    -0.00    -0.00     0.00     0.00         0.00         0.00        -0.00        -0.00         0.00        -0.00             0.00
       (O1, O4, H6)    -0.01    -0.00    -0.00    -0.00     0.00         0.16         0.02         0.00        -0.00         0.07        -0.02            -0.01
       (O1, O4, D5)    -0.01    -0.00    -0.00    -0.00     0.00         0.02         0.07         0.00        -0.00         0.00         0.03            -0.00
       (D5, O4, H6)    -0.00    -0.00    -0.00    -0.00    -0.00         0.00         0.00         0.00         0.00         0.00         0.00            -0.00
       (H2, O1, H3)    -0.00     0.00     0.00     0.00    -0.00        -0.00        -0.00         0.00         0.05         0.01         0.00             0.00
       (O1, H2, O4)    -0.01    -0.00    -0.00    -0.00     0.00         0.07         0.00         0.00         0.01         0.47        -0.00             0.00
       (O1, H2, O4)    -0.00    -0.00     0.00    -0.00    -0.00        -0.02         0.03         0.00         0.00        -0.00         0.16            -0.01
   (H3, O1, O4, D5)    -0.00    -0.00     0.00    -0.00     0.00        -0.01        -0.00        -0.00         0.00         0.00        -0.01             0.01

----- Extended Results: Exact PED, KED and TED analysis per mode -----

Normal mode at the following harmonic frequency: 593 cm-1

Potential energy distribution matrix (normalization check: 1.0)

Internal Coordinate (O1, O4) (O4, D5) (O4, H6) (O1, H2) (O1, H3) (O1, O4, H6) (O1, O4, D5) (D5, O4, H6) (H2, O1, H3) (O1, H2, O4) (O1, H2, O4) (H3, O1, O4, D5)
           (O1, O4)     0.00    -0.00    -0.00    -0.00     0.00         0.00        -0.00         0.00         0.00         0.00        -0.00             0.00
           (O4, D5)    -0.00     0.00    -0.00     0.00     0.00        -0.00         0.00        -0.00        -0.00        -0.00         0.00             0.00
           (O4, H6)    -0.00    -0.00     0.00     0.00     0.00        -0.00         0.00        -0.00        -0.00        -0.00        -0.00             0.00
           (O1, H2)    -0.00     0.00     0.00     0.00     0.00        -0.00         0.00        -0.00         0.00        -0.00         0.00             0.00
           (O1, H3)     0.00     0.00     0.00     0.00     0.00        -0.00         0.00        -0.00        -0.00         0.00        -0.00             0.00
       (O1, O4, H6)     0.00    -0.00    -0.00    -0.00    -0.00         0.01        -0.00        -0.00        -0.00         0.02         0.03             0.00
       (O1, O4, D5)    -0.00     0.00     0.00     0.00     0.00        -0.00         0.01        -0.00         0.00        -0.00         0.05             0.00
       (D5, O4, H6)     0.00    -0.00    -0.00    -0.00    -0.00        -0.00        -0.00         0.00        -0.00         0.00        -0.00            -0.00
       (H2, O1, H3)     0.00    -0.00    -0.00     0.00    -0.00        -0.00         0.00        -0.00         0.00        -0.00         0.00             0.00
       (O1, H2, O4)     0.00    -0.00    -0.00    -0.00     0.00         0.02        -0.00         0.00        -0.00         0.08         0.04             0.00
       (O1, H2, O4)    -0.00     0.00    -0.00     0.00    -0.00         0.03         0.05        -0.00         0.00         0.04         0.57             0.01
   (H3, O1, O4, D5)     0.00     0.00     0.00     0.00     0.00         0.00         0.00        -0.00         0.00         0.00         0.01             0.00

Kinetic energy distribution matrix (normalization check: 1.0)

Internal Coordinate (O1, O4) (O4, D5) (O4, H6) (O1, H2) (O1, H3) (O1, O4, H6) (O1, O4, D5) (D5, O4, H6) (H2, O1, H3) (O1, H2, O4) (O1, H2, O4) (H3, O1, O4, D5)
           (O1, O4)     0.00    -0.00    -0.00    -0.00    -0.00         0.00        -0.00         0.00         0.00         0.00        -0.00             0.00
           (O4, D5)    -0.00     0.00    -0.00    -0.00    -0.00        -0.00        -0.00         0.00         0.00         0.00        -0.00            -0.00
           (O4, H6)    -0.00    -0.00     0.00    -0.00    -0.00         0.00         0.00         0.00         0.00         0.00        -0.00             0.00
           (O1, H2)    -0.00    -0.00    -0.00     0.00     0.00         0.00        -0.00         0.00        -0.00        -0.00         0.00            -0.00
           (O1, H3)    -0.00    -0.00    -0.00     0.00     0.00         0.00        -0.00        -0.00         0.00        -0.00         0.00             0.00
       (O1, O4, H6)     0.00    -0.00     0.00     0.00     0.00         0.12        -0.02         0.00        -0.00        -0.00        -0.01            -0.01
       (O1, O4, D5)    -0.00    -0.00     0.00    -0.00    -0.00        -0.02         0.08        -0.00         0.00         0.00         0.00             0.01
       (D5, O4, H6)     0.00     0.00     0.00     0.00    -0.00         0.00        -0.00         0.00         0.00         0.00        -0.00            -0.00
       (H2, O1, H3)     0.00     0.00     0.00    -0.00     0.00        -0.00         0.00         0.00         0.00         0.00        -0.00             0.00
       (O1, H2, O4)     0.00     0.00     0.00    -0.00    -0.00        -0.00         0.00         0.00         0.00         0.30        -0.12             0.00
       (O1, H2, O4)    -0.00    -0.00    -0.00     0.00     0.00        -0.01         0.00        -0.00        -0.00        -0.12         0.94             0.01
   (H3, O1, O4, D5)     0.00    -0.00     0.00    -0.00     0.00        -0.01         0.01        -0.00         0.00         0.00         0.01             0.03

Total energy distribution matrix (normalization check: 1.0)

Internal Coordinate (O1, O4) (O4, D5) (O4, H6) (O1, H2) (O1, H3) (O1, O4, H6) (O1, O4, D5) (D5, O4, H6) (H2, O1, H3) (O1, H2, O4) (O1, H2, O4) (H3, O1, O4, D5)
           (O1, O4)     0.00    -0.00    -0.00    -0.00    -0.00         0.00        -0.00         0.00         0.00         0.00        -0.00             0.00
           (O4, D5)    -0.00     0.00    -0.00     0.00    -0.00        -0.00         0.00        -0.00         0.00         0.00         0.00            -0.00
           (O4, H6)    -0.00    -0.00     0.00     0.00    -0.00        -0.00         0.00        -0.00         0.00         0.00        -0.00             0.00
           (O1, H2)    -0.00     0.00     0.00     0.00     0.00         0.00        -0.00        -0.00         0.00        -0.00         0.00            -0.00
           (O1, H3)    -0.00    -0.00    -0.00     0.00     0.00         0.00        -0.00        -0.00        -0.00        -0.00         0.00             0.00
       (O1, O4, H6)     0.00    -0.00    -0.00     0.00     0.00         0.07        -0.01         0.00        -0.00         0.01         0.01            -0.01
       (O1, O4, D5)    -0.00     0.00     0.00    -0.00    -0.00        -0.01         0.04        -0.00         0.00        -0.00         0.03             0.00
       (D5, O4, H6)     0.00    -0.00    -0.00    -0.00    -0.00         0.00        -0.00         0.00         0.00         0.00        -0.00            -0.00
       (H2, O1, H3)     0.00     0.00     0.00     0.00    -0.00        -0.00         0.00         0.00         0.00         0.00        -0.00             0.00
       (O1, H2, O4)     0.00     0.00     0.00    -0.00    -0.00         0.01        -0.00         0.00         0.00         0.19        -0.04             0.00
       (O1, H2, O4)    -0.00     0.00    -0.00     0.00     0.00         0.01         0.03        -0.00        -0.00        -0.04         0.76             0.01
   (H3, O1, O4, D5)     0.00    -0.00     0.00    -0.00     0.00        -0.01         0.00        -0.00         0.00         0.00         0.01             0.02

----- Extended Results: Exact PED, KED and TED analysis per mode -----

Normal mode at the following harmonic frequency: 1534 cm-1

Potential energy distribution matrix (normalization check: 1.0)

Internal Coordinate (O1, O4) (O4, D5) (O4, H6) (O1, H2) (O1, H3) (O1, O4, H6) (O1, O4, D5) (D5, O4, H6) (H2, O1, H3) (O1, H2, O4) (O1, H2, O4) (H3, O1, O4, D5)
           (O1, O4)     0.00    -0.00    -0.00    -0.00    -0.00        -0.00        -0.00         0.00        -0.00         0.00         0.00             0.00
           (O4, D5)    -0.00     0.00    -0.00     0.00    -0.00         0.00         0.00        -0.01         0.00        -0.00        -0.00             0.00
           (O4, H6)    -0.00    -0.00     0.01     0.00    -0.00         0.00         0.00        -0.01         0.00        -0.00         0.00             0.00
           (O1, H2)    -0.00     0.00     0.00     0.00    -0.00         0.00         0.00        -0.00        -0.00        -0.00        -0.00             0.00
           (O1, H3)    -0.00    -0.00    -0.00    -0.00     0.00        -0.00        -0.00         0.00        -0.00        -0.00        -0.00            -0.00
       (O1, O4, H6)    -0.00     0.00     0.00     0.00    -0.00         0.01         0.00         0.00        -0.00        -0.00         0.00            -0.00
       (O1, O4, D5)    -0.00     0.00     0.00     0.00    -0.00         0.00         0.00        -0.00        -0.00        -0.00        -0.00             0.00
       (D5, O4, H6)     0.00    -0.01    -0.01    -0.00     0.00         0.00        -0.00         1.00         0.00         0.00         0.00            -0.00
       (H2, O1, H3)    -0.00     0.00     0.00    -0.00    -0.00        -0.00        -0.00         0.00         0.00         0.00         0.00            -0.00
       (O1, H2, O4)     0.00    -0.00    -0.00    -0.00    -0.00        -0.00        -0.00         0.00         0.00         0.00        -0.00             0.00
       (O1, H2, O4)     0.00    -0.00     0.00    -0.00    -0.00         0.00        -0.00         0.00         0.00        -0.00         0.00            -0.00
   (H3, O1, O4, D5)     0.00     0.00     0.00     0.00    -0.00        -0.00         0.00        -0.00        -0.00         0.00        -0.00             0.00

Kinetic energy distribution matrix (normalization check: 1.0)

Internal Coordinate (O1, O4) (O4, D5) (O4, H6) (O1, H2) (O1, H3) (O1, O4, H6) (O1, O4, D5) (D5, O4, H6) (H2, O1, H3) (O1, H2, O4) (O1, H2, O4) (H3, O1, O4, D5)
           (O1, O4)     0.03    -0.00    -0.00    -0.00     0.00        -0.01        -0.01         0.00        -0.00         0.00         0.00             0.00
           (O4, D5)    -0.00     0.00    -0.00    -0.00     0.00         0.00        -0.00         0.00        -0.00         0.00         0.00            -0.00
           (O4, H6)    -0.00    -0.00     0.00    -0.00     0.00        -0.00         0.00         0.00        -0.00         0.00         0.00             0.00
           (O1, H2)    -0.00    -0.00    -0.00     0.00    -0.00        -0.00        -0.00         0.00         0.00        -0.00        -0.00            -0.00
           (O1, H3)     0.00     0.00     0.00    -0.00     0.00         0.00         0.00         0.00         0.00         0.00         0.00            -0.00
       (O1, O4, H6)    -0.01     0.00    -0.00    -0.00     0.00         0.42         0.06        -0.54        -0.00         0.00        -0.00             0.05
       (O1, O4, D5)    -0.01    -0.00     0.00    -0.00     0.00         0.06         0.17        -0.26        -0.00         0.00        -0.00             0.02
       (D5, O4, H6)     0.00     0.00     0.00     0.00     0.00        -0.54        -0.26         2.20        -0.00         0.00         0.00            -0.18
       (H2, O1, H3)    -0.00    -0.00    -0.00     0.00     0.00        -0.00        -0.00        -0.00         0.00        -0.00        -0.00            -0.00
       (O1, H2, O4)     0.00     0.00     0.00    -0.00     0.00         0.00         0.00         0.00        -0.00         0.00         0.00             0.00
       (O1, H2, O4)     0.00     0.00     0.00    -0.00     0.00        -0.00        -0.00         0.00        -0.00         0.00         0.00            -0.00
   (H3, O1, O4, D5)     0.00    -0.00     0.00    -0.00    -0.00         0.05         0.02        -0.18        -0.00         0.00        -0.00             0.12

Total energy distribution matrix (normalization check: 1.0)

Internal Coordinate (O1, O4) (O4, D5) (O4, H6) (O1, H2) (O1, H3) (O1, O4, H6) (O1, O4, D5) (D5, O4, H6) (H2, O1, H3) (O1, H2, O4) (O1, H2, O4) (H3, O1, O4, D5)
           (O1, O4)     0.01    -0.00    -0.00    -0.00     0.00        -0.01        -0.01         0.00        -0.00         0.00         0.00             0.00
           (O4, D5)    -0.00     0.00    -0.00    -0.00     0.00         0.00         0.00        -0.00        -0.00         0.00         0.00            -0.00
           (O4, H6)    -0.00    -0.00     0.00    -0.00     0.00        -0.00         0.00        -0.00        -0.00         0.00         0.00             0.00
           (O1, H2)    -0.00    -0.00    -0.00     0.00    -0.00        -0.00        -0.00        -0.00        -0.00        -0.00        -0.00            -0.00
           (O1, H3)     0.00     0.00     0.00    -0.00     0.00         0.00         0.00         0.00        -0.00         0.00         0.00            -0.00
       (O1, O4, H6)    -0.01     0.00    -0.00    -0.00     0.00         0.21         0.03        -0.27        -0.00        -0.00        -0.00             0.02
       (O1, O4, D5)    -0.01     0.00     0.00    -0.00     0.00         0.03         0.09        -0.13        -0.00         0.00        -0.00             0.01
       (D5, O4, H6)     0.00    -0.00    -0.00    -0.00     0.00        -0.27        -0.13         1.60        -0.00         0.00         0.00            -0.09
       (H2, O1, H3)    -0.00    -0.00    -0.00    -0.00    -0.00        -0.00        -0.00        -0.00         0.00        -0.00        -0.00            -0.00
       (O1, H2, O4)     0.00     0.00     0.00    -0.00     0.00        -0.00         0.00         0.00        -0.00         0.00         0.00             0.00
       (O1, H2, O4)     0.00     0.00     0.00    -0.00     0.00        -0.00        -0.00         0.00        -0.00         0.00         0.00            -0.00
   (H3, O1, O4, D5)     0.00    -0.00     0.00    -0.00    -0.00         0.02         0.01        -0.09        -0.00         0.00        -0.00             0.06

----- Extended Results: Exact PED, KED and TED analysis per mode -----

Normal mode at the following harmonic frequency: 1779 cm-1

Potential energy distribution matrix (normalization check: 1.0)

Internal Coordinate (O1, O4) (O4, D5) (O4, H6) (O1, H2) (O1, H3) (O1, O4, H6) (O1, O4, D5) (D5, O4, H6) (H2, O1, H3) (O1, H2, O4) (O1, H2, O4) (H3, O1, O4, D5)
           (O1, O4)     0.00    -0.00    -0.00    -0.00    -0.00         0.00         0.00        -0.00        -0.00         0.00         0.00             0.00
           (O4, D5)    -0.00     0.00    -0.00     0.00    -0.00        -0.00        -0.00         0.00         0.00        -0.00        -0.00             0.00
           (O4, H6)    -0.00    -0.00     0.00     0.00    -0.00        -0.00        -0.00         0.00         0.00        -0.00         0.00             0.00
           (O1, H2)    -0.00     0.00     0.00     0.01    -0.00        -0.00        -0.00         0.00        -0.01        -0.00        -0.00             0.00
           (O1, H3)    -0.00    -0.00    -0.00    -0.00     0.01         0.00         0.00        -0.00        -0.01        -0.00        -0.00            -0.00
       (O1, O4, H6)     0.00    -0.00    -0.00    -0.00     0.00         0.00         0.00         0.00         0.00         0.00        -0.00             0.00
       (O1, O4, D5)     0.00    -0.00    -0.00    -0.00     0.00         0.00         0.00        -0.00         0.00         0.00         0.00            -0.00
       (D5, O4, H6)    -0.00     0.00     0.00     0.00    -0.00         0.00        -0.00         0.00        -0.00        -0.00        -0.00             0.00
       (H2, O1, H3)    -0.00     0.00     0.00    -0.01    -0.01         0.00         0.00        -0.00         0.93         0.02         0.00            -0.00
       (O1, H2, O4)     0.00    -0.00    -0.00    -0.00    -0.00         0.00         0.00        -0.00         0.02         0.03        -0.00             0.00
       (O1, H2, O4)     0.00    -0.00     0.00    -0.00    -0.00        -0.00         0.00        -0.00         0.00        -0.00         0.01            -0.00
   (H3, O1, O4, D5)     0.00     0.00     0.00     0.00    -0.00         0.00        -0.00         0.00        -0.00         0.00        -0.00             0.00

Kinetic energy distribution matrix (normalization check: 1.0)

Internal Coordinate (O1, O4) (O4, D5) (O4, H6) (O1, H2) (O1, H3) (O1, O4, H6) (O1, O4, D5) (D5, O4, H6) (H2, O1, H3) (O1, H2, O4) (O1, H2, O4) (H3, O1, O4, D5)
           (O1, O4)     0.01    -0.00    -0.00    -0.00     0.00         0.00         0.00        -0.00        -0.03         0.01         0.00             0.00
           (O4, D5)    -0.00     0.00    -0.00    -0.00     0.00        -0.00         0.00        -0.00        -0.00         0.00         0.00            -0.00
           (O4, H6)    -0.00    -0.00     0.00    -0.00     0.00         0.00        -0.00        -0.00        -0.00         0.00         0.00             0.00
           (O1, H2)    -0.00    -0.00    -0.00     0.00    -0.00         0.00         0.00        -0.00         0.00        -0.00        -0.00            -0.00
           (O1, H3)     0.00     0.00     0.00    -0.00     0.00        -0.00        -0.00        -0.00         0.00         0.00         0.00            -0.00
       (O1, O4, H6)     0.00    -0.00     0.00     0.00    -0.00         0.00         0.00        -0.00         0.00        -0.00         0.00            -0.00
       (O1, O4, D5)     0.00     0.00    -0.00     0.00    -0.00         0.00         0.00        -0.00         0.00        -0.00         0.00            -0.00
       (D5, O4, H6)    -0.00    -0.00    -0.00    -0.00    -0.00        -0.00        -0.00         0.00         0.00        -0.00        -0.00             0.00
       (H2, O1, H3)    -0.03    -0.00    -0.00     0.00     0.00         0.00         0.00         0.00         2.43        -0.99        -0.19            -0.00
       (O1, H2, O4)     0.01     0.00     0.00    -0.00     0.00        -0.00        -0.00        -0.00        -0.99         0.92         0.08             0.00
       (O1, H2, O4)     0.00     0.00     0.00    -0.00     0.00         0.00         0.00        -0.00        -0.19         0.08         0.12            -0.00
   (H3, O1, O4, D5)     0.00    -0.00     0.00    -0.00    -0.00        -0.00        -0.00         0.00        -0.00         0.00        -0.00             0.00

Total energy distribution matrix (normalization check: 1.0)

Internal Coordinate (O1, O4) (O4, D5) (O4, H6) (O1, H2) (O1, H3) (O1, O4, H6) (O1, O4, D5) (D5, O4, H6) (H2, O1, H3) (O1, H2, O4) (O1, H2, O4) (H3, O1, O4, D5)
           (O1, O4)     0.01    -0.00    -0.00    -0.00     0.00         0.00         0.00        -0.00        -0.01         0.01         0.00             0.00
           (O4, D5)    -0.00     0.00    -0.00    -0.00     0.00        -0.00        -0.00         0.00        -0.00         0.00         0.00            -0.00
           (O4, H6)    -0.00    -0.00     0.00    -0.00     0.00         0.00        -0.00         0.00        -0.00         0.00         0.00             0.00
           (O1, H2)    -0.00    -0.00    -0.00     0.00    -0.00         0.00         0.00         0.00        -0.00        -0.00        -0.00            -0.00
           (O1, H3)     0.00     0.00     0.00    -0.00     0.00        -0.00        -0.00        -0.00        -0.00         0.00         0.00            -0.00
       (O1, O4, H6)     0.00    -0.00     0.00     0.00    -0.00         0.00         0.00        -0.00         0.00        -0.00         0.00            -0.00
       (O1, O4, D5)     0.00    -0.00    -0.00     0.00    -0.00         0.00         0.00        -0.00         0.00        -0.00         0.00            -0.00
       (D5, O4, H6)    -0.00     0.00     0.00     0.00    -0.00        -0.00        -0.00         0.00         0.00        -0.00        -0.00             0.00
       (H2, O1, H3)    -0.01    -0.00    -0.00    -0.00    -0.00         0.00         0.00         0.00         1.68        -0.48        -0.09            -0.00
       (O1, H2, O4)     0.01     0.00     0.00    -0.00     0.00        -0.00        -0.00        -0.00        -0.48         0.48         0.04             0.00
       (O1, H2, O4)     0.00     0.00     0.00    -0.00     0.00         0.00         0.00        -0.00        -0.09         0.04         0.06            -0.00
   (H3, O1, O4, D5)     0.00    -0.00     0.00    -0.00    -0.00        -0.00        -0.00         0.00        -0.00         0.00        -0.00             0.00

----- Extended Results: Exact PED, KED and TED analysis per mode -----

Normal mode at the following harmonic frequency: 3041 cm-1

Potential energy distribution matrix (normalization check: 1.0)

Internal Coordinate (O1, O4) (O4, D5) (O4, H6) (O1, H2) (O1, H3) (O1, O4, H6) (O1, O4, D5) (D5, O4, H6) (H2, O1, H3) (O1, H2, O4) (O1, H2, O4) (H3, O1, O4, D5)
           (O1, O4)     0.00    -0.00    -0.00     0.00    -0.00        -0.00         0.00         0.00         0.00         0.00         0.00            -0.00
           (O4, D5)    -0.00     1.00    -0.00    -0.00    -0.00         0.00        -0.00        -0.00        -0.00        -0.00        -0.00            -0.00
           (O4, H6)    -0.00    -0.00     0.00    -0.00    -0.00         0.00        -0.00        -0.00        -0.00        -0.00         0.00            -0.00
           (O1, H2)     0.00    -0.00    -0.00     0.00     0.00        -0.00         0.00         0.00        -0.00         0.00         0.00             0.00
           (O1, H3)    -0.00    -0.00    -0.00     0.00     0.00        -0.00         0.00         0.00         0.00        -0.00        -0.00             0.00
       (O1, O4, H6)    -0.00     0.00     0.00    -0.00    -0.00         0.00        -0.00         0.00         0.00        -0.00         0.00             0.00
       (O1, O4, D5)     0.00    -0.00    -0.00     0.00     0.00        -0.00         0.00         0.00        -0.00         0.00         0.00             0.00
       (D5, O4, H6)     0.00    -0.00    -0.00     0.00     0.00         0.00         0.00         0.00        -0.00         0.00         0.00             0.00
       (H2, O1, H3)     0.00    -0.00    -0.00    -0.00     0.00         0.00        -0.00        -0.00         0.00        -0.00        -0.00            -0.00
       (O1, H2, O4)     0.00    -0.00    -0.00     0.00    -0.00        -0.00         0.00         0.00        -0.00         0.00        -0.00            -0.00
       (O1, H2, O4)     0.00    -0.00     0.00     0.00    -0.00         0.00         0.00         0.00        -0.00        -0.00         0.00             0.00
   (H3, O1, O4, D5)    -0.00    -0.00    -0.00     0.00     0.00         0.00         0.00         0.00        -0.00        -0.00         0.00             0.00

Kinetic energy distribution matrix (normalization check: 1.0)

Internal Coordinate (O1, O4) (O4, D5) (O4, H6) (O1, H2) (O1, H3) (O1, O4, H6) (O1, O4, D5) (D5, O4, H6) (H2, O1, H3) (O1, H2, O4) (O1, H2, O4) (H3, O1, O4, D5)
           (O1, O4)     0.01    -0.01    -0.00     0.00     0.00        -0.00         0.00         0.00         0.00         0.00         0.00            -0.00
           (O4, D5)    -0.01     1.12    -0.00     0.00     0.00         0.00         0.00         0.00         0.00         0.00         0.00             0.00
           (O4, H6)    -0.00    -0.00     0.00     0.00     0.00        -0.00        -0.00         0.00         0.00         0.00         0.00            -0.00
           (O1, H2)     0.00     0.00     0.00     0.00     0.00         0.00        -0.00        -0.00         0.00         0.00         0.00            -0.00
           (O1, H3)     0.00     0.00     0.00     0.00     0.00         0.00        -0.00         0.00        -0.00         0.00         0.00             0.00
       (O1, O4, H6)    -0.00     0.00    -0.00     0.00     0.00         0.00        -0.00        -0.00         0.00         0.00        -0.00            -0.00
       (O1, O4, D5)     0.00     0.00    -0.00    -0.00    -0.00        -0.00         0.00         0.00        -0.00        -0.00         0.00             0.00
       (D5, O4, H6)     0.00     0.00     0.00    -0.00     0.00        -0.00         0.00         0.00         0.00         0.00         0.00             0.00
       (H2, O1, H3)     0.00     0.00     0.00     0.00    -0.00         0.00        -0.00         0.00         0.00         0.00         0.00            -0.00
       (O1, H2, O4)     0.00     0.00     0.00     0.00     0.00         0.00        -0.00         0.00         0.00         0.00         0.00            -0.00
       (O1, H2, O4)     0.00     0.00     0.00     0.00     0.00        -0.00         0.00         0.00         0.00         0.00         0.00             0.00
   (H3, O1, O4, D5)    -0.00     0.00    -0.00    -0.00     0.00        -0.00         0.00         0.00        -0.00        -0.00         0.00             0.00

Total energy distribution matrix (normalization check: 1.0)

Internal Coordinate (O1, O4) (O4, D5) (O4, H6) (O1, H2) (O1, H3) (O1, O4, H6) (O1, O4, D5) (D5, O4, H6) (H2, O1, H3) (O1, H2, O4) (O1, H2, O4) (H3, O1, O4, D5)
           (O1, O4)     0.01    -0.01    -0.00     0.00     0.00        -0.00         0.00         0.00         0.00         0.00         0.00            -0.00
           (O4, D5)    -0.01     1.06    -0.00     0.00     0.00         0.00         0.00        -0.00         0.00         0.00         0.00             0.00
           (O4, H6)    -0.00    -0.00     0.00     0.00     0.00        -0.00        -0.00         0.00         0.00         0.00         0.00            -0.00
           (O1, H2)     0.00     0.00     0.00     0.00     0.00         0.00        -0.00         0.00         0.00         0.00         0.00            -0.00
           (O1, H3)     0.00     0.00     0.00     0.00     0.00         0.00        -0.00         0.00        -0.00         0.00         0.00             0.00
       (O1, O4, H6)    -0.00     0.00    -0.00     0.00     0.00         0.00        -0.00        -0.00         0.00         0.00        -0.00            -0.00
       (O1, O4, D5)     0.00     0.00    -0.00    -0.00    -0.00        -0.00         0.00         0.00        -0.00        -0.00         0.00             0.00
       (D5, O4, H6)     0.00    -0.00     0.00     0.00     0.00        -0.00         0.00         0.00         0.00         0.00         0.00             0.00
       (H2, O1, H3)     0.00     0.00     0.00     0.00    -0.00         0.00        -0.00         0.00         0.00         0.00         0.00            -0.00
       (O1, H2, O4)     0.00     0.00     0.00     0.00     0.00         0.00        -0.00         0.00         0.00         0.00         0.00            -0.00
       (O1, H2, O4)     0.00     0.00     0.00     0.00     0.00        -0.00         0.00         0.00         0.00         0.00         0.00             0.00
   (H3, O1, O4, D5)    -0.00     0.00    -0.00    -0.00     0.00        -0.00         0.00         0.00        -0.00        -0.00         0.00             0.00

----- Extended Results: Exact PED, KED and TED analysis per mode -----

Normal mode at the following harmonic frequency: 4100 cm-1

Potential energy distribution matrix (normalization check: 1.0)

Internal Coordinate (O1, O4) (O4, D5) (O4, H6) (O1, H2) (O1, H3) (O1, O4, H6) (O1, O4, D5) (D5, O4, H6) (H2, O1, H3) (O1, H2, O4) (O1, H2, O4) (H3, O1, O4, D5)
           (O1, O4)     0.00    -0.00     0.00    -0.00    -0.00        -0.00        -0.00        -0.00        -0.00        -0.00        -0.00            -0.00
           (O4, D5)    -0.00     0.00     0.00     0.00    -0.00         0.00         0.00         0.00         0.00         0.00         0.00            -0.00
           (O4, H6)     0.00     0.00     0.00    -0.00     0.00        -0.00        -0.00        -0.00        -0.00        -0.00         0.00             0.00
           (O1, H2)    -0.00     0.00    -0.00     0.83    -0.00         0.00         0.00         0.00        -0.00         0.00         0.00            -0.00
           (O1, H3)    -0.00    -0.00     0.00    -0.00     0.17        -0.00        -0.00        -0.00        -0.00         0.00         0.00             0.00
       (O1, O4, H6)    -0.00     0.00    -0.00     0.00    -0.00         0.00         0.00        -0.00        -0.00         0.00        -0.00             0.00
       (O1, O4, D5)    -0.00     0.00    -0.00     0.00    -0.00         0.00         0.00         0.00        -0.00         0.00         0.00            -0.00
       (D5, O4, H6)    -0.00     0.00    -0.00     0.00    -0.00        -0.00         0.00         0.00        -0.00         0.00         0.00            -0.00
       (H2, O1, H3)    -0.00     0.00    -0.00    -0.00    -0.00        -0.00        -0.00        -0.00         0.00        -0.00        -0.00             0.00
       (O1, H2, O4)    -0.00     0.00    -0.00     0.00     0.00         0.00         0.00         0.00        -0.00         0.00        -0.00             0.00
       (O1, H2, O4)    -0.00     0.00     0.00     0.00     0.00        -0.00         0.00         0.00        -0.00        -0.00         0.00            -0.00
   (H3, O1, O4, D5)    -0.00    -0.00     0.00    -0.00     0.00         0.00        -0.00        -0.00         0.00         0.00        -0.00             0.00

Kinetic energy distribution matrix (normalization check: 1.0)

Internal Coordinate (O1, O4) (O4, D5) (O4, H6) (O1, H2) (O1, H3) (O1, O4, H6) (O1, O4, D5) (D5, O4, H6) (H2, O1, H3) (O1, H2, O4) (O1, H2, O4) (H3, O1, O4, D5)
           (O1, O4)     0.02    -0.00     0.00    -0.02     0.00        -0.00        -0.00        -0.00        -0.00        -0.00        -0.00            -0.00
           (O4, D5)    -0.00     0.00     0.00    -0.00     0.00         0.00        -0.00        -0.00        -0.00        -0.00        -0.00             0.00
           (O4, H6)     0.00     0.00     0.00     0.00    -0.00         0.00        -0.00         0.00         0.00         0.00         0.00             0.00
           (O1, H2)    -0.02    -0.00     0.00     0.94    -0.01        -0.00        -0.00        -0.00         0.00         0.00         0.00             0.00
           (O1, H3)     0.00     0.00    -0.00    -0.01     0.21         0.00         0.00        -0.00         0.00        -0.00        -0.00             0.00
       (O1, O4, H6)    -0.00     0.00     0.00    -0.00     0.00         0.00         0.00         0.00        -0.00        -0.00         0.00            -0.00
       (O1, O4, D5)    -0.00    -0.00    -0.00    -0.00     0.00         0.00         0.00         0.00        -0.00        -0.00         0.00            -0.00
       (D5, O4, H6)    -0.00    -0.00     0.00    -0.00    -0.00         0.00         0.00         0.00         0.00         0.00         0.00            -0.00
       (H2, O1, H3)    -0.00    -0.00     0.00     0.00     0.00        -0.00        -0.00         0.00         0.00         0.00         0.00             0.00
       (O1, H2, O4)    -0.00    -0.00     0.00     0.00    -0.00        -0.00        -0.00         0.00         0.00         0.00         0.00             0.00
       (O1, H2, O4)    -0.00    -0.00     0.00     0.00    -0.00         0.00         0.00         0.00         0.00         0.00         0.00            -0.00
   (H3, O1, O4, D5)    -0.00     0.00     0.00     0.00     0.00        -0.00        -0.00        -0.00         0.00         0.00        -0.00             0.00

Total energy distribution matrix (normalization check: 1.0)

Internal Coordinate (O1, O4) (O4, D5) (O4, H6) (O1, H2) (O1, H3) (O1, O4, H6) (O1, O4, D5) (D5, O4, H6) (H2, O1, H3) (O1, H2, O4) (O1, H2, O4) (H3, O1, O4, D5)
           (O1, O4)     0.01    -0.00     0.00    -0.01     0.00        -0.00        -0.00        -0.00        -0.00        -0.00        -0.00            -0.00
           (O4, D5)    -0.00     0.00     0.00    -0.00     0.00         0.00        -0.00         0.00        -0.00        -0.00        -0.00             0.00
           (O4, H6)     0.00     0.00     0.00     0.00    -0.00         0.00        -0.00         0.00         0.00         0.00         0.00             0.00
           (O1, H2)    -0.01    -0.00     0.00     0.88    -0.00        -0.00        -0.00         0.00         0.00         0.00         0.00             0.00
           (O1, H3)     0.00     0.00    -0.00    -0.00     0.19         0.00         0.00        -0.00         0.00        -0.00        -0.00             0.00
       (O1, O4, H6)    -0.00     0.00     0.00    -0.00     0.00         0.00         0.00         0.00        -0.00        -0.00         0.00            -0.00
       (O1, O4, D5)    -0.00    -0.00    -0.00    -0.00     0.00         0.00         0.00         0.00        -0.00        -0.00         0.00            -0.00
       (D5, O4, H6)    -0.00     0.00     0.00     0.00    -0.00         0.00         0.00         0.00         0.00         0.00         0.00            -0.00
       (H2, O1, H3)    -0.00    -0.00     0.00     0.00     0.00        -0.00        -0.00         0.00         0.00         0.00         0.00             0.00
       (O1, H2, O4)    -0.00    -0.00     0.00     0.00    -0.00        -0.00        -0.00         0.00         0.00         0.00         0.00             0.00
       (O1, H2, O4)    -0.00    -0.00     0.00     0.00    -0.00         0.00         0.00         0.00         0.00         0.00         0.00            -0.00
   (H3, O1, O4, D5)    -0.00     0.00     0.00     0.00     0.00        -0.00        -0.00        -0.00         0.00         0.00        -0.00             0.00

----- Extended Results: Exact PED, KED and TED analysis per mode -----

Normal mode at the following harmonic frequency: 4186 cm-1

Potential energy distribution matrix (normalization check: 1.0)

Internal Coordinate (O1, O4) (O4, D5) (O4, H6) (O1, H2) (O1, H3) (O1, O4, H6) (O1, O4, D5) (D5, O4, H6) (H2, O1, H3) (O1, H2, O4) (O1, H2, O4) (H3, O1, O4, D5)
           (O1, O4)     0.00     0.00    -0.00    -0.00    -0.00         0.00        -0.00         0.00         0.00         0.00        -0.00             0.00
           (O4, D5)     0.00     0.00     0.00    -0.00     0.00         0.00        -0.00         0.00         0.00         0.00        -0.00            -0.00
           (O4, H6)    -0.00     0.00     0.99     0.00    -0.00        -0.00         0.00        -0.00        -0.00        -0.00        -0.00             0.00
           (O1, H2)    -0.00    -0.00     0.00     0.00    -0.00        -0.00         0.00        -0.00         0.00        -0.00         0.00             0.00
           (O1, H3)    -0.00     0.00    -0.00    -0.00     0.01         0.00        -0.00         0.00         0.00        -0.00         0.00            -0.00
       (O1, O4, H6)     0.00     0.00    -0.00    -0.00     0.00         0.00        -0.00        -0.00        -0.00         0.00         0.00             0.00
       (O1, O4, D5)    -0.00    -0.00     0.00     0.00    -0.00        -0.00         0.00        -0.00         0.00        -0.00         0.00             0.00
       (D5, O4, H6)     0.00     0.00    -0.00    -0.00     0.00        -0.00        -0.00         0.00        -0.00         0.00        -0.00            -0.00
       (H2, O1, H3)     0.00     0.00    -0.00     0.00     0.00        -0.00         0.00        -0.00         0.00        -0.00         0.00             0.00
       (O1, H2, O4)     0.00     0.00    -0.00    -0.00    -0.00         0.00        -0.00         0.00        -0.00         0.00         0.00             0.00
       (O1, H2, O4)    -0.00    -0.00    -0.00     0.00     0.00         0.00         0.00        -0.00         0.00         0.00         0.00             0.00
   (H3, O1, O4, D5)     0.00    -0.00     0.00     0.00    -0.00         0.00         0.00        -0.00         0.00         0.00         0.00             0.00

Kinetic energy distribution matrix (normalization check: 1.0)

Internal Coordinate (O1, O4) (O4, D5) (O4, H6) (O1, H2) (O1, H3) (O1, O4, H6) (O1, O4, D5) (D5, O4, H6) (H2, O1, H3) (O1, H2, O4) (O1, H2, O4) (H3, O1, O4, D5)
           (O1, O4)     0.00     0.00    -0.00    -0.00     0.00         0.00        -0.00         0.00         0.00         0.00        -0.00             0.00
           (O4, D5)     0.00     0.00     0.00     0.00    -0.00         0.00         0.00        -0.00        -0.00        -0.00         0.00             0.00
           (O4, H6)    -0.00     0.00     1.17    -0.00     0.00         0.00         0.00         0.00         0.00         0.00        -0.00             0.00
           (O1, H2)    -0.00     0.00    -0.00     0.00    -0.00         0.00        -0.00         0.00        -0.00        -0.00         0.00            -0.00
           (O1, H3)     0.00    -0.00     0.00    -0.00     0.01        -0.00         0.00         0.00        -0.00         0.00        -0.00            -0.00
       (O1, O4, H6)     0.00     0.00     0.00     0.00    -0.00         0.00        -0.00         0.00        -0.00        -0.00        -0.00            -0.00
       (O1, O4, D5)    -0.00     0.00     0.00    -0.00     0.00        -0.00         0.00        -0.00         0.00         0.00         0.00             0.00
       (D5, O4, H6)     0.00    -0.00     0.00     0.00     0.00         0.00        -0.00         0.00         0.00         0.00        -0.00            -0.00
       (H2, O1, H3)     0.00    -0.00     0.00    -0.00    -0.00        -0.00         0.00         0.00         0.00         0.00        -0.00             0.00
       (O1, H2, O4)     0.00    -0.00     0.00    -0.00     0.00        -0.00         0.00         0.00         0.00         0.00        -0.00             0.00
       (O1, H2, O4)    -0.00     0.00    -0.00     0.00    -0.00        -0.00         0.00        -0.00        -0.00        -0.00         0.00             0.00
   (H3, O1, O4, D5)     0.00     0.00     0.00    -0.00    -0.00        -0.00         0.00        -0.00         0.00         0.00         0.00             0.00

Total energy distribution matrix (normalization check: 1.0)

Internal Coordinate (O1, O4) (O4, D5) (O4, H6) (O1, H2) (O1, H3) (O1, O4, H6) (O1, O4, D5) (D5, O4, H6) (H2, O1, H3) (O1, H2, O4) (O1, H2, O4) (H3, O1, O4, D5)
           (O1, O4)     0.00     0.00    -0.00    -0.00     0.00         0.00        -0.00         0.00         0.00         0.00        -0.00             0.00
           (O4, D5)     0.00     0.00     0.00     0.00    -0.00         0.00         0.00         0.00        -0.00        -0.00         0.00             0.00
           (O4, H6)    -0.00     0.00     1.08    -0.00     0.00         0.00         0.00         0.00         0.00         0.00        -0.00             0.00
           (O1, H2)    -0.00     0.00    -0.00     0.00    -0.00         0.00        -0.00        -0.00        -0.00        -0.00         0.00            -0.00
           (O1, H3)     0.00    -0.00     0.00    -0.00     0.01        -0.00         0.00         0.00        -0.00         0.00        -0.00            -0.00
       (O1, O4, H6)     0.00     0.00     0.00     0.00    -0.00         0.00        -0.00         0.00        -0.00        -0.00        -0.00            -0.00
       (O1, O4, D5)    -0.00     0.00     0.00    -0.00     0.00        -0.00         0.00        -0.00         0.00         0.00         0.00             0.00
       (D5, O4, H6)     0.00     0.00     0.00    -0.00     0.00         0.00        -0.00         0.00         0.00         0.00        -0.00            -0.00
       (H2, O1, H3)     0.00    -0.00     0.00    -0.00    -0.00        -0.00         0.00         0.00         0.00         0.00        -0.00             0.00
       (O1, H2, O4)     0.00    -0.00     0.00    -0.00     0.00        -0.00         0.00         0.00         0.00         0.00        -0.00             0.00
       (O1, H2, O4)    -0.00     0.00    -0.00     0.00    -0.00        -0.00         0.00        -0.00        -0.00        -0.00         0.00             0.00
   (H3, O1, O4, D5)     0.00     0.00     0.00    -0.00    -0.00        -0.00         0.00        -0.00         0.00         0.00         0.00             0.00

----- Extended Results: Exact PED, KED and TED analysis per mode -----

Normal mode at the following harmonic frequency: 4214 cm-1

Potential energy distribution matrix (normalization check: 1.0)

Internal Coordinate (O1, O4) (O4, D5) (O4, H6) (O1, H2) (O1, H3) (O1, O4, H6) (O1, O4, D5) (D5, O4, H6) (H2, O1, H3) (O1, H2, O4) (O1, H2, O4) (H3, O1, O4, D5)
           (O1, O4)     0.00     0.00    -0.00    -0.00     0.00         0.00         0.00         0.00        -0.00        -0.00        -0.00            -0.00
           (O4, D5)     0.00     0.00     0.00    -0.00    -0.00         0.00         0.00         0.00        -0.00        -0.00        -0.00             0.00
           (O4, H6)    -0.00     0.00     0.01     0.00     0.00        -0.00        -0.00        -0.00         0.00         0.00        -0.00            -0.00
           (O1, H2)    -0.00    -0.00     0.00     0.17     0.00        -0.00        -0.00        -0.00        -0.00         0.00         0.00            -0.00
           (O1, H3)     0.00    -0.00     0.00     0.00     0.82        -0.00        -0.00        -0.00         0.00        -0.00        -0.00            -0.00
       (O1, O4, H6)     0.00     0.00    -0.00    -0.00    -0.00         0.00         0.00        -0.00         0.00        -0.00         0.00            -0.00
       (O1, O4, D5)     0.00     0.00    -0.00    -0.00    -0.00         0.00         0.00         0.00         0.00        -0.00        -0.00             0.00
       (D5, O4, H6)     0.00     0.00    -0.00    -0.00    -0.00        -0.00         0.00         0.00         0.00        -0.00        -0.00             0.00
       (H2, O1, H3)    -0.00    -0.00     0.00    -0.00     0.00         0.00         0.00         0.00         0.00        -0.00        -0.00             0.00
       (O1, H2, O4)    -0.00    -0.00     0.00     0.00    -0.00        -0.00        -0.00        -0.00        -0.00         0.00        -0.00             0.00
       (O1, H2, O4)    -0.00    -0.00    -0.00     0.00    -0.00         0.00        -0.00        -0.00        -0.00        -0.00         0.00            -0.00
   (H3, O1, O4, D5)    -0.00     0.00    -0.00    -0.00    -0.00        -0.00         0.00         0.00         0.00         0.00        -0.00             0.00

Kinetic energy distribution matrix (normalization check: 1.0)

Internal Coordinate (O1, O4) (O4, D5) (O4, H6) (O1, H2) (O1, H3) (O1, O4, H6) (O1, O4, D5) (D5, O4, H6) (H2, O1, H3) (O1, H2, O4) (O1, H2, O4) (H3, O1, O4, D5)
           (O1, O4)     0.02     0.00    -0.00    -0.01    -0.00         0.00         0.00         0.00        -0.00        -0.00        -0.00            -0.00
           (O4, D5)     0.00     0.00     0.00     0.00     0.00         0.00        -0.00        -0.00         0.00         0.00         0.00            -0.00
           (O4, H6)    -0.00     0.00     0.01    -0.00    -0.00         0.00        -0.00         0.00        -0.00        -0.00        -0.00            -0.00
           (O1, H2)    -0.01     0.00    -0.00     0.21     0.01         0.00         0.00         0.00         0.00         0.00         0.00             0.00
           (O1, H3)    -0.00     0.00    -0.00     0.01     1.03         0.00         0.00        -0.00        -0.00         0.00         0.00            -0.00
       (O1, O4, H6)     0.00     0.00     0.00     0.00     0.00         0.00         0.00         0.00         0.00         0.00        -0.00             0.00
       (O1, O4, D5)     0.00    -0.00    -0.00     0.00     0.00         0.00         0.00         0.00         0.00         0.00        -0.00             0.00
       (D5, O4, H6)     0.00    -0.00     0.00     0.00    -0.00         0.00         0.00         0.00        -0.00        -0.00        -0.00             0.00
       (H2, O1, H3)    -0.00     0.00    -0.00     0.00    -0.00         0.00         0.00        -0.00         0.00         0.00         0.00             0.00
       (O1, H2, O4)    -0.00     0.00    -0.00     0.00     0.00         0.00         0.00        -0.00         0.00         0.00         0.00             0.00
       (O1, H2, O4)    -0.00     0.00    -0.00     0.00     0.00        -0.00        -0.00        -0.00         0.00         0.00         0.00            -0.00
   (H3, O1, O4, D5)    -0.00    -0.00    -0.00     0.00    -0.00         0.00         0.00         0.00         0.00         0.00        -0.00             0.00

Total energy distribution matrix (normalization check: 1.0)

Internal Coordinate (O1, O4) (O4, D5) (O4, H6) (O1, H2) (O1, H3) (O1, O4, H6) (O1, O4, D5) (D5, O4, H6) (H2, O1, H3) (O1, H2, O4) (O1, H2, O4) (H3, O1, O4, D5)
           (O1, O4)     0.01     0.00    -0.00    -0.00    -0.00         0.00         0.00         0.00        -0.00        -0.00        -0.00            -0.00
           (O4, D5)     0.00     0.00     0.00     0.00     0.00         0.00        -0.00         0.00         0.00         0.00         0.00            -0.00
           (O4, H6)    -0.00     0.00     0.01    -0.00    -0.00         0.00        -0.00         0.00        -0.00        -0.00        -0.00            -0.00
           (O1, H2)    -0.00     0.00    -0.00     0.19     0.00         0.00         0.00        -0.00         0.00         0.00         0.00             0.00
           (O1, H3)    -0.00     0.00    -0.00     0.00     0.93         0.00         0.00        -0.00        -0.00         0.00         0.00            -0.00
       (O1, O4, H6)     0.00     0.00     0.00     0.00     0.00         0.00         0.00         0.00         0.00         0.00        -0.00             0.00
       (O1, O4, D5)     0.00    -0.00    -0.00     0.00     0.00         0.00         0.00         0.00         0.00         0.00        -0.00             0.00
       (D5, O4, H6)     0.00     0.00     0.00    -0.00    -0.00         0.00         0.00         0.00        -0.00        -0.00        -0.00             0.00
       (H2, O1, H3)    -0.00     0.00    -0.00     0.00    -0.00         0.00         0.00        -0.00         0.00         0.00         0.00             0.00
       (O1, H2, O4)    -0.00     0.00    -0.00     0.00     0.00         0.00         0.00        -0.00         0.00         0.00         0.00             0.00
       (O1, H2, O4)    -0.00     0.00    -0.00     0.00     0.00        -0.00        -0.00        -0.00         0.00         0.00         0.00            -0.00
   (H3, O1, O4, D5)    -0.00    -0.00    -0.00     0.00    -0.00         0.00         0.00         0.00         0.00         0.00        -0.00             0.00

