 .__   __.   ______   .___  ___.   ______    _______   _______   ______   ______      .______   ____    ____ 
 |  \ |  |  /  __  \  |   \/   |  /  __  \  |       \ |   ____| /      | /  __  \     |   _  \  \   \  /   / 
 |   \|  | |  |  |  | |  \  /  | |  |  |  | |  .--.  ||  |__   |  ,----'|  |  |  |    |  |_)  |  \   \/   /  
 |  . `  | |  |  |  | |  |\/|  | |  |  |  | |  |  |  ||   __|  |  |     |  |  |  |    |   ___/    \_    _/   
 |  |\   | |  `--'  | |  |  |  | |  `--'  | |  '--'  ||  |____ |  `----.|  `--'  |  __|  |          |  |     
 |__| \__|  \______/  |__|  |__|  \______/  |_______/ |_______| \______| \______/  (__) _|          |__|     
                                                                                                             


**************************************************************************************************************
                                  Kemal Önen, Dennis F. Dinu, Klaus R. Liedl                                  
                                      Liedl Lab, University of Innsbruck                                      
**************************************************************************************************************

Non-planar system detected. Therefore out-of-plane angles are NOT used in your analysis. Note that out-of-plane angles tend to perform worse
than the other internal coordinates in terms of computational cost and in the decomposition. However they can be
useful for planar systems.

The detected point group is Cs
The following equivalent atoms were found: [['O1'], ['O2'], ['H2'], ['H3', 'H4'], ['H1']] 

The following primitive internals (bonds, (in-plane) angles, linear valence angles, out-of-plane angles and torsions) were generated:
bonds: [('O2', 'H3'), ('O2', 'H4'), ('O1', 'H1'), ('H1', 'O2'), ('O1', 'H2')]
in-plane angles: [('H1', 'O1', 'H2'), ('H3', 'O2', 'H4'), ('H3', 'O2', 'H1'), ('H4', 'O2', 'H1')]
linear valence-angles: [('O1', 'H1', 'O2'), ('O1', 'H1', 'O2')]
out-of-plane angles: []
dihedrals: [('H2', 'O1', 'H1', 'O2'), ('H4', 'O2', 'H1', 'O1'), ('H3', 'O2', 'H1', 'O1')]

12 internal coordinates are at least needed for the decomposition scheme.


-------------------------------- Initialization of an internal coordinate set --------------------------------

The following 12 Internal Coordinates are used in your analysis:
bonds: [('O1', 'O2'), ('O2', 'H3'), ('O2', 'H4'), ('O1', 'H1'), ('O1', 'H2')]
in-plane angles: [('H4', 'O2', 'O1'), ('H3', 'O2', 'O1'), ('H3', 'O2', 'H4'), ('H1', 'O1', 'H2')]
linear valence-angles: [('O1', 'H1', 'O2'), ('O1', 'H1', 'O2')]
out-of-plane angles: []
dihedrals: [('H3', 'O2', 'O1', 'H2')]


-------------------------- Results of the Decomposition Scheme ---------------------------

1.) Intrinsic Frequencies for all normal-coordinate frequencies and
    vibrational distribution matrix (exact approximation) at the following
    harmonic frequencies (all frequency values in cm-1):

Internal Coordinate Intrinsic Frequencies   138   177  184   218   408   778 1755  1786  3928  4031  4139  4185
           (O1, O2)                218.44  0.00  0.00 0.00  1.00 -0.01  0.00 0.00 -0.00 -0.00  0.00 -0.00  0.00
           (O2, H3)               4108.11 -0.00 -0.00 0.00  0.00 -0.00 -0.00 0.00  0.00  0.00  0.50  0.00  0.50
           (O2, H4)               4108.33 -0.00 -0.00 0.00  0.00 -0.00 -0.00 0.00  0.00  0.00  0.50  0.00  0.50
           (O1, H1)               3958.62 -0.00 -0.00 0.00 -0.00  0.00 -0.00 0.00  0.00  0.86  0.00  0.14  0.00
           (O1, H2)               4106.95  0.00  0.00 0.00  0.00  0.00  0.00 0.00  0.00  0.14  0.00  0.86  0.00
       (H4, O2, O1)                323.59  0.55 -0.10 0.36 -0.00  0.13  0.06 0.01  0.00 -0.00 -0.00 -0.00 -0.00
       (H3, O2, O1)                353.36  0.21  0.20 0.37 -0.00  0.13  0.09 0.01  0.00 -0.00 -0.00 -0.00 -0.00
       (H3, O2, H4)               1742.87 -0.00  0.00 0.01  0.00  0.01 -0.00 0.97  0.00  0.00  0.00  0.00 -0.00
       (H1, O1, H2)               1713.02  0.00  0.00 0.01 -0.00  0.08  0.00 0.01  0.90  0.00  0.00  0.00  0.00
       (O1, H1, O2)                711.37  0.10  0.05 0.01 -0.00  0.04  0.79 0.00  0.01 -0.00 -0.00 -0.00 -0.00
       (O1, H1, O2)                646.56  0.01  0.00 0.24 -0.00  0.62  0.05 0.00  0.09  0.00 -0.00  0.00 -0.00
   (H3, O2, O1, H2)                183.43  0.14  0.83 0.01  0.00 -0.00  0.01 0.00  0.00  0.00 -0.00  0.00  0.00

Check if matrix is normalized: 1.0

2.) Intrinsic Frequencies for all normal-coordinate frequencies and
    diagonal elements of the PED matrix at the following
    harmonic frequencies (all frequency values in cm-1):

Internal Coordinate Intrinsic Frequencies  138  177  184  218  408  778 1755 1786 3928 4031 4139 4185
           (O1, O2)                218.44 0.00 0.00 0.00 1.02 0.00 0.00 0.00 0.00 0.00 0.00 0.00 0.00
           (O2, H3)               4108.11 0.00 0.00 0.00 0.00 0.00 0.00 0.01 0.00 0.00 0.51 0.00 0.49
           (O2, H4)               4108.33 0.00 0.00 0.00 0.00 0.00 0.00 0.01 0.00 0.00 0.50 0.00 0.49
           (O1, H1)               3958.62 0.00 0.00 0.00 0.00 0.00 0.00 0.00 0.01 0.86 0.00 0.14 0.00
           (O1, H2)               4106.95 0.00 0.00 0.00 0.00 0.00 0.00 0.00 0.02 0.15 0.00 0.85 0.00
       (H4, O2, O1)                323.59 3.46 0.27 0.49 0.00 0.04 0.02 0.02 0.00 0.00 0.00 0.00 0.00
       (H3, O2, O1)                353.36 4.19 0.35 0.63 0.00 0.05 0.03 0.03 0.00 0.00 0.00 0.00 0.00
       (H3, O2, H4)               1742.87 0.00 0.00 0.01 0.00 0.00 0.00 1.05 0.01 0.00 0.00 0.00 0.00
       (H1, O1, H2)               1713.02 0.00 0.00 0.04 0.00 0.13 0.00 0.01 0.89 0.00 0.00 0.00 0.00
       (O1, H1, O2)                711.37 2.70 0.65 0.09 0.00 0.05 0.66 0.00 0.01 0.00 0.00 0.00 0.00
       (O1, H1, O2)                646.56 0.11 0.02 0.99 0.01 0.55 0.02 0.00 0.05 0.00 0.00 0.00 0.00
   (H3, O2, O1, H2)                183.43 0.24 0.85 0.22 0.00 0.02 0.00 0.00 0.00 0.00 0.00 0.00 0.00

3.) Intrinsic Frequencies for all normal-coordinate frequencies and
    contribution table calculated from the diagonal elements of the PED at the following
    harmonic frequencies (all frequency values in cm-1):

Internal Coordinate Intrinsic Frequencies   138   177   184   218   408   778  1755  1786  3928  4031  4139  4185
           (O1, O2)                218.44  0.00  0.00  0.09 98.67  0.37  0.00  0.06  0.01  0.01  0.00  0.01  0.00
           (O2, H3)               4108.11  0.01  0.00  0.03  0.01  0.05  0.01  1.14  0.01  0.02 50.05  0.00 49.93
           (O2, H4)               4108.33  0.01  0.00  0.03  0.01  0.05  0.01  1.14  0.01  0.02 49.91  0.00 50.07
           (O1, H1)               3958.62  0.00  0.00  0.00  0.02  0.05  0.00  0.05  1.04 85.33  0.02 14.10  0.00
           (O1, H2)               4106.95  0.00  0.00  0.01  0.02  0.15  0.00  0.02  1.91 14.62  0.02 85.89  0.00
       (H4, O2, O1)                323.59 32.35 12.58 19.94  0.02  4.60  2.96  1.85  0.02  0.00  0.00  0.00  0.00
       (H3, O2, O1)                353.36 39.12 16.20 25.50  0.00  5.62  3.63  2.27  0.03  0.00  0.00  0.00  0.00
       (H3, O2, H4)               1742.87  0.00  0.00  0.24  0.20  0.26  0.00 92.61  0.90  0.00  0.00  0.00  0.00
       (H1, O1, H2)               1713.02  0.00  0.00  1.61  0.39 15.50  0.00  0.72 90.15  0.00  0.00  0.01  0.00
       (O1, H1, O2)                711.37 25.22 30.29  3.82  0.10  6.19 89.93  0.00  0.51  0.00  0.00  0.00  0.00
       (O1, H1, O2)                646.56  1.03  0.96 40.00  0.55 65.28  3.36  0.05  5.41  0.00  0.00  0.00  0.00
   (H3, O2, O1, H2)                183.43  2.26 39.97  8.71  0.01  1.89  0.10  0.09  0.00  0.00  0.00  0.00  0.00

----- Extended Results: Exact PED, KED and TED analysis per mode -----

Normal mode at the following harmonic frequency: 138 cm-1

Potential energy distribution matrix (normalization check: 1.0)

Internal Coordinate (O1, O2) (O2, H3) (O2, H4) (O1, H1) (O1, H2) (H4, O2, O1) (H3, O2, O1) (H3, O2, H4) (H1, O1, H2) (O1, H1, O2) (O1, H1, O2) (H3, O2, O1, H2)
           (O1, O2)     0.00    -0.00     0.00    -0.00    -0.00         0.00        -0.00        -0.00        -0.00         0.00        -0.00            -0.00
           (O2, H3)    -0.00     0.00     0.00    -0.00    -0.00         0.00        -0.00        -0.00        -0.00         0.00        -0.00             0.00
           (O2, H4)     0.00     0.00     0.00     0.00     0.00        -0.00         0.00         0.00         0.00         0.00         0.00             0.00
           (O1, H1)    -0.00    -0.00     0.00     0.00    -0.00        -0.00         0.00         0.00        -0.00        -0.00         0.00            -0.00
           (O1, H2)    -0.00    -0.00     0.00    -0.00     0.00        -0.00         0.00         0.00        -0.00        -0.00         0.00             0.00
       (H4, O2, O1)     0.00     0.00    -0.00    -0.00    -0.00         3.46        -1.74        -0.00         0.00        -0.91        -0.37             0.11
       (H3, O2, O1)    -0.00    -0.00     0.00     0.00     0.00        -1.74         4.19         0.00        -0.00        -1.98         0.19            -0.45
       (H3, O2, H4)    -0.00    -0.00     0.00     0.00     0.00        -0.00         0.00         0.00        -0.00        -0.00         0.00            -0.00
       (H1, O1, H2)    -0.00    -0.00     0.00    -0.00    -0.00         0.00        -0.00        -0.00         0.00         0.00        -0.00             0.00
       (O1, H1, O2)     0.00     0.00     0.00    -0.00    -0.00        -0.91        -1.98        -0.00         0.00         2.70         0.07             0.22
       (O1, H1, O2)    -0.00    -0.00     0.00     0.00     0.00        -0.37         0.19         0.00        -0.00         0.07         0.11             0.01
   (H3, O2, O1, H2)    -0.00     0.00     0.00    -0.00     0.00         0.11        -0.45        -0.00         0.00         0.22         0.01             0.24

Kinetic energy distribution matrix (normalization check: 1.0)

Internal Coordinate (O1, O2) (O2, H3) (O2, H4) (O1, H1) (O1, H2) (H4, O2, O1) (H3, O2, O1) (H3, O2, H4) (H1, O1, H2) (O1, H1, O2) (O1, H1, O2) (H3, O2, O1, H2)
           (O1, O2)     0.00     0.00    -0.00    -0.00     0.00         0.00        -0.00        -0.00        -0.00         0.00        -0.00            -0.00
           (O2, H3)     0.00     0.00     0.00     0.00    -0.00         0.00         0.00         0.00         0.00        -0.00         0.00             0.00
           (O2, H4)    -0.00     0.00     0.00    -0.00     0.00         0.00         0.00        -0.00        -0.00        -0.00        -0.00             0.00
           (O1, H1)    -0.00     0.00    -0.00     0.00    -0.00         0.00        -0.00        -0.00         0.00        -0.00         0.00            -0.00
           (O1, H2)     0.00    -0.00     0.00    -0.00     0.00        -0.00         0.00        -0.00         0.00         0.00        -0.00             0.00
       (H4, O2, O1)     0.00     0.00     0.00     0.00    -0.00         1.54        -1.01        -0.00         0.00         0.03        -0.00             0.22
       (H3, O2, O1)    -0.00     0.00     0.00    -0.00     0.00        -1.01         1.44         0.00        -0.00        -0.02         0.00            -0.19
       (H3, O2, H4)    -0.00     0.00    -0.00    -0.00    -0.00        -0.00         0.00         0.00         0.00        -0.00         0.00            -0.00
       (H1, O1, H2)    -0.00     0.00    -0.00     0.00     0.00         0.00        -0.00         0.00         0.00        -0.00         0.00             0.00
       (O1, H1, O2)     0.00    -0.00    -0.00    -0.00     0.00         0.03        -0.02        -0.00        -0.00         0.13        -0.01             0.01
       (O1, H1, O2)    -0.00     0.00    -0.00     0.00    -0.00        -0.00         0.00         0.00         0.00        -0.01         0.01             0.00
   (H3, O2, O1, H2)    -0.00     0.00     0.00    -0.00     0.00         0.22        -0.19        -0.00         0.00         0.01         0.00             0.17

Total energy distribution matrix (normalization check: 1.0)

Internal Coordinate (O1, O2) (O2, H3) (O2, H4) (O1, H1) (O1, H2) (H4, O2, O1) (H3, O2, O1) (H3, O2, H4) (H1, O1, H2) (O1, H1, O2) (O1, H1, O2) (H3, O2, O1, H2)
           (O1, O2)     0.00     0.00    -0.00    -0.00    -0.00         0.00        -0.00        -0.00        -0.00         0.00        -0.00            -0.00
           (O2, H3)     0.00     0.00     0.00    -0.00    -0.00         0.00        -0.00        -0.00        -0.00         0.00        -0.00             0.00
           (O2, H4)    -0.00     0.00     0.00     0.00     0.00        -0.00         0.00         0.00         0.00         0.00         0.00             0.00
           (O1, H1)    -0.00    -0.00     0.00     0.00    -0.00        -0.00         0.00         0.00        -0.00        -0.00         0.00            -0.00
           (O1, H2)    -0.00    -0.00     0.00    -0.00     0.00        -0.00         0.00         0.00        -0.00        -0.00         0.00             0.00
       (H4, O2, O1)     0.00     0.00    -0.00    -0.00    -0.00         2.50        -1.37        -0.00         0.00        -0.44        -0.19             0.17
       (H3, O2, O1)    -0.00    -0.00     0.00     0.00     0.00        -1.37         2.82         0.00        -0.00        -1.00         0.10            -0.32
       (H3, O2, H4)    -0.00    -0.00     0.00     0.00     0.00        -0.00         0.00         0.00        -0.00        -0.00         0.00            -0.00
       (H1, O1, H2)    -0.00    -0.00     0.00    -0.00    -0.00         0.00        -0.00        -0.00         0.00         0.00        -0.00             0.00
       (O1, H1, O2)     0.00     0.00     0.00    -0.00    -0.00        -0.44        -1.00        -0.00         0.00         1.41         0.03             0.12
       (O1, H1, O2)    -0.00    -0.00     0.00     0.00     0.00        -0.19         0.10         0.00        -0.00         0.03         0.06             0.01
   (H3, O2, O1, H2)    -0.00     0.00     0.00    -0.00     0.00         0.17        -0.32        -0.00         0.00         0.12         0.01             0.21

----- Extended Results: Exact PED, KED and TED analysis per mode -----

Normal mode at the following harmonic frequency: 177 cm-1

Potential energy distribution matrix (normalization check: 1.0)

Internal Coordinate (O1, O2) (O2, H3) (O2, H4) (O1, H1) (O1, H2) (H4, O2, O1) (H3, O2, O1) (H3, O2, H4) (H1, O1, H2) (O1, H1, O2) (O1, H1, O2) (H3, O2, O1, H2)
           (O1, O2)     0.00    -0.00     0.00    -0.00     0.00         0.00        -0.00        -0.00         0.00         0.00        -0.00             0.00
           (O2, H3)    -0.00     0.00     0.00    -0.00     0.00         0.00        -0.00        -0.00         0.00         0.00        -0.00            -0.00
           (O2, H4)     0.00     0.00     0.00     0.00    -0.00        -0.00         0.00         0.00        -0.00         0.00         0.00            -0.00
           (O1, H1)    -0.00    -0.00     0.00     0.00     0.00        -0.00         0.00         0.00         0.00        -0.00         0.00             0.00
           (O1, H2)     0.00     0.00    -0.00     0.00     0.00         0.00        -0.00        -0.00        -0.00         0.00        -0.00             0.00
       (H4, O2, O1)     0.00     0.00    -0.00    -0.00     0.00         0.27        -0.14        -0.00        -0.00        -0.12        -0.04            -0.06
       (H3, O2, O1)    -0.00    -0.00     0.00     0.00    -0.00        -0.14         0.35         0.00         0.00        -0.28         0.02             0.24
       (H3, O2, H4)    -0.00    -0.00     0.00     0.00    -0.00        -0.00         0.00         0.00         0.00        -0.00         0.00             0.00
       (H1, O1, H2)     0.00     0.00    -0.00     0.00    -0.00        -0.00         0.00         0.00         0.00        -0.00         0.00             0.00
       (O1, H1, O2)     0.00     0.00     0.00    -0.00     0.00        -0.12        -0.28        -0.00        -0.00         0.65         0.01            -0.20
       (O1, H1, O2)    -0.00    -0.00     0.00     0.00    -0.00        -0.04         0.02         0.00         0.00         0.01         0.02            -0.01
   (H3, O2, O1, H2)     0.00    -0.00    -0.00     0.00     0.00        -0.06         0.24         0.00         0.00        -0.20        -0.01             0.85

Kinetic energy distribution matrix (normalization check: 1.0)

Internal Coordinate (O1, O2) (O2, H3) (O2, H4) (O1, H1) (O1, H2) (H4, O2, O1) (H3, O2, O1) (H3, O2, H4) (H1, O1, H2) (O1, H1, O2) (O1, H1, O2) (H3, O2, O1, H2)
           (O1, O2)     0.00     0.00    -0.00    -0.00    -0.00         0.00        -0.00        -0.00         0.00         0.00        -0.00             0.00
           (O2, H3)     0.00     0.00     0.00     0.00     0.00         0.00         0.00         0.00        -0.00        -0.00         0.00            -0.00
           (O2, H4)    -0.00     0.00     0.00    -0.00    -0.00         0.00         0.00        -0.00         0.00        -0.00        -0.00            -0.00
           (O1, H1)    -0.00     0.00    -0.00     0.00     0.00         0.00        -0.00        -0.00        -0.00        -0.00         0.00             0.00
           (O1, H2)    -0.00     0.00    -0.00     0.00     0.00         0.00        -0.00         0.00         0.00        -0.00         0.00             0.00
       (H4, O2, O1)     0.00     0.00     0.00     0.00     0.00         0.20        -0.13        -0.00        -0.00         0.01        -0.00            -0.19
       (H3, O2, O1)    -0.00     0.00     0.00    -0.00    -0.00        -0.13         0.19         0.00         0.00        -0.00         0.00             0.16
       (H3, O2, H4)    -0.00     0.00    -0.00    -0.00     0.00        -0.00         0.00         0.00        -0.00        -0.00         0.00             0.00
       (H1, O1, H2)     0.00    -0.00     0.00    -0.00     0.00        -0.00         0.00        -0.00         0.00         0.00        -0.00             0.00
       (O1, H1, O2)     0.00    -0.00    -0.00    -0.00    -0.00         0.01        -0.00        -0.00         0.00         0.05        -0.00            -0.02
       (O1, H1, O2)    -0.00     0.00    -0.00     0.00     0.00        -0.00         0.00         0.00        -0.00        -0.00         0.00            -0.00
   (H3, O2, O1, H2)     0.00    -0.00    -0.00     0.00     0.00        -0.19         0.16         0.00         0.00        -0.02        -0.00             1.00

Total energy distribution matrix (normalization check: 1.0)

Internal Coordinate (O1, O2) (O2, H3) (O2, H4) (O1, H1) (O1, H2) (H4, O2, O1) (H3, O2, O1) (H3, O2, H4) (H1, O1, H2) (O1, H1, O2) (O1, H1, O2) (H3, O2, O1, H2)
           (O1, O2)     0.00     0.00    -0.00    -0.00    -0.00         0.00        -0.00        -0.00         0.00         0.00        -0.00             0.00
           (O2, H3)     0.00     0.00     0.00    -0.00     0.00         0.00        -0.00        -0.00         0.00         0.00        -0.00            -0.00
           (O2, H4)    -0.00     0.00     0.00     0.00    -0.00        -0.00         0.00         0.00        -0.00         0.00         0.00            -0.00
           (O1, H1)    -0.00    -0.00     0.00     0.00     0.00        -0.00         0.00         0.00         0.00        -0.00         0.00             0.00
           (O1, H2)    -0.00     0.00    -0.00     0.00     0.00         0.00        -0.00        -0.00        -0.00         0.00        -0.00             0.00
       (H4, O2, O1)     0.00     0.00    -0.00    -0.00     0.00         0.23        -0.14        -0.00        -0.00        -0.06        -0.02            -0.12
       (H3, O2, O1)    -0.00    -0.00     0.00     0.00    -0.00        -0.14         0.27         0.00         0.00        -0.14         0.01             0.20
       (H3, O2, H4)    -0.00    -0.00     0.00     0.00    -0.00        -0.00         0.00         0.00         0.00        -0.00         0.00             0.00
       (H1, O1, H2)     0.00     0.00    -0.00     0.00    -0.00        -0.00         0.00         0.00         0.00        -0.00         0.00             0.00
       (O1, H1, O2)     0.00     0.00     0.00    -0.00     0.00        -0.06        -0.14        -0.00        -0.00         0.35         0.01            -0.11
       (O1, H1, O2)    -0.00    -0.00     0.00     0.00    -0.00        -0.02         0.01         0.00         0.00         0.01         0.01            -0.01
   (H3, O2, O1, H2)     0.00    -0.00    -0.00     0.00     0.00        -0.12         0.20         0.00         0.00        -0.11        -0.01             0.93

----- Extended Results: Exact PED, KED and TED analysis per mode -----

Normal mode at the following harmonic frequency: 184 cm-1

Potential energy distribution matrix (normalization check: 1.0)

Internal Coordinate (O1, O2) (O2, H3) (O2, H4) (O1, H1) (O1, H2) (H4, O2, O1) (H3, O2, O1) (H3, O2, H4) (H1, O1, H2) (O1, H1, O2) (O1, H1, O2) (H3, O2, O1, H2)
           (O1, O2)     0.00    -0.00    -0.00    -0.00     0.00        -0.00        -0.00        -0.00         0.00         0.00         0.01            -0.00
           (O2, H3)    -0.00     0.00    -0.00    -0.00     0.00        -0.00        -0.00        -0.00         0.00         0.00         0.00             0.00
           (O2, H4)    -0.00    -0.00     0.00    -0.00     0.00        -0.00        -0.00        -0.00         0.00        -0.00         0.00            -0.00
           (O1, H1)    -0.00    -0.00    -0.00     0.00     0.00         0.00         0.00         0.00         0.00        -0.00        -0.00            -0.00
           (O1, H2)     0.00     0.00     0.00     0.00     0.00        -0.00        -0.00        -0.00        -0.00         0.00         0.00            -0.00
       (H4, O2, O1)    -0.00    -0.00    -0.00     0.00    -0.00         0.49         0.26         0.01         0.00         0.06        -0.42            -0.04
       (H3, O2, O1)    -0.00    -0.00    -0.00     0.00    -0.00         0.26         0.63         0.01         0.00        -0.14        -0.22            -0.16
       (H3, O2, H4)    -0.00    -0.00    -0.00     0.00    -0.00         0.01         0.01         0.01         0.00        -0.00        -0.01            -0.00
       (H1, O1, H2)     0.00     0.00     0.00     0.00    -0.00         0.00         0.00         0.00         0.04        -0.00        -0.03            -0.00
       (O1, H1, O2)     0.00     0.00    -0.00    -0.00     0.00         0.06        -0.14        -0.00        -0.00         0.09        -0.04             0.04
       (O1, H1, O2)     0.01     0.00     0.00    -0.00     0.00        -0.42        -0.22        -0.01        -0.03        -0.04         0.99            -0.04
   (H3, O2, O1, H2)    -0.00     0.00    -0.00    -0.00    -0.00        -0.04        -0.16        -0.00        -0.00         0.04        -0.04             0.22

Kinetic energy distribution matrix (normalization check: 1.0)

Internal Coordinate (O1, O2) (O2, H3) (O2, H4) (O1, H1) (O1, H2) (H4, O2, O1) (H3, O2, O1) (H3, O2, H4) (H1, O1, H2) (O1, H1, O2) (O1, H1, O2) (H3, O2, O1, H2)
           (O1, O2)     0.00     0.00     0.00    -0.00    -0.00        -0.00        -0.00        -0.00         0.00         0.00         0.00            -0.00
           (O2, H3)     0.00     0.00    -0.00     0.00     0.00        -0.00         0.00         0.00        -0.00        -0.00        -0.00             0.00
           (O2, H4)     0.00    -0.00     0.00     0.00     0.00         0.00        -0.00         0.00        -0.00         0.00        -0.00            -0.00
           (O1, H1)    -0.00     0.00     0.00     0.00     0.00        -0.00        -0.00        -0.00        -0.00        -0.00        -0.00            -0.00
           (O1, H2)    -0.00     0.00     0.00     0.00     0.00        -0.00        -0.00         0.00         0.00        -0.00        -0.00            -0.00
       (H4, O2, O1)    -0.00    -0.00     0.00    -0.00    -0.00         0.39         0.26         0.01         0.00        -0.00        -0.00            -0.14
       (H3, O2, O1)    -0.00     0.00    -0.00    -0.00    -0.00         0.26         0.38         0.01         0.00        -0.00        -0.01            -0.12
       (H3, O2, H4)    -0.00     0.00     0.00    -0.00     0.00         0.01         0.01         0.00        -0.00        -0.00        -0.00            -0.01
       (H1, O1, H2)     0.00    -0.00    -0.00    -0.00     0.00         0.00         0.00        -0.00         0.00         0.00         0.01            -0.00
       (O1, H1, O2)     0.00    -0.00     0.00    -0.00    -0.00        -0.00        -0.00        -0.00         0.00         0.01         0.01             0.00
       (O1, H1, O2)     0.00    -0.00    -0.00    -0.00    -0.00        -0.00        -0.01        -0.00         0.01         0.01         0.22            -0.00
   (H3, O2, O1, H2)    -0.00     0.00    -0.00    -0.00    -0.00        -0.14        -0.12        -0.01        -0.00         0.00        -0.00             0.27

Total energy distribution matrix (normalization check: 1.0)

Internal Coordinate (O1, O2) (O2, H3) (O2, H4) (O1, H1) (O1, H2) (H4, O2, O1) (H3, O2, O1) (H3, O2, H4) (H1, O1, H2) (O1, H1, O2) (O1, H1, O2) (H3, O2, O1, H2)
           (O1, O2)     0.00     0.00     0.00    -0.00    -0.00        -0.00        -0.00        -0.00         0.00         0.00         0.00            -0.00
           (O2, H3)     0.00     0.00    -0.00    -0.00     0.00        -0.00        -0.00        -0.00         0.00         0.00         0.00             0.00
           (O2, H4)     0.00    -0.00     0.00    -0.00     0.00        -0.00        -0.00        -0.00         0.00        -0.00         0.00            -0.00
           (O1, H1)    -0.00    -0.00    -0.00     0.00     0.00         0.00         0.00         0.00         0.00        -0.00        -0.00            -0.00
           (O1, H2)    -0.00     0.00     0.00     0.00     0.00        -0.00        -0.00        -0.00        -0.00         0.00         0.00            -0.00
       (H4, O2, O1)    -0.00    -0.00    -0.00     0.00    -0.00         0.44         0.26         0.01         0.00         0.03        -0.21            -0.09
       (H3, O2, O1)    -0.00    -0.00    -0.00     0.00    -0.00         0.26         0.51         0.01         0.00        -0.07        -0.11            -0.14
       (H3, O2, H4)    -0.00    -0.00    -0.00     0.00    -0.00         0.01         0.01         0.00         0.00        -0.00        -0.00            -0.00
       (H1, O1, H2)     0.00     0.00     0.00     0.00    -0.00         0.00         0.00         0.00         0.02        -0.00        -0.01            -0.00
       (O1, H1, O2)     0.00     0.00    -0.00    -0.00     0.00         0.03        -0.07        -0.00        -0.00         0.05        -0.02             0.02
       (O1, H1, O2)     0.00     0.00     0.00    -0.00     0.00        -0.21        -0.11        -0.00        -0.01        -0.02         0.61            -0.02
   (H3, O2, O1, H2)    -0.00     0.00    -0.00    -0.00    -0.00        -0.09        -0.14        -0.00        -0.00         0.02        -0.02             0.24

----- Extended Results: Exact PED, KED and TED analysis per mode -----

Normal mode at the following harmonic frequency: 218 cm-1

Potential energy distribution matrix (normalization check: 1.0)

Internal Coordinate (O1, O2) (O2, H3) (O2, H4) (O1, H1) (O1, H2) (H4, O2, O1) (H3, O2, O1) (H3, O2, H4) (H1, O1, H2) (O1, H1, O2) (O1, H1, O2) (H3, O2, O1, H2)
           (O1, O2)     1.02    -0.00    -0.00    -0.00    -0.00        -0.00        -0.00        -0.00        -0.00        -0.00        -0.01            -0.00
           (O2, H3)    -0.00     0.00    -0.00    -0.00    -0.00        -0.00        -0.00        -0.00        -0.00        -0.00        -0.00             0.00
           (O2, H4)    -0.00    -0.00     0.00    -0.00    -0.00        -0.00        -0.00        -0.00        -0.00         0.00        -0.00            -0.00
           (O1, H1)    -0.00    -0.00    -0.00     0.00    -0.00         0.00         0.00         0.00        -0.00         0.00         0.00            -0.00
           (O1, H2)    -0.00    -0.00    -0.00    -0.00     0.00         0.00         0.00         0.00        -0.00         0.00         0.00             0.00
       (H4, O2, O1)    -0.00    -0.00    -0.00     0.00     0.00         0.00         0.00         0.00        -0.00        -0.00         0.00            -0.00
       (H3, O2, O1)    -0.00    -0.00    -0.00     0.00     0.00         0.00         0.00         0.00        -0.00         0.00         0.00            -0.00
       (H3, O2, H4)    -0.00    -0.00    -0.00     0.00     0.00         0.00         0.00         0.00        -0.00         0.00         0.00            -0.00
       (H1, O1, H2)    -0.00    -0.00    -0.00    -0.00    -0.00        -0.00        -0.00        -0.00         0.00        -0.00        -0.00             0.00
       (O1, H1, O2)    -0.00    -0.00     0.00     0.00     0.00        -0.00         0.00         0.00        -0.00         0.00        -0.00            -0.00
       (O1, H1, O2)    -0.01    -0.00    -0.00     0.00     0.00         0.00         0.00         0.00        -0.00        -0.00         0.01             0.00
   (H3, O2, O1, H2)    -0.00     0.00    -0.00    -0.00     0.00        -0.00        -0.00        -0.00         0.00        -0.00         0.00             0.00

Kinetic energy distribution matrix (normalization check: 1.0)

Internal Coordinate (O1, O2) (O2, H3) (O2, H4) (O1, H1) (O1, H2) (H4, O2, O1) (H3, O2, O1) (H3, O2, H4) (H1, O1, H2) (O1, H1, O2) (O1, H1, O2) (H3, O2, O1, H2)
           (O1, O2)     1.01     0.00     0.00    -0.00     0.00        -0.00        -0.00        -0.00        -0.00        -0.00        -0.00            -0.00
           (O2, H3)     0.00     0.00    -0.00     0.00    -0.00        -0.00         0.00         0.00         0.00         0.00         0.00             0.00
           (O2, H4)     0.00    -0.00     0.00     0.00    -0.00         0.00        -0.00         0.00         0.00        -0.00         0.00            -0.00
           (O1, H1)    -0.00     0.00     0.00     0.00    -0.00        -0.00        -0.00        -0.00         0.00         0.00         0.00            -0.00
           (O1, H2)     0.00    -0.00    -0.00    -0.00     0.00         0.00         0.00        -0.00         0.00        -0.00        -0.00             0.00
       (H4, O2, O1)    -0.00    -0.00     0.00    -0.00     0.00         0.00         0.00         0.00        -0.00         0.00         0.00            -0.00
       (H3, O2, O1)    -0.00     0.00    -0.00    -0.00     0.00         0.00         0.00         0.00        -0.00         0.00         0.00            -0.00
       (H3, O2, H4)    -0.00     0.00     0.00    -0.00    -0.00         0.00         0.00         0.00         0.00         0.00         0.00            -0.00
       (H1, O1, H2)    -0.00     0.00     0.00     0.00     0.00        -0.00        -0.00         0.00         0.00         0.00         0.00             0.00
       (O1, H1, O2)    -0.00     0.00    -0.00     0.00    -0.00         0.00         0.00         0.00         0.00         0.00         0.00            -0.00
       (O1, H1, O2)    -0.00     0.00     0.00     0.00    -0.00         0.00         0.00         0.00         0.00         0.00         0.00             0.00
   (H3, O2, O1, H2)    -0.00     0.00    -0.00    -0.00     0.00        -0.00        -0.00        -0.00         0.00        -0.00         0.00             0.00

Total energy distribution matrix (normalization check: 1.0)

Internal Coordinate (O1, O2) (O2, H3) (O2, H4) (O1, H1) (O1, H2) (H4, O2, O1) (H3, O2, O1) (H3, O2, H4) (H1, O1, H2) (O1, H1, O2) (O1, H1, O2) (H3, O2, O1, H2)
           (O1, O2)     1.02     0.00     0.00    -0.00     0.00        -0.00        -0.00        -0.00        -0.00        -0.00        -0.01            -0.00
           (O2, H3)     0.00     0.00    -0.00    -0.00    -0.00        -0.00        -0.00        -0.00        -0.00        -0.00        -0.00             0.00
           (O2, H4)     0.00    -0.00     0.00    -0.00    -0.00        -0.00        -0.00        -0.00        -0.00         0.00        -0.00            -0.00
           (O1, H1)    -0.00    -0.00    -0.00     0.00    -0.00         0.00         0.00         0.00        -0.00         0.00         0.00            -0.00
           (O1, H2)     0.00    -0.00    -0.00    -0.00     0.00         0.00         0.00         0.00        -0.00         0.00         0.00             0.00
       (H4, O2, O1)    -0.00    -0.00    -0.00     0.00     0.00         0.00         0.00         0.00        -0.00        -0.00         0.00            -0.00
       (H3, O2, O1)    -0.00    -0.00    -0.00     0.00     0.00         0.00         0.00         0.00        -0.00         0.00         0.00            -0.00
       (H3, O2, H4)    -0.00    -0.00    -0.00     0.00     0.00         0.00         0.00         0.00        -0.00         0.00         0.00            -0.00
       (H1, O1, H2)    -0.00    -0.00    -0.00    -0.00    -0.00        -0.00        -0.00        -0.00         0.00        -0.00        -0.00             0.00
       (O1, H1, O2)    -0.00    -0.00     0.00     0.00     0.00        -0.00         0.00         0.00        -0.00         0.00        -0.00            -0.00
       (O1, H1, O2)    -0.01    -0.00    -0.00     0.00     0.00         0.00         0.00         0.00        -0.00        -0.00         0.00             0.00
   (H3, O2, O1, H2)    -0.00     0.00    -0.00    -0.00     0.00        -0.00        -0.00        -0.00         0.00        -0.00         0.00             0.00

----- Extended Results: Exact PED, KED and TED analysis per mode -----

Normal mode at the following harmonic frequency: 408 cm-1

Potential energy distribution matrix (normalization check: 1.0)

Internal Coordinate (O1, O2) (O2, H3) (O2, H4) (O1, H1) (O1, H2) (H4, O2, O1) (H3, O2, O1) (H3, O2, H4) (H1, O1, H2) (O1, H1, O2) (O1, H1, O2) (H3, O2, O1, H2)
           (O1, O2)     0.00    -0.00    -0.00     0.00    -0.00        -0.00        -0.00        -0.00        -0.00        -0.00        -0.00            -0.00
           (O2, H3)    -0.00     0.00    -0.00     0.00    -0.00        -0.00        -0.00        -0.00        -0.00        -0.00        -0.00             0.00
           (O2, H4)    -0.00    -0.00     0.00     0.00    -0.00        -0.00        -0.00        -0.00        -0.00         0.00        -0.00            -0.00
           (O1, H1)     0.00     0.00     0.00     0.00     0.00        -0.00        -0.00        -0.00         0.00        -0.00        -0.00             0.00
           (O1, H2)    -0.00    -0.00    -0.00     0.00     0.00         0.00         0.00         0.00        -0.00         0.00         0.00             0.00
       (H4, O2, O1)    -0.00    -0.00    -0.00    -0.00     0.00         0.04         0.02         0.00        -0.00        -0.01         0.09            -0.00
       (H3, O2, O1)    -0.00    -0.00    -0.00    -0.00     0.00         0.02         0.05         0.00        -0.00         0.03         0.05            -0.01
       (H3, O2, H4)    -0.00    -0.00    -0.00    -0.00     0.00         0.00         0.00         0.00        -0.00         0.00         0.00            -0.00
       (H1, O1, H2)    -0.00    -0.00    -0.00     0.00    -0.00        -0.00        -0.00        -0.00         0.13        -0.00        -0.04             0.00
       (O1, H1, O2)    -0.00    -0.00     0.00    -0.00     0.00        -0.01         0.03         0.00        -0.00         0.05        -0.02            -0.01
       (O1, H1, O2)    -0.00    -0.00    -0.00    -0.00     0.00         0.09         0.05         0.00        -0.04        -0.02         0.55             0.01
   (H3, O2, O1, H2)    -0.00     0.00    -0.00     0.00     0.00        -0.00        -0.01        -0.00         0.00        -0.01         0.01             0.02

Kinetic energy distribution matrix (normalization check: 1.0)

Internal Coordinate (O1, O2) (O2, H3) (O2, H4) (O1, H1) (O1, H2) (H4, O2, O1) (H3, O2, O1) (H3, O2, H4) (H1, O1, H2) (O1, H1, O2) (O1, H1, O2) (H3, O2, O1, H2)
           (O1, O2)     0.01     0.00     0.00     0.00     0.00        -0.00        -0.00        -0.00        -0.00        -0.00        -0.01            -0.00
           (O2, H3)     0.00     0.00    -0.00    -0.00    -0.00        -0.00         0.00         0.00         0.00         0.00         0.00             0.00
           (O2, H4)     0.00    -0.00     0.00    -0.00    -0.00         0.00        -0.00         0.00         0.00        -0.00         0.00            -0.00
           (O1, H1)     0.00    -0.00    -0.00     0.00     0.00         0.00         0.00         0.00        -0.00        -0.00        -0.00             0.00
           (O1, H2)     0.00    -0.00    -0.00     0.00     0.00         0.00         0.00        -0.00         0.00        -0.00        -0.00             0.00
       (H4, O2, O1)    -0.00    -0.00     0.00     0.00     0.00         0.15         0.10         0.01        -0.00         0.00         0.00            -0.05
       (H3, O2, O1)    -0.00     0.00    -0.00     0.00     0.00         0.10         0.14         0.01        -0.00         0.00         0.01            -0.04
       (H3, O2, H4)    -0.00     0.00     0.00     0.00    -0.00         0.01         0.01         0.00         0.00         0.00         0.00            -0.00
       (H1, O1, H2)    -0.00     0.00     0.00    -0.00     0.00        -0.00        -0.00         0.00         0.02         0.00         0.07             0.00
       (O1, H1, O2)    -0.00     0.00    -0.00    -0.00    -0.00         0.00         0.00         0.00         0.00         0.02         0.02            -0.00
       (O1, H1, O2)    -0.01     0.00     0.00    -0.00    -0.00         0.00         0.01         0.00         0.07         0.02         0.61             0.00
   (H3, O2, O1, H2)    -0.00     0.00    -0.00     0.00     0.00        -0.05        -0.04        -0.00         0.00        -0.00         0.00             0.10

Total energy distribution matrix (normalization check: 1.0)

Internal Coordinate (O1, O2) (O2, H3) (O2, H4) (O1, H1) (O1, H2) (H4, O2, O1) (H3, O2, O1) (H3, O2, H4) (H1, O1, H2) (O1, H1, O2) (O1, H1, O2) (H3, O2, O1, H2)
           (O1, O2)     0.01     0.00     0.00     0.00     0.00        -0.00        -0.00        -0.00        -0.00        -0.00        -0.01            -0.00
           (O2, H3)     0.00     0.00    -0.00     0.00    -0.00        -0.00        -0.00        -0.00         0.00        -0.00        -0.00             0.00
           (O2, H4)     0.00    -0.00     0.00     0.00    -0.00        -0.00        -0.00        -0.00         0.00         0.00        -0.00            -0.00
           (O1, H1)     0.00     0.00     0.00     0.00     0.00        -0.00        -0.00        -0.00         0.00        -0.00        -0.00             0.00
           (O1, H2)     0.00    -0.00    -0.00     0.00     0.00         0.00         0.00        -0.00        -0.00         0.00         0.00             0.00
       (H4, O2, O1)    -0.00    -0.00    -0.00    -0.00     0.00         0.09         0.06         0.01        -0.00        -0.01         0.05            -0.03
       (H3, O2, O1)    -0.00    -0.00    -0.00    -0.00     0.00         0.06         0.09         0.01        -0.00         0.02         0.03            -0.03
       (H3, O2, H4)    -0.00    -0.00    -0.00    -0.00    -0.00         0.01         0.01         0.00        -0.00         0.00         0.00            -0.00
       (H1, O1, H2)    -0.00     0.00     0.00     0.00    -0.00        -0.00        -0.00        -0.00         0.07         0.00         0.02             0.00
       (O1, H1, O2)    -0.00    -0.00     0.00    -0.00     0.00        -0.01         0.02         0.00         0.00         0.04        -0.00            -0.01
       (O1, H1, O2)    -0.01    -0.00    -0.00    -0.00     0.00         0.05         0.03         0.00         0.02        -0.00         0.58             0.01
   (H3, O2, O1, H2)    -0.00     0.00    -0.00     0.00     0.00        -0.03        -0.03        -0.00         0.00        -0.01         0.01             0.06

----- Extended Results: Exact PED, KED and TED analysis per mode -----

Normal mode at the following harmonic frequency: 778 cm-1

Potential energy distribution matrix (normalization check: 1.0)

Internal Coordinate (O1, O2) (O2, H3) (O2, H4) (O1, H1) (O1, H2) (H4, O2, O1) (H3, O2, O1) (H3, O2, H4) (H1, O1, H2) (O1, H1, O2) (O1, H1, O2) (H3, O2, O1, H2)
           (O1, O2)     0.00     0.00    -0.00    -0.00    -0.00        -0.00         0.00        -0.00        -0.00         0.00        -0.00            -0.00
           (O2, H3)     0.00     0.00     0.00     0.00     0.00         0.00        -0.00         0.00         0.00        -0.00         0.00            -0.00
           (O2, H4)    -0.00     0.00     0.00    -0.00    -0.00        -0.00         0.00        -0.00        -0.00        -0.00        -0.00            -0.00
           (O1, H1)    -0.00     0.00    -0.00     0.00    -0.00         0.00        -0.00         0.00        -0.00        -0.00         0.00            -0.00
           (O1, H2)    -0.00     0.00    -0.00    -0.00     0.00         0.00        -0.00         0.00        -0.00        -0.00         0.00             0.00
       (H4, O2, O1)    -0.00     0.00    -0.00     0.00     0.00         0.02        -0.01         0.00        -0.00         0.04         0.01            -0.00
       (H3, O2, O1)     0.00    -0.00     0.00    -0.00    -0.00        -0.01         0.03        -0.00         0.00         0.08        -0.01             0.00
       (H3, O2, H4)    -0.00     0.00    -0.00     0.00     0.00         0.00        -0.00         0.00        -0.00        -0.00         0.00            -0.00
       (H1, O1, H2)    -0.00     0.00    -0.00    -0.00    -0.00        -0.00         0.00        -0.00         0.00         0.00        -0.00             0.00
       (O1, H1, O2)     0.00    -0.00    -0.00    -0.00    -0.00         0.04         0.08        -0.00         0.00         0.66         0.02             0.01
       (O1, H1, O2)    -0.00     0.00    -0.00     0.00     0.00         0.01        -0.01         0.00        -0.00         0.02         0.02             0.00
   (H3, O2, O1, H2)    -0.00    -0.00    -0.00    -0.00     0.00        -0.00         0.00        -0.00         0.00         0.01         0.00             0.00

Kinetic energy distribution matrix (normalization check: 1.0)

Internal Coordinate (O1, O2) (O2, H3) (O2, H4) (O1, H1) (O1, H2) (H4, O2, O1) (H3, O2, O1) (H3, O2, H4) (H1, O1, H2) (O1, H1, O2) (O1, H1, O2) (H3, O2, O1, H2)
           (O1, O2)     0.00    -0.00     0.00    -0.00     0.00        -0.00         0.00        -0.00        -0.00         0.00        -0.00            -0.00
           (O2, H3)    -0.00     0.00     0.00    -0.00     0.00         0.00         0.00        -0.00        -0.00         0.00        -0.00            -0.00
           (O2, H4)     0.00     0.00     0.00     0.00    -0.00         0.00         0.00         0.00         0.00         0.00         0.00            -0.00
           (O1, H1)    -0.00    -0.00     0.00     0.00    -0.00        -0.00         0.00        -0.00         0.00        -0.00         0.00            -0.00
           (O1, H2)     0.00     0.00    -0.00    -0.00     0.00         0.00        -0.00        -0.00         0.00         0.00        -0.00             0.00
       (H4, O2, O1)    -0.00     0.00     0.00    -0.00     0.00         0.31        -0.20         0.00        -0.00        -0.03         0.00            -0.03
       (H3, O2, O1)     0.00     0.00     0.00     0.00    -0.00        -0.20         0.29        -0.00         0.00         0.02        -0.00             0.03
       (H3, O2, H4)    -0.00    -0.00     0.00    -0.00    -0.00         0.00        -0.00         0.00         0.00        -0.00         0.00            -0.00
       (H1, O1, H2)    -0.00    -0.00     0.00     0.00     0.00        -0.00         0.00         0.00         0.00        -0.00         0.00             0.00
       (O1, H1, O2)     0.00     0.00     0.00    -0.00     0.00        -0.03         0.02        -0.00        -0.00         0.97        -0.04             0.01
       (O1, H1, O2)    -0.00    -0.00     0.00     0.00    -0.00         0.00        -0.00         0.00         0.00        -0.04         0.10             0.00
   (H3, O2, O1, H2)    -0.00    -0.00    -0.00    -0.00     0.00        -0.03         0.03        -0.00         0.00         0.01         0.00             0.02

Total energy distribution matrix (normalization check: 1.0)

Internal Coordinate (O1, O2) (O2, H3) (O2, H4) (O1, H1) (O1, H2) (H4, O2, O1) (H3, O2, O1) (H3, O2, H4) (H1, O1, H2) (O1, H1, O2) (O1, H1, O2) (H3, O2, O1, H2)
           (O1, O2)     0.00    -0.00     0.00    -0.00     0.00        -0.00         0.00        -0.00        -0.00         0.00        -0.00            -0.00
           (O2, H3)    -0.00     0.00     0.00    -0.00     0.00         0.00        -0.00         0.00        -0.00        -0.00        -0.00            -0.00
           (O2, H4)     0.00     0.00     0.00     0.00    -0.00        -0.00         0.00        -0.00         0.00        -0.00         0.00            -0.00
           (O1, H1)    -0.00    -0.00     0.00     0.00    -0.00        -0.00         0.00         0.00        -0.00        -0.00         0.00            -0.00
           (O1, H2)     0.00     0.00    -0.00    -0.00     0.00         0.00        -0.00        -0.00        -0.00         0.00         0.00             0.00
       (H4, O2, O1)    -0.00     0.00    -0.00    -0.00     0.00         0.16        -0.11         0.00        -0.00         0.00         0.01            -0.02
       (H3, O2, O1)     0.00    -0.00     0.00     0.00    -0.00        -0.11         0.16        -0.00         0.00         0.05        -0.01             0.01
       (H3, O2, H4)    -0.00     0.00    -0.00     0.00    -0.00         0.00        -0.00         0.00         0.00        -0.00         0.00            -0.00
       (H1, O1, H2)    -0.00    -0.00     0.00    -0.00    -0.00        -0.00         0.00         0.00         0.00        -0.00         0.00             0.00
       (O1, H1, O2)     0.00    -0.00    -0.00    -0.00     0.00         0.00         0.05        -0.00        -0.00         0.81        -0.01             0.01
       (O1, H1, O2)    -0.00    -0.00     0.00     0.00     0.00         0.01        -0.01         0.00         0.00        -0.01         0.06             0.00
   (H3, O2, O1, H2)    -0.00    -0.00    -0.00    -0.00     0.00        -0.02         0.01        -0.00         0.00         0.01         0.00             0.01

----- Extended Results: Exact PED, KED and TED analysis per mode -----

Normal mode at the following harmonic frequency: 1755 cm-1

Potential energy distribution matrix (normalization check: 1.0)

Internal Coordinate (O1, O2) (O2, H3) (O2, H4) (O1, H1) (O1, H2) (H4, O2, O1) (H3, O2, O1) (H3, O2, H4) (H1, O1, H2) (O1, H1, O2) (O1, H1, O2) (H3, O2, O1, H2)
           (O1, O2)     0.00     0.00     0.00    -0.00    -0.00        -0.00        -0.00         0.00        -0.00         0.00         0.00             0.00
           (O2, H3)     0.00     0.01    -0.00     0.00     0.00         0.00         0.00        -0.01         0.00        -0.00        -0.00             0.00
           (O2, H4)     0.00    -0.00     0.01     0.00     0.00         0.00         0.00        -0.01         0.00         0.00        -0.00            -0.00
           (O1, H1)    -0.00     0.00     0.00     0.00    -0.00         0.00         0.00        -0.00        -0.00        -0.00        -0.00             0.00
           (O1, H2)    -0.00     0.00     0.00    -0.00     0.00         0.00         0.00        -0.00        -0.00        -0.00        -0.00            -0.00
       (H4, O2, O1)    -0.00     0.00     0.00     0.00     0.00         0.02         0.01        -0.02        -0.00         0.00        -0.00             0.00
       (H3, O2, O1)    -0.00     0.00     0.00     0.00     0.00         0.01         0.03        -0.03        -0.00        -0.00        -0.00             0.00
       (H3, O2, H4)     0.00    -0.01    -0.01    -0.00    -0.00        -0.02        -0.03         1.05         0.00         0.00         0.00            -0.00
       (H1, O1, H2)    -0.00     0.00     0.00    -0.00    -0.00        -0.00        -0.00         0.00         0.01         0.00         0.00            -0.00
       (O1, H1, O2)     0.00    -0.00     0.00    -0.00    -0.00         0.00        -0.00         0.00         0.00         0.00        -0.00            -0.00
       (O1, H1, O2)     0.00    -0.00    -0.00    -0.00    -0.00        -0.00        -0.00         0.00         0.00        -0.00         0.00             0.00
   (H3, O2, O1, H2)     0.00     0.00    -0.00     0.00    -0.00         0.00         0.00        -0.00        -0.00        -0.00         0.00             0.00

Kinetic energy distribution matrix (normalization check: 1.0)

Internal Coordinate (O1, O2) (O2, H3) (O2, H4) (O1, H1) (O1, H2) (H4, O2, O1) (H3, O2, O1) (H3, O2, H4) (H1, O1, H2) (O1, H1, O2) (O1, H1, O2) (H3, O2, O1, H2)
           (O1, O2)     0.04    -0.00    -0.00    -0.00     0.00        -0.02        -0.02         0.00        -0.00         0.00         0.00             0.00
           (O2, H3)    -0.00     0.00    -0.00    -0.00     0.00         0.00        -0.00         0.00        -0.00         0.00         0.00             0.00
           (O2, H4)    -0.00    -0.00     0.00    -0.00     0.00        -0.00         0.00         0.00        -0.00        -0.00         0.00            -0.00
           (O1, H1)    -0.00    -0.00    -0.00     0.00    -0.00        -0.00        -0.00         0.00         0.00        -0.00        -0.00             0.00
           (O1, H2)     0.00     0.00     0.00    -0.00     0.00         0.00         0.00         0.00         0.00         0.00         0.00            -0.00
       (H4, O2, O1)    -0.02     0.00    -0.00    -0.00     0.00         1.51         0.99        -2.69        -0.00        -0.00        -0.00             0.18
       (H3, O2, O1)    -0.02    -0.00     0.00    -0.00     0.00         0.99         1.43        -2.58        -0.00        -0.00        -0.00             0.15
       (H3, O2, H4)     0.00     0.00     0.00     0.00     0.00        -2.69        -2.58         6.94        -0.01         0.00         0.01            -0.44
       (H1, O1, H2)    -0.00    -0.00    -0.00     0.00     0.00        -0.00        -0.00        -0.01         0.02        -0.00        -0.01            -0.00
       (O1, H1, O2)     0.00     0.00    -0.00    -0.00     0.00        -0.00        -0.00         0.00        -0.00         0.00         0.00            -0.00
       (O1, H1, O2)     0.00     0.00     0.00    -0.00     0.00        -0.00        -0.00         0.01        -0.01         0.00         0.01             0.00
   (H3, O2, O1, H2)     0.00     0.00    -0.00     0.00    -0.00         0.18         0.15        -0.44        -0.00        -0.00         0.00             0.11

Total energy distribution matrix (normalization check: 1.0)

Internal Coordinate (O1, O2) (O2, H3) (O2, H4) (O1, H1) (O1, H2) (H4, O2, O1) (H3, O2, O1) (H3, O2, H4) (H1, O1, H2) (O1, H1, O2) (O1, H1, O2) (H3, O2, O1, H2)
           (O1, O2)     0.02    -0.00    -0.00    -0.00     0.00        -0.01        -0.01         0.00        -0.00         0.00         0.00             0.00
           (O2, H3)    -0.00     0.01    -0.00    -0.00     0.00         0.00        -0.00        -0.00        -0.00         0.00         0.00             0.00
           (O2, H4)    -0.00    -0.00     0.01    -0.00     0.00        -0.00         0.00        -0.00        -0.00        -0.00         0.00            -0.00
           (O1, H1)    -0.00    -0.00    -0.00     0.00    -0.00        -0.00        -0.00        -0.00        -0.00        -0.00        -0.00             0.00
           (O1, H2)     0.00     0.00     0.00    -0.00     0.00         0.00         0.00         0.00        -0.00         0.00         0.00            -0.00
       (H4, O2, O1)    -0.01     0.00    -0.00    -0.00     0.00         0.76         0.50        -1.35        -0.00        -0.00        -0.00             0.09
       (H3, O2, O1)    -0.01    -0.00     0.00    -0.00     0.00         0.50         0.73        -1.30        -0.00        -0.00        -0.00             0.08
       (H3, O2, H4)     0.00    -0.00    -0.00    -0.00     0.00        -1.35        -1.30         3.99        -0.00         0.00         0.01            -0.22
       (H1, O1, H2)    -0.00    -0.00    -0.00    -0.00    -0.00        -0.00        -0.00        -0.00         0.01        -0.00        -0.01            -0.00
       (O1, H1, O2)     0.00     0.00    -0.00    -0.00     0.00        -0.00        -0.00         0.00        -0.00         0.00         0.00            -0.00
       (O1, H1, O2)     0.00     0.00     0.00    -0.00     0.00        -0.00        -0.00         0.01        -0.01         0.00         0.01             0.00
   (H3, O2, O1, H2)     0.00     0.00    -0.00     0.00    -0.00         0.09         0.08        -0.22        -0.00        -0.00         0.00             0.06

----- Extended Results: Exact PED, KED and TED analysis per mode -----

Normal mode at the following harmonic frequency: 1786 cm-1

Potential energy distribution matrix (normalization check: 1.0)

Internal Coordinate (O1, O2) (O2, H3) (O2, H4) (O1, H1) (O1, H2) (H4, O2, O1) (H3, O2, O1) (H3, O2, H4) (H1, O1, H2) (O1, H1, O2) (O1, H1, O2) (H3, O2, O1, H2)
           (O1, O2)     0.00    -0.00    -0.00    -0.00    -0.00         0.00         0.00        -0.00        -0.00         0.00         0.00            -0.00
           (O2, H3)    -0.00     0.00    -0.00    -0.00    -0.00         0.00         0.00        -0.00        -0.00         0.00         0.00             0.00
           (O2, H4)    -0.00    -0.00     0.00    -0.00    -0.00         0.00         0.00        -0.00        -0.00        -0.00         0.00            -0.00
           (O1, H1)    -0.00    -0.00    -0.00     0.01    -0.00        -0.00        -0.00         0.00        -0.01        -0.00        -0.00            -0.00
           (O1, H2)    -0.00    -0.00    -0.00    -0.00     0.02        -0.00        -0.00         0.00        -0.02        -0.00        -0.00             0.00
       (H4, O2, O1)     0.00     0.00     0.00    -0.00    -0.00         0.00         0.00        -0.00         0.00        -0.00         0.00             0.00
       (H3, O2, O1)     0.00     0.00     0.00    -0.00    -0.00         0.00         0.00        -0.00         0.00         0.00         0.00             0.00
       (H3, O2, H4)    -0.00    -0.00    -0.00     0.00     0.00        -0.00        -0.00         0.01        -0.00        -0.00        -0.00            -0.00
       (H1, O1, H2)    -0.00    -0.00    -0.00    -0.01    -0.02         0.00         0.00        -0.00         0.89         0.00         0.03             0.00
       (O1, H1, O2)     0.00     0.00    -0.00    -0.00    -0.00        -0.00         0.00        -0.00         0.00         0.01        -0.00             0.00
       (O1, H1, O2)     0.00     0.00     0.00    -0.00    -0.00         0.00         0.00        -0.00         0.03        -0.00         0.05            -0.00
   (H3, O2, O1, H2)    -0.00     0.00    -0.00    -0.00     0.00         0.00         0.00        -0.00         0.00         0.00        -0.00             0.00

Kinetic energy distribution matrix (normalization check: 1.0)

Internal Coordinate (O1, O2) (O2, H3) (O2, H4) (O1, H1) (O1, H2) (H4, O2, O1) (H3, O2, O1) (H3, O2, H4) (H1, O1, H2) (O1, H1, O2) (O1, H1, O2) (H3, O2, O1, H2)
           (O1, O2)     0.01     0.00     0.00    -0.00     0.00         0.00         0.00        -0.00        -0.02         0.00         0.01            -0.00
           (O2, H3)     0.00     0.00    -0.00     0.00    -0.00         0.00        -0.00         0.00         0.00        -0.00        -0.00             0.00
           (O2, H4)     0.00    -0.00     0.00     0.00    -0.00        -0.00         0.00         0.00         0.00         0.00        -0.00            -0.00
           (O1, H1)    -0.00     0.00     0.00     0.00    -0.00         0.00         0.00        -0.00         0.01        -0.00        -0.00            -0.00
           (O1, H2)     0.00    -0.00    -0.00    -0.00     0.00        -0.00        -0.00        -0.00         0.01         0.00         0.00             0.00
       (H4, O2, O1)     0.00     0.00    -0.00     0.00    -0.00         0.02         0.01        -0.03         0.00         0.00         0.00             0.00
       (H3, O2, O1)     0.00    -0.00     0.00     0.00    -0.00         0.01         0.01        -0.02         0.00         0.00         0.00             0.00
       (H3, O2, H4)    -0.00     0.00     0.00    -0.00    -0.00        -0.03        -0.02         0.06         0.01        -0.00        -0.01            -0.00
       (H1, O1, H2)    -0.02     0.00     0.00     0.01     0.01         0.00         0.00         0.01         2.44        -0.07        -1.13             0.00
       (O1, H1, O2)     0.00    -0.00     0.00    -0.00     0.00         0.00         0.00        -0.00        -0.07         0.04         0.03             0.00
       (O1, H1, O2)     0.01    -0.00    -0.00    -0.00     0.00         0.00         0.00        -0.01        -1.13         0.03         1.14            -0.00
   (H3, O2, O1, H2)    -0.00     0.00    -0.00    -0.00     0.00         0.00         0.00        -0.00         0.00         0.00        -0.00             0.00

Total energy distribution matrix (normalization check: 1.0)

Internal Coordinate (O1, O2) (O2, H3) (O2, H4) (O1, H1) (O1, H2) (H4, O2, O1) (H3, O2, O1) (H3, O2, H4) (H1, O1, H2) (O1, H1, O2) (O1, H1, O2) (H3, O2, O1, H2)
           (O1, O2)     0.00     0.00     0.00    -0.00     0.00         0.00         0.00        -0.00        -0.01         0.00         0.00            -0.00
           (O2, H3)     0.00     0.00    -0.00     0.00    -0.00         0.00        -0.00        -0.00         0.00        -0.00        -0.00             0.00
           (O2, H4)     0.00    -0.00     0.00     0.00    -0.00        -0.00         0.00        -0.00         0.00         0.00        -0.00            -0.00
           (O1, H1)    -0.00     0.00     0.00     0.01    -0.00         0.00         0.00         0.00        -0.00        -0.00        -0.00            -0.00
           (O1, H2)     0.00    -0.00    -0.00    -0.00     0.01        -0.00        -0.00        -0.00        -0.00         0.00         0.00             0.00
       (H4, O2, O1)     0.00     0.00    -0.00     0.00    -0.00         0.01         0.01        -0.01         0.00         0.00         0.00             0.00
       (H3, O2, O1)     0.00    -0.00     0.00     0.00    -0.00         0.01         0.01        -0.01         0.00         0.00         0.00             0.00
       (H3, O2, H4)    -0.00    -0.00    -0.00     0.00    -0.00        -0.01        -0.01         0.03         0.00        -0.00        -0.01            -0.00
       (H1, O1, H2)    -0.01     0.00     0.00    -0.00    -0.00         0.00         0.00         0.00         1.66        -0.03        -0.55             0.00
       (O1, H1, O2)     0.00    -0.00     0.00    -0.00     0.00         0.00         0.00        -0.00        -0.03         0.02         0.01             0.00
       (O1, H1, O2)     0.00    -0.00    -0.00    -0.00     0.00         0.00         0.00        -0.01        -0.55         0.01         0.60            -0.00
   (H3, O2, O1, H2)    -0.00     0.00    -0.00    -0.00     0.00         0.00         0.00        -0.00         0.00         0.00        -0.00             0.00

----- Extended Results: Exact PED, KED and TED analysis per mode -----

Normal mode at the following harmonic frequency: 3928 cm-1

Potential energy distribution matrix (normalization check: 1.0)

Internal Coordinate (O1, O2) (O2, H3) (O2, H4) (O1, H1) (O1, H2) (H4, O2, O1) (H3, O2, O1) (H3, O2, H4) (H1, O1, H2) (O1, H1, O2) (O1, H1, O2) (H3, O2, O1, H2)
           (O1, O2)     0.00    -0.00    -0.00    -0.00    -0.00         0.00         0.00        -0.00         0.00         0.00        -0.00            -0.00
           (O2, H3)    -0.00     0.00    -0.00    -0.00    -0.00         0.00         0.00        -0.00         0.00         0.00        -0.00             0.00
           (O2, H4)    -0.00    -0.00     0.00    -0.00    -0.00         0.00         0.00        -0.00         0.00        -0.00        -0.00            -0.00
           (O1, H1)    -0.00    -0.00    -0.00     0.86    -0.00        -0.00        -0.00         0.00         0.00        -0.00         0.00            -0.00
           (O1, H2)    -0.00    -0.00    -0.00    -0.00     0.15        -0.00        -0.00         0.00         0.00        -0.00         0.00             0.00
       (H4, O2, O1)     0.00     0.00     0.00    -0.00    -0.00         0.00         0.00        -0.00        -0.00        -0.00        -0.00             0.00
       (H3, O2, O1)     0.00     0.00     0.00    -0.00    -0.00         0.00         0.00        -0.00        -0.00         0.00        -0.00             0.00
       (H3, O2, H4)    -0.00    -0.00    -0.00     0.00     0.00        -0.00        -0.00         0.00         0.00        -0.00         0.00            -0.00
       (H1, O1, H2)     0.00     0.00     0.00     0.00     0.00        -0.00        -0.00         0.00         0.00        -0.00         0.00            -0.00
       (O1, H1, O2)     0.00     0.00    -0.00    -0.00    -0.00        -0.00         0.00        -0.00        -0.00         0.00         0.00             0.00
       (O1, H1, O2)    -0.00    -0.00    -0.00     0.00     0.00        -0.00        -0.00         0.00         0.00         0.00         0.00             0.00
   (H3, O2, O1, H2)    -0.00     0.00    -0.00    -0.00     0.00         0.00         0.00        -0.00        -0.00         0.00         0.00             0.00

Kinetic energy distribution matrix (normalization check: 1.0)

Internal Coordinate (O1, O2) (O2, H3) (O2, H4) (O1, H1) (O1, H2) (H4, O2, O1) (H3, O2, O1) (H3, O2, H4) (H1, O1, H2) (O1, H1, O2) (O1, H1, O2) (H3, O2, O1, H2)
           (O1, O2)     0.02     0.00     0.00    -0.02     0.00         0.00         0.00        -0.00         0.00         0.00        -0.00            -0.00
           (O2, H3)     0.00     0.00    -0.00     0.00    -0.00         0.00        -0.00         0.00        -0.00        -0.00         0.00             0.00
           (O2, H4)     0.00    -0.00     0.00     0.00    -0.00        -0.00         0.00         0.00        -0.00         0.00         0.00            -0.00
           (O1, H1)    -0.02     0.00     0.00     0.97    -0.01         0.00         0.00        -0.00        -0.00        -0.00         0.00            -0.00
           (O1, H2)     0.00    -0.00    -0.00    -0.01     0.17        -0.00        -0.00        -0.00        -0.00         0.00        -0.00             0.00
       (H4, O2, O1)     0.00     0.00    -0.00     0.00    -0.00         0.00         0.00        -0.00        -0.00         0.00        -0.00             0.00
       (H3, O2, O1)     0.00    -0.00     0.00     0.00    -0.00         0.00         0.00        -0.00        -0.00         0.00        -0.00             0.00
       (H3, O2, H4)    -0.00     0.00     0.00    -0.00    -0.00        -0.00        -0.00         0.00        -0.00        -0.00         0.00            -0.00
       (H1, O1, H2)     0.00    -0.00    -0.00    -0.00    -0.00        -0.00        -0.00        -0.00         0.00         0.00        -0.00            -0.00
       (O1, H1, O2)     0.00    -0.00     0.00    -0.00     0.00         0.00         0.00        -0.00         0.00         0.00        -0.00             0.00
       (O1, H1, O2)    -0.00     0.00     0.00     0.00    -0.00        -0.00        -0.00         0.00        -0.00        -0.00         0.00             0.00
   (H3, O2, O1, H2)    -0.00     0.00    -0.00    -0.00     0.00         0.00         0.00        -0.00        -0.00         0.00         0.00             0.00

Total energy distribution matrix (normalization check: 1.0)

Internal Coordinate (O1, O2) (O2, H3) (O2, H4) (O1, H1) (O1, H2) (H4, O2, O1) (H3, O2, O1) (H3, O2, H4) (H1, O1, H2) (O1, H1, O2) (O1, H1, O2) (H3, O2, O1, H2)
           (O1, O2)     0.01     0.00     0.00    -0.01     0.00         0.00         0.00        -0.00         0.00         0.00        -0.00            -0.00
           (O2, H3)     0.00     0.00    -0.00     0.00    -0.00         0.00        -0.00         0.00        -0.00        -0.00         0.00             0.00
           (O2, H4)     0.00    -0.00     0.00     0.00    -0.00        -0.00         0.00         0.00        -0.00         0.00         0.00            -0.00
           (O1, H1)    -0.01     0.00     0.00     0.92    -0.01         0.00         0.00        -0.00        -0.00        -0.00         0.00            -0.00
           (O1, H2)     0.00    -0.00    -0.00    -0.01     0.16        -0.00        -0.00        -0.00        -0.00         0.00        -0.00             0.00
       (H4, O2, O1)     0.00     0.00    -0.00     0.00    -0.00         0.00         0.00        -0.00        -0.00         0.00        -0.00             0.00
       (H3, O2, O1)     0.00    -0.00     0.00     0.00    -0.00         0.00         0.00        -0.00        -0.00         0.00        -0.00             0.00
       (H3, O2, H4)    -0.00     0.00     0.00    -0.00    -0.00        -0.00        -0.00         0.00        -0.00        -0.00         0.00            -0.00
       (H1, O1, H2)     0.00    -0.00    -0.00    -0.00    -0.00        -0.00        -0.00        -0.00         0.00         0.00        -0.00            -0.00
       (O1, H1, O2)     0.00    -0.00     0.00    -0.00     0.00         0.00         0.00        -0.00         0.00         0.00        -0.00             0.00
       (O1, H1, O2)    -0.00     0.00     0.00     0.00    -0.00        -0.00        -0.00         0.00        -0.00        -0.00         0.00             0.00
   (H3, O2, O1, H2)    -0.00     0.00    -0.00    -0.00     0.00         0.00         0.00        -0.00        -0.00         0.00         0.00             0.00

----- Extended Results: Exact PED, KED and TED analysis per mode -----

Normal mode at the following harmonic frequency: 4031 cm-1

Potential energy distribution matrix (normalization check: 1.0)

Internal Coordinate (O1, O2) (O2, H3) (O2, H4) (O1, H1) (O1, H2) (H4, O2, O1) (H3, O2, O1) (H3, O2, H4) (H1, O1, H2) (O1, H1, O2) (O1, H1, O2) (H3, O2, O1, H2)
           (O1, O2)     0.00     0.00     0.00    -0.00    -0.00         0.00         0.00        -0.00         0.00         0.00         0.00            -0.00
           (O2, H3)     0.00     0.51    -0.01     0.00     0.00        -0.00        -0.00         0.00        -0.00        -0.00        -0.00            -0.00
           (O2, H4)     0.00    -0.01     0.50     0.00     0.00        -0.00        -0.00         0.00        -0.00         0.00        -0.00             0.00
           (O1, H1)    -0.00     0.00     0.00     0.00    -0.00        -0.00        -0.00         0.00         0.00        -0.00        -0.00            -0.00
           (O1, H2)    -0.00     0.00     0.00    -0.00     0.00        -0.00        -0.00         0.00         0.00        -0.00        -0.00             0.00
       (H4, O2, O1)     0.00    -0.00    -0.00    -0.00    -0.00         0.00         0.00        -0.00        -0.00        -0.00         0.00             0.00
       (H3, O2, O1)     0.00    -0.00    -0.00    -0.00    -0.00         0.00         0.00        -0.00        -0.00         0.00         0.00             0.00
       (H3, O2, H4)    -0.00     0.00     0.00     0.00     0.00        -0.00        -0.00         0.00         0.00        -0.00        -0.00            -0.00
       (H1, O1, H2)     0.00    -0.00    -0.00     0.00     0.00        -0.00        -0.00         0.00         0.00        -0.00        -0.00            -0.00
       (O1, H1, O2)     0.00    -0.00     0.00    -0.00    -0.00        -0.00         0.00        -0.00        -0.00         0.00        -0.00             0.00
       (O1, H1, O2)     0.00    -0.00    -0.00    -0.00    -0.00         0.00         0.00        -0.00        -0.00        -0.00         0.00            -0.00
   (H3, O2, O1, H2)    -0.00    -0.00     0.00    -0.00     0.00         0.00         0.00        -0.00        -0.00         0.00        -0.00             0.00

Kinetic energy distribution matrix (normalization check: 1.0)

Internal Coordinate (O1, O2) (O2, H3) (O2, H4) (O1, H1) (O1, H2) (H4, O2, O1) (H3, O2, O1) (H3, O2, H4) (H1, O1, H2) (O1, H1, O2) (O1, H1, O2) (H3, O2, O1, H2)
           (O1, O2)     0.01    -0.01    -0.01    -0.00     0.00         0.00         0.00        -0.00         0.00         0.00         0.00            -0.00
           (O2, H3)    -0.01     0.57    -0.03    -0.00     0.00        -0.00         0.00        -0.00         0.00         0.00         0.00            -0.00
           (O2, H4)    -0.01    -0.03     0.57    -0.00     0.00         0.00        -0.00        -0.00         0.00        -0.00         0.00             0.00
           (O1, H1)    -0.00    -0.00    -0.00     0.00    -0.00         0.00         0.00        -0.00        -0.00        -0.00        -0.00            -0.00
           (O1, H2)     0.00     0.00     0.00    -0.00     0.00        -0.00        -0.00        -0.00        -0.00         0.00         0.00             0.00
       (H4, O2, O1)     0.00    -0.00     0.00     0.00    -0.00         0.00         0.00        -0.00        -0.00         0.00         0.00             0.00
       (H3, O2, O1)     0.00     0.00    -0.00     0.00    -0.00         0.00         0.00        -0.00        -0.00         0.00         0.00             0.00
       (H3, O2, H4)    -0.00    -0.00    -0.00    -0.00    -0.00        -0.00        -0.00         0.00        -0.00        -0.00        -0.00            -0.00
       (H1, O1, H2)     0.00     0.00     0.00    -0.00    -0.00        -0.00        -0.00        -0.00         0.00         0.00         0.00            -0.00
       (O1, H1, O2)     0.00     0.00    -0.00    -0.00     0.00         0.00         0.00        -0.00         0.00         0.00         0.00             0.00
       (O1, H1, O2)     0.00     0.00     0.00    -0.00     0.00         0.00         0.00        -0.00         0.00         0.00         0.00            -0.00
   (H3, O2, O1, H2)    -0.00    -0.00     0.00    -0.00     0.00         0.00         0.00        -0.00        -0.00         0.00        -0.00             0.00

Total energy distribution matrix (normalization check: 1.0)

Internal Coordinate (O1, O2) (O2, H3) (O2, H4) (O1, H1) (O1, H2) (H4, O2, O1) (H3, O2, O1) (H3, O2, H4) (H1, O1, H2) (O1, H1, O2) (O1, H1, O2) (H3, O2, O1, H2)
           (O1, O2)     0.01    -0.00    -0.00    -0.00     0.00         0.00         0.00        -0.00         0.00         0.00         0.00            -0.00
           (O2, H3)    -0.00     0.54    -0.02    -0.00     0.00        -0.00         0.00        -0.00         0.00         0.00         0.00            -0.00
           (O2, H4)    -0.00    -0.02     0.54    -0.00     0.00         0.00        -0.00        -0.00         0.00        -0.00         0.00             0.00
           (O1, H1)    -0.00    -0.00    -0.00     0.00    -0.00         0.00         0.00        -0.00        -0.00        -0.00        -0.00            -0.00
           (O1, H2)     0.00     0.00     0.00    -0.00     0.00        -0.00        -0.00        -0.00        -0.00         0.00         0.00             0.00
       (H4, O2, O1)     0.00    -0.00     0.00     0.00    -0.00         0.00         0.00        -0.00        -0.00         0.00         0.00             0.00
       (H3, O2, O1)     0.00     0.00    -0.00     0.00    -0.00         0.00         0.00        -0.00        -0.00         0.00         0.00             0.00
       (H3, O2, H4)    -0.00    -0.00    -0.00    -0.00    -0.00        -0.00        -0.00         0.00        -0.00        -0.00        -0.00            -0.00
       (H1, O1, H2)     0.00     0.00     0.00    -0.00    -0.00        -0.00        -0.00        -0.00         0.00         0.00         0.00            -0.00
       (O1, H1, O2)     0.00     0.00    -0.00    -0.00     0.00         0.00         0.00        -0.00         0.00         0.00         0.00             0.00
       (O1, H1, O2)     0.00     0.00     0.00    -0.00     0.00         0.00         0.00        -0.00         0.00         0.00         0.00            -0.00
   (H3, O2, O1, H2)    -0.00    -0.00     0.00    -0.00     0.00         0.00         0.00        -0.00        -0.00         0.00        -0.00             0.00

----- Extended Results: Exact PED, KED and TED analysis per mode -----

Normal mode at the following harmonic frequency: 4139 cm-1

Potential energy distribution matrix (normalization check: 1.0)

Internal Coordinate (O1, O2) (O2, H3) (O2, H4) (O1, H1) (O1, H2) (H4, O2, O1) (H3, O2, O1) (H3, O2, H4) (H1, O1, H2) (O1, H1, O2) (O1, H1, O2) (H3, O2, O1, H2)
           (O1, O2)     0.00     0.00     0.00    -0.00     0.00         0.00         0.00        -0.00        -0.00         0.00        -0.00            -0.00
           (O2, H3)     0.00     0.00    -0.00     0.00    -0.00        -0.00        -0.00         0.00         0.00        -0.00         0.00            -0.00
           (O2, H4)     0.00    -0.00     0.00     0.00    -0.00        -0.00        -0.00         0.00         0.00         0.00         0.00             0.00
           (O1, H1)    -0.00     0.00     0.00     0.14     0.00        -0.00        -0.00         0.00        -0.00        -0.00         0.00            -0.00
           (O1, H2)     0.00    -0.00    -0.00     0.00     0.85         0.00         0.00        -0.00         0.00         0.00        -0.00            -0.00
       (H4, O2, O1)     0.00    -0.00    -0.00    -0.00     0.00         0.00         0.00        -0.00         0.00        -0.00        -0.00             0.00
       (H3, O2, O1)     0.00    -0.00    -0.00    -0.00     0.00         0.00         0.00        -0.00         0.00         0.00        -0.00             0.00
       (H3, O2, H4)    -0.00     0.00     0.00     0.00    -0.00        -0.00        -0.00         0.00        -0.00        -0.00         0.00            -0.00
       (H1, O1, H2)    -0.00     0.00     0.00    -0.00     0.00         0.00         0.00        -0.00         0.00         0.00        -0.00             0.00
       (O1, H1, O2)     0.00    -0.00     0.00    -0.00     0.00        -0.00         0.00        -0.00         0.00         0.00         0.00             0.00
       (O1, H1, O2)    -0.00     0.00     0.00     0.00    -0.00        -0.00        -0.00         0.00        -0.00         0.00         0.00             0.00
   (H3, O2, O1, H2)    -0.00    -0.00     0.00    -0.00    -0.00         0.00         0.00        -0.00         0.00         0.00         0.00             0.00

Kinetic energy distribution matrix (normalization check: 1.0)

Internal Coordinate (O1, O2) (O2, H3) (O2, H4) (O1, H1) (O1, H2) (H4, O2, O1) (H3, O2, O1) (H3, O2, H4) (H1, O1, H2) (O1, H1, O2) (O1, H1, O2) (H3, O2, O1, H2)
           (O1, O2)     0.02    -0.00    -0.00    -0.01    -0.01         0.00         0.00        -0.00        -0.00         0.00        -0.00            -0.00
           (O2, H3)    -0.00     0.00    -0.00    -0.00    -0.00        -0.00         0.00        -0.00        -0.00         0.00        -0.00            -0.00
           (O2, H4)    -0.00    -0.00     0.00    -0.00    -0.00         0.00        -0.00        -0.00        -0.00        -0.00        -0.00             0.00
           (O1, H1)    -0.01    -0.00    -0.00     0.18     0.01         0.00         0.00        -0.00         0.00        -0.00         0.00            -0.00
           (O1, H2)    -0.01    -0.00    -0.00     0.01     1.07         0.00         0.00         0.00        -0.00        -0.00         0.00            -0.00
       (H4, O2, O1)     0.00    -0.00     0.00     0.00     0.00         0.00         0.00        -0.00         0.00         0.00        -0.00             0.00
       (H3, O2, O1)     0.00     0.00    -0.00     0.00     0.00         0.00         0.00        -0.00         0.00         0.00        -0.00             0.00
       (H3, O2, H4)    -0.00    -0.00    -0.00    -0.00     0.00        -0.00        -0.00         0.00         0.00        -0.00         0.00            -0.00
       (H1, O1, H2)    -0.00    -0.00    -0.00     0.00    -0.00         0.00         0.00         0.00         0.00        -0.00         0.00             0.00
       (O1, H1, O2)     0.00     0.00    -0.00    -0.00    -0.00         0.00         0.00        -0.00        -0.00         0.00        -0.00             0.00
       (O1, H1, O2)    -0.00    -0.00    -0.00     0.00     0.00        -0.00        -0.00         0.00         0.00        -0.00         0.00             0.00
   (H3, O2, O1, H2)    -0.00    -0.00     0.00    -0.00    -0.00         0.00         0.00        -0.00         0.00         0.00         0.00             0.00

Total energy distribution matrix (normalization check: 1.0)

Internal Coordinate (O1, O2) (O2, H3) (O2, H4) (O1, H1) (O1, H2) (H4, O2, O1) (H3, O2, O1) (H3, O2, H4) (H1, O1, H2) (O1, H1, O2) (O1, H1, O2) (H3, O2, O1, H2)
           (O1, O2)     0.01    -0.00    -0.00    -0.00    -0.00         0.00         0.00        -0.00        -0.00         0.00        -0.00            -0.00
           (O2, H3)    -0.00     0.00    -0.00    -0.00    -0.00        -0.00         0.00        -0.00        -0.00         0.00        -0.00            -0.00
           (O2, H4)    -0.00    -0.00     0.00    -0.00    -0.00         0.00        -0.00        -0.00        -0.00        -0.00        -0.00             0.00
           (O1, H1)    -0.00    -0.00    -0.00     0.16     0.01         0.00         0.00        -0.00         0.00        -0.00         0.00            -0.00
           (O1, H2)    -0.00    -0.00    -0.00     0.01     0.96         0.00         0.00         0.00        -0.00        -0.00         0.00            -0.00
       (H4, O2, O1)     0.00    -0.00     0.00     0.00     0.00         0.00         0.00        -0.00         0.00         0.00        -0.00             0.00
       (H3, O2, O1)     0.00     0.00    -0.00     0.00     0.00         0.00         0.00        -0.00         0.00         0.00        -0.00             0.00
       (H3, O2, H4)    -0.00    -0.00    -0.00    -0.00     0.00        -0.00        -0.00         0.00         0.00        -0.00         0.00            -0.00
       (H1, O1, H2)    -0.00    -0.00    -0.00     0.00    -0.00         0.00         0.00         0.00         0.00        -0.00         0.00             0.00
       (O1, H1, O2)     0.00     0.00    -0.00    -0.00    -0.00         0.00         0.00        -0.00        -0.00         0.00        -0.00             0.00
       (O1, H1, O2)    -0.00    -0.00    -0.00     0.00     0.00        -0.00        -0.00         0.00         0.00        -0.00         0.00             0.00
   (H3, O2, O1, H2)    -0.00    -0.00     0.00    -0.00    -0.00         0.00         0.00        -0.00         0.00         0.00         0.00             0.00

----- Extended Results: Exact PED, KED and TED analysis per mode -----

Normal mode at the following harmonic frequency: 4185 cm-1

Potential energy distribution matrix (normalization check: 1.0)

Internal Coordinate (O1, O2) (O2, H3) (O2, H4) (O1, H1) (O1, H2) (H4, O2, O1) (H3, O2, O1) (H3, O2, H4) (H1, O1, H2) (O1, H1, O2) (O1, H1, O2) (H3, O2, O1, H2)
           (O1, O2)     0.00     0.00    -0.00     0.00    -0.00        -0.00         0.00        -0.00        -0.00         0.00        -0.00            -0.00
           (O2, H3)     0.00     0.49     0.01    -0.00     0.00         0.00        -0.00         0.00         0.00        -0.00         0.00            -0.00
           (O2, H4)    -0.00     0.01     0.49     0.00    -0.00        -0.00         0.00        -0.00        -0.00        -0.00        -0.00            -0.00
           (O1, H1)     0.00    -0.00     0.00     0.00     0.00        -0.00         0.00        -0.00         0.00         0.00        -0.00             0.00
           (O1, H2)    -0.00     0.00    -0.00     0.00     0.00         0.00        -0.00         0.00        -0.00        -0.00         0.00             0.00
       (H4, O2, O1)    -0.00     0.00    -0.00    -0.00     0.00         0.00        -0.00         0.00        -0.00         0.00         0.00            -0.00
       (H3, O2, O1)     0.00    -0.00     0.00     0.00    -0.00        -0.00         0.00        -0.00         0.00         0.00        -0.00             0.00
       (H3, O2, H4)    -0.00     0.00    -0.00    -0.00     0.00         0.00        -0.00         0.00        -0.00        -0.00         0.00            -0.00
       (H1, O1, H2)    -0.00     0.00    -0.00     0.00    -0.00        -0.00         0.00        -0.00         0.00         0.00        -0.00             0.00
       (O1, H1, O2)     0.00    -0.00    -0.00     0.00    -0.00         0.00         0.00        -0.00         0.00         0.00         0.00             0.00
       (O1, H1, O2)    -0.00     0.00    -0.00    -0.00     0.00         0.00        -0.00         0.00        -0.00         0.00         0.00             0.00
   (H3, O2, O1, H2)    -0.00    -0.00    -0.00     0.00     0.00        -0.00         0.00        -0.00         0.00         0.00         0.00             0.00

Kinetic energy distribution matrix (normalization check: 1.0)

Internal Coordinate (O1, O2) (O2, H3) (O2, H4) (O1, H1) (O1, H2) (H4, O2, O1) (H3, O2, O1) (H3, O2, H4) (H1, O1, H2) (O1, H1, O2) (O1, H1, O2) (H3, O2, O1, H2)
           (O1, O2)     0.00    -0.00     0.00     0.00     0.00        -0.00         0.00        -0.00        -0.00         0.00        -0.00            -0.00
           (O2, H3)    -0.00     0.60     0.03     0.00     0.00         0.00         0.00        -0.00        -0.00         0.00        -0.00            -0.00
           (O2, H4)     0.00     0.03     0.60    -0.00    -0.00         0.00         0.00         0.00         0.00         0.00         0.00            -0.00
           (O1, H1)     0.00     0.00    -0.00     0.00     0.00         0.00        -0.00         0.00        -0.00         0.00        -0.00             0.00
           (O1, H2)     0.00     0.00    -0.00     0.00     0.00         0.00        -0.00        -0.00         0.00         0.00        -0.00             0.00
       (H4, O2, O1)    -0.00     0.00     0.00     0.00     0.00         0.01        -0.01         0.00        -0.00        -0.00         0.00            -0.00
       (H3, O2, O1)     0.00     0.00     0.00    -0.00    -0.00        -0.01         0.01        -0.00         0.00         0.00        -0.00             0.00
       (H3, O2, H4)    -0.00    -0.00     0.00     0.00    -0.00         0.00        -0.00         0.00         0.00        -0.00         0.00            -0.00
       (H1, O1, H2)    -0.00    -0.00     0.00    -0.00     0.00        -0.00         0.00         0.00         0.00        -0.00         0.00             0.00
       (O1, H1, O2)     0.00     0.00     0.00     0.00     0.00        -0.00         0.00        -0.00        -0.00         0.00        -0.00             0.00
       (O1, H1, O2)    -0.00    -0.00     0.00    -0.00    -0.00         0.00        -0.00         0.00         0.00        -0.00         0.00             0.00
   (H3, O2, O1, H2)    -0.00    -0.00    -0.00     0.00     0.00        -0.00         0.00        -0.00         0.00         0.00         0.00             0.00

Total energy distribution matrix (normalization check: 1.0)

Internal Coordinate (O1, O2) (O2, H3) (O2, H4) (O1, H1) (O1, H2) (H4, O2, O1) (H3, O2, O1) (H3, O2, H4) (H1, O1, H2) (O1, H1, O2) (O1, H1, O2) (H3, O2, O1, H2)
           (O1, O2)     0.00    -0.00     0.00     0.00     0.00        -0.00         0.00        -0.00        -0.00         0.00        -0.00            -0.00
           (O2, H3)    -0.00     0.55     0.02     0.00     0.00         0.00         0.00        -0.00        -0.00         0.00        -0.00            -0.00
           (O2, H4)     0.00     0.02     0.55    -0.00    -0.00         0.00         0.00         0.00         0.00         0.00         0.00            -0.00
           (O1, H1)     0.00     0.00    -0.00     0.00     0.00         0.00        -0.00         0.00        -0.00         0.00        -0.00             0.00
           (O1, H2)     0.00     0.00    -0.00     0.00     0.00         0.00        -0.00        -0.00         0.00         0.00        -0.00             0.00
       (H4, O2, O1)    -0.00     0.00     0.00     0.00     0.00         0.01        -0.00         0.00        -0.00        -0.00         0.00            -0.00
       (H3, O2, O1)     0.00     0.00     0.00    -0.00    -0.00        -0.00         0.01        -0.00         0.00         0.00        -0.00             0.00
       (H3, O2, H4)    -0.00    -0.00     0.00     0.00    -0.00         0.00        -0.00         0.00         0.00        -0.00         0.00            -0.00
       (H1, O1, H2)    -0.00    -0.00     0.00    -0.00     0.00        -0.00         0.00         0.00         0.00        -0.00         0.00             0.00
       (O1, H1, O2)     0.00     0.00     0.00     0.00     0.00        -0.00         0.00        -0.00        -0.00         0.00        -0.00             0.00
       (O1, H1, O2)    -0.00    -0.00     0.00    -0.00    -0.00         0.00        -0.00         0.00         0.00        -0.00         0.00             0.00
   (H3, O2, O1, H2)    -0.00    -0.00    -0.00     0.00     0.00        -0.00         0.00        -0.00         0.00         0.00         0.00             0.00

