 .__   __.   ______   .___  ___.   ______    _______   _______   ______   ______      .______   ____    ____ 
 |  \ |  |  /  __  \  |   \/   |  /  __  \  |       \ |   ____| /      | /  __  \     |   _  \  \   \  /   / 
 |   \|  | |  |  |  | |  \  /  | |  |  |  | |  .--.  ||  |__   |  ,----'|  |  |  |    |  |_)  |  \   \/   /  
 |  . `  | |  |  |  | |  |\/|  | |  |  |  | |  |  |  ||   __|  |  |     |  |  |  |    |   ___/    \_    _/   
 |  |\   | |  `--'  | |  |  |  | |  `--'  | |  '--'  ||  |____ |  `----.|  `--'  |  __|  |          |  |     
 |__| \__|  \______/  |__|  |__|  \______/  |_______/ |_______| \______| \______/  (__) _|          |__|     
                                                                                                             


**************************************************************************************************************
                                  Kemal Önen, Dennis F. Dinu, Klaus R. Liedl                                  
                                      Liedl Lab, University of Innsbruck                                      
**************************************************************************************************************

Non-planar system detected. Therefore out-of-plane angles are NOT used in your analysis. Note that out-of-plane angles tend to perform worse
than the other internal coordinates in terms of computational cost and in the decomposition. However they can be
useful for planar systems.

The detected point group is C3v
The following equivalent atoms were found: [['D2'], ['H3', 'H4', 'H5'], ['C1']] 

The following primitive internals (bonds, (in-plane) angles, linear valence angles, out-of-plane angles and torsions) were generated:
bonds: [('C1', 'D2'), ('C1', 'H3'), ('C1', 'H4'), ('C1', 'H5')]
in-plane angles: [('D2', 'C1', 'H3'), ('D2', 'C1', 'H4'), ('D2', 'C1', 'H5'), ('H3', 'C1', 'H4'), ('H3', 'C1', 'H5'),
 ('H4', 'C1', 'H5')]
linear valence-angles: []
out-of-plane angles: []
dihedrals: []

9 internal coordinates are at least needed for the decomposition scheme.


-------------------------------- Initialization of an internal coordinate set --------------------------------

The following 10 Internal Coordinates are used in your analysis:
bonds: [('C1', 'D2'), ('C1', 'H3'), ('C1', 'H4'), ('C1', 'H5')]
in-plane angles: [('D2', 'C1', 'H3'), ('D2', 'C1', 'H4'), ('D2', 'C1', 'H5'), ('H3', 'C1', 'H4'), ('H3', 'C1', 'H5'),
 ('H4', 'C1', 'H5')]
linear valence-angles: []
out-of-plane angles: []
dihedrals: []


-------------------------- Results of the Decomposition Scheme ---------------------------

1.) Intrinsic Frequencies for all normal-coordinate frequencies and
    vibrational distribution matrix (exact approximation) at the following
    harmonic frequencies (all frequency values in cm-1):

Internal Coordinate Intrinsic Frequencies  1280  1280  1446  1605  1605  2361  3180  3253  3253
           (C1, D2)               2366.43 -0.00 -0.00 -0.00  0.00  0.00  1.00  0.01  0.00 -0.00
           (C1, H3)               3231.27 -0.00 -0.00 -0.00 -0.00 -0.00  0.00  0.33  0.67  0.00
           (C1, H4)               3231.48 -0.00 -0.00 -0.00 -0.00 -0.00  0.00  0.33  0.17  0.50
           (C1, H5)               3231.48 -0.00 -0.00 -0.00 -0.00 -0.00  0.00  0.33  0.17  0.50
       (D2, C1, H3)               1231.56  0.00  0.57  0.17  0.09  0.00 -0.00 -0.00 -0.00 -0.00
       (D2, C1, H4)               1231.55  0.43  0.14  0.17  0.02  0.07 -0.00 -0.00 -0.00 -0.00
       (D2, C1, H5)               1231.55  0.43  0.14  0.17  0.02  0.07 -0.00 -0.00 -0.00 -0.00
       (H3, C1, H4)               1403.07  0.07  0.02  0.17  0.14  0.43 -0.00 -0.00 -0.00 -0.00
       (H3, C1, H5)               1403.07  0.07  0.02  0.17  0.14  0.43 -0.00 -0.00 -0.00 -0.00
       (H4, C1, H5)               1403.08  0.00  0.09  0.17  0.57  0.00 -0.00 -0.00 -0.00 -0.00

Check if matrix is normalized: 1.0

2.) Intrinsic Frequencies for all normal-coordinate frequencies and
    diagonal elements of the PED matrix at the following
    harmonic frequencies (all frequency values in cm-1):

Internal Coordinate Intrinsic Frequencies 1280 1280 1446 1605 1605 2361 3180 3253 3253
           (C1, D2)               2366.43 0.00 0.00 0.00 0.00 0.00 1.00 0.01 0.00 0.00
           (C1, H3)               3231.27 0.00 0.00 0.00 0.00 0.00 0.00 0.33 0.68 0.00
           (C1, H4)               3231.48 0.00 0.00 0.00 0.00 0.00 0.00 0.33 0.17 0.51
           (C1, H5)               3231.48 0.00 0.00 0.00 0.00 0.00 0.00 0.33 0.17 0.51
       (D2, C1, H3)               1231.56 0.00 0.48 0.14 0.07 0.00 0.00 0.00 0.00 0.00
       (D2, C1, H4)               1231.55 0.36 0.12 0.14 0.02 0.05 0.00 0.00 0.00 0.00
       (D2, C1, H5)               1231.55 0.36 0.12 0.14 0.02 0.05 0.00 0.00 0.00 0.00
       (H3, C1, H4)               1403.07 0.06 0.02 0.14 0.12 0.35 0.00 0.00 0.00 0.00
       (H3, C1, H5)               1403.07 0.06 0.02 0.14 0.12 0.35 0.00 0.00 0.00 0.00
       (H4, C1, H5)               1403.08 0.00 0.08 0.14 0.47 0.00 0.00 0.00 0.00 0.00

3.) Intrinsic Frequencies for all normal-coordinate frequencies and
    contribution table calculated from the diagonal elements of the PED at the following
    harmonic frequencies (all frequency values in cm-1):

Internal Coordinate Intrinsic Frequencies  1280  1280  1446  1605  1605  2361  3180  3253  3253
           (C1, D2)               2366.43  0.00  0.00  0.00  0.00  0.00 98.88  0.65  0.00  0.00
           (C1, H3)               3231.27  0.00  0.30  0.05  0.07  0.00  0.12 33.23 66.40  0.00
           (C1, H4)               3231.48  0.22  0.07  0.05  0.02  0.05  0.12 33.03 16.70 49.90
           (C1, H5)               3231.48  0.22  0.07  0.05  0.02  0.05  0.12 33.03 16.70 49.90
       (D2, C1, H3)               1231.56  0.00 56.57 16.64  8.81  0.00  0.13  0.01  0.08  0.00
       (D2, C1, H4)               1231.55 42.44 14.15 16.64  2.20  6.61  0.13  0.01  0.02  0.06
       (D2, C1, H5)               1231.55 42.44 14.15 16.64  2.20  6.61  0.13  0.01  0.02  0.06
       (H3, C1, H4)               1403.07  7.34  2.45 16.64 14.45 43.34  0.13  0.01  0.02  0.05
       (H3, C1, H5)               1403.07  7.34  2.45 16.64 14.45 43.34  0.13  0.01  0.02  0.05
       (H4, C1, H5)               1403.08  0.00  9.79 16.64 57.79  0.00  0.13  0.01  0.06  0.00

----- Extended Results: Exact PED, KED and TED analysis per mode -----

Normal mode at the following harmonic frequency: 1280 cm-1

Potential energy distribution matrix (normalization check: 1.0)

Internal Coordinate (C1, D2) (C1, H3) (C1, H4) (C1, H5) (D2, C1, H3) (D2, C1, H4) (D2, C1, H5) (H3, C1, H4) (H3, C1, H5) (H4, C1, H5)
           (C1, D2)     0.00    -0.00     0.00    -0.00         0.00        -0.00         0.00         0.00        -0.00         0.00
           (C1, H3)    -0.00     0.00    -0.00     0.00        -0.00        -0.00         0.00         0.00        -0.00        -0.00
           (C1, H4)     0.00    -0.00     0.00    -0.00        -0.00        -0.00        -0.00        -0.00        -0.00        -0.00
           (C1, H5)    -0.00     0.00    -0.00     0.00         0.00        -0.00        -0.00        -0.00        -0.00         0.00
       (D2, C1, H3)     0.00    -0.00    -0.00     0.00         0.00         0.00        -0.00         0.00        -0.00         0.00
       (D2, C1, H4)    -0.00    -0.00    -0.00    -0.00         0.00         0.36         0.07        -0.03         0.03        -0.00
       (D2, C1, H5)     0.00     0.00    -0.00    -0.00        -0.00         0.07         0.36         0.03        -0.03         0.00
       (H3, C1, H4)     0.00     0.00    -0.00    -0.00         0.00        -0.03         0.03         0.06         0.01        -0.00
       (H3, C1, H5)    -0.00    -0.00    -0.00    -0.00        -0.00         0.03        -0.03         0.01         0.06         0.00
       (H4, C1, H5)     0.00    -0.00    -0.00     0.00         0.00        -0.00         0.00        -0.00         0.00         0.00

Kinetic energy distribution matrix (normalization check: 1.0)

Internal Coordinate (C1, D2) (C1, H3) (C1, H4) (C1, H5) (D2, C1, H3) (D2, C1, H4) (D2, C1, H5) (H3, C1, H4) (H3, C1, H5) (H4, C1, H5)
           (C1, D2)     0.00    -0.00     0.00    -0.00         0.00        -0.00         0.00         0.00        -0.00         0.00
           (C1, H3)    -0.00     0.00     0.00    -0.00        -0.00        -0.00         0.00        -0.00         0.00         0.00
           (C1, H4)     0.00     0.00     0.00     0.00        -0.00        -0.00        -0.00         0.00         0.00         0.00
           (C1, H5)    -0.00    -0.00     0.00     0.00         0.00        -0.00        -0.00         0.00         0.00        -0.00
       (D2, C1, H3)     0.00    -0.00    -0.00     0.00         0.00         0.00        -0.00         0.00        -0.00         0.00
       (D2, C1, H4)    -0.00    -0.00    -0.00    -0.00         0.00         0.38         0.09        -0.02         0.05        -0.00
       (D2, C1, H5)     0.00     0.00    -0.00    -0.00        -0.00         0.09         0.38         0.05        -0.02         0.00
       (H3, C1, H4)     0.00    -0.00     0.00     0.00         0.00        -0.02         0.05         0.05         0.01        -0.00
       (H3, C1, H5)    -0.00     0.00     0.00     0.00        -0.00         0.05        -0.02         0.01         0.05         0.00
       (H4, C1, H5)     0.00     0.00     0.00    -0.00         0.00        -0.00         0.00        -0.00         0.00         0.00

Total energy distribution matrix (normalization check: 1.0)

Internal Coordinate (C1, D2) (C1, H3) (C1, H4) (C1, H5) (D2, C1, H3) (D2, C1, H4) (D2, C1, H5) (H3, C1, H4) (H3, C1, H5) (H4, C1, H5)
           (C1, D2)     0.00    -0.00     0.00    -0.00         0.00        -0.00         0.00         0.00        -0.00         0.00
           (C1, H3)    -0.00     0.00    -0.00     0.00        -0.00        -0.00         0.00         0.00        -0.00        -0.00
           (C1, H4)     0.00    -0.00     0.00    -0.00        -0.00        -0.00        -0.00        -0.00        -0.00        -0.00
           (C1, H5)    -0.00     0.00    -0.00     0.00         0.00        -0.00        -0.00        -0.00        -0.00         0.00
       (D2, C1, H3)     0.00    -0.00    -0.00     0.00         0.00         0.00        -0.00         0.00        -0.00         0.00
       (D2, C1, H4)    -0.00    -0.00    -0.00    -0.00         0.00         0.37         0.08        -0.02         0.04        -0.00
       (D2, C1, H5)     0.00     0.00    -0.00    -0.00        -0.00         0.08         0.37         0.04        -0.02         0.00
       (H3, C1, H4)     0.00     0.00    -0.00    -0.00         0.00        -0.02         0.04         0.06         0.01        -0.00
       (H3, C1, H5)    -0.00    -0.00    -0.00    -0.00        -0.00         0.04        -0.02         0.01         0.06         0.00
       (H4, C1, H5)     0.00    -0.00    -0.00     0.00         0.00        -0.00         0.00        -0.00         0.00         0.00

----- Extended Results: Exact PED, KED and TED analysis per mode -----

Normal mode at the following harmonic frequency: 1280 cm-1

Potential energy distribution matrix (normalization check: 1.0)

Internal Coordinate (C1, D2) (C1, H3) (C1, H4) (C1, H5) (D2, C1, H3) (D2, C1, H4) (D2, C1, H5) (H3, C1, H4) (H3, C1, H5) (H4, C1, H5)
           (C1, D2)     0.00    -0.00     0.00     0.00         0.00        -0.00        -0.00        -0.00        -0.00         0.00
           (C1, H3)    -0.00     0.00    -0.00    -0.00        -0.00        -0.00        -0.00        -0.00        -0.00        -0.00
           (C1, H4)     0.00    -0.00     0.00     0.00        -0.00        -0.00         0.00         0.00        -0.00        -0.00
           (C1, H5)     0.00    -0.00     0.00     0.00        -0.00         0.00        -0.00        -0.00         0.00        -0.00
       (D2, C1, H3)     0.00    -0.00    -0.00    -0.00         0.48         0.05         0.05        -0.02        -0.02         0.04
       (D2, C1, H4)    -0.00    -0.00    -0.00     0.00         0.05         0.12        -0.02         0.01         0.01        -0.02
       (D2, C1, H5)    -0.00    -0.00     0.00    -0.00         0.05        -0.02         0.12         0.01         0.01        -0.02
       (H3, C1, H4)    -0.00    -0.00     0.00    -0.00        -0.02         0.01         0.01         0.02        -0.00         0.01
       (H3, C1, H5)    -0.00    -0.00    -0.00     0.00        -0.02         0.01         0.01        -0.00         0.02         0.01
       (H4, C1, H5)     0.00    -0.00    -0.00    -0.00         0.04        -0.02        -0.02         0.01         0.01         0.08

Kinetic energy distribution matrix (normalization check: 1.0)

Internal Coordinate (C1, D2) (C1, H3) (C1, H4) (C1, H5) (D2, C1, H3) (D2, C1, H4) (D2, C1, H5) (H3, C1, H4) (H3, C1, H5) (H4, C1, H5)
           (C1, D2)     0.00    -0.00     0.00     0.00         0.00        -0.00        -0.00        -0.00        -0.00         0.00
           (C1, H3)    -0.00     0.00     0.00     0.00        -0.00        -0.00        -0.00         0.00         0.00         0.00
           (C1, H4)     0.00     0.00     0.00    -0.00        -0.00        -0.00         0.00        -0.00         0.00         0.00
           (C1, H5)     0.00     0.00    -0.00     0.00        -0.00         0.00        -0.00         0.00        -0.00         0.00
       (D2, C1, H3)     0.00    -0.00    -0.00    -0.00         0.50         0.06         0.06        -0.01        -0.01         0.07
       (D2, C1, H4)    -0.00    -0.00    -0.00     0.00         0.06         0.13        -0.03         0.01         0.02        -0.01
       (D2, C1, H5)    -0.00    -0.00     0.00    -0.00         0.06        -0.03         0.13         0.02         0.01        -0.01
       (H3, C1, H4)    -0.00     0.00    -0.00     0.00        -0.01         0.01         0.02         0.02        -0.00         0.01
       (H3, C1, H5)    -0.00     0.00     0.00    -0.00        -0.01         0.02         0.01        -0.00         0.02         0.01
       (H4, C1, H5)     0.00     0.00     0.00     0.00         0.07        -0.01        -0.01         0.01         0.01         0.07

Total energy distribution matrix (normalization check: 1.0)

Internal Coordinate (C1, D2) (C1, H3) (C1, H4) (C1, H5) (D2, C1, H3) (D2, C1, H4) (D2, C1, H5) (H3, C1, H4) (H3, C1, H5) (H4, C1, H5)
           (C1, D2)     0.00    -0.00     0.00     0.00         0.00        -0.00        -0.00        -0.00        -0.00         0.00
           (C1, H3)    -0.00     0.00    -0.00    -0.00        -0.00        -0.00        -0.00        -0.00        -0.00        -0.00
           (C1, H4)     0.00    -0.00     0.00     0.00        -0.00        -0.00         0.00         0.00        -0.00        -0.00
           (C1, H5)     0.00    -0.00     0.00     0.00        -0.00         0.00        -0.00        -0.00         0.00        -0.00
       (D2, C1, H3)     0.00    -0.00    -0.00    -0.00         0.49         0.05         0.05        -0.02        -0.02         0.05
       (D2, C1, H4)    -0.00    -0.00    -0.00     0.00         0.05         0.12        -0.03         0.01         0.01        -0.02
       (D2, C1, H5)    -0.00    -0.00     0.00    -0.00         0.05        -0.03         0.12         0.01         0.01        -0.02
       (H3, C1, H4)    -0.00    -0.00     0.00    -0.00        -0.02         0.01         0.01         0.02        -0.00         0.01
       (H3, C1, H5)    -0.00    -0.00    -0.00     0.00        -0.02         0.01         0.01        -0.00         0.02         0.01
       (H4, C1, H5)     0.00    -0.00    -0.00    -0.00         0.05        -0.02        -0.02         0.01         0.01         0.08

----- Extended Results: Exact PED, KED and TED analysis per mode -----

Normal mode at the following harmonic frequency: 1446 cm-1

Potential energy distribution matrix (normalization check: 1.0)

Internal Coordinate (C1, D2) (C1, H3) (C1, H4) (C1, H5) (D2, C1, H3) (D2, C1, H4) (D2, C1, H5) (H3, C1, H4) (H3, C1, H5) (H4, C1, H5)
           (C1, D2)     0.00    -0.00    -0.00    -0.00        -0.00        -0.00        -0.00        -0.00        -0.00        -0.00
           (C1, H3)    -0.00     0.00     0.00     0.00         0.00        -0.00        -0.00        -0.00        -0.00         0.00
           (C1, H4)    -0.00     0.00     0.00     0.00        -0.00         0.00        -0.00        -0.00         0.00        -0.00
           (C1, H5)    -0.00     0.00     0.00     0.00        -0.00        -0.00         0.00         0.00        -0.00        -0.00
       (D2, C1, H3)    -0.00     0.00    -0.00    -0.00         0.14        -0.03        -0.03         0.03         0.03         0.03
       (D2, C1, H4)    -0.00    -0.00     0.00    -0.00        -0.03         0.14        -0.03         0.03         0.03         0.03
       (D2, C1, H5)    -0.00    -0.00    -0.00     0.00        -0.03        -0.03         0.14         0.03         0.03         0.03
       (H3, C1, H4)    -0.00    -0.00    -0.00     0.00         0.03         0.03         0.03         0.14        -0.03        -0.03
       (H3, C1, H5)    -0.00    -0.00     0.00    -0.00         0.03         0.03         0.03        -0.03         0.14        -0.03
       (H4, C1, H5)    -0.00     0.00    -0.00    -0.00         0.03         0.03         0.03        -0.03        -0.03         0.14

Kinetic energy distribution matrix (normalization check: 1.0)

Internal Coordinate (C1, D2) (C1, H3) (C1, H4) (C1, H5) (D2, C1, H3) (D2, C1, H4) (D2, C1, H5) (H3, C1, H4) (H3, C1, H5) (H4, C1, H5)
           (C1, D2)     0.00    -0.00    -0.00    -0.00        -0.00        -0.00        -0.00        -0.00        -0.00        -0.00
           (C1, H3)    -0.00     0.00    -0.00    -0.00         0.00        -0.00        -0.00         0.00         0.00        -0.00
           (C1, H4)    -0.00    -0.00     0.00    -0.00        -0.00         0.00        -0.00         0.00        -0.00         0.00
           (C1, H5)    -0.00    -0.00    -0.00     0.00        -0.00        -0.00         0.00        -0.00         0.00         0.00
       (D2, C1, H3)    -0.00     0.00    -0.00    -0.00         0.19        -0.04        -0.04         0.02         0.02         0.06
       (D2, C1, H4)    -0.00    -0.00     0.00    -0.00        -0.04         0.19        -0.04         0.02         0.06         0.02
       (D2, C1, H5)    -0.00    -0.00    -0.00     0.00        -0.04        -0.04         0.19         0.06         0.02         0.02
       (H3, C1, H4)    -0.00     0.00     0.00    -0.00         0.02         0.02         0.06         0.15        -0.02        -0.02
       (H3, C1, H5)    -0.00     0.00    -0.00     0.00         0.02         0.06         0.02        -0.02         0.15        -0.02
       (H4, C1, H5)    -0.00    -0.00     0.00     0.00         0.06         0.02         0.02        -0.02        -0.02         0.15

Total energy distribution matrix (normalization check: 1.0)

Internal Coordinate (C1, D2) (C1, H3) (C1, H4) (C1, H5) (D2, C1, H3) (D2, C1, H4) (D2, C1, H5) (H3, C1, H4) (H3, C1, H5) (H4, C1, H5)
           (C1, D2)     0.00    -0.00    -0.00    -0.00        -0.00        -0.00        -0.00        -0.00        -0.00        -0.00
           (C1, H3)    -0.00     0.00     0.00     0.00         0.00        -0.00        -0.00        -0.00        -0.00         0.00
           (C1, H4)    -0.00     0.00     0.00     0.00        -0.00         0.00        -0.00        -0.00         0.00        -0.00
           (C1, H5)    -0.00     0.00     0.00     0.00        -0.00        -0.00         0.00         0.00        -0.00        -0.00
       (D2, C1, H3)    -0.00     0.00    -0.00    -0.00         0.17        -0.04        -0.04         0.02         0.02         0.04
       (D2, C1, H4)    -0.00    -0.00     0.00    -0.00        -0.04         0.17        -0.04         0.02         0.04         0.02
       (D2, C1, H5)    -0.00    -0.00    -0.00     0.00        -0.04        -0.04         0.17         0.04         0.02         0.02
       (H3, C1, H4)    -0.00    -0.00    -0.00     0.00         0.02         0.02         0.04         0.15        -0.03        -0.03
       (H3, C1, H5)    -0.00    -0.00     0.00    -0.00         0.02         0.04         0.02        -0.03         0.15        -0.03
       (H4, C1, H5)    -0.00     0.00    -0.00    -0.00         0.04         0.02         0.02        -0.03        -0.03         0.15

----- Extended Results: Exact PED, KED and TED analysis per mode -----

Normal mode at the following harmonic frequency: 1605 cm-1

Potential energy distribution matrix (normalization check: 1.0)

Internal Coordinate (C1, D2) (C1, H3) (C1, H4) (C1, H5) (D2, C1, H3) (D2, C1, H4) (D2, C1, H5) (H3, C1, H4) (H3, C1, H5) (H4, C1, H5)
           (C1, D2)     0.00     0.00    -0.00    -0.00         0.00        -0.00        -0.00         0.00         0.00        -0.00
           (C1, H3)     0.00     0.00    -0.00    -0.00         0.00         0.00         0.00        -0.00        -0.00        -0.00
           (C1, H4)    -0.00    -0.00     0.00     0.00         0.00         0.00        -0.00         0.00        -0.00        -0.00
           (C1, H5)    -0.00    -0.00     0.00     0.00         0.00        -0.00         0.00        -0.00         0.00        -0.00
       (D2, C1, H3)     0.00     0.00     0.00     0.00         0.07         0.01         0.01         0.02         0.02        -0.03
       (D2, C1, H4)    -0.00     0.00     0.00    -0.00         0.01         0.02        -0.00        -0.01        -0.01         0.02
       (D2, C1, H5)    -0.00     0.00    -0.00     0.00         0.01        -0.00         0.02        -0.01        -0.01         0.02
       (H3, C1, H4)     0.00    -0.00     0.00    -0.00         0.02        -0.01        -0.01         0.12        -0.02         0.05
       (H3, C1, H5)     0.00    -0.00    -0.00     0.00         0.02        -0.01        -0.01        -0.02         0.12         0.05
       (H4, C1, H5)    -0.00    -0.00    -0.00    -0.00        -0.03         0.02         0.02         0.05         0.05         0.47

Kinetic energy distribution matrix (normalization check: 1.0)

Internal Coordinate (C1, D2) (C1, H3) (C1, H4) (C1, H5) (D2, C1, H3) (D2, C1, H4) (D2, C1, H5) (H3, C1, H4) (H3, C1, H5) (H4, C1, H5)
           (C1, D2)     0.00     0.00    -0.00    -0.00         0.00        -0.00        -0.00         0.00         0.00        -0.00
           (C1, H3)     0.00     0.00     0.00     0.00         0.00         0.00         0.00         0.00         0.00         0.00
           (C1, H4)    -0.00     0.00     0.00    -0.00         0.00         0.00        -0.00        -0.00         0.00         0.00
           (C1, H5)    -0.00     0.00    -0.00     0.00         0.00        -0.00         0.00         0.00        -0.00         0.00
       (D2, C1, H3)     0.00     0.00     0.00     0.00         0.12         0.01         0.01         0.02         0.02        -0.10
       (D2, C1, H4)    -0.00     0.00     0.00    -0.00         0.01         0.03        -0.01        -0.01        -0.03         0.02
       (D2, C1, H5)    -0.00     0.00    -0.00     0.00         0.01        -0.01         0.03        -0.03        -0.01         0.02
       (H3, C1, H4)     0.00     0.00    -0.00     0.00         0.02        -0.01        -0.03         0.15        -0.02         0.04
       (H3, C1, H5)     0.00     0.00     0.00    -0.00         0.02        -0.03        -0.01        -0.02         0.15         0.04
       (H4, C1, H5)    -0.00     0.00     0.00     0.00        -0.10         0.02         0.02         0.04         0.04         0.61

Total energy distribution matrix (normalization check: 1.0)

Internal Coordinate (C1, D2) (C1, H3) (C1, H4) (C1, H5) (D2, C1, H3) (D2, C1, H4) (D2, C1, H5) (H3, C1, H4) (H3, C1, H5) (H4, C1, H5)
           (C1, D2)     0.00     0.00    -0.00    -0.00         0.00        -0.00        -0.00         0.00         0.00        -0.00
           (C1, H3)     0.00     0.00    -0.00    -0.00         0.00         0.00         0.00        -0.00        -0.00        -0.00
           (C1, H4)    -0.00    -0.00     0.00     0.00         0.00         0.00        -0.00         0.00        -0.00        -0.00
           (C1, H5)    -0.00    -0.00     0.00     0.00         0.00        -0.00         0.00        -0.00         0.00        -0.00
       (D2, C1, H3)     0.00     0.00     0.00     0.00         0.10         0.01         0.01         0.02         0.02        -0.07
       (D2, C1, H4)    -0.00     0.00     0.00    -0.00         0.01         0.02        -0.01        -0.01        -0.02         0.02
       (D2, C1, H5)    -0.00     0.00    -0.00     0.00         0.01        -0.01         0.02        -0.02        -0.01         0.02
       (H3, C1, H4)     0.00    -0.00     0.00    -0.00         0.02        -0.01        -0.02         0.13        -0.02         0.05
       (H3, C1, H5)     0.00    -0.00    -0.00     0.00         0.02        -0.02        -0.01        -0.02         0.13         0.05
       (H4, C1, H5)    -0.00    -0.00    -0.00    -0.00        -0.07         0.02         0.02         0.05         0.05         0.54

----- Extended Results: Exact PED, KED and TED analysis per mode -----

Normal mode at the following harmonic frequency: 1605 cm-1

Potential energy distribution matrix (normalization check: 1.0)

Internal Coordinate (C1, D2) (C1, H3) (C1, H4) (C1, H5) (D2, C1, H3) (D2, C1, H4) (D2, C1, H5) (H3, C1, H4) (H3, C1, H5) (H4, C1, H5)
           (C1, D2)     0.00     0.00    -0.00     0.00         0.00        -0.00         0.00        -0.00         0.00        -0.00
           (C1, H3)     0.00     0.00    -0.00     0.00         0.00         0.00        -0.00         0.00        -0.00        -0.00
           (C1, H4)    -0.00    -0.00     0.00    -0.00         0.00         0.00         0.00        -0.00        -0.00        -0.00
           (C1, H5)     0.00     0.00    -0.00     0.00        -0.00         0.00         0.00        -0.00        -0.00         0.00
       (D2, C1, H3)     0.00     0.00     0.00    -0.00         0.00         0.00        -0.00        -0.00         0.00        -0.00
       (D2, C1, H4)    -0.00     0.00     0.00     0.00         0.00         0.05         0.01         0.03        -0.02         0.00
       (D2, C1, H5)     0.00    -0.00     0.00     0.00        -0.00         0.01         0.05        -0.02         0.03        -0.00
       (H3, C1, H4)    -0.00     0.00    -0.00    -0.00        -0.00         0.03        -0.02         0.35         0.07        -0.00
       (H3, C1, H5)     0.00    -0.00    -0.00    -0.00         0.00        -0.02         0.03         0.07         0.35         0.00
       (H4, C1, H5)    -0.00    -0.00    -0.00     0.00        -0.00         0.00        -0.00        -0.00         0.00         0.00

Kinetic energy distribution matrix (normalization check: 1.0)

Internal Coordinate (C1, D2) (C1, H3) (C1, H4) (C1, H5) (D2, C1, H3) (D2, C1, H4) (D2, C1, H5) (H3, C1, H4) (H3, C1, H5) (H4, C1, H5)
           (C1, D2)     0.00     0.00    -0.00     0.00         0.00        -0.00         0.00        -0.00         0.00        -0.00
           (C1, H3)     0.00     0.00     0.00    -0.00         0.00         0.00        -0.00        -0.00         0.00         0.00
           (C1, H4)    -0.00     0.00     0.00     0.00         0.00         0.00         0.00         0.00         0.00         0.00
           (C1, H5)     0.00    -0.00     0.00     0.00        -0.00         0.00         0.00         0.00         0.00        -0.00
       (D2, C1, H3)     0.00     0.00     0.00    -0.00         0.00         0.00        -0.00        -0.00         0.00        -0.00
       (D2, C1, H4)    -0.00     0.00     0.00     0.00         0.00         0.09         0.02         0.02        -0.08         0.00
       (D2, C1, H5)     0.00    -0.00     0.00     0.00        -0.00         0.02         0.09        -0.08         0.02        -0.00
       (H3, C1, H4)    -0.00    -0.00     0.00     0.00        -0.00         0.02        -0.08         0.45         0.07        -0.00
       (H3, C1, H5)     0.00     0.00     0.00     0.00         0.00        -0.08         0.02         0.07         0.45         0.00
       (H4, C1, H5)    -0.00     0.00     0.00    -0.00        -0.00         0.00        -0.00        -0.00         0.00         0.00

Total energy distribution matrix (normalization check: 1.0)

Internal Coordinate (C1, D2) (C1, H3) (C1, H4) (C1, H5) (D2, C1, H3) (D2, C1, H4) (D2, C1, H5) (H3, C1, H4) (H3, C1, H5) (H4, C1, H5)
           (C1, D2)     0.00     0.00    -0.00     0.00         0.00        -0.00         0.00        -0.00         0.00        -0.00
           (C1, H3)     0.00     0.00    -0.00     0.00         0.00         0.00        -0.00         0.00        -0.00        -0.00
           (C1, H4)    -0.00    -0.00     0.00    -0.00         0.00         0.00         0.00        -0.00        -0.00        -0.00
           (C1, H5)     0.00     0.00    -0.00     0.00        -0.00         0.00         0.00        -0.00        -0.00         0.00
       (D2, C1, H3)     0.00     0.00     0.00    -0.00         0.00         0.00        -0.00        -0.00         0.00        -0.00
       (D2, C1, H4)    -0.00     0.00     0.00     0.00         0.00         0.07         0.02         0.03        -0.05         0.00
       (D2, C1, H5)     0.00    -0.00     0.00     0.00        -0.00         0.02         0.07        -0.05         0.03        -0.00
       (H3, C1, H4)    -0.00     0.00    -0.00    -0.00        -0.00         0.03        -0.05         0.40         0.07        -0.00
       (H3, C1, H5)     0.00    -0.00    -0.00    -0.00         0.00        -0.05         0.03         0.07         0.40         0.00
       (H4, C1, H5)    -0.00    -0.00    -0.00     0.00        -0.00         0.00        -0.00        -0.00         0.00         0.00

----- Extended Results: Exact PED, KED and TED analysis per mode -----

Normal mode at the following harmonic frequency: 2361 cm-1

Potential energy distribution matrix (normalization check: 1.0)

Internal Coordinate (C1, D2) (C1, H3) (C1, H4) (C1, H5) (D2, C1, H3) (D2, C1, H4) (D2, C1, H5) (H3, C1, H4) (H3, C1, H5) (H4, C1, H5)
           (C1, D2)     1.00     0.00     0.00     0.00        -0.00        -0.00        -0.00        -0.00        -0.00        -0.00
           (C1, H3)     0.00     0.00     0.00     0.00        -0.00         0.00         0.00         0.00         0.00        -0.00
           (C1, H4)     0.00     0.00     0.00     0.00         0.00        -0.00         0.00         0.00        -0.00         0.00
           (C1, H5)     0.00     0.00     0.00     0.00         0.00         0.00        -0.00        -0.00         0.00         0.00
       (D2, C1, H3)    -0.00    -0.00     0.00     0.00         0.00        -0.00        -0.00         0.00         0.00         0.00
       (D2, C1, H4)    -0.00     0.00    -0.00     0.00        -0.00         0.00        -0.00         0.00         0.00         0.00
       (D2, C1, H5)    -0.00     0.00     0.00    -0.00        -0.00        -0.00         0.00         0.00         0.00         0.00
       (H3, C1, H4)    -0.00     0.00     0.00    -0.00         0.00         0.00         0.00         0.00        -0.00        -0.00
       (H3, C1, H5)    -0.00     0.00    -0.00     0.00         0.00         0.00         0.00        -0.00         0.00        -0.00
       (H4, C1, H5)    -0.00    -0.00     0.00     0.00         0.00         0.00         0.00        -0.00        -0.00         0.00

Kinetic energy distribution matrix (normalization check: 1.0)

Internal Coordinate (C1, D2) (C1, H3) (C1, H4) (C1, H5) (D2, C1, H3) (D2, C1, H4) (D2, C1, H5) (H3, C1, H4) (H3, C1, H5) (H4, C1, H5)
           (C1, D2)     1.05     0.00     0.00     0.00        -0.00        -0.00        -0.00        -0.00        -0.00        -0.00
           (C1, H3)     0.00     0.00    -0.00    -0.00        -0.00         0.00         0.00        -0.00        -0.00         0.00
           (C1, H4)     0.00    -0.00     0.00    -0.00         0.00        -0.00         0.00        -0.00         0.00        -0.00
           (C1, H5)     0.00    -0.00    -0.00     0.00         0.00         0.00        -0.00         0.00        -0.00        -0.00
       (D2, C1, H3)    -0.00    -0.00     0.00     0.00         0.00        -0.00        -0.00         0.00         0.00         0.00
       (D2, C1, H4)    -0.00     0.00    -0.00     0.00        -0.00         0.00        -0.00         0.00         0.00         0.00
       (D2, C1, H5)    -0.00     0.00     0.00    -0.00        -0.00        -0.00         0.00         0.00         0.00         0.00
       (H3, C1, H4)    -0.00    -0.00    -0.00     0.00         0.00         0.00         0.00         0.00        -0.00        -0.00
       (H3, C1, H5)    -0.00    -0.00     0.00    -0.00         0.00         0.00         0.00        -0.00         0.00        -0.00
       (H4, C1, H5)    -0.00     0.00    -0.00    -0.00         0.00         0.00         0.00        -0.00        -0.00         0.00

Total energy distribution matrix (normalization check: 1.0)

Internal Coordinate (C1, D2) (C1, H3) (C1, H4) (C1, H5) (D2, C1, H3) (D2, C1, H4) (D2, C1, H5) (H3, C1, H4) (H3, C1, H5) (H4, C1, H5)
           (C1, D2)     1.03     0.00     0.00     0.00        -0.00        -0.00        -0.00        -0.00        -0.00        -0.00
           (C1, H3)     0.00     0.00     0.00     0.00        -0.00         0.00         0.00         0.00         0.00        -0.00
           (C1, H4)     0.00     0.00     0.00     0.00         0.00        -0.00         0.00         0.00        -0.00         0.00
           (C1, H5)     0.00     0.00     0.00     0.00         0.00         0.00        -0.00        -0.00         0.00         0.00
       (D2, C1, H3)    -0.00    -0.00     0.00     0.00         0.00        -0.00        -0.00         0.00         0.00         0.00
       (D2, C1, H4)    -0.00     0.00    -0.00     0.00        -0.00         0.00        -0.00         0.00         0.00         0.00
       (D2, C1, H5)    -0.00     0.00     0.00    -0.00        -0.00        -0.00         0.00         0.00         0.00         0.00
       (H3, C1, H4)    -0.00     0.00     0.00    -0.00         0.00         0.00         0.00         0.00        -0.00        -0.00
       (H3, C1, H5)    -0.00     0.00    -0.00     0.00         0.00         0.00         0.00        -0.00         0.00        -0.00
       (H4, C1, H5)    -0.00    -0.00     0.00     0.00         0.00         0.00         0.00        -0.00        -0.00         0.00

----- Extended Results: Exact PED, KED and TED analysis per mode -----

Normal mode at the following harmonic frequency: 3180 cm-1

Potential energy distribution matrix (normalization check: 1.0)

Internal Coordinate (C1, D2) (C1, H3) (C1, H4) (C1, H5) (D2, C1, H3) (D2, C1, H4) (D2, C1, H5) (H3, C1, H4) (H3, C1, H5) (H4, C1, H5)
           (C1, D2)     0.01    -0.00    -0.00    -0.00        -0.00        -0.00        -0.00        -0.00        -0.00        -0.00
           (C1, H3)    -0.00     0.33     0.00     0.00         0.00        -0.00        -0.00        -0.00        -0.00         0.00
           (C1, H4)    -0.00     0.00     0.33     0.00        -0.00         0.00        -0.00        -0.00         0.00        -0.00
           (C1, H5)    -0.00     0.00     0.00     0.33        -0.00        -0.00         0.00         0.00        -0.00        -0.00
       (D2, C1, H3)    -0.00     0.00    -0.00    -0.00         0.00        -0.00        -0.00         0.00         0.00         0.00
       (D2, C1, H4)    -0.00    -0.00     0.00    -0.00        -0.00         0.00        -0.00         0.00         0.00         0.00
       (D2, C1, H5)    -0.00    -0.00    -0.00     0.00        -0.00        -0.00         0.00         0.00         0.00         0.00
       (H3, C1, H4)    -0.00    -0.00    -0.00     0.00         0.00         0.00         0.00         0.00        -0.00        -0.00
       (H3, C1, H5)    -0.00    -0.00     0.00    -0.00         0.00         0.00         0.00        -0.00         0.00        -0.00
       (H4, C1, H5)    -0.00     0.00    -0.00    -0.00         0.00         0.00         0.00        -0.00        -0.00         0.00

Kinetic energy distribution matrix (normalization check: 1.0)

Internal Coordinate (C1, D2) (C1, H3) (C1, H4) (C1, H5) (D2, C1, H3) (D2, C1, H4) (D2, C1, H5) (H3, C1, H4) (H3, C1, H5) (H4, C1, H5)
           (C1, D2)     0.01    -0.00    -0.00    -0.00        -0.00        -0.00        -0.00        -0.00        -0.00        -0.00
           (C1, H3)    -0.00     0.35    -0.00    -0.00         0.00        -0.00        -0.00         0.00         0.00        -0.00
           (C1, H4)    -0.00    -0.00     0.35    -0.00        -0.00         0.00        -0.00         0.00        -0.00         0.00
           (C1, H5)    -0.00    -0.00    -0.00     0.35        -0.00        -0.00         0.00        -0.00         0.00         0.00
       (D2, C1, H3)    -0.00     0.00    -0.00    -0.00         0.00        -0.00        -0.00         0.00         0.00         0.00
       (D2, C1, H4)    -0.00    -0.00     0.00    -0.00        -0.00         0.00        -0.00         0.00         0.00         0.00
       (D2, C1, H5)    -0.00    -0.00    -0.00     0.00        -0.00        -0.00         0.00         0.00         0.00         0.00
       (H3, C1, H4)    -0.00     0.00     0.00    -0.00         0.00         0.00         0.00         0.00        -0.00        -0.00
       (H3, C1, H5)    -0.00     0.00    -0.00     0.00         0.00         0.00         0.00        -0.00         0.00        -0.00
       (H4, C1, H5)    -0.00    -0.00     0.00     0.00         0.00         0.00         0.00        -0.00        -0.00         0.00

Total energy distribution matrix (normalization check: 1.0)

Internal Coordinate (C1, D2) (C1, H3) (C1, H4) (C1, H5) (D2, C1, H3) (D2, C1, H4) (D2, C1, H5) (H3, C1, H4) (H3, C1, H5) (H4, C1, H5)
           (C1, D2)     0.01    -0.00    -0.00    -0.00        -0.00        -0.00        -0.00        -0.00        -0.00        -0.00
           (C1, H3)    -0.00     0.34     0.00     0.00         0.00        -0.00        -0.00        -0.00        -0.00         0.00
           (C1, H4)    -0.00     0.00     0.34     0.00        -0.00         0.00        -0.00        -0.00         0.00        -0.00
           (C1, H5)    -0.00     0.00     0.00     0.34        -0.00        -0.00         0.00         0.00        -0.00        -0.00
       (D2, C1, H3)    -0.00     0.00    -0.00    -0.00         0.00        -0.00        -0.00         0.00         0.00         0.00
       (D2, C1, H4)    -0.00    -0.00     0.00    -0.00        -0.00         0.00        -0.00         0.00         0.00         0.00
       (D2, C1, H5)    -0.00    -0.00    -0.00     0.00        -0.00        -0.00         0.00         0.00         0.00         0.00
       (H3, C1, H4)    -0.00    -0.00    -0.00     0.00         0.00         0.00         0.00         0.00        -0.00        -0.00
       (H3, C1, H5)    -0.00    -0.00     0.00    -0.00         0.00         0.00         0.00        -0.00         0.00        -0.00
       (H4, C1, H5)    -0.00     0.00    -0.00    -0.00         0.00         0.00         0.00        -0.00        -0.00         0.00

----- Extended Results: Exact PED, KED and TED analysis per mode -----

Normal mode at the following harmonic frequency: 3253 cm-1

Potential energy distribution matrix (normalization check: 1.0)

Internal Coordinate (C1, D2) (C1, H3) (C1, H4) (C1, H5) (D2, C1, H3) (D2, C1, H4) (D2, C1, H5) (H3, C1, H4) (H3, C1, H5) (H4, C1, H5)
           (C1, D2)     0.00     0.00    -0.00    -0.00        -0.00         0.00         0.00         0.00         0.00        -0.00
           (C1, H3)     0.00     0.68    -0.00    -0.00        -0.00        -0.00        -0.00        -0.00        -0.00        -0.00
           (C1, H4)    -0.00    -0.00     0.17     0.00        -0.00        -0.00         0.00         0.00        -0.00        -0.00
           (C1, H5)    -0.00    -0.00     0.00     0.17        -0.00         0.00        -0.00        -0.00         0.00        -0.00
       (D2, C1, H3)    -0.00    -0.00    -0.00    -0.00         0.00         0.00         0.00        -0.00        -0.00         0.00
       (D2, C1, H4)     0.00    -0.00    -0.00     0.00         0.00         0.00        -0.00         0.00         0.00        -0.00
       (D2, C1, H5)     0.00    -0.00     0.00    -0.00         0.00        -0.00         0.00         0.00         0.00        -0.00
       (H3, C1, H4)     0.00    -0.00     0.00    -0.00        -0.00         0.00         0.00         0.00        -0.00         0.00
       (H3, C1, H5)     0.00    -0.00    -0.00     0.00        -0.00         0.00         0.00        -0.00         0.00         0.00
       (H4, C1, H5)    -0.00    -0.00    -0.00    -0.00         0.00        -0.00        -0.00         0.00         0.00         0.00

Kinetic energy distribution matrix (normalization check: 1.0)

Internal Coordinate (C1, D2) (C1, H3) (C1, H4) (C1, H5) (D2, C1, H3) (D2, C1, H4) (D2, C1, H5) (H3, C1, H4) (H3, C1, H5) (H4, C1, H5)
           (C1, D2)     0.00     0.00    -0.00    -0.00        -0.00         0.00         0.00         0.00         0.00        -0.00
           (C1, H3)     0.00     0.75     0.00     0.00        -0.00        -0.00        -0.00         0.00         0.00         0.00
           (C1, H4)    -0.00     0.00     0.19    -0.00        -0.00        -0.00         0.00        -0.00         0.00         0.00
           (C1, H5)    -0.00     0.00    -0.00     0.19        -0.00         0.00        -0.00         0.00        -0.00         0.00
       (D2, C1, H3)    -0.00    -0.00    -0.00    -0.00         0.01         0.00         0.00        -0.00        -0.00         0.00
       (D2, C1, H4)     0.00    -0.00    -0.00     0.00         0.00         0.00        -0.00         0.00         0.00        -0.00
       (D2, C1, H5)     0.00    -0.00     0.00    -0.00         0.00        -0.00         0.00         0.00         0.00        -0.00
       (H3, C1, H4)     0.00     0.00    -0.00     0.00        -0.00         0.00         0.00         0.00        -0.00         0.00
       (H3, C1, H5)     0.00     0.00     0.00    -0.00        -0.00         0.00         0.00        -0.00         0.00         0.00
       (H4, C1, H5)    -0.00     0.00     0.00     0.00         0.00        -0.00        -0.00         0.00         0.00         0.00

Total energy distribution matrix (normalization check: 1.0)

Internal Coordinate (C1, D2) (C1, H3) (C1, H4) (C1, H5) (D2, C1, H3) (D2, C1, H4) (D2, C1, H5) (H3, C1, H4) (H3, C1, H5) (H4, C1, H5)
           (C1, D2)     0.00     0.00    -0.00    -0.00        -0.00         0.00         0.00         0.00         0.00        -0.00
           (C1, H3)     0.00     0.71    -0.00    -0.00        -0.00        -0.00        -0.00        -0.00        -0.00        -0.00
           (C1, H4)    -0.00    -0.00     0.18     0.00        -0.00        -0.00         0.00         0.00        -0.00        -0.00
           (C1, H5)    -0.00    -0.00     0.00     0.18        -0.00         0.00        -0.00        -0.00         0.00        -0.00
       (D2, C1, H3)    -0.00    -0.00    -0.00    -0.00         0.00         0.00         0.00        -0.00        -0.00         0.00
       (D2, C1, H4)     0.00    -0.00    -0.00     0.00         0.00         0.00        -0.00         0.00         0.00        -0.00
       (D2, C1, H5)     0.00    -0.00     0.00    -0.00         0.00        -0.00         0.00         0.00         0.00        -0.00
       (H3, C1, H4)     0.00    -0.00     0.00    -0.00        -0.00         0.00         0.00         0.00        -0.00         0.00
       (H3, C1, H5)     0.00    -0.00    -0.00     0.00        -0.00         0.00         0.00        -0.00         0.00         0.00
       (H4, C1, H5)    -0.00    -0.00    -0.00    -0.00         0.00        -0.00        -0.00         0.00         0.00         0.00

----- Extended Results: Exact PED, KED and TED analysis per mode -----

Normal mode at the following harmonic frequency: 3253 cm-1

Potential energy distribution matrix (normalization check: 1.0)

Internal Coordinate (C1, D2) (C1, H3) (C1, H4) (C1, H5) (D2, C1, H3) (D2, C1, H4) (D2, C1, H5) (H3, C1, H4) (H3, C1, H5) (H4, C1, H5)
           (C1, D2)     0.00    -0.00    -0.00     0.00         0.00         0.00        -0.00        -0.00         0.00         0.00
           (C1, H3)    -0.00     0.00     0.00    -0.00        -0.00         0.00        -0.00        -0.00         0.00        -0.00
           (C1, H4)    -0.00     0.00     0.51    -0.00         0.00        -0.00        -0.00        -0.00        -0.00         0.00
           (C1, H5)     0.00    -0.00    -0.00     0.51        -0.00        -0.00        -0.00        -0.00        -0.00        -0.00
       (D2, C1, H3)     0.00    -0.00     0.00    -0.00         0.00        -0.00         0.00        -0.00         0.00         0.00
       (D2, C1, H4)     0.00     0.00    -0.00    -0.00        -0.00         0.00         0.00        -0.00         0.00         0.00
       (D2, C1, H5)    -0.00    -0.00    -0.00    -0.00         0.00         0.00         0.00         0.00        -0.00        -0.00
       (H3, C1, H4)    -0.00    -0.00    -0.00    -0.00        -0.00        -0.00         0.00         0.00         0.00         0.00
       (H3, C1, H5)     0.00     0.00    -0.00    -0.00         0.00         0.00        -0.00         0.00         0.00        -0.00
       (H4, C1, H5)     0.00    -0.00     0.00    -0.00         0.00         0.00        -0.00         0.00        -0.00         0.00

Kinetic energy distribution matrix (normalization check: 1.0)

Internal Coordinate (C1, D2) (C1, H3) (C1, H4) (C1, H5) (D2, C1, H3) (D2, C1, H4) (D2, C1, H5) (H3, C1, H4) (H3, C1, H5) (H4, C1, H5)
           (C1, D2)     0.00    -0.00    -0.00     0.00         0.00         0.00        -0.00        -0.00         0.00         0.00
           (C1, H3)    -0.00     0.00    -0.00     0.00        -0.00         0.00        -0.00         0.00        -0.00         0.00
           (C1, H4)    -0.00    -0.00     0.57     0.00         0.00        -0.00        -0.00         0.00         0.00        -0.00
           (C1, H5)     0.00     0.00     0.00     0.57        -0.00        -0.00        -0.00         0.00         0.00         0.00
       (D2, C1, H3)     0.00    -0.00     0.00    -0.00         0.00        -0.00         0.00        -0.00         0.00         0.00
       (D2, C1, H4)     0.00     0.00    -0.00    -0.00        -0.00         0.00         0.00        -0.00         0.00         0.00
       (D2, C1, H5)    -0.00    -0.00    -0.00    -0.00         0.00         0.00         0.00         0.00        -0.00        -0.00
       (H3, C1, H4)    -0.00     0.00     0.00     0.00        -0.00        -0.00         0.00         0.00         0.00         0.00
       (H3, C1, H5)     0.00    -0.00     0.00     0.00         0.00         0.00        -0.00         0.00         0.00        -0.00
       (H4, C1, H5)     0.00     0.00    -0.00     0.00         0.00         0.00        -0.00         0.00        -0.00         0.00

Total energy distribution matrix (normalization check: 1.0)

Internal Coordinate (C1, D2) (C1, H3) (C1, H4) (C1, H5) (D2, C1, H3) (D2, C1, H4) (D2, C1, H5) (H3, C1, H4) (H3, C1, H5) (H4, C1, H5)
           (C1, D2)     0.00    -0.00    -0.00     0.00         0.00         0.00        -0.00        -0.00         0.00         0.00
           (C1, H3)    -0.00     0.00     0.00    -0.00        -0.00         0.00        -0.00        -0.00         0.00        -0.00
           (C1, H4)    -0.00     0.00     0.54    -0.00         0.00        -0.00        -0.00        -0.00        -0.00         0.00
           (C1, H5)     0.00    -0.00    -0.00     0.54        -0.00        -0.00        -0.00        -0.00        -0.00        -0.00
       (D2, C1, H3)     0.00    -0.00     0.00    -0.00         0.00        -0.00         0.00        -0.00         0.00         0.00
       (D2, C1, H4)     0.00     0.00    -0.00    -0.00        -0.00         0.00         0.00        -0.00         0.00         0.00
       (D2, C1, H5)    -0.00    -0.00    -0.00    -0.00         0.00         0.00         0.00         0.00        -0.00        -0.00
       (H3, C1, H4)    -0.00    -0.00    -0.00    -0.00        -0.00        -0.00         0.00         0.00         0.00         0.00
       (H3, C1, H5)     0.00     0.00    -0.00    -0.00         0.00         0.00        -0.00         0.00         0.00        -0.00
       (H4, C1, H5)     0.00    -0.00     0.00    -0.00         0.00         0.00        -0.00         0.00        -0.00         0.00

