 .__   __.   ______   .___  ___.   ______    _______   _______   ______   ______      .______   ____    ____ 
 |  \ |  |  /  __  \  |   \/   |  /  __  \  |       \ |   ____| /      | /  __  \     |   _  \  \   \  /   / 
 |   \|  | |  |  |  | |  \  /  | |  |  |  | |  .--.  ||  |__   |  ,----'|  |  |  |    |  |_)  |  \   \/   /  
 |  . `  | |  |  |  | |  |\/|  | |  |  |  | |  |  |  ||   __|  |  |     |  |  |  |    |   ___/    \_    _/   
 |  |\   | |  `--'  | |  |  |  | |  `--'  | |  '--'  ||  |____ |  `----.|  `--'  |  __|  |          |  |     
 |__| \__|  \______/  |__|  |__|  \______/  |_______/ |_______| \______| \______/  (__) _|          |__|     
                                                                                                             


**************************************************************************************************************
                                  Kemal Önen, Dennis F. Dinu, Klaus R. Liedl                                  
                                      Liedl Lab, University of Innsbruck                                      
**************************************************************************************************************

Non-planar system detected. Therefore out-of-plane angles are NOT used in your analysis. Note that out-of-plane angles tend to perform worse
than the other internal coordinates in terms of computational cost and in the decomposition. However they can be
useful for planar systems.

The detected point group is Td
The following equivalent atoms were found: [['H2', 'H3', 'H4', 'H5'], ['C1']] 

The following primitive internals (bonds, (in-plane) angles, linear valence angles, out-of-plane angles and torsions) were generated:
bonds: [('C1', 'H2'), ('C1', 'H4'), ('C1', 'H3'), ('C1', 'H5')]
in-plane angles: [('H2', 'C1', 'H3'), ('H2', 'C1', 'H4'), ('H2', 'C1', 'H5'), ('H3', 'C1', 'H4'), ('H3', 'C1', 'H5'),
 ('H4', 'C1', 'H5')]
linear valence-angles: []
out-of-plane angles: []
dihedrals: []

9 internal coordinates are at least needed for the decomposition scheme.


-------------------------------- Initialization of an internal coordinate set --------------------------------

The following 10 Internal Coordinates are used in your analysis:
bonds: [('C1', 'H2'), ('C1', 'H4'), ('C1', 'H3'), ('C1', 'H5')]
in-plane angles: [('H2', 'C1', 'H3'), ('H2', 'C1', 'H4'), ('H2', 'C1', 'H5'), ('H3', 'C1', 'H4'), ('H3', 'C1', 'H5'),
 ('H4', 'C1', 'H5')]
linear valence-angles: []
out-of-plane angles: []
dihedrals: []


-------------------------- Results of the Decomposition Scheme ---------------------------

1.) Intrinsic Frequencies for all normal-coordinate frequencies and
    vibrational distribution matrix (exact approximation) at the following
    harmonic frequencies (all frequency values in cm-1):

Internal Coordinate Intrinsic Frequencies  1453  1453  1453 1668 1668  3150  3253  3254  3254
           (C1, H2)               3231.27 -0.00 -0.00 -0.00 0.00 0.00  0.25  0.50  0.25  0.00
           (C1, H4)               3231.48 -0.00 -0.00 -0.00 0.00 0.00  0.25  0.00  0.25  0.50
           (C1, H3)               3231.27 -0.00 -0.00 -0.00 0.00 0.00  0.25  0.50  0.25  0.00
           (C1, H5)               3231.48 -0.00 -0.00 -0.00 0.00 0.00  0.25  0.00  0.25  0.50
       (H2, C1, H3)               1403.07  0.00  0.50  0.00 0.00 0.33 -0.00 -0.00 -0.00 -0.00
       (H2, C1, H4)               1403.07  0.25  0.00  0.25 0.25 0.08 -0.00 -0.00 -0.00 -0.00
       (H2, C1, H5)               1403.07  0.25  0.00  0.25 0.25 0.08 -0.00 -0.00 -0.00 -0.00
       (H3, C1, H4)               1403.07  0.25  0.00  0.25 0.25 0.08 -0.00 -0.00 -0.00 -0.00
       (H3, C1, H5)               1403.07  0.25  0.00  0.25 0.25 0.08 -0.00 -0.00 -0.00 -0.00
       (H4, C1, H5)               1403.08  0.00  0.50  0.00 0.00 0.33 -0.00 -0.00 -0.00  0.00

Check if matrix is normalized: 1.0

2.) Intrinsic Frequencies for all normal-coordinate frequencies and
    diagonal elements of the PED matrix at the following
    harmonic frequencies (all frequency values in cm-1):

Internal Coordinate Intrinsic Frequencies 1453 1453 1453 1668 1668 3150 3253 3254 3254
           (C1, H2)               3231.27 0.00 0.00 0.00 0.00 0.00 0.24 0.51 0.25 0.00
           (C1, H4)               3231.48 0.00 0.00 0.00 0.00 0.00 0.24 0.00 0.25 0.51
           (C1, H3)               3231.27 0.00 0.00 0.00 0.00 0.00 0.24 0.51 0.25 0.00
           (C1, H5)               3231.48 0.00 0.00 0.00 0.00 0.00 0.24 0.00 0.25 0.51
       (H2, C1, H3)               1403.07 0.00 0.43 0.00 0.00 0.27 0.00 0.00 0.00 0.00
       (H2, C1, H4)               1403.07 0.22 0.00 0.21 0.20 0.07 0.00 0.00 0.00 0.00
       (H2, C1, H5)               1403.07 0.22 0.00 0.21 0.20 0.07 0.00 0.00 0.00 0.00
       (H3, C1, H4)               1403.07 0.22 0.00 0.21 0.20 0.07 0.00 0.00 0.00 0.00
       (H3, C1, H5)               1403.07 0.22 0.00 0.21 0.20 0.07 0.00 0.00 0.00 0.00
       (H4, C1, H5)               1403.08 0.00 0.43 0.00 0.00 0.27 0.00 0.00 0.00 0.00

3.) Intrinsic Frequencies for all normal-coordinate frequencies and
    contribution table calculated from the diagonal elements of the PED at the following
    harmonic frequencies (all frequency values in cm-1):

Internal Coordinate Intrinsic Frequencies  1453  1453  1453  1668  1668  3150  3253  3254  3254
           (C1, H2)               3231.27  0.00  0.16  0.27  0.00  0.00 25.06 49.85 24.96  0.00
           (C1, H4)               3231.48  0.29  0.14  0.00  0.00  0.00 24.94  0.00 25.01 49.91
           (C1, H3)               3231.27  0.00  0.13  0.31  0.00  0.00 25.06 49.97 24.84  0.00
           (C1, H5)               3231.48  0.29  0.14  0.00  0.00  0.00 24.94  0.00 25.01 49.91
       (H2, C1, H3)               1403.07  0.00 49.59  0.11  0.00 33.33  0.00  0.00  0.09  0.00
       (H2, C1, H4)               1403.07 24.86  0.06 24.80 25.00  8.33  0.00  0.05  0.00  0.05
       (H2, C1, H5)               1403.07 24.86  0.06 24.80 25.00  8.33  0.00  0.05  0.00  0.05
       (H3, C1, H4)               1403.07 24.86  0.06 24.80 25.00  8.33  0.00  0.05  0.00  0.05
       (H3, C1, H5)               1403.07 24.86  0.06 24.80 25.00  8.33  0.00  0.05  0.00  0.05
       (H4, C1, H5)               1403.08  0.00 49.60  0.11  0.00 33.33  0.00  0.00  0.09  0.00

----- Extended Results: Exact PED, KED and TED analysis per mode -----

Normal mode at the following harmonic frequency: 1453 cm-1

Potential energy distribution matrix (normalization check: 1.0)

Internal Coordinate (C1, H2) (C1, H4) (C1, H3) (C1, H5) (H2, C1, H3) (H2, C1, H4) (H2, C1, H5) (H3, C1, H4) (H3, C1, H5) (H4, C1, H5)
           (C1, H2)     0.00    -0.00    -0.00     0.00         0.00         0.00        -0.00        -0.00         0.00         0.00
           (C1, H4)    -0.00     0.00     0.00    -0.00         0.00        -0.00        -0.00        -0.00        -0.00         0.00
           (C1, H3)    -0.00     0.00     0.00    -0.00        -0.00         0.00        -0.00        -0.00         0.00        -0.00
           (C1, H5)     0.00    -0.00    -0.00     0.00        -0.00        -0.00        -0.00        -0.00        -0.00        -0.00
       (H2, C1, H3)     0.00     0.00    -0.00    -0.00         0.00        -0.00         0.00        -0.00         0.00         0.00
       (H2, C1, H4)     0.00    -0.00     0.00    -0.00        -0.00         0.22         0.04        -0.04         0.04         0.00
       (H2, C1, H5)    -0.00    -0.00    -0.00    -0.00         0.00         0.04         0.22         0.04        -0.04        -0.00
       (H3, C1, H4)    -0.00    -0.00    -0.00    -0.00        -0.00        -0.04         0.04         0.22         0.04         0.00
       (H3, C1, H5)     0.00    -0.00     0.00    -0.00         0.00         0.04        -0.04         0.04         0.22        -0.00
       (H4, C1, H5)     0.00     0.00    -0.00    -0.00         0.00         0.00        -0.00         0.00        -0.00         0.00

Kinetic energy distribution matrix (normalization check: 1.0)

Internal Coordinate (C1, H2) (C1, H4) (C1, H3) (C1, H5) (H2, C1, H3) (H2, C1, H4) (H2, C1, H5) (H3, C1, H4) (H3, C1, H5) (H4, C1, H5)
           (C1, H2)     0.00     0.00     0.00    -0.00        -0.00        -0.00         0.00         0.00        -0.00        -0.00
           (C1, H4)     0.00     0.00    -0.00     0.00        -0.00         0.00         0.00         0.00         0.00        -0.00
           (C1, H3)     0.00    -0.00     0.00     0.00         0.00        -0.00         0.00         0.00        -0.00         0.00
           (C1, H5)    -0.00     0.00     0.00     0.00         0.00         0.00         0.00         0.00         0.00         0.00
       (H2, C1, H3)    -0.00    -0.00     0.00     0.00         0.00        -0.00         0.00        -0.00         0.00         0.00
       (H2, C1, H4)    -0.00     0.00    -0.00     0.00        -0.00         0.23         0.03        -0.03         0.09         0.00
       (H2, C1, H5)     0.00     0.00     0.00     0.00         0.00         0.03         0.23         0.09        -0.03        -0.00
       (H3, C1, H4)     0.00     0.00     0.00     0.00        -0.00        -0.03         0.09         0.23         0.03         0.00
       (H3, C1, H5)    -0.00     0.00    -0.00     0.00         0.00         0.09        -0.03         0.03         0.23        -0.00
       (H4, C1, H5)    -0.00    -0.00     0.00     0.00         0.00         0.00        -0.00         0.00        -0.00         0.00

Total energy distribution matrix (normalization check: 1.0)

Internal Coordinate (C1, H2) (C1, H4) (C1, H3) (C1, H5) (H2, C1, H3) (H2, C1, H4) (H2, C1, H5) (H3, C1, H4) (H3, C1, H5) (H4, C1, H5)
           (C1, H2)     0.00    -0.00    -0.00     0.00         0.00         0.00        -0.00        -0.00         0.00         0.00
           (C1, H4)    -0.00     0.00     0.00    -0.00         0.00        -0.00        -0.00        -0.00        -0.00         0.00
           (C1, H3)    -0.00     0.00     0.00    -0.00        -0.00         0.00        -0.00        -0.00         0.00        -0.00
           (C1, H5)     0.00    -0.00    -0.00     0.00        -0.00        -0.00        -0.00        -0.00        -0.00        -0.00
       (H2, C1, H3)     0.00     0.00    -0.00    -0.00         0.00        -0.00         0.00        -0.00         0.00         0.00
       (H2, C1, H4)     0.00    -0.00     0.00    -0.00        -0.00         0.22         0.04        -0.04         0.06         0.00
       (H2, C1, H5)    -0.00    -0.00    -0.00    -0.00         0.00         0.04         0.22         0.06        -0.04        -0.00
       (H3, C1, H4)    -0.00    -0.00    -0.00    -0.00        -0.00        -0.04         0.06         0.22         0.04         0.00
       (H3, C1, H5)     0.00    -0.00     0.00    -0.00         0.00         0.06        -0.04         0.04         0.22        -0.00
       (H4, C1, H5)     0.00     0.00    -0.00    -0.00         0.00         0.00        -0.00         0.00        -0.00         0.00

----- Extended Results: Exact PED, KED and TED analysis per mode -----

Normal mode at the following harmonic frequency: 1453 cm-1

Potential energy distribution matrix (normalization check: 1.0)

Internal Coordinate (C1, H2) (C1, H4) (C1, H3) (C1, H5) (H2, C1, H3) (H2, C1, H4) (H2, C1, H5) (H3, C1, H4) (H3, C1, H5) (H4, C1, H5)
           (C1, H2)     0.00    -0.00     0.00    -0.00        -0.00        -0.00        -0.00        -0.00        -0.00        -0.00
           (C1, H4)    -0.00     0.00    -0.00     0.00        -0.00         0.00        -0.00        -0.00         0.00        -0.00
           (C1, H3)     0.00    -0.00     0.00    -0.00        -0.00         0.00         0.00         0.00         0.00        -0.00
           (C1, H5)    -0.00     0.00    -0.00     0.00        -0.00        -0.00         0.00         0.00        -0.00        -0.00
       (H2, C1, H3)    -0.00    -0.00    -0.00    -0.00         0.43        -0.00        -0.00         0.00         0.00         0.08
       (H2, C1, H4)    -0.00     0.00     0.00    -0.00        -0.00         0.00        -0.00         0.00         0.00         0.00
       (H2, C1, H5)    -0.00    -0.00     0.00     0.00        -0.00        -0.00         0.00         0.00         0.00         0.00
       (H3, C1, H4)    -0.00    -0.00     0.00     0.00         0.00         0.00         0.00         0.00        -0.00        -0.00
       (H3, C1, H5)    -0.00     0.00     0.00    -0.00         0.00         0.00         0.00        -0.00         0.00        -0.00
       (H4, C1, H5)    -0.00    -0.00    -0.00    -0.00         0.08         0.00         0.00        -0.00        -0.00         0.43

Kinetic energy distribution matrix (normalization check: 1.0)

Internal Coordinate (C1, H2) (C1, H4) (C1, H3) (C1, H5) (H2, C1, H3) (H2, C1, H4) (H2, C1, H5) (H3, C1, H4) (H3, C1, H5) (H4, C1, H5)
           (C1, H2)     0.00     0.00    -0.00     0.00         0.00         0.00         0.00         0.00         0.00         0.00
           (C1, H4)     0.00     0.00     0.00    -0.00         0.00        -0.00         0.00         0.00        -0.00         0.00
           (C1, H3)    -0.00     0.00     0.00     0.00         0.00        -0.00        -0.00        -0.00        -0.00         0.00
           (C1, H5)     0.00    -0.00     0.00     0.00         0.00         0.00        -0.00        -0.00         0.00         0.00
       (H2, C1, H3)     0.00     0.00     0.00     0.00         0.45        -0.00        -0.00         0.00         0.00         0.18
       (H2, C1, H4)     0.00    -0.00    -0.00     0.00        -0.00         0.00        -0.00         0.00         0.00         0.00
       (H2, C1, H5)     0.00     0.00    -0.00    -0.00        -0.00        -0.00         0.00         0.00         0.00         0.00
       (H3, C1, H4)     0.00     0.00    -0.00    -0.00         0.00         0.00         0.00         0.00        -0.00        -0.00
       (H3, C1, H5)     0.00    -0.00    -0.00     0.00         0.00         0.00         0.00        -0.00         0.00        -0.00
       (H4, C1, H5)     0.00     0.00     0.00     0.00         0.18         0.00         0.00        -0.00        -0.00         0.45

Total energy distribution matrix (normalization check: 1.0)

Internal Coordinate (C1, H2) (C1, H4) (C1, H3) (C1, H5) (H2, C1, H3) (H2, C1, H4) (H2, C1, H5) (H3, C1, H4) (H3, C1, H5) (H4, C1, H5)
           (C1, H2)     0.00    -0.00     0.00    -0.00        -0.00        -0.00        -0.00        -0.00        -0.00        -0.00
           (C1, H4)    -0.00     0.00    -0.00     0.00        -0.00         0.00        -0.00        -0.00         0.00        -0.00
           (C1, H3)     0.00    -0.00     0.00    -0.00        -0.00         0.00         0.00         0.00         0.00        -0.00
           (C1, H5)    -0.00     0.00    -0.00     0.00        -0.00        -0.00         0.00         0.00        -0.00        -0.00
       (H2, C1, H3)    -0.00    -0.00    -0.00    -0.00         0.44        -0.00        -0.00         0.00         0.00         0.13
       (H2, C1, H4)    -0.00     0.00     0.00    -0.00        -0.00         0.00        -0.00         0.00         0.00         0.00
       (H2, C1, H5)    -0.00    -0.00     0.00     0.00        -0.00        -0.00         0.00         0.00         0.00         0.00
       (H3, C1, H4)    -0.00    -0.00     0.00     0.00         0.00         0.00         0.00         0.00        -0.00        -0.00
       (H3, C1, H5)    -0.00     0.00     0.00    -0.00         0.00         0.00         0.00        -0.00         0.00        -0.00
       (H4, C1, H5)    -0.00    -0.00    -0.00    -0.00         0.13         0.00         0.00        -0.00        -0.00         0.44

----- Extended Results: Exact PED, KED and TED analysis per mode -----

Normal mode at the following harmonic frequency: 1453 cm-1

Potential energy distribution matrix (normalization check: 1.0)

Internal Coordinate (C1, H2) (C1, H4) (C1, H3) (C1, H5) (H2, C1, H3) (H2, C1, H4) (H2, C1, H5) (H3, C1, H4) (H3, C1, H5) (H4, C1, H5)
           (C1, H2)     0.00     0.00    -0.00     0.00         0.00        -0.00        -0.00        -0.00        -0.00         0.00
           (C1, H4)     0.00     0.00    -0.00     0.00        -0.00        -0.00         0.00         0.00        -0.00        -0.00
           (C1, H3)    -0.00    -0.00     0.00    -0.00        -0.00        -0.00        -0.00        -0.00        -0.00        -0.00
           (C1, H5)     0.00     0.00    -0.00     0.00        -0.00         0.00        -0.00        -0.00         0.00        -0.00
       (H2, C1, H3)     0.00    -0.00    -0.00    -0.00         0.00         0.00         0.00        -0.00        -0.00         0.00
       (H2, C1, H4)    -0.00    -0.00    -0.00     0.00         0.00         0.21        -0.04         0.04         0.04        -0.00
       (H2, C1, H5)    -0.00     0.00    -0.00    -0.00         0.00        -0.04         0.21         0.04         0.04        -0.00
       (H3, C1, H4)    -0.00     0.00    -0.00    -0.00        -0.00         0.04         0.04         0.21        -0.04         0.00
       (H3, C1, H5)    -0.00    -0.00    -0.00     0.00        -0.00         0.04         0.04        -0.04         0.21         0.00
       (H4, C1, H5)     0.00    -0.00    -0.00    -0.00         0.00        -0.00        -0.00         0.00         0.00         0.00

Kinetic energy distribution matrix (normalization check: 1.0)

Internal Coordinate (C1, H2) (C1, H4) (C1, H3) (C1, H5) (H2, C1, H3) (H2, C1, H4) (H2, C1, H5) (H3, C1, H4) (H3, C1, H5) (H4, C1, H5)
           (C1, H2)     0.00    -0.00     0.00    -0.00        -0.00         0.00         0.00         0.00         0.00        -0.00
           (C1, H4)    -0.00     0.00     0.00    -0.00         0.00         0.00        -0.00        -0.00         0.00         0.00
           (C1, H3)     0.00     0.00     0.00     0.00         0.00         0.00         0.00         0.00         0.00         0.00
           (C1, H5)    -0.00    -0.00     0.00     0.00         0.00        -0.00         0.00         0.00        -0.00         0.00
       (H2, C1, H3)    -0.00     0.00     0.00     0.00         0.00         0.00         0.00        -0.00        -0.00         0.00
       (H2, C1, H4)     0.00     0.00     0.00    -0.00         0.00         0.23        -0.03         0.03         0.09        -0.00
       (H2, C1, H5)     0.00    -0.00     0.00     0.00         0.00        -0.03         0.23         0.09         0.03        -0.00
       (H3, C1, H4)     0.00    -0.00     0.00     0.00        -0.00         0.03         0.09         0.23        -0.03         0.00
       (H3, C1, H5)     0.00     0.00     0.00    -0.00        -0.00         0.09         0.03        -0.03         0.23         0.00
       (H4, C1, H5)    -0.00     0.00     0.00     0.00         0.00        -0.00        -0.00         0.00         0.00         0.00

Total energy distribution matrix (normalization check: 1.0)

Internal Coordinate (C1, H2) (C1, H4) (C1, H3) (C1, H5) (H2, C1, H3) (H2, C1, H4) (H2, C1, H5) (H3, C1, H4) (H3, C1, H5) (H4, C1, H5)
           (C1, H2)     0.00     0.00    -0.00     0.00         0.00        -0.00        -0.00        -0.00        -0.00         0.00
           (C1, H4)     0.00     0.00    -0.00     0.00        -0.00        -0.00         0.00         0.00        -0.00        -0.00
           (C1, H3)    -0.00    -0.00     0.00    -0.00        -0.00        -0.00        -0.00        -0.00        -0.00        -0.00
           (C1, H5)     0.00     0.00    -0.00     0.00        -0.00         0.00        -0.00        -0.00         0.00        -0.00
       (H2, C1, H3)     0.00    -0.00    -0.00    -0.00         0.00         0.00         0.00        -0.00        -0.00         0.00
       (H2, C1, H4)    -0.00    -0.00    -0.00     0.00         0.00         0.22        -0.04         0.04         0.06        -0.00
       (H2, C1, H5)    -0.00     0.00    -0.00    -0.00         0.00        -0.04         0.22         0.06         0.04        -0.00
       (H3, C1, H4)    -0.00     0.00    -0.00    -0.00        -0.00         0.04         0.06         0.22        -0.04         0.00
       (H3, C1, H5)    -0.00    -0.00    -0.00     0.00        -0.00         0.06         0.04        -0.04         0.22         0.00
       (H4, C1, H5)     0.00    -0.00    -0.00    -0.00         0.00        -0.00        -0.00         0.00         0.00         0.00

----- Extended Results: Exact PED, KED and TED analysis per mode -----

Normal mode at the following harmonic frequency: 1668 cm-1

Potential energy distribution matrix (normalization check: 1.0)

Internal Coordinate (C1, H2) (C1, H4) (C1, H3) (C1, H5) (H2, C1, H3) (H2, C1, H4) (H2, C1, H5) (H3, C1, H4) (H3, C1, H5) (H4, C1, H5)
           (C1, H2)     0.00    -0.00     0.00    -0.00         0.00        -0.00         0.00        -0.00         0.00        -0.00
           (C1, H4)    -0.00     0.00    -0.00     0.00         0.00         0.00         0.00        -0.00        -0.00        -0.00
           (C1, H3)     0.00    -0.00     0.00    -0.00         0.00         0.00        -0.00         0.00        -0.00        -0.00
           (C1, H5)    -0.00     0.00    -0.00     0.00         0.00        -0.00        -0.00         0.00         0.00        -0.00
       (H2, C1, H3)     0.00     0.00     0.00     0.00         0.00         0.00        -0.00        -0.00         0.00        -0.00
       (H2, C1, H4)    -0.00     0.00     0.00    -0.00         0.00         0.20         0.04         0.04        -0.04         0.00
       (H2, C1, H5)     0.00     0.00    -0.00    -0.00        -0.00         0.04         0.20        -0.04         0.04        -0.00
       (H3, C1, H4)    -0.00    -0.00     0.00     0.00        -0.00         0.04        -0.04         0.20         0.04        -0.00
       (H3, C1, H5)     0.00    -0.00    -0.00     0.00         0.00        -0.04         0.04         0.04         0.20         0.00
       (H4, C1, H5)    -0.00    -0.00    -0.00    -0.00        -0.00         0.00        -0.00        -0.00         0.00         0.00

Kinetic energy distribution matrix (normalization check: 1.0)

Internal Coordinate (C1, H2) (C1, H4) (C1, H3) (C1, H5) (H2, C1, H3) (H2, C1, H4) (H2, C1, H5) (H3, C1, H4) (H3, C1, H5) (H4, C1, H5)
           (C1, H2)     0.00     0.00    -0.00     0.00        -0.00         0.00        -0.00         0.00        -0.00         0.00
           (C1, H4)     0.00     0.00     0.00    -0.00        -0.00        -0.00        -0.00         0.00         0.00         0.00
           (C1, H3)    -0.00     0.00     0.00     0.00        -0.00        -0.00         0.00        -0.00         0.00         0.00
           (C1, H5)     0.00    -0.00     0.00     0.00        -0.00         0.00         0.00        -0.00        -0.00         0.00
       (H2, C1, H3)    -0.00    -0.00    -0.00    -0.00         0.00         0.00        -0.00        -0.00         0.00        -0.00
       (H2, C1, H4)     0.00    -0.00    -0.00     0.00         0.00         0.28         0.04         0.04        -0.11         0.00
       (H2, C1, H5)    -0.00    -0.00     0.00     0.00        -0.00         0.04         0.28        -0.11         0.04        -0.00
       (H3, C1, H4)     0.00     0.00    -0.00    -0.00        -0.00         0.04        -0.11         0.28         0.04        -0.00
       (H3, C1, H5)    -0.00     0.00     0.00    -0.00         0.00        -0.11         0.04         0.04         0.28         0.00
       (H4, C1, H5)     0.00     0.00     0.00     0.00        -0.00         0.00        -0.00        -0.00         0.00         0.00

Total energy distribution matrix (normalization check: 1.0)

Internal Coordinate (C1, H2) (C1, H4) (C1, H3) (C1, H5) (H2, C1, H3) (H2, C1, H4) (H2, C1, H5) (H3, C1, H4) (H3, C1, H5) (H4, C1, H5)
           (C1, H2)     0.00    -0.00     0.00    -0.00         0.00        -0.00         0.00        -0.00         0.00        -0.00
           (C1, H4)    -0.00     0.00    -0.00     0.00         0.00         0.00         0.00        -0.00        -0.00        -0.00
           (C1, H3)     0.00    -0.00     0.00    -0.00         0.00         0.00        -0.00         0.00        -0.00        -0.00
           (C1, H5)    -0.00     0.00    -0.00     0.00         0.00        -0.00        -0.00         0.00         0.00        -0.00
       (H2, C1, H3)     0.00     0.00     0.00     0.00         0.00         0.00        -0.00        -0.00         0.00        -0.00
       (H2, C1, H4)    -0.00     0.00     0.00    -0.00         0.00         0.24         0.04         0.04        -0.07         0.00
       (H2, C1, H5)     0.00     0.00    -0.00    -0.00        -0.00         0.04         0.24        -0.07         0.04        -0.00
       (H3, C1, H4)    -0.00    -0.00     0.00     0.00        -0.00         0.04        -0.07         0.24         0.04        -0.00
       (H3, C1, H5)     0.00    -0.00    -0.00     0.00         0.00        -0.07         0.04         0.04         0.24         0.00
       (H4, C1, H5)    -0.00    -0.00    -0.00    -0.00        -0.00         0.00        -0.00        -0.00         0.00         0.00

----- Extended Results: Exact PED, KED and TED analysis per mode -----

Normal mode at the following harmonic frequency: 1668 cm-1

Potential energy distribution matrix (normalization check: 1.0)

Internal Coordinate (C1, H2) (C1, H4) (C1, H3) (C1, H5) (H2, C1, H3) (H2, C1, H4) (H2, C1, H5) (H3, C1, H4) (H3, C1, H5) (H4, C1, H5)
           (C1, H2)     0.00    -0.00     0.00    -0.00         0.00        -0.00        -0.00         0.00         0.00        -0.00
           (C1, H4)    -0.00     0.00    -0.00     0.00         0.00         0.00        -0.00         0.00        -0.00        -0.00
           (C1, H3)     0.00    -0.00     0.00    -0.00         0.00         0.00         0.00        -0.00        -0.00        -0.00
           (C1, H5)    -0.00     0.00    -0.00     0.00         0.00        -0.00         0.00        -0.00         0.00        -0.00
       (H2, C1, H3)     0.00     0.00     0.00     0.00         0.27         0.03         0.03         0.03         0.03        -0.05
       (H2, C1, H4)    -0.00     0.00     0.00    -0.00         0.03         0.07        -0.01        -0.01        -0.01         0.03
       (H2, C1, H5)    -0.00    -0.00     0.00     0.00         0.03        -0.01         0.07        -0.01        -0.01         0.03
       (H3, C1, H4)     0.00     0.00    -0.00    -0.00         0.03        -0.01        -0.01         0.07        -0.01         0.03
       (H3, C1, H5)     0.00    -0.00    -0.00     0.00         0.03        -0.01        -0.01        -0.01         0.07         0.03
       (H4, C1, H5)    -0.00    -0.00    -0.00    -0.00        -0.05         0.03         0.03         0.03         0.03         0.27

Kinetic energy distribution matrix (normalization check: 1.0)

Internal Coordinate (C1, H2) (C1, H4) (C1, H3) (C1, H5) (H2, C1, H3) (H2, C1, H4) (H2, C1, H5) (H3, C1, H4) (H3, C1, H5) (H4, C1, H5)
           (C1, H2)     0.00     0.00    -0.00     0.00        -0.00         0.00         0.00        -0.00        -0.00         0.00
           (C1, H4)     0.00     0.00     0.00    -0.00        -0.00        -0.00         0.00        -0.00         0.00         0.00
           (C1, H3)    -0.00     0.00     0.00     0.00        -0.00        -0.00        -0.00         0.00         0.00         0.00
           (C1, H5)     0.00    -0.00     0.00     0.00        -0.00         0.00        -0.00         0.00        -0.00         0.00
       (H2, C1, H3)    -0.00    -0.00    -0.00    -0.00         0.37         0.03         0.03         0.03         0.03        -0.15
       (H2, C1, H4)     0.00    -0.00    -0.00     0.00         0.03         0.09        -0.01        -0.01        -0.04         0.03
       (H2, C1, H5)     0.00     0.00    -0.00    -0.00         0.03        -0.01         0.09        -0.04        -0.01         0.03
       (H3, C1, H4)    -0.00    -0.00     0.00     0.00         0.03        -0.01        -0.04         0.09        -0.01         0.03
       (H3, C1, H5)    -0.00     0.00     0.00    -0.00         0.03        -0.04        -0.01        -0.01         0.09         0.03
       (H4, C1, H5)     0.00     0.00     0.00     0.00        -0.15         0.03         0.03         0.03         0.03         0.37

Total energy distribution matrix (normalization check: 1.0)

Internal Coordinate (C1, H2) (C1, H4) (C1, H3) (C1, H5) (H2, C1, H3) (H2, C1, H4) (H2, C1, H5) (H3, C1, H4) (H3, C1, H5) (H4, C1, H5)
           (C1, H2)     0.00    -0.00     0.00    -0.00         0.00        -0.00        -0.00         0.00         0.00        -0.00
           (C1, H4)    -0.00     0.00    -0.00     0.00         0.00         0.00        -0.00         0.00        -0.00        -0.00
           (C1, H3)     0.00    -0.00     0.00    -0.00         0.00         0.00         0.00        -0.00        -0.00        -0.00
           (C1, H5)    -0.00     0.00    -0.00     0.00         0.00        -0.00         0.00        -0.00         0.00        -0.00
       (H2, C1, H3)     0.00     0.00     0.00     0.00         0.32         0.03         0.03         0.03         0.03        -0.10
       (H2, C1, H4)    -0.00     0.00     0.00    -0.00         0.03         0.08        -0.01        -0.01        -0.02         0.03
       (H2, C1, H5)    -0.00    -0.00     0.00     0.00         0.03        -0.01         0.08        -0.02        -0.01         0.03
       (H3, C1, H4)     0.00     0.00    -0.00    -0.00         0.03        -0.01        -0.02         0.08        -0.01         0.03
       (H3, C1, H5)     0.00    -0.00    -0.00     0.00         0.03        -0.02        -0.01        -0.01         0.08         0.03
       (H4, C1, H5)    -0.00    -0.00    -0.00    -0.00        -0.10         0.03         0.03         0.03         0.03         0.32

----- Extended Results: Exact PED, KED and TED analysis per mode -----

Normal mode at the following harmonic frequency: 3150 cm-1

Potential energy distribution matrix (normalization check: 1.0)

Internal Coordinate (C1, H2) (C1, H4) (C1, H3) (C1, H5) (H2, C1, H3) (H2, C1, H4) (H2, C1, H5) (H3, C1, H4) (H3, C1, H5) (H4, C1, H5)
           (C1, H2)     0.24     0.00     0.00     0.00        -0.00         0.00         0.00         0.00         0.00        -0.00
           (C1, H4)     0.00     0.24     0.00     0.00         0.00         0.00        -0.00        -0.00         0.00         0.00
           (C1, H3)     0.00     0.00     0.24     0.00        -0.00        -0.00        -0.00        -0.00        -0.00        -0.00
           (C1, H5)     0.00     0.00     0.00     0.24         0.00        -0.00         0.00         0.00        -0.00         0.00
       (H2, C1, H3)    -0.00     0.00    -0.00     0.00         0.00         0.00         0.00        -0.00        -0.00         0.00
       (H2, C1, H4)     0.00     0.00    -0.00    -0.00         0.00         0.00        -0.00         0.00         0.00        -0.00
       (H2, C1, H5)     0.00    -0.00    -0.00     0.00         0.00        -0.00         0.00         0.00         0.00        -0.00
       (H3, C1, H4)     0.00    -0.00    -0.00     0.00        -0.00         0.00         0.00         0.00        -0.00         0.00
       (H3, C1, H5)     0.00     0.00    -0.00    -0.00        -0.00         0.00         0.00        -0.00         0.00         0.00
       (H4, C1, H5)    -0.00     0.00    -0.00     0.00         0.00        -0.00        -0.00         0.00         0.00         0.00

Kinetic energy distribution matrix (normalization check: 1.0)

Internal Coordinate (C1, H2) (C1, H4) (C1, H3) (C1, H5) (H2, C1, H3) (H2, C1, H4) (H2, C1, H5) (H3, C1, H4) (H3, C1, H5) (H4, C1, H5)
           (C1, H2)     0.26    -0.00    -0.00    -0.00         0.00        -0.00        -0.00        -0.00        -0.00         0.00
           (C1, H4)    -0.00     0.25    -0.00    -0.00        -0.00        -0.00         0.00         0.00        -0.00        -0.00
           (C1, H3)    -0.00    -0.00     0.26    -0.00         0.00         0.00         0.00         0.00         0.00         0.00
           (C1, H5)    -0.00    -0.00    -0.00     0.25        -0.00         0.00        -0.00        -0.00         0.00        -0.00
       (H2, C1, H3)     0.00    -0.00     0.00    -0.00         0.00         0.00         0.00        -0.00        -0.00         0.00
       (H2, C1, H4)    -0.00    -0.00     0.00     0.00         0.00         0.00        -0.00         0.00         0.00        -0.00
       (H2, C1, H5)    -0.00     0.00     0.00    -0.00         0.00        -0.00         0.00         0.00         0.00        -0.00
       (H3, C1, H4)    -0.00     0.00     0.00    -0.00        -0.00         0.00         0.00         0.00        -0.00         0.00
       (H3, C1, H5)    -0.00    -0.00     0.00     0.00        -0.00         0.00         0.00        -0.00         0.00         0.00
       (H4, C1, H5)     0.00    -0.00     0.00    -0.00         0.00        -0.00        -0.00         0.00         0.00         0.00

Total energy distribution matrix (normalization check: 1.0)

Internal Coordinate (C1, H2) (C1, H4) (C1, H3) (C1, H5) (H2, C1, H3) (H2, C1, H4) (H2, C1, H5) (H3, C1, H4) (H3, C1, H5) (H4, C1, H5)
           (C1, H2)     0.25     0.00     0.00     0.00        -0.00         0.00         0.00         0.00         0.00        -0.00
           (C1, H4)     0.00     0.25     0.00     0.00         0.00         0.00        -0.00        -0.00         0.00         0.00
           (C1, H3)     0.00     0.00     0.25     0.00        -0.00        -0.00        -0.00        -0.00        -0.00        -0.00
           (C1, H5)     0.00     0.00     0.00     0.25         0.00        -0.00         0.00         0.00        -0.00         0.00
       (H2, C1, H3)    -0.00     0.00    -0.00     0.00         0.00         0.00         0.00        -0.00        -0.00         0.00
       (H2, C1, H4)     0.00     0.00    -0.00    -0.00         0.00         0.00        -0.00         0.00         0.00        -0.00
       (H2, C1, H5)     0.00    -0.00    -0.00     0.00         0.00        -0.00         0.00         0.00         0.00        -0.00
       (H3, C1, H4)     0.00    -0.00    -0.00     0.00        -0.00         0.00         0.00         0.00        -0.00         0.00
       (H3, C1, H5)     0.00     0.00    -0.00    -0.00        -0.00         0.00         0.00        -0.00         0.00         0.00
       (H4, C1, H5)    -0.00     0.00    -0.00     0.00         0.00        -0.00        -0.00         0.00         0.00         0.00

----- Extended Results: Exact PED, KED and TED analysis per mode -----

Normal mode at the following harmonic frequency: 3253 cm-1

Potential energy distribution matrix (normalization check: 1.0)

Internal Coordinate (C1, H2) (C1, H4) (C1, H3) (C1, H5) (H2, C1, H3) (H2, C1, H4) (H2, C1, H5) (H3, C1, H4) (H3, C1, H5) (H4, C1, H5)
           (C1, H2)     0.51     0.00    -0.00     0.00         0.00        -0.00        -0.00        -0.00        -0.00         0.00
           (C1, H4)     0.00     0.00    -0.00     0.00        -0.00        -0.00         0.00         0.00        -0.00        -0.00
           (C1, H3)    -0.00    -0.00     0.51    -0.00        -0.00        -0.00        -0.00        -0.00        -0.00        -0.00
           (C1, H5)     0.00     0.00    -0.00     0.00        -0.00         0.00        -0.00        -0.00         0.00        -0.00
       (H2, C1, H3)     0.00    -0.00    -0.00    -0.00         0.00         0.00         0.00        -0.00        -0.00         0.00
       (H2, C1, H4)    -0.00    -0.00    -0.00     0.00         0.00         0.00        -0.00         0.00         0.00        -0.00
       (H2, C1, H5)    -0.00     0.00    -0.00    -0.00         0.00        -0.00         0.00         0.00         0.00        -0.00
       (H3, C1, H4)    -0.00     0.00    -0.00    -0.00        -0.00         0.00         0.00         0.00        -0.00         0.00
       (H3, C1, H5)    -0.00    -0.00    -0.00     0.00        -0.00         0.00         0.00        -0.00         0.00         0.00
       (H4, C1, H5)     0.00    -0.00    -0.00    -0.00         0.00        -0.00        -0.00         0.00         0.00         0.00

Kinetic energy distribution matrix (normalization check: 1.0)

Internal Coordinate (C1, H2) (C1, H4) (C1, H3) (C1, H5) (H2, C1, H3) (H2, C1, H4) (H2, C1, H5) (H3, C1, H4) (H3, C1, H5) (H4, C1, H5)
           (C1, H2)     0.56    -0.00     0.00    -0.00        -0.00         0.00         0.00         0.00         0.00        -0.00
           (C1, H4)    -0.00     0.00     0.00    -0.00         0.00         0.00        -0.00        -0.00         0.00         0.00
           (C1, H3)     0.00     0.00     0.57     0.00         0.00         0.00         0.00         0.00         0.00         0.00
           (C1, H5)    -0.00    -0.00     0.00     0.00         0.00        -0.00         0.00         0.00        -0.00         0.00
       (H2, C1, H3)    -0.00     0.00     0.00     0.00         0.00         0.00         0.00        -0.00        -0.00         0.00
       (H2, C1, H4)     0.00     0.00     0.00    -0.00         0.00         0.00        -0.00         0.00         0.00        -0.00
       (H2, C1, H5)     0.00    -0.00     0.00     0.00         0.00        -0.00         0.00         0.00         0.00        -0.00
       (H3, C1, H4)     0.00    -0.00     0.00     0.00        -0.00         0.00         0.00         0.00        -0.00         0.00
       (H3, C1, H5)     0.00     0.00     0.00    -0.00        -0.00         0.00         0.00        -0.00         0.00         0.00
       (H4, C1, H5)    -0.00     0.00     0.00     0.00         0.00        -0.00        -0.00         0.00         0.00         0.00

Total energy distribution matrix (normalization check: 1.0)

Internal Coordinate (C1, H2) (C1, H4) (C1, H3) (C1, H5) (H2, C1, H3) (H2, C1, H4) (H2, C1, H5) (H3, C1, H4) (H3, C1, H5) (H4, C1, H5)
           (C1, H2)     0.54     0.00    -0.00     0.00         0.00        -0.00        -0.00        -0.00        -0.00         0.00
           (C1, H4)     0.00     0.00    -0.00     0.00        -0.00        -0.00         0.00         0.00        -0.00        -0.00
           (C1, H3)    -0.00    -0.00     0.54    -0.00        -0.00        -0.00        -0.00        -0.00        -0.00        -0.00
           (C1, H5)     0.00     0.00    -0.00     0.00        -0.00         0.00        -0.00        -0.00         0.00        -0.00
       (H2, C1, H3)     0.00    -0.00    -0.00    -0.00         0.00         0.00         0.00        -0.00        -0.00         0.00
       (H2, C1, H4)    -0.00    -0.00    -0.00     0.00         0.00         0.00        -0.00         0.00         0.00        -0.00
       (H2, C1, H5)    -0.00     0.00    -0.00    -0.00         0.00        -0.00         0.00         0.00         0.00        -0.00
       (H3, C1, H4)    -0.00     0.00    -0.00    -0.00        -0.00         0.00         0.00         0.00        -0.00         0.00
       (H3, C1, H5)    -0.00    -0.00    -0.00     0.00        -0.00         0.00         0.00        -0.00         0.00         0.00
       (H4, C1, H5)     0.00    -0.00    -0.00    -0.00         0.00        -0.00        -0.00         0.00         0.00         0.00

----- Extended Results: Exact PED, KED and TED analysis per mode -----

Normal mode at the following harmonic frequency: 3254 cm-1

Potential energy distribution matrix (normalization check: 1.0)

Internal Coordinate (C1, H2) (C1, H4) (C1, H3) (C1, H5) (H2, C1, H3) (H2, C1, H4) (H2, C1, H5) (H3, C1, H4) (H3, C1, H5) (H4, C1, H5)
           (C1, H2)     0.25    -0.00     0.00    -0.00        -0.00        -0.00        -0.00        -0.00        -0.00        -0.00
           (C1, H4)    -0.00     0.25    -0.00     0.00        -0.00         0.00        -0.00        -0.00         0.00        -0.00
           (C1, H3)     0.00    -0.00     0.25    -0.00        -0.00         0.00         0.00         0.00         0.00        -0.00
           (C1, H5)    -0.00     0.00    -0.00     0.25        -0.00        -0.00         0.00         0.00        -0.00        -0.00
       (H2, C1, H3)    -0.00    -0.00    -0.00    -0.00         0.00        -0.00        -0.00         0.00         0.00         0.00
       (H2, C1, H4)    -0.00     0.00     0.00    -0.00        -0.00         0.00        -0.00         0.00         0.00         0.00
       (H2, C1, H5)    -0.00    -0.00     0.00     0.00        -0.00        -0.00         0.00         0.00         0.00         0.00
       (H3, C1, H4)    -0.00    -0.00     0.00     0.00         0.00         0.00         0.00         0.00        -0.00        -0.00
       (H3, C1, H5)    -0.00     0.00     0.00    -0.00         0.00         0.00         0.00        -0.00         0.00        -0.00
       (H4, C1, H5)    -0.00    -0.00    -0.00    -0.00         0.00         0.00         0.00        -0.00        -0.00         0.00

Kinetic energy distribution matrix (normalization check: 1.0)

Internal Coordinate (C1, H2) (C1, H4) (C1, H3) (C1, H5) (H2, C1, H3) (H2, C1, H4) (H2, C1, H5) (H3, C1, H4) (H3, C1, H5) (H4, C1, H5)
           (C1, H2)     0.28     0.00    -0.00     0.00         0.00         0.00         0.00         0.00         0.00         0.00
           (C1, H4)     0.00     0.28     0.00    -0.00         0.00        -0.00         0.00         0.00        -0.00         0.00
           (C1, H3)    -0.00     0.00     0.28     0.00         0.00        -0.00        -0.00        -0.00        -0.00         0.00
           (C1, H5)     0.00    -0.00     0.00     0.28         0.00         0.00        -0.00        -0.00         0.00         0.00
       (H2, C1, H3)     0.00     0.00     0.00     0.00         0.00        -0.00        -0.00         0.00         0.00         0.00
       (H2, C1, H4)     0.00    -0.00    -0.00     0.00        -0.00         0.00        -0.00         0.00         0.00         0.00
       (H2, C1, H5)     0.00     0.00    -0.00    -0.00        -0.00        -0.00         0.00         0.00         0.00         0.00
       (H3, C1, H4)     0.00     0.00    -0.00    -0.00         0.00         0.00         0.00         0.00        -0.00        -0.00
       (H3, C1, H5)     0.00    -0.00    -0.00     0.00         0.00         0.00         0.00        -0.00         0.00        -0.00
       (H4, C1, H5)     0.00     0.00     0.00     0.00         0.00         0.00         0.00        -0.00        -0.00         0.00

Total energy distribution matrix (normalization check: 1.0)

Internal Coordinate (C1, H2) (C1, H4) (C1, H3) (C1, H5) (H2, C1, H3) (H2, C1, H4) (H2, C1, H5) (H3, C1, H4) (H3, C1, H5) (H4, C1, H5)
           (C1, H2)     0.27    -0.00     0.00    -0.00        -0.00        -0.00        -0.00        -0.00        -0.00        -0.00
           (C1, H4)    -0.00     0.27    -0.00     0.00        -0.00         0.00        -0.00        -0.00         0.00        -0.00
           (C1, H3)     0.00    -0.00     0.27    -0.00        -0.00         0.00         0.00         0.00         0.00        -0.00
           (C1, H5)    -0.00     0.00    -0.00     0.27        -0.00        -0.00         0.00         0.00        -0.00        -0.00
       (H2, C1, H3)    -0.00    -0.00    -0.00    -0.00         0.00        -0.00        -0.00         0.00         0.00         0.00
       (H2, C1, H4)    -0.00     0.00     0.00    -0.00        -0.00         0.00        -0.00         0.00         0.00         0.00
       (H2, C1, H5)    -0.00    -0.00     0.00     0.00        -0.00        -0.00         0.00         0.00         0.00         0.00
       (H3, C1, H4)    -0.00    -0.00     0.00     0.00         0.00         0.00         0.00         0.00        -0.00        -0.00
       (H3, C1, H5)    -0.00     0.00     0.00    -0.00         0.00         0.00         0.00        -0.00         0.00        -0.00
       (H4, C1, H5)    -0.00    -0.00    -0.00    -0.00         0.00         0.00         0.00        -0.00        -0.00         0.00

----- Extended Results: Exact PED, KED and TED analysis per mode -----

Normal mode at the following harmonic frequency: 3254 cm-1

Potential energy distribution matrix (normalization check: 1.0)

Internal Coordinate (C1, H2) (C1, H4) (C1, H3) (C1, H5) (H2, C1, H3) (H2, C1, H4) (H2, C1, H5) (H3, C1, H4) (H3, C1, H5) (H4, C1, H5)
           (C1, H2)     0.00    -0.00    -0.00     0.00        -0.00         0.00        -0.00        -0.00         0.00        -0.00
           (C1, H4)    -0.00     0.51     0.00    -0.00        -0.00        -0.00        -0.00        -0.00        -0.00        -0.00
           (C1, H3)    -0.00     0.00     0.00    -0.00         0.00         0.00        -0.00        -0.00         0.00         0.00
           (C1, H5)     0.00    -0.00    -0.00     0.51         0.00        -0.00        -0.00        -0.00        -0.00         0.00
       (H2, C1, H3)    -0.00    -0.00     0.00     0.00         0.00         0.00        -0.00         0.00        -0.00         0.00
       (H2, C1, H4)     0.00    -0.00     0.00    -0.00         0.00         0.00         0.00        -0.00         0.00        -0.00
       (H2, C1, H5)    -0.00    -0.00    -0.00    -0.00        -0.00         0.00         0.00         0.00        -0.00         0.00
       (H3, C1, H4)    -0.00    -0.00    -0.00    -0.00         0.00        -0.00         0.00         0.00         0.00        -0.00
       (H3, C1, H5)     0.00    -0.00     0.00    -0.00        -0.00         0.00        -0.00         0.00         0.00         0.00
       (H4, C1, H5)    -0.00    -0.00     0.00     0.00         0.00        -0.00         0.00        -0.00         0.00         0.00

Kinetic energy distribution matrix (normalization check: 1.0)

Internal Coordinate (C1, H2) (C1, H4) (C1, H3) (C1, H5) (H2, C1, H3) (H2, C1, H4) (H2, C1, H5) (H3, C1, H4) (H3, C1, H5) (H4, C1, H5)
           (C1, H2)     0.00     0.00     0.00    -0.00         0.00        -0.00         0.00         0.00        -0.00         0.00
           (C1, H4)     0.00     0.57    -0.00     0.00         0.00         0.00         0.00         0.00         0.00         0.00
           (C1, H3)     0.00    -0.00     0.00     0.00        -0.00        -0.00         0.00         0.00        -0.00        -0.00
           (C1, H5)    -0.00     0.00     0.00     0.57        -0.00         0.00         0.00         0.00         0.00        -0.00
       (H2, C1, H3)     0.00     0.00    -0.00    -0.00         0.00         0.00        -0.00         0.00        -0.00         0.00
       (H2, C1, H4)    -0.00     0.00    -0.00     0.00         0.00         0.00         0.00        -0.00         0.00        -0.00
       (H2, C1, H5)     0.00     0.00     0.00     0.00        -0.00         0.00         0.00         0.00        -0.00         0.00
       (H3, C1, H4)     0.00     0.00     0.00     0.00         0.00        -0.00         0.00         0.00         0.00        -0.00
       (H3, C1, H5)    -0.00     0.00    -0.00     0.00        -0.00         0.00        -0.00         0.00         0.00         0.00
       (H4, C1, H5)     0.00     0.00    -0.00    -0.00         0.00        -0.00         0.00        -0.00         0.00         0.00

Total energy distribution matrix (normalization check: 1.0)

Internal Coordinate (C1, H2) (C1, H4) (C1, H3) (C1, H5) (H2, C1, H3) (H2, C1, H4) (H2, C1, H5) (H3, C1, H4) (H3, C1, H5) (H4, C1, H5)
           (C1, H2)     0.00    -0.00    -0.00     0.00        -0.00         0.00        -0.00        -0.00         0.00        -0.00
           (C1, H4)    -0.00     0.54     0.00    -0.00        -0.00        -0.00        -0.00        -0.00        -0.00        -0.00
           (C1, H3)    -0.00     0.00     0.00    -0.00         0.00         0.00        -0.00        -0.00         0.00         0.00
           (C1, H5)     0.00    -0.00    -0.00     0.54         0.00        -0.00        -0.00        -0.00        -0.00         0.00
       (H2, C1, H3)    -0.00    -0.00     0.00     0.00         0.00         0.00        -0.00         0.00        -0.00         0.00
       (H2, C1, H4)     0.00    -0.00     0.00    -0.00         0.00         0.00         0.00        -0.00         0.00        -0.00
       (H2, C1, H5)    -0.00    -0.00    -0.00    -0.00        -0.00         0.00         0.00         0.00        -0.00         0.00
       (H3, C1, H4)    -0.00    -0.00    -0.00    -0.00         0.00        -0.00         0.00         0.00         0.00        -0.00
       (H3, C1, H5)     0.00    -0.00     0.00    -0.00        -0.00         0.00        -0.00         0.00         0.00         0.00
       (H4, C1, H5)    -0.00    -0.00     0.00     0.00         0.00        -0.00         0.00        -0.00         0.00         0.00

