 .__   __.   ______   .___  ___.   ______    _______   _______   ______   ______      .______   ____    ____ 
 |  \ |  |  /  __  \  |   \/   |  /  __  \  |       \ |   ____| /      | /  __  \     |   _  \  \   \  /   / 
 |   \|  | |  |  |  | |  \  /  | |  |  |  | |  .--.  ||  |__   |  ,----'|  |  |  |    |  |_)  |  \   \/   /  
 |  . `  | |  |  |  | |  |\/|  | |  |  |  | |  |  |  ||   __|  |  |     |  |  |  |    |   ___/    \_    _/   
 |  |\   | |  `--'  | |  |  |  | |  `--'  | |  '--'  ||  |____ |  `----.|  `--'  |  __|  |          |  |     
 |__| \__|  \______/  |__|  |__|  \______/  |_______/ |_______| \______| \______/  (__) _|          |__|     
                                                                                                             


**************************************************************************************************************
                         Kemal Önen, Lukas Meinschad, Dennis F. Dinu, Klaus R. Liedl                          
                                      Liedl Lab, University of Innsbruck                                      
**************************************************************************************************************

Non-planar system detected. Therefore out-of-plane angles are NOT used in your analysis. Note that out-of-plane angles tend to perform worse
than the other internal coordinates in terms of computational cost and in the decomposition. However they can be
useful for planar systems.

The detected point group is Cs
The following equivalent atoms were found: [['H1'], ['H2', 'H3'], ['H4'], ['C'], ['O']] 

The following primitive internals (bonds, (in-plane) angles, linear valence angles, out-of-plane angles and torsions) were generated:
bonds: [('C', 'H2'), ('O', 'H4'), ('C', 'H3'), ('H1', 'C'), ('C', 'O')]
in-plane angles: [('H1', 'C', 'H2'), ('H1', 'C', 'H3'), ('H1', 'C', 'O'), ('H2', 'C', 'H3'), ('H2', 'C', 'O'),
 ('H3', 'C', 'O'), ('C', 'O', 'H4')]
linear valence-angles: []
out-of-plane angles: []
dihedrals: [('H3', 'C', 'O', 'H4'), ('H1', 'C', 'O', 'H4'), ('H2', 'C', 'O', 'H4')]

12 internal coordinates are at least needed for the decomposition scheme.


-------------------------------- Initialization of an internal coordinate set --------------------------------

The following 12 Internal Coordinates are used in your analysis:
bonds: [('C', 'H2'), ('O', 'H4'), ('C', 'H3'), ('H1', 'C'), ('C', 'O')]
in-plane angles: [('H1', 'C', 'H2'), ('H1', 'C', 'H3'), ('H2', 'C', 'H3'), ('H2', 'C', 'O'), ('H3', 'C', 'O'),
 ('C', 'O', 'H4')]
linear valence-angles: []
out-of-plane angles: []
dihedrals: [('H1', 'C', 'O', 'H4')]


-------------------------- Results of the Decomposition Scheme ---------------------------

1.) Intrinsic Frequencies for all normal-coordinate frequencies and
    vibrational distribution matrix (exact approximation) at the following
    harmonic frequencies (all frequency values in cm-1):

Internal Coordinate Intrinsic Frequencies   341  1115  1148  1263  1466  1626  1652  1661  3158  3211  3289  4068
            (C, H2)               3191.64 -0.00 -0.00 -0.00 -0.00  0.00 -0.00 -0.00 -0.00  0.46  0.50  0.04  0.00
            (O, H4)               4066.58  0.00  0.00 -0.00 -0.00 -0.00  0.00  0.00 -0.00  0.00  0.00  0.00  1.00
            (C, H3)               3191.66 -0.00 -0.00 -0.00 -0.00  0.00 -0.00 -0.00 -0.00  0.46  0.50  0.04  0.00
            (H1, C)               3280.65 -0.00 -0.00 -0.00 -0.00  0.00 -0.00  0.00 -0.00  0.07  0.00  0.93  0.00
             (C, O)               1106.82  0.00  0.91  0.11  0.00 -0.00 -0.02  0.00 -0.00 -0.00 -0.00  0.00  0.00
        (H1, C, H2)               1654.35 -0.00 -0.02 -0.01  0.02 -0.04  0.48  0.48  0.09 -0.00 -0.00 -0.00 -0.00
        (H1, C, H3)               1654.35 -0.00 -0.02 -0.01  0.02 -0.04  0.48  0.48  0.09 -0.00 -0.00 -0.00 -0.00
        (H2, C, H3)               1592.28 -0.00 -0.01  0.09  0.00  0.14  0.10  0.00  0.68 -0.00 -0.00 -0.00  0.00
         (H2, C, O)               1302.76  0.00  0.04  0.24  0.48  0.18 -0.02  0.02  0.07 -0.00  0.00  0.00 -0.00
         (H3, C, O)               1302.76  0.00  0.04  0.24  0.48  0.18 -0.02  0.02  0.07 -0.00  0.00  0.00 -0.00
         (C, O, H4)               1342.71 -0.00  0.06  0.35  0.00  0.58 -0.00  0.00  0.00  0.00  0.00  0.00 -0.00
     (H1, C, O, H4)                298.78  0.95  0.00 -0.00  0.01 -0.00 -0.00 -0.01  0.00 -0.00 -0.00  0.00 -0.00

Check if matrix is normalized: 1.0

2.) Intrinsic Frequencies for all normal-coordinate frequencies and
    diagonal elements of the PED matrix at the following
    harmonic frequencies (all frequency values in cm-1):

Internal Coordinate Intrinsic Frequencies  341 1115 1148 1263 1466 1626 1652 1661 3158 3211 3289 4068
            (C, H2)               3191.64 0.00 0.00 0.00 0.00 0.00 0.00 0.00 0.00 0.46 0.51 0.04 0.00
            (O, H4)               4066.58 0.00 0.00 0.00 0.00 0.00 0.00 0.00 0.00 0.00 0.00 0.00 1.00
            (C, H3)               3191.66 0.00 0.00 0.00 0.00 0.00 0.00 0.00 0.00 0.46 0.51 0.04 0.00
            (H1, C)               3280.65 0.00 0.00 0.00 0.00 0.00 0.00 0.00 0.00 0.07 0.00 0.93 0.00
             (C, O)               1106.82 0.00 1.02 0.09 0.00 0.00 0.03 0.00 0.00 0.00 0.00 0.00 0.00
        (H1, C, H2)               1654.35 0.00 0.01 0.00 0.04 0.01 0.57 1.12 0.17 0.00 0.00 0.00 0.00
        (H1, C, H3)               1654.35 0.00 0.01 0.00 0.04 0.01 0.57 1.12 0.17 0.00 0.00 0.00 0.00
        (H2, C, H3)               1592.28 0.00 0.00 0.03 0.00 0.06 0.07 0.00 2.07 0.00 0.00 0.00 0.00
         (H2, C, O)               1302.76 0.01 0.05 0.16 1.04 0.09 0.36 0.06 0.15 0.00 0.00 0.00 0.00
         (H3, C, O)               1302.76 0.01 0.05 0.16 1.04 0.09 0.36 0.06 0.15 0.00 0.00 0.00 0.00
         (C, O, H4)               1342.71 0.00 0.14 0.38 0.00 0.54 0.00 0.00 0.00 0.00 0.00 0.00 0.00
     (H1, C, O, H4)                298.78 0.92 0.00 0.00 0.00 0.00 0.00 0.01 0.00 0.00 0.00 0.00 0.00

3.) Intrinsic Frequencies for all normal-coordinate frequencies and
    contribution table calculated from the diagonal elements of the PED at the following
    harmonic frequencies (all frequency values in cm-1):

Internal Coordinate Intrinsic Frequencies   341  1115  1148  1263  1466  1626  1652  1661  3158  3211  3289  4068
            (C, H2)               3191.64  0.05  0.03  0.01  0.00  0.00  0.04  0.12  0.06 46.34 49.62  3.79  0.00
            (O, H4)               4066.58  0.00  0.24  0.05  0.00  0.28  0.00  0.00  0.00  0.00  0.00  0.05 99.92
            (C, H3)               3191.66  0.05  0.03  0.01  0.00  0.00  0.04  0.12  0.06 46.30 49.65  3.79  0.00
            (H1, C)               3280.65  0.00  0.00  0.01  0.00  0.02  0.06  0.00  0.05  7.12  0.00 91.87  0.02
             (C, O)               1106.82  0.00 79.65 10.71  0.00  0.00  1.31  0.00  0.10  0.18  0.00  0.01  0.05
        (H1, C, H2)               1654.35  0.27  0.78  0.21  1.77  1.16 29.04 47.24  6.35  0.01  0.08  0.06  0.00
        (H1, C, H3)               1654.35  0.27  0.78  0.21  1.77  1.16 29.03 47.24  6.35  0.01  0.08  0.06  0.00
        (H2, C, H3)               1592.28  0.00  0.17  4.22  0.00  7.72  3.39  0.00 76.26  0.05  0.00  0.11  0.00
         (H2, C, O)               1302.76  1.04  3.57 19.14 48.14 11.25 18.54  2.36  5.37  0.00  0.28  0.10  0.01
         (H3, C, O)               1302.76  1.04  3.57 19.13 48.14 11.25 18.54  2.37  5.37  0.00  0.28  0.10  0.01
         (C, O, H4)               1342.71  0.00 11.19 46.28  0.00 67.16  0.01  0.00  0.03  0.00  0.00  0.06  0.00
     (H1, C, O, H4)                298.78 97.29  0.00  0.00  0.19  0.00  0.00  0.55  0.00  0.00  0.01  0.00  0.00

----- Extended Results: Exact PED, KED and TED analysis per mode -----

Normal mode at the following harmonic frequency: 341 cm-1

Potential energy distribution matrix (normalization check: 1.0)

Internal Coordinate (C, H2) (O, H4) (C, H3) (H1, C) (C, O) (H1, C, H2) (H1, C, H3) (H2, C, H3) (H2, C, O) (H3, C, O) (C, O, H4) (H1, C, O, H4)
            (C, H2)    0.00    0.00   -0.00    0.00   0.00       -0.00       -0.00       -0.00       0.00      -0.00      -0.00          -0.00
            (O, H4)    0.00    0.00   -0.00   -0.00  -0.00        0.00       -0.00        0.00      -0.00       0.00       0.00          -0.00
            (C, H3)   -0.00   -0.00    0.00   -0.00  -0.00       -0.00       -0.00        0.00      -0.00       0.00       0.00          -0.00
            (H1, C)    0.00   -0.00   -0.00    0.00   0.00       -0.00        0.00        0.00      -0.00       0.00       0.00          -0.00
             (C, O)    0.00   -0.00   -0.00    0.00   0.00        0.00       -0.00        0.00      -0.00       0.00       0.00          -0.00
        (H1, C, H2)   -0.00    0.00   -0.00   -0.00   0.00        0.00       -0.00        0.00      -0.00       0.00       0.00          -0.00
        (H1, C, H3)   -0.00   -0.00   -0.00    0.00  -0.00       -0.00        0.00       -0.00       0.00      -0.00      -0.00          -0.00
        (H2, C, H3)   -0.00    0.00    0.00    0.00   0.00        0.00       -0.00        0.00      -0.00       0.00       0.00          -0.00
         (H2, C, O)    0.00   -0.00   -0.00   -0.00  -0.00       -0.00        0.00       -0.00       0.01      -0.01      -0.00          -0.00
         (H3, C, O)   -0.00    0.00    0.00    0.00   0.00        0.00       -0.00        0.00      -0.01       0.01       0.00          -0.00
         (C, O, H4)   -0.00    0.00    0.00    0.00   0.00        0.00       -0.00        0.00      -0.00       0.00       0.00          -0.00
     (H1, C, O, H4)   -0.00   -0.00   -0.00   -0.00  -0.00       -0.00       -0.00       -0.00      -0.00      -0.00      -0.00           0.92

Kinetic energy distribution matrix (normalization check: 1.0)

Internal Coordinate (C, H2) (O, H4) (C, H3) (H1, C) (C, O) (H1, C, H2) (H1, C, H3) (H2, C, H3) (H2, C, O) (H3, C, O) (C, O, H4) (H1, C, O, H4)
            (C, H2)    0.00    0.00   -0.00   -0.00   0.00        0.00       -0.00        0.00       0.00       0.00      -0.00           0.00
            (O, H4)    0.00    0.00   -0.00   -0.00   0.00       -0.00        0.00       -0.00       0.00      -0.00      -0.00           0.00
            (C, H3)   -0.00   -0.00    0.00    0.00  -0.00       -0.00        0.00       -0.00       0.00       0.00       0.00           0.00
            (H1, C)   -0.00   -0.00    0.00    0.00   0.00        0.00       -0.00        0.00      -0.00       0.00       0.00          -0.00
             (C, O)    0.00    0.00   -0.00    0.00   0.00        0.00       -0.00        0.00      -0.00       0.00       0.00          -0.00
        (H1, C, H2)    0.00   -0.00   -0.00    0.00   0.00        0.00       -0.00        0.00      -0.00       0.00      -0.00          -0.00
        (H1, C, H3)   -0.00    0.00    0.00   -0.00  -0.00       -0.00        0.00       -0.00       0.00      -0.00       0.00          -0.00
        (H2, C, H3)    0.00   -0.00   -0.00    0.00   0.00        0.00       -0.00        0.00      -0.00       0.00      -0.00          -0.00
         (H2, C, O)    0.00    0.00    0.00   -0.00  -0.00       -0.00        0.00       -0.00       0.00      -0.00       0.00           0.00
         (H3, C, O)    0.00   -0.00    0.00    0.00   0.00        0.00       -0.00        0.00      -0.00       0.00      -0.00           0.00
         (C, O, H4)   -0.00   -0.00    0.00    0.00   0.00       -0.00        0.00       -0.00       0.00      -0.00       0.00          -0.00
     (H1, C, O, H4)    0.00    0.00    0.00   -0.00  -0.00       -0.00       -0.00       -0.00       0.00       0.00      -0.00           1.19

Total energy distribution matrix (normalization check: 1.0)

Internal Coordinate (C, H2) (O, H4) (C, H3) (H1, C) (C, O) (H1, C, H2) (H1, C, H3) (H2, C, H3) (H2, C, O) (H3, C, O) (C, O, H4) (H1, C, O, H4)
            (C, H2)    0.00    0.00   -0.00    0.00   0.00       -0.00       -0.00       -0.00       0.00      -0.00      -0.00          -0.00
            (O, H4)    0.00    0.00   -0.00   -0.00  -0.00        0.00       -0.00        0.00      -0.00       0.00       0.00          -0.00
            (C, H3)   -0.00   -0.00    0.00   -0.00  -0.00       -0.00       -0.00        0.00      -0.00       0.00       0.00          -0.00
            (H1, C)    0.00   -0.00   -0.00    0.00   0.00       -0.00        0.00        0.00      -0.00       0.00       0.00          -0.00
             (C, O)    0.00   -0.00   -0.00    0.00   0.00        0.00       -0.00        0.00      -0.00       0.00       0.00          -0.00
        (H1, C, H2)   -0.00    0.00   -0.00   -0.00   0.00        0.00       -0.00        0.00      -0.00       0.00       0.00          -0.00
        (H1, C, H3)   -0.00   -0.00   -0.00    0.00  -0.00       -0.00        0.00       -0.00       0.00      -0.00      -0.00          -0.00
        (H2, C, H3)   -0.00    0.00    0.00    0.00   0.00        0.00       -0.00        0.00      -0.00       0.00       0.00          -0.00
         (H2, C, O)    0.00   -0.00   -0.00   -0.00  -0.00       -0.00        0.00       -0.00       0.01      -0.00      -0.00           0.00
         (H3, C, O)   -0.00    0.00    0.00    0.00   0.00        0.00       -0.00        0.00      -0.00       0.01       0.00           0.00
         (C, O, H4)   -0.00    0.00    0.00    0.00   0.00        0.00       -0.00        0.00      -0.00       0.00       0.00          -0.00
     (H1, C, O, H4)   -0.00   -0.00   -0.00   -0.00  -0.00       -0.00       -0.00       -0.00       0.00       0.00      -0.00           1.06

----- Extended Results: Exact PED, KED and TED analysis per mode -----

Normal mode at the following harmonic frequency: 1115 cm-1

Potential energy distribution matrix (normalization check: 1.0)

Internal Coordinate (C, H2) (O, H4) (C, H3) (H1, C) (C, O) (H1, C, H2) (H1, C, H3) (H2, C, H3) (H2, C, O) (H3, C, O) (C, O, H4) (H1, C, O, H4)
            (C, H2)    0.00   -0.00    0.00    0.00  -0.00       -0.00        0.00       -0.00       0.00       0.00      -0.00          -0.00
            (O, H4)   -0.00    0.00   -0.00    0.00  -0.00       -0.00       -0.00       -0.00       0.00       0.00      -0.00           0.00
            (C, H3)    0.00   -0.00    0.00    0.00  -0.00        0.00       -0.00       -0.00       0.00       0.00      -0.00           0.00
            (H1, C)    0.00    0.00    0.00    0.00  -0.00       -0.00       -0.00        0.00      -0.00      -0.00       0.00          -0.00
             (C, O)   -0.00   -0.00   -0.00   -0.00   1.02       -0.02       -0.02       -0.01       0.00       0.00      -0.07           0.00
        (H1, C, H2)   -0.00   -0.00    0.00   -0.00  -0.02        0.01        0.01        0.00      -0.01      -0.01       0.00          -0.00
        (H1, C, H3)    0.00   -0.00   -0.00   -0.00  -0.02        0.01        0.01        0.00      -0.01      -0.01       0.00           0.00
        (H2, C, H3)   -0.00   -0.00   -0.00    0.00  -0.01        0.00        0.00        0.00      -0.01      -0.01       0.00          -0.00
         (H2, C, O)    0.00    0.00    0.00   -0.00   0.00       -0.01       -0.01       -0.01       0.05       0.02      -0.01          -0.00
         (H3, C, O)    0.00    0.00    0.00   -0.00   0.00       -0.01       -0.01       -0.01       0.02       0.05      -0.01           0.00
         (C, O, H4)   -0.00   -0.00   -0.00    0.00  -0.07        0.00        0.00        0.00      -0.01      -0.01       0.14          -0.00
     (H1, C, O, H4)   -0.00    0.00    0.00   -0.00   0.00       -0.00        0.00       -0.00      -0.00       0.00      -0.00           0.00

Kinetic energy distribution matrix (normalization check: 1.0)

Internal Coordinate (C, H2) (O, H4) (C, H3) (H1, C) (C, O) (H1, C, H2) (H1, C, H3) (H2, C, H3) (H2, C, O) (H3, C, O) (C, O, H4) (H1, C, O, H4)
            (C, H2)    0.00   -0.00    0.00   -0.00  -0.00        0.00        0.00        0.00       0.00      -0.00      -0.00           0.00
            (O, H4)   -0.00    0.00   -0.00    0.00   0.00        0.00        0.00        0.00      -0.00      -0.00       0.00          -0.00
            (C, H3)    0.00   -0.00    0.00   -0.00  -0.00        0.00        0.00        0.00      -0.00       0.00      -0.00          -0.00
            (H1, C)   -0.00    0.00   -0.00    0.00  -0.00        0.00        0.00        0.00      -0.00      -0.00       0.00          -0.00
             (C, O)   -0.00    0.00   -0.00   -0.00   1.03       -0.02       -0.02       -0.01       0.00       0.00      -0.04           0.00
        (H1, C, H2)    0.00    0.00    0.00    0.00  -0.02        0.01        0.00        0.00      -0.01      -0.01      -0.00          -0.00
        (H1, C, H3)    0.00    0.00    0.00    0.00  -0.02        0.00        0.01        0.00      -0.01      -0.01      -0.00           0.00
        (H2, C, H3)    0.00    0.00    0.00    0.00  -0.01        0.00        0.00        0.00      -0.01      -0.01      -0.00          -0.00
         (H2, C, O)    0.00   -0.00   -0.00   -0.00   0.00       -0.01       -0.01       -0.01       0.04       0.02       0.00           0.00
         (H3, C, O)   -0.00   -0.00    0.00   -0.00   0.00       -0.01       -0.01       -0.01       0.02       0.04       0.00          -0.00
         (C, O, H4)   -0.00    0.00   -0.00    0.00  -0.04       -0.00       -0.00       -0.00       0.00       0.00       0.12          -0.00
     (H1, C, O, H4)    0.00   -0.00   -0.00   -0.00   0.00       -0.00        0.00       -0.00       0.00      -0.00      -0.00           0.00

Total energy distribution matrix (normalization check: 1.0)

Internal Coordinate (C, H2) (O, H4) (C, H3) (H1, C) (C, O) (H1, C, H2) (H1, C, H3) (H2, C, H3) (H2, C, O) (H3, C, O) (C, O, H4) (H1, C, O, H4)
            (C, H2)    0.00   -0.00    0.00    0.00  -0.00       -0.00        0.00       -0.00       0.00      -0.00      -0.00          -0.00
            (O, H4)   -0.00    0.00   -0.00    0.00  -0.00        0.00        0.00       -0.00       0.00       0.00      -0.00          -0.00
            (C, H3)    0.00   -0.00    0.00    0.00  -0.00        0.00       -0.00       -0.00      -0.00       0.00      -0.00           0.00
            (H1, C)    0.00    0.00    0.00    0.00  -0.00        0.00        0.00        0.00      -0.00      -0.00       0.00          -0.00
             (C, O)   -0.00   -0.00   -0.00   -0.00   1.03       -0.02       -0.02       -0.01       0.00       0.00      -0.05           0.00
        (H1, C, H2)   -0.00    0.00    0.00    0.00  -0.02        0.01        0.00        0.00      -0.01      -0.01       0.00          -0.00
        (H1, C, H3)    0.00    0.00   -0.00    0.00  -0.02        0.00        0.01        0.00      -0.01      -0.01       0.00           0.00
        (H2, C, H3)   -0.00   -0.00   -0.00    0.00  -0.01        0.00        0.00        0.00      -0.01      -0.01       0.00          -0.00
         (H2, C, O)    0.00    0.00   -0.00   -0.00   0.00       -0.01       -0.01       -0.01       0.04       0.02      -0.00           0.00
         (H3, C, O)   -0.00    0.00    0.00   -0.00   0.00       -0.01       -0.01       -0.01       0.02       0.04      -0.00          -0.00
         (C, O, H4)   -0.00   -0.00   -0.00    0.00  -0.05        0.00        0.00        0.00      -0.00      -0.00       0.13          -0.00
     (H1, C, O, H4)   -0.00   -0.00    0.00   -0.00   0.00       -0.00        0.00       -0.00       0.00      -0.00      -0.00           0.00

----- Extended Results: Exact PED, KED and TED analysis per mode -----

Normal mode at the following harmonic frequency: 1148 cm-1

Potential energy distribution matrix (normalization check: 1.0)

Internal Coordinate (C, H2) (O, H4) (C, H3) (H1, C) (C, O) (H1, C, H2) (H1, C, H3) (H2, C, H3) (H2, C, O) (H3, C, O) (C, O, H4) (H1, C, O, H4)
            (C, H2)    0.00    0.00    0.00   -0.00  -0.00        0.00       -0.00       -0.00      -0.00      -0.00       0.00          -0.00
            (O, H4)    0.00    0.00    0.00    0.00   0.00       -0.00       -0.00        0.00       0.00       0.00      -0.00          -0.00
            (C, H3)    0.00    0.00    0.00   -0.00  -0.00       -0.00        0.00       -0.00      -0.00      -0.00       0.00           0.00
            (H1, C)   -0.00    0.00   -0.00    0.00   0.00       -0.00       -0.00       -0.00      -0.00      -0.00       0.00           0.00
             (C, O)   -0.00    0.00   -0.00    0.00   0.09        0.00        0.00       -0.01      -0.00      -0.00       0.03           0.00
        (H1, C, H2)    0.00   -0.00   -0.00   -0.00   0.00        0.00        0.00       -0.00      -0.01      -0.01       0.00           0.00
        (H1, C, H3)   -0.00   -0.00    0.00   -0.00   0.00        0.00        0.00       -0.00      -0.01      -0.01       0.00          -0.00
        (H2, C, H3)   -0.00    0.00   -0.00   -0.00  -0.01       -0.00       -0.00        0.03       0.04       0.04      -0.01          -0.00
         (H2, C, O)   -0.00    0.00   -0.00   -0.00  -0.00       -0.01       -0.01        0.04       0.16       0.08      -0.03           0.00
         (H3, C, O)   -0.00    0.00   -0.00   -0.00  -0.00       -0.01       -0.01        0.04       0.08       0.16      -0.03          -0.00
         (C, O, H4)    0.00   -0.00    0.00    0.00   0.03        0.00        0.00       -0.01      -0.03      -0.03       0.38           0.00
     (H1, C, O, H4)   -0.00   -0.00    0.00    0.00   0.00        0.00       -0.00       -0.00       0.00      -0.00       0.00           0.00

Kinetic energy distribution matrix (normalization check: 1.0)

Internal Coordinate (C, H2) (O, H4) (C, H3) (H1, C) (C, O) (H1, C, H2) (H1, C, H3) (H2, C, H3) (H2, C, O) (H3, C, O) (C, O, H4) (H1, C, O, H4)
            (C, H2)    0.00    0.00    0.00    0.00  -0.00       -0.00       -0.00        0.00      -0.00       0.00       0.00           0.00
            (O, H4)    0.00    0.00    0.00    0.00  -0.00        0.00        0.00       -0.00      -0.00      -0.00       0.00           0.00
            (C, H3)    0.00    0.00    0.00    0.00  -0.00       -0.00       -0.00        0.00       0.00      -0.00       0.00          -0.00
            (H1, C)    0.00    0.00    0.00    0.00   0.00        0.00        0.00       -0.00      -0.00      -0.00       0.00           0.00
             (C, O)   -0.00   -0.00   -0.00    0.00   0.09        0.00        0.00       -0.01      -0.00      -0.00       0.02           0.00
        (H1, C, H2)   -0.00    0.00   -0.00    0.00   0.00        0.00        0.00       -0.00      -0.01      -0.01      -0.00           0.00
        (H1, C, H3)   -0.00    0.00   -0.00    0.00   0.00        0.00        0.00       -0.00      -0.01      -0.01      -0.00          -0.00
        (H2, C, H3)    0.00   -0.00    0.00   -0.00  -0.01       -0.00       -0.00        0.03       0.05       0.05       0.01          -0.00
         (H2, C, O)   -0.00   -0.00    0.00   -0.00  -0.00       -0.01       -0.01        0.05       0.15       0.08       0.01          -0.00
         (H3, C, O)    0.00   -0.00   -0.00   -0.00  -0.00       -0.01       -0.01        0.05       0.08       0.15       0.01           0.00
         (C, O, H4)    0.00    0.00    0.00    0.00   0.02       -0.00       -0.00        0.01       0.01       0.01       0.35           0.00
     (H1, C, O, H4)    0.00    0.00   -0.00    0.00   0.00        0.00       -0.00       -0.00      -0.00       0.00       0.00           0.00

Total energy distribution matrix (normalization check: 1.0)

Internal Coordinate (C, H2) (O, H4) (C, H3) (H1, C) (C, O) (H1, C, H2) (H1, C, H3) (H2, C, H3) (H2, C, O) (H3, C, O) (C, O, H4) (H1, C, O, H4)
            (C, H2)    0.00    0.00    0.00   -0.00  -0.00        0.00       -0.00       -0.00      -0.00       0.00       0.00          -0.00
            (O, H4)    0.00    0.00    0.00    0.00   0.00        0.00        0.00        0.00       0.00       0.00      -0.00           0.00
            (C, H3)    0.00    0.00    0.00   -0.00  -0.00       -0.00        0.00       -0.00       0.00      -0.00       0.00           0.00
            (H1, C)   -0.00    0.00   -0.00    0.00   0.00        0.00        0.00       -0.00      -0.00      -0.00       0.00           0.00
             (C, O)   -0.00    0.00   -0.00    0.00   0.09        0.00        0.00       -0.01      -0.00      -0.00       0.03           0.00
        (H1, C, H2)    0.00    0.00   -0.00    0.00   0.00        0.00        0.00       -0.00      -0.01      -0.01       0.00           0.00
        (H1, C, H3)   -0.00    0.00    0.00    0.00   0.00        0.00        0.00       -0.00      -0.01      -0.01       0.00          -0.00
        (H2, C, H3)   -0.00    0.00   -0.00   -0.00  -0.01       -0.00       -0.00        0.03       0.05       0.05      -0.00          -0.00
         (H2, C, O)   -0.00    0.00    0.00   -0.00  -0.00       -0.01       -0.01        0.05       0.15       0.08      -0.01          -0.00
         (H3, C, O)    0.00    0.00   -0.00   -0.00  -0.00       -0.01       -0.01        0.05       0.08       0.15      -0.01           0.00
         (C, O, H4)    0.00   -0.00    0.00    0.00   0.03        0.00        0.00       -0.00      -0.01      -0.01       0.36           0.00
     (H1, C, O, H4)   -0.00    0.00    0.00    0.00   0.00        0.00       -0.00       -0.00      -0.00       0.00       0.00           0.00

----- Extended Results: Exact PED, KED and TED analysis per mode -----

Normal mode at the following harmonic frequency: 1263 cm-1

Potential energy distribution matrix (normalization check: 1.0)

Internal Coordinate (C, H2) (O, H4) (C, H3) (H1, C) (C, O) (H1, C, H2) (H1, C, H3) (H2, C, H3) (H2, C, O) (H3, C, O) (C, O, H4) (H1, C, O, H4)
            (C, H2)    0.00   -0.00   -0.00    0.00   0.00       -0.00       -0.00        0.00      -0.00       0.00      -0.00          -0.00
            (O, H4)   -0.00    0.00    0.00    0.00   0.00       -0.00        0.00        0.00      -0.00       0.00      -0.00           0.00
            (C, H3)   -0.00    0.00    0.00   -0.00  -0.00       -0.00       -0.00       -0.00       0.00      -0.00       0.00          -0.00
            (H1, C)    0.00    0.00   -0.00    0.00   0.00       -0.00        0.00       -0.00       0.00      -0.00       0.00          -0.00
             (C, O)    0.00    0.00   -0.00    0.00   0.00        0.00       -0.00       -0.00       0.00      -0.00       0.00          -0.00
        (H1, C, H2)   -0.00   -0.00   -0.00   -0.00   0.00        0.04       -0.02       -0.00       0.11      -0.11       0.00          -0.00
        (H1, C, H3)   -0.00    0.00   -0.00    0.00  -0.00       -0.02        0.04        0.00      -0.11       0.11      -0.00          -0.00
        (H2, C, H3)    0.00    0.00   -0.00   -0.00  -0.00       -0.00        0.00        0.00      -0.00       0.00      -0.00           0.00
         (H2, C, O)   -0.00   -0.00    0.00    0.00   0.00        0.11       -0.11       -0.00       1.04      -0.56       0.00           0.00
         (H3, C, O)    0.00    0.00   -0.00   -0.00  -0.00       -0.11        0.11        0.00      -0.56       1.04      -0.00           0.00
         (C, O, H4)   -0.00   -0.00    0.00    0.00   0.00        0.00       -0.00       -0.00       0.00      -0.00       0.00          -0.00
     (H1, C, O, H4)   -0.00    0.00   -0.00   -0.00  -0.00       -0.00       -0.00        0.00       0.00       0.00      -0.00           0.00

Kinetic energy distribution matrix (normalization check: 1.0)

Internal Coordinate (C, H2) (O, H4) (C, H3) (H1, C) (C, O) (H1, C, H2) (H1, C, H3) (H2, C, H3) (H2, C, O) (H3, C, O) (C, O, H4) (H1, C, O, H4)
            (C, H2)    0.00   -0.00   -0.00   -0.00   0.00        0.00       -0.00       -0.00      -0.00      -0.00      -0.00           0.00
            (O, H4)   -0.00    0.00    0.00    0.00  -0.00        0.00       -0.00       -0.00       0.00      -0.00       0.00          -0.00
            (C, H3)   -0.00    0.00    0.00    0.00  -0.00       -0.00        0.00        0.00      -0.00      -0.00       0.00           0.00
            (H1, C)   -0.00    0.00    0.00    0.00   0.00        0.00       -0.00       -0.00       0.00      -0.00       0.00          -0.00
             (C, O)    0.00   -0.00   -0.00    0.00   0.00        0.00       -0.00       -0.00       0.00      -0.00       0.00          -0.00
        (H1, C, H2)    0.00    0.00   -0.00    0.00   0.00        0.04       -0.02       -0.00       0.14      -0.10      -0.00          -0.01
        (H1, C, H3)   -0.00   -0.00    0.00   -0.00  -0.00       -0.02        0.04        0.00      -0.10       0.14       0.00          -0.01
        (H2, C, H3)   -0.00   -0.00    0.00   -0.00  -0.00       -0.00        0.00        0.00      -0.00       0.00       0.00           0.00
         (H2, C, O)   -0.00    0.00   -0.00    0.00   0.00        0.14       -0.10       -0.00       1.24      -0.62      -0.00          -0.04
         (H3, C, O)   -0.00   -0.00   -0.00   -0.00  -0.00       -0.10        0.14        0.00      -0.62       1.24       0.00          -0.04
         (C, O, H4)   -0.00    0.00    0.00    0.00   0.00       -0.00        0.00        0.00      -0.00       0.00       0.00          -0.00
     (H1, C, O, H4)    0.00   -0.00    0.00   -0.00  -0.00       -0.01       -0.01        0.00      -0.04      -0.04      -0.00           0.07

Total energy distribution matrix (normalization check: 1.0)

Internal Coordinate (C, H2) (O, H4) (C, H3) (H1, C) (C, O) (H1, C, H2) (H1, C, H3) (H2, C, H3) (H2, C, O) (H3, C, O) (C, O, H4) (H1, C, O, H4)
            (C, H2)    0.00   -0.00   -0.00    0.00   0.00       -0.00       -0.00        0.00      -0.00      -0.00      -0.00          -0.00
            (O, H4)   -0.00    0.00    0.00    0.00   0.00        0.00       -0.00        0.00      -0.00       0.00      -0.00          -0.00
            (C, H3)   -0.00    0.00    0.00   -0.00  -0.00       -0.00       -0.00       -0.00      -0.00      -0.00       0.00          -0.00
            (H1, C)    0.00    0.00   -0.00    0.00   0.00        0.00       -0.00       -0.00       0.00      -0.00       0.00          -0.00
             (C, O)    0.00    0.00   -0.00    0.00   0.00        0.00       -0.00       -0.00       0.00      -0.00       0.00          -0.00
        (H1, C, H2)   -0.00    0.00   -0.00    0.00   0.00        0.04       -0.02       -0.00       0.12      -0.10       0.00          -0.01
        (H1, C, H3)   -0.00   -0.00   -0.00   -0.00  -0.00       -0.02        0.04        0.00      -0.10       0.12      -0.00          -0.01
        (H2, C, H3)    0.00    0.00   -0.00   -0.00  -0.00       -0.00        0.00        0.00      -0.00       0.00      -0.00           0.00
         (H2, C, O)   -0.00   -0.00   -0.00    0.00   0.00        0.12       -0.10       -0.00       1.14      -0.59       0.00          -0.02
         (H3, C, O)   -0.00    0.00   -0.00   -0.00  -0.00       -0.10        0.12        0.00      -0.59       1.14      -0.00          -0.02
         (C, O, H4)   -0.00   -0.00    0.00    0.00   0.00        0.00       -0.00       -0.00       0.00      -0.00       0.00          -0.00
     (H1, C, O, H4)   -0.00   -0.00   -0.00   -0.00  -0.00       -0.01       -0.01        0.00      -0.02      -0.02      -0.00           0.04

----- Extended Results: Exact PED, KED and TED analysis per mode -----

Normal mode at the following harmonic frequency: 1466 cm-1

Potential energy distribution matrix (normalization check: 1.0)

Internal Coordinate (C, H2) (O, H4) (C, H3) (H1, C) (C, O) (H1, C, H2) (H1, C, H3) (H2, C, H3) (H2, C, O) (H3, C, O) (C, O, H4) (H1, C, O, H4)
            (C, H2)    0.00    0.00    0.00   -0.00   0.00       -0.00        0.00        0.00       0.00       0.00       0.00           0.00
            (O, H4)    0.00    0.00    0.00    0.00  -0.00        0.00        0.00       -0.00      -0.00      -0.00      -0.00           0.00
            (C, H3)    0.00    0.00    0.00   -0.00   0.00        0.00       -0.00        0.00       0.00       0.00       0.00          -0.00
            (H1, C)   -0.00    0.00   -0.00    0.00  -0.00        0.00        0.00        0.00       0.00       0.00       0.00          -0.00
             (C, O)    0.00   -0.00    0.00   -0.00   0.00        0.00        0.00       -0.00      -0.00      -0.00      -0.00           0.00
        (H1, C, H2)   -0.00    0.00    0.00    0.00   0.00        0.01        0.01       -0.01      -0.02      -0.02      -0.01           0.00
        (H1, C, H3)    0.00    0.00   -0.00    0.00   0.00        0.01        0.01       -0.01      -0.02      -0.02      -0.01          -0.00
        (H2, C, H3)    0.00   -0.00    0.00    0.00  -0.00       -0.01       -0.01        0.06       0.04       0.04       0.02          -0.00
         (H2, C, O)    0.00   -0.00    0.00    0.00  -0.00       -0.02       -0.02        0.04       0.09       0.05       0.02           0.00
         (H3, C, O)    0.00   -0.00    0.00    0.00  -0.00       -0.02       -0.02        0.04       0.05       0.09       0.02          -0.00
         (C, O, H4)    0.00   -0.00    0.00    0.00  -0.00       -0.01       -0.01        0.02       0.02       0.02       0.54          -0.00
     (H1, C, O, H4)    0.00    0.00   -0.00   -0.00   0.00        0.00       -0.00       -0.00       0.00      -0.00      -0.00           0.00

Kinetic energy distribution matrix (normalization check: 1.0)

Internal Coordinate (C, H2) (O, H4) (C, H3) (H1, C) (C, O) (H1, C, H2) (H1, C, H3) (H2, C, H3) (H2, C, O) (H3, C, O) (C, O, H4) (H1, C, O, H4)
            (C, H2)    0.00    0.00    0.00    0.00   0.00        0.00        0.00       -0.00       0.00      -0.00       0.00          -0.00
            (O, H4)    0.00    0.00    0.00    0.00   0.00       -0.00       -0.00        0.00       0.00       0.00       0.00          -0.00
            (C, H3)    0.00    0.00    0.00    0.00   0.00        0.00        0.00       -0.00      -0.00       0.00       0.00           0.00
            (H1, C)    0.00    0.00    0.00    0.00  -0.00       -0.00       -0.00        0.00       0.00       0.00       0.00          -0.00
             (C, O)    0.00    0.00    0.00   -0.00   0.00        0.00        0.00       -0.00      -0.00      -0.00      -0.00           0.00
        (H1, C, H2)    0.00   -0.00    0.00   -0.00   0.00        0.01        0.01       -0.02      -0.03      -0.02       0.00           0.00
        (H1, C, H3)    0.00   -0.00    0.00   -0.00   0.00        0.01        0.01       -0.02      -0.02      -0.03       0.00          -0.00
        (H2, C, H3)   -0.00    0.00   -0.00    0.00  -0.00       -0.02       -0.02        0.09       0.08       0.08      -0.02          -0.00
         (H2, C, O)    0.00    0.00   -0.00    0.00  -0.00       -0.03       -0.02        0.08       0.15       0.07      -0.01          -0.00
         (H3, C, O)   -0.00    0.00    0.00    0.00  -0.00       -0.02       -0.03        0.08       0.07       0.15      -0.01           0.00
         (C, O, H4)    0.00    0.00    0.00    0.00  -0.00        0.00        0.00       -0.02      -0.01      -0.01       0.80          -0.00
     (H1, C, O, H4)   -0.00   -0.00    0.00   -0.00   0.00        0.00       -0.00       -0.00      -0.00       0.00      -0.00           0.00

Total energy distribution matrix (normalization check: 1.0)

Internal Coordinate (C, H2) (O, H4) (C, H3) (H1, C) (C, O) (H1, C, H2) (H1, C, H3) (H2, C, H3) (H2, C, O) (H3, C, O) (C, O, H4) (H1, C, O, H4)
            (C, H2)    0.00    0.00    0.00   -0.00   0.00       -0.00        0.00        0.00       0.00      -0.00       0.00           0.00
            (O, H4)    0.00    0.00    0.00    0.00  -0.00       -0.00       -0.00       -0.00      -0.00      -0.00      -0.00          -0.00
            (C, H3)    0.00    0.00    0.00   -0.00   0.00        0.00       -0.00        0.00      -0.00       0.00       0.00          -0.00
            (H1, C)   -0.00    0.00   -0.00    0.00  -0.00       -0.00       -0.00        0.00       0.00       0.00       0.00          -0.00
             (C, O)    0.00   -0.00    0.00   -0.00   0.00        0.00        0.00       -0.00      -0.00      -0.00      -0.00           0.00
        (H1, C, H2)   -0.00   -0.00    0.00   -0.00   0.00        0.01        0.01       -0.02      -0.02      -0.02      -0.00           0.00
        (H1, C, H3)    0.00   -0.00   -0.00   -0.00   0.00        0.01        0.01       -0.02      -0.02      -0.02      -0.00          -0.00
        (H2, C, H3)    0.00   -0.00    0.00    0.00  -0.00       -0.02       -0.02        0.08       0.06       0.06      -0.00          -0.00
         (H2, C, O)    0.00   -0.00   -0.00    0.00  -0.00       -0.02       -0.02        0.06       0.12       0.06       0.01          -0.00
         (H3, C, O)   -0.00   -0.00    0.00    0.00  -0.00       -0.02       -0.02        0.06       0.06       0.12       0.01           0.00
         (C, O, H4)    0.00   -0.00    0.00    0.00  -0.00       -0.00       -0.00       -0.00       0.01       0.01       0.67          -0.00
     (H1, C, O, H4)    0.00   -0.00   -0.00   -0.00   0.00        0.00       -0.00       -0.00      -0.00       0.00      -0.00           0.00

----- Extended Results: Exact PED, KED and TED analysis per mode -----

Normal mode at the following harmonic frequency: 1626 cm-1

Potential energy distribution matrix (normalization check: 1.0)

Internal Coordinate (C, H2) (O, H4) (C, H3) (H1, C) (C, O) (H1, C, H2) (H1, C, H3) (H2, C, H3) (H2, C, O) (H3, C, O) (C, O, H4) (H1, C, O, H4)
            (C, H2)    0.00    0.00    0.00    0.00  -0.00       -0.00        0.00       -0.00       0.00       0.00       0.00          -0.00
            (O, H4)    0.00    0.00    0.00   -0.00   0.00        0.00        0.00        0.00      -0.00      -0.00      -0.00          -0.00
            (C, H3)    0.00    0.00    0.00    0.00  -0.00        0.00       -0.00       -0.00       0.00       0.00       0.00           0.00
            (H1, C)    0.00   -0.00    0.00    0.00  -0.00       -0.00       -0.00        0.00      -0.00      -0.00      -0.00          -0.00
             (C, O)   -0.00    0.00   -0.00   -0.00   0.03       -0.02       -0.02       -0.01       0.00       0.00       0.00           0.00
        (H1, C, H2)   -0.00    0.00    0.00   -0.00  -0.02        0.57        0.31        0.11      -0.25      -0.24      -0.00          -0.00
        (H1, C, H3)    0.00    0.00   -0.00   -0.00  -0.02        0.31        0.57        0.11      -0.24      -0.25      -0.00           0.00
        (H2, C, H3)   -0.00    0.00   -0.00    0.00  -0.01        0.11        0.11        0.07      -0.09      -0.09      -0.00          -0.00
         (H2, C, O)    0.00   -0.00    0.00   -0.00   0.00       -0.25       -0.24       -0.09       0.36       0.20       0.00          -0.00
         (H3, C, O)    0.00   -0.00    0.00   -0.00   0.00       -0.24       -0.25       -0.09       0.20       0.36       0.00           0.00
         (C, O, H4)    0.00   -0.00    0.00   -0.00   0.00       -0.00       -0.00       -0.00       0.00       0.00       0.00           0.00
     (H1, C, O, H4)   -0.00   -0.00    0.00   -0.00   0.00       -0.00        0.00       -0.00      -0.00       0.00       0.00           0.00

Kinetic energy distribution matrix (normalization check: 1.0)

Internal Coordinate (C, H2) (O, H4) (C, H3) (H1, C) (C, O) (H1, C, H2) (H1, C, H3) (H2, C, H3) (H2, C, O) (H3, C, O) (C, O, H4) (H1, C, O, H4)
            (C, H2)    0.00    0.00    0.00   -0.00  -0.00        0.00        0.00        0.00       0.00      -0.00       0.00           0.00
            (O, H4)    0.00    0.00    0.00   -0.00  -0.00       -0.00       -0.00       -0.00       0.00       0.00       0.00           0.00
            (C, H3)    0.00    0.00    0.00   -0.00  -0.00        0.00        0.00        0.00      -0.00       0.00       0.00          -0.00
            (H1, C)   -0.00   -0.00   -0.00    0.00  -0.00        0.00        0.00        0.00      -0.00      -0.00      -0.00          -0.00
             (C, O)   -0.00   -0.00   -0.00   -0.00   0.05       -0.05       -0.05       -0.02       0.00       0.00       0.00           0.00
        (H1, C, H2)    0.00   -0.00    0.00    0.00  -0.05        0.87        0.47        0.22      -0.52      -0.39       0.00          -0.00
        (H1, C, H3)    0.00   -0.00    0.00    0.00  -0.05        0.47        0.87        0.22      -0.39      -0.52       0.00           0.00
        (H2, C, H3)    0.00   -0.00    0.00    0.00  -0.02        0.22        0.22        0.12      -0.20      -0.20       0.00          -0.00
         (H2, C, O)    0.00    0.00   -0.00   -0.00   0.00       -0.52       -0.39       -0.20       0.72       0.36      -0.00           0.00
         (H3, C, O)   -0.00    0.00    0.00   -0.00   0.00       -0.39       -0.52       -0.20       0.36       0.72      -0.00          -0.00
         (C, O, H4)    0.00    0.00    0.00   -0.00   0.00        0.00        0.00        0.00      -0.00      -0.00       0.00           0.00
     (H1, C, O, H4)    0.00    0.00   -0.00   -0.00   0.00       -0.00        0.00       -0.00       0.00      -0.00       0.00           0.00

Total energy distribution matrix (normalization check: 1.0)

Internal Coordinate (C, H2) (O, H4) (C, H3) (H1, C) (C, O) (H1, C, H2) (H1, C, H3) (H2, C, H3) (H2, C, O) (H3, C, O) (C, O, H4) (H1, C, O, H4)
            (C, H2)    0.00    0.00    0.00    0.00  -0.00       -0.00        0.00       -0.00       0.00      -0.00       0.00          -0.00
            (O, H4)    0.00    0.00    0.00   -0.00  -0.00       -0.00       -0.00        0.00      -0.00      -0.00      -0.00           0.00
            (C, H3)    0.00    0.00    0.00    0.00  -0.00        0.00       -0.00       -0.00      -0.00       0.00       0.00           0.00
            (H1, C)    0.00   -0.00    0.00    0.00  -0.00        0.00        0.00        0.00      -0.00      -0.00      -0.00          -0.00
             (C, O)   -0.00   -0.00   -0.00   -0.00   0.04       -0.03       -0.03       -0.01       0.00       0.00       0.00           0.00
        (H1, C, H2)   -0.00   -0.00    0.00    0.00  -0.03        0.72        0.39        0.17      -0.39      -0.32      -0.00          -0.00
        (H1, C, H3)    0.00   -0.00   -0.00    0.00  -0.03        0.39        0.72        0.17      -0.32      -0.39      -0.00           0.00
        (H2, C, H3)   -0.00    0.00   -0.00    0.00  -0.01        0.17        0.17        0.09      -0.15      -0.15       0.00          -0.00
         (H2, C, O)    0.00   -0.00   -0.00   -0.00   0.00       -0.39       -0.32       -0.15       0.54       0.28       0.00           0.00
         (H3, C, O)   -0.00   -0.00    0.00   -0.00   0.00       -0.32       -0.39       -0.15       0.28       0.54       0.00          -0.00
         (C, O, H4)    0.00   -0.00    0.00   -0.00   0.00       -0.00       -0.00        0.00       0.00       0.00       0.00           0.00
     (H1, C, O, H4)   -0.00    0.00    0.00   -0.00   0.00       -0.00        0.00       -0.00       0.00      -0.00       0.00           0.00

----- Extended Results: Exact PED, KED and TED analysis per mode -----

Normal mode at the following harmonic frequency: 1652 cm-1

Potential energy distribution matrix (normalization check: 1.0)

Internal Coordinate (C, H2) (O, H4) (C, H3) (H1, C) (C, O) (H1, C, H2) (H1, C, H3) (H2, C, H3) (H2, C, O) (H3, C, O) (C, O, H4) (H1, C, O, H4)
            (C, H2)    0.00   -0.00   -0.00    0.00   0.00       -0.00       -0.00        0.00       0.00      -0.00       0.00          -0.00
            (O, H4)   -0.00    0.00    0.00    0.00   0.00       -0.00        0.00        0.00       0.00      -0.00       0.00           0.00
            (C, H3)   -0.00    0.00    0.00   -0.00  -0.00       -0.00       -0.00       -0.00      -0.00       0.00      -0.00          -0.00
            (H1, C)    0.00    0.00   -0.00    0.00   0.00       -0.00        0.00       -0.00      -0.00       0.00      -0.00          -0.00
             (C, O)    0.00    0.00   -0.00    0.00   0.00        0.00       -0.00       -0.00      -0.00       0.00      -0.00          -0.00
        (H1, C, H2)   -0.00   -0.00   -0.00   -0.00   0.00        1.12       -0.62       -0.00      -0.14       0.13      -0.00          -0.01
        (H1, C, H3)   -0.00    0.00   -0.00    0.00  -0.00       -0.62        1.12        0.00       0.13      -0.14       0.00          -0.01
        (H2, C, H3)    0.00    0.00   -0.00   -0.00  -0.00       -0.00        0.00        0.00       0.00      -0.00       0.00           0.00
         (H2, C, O)    0.00    0.00   -0.00   -0.00  -0.00       -0.14        0.13        0.00       0.06      -0.03       0.00          -0.00
         (H3, C, O)   -0.00   -0.00    0.00    0.00   0.00        0.13       -0.14       -0.00      -0.03       0.06      -0.00          -0.00
         (C, O, H4)    0.00    0.00   -0.00   -0.00  -0.00       -0.00        0.00        0.00       0.00      -0.00       0.00           0.00
     (H1, C, O, H4)   -0.00    0.00   -0.00   -0.00  -0.00       -0.01       -0.01        0.00      -0.00      -0.00       0.00           0.01

Kinetic energy distribution matrix (normalization check: 1.0)

Internal Coordinate (C, H2) (O, H4) (C, H3) (H1, C) (C, O) (H1, C, H2) (H1, C, H3) (H2, C, H3) (H2, C, O) (H3, C, O) (C, O, H4) (H1, C, O, H4)
            (C, H2)    0.00   -0.00   -0.00   -0.00   0.00        0.00       -0.00       -0.00       0.00       0.00       0.00           0.00
            (O, H4)   -0.00    0.00    0.00    0.00  -0.00        0.00       -0.00       -0.00      -0.00       0.00      -0.00          -0.00
            (C, H3)   -0.00    0.00    0.00    0.00  -0.00       -0.00        0.00        0.00       0.00       0.00      -0.00           0.00
            (H1, C)   -0.00    0.00    0.00    0.00   0.00        0.00       -0.00       -0.00      -0.00       0.00      -0.00          -0.00
             (C, O)    0.00   -0.00   -0.00    0.00   0.00        0.00       -0.00       -0.00      -0.00       0.00      -0.00          -0.00
        (H1, C, H2)    0.00    0.00   -0.00    0.00   0.00        1.79       -0.97       -0.00      -0.30       0.22       0.00          -0.22
        (H1, C, H3)   -0.00   -0.00    0.00   -0.00  -0.00       -0.97        1.79        0.00       0.22      -0.30      -0.00          -0.22
        (H2, C, H3)   -0.00   -0.00    0.00   -0.00  -0.00       -0.00        0.00        0.00       0.00      -0.00      -0.00           0.00
         (H2, C, O)    0.00   -0.00    0.00   -0.00  -0.00       -0.30        0.22        0.00       0.12      -0.06      -0.00           0.03
         (H3, C, O)    0.00    0.00    0.00    0.00   0.00        0.22       -0.30       -0.00      -0.06       0.12       0.00           0.03
         (C, O, H4)    0.00   -0.00   -0.00   -0.00  -0.00        0.00       -0.00       -0.00      -0.00       0.00       0.00           0.00
     (H1, C, O, H4)    0.00   -0.00    0.00   -0.00  -0.00       -0.22       -0.22        0.00       0.03       0.03       0.00           0.40

Total energy distribution matrix (normalization check: 1.0)

Internal Coordinate (C, H2) (O, H4) (C, H3) (H1, C) (C, O) (H1, C, H2) (H1, C, H3) (H2, C, H3) (H2, C, O) (H3, C, O) (C, O, H4) (H1, C, O, H4)
            (C, H2)    0.00   -0.00   -0.00    0.00   0.00       -0.00       -0.00        0.00       0.00       0.00       0.00          -0.00
            (O, H4)   -0.00    0.00    0.00    0.00  -0.00        0.00       -0.00        0.00       0.00      -0.00       0.00          -0.00
            (C, H3)   -0.00    0.00    0.00   -0.00  -0.00       -0.00       -0.00       -0.00       0.00       0.00      -0.00          -0.00
            (H1, C)    0.00    0.00   -0.00    0.00   0.00        0.00       -0.00       -0.00      -0.00       0.00      -0.00          -0.00
             (C, O)    0.00   -0.00   -0.00    0.00   0.00        0.00       -0.00       -0.00      -0.00       0.00      -0.00          -0.00
        (H1, C, H2)   -0.00    0.00   -0.00    0.00   0.00        1.46       -0.80       -0.00      -0.22       0.18      -0.00          -0.12
        (H1, C, H3)   -0.00   -0.00   -0.00   -0.00  -0.00       -0.80        1.46        0.00       0.18      -0.22       0.00          -0.12
        (H2, C, H3)    0.00    0.00   -0.00   -0.00  -0.00       -0.00        0.00        0.00       0.00      -0.00      -0.00           0.00
         (H2, C, O)    0.00    0.00    0.00   -0.00  -0.00       -0.22        0.18        0.00       0.09      -0.04       0.00           0.01
         (H3, C, O)    0.00   -0.00    0.00    0.00   0.00        0.18       -0.22       -0.00      -0.04       0.09      -0.00           0.01
         (C, O, H4)    0.00    0.00   -0.00   -0.00  -0.00       -0.00        0.00       -0.00       0.00      -0.00       0.00           0.00
     (H1, C, O, H4)   -0.00   -0.00   -0.00   -0.00  -0.00       -0.12       -0.12        0.00       0.01       0.01       0.00           0.21

----- Extended Results: Exact PED, KED and TED analysis per mode -----

Normal mode at the following harmonic frequency: 1661 cm-1

Potential energy distribution matrix (normalization check: 1.0)

Internal Coordinate (C, H2) (O, H4) (C, H3) (H1, C) (C, O) (H1, C, H2) (H1, C, H3) (H2, C, H3) (H2, C, O) (H3, C, O) (C, O, H4) (H1, C, O, H4)
            (C, H2)    0.00    0.00    0.00   -0.00  -0.00        0.00       -0.00       -0.00       0.00       0.00       0.00           0.00
            (O, H4)    0.00    0.00    0.00    0.00   0.00       -0.00       -0.00        0.00      -0.00      -0.00      -0.00           0.00
            (C, H3)    0.00    0.00    0.00   -0.00  -0.00       -0.00        0.00       -0.00       0.00       0.00       0.00          -0.00
            (H1, C)   -0.00    0.00   -0.00    0.00   0.00       -0.00       -0.00       -0.00       0.00       0.00       0.00          -0.00
             (C, O)   -0.00    0.00   -0.00    0.00   0.00        0.00        0.00       -0.01       0.00       0.00       0.00          -0.00
        (H1, C, H2)    0.00   -0.00   -0.00   -0.00   0.00        0.17        0.10       -0.35       0.09       0.08       0.00          -0.00
        (H1, C, H3)   -0.00   -0.00    0.00   -0.00   0.00        0.10        0.17       -0.35       0.08       0.09       0.00           0.00
        (H2, C, H3)   -0.00    0.00   -0.00   -0.00  -0.01       -0.35       -0.35        2.07      -0.33      -0.33      -0.00           0.00
         (H2, C, O)    0.00   -0.00    0.00    0.00   0.00        0.09        0.08       -0.33       0.15       0.08       0.00           0.00
         (H3, C, O)    0.00   -0.00    0.00    0.00   0.00        0.08        0.09       -0.33       0.08       0.15       0.00          -0.00
         (C, O, H4)    0.00   -0.00    0.00    0.00   0.00        0.00        0.00       -0.00       0.00       0.00       0.00          -0.00
     (H1, C, O, H4)    0.00    0.00   -0.00   -0.00  -0.00       -0.00        0.00        0.00       0.00      -0.00      -0.00           0.00

Kinetic energy distribution matrix (normalization check: 1.0)

Internal Coordinate (C, H2) (O, H4) (C, H3) (H1, C) (C, O) (H1, C, H2) (H1, C, H3) (H2, C, H3) (H2, C, O) (H3, C, O) (C, O, H4) (H1, C, O, H4)
            (C, H2)    0.00    0.00    0.00    0.00  -0.00       -0.00       -0.00        0.00       0.00      -0.00       0.00          -0.00
            (O, H4)    0.00    0.00    0.00    0.00  -0.00        0.00        0.00       -0.00       0.00       0.00       0.00          -0.00
            (C, H3)    0.00    0.00    0.00    0.00  -0.00       -0.00       -0.00        0.00      -0.00       0.00       0.00           0.00
            (H1, C)    0.00    0.00    0.00    0.00   0.00        0.00        0.00       -0.00       0.00       0.00       0.00          -0.00
             (C, O)   -0.00   -0.00   -0.00    0.00   0.01        0.01        0.01       -0.03       0.00       0.00       0.00          -0.00
        (H1, C, H2)   -0.00    0.00   -0.00    0.00   0.01        0.28        0.15       -0.71       0.19       0.14      -0.00          -0.00
        (H1, C, H3)   -0.00    0.00   -0.00    0.00   0.01        0.15        0.28       -0.71       0.14       0.19      -0.00           0.00
        (H2, C, H3)    0.00   -0.00    0.00   -0.00  -0.03       -0.71       -0.71        3.83      -0.75      -0.75       0.01           0.00
         (H2, C, O)    0.00    0.00   -0.00    0.00   0.00        0.19        0.14       -0.75       0.30       0.15      -0.00          -0.00
         (H3, C, O)   -0.00    0.00    0.00    0.00   0.00        0.14        0.19       -0.75       0.15       0.30      -0.00           0.00
         (C, O, H4)    0.00    0.00    0.00    0.00   0.00       -0.00       -0.00        0.01      -0.00      -0.00       0.00          -0.00
     (H1, C, O, H4)   -0.00   -0.00    0.00   -0.00  -0.00       -0.00        0.00        0.00      -0.00       0.00      -0.00           0.00

Total energy distribution matrix (normalization check: 1.0)

Internal Coordinate (C, H2) (O, H4) (C, H3) (H1, C) (C, O) (H1, C, H2) (H1, C, H3) (H2, C, H3) (H2, C, O) (H3, C, O) (C, O, H4) (H1, C, O, H4)
            (C, H2)    0.00    0.00    0.00   -0.00  -0.00        0.00       -0.00       -0.00       0.00      -0.00       0.00           0.00
            (O, H4)    0.00    0.00    0.00    0.00  -0.00        0.00        0.00       -0.00      -0.00      -0.00      -0.00          -0.00
            (C, H3)    0.00    0.00    0.00   -0.00  -0.00       -0.00        0.00       -0.00      -0.00       0.00       0.00          -0.00
            (H1, C)   -0.00    0.00   -0.00    0.00   0.00        0.00        0.00       -0.00       0.00       0.00       0.00          -0.00
             (C, O)   -0.00   -0.00   -0.00    0.00   0.00        0.01        0.01       -0.02       0.00       0.00       0.00          -0.00
        (H1, C, H2)    0.00    0.00   -0.00    0.00   0.01        0.22        0.12       -0.53       0.14       0.11       0.00          -0.00
        (H1, C, H3)   -0.00    0.00    0.00    0.00   0.01        0.12        0.22       -0.53       0.11       0.14       0.00           0.00
        (H2, C, H3)   -0.00   -0.00   -0.00   -0.00  -0.02       -0.53       -0.53        2.95      -0.54      -0.54       0.00           0.00
         (H2, C, O)    0.00   -0.00   -0.00    0.00   0.00        0.14        0.11       -0.54       0.22       0.11       0.00          -0.00
         (H3, C, O)   -0.00   -0.00    0.00    0.00   0.00        0.11        0.14       -0.54       0.11       0.22       0.00           0.00
         (C, O, H4)    0.00   -0.00    0.00    0.00   0.00        0.00        0.00        0.00       0.00       0.00       0.00          -0.00
     (H1, C, O, H4)    0.00   -0.00   -0.00   -0.00  -0.00       -0.00        0.00        0.00      -0.00       0.00      -0.00           0.00

----- Extended Results: Exact PED, KED and TED analysis per mode -----

Normal mode at the following harmonic frequency: 3158 cm-1

Potential energy distribution matrix (normalization check: 1.0)

Internal Coordinate (C, H2) (O, H4) (C, H3) (H1, C) (C, O) (H1, C, H2) (H1, C, H3) (H2, C, H3) (H2, C, O) (H3, C, O) (C, O, H4) (H1, C, O, H4)
            (C, H2)    0.46   -0.00    0.01    0.00  -0.00       -0.00        0.00       -0.00       0.00       0.00      -0.00          -0.00
            (O, H4)   -0.00    0.00   -0.00    0.00  -0.00       -0.00       -0.00       -0.00       0.00       0.00      -0.00           0.00
            (C, H3)    0.01   -0.00    0.46    0.00  -0.00        0.00       -0.00       -0.00       0.00       0.00      -0.00           0.00
            (H1, C)    0.00    0.00    0.00    0.07  -0.00       -0.00       -0.00        0.00      -0.00      -0.00       0.00          -0.00
             (C, O)   -0.00   -0.00   -0.00   -0.00   0.00       -0.00       -0.00       -0.00       0.00       0.00      -0.00           0.00
        (H1, C, H2)   -0.00   -0.00    0.00   -0.00  -0.00        0.00        0.00        0.00      -0.00      -0.00       0.00          -0.00
        (H1, C, H3)    0.00   -0.00   -0.00   -0.00  -0.00        0.00        0.00        0.00      -0.00      -0.00       0.00           0.00
        (H2, C, H3)   -0.00   -0.00   -0.00    0.00  -0.00        0.00        0.00        0.00      -0.00      -0.00       0.00          -0.00
         (H2, C, O)    0.00    0.00    0.00   -0.00   0.00       -0.00       -0.00       -0.00       0.00       0.00      -0.00          -0.00
         (H3, C, O)    0.00    0.00    0.00   -0.00   0.00       -0.00       -0.00       -0.00       0.00       0.00      -0.00           0.00
         (C, O, H4)   -0.00   -0.00   -0.00    0.00  -0.00        0.00        0.00        0.00      -0.00      -0.00       0.00          -0.00
     (H1, C, O, H4)   -0.00    0.00    0.00   -0.00   0.00       -0.00        0.00       -0.00      -0.00       0.00      -0.00           0.00

Kinetic energy distribution matrix (normalization check: 1.0)

Internal Coordinate (C, H2) (O, H4) (C, H3) (H1, C) (C, O) (H1, C, H2) (H1, C, H3) (H2, C, H3) (H2, C, O) (H3, C, O) (C, O, H4) (H1, C, O, H4)
            (C, H2)    0.49   -0.00    0.00   -0.00  -0.01        0.00        0.00        0.00       0.00      -0.00      -0.00           0.00
            (O, H4)   -0.00    0.00   -0.00    0.00   0.00        0.00        0.00        0.00      -0.00      -0.00       0.00          -0.00
            (C, H3)    0.00   -0.00    0.49   -0.00  -0.01        0.00        0.00        0.00      -0.00       0.00      -0.00          -0.00
            (H1, C)   -0.00    0.00   -0.00    0.07  -0.00        0.00        0.00        0.00      -0.00      -0.00       0.00          -0.00
             (C, O)   -0.01    0.00   -0.01   -0.00   0.01       -0.00       -0.00       -0.00       0.00       0.00      -0.00           0.00
        (H1, C, H2)    0.00    0.00    0.00    0.00  -0.00        0.00        0.00        0.00      -0.00      -0.00      -0.00          -0.00
        (H1, C, H3)    0.00    0.00    0.00    0.00  -0.00        0.00        0.00        0.00      -0.00      -0.00      -0.00           0.00
        (H2, C, H3)    0.00    0.00    0.00    0.00  -0.00        0.00        0.00        0.00      -0.00      -0.00      -0.00          -0.00
         (H2, C, O)    0.00   -0.00   -0.00   -0.00   0.00       -0.00       -0.00       -0.00       0.00       0.00       0.00           0.00
         (H3, C, O)   -0.00   -0.00    0.00   -0.00   0.00       -0.00       -0.00       -0.00       0.00       0.00       0.00          -0.00
         (C, O, H4)   -0.00    0.00   -0.00    0.00  -0.00       -0.00       -0.00       -0.00       0.00       0.00       0.00          -0.00
     (H1, C, O, H4)    0.00   -0.00   -0.00   -0.00   0.00       -0.00        0.00       -0.00       0.00      -0.00      -0.00           0.00

Total energy distribution matrix (normalization check: 1.0)

Internal Coordinate (C, H2) (O, H4) (C, H3) (H1, C) (C, O) (H1, C, H2) (H1, C, H3) (H2, C, H3) (H2, C, O) (H3, C, O) (C, O, H4) (H1, C, O, H4)
            (C, H2)    0.48   -0.00    0.00    0.00  -0.00       -0.00        0.00       -0.00       0.00      -0.00      -0.00           0.00
            (O, H4)   -0.00    0.00   -0.00    0.00   0.00        0.00        0.00        0.00      -0.00      -0.00       0.00          -0.00
            (C, H3)    0.00   -0.00    0.48    0.00  -0.00        0.00       -0.00       -0.00      -0.00       0.00      -0.00          -0.00
            (H1, C)    0.00    0.00    0.00    0.07  -0.00        0.00        0.00        0.00      -0.00      -0.00       0.00          -0.00
             (C, O)   -0.00    0.00   -0.00   -0.00   0.01       -0.00       -0.00       -0.00       0.00       0.00      -0.00           0.00
        (H1, C, H2)   -0.00    0.00    0.00    0.00  -0.00        0.00        0.00        0.00      -0.00      -0.00      -0.00          -0.00
        (H1, C, H3)    0.00    0.00   -0.00    0.00  -0.00        0.00        0.00        0.00      -0.00      -0.00      -0.00           0.00
        (H2, C, H3)   -0.00    0.00   -0.00    0.00  -0.00        0.00        0.00        0.00      -0.00      -0.00      -0.00          -0.00
         (H2, C, O)    0.00   -0.00   -0.00   -0.00   0.00       -0.00       -0.00       -0.00       0.00       0.00       0.00           0.00
         (H3, C, O)   -0.00   -0.00    0.00   -0.00   0.00       -0.00       -0.00       -0.00       0.00       0.00       0.00          -0.00
         (C, O, H4)   -0.00    0.00   -0.00    0.00  -0.00       -0.00       -0.00       -0.00       0.00       0.00       0.00          -0.00
     (H1, C, O, H4)    0.00   -0.00   -0.00   -0.00   0.00       -0.00        0.00       -0.00       0.00      -0.00      -0.00           0.00

----- Extended Results: Exact PED, KED and TED analysis per mode -----

Normal mode at the following harmonic frequency: 3211 cm-1

Potential energy distribution matrix (normalization check: 1.0)

Internal Coordinate (C, H2) (O, H4) (C, H3) (H1, C) (C, O) (H1, C, H2) (H1, C, H3) (H2, C, H3) (H2, C, O) (H3, C, O) (C, O, H4) (H1, C, O, H4)
            (C, H2)    0.51    0.00   -0.01   -0.00   0.00       -0.00       -0.00        0.00      -0.00       0.00      -0.00          -0.00
            (O, H4)    0.00    0.00   -0.00    0.00  -0.00        0.00       -0.00       -0.00       0.00      -0.00       0.00          -0.00
            (C, H3)   -0.01   -0.00    0.51    0.00  -0.00       -0.00       -0.00       -0.00       0.00      -0.00       0.00          -0.00
            (H1, C)   -0.00    0.00    0.00    0.00  -0.00        0.00       -0.00        0.00      -0.00       0.00      -0.00           0.00
             (C, O)    0.00   -0.00   -0.00   -0.00   0.00        0.00       -0.00       -0.00       0.00      -0.00       0.00          -0.00
        (H1, C, H2)   -0.00    0.00   -0.00    0.00   0.00        0.00       -0.00       -0.00       0.00      -0.00       0.00          -0.00
        (H1, C, H3)   -0.00   -0.00   -0.00   -0.00  -0.00       -0.00        0.00        0.00      -0.00       0.00      -0.00          -0.00
        (H2, C, H3)    0.00   -0.00   -0.00    0.00  -0.00       -0.00        0.00        0.00      -0.00       0.00      -0.00           0.00
         (H2, C, O)   -0.00    0.00    0.00   -0.00   0.00        0.00       -0.00       -0.00       0.00      -0.00       0.00           0.00
         (H3, C, O)    0.00   -0.00   -0.00    0.00  -0.00       -0.00        0.00        0.00      -0.00       0.00      -0.00           0.00
         (C, O, H4)   -0.00    0.00    0.00   -0.00   0.00        0.00       -0.00       -0.00       0.00      -0.00       0.00          -0.00
     (H1, C, O, H4)   -0.00   -0.00   -0.00    0.00  -0.00       -0.00       -0.00        0.00       0.00       0.00      -0.00           0.00

Kinetic energy distribution matrix (normalization check: 1.0)

Internal Coordinate (C, H2) (O, H4) (C, H3) (H1, C) (C, O) (H1, C, H2) (H1, C, H3) (H2, C, H3) (H2, C, O) (H3, C, O) (C, O, H4) (H1, C, O, H4)
            (C, H2)    0.57    0.00   -0.00    0.00   0.00        0.00       -0.00       -0.00      -0.00      -0.00      -0.00           0.00
            (O, H4)    0.00    0.00   -0.00    0.00   0.00       -0.00        0.00        0.00      -0.00       0.00      -0.00           0.00
            (C, H3)   -0.00   -0.00    0.57   -0.00  -0.00       -0.00        0.00        0.00      -0.00      -0.00       0.00           0.00
            (H1, C)    0.00    0.00   -0.00    0.00  -0.00       -0.00        0.00        0.00      -0.00       0.00      -0.00           0.00
             (C, O)    0.00    0.00   -0.00   -0.00   0.00        0.00       -0.00       -0.00       0.00      -0.00       0.00          -0.00
        (H1, C, H2)    0.00   -0.00   -0.00   -0.00   0.00        0.00       -0.00       -0.00       0.01      -0.01      -0.00          -0.00
        (H1, C, H3)   -0.00    0.00    0.00    0.00  -0.00       -0.00        0.00        0.00      -0.01       0.01       0.00          -0.00
        (H2, C, H3)   -0.00    0.00    0.00    0.00  -0.00       -0.00        0.00        0.00      -0.00       0.00       0.00           0.00
         (H2, C, O)   -0.00   -0.00   -0.00   -0.00   0.00        0.01       -0.01       -0.00       0.02      -0.01      -0.00          -0.00
         (H3, C, O)   -0.00    0.00   -0.00    0.00  -0.00       -0.01        0.01        0.00      -0.01       0.02       0.00          -0.00
         (C, O, H4)   -0.00   -0.00    0.00   -0.00   0.00       -0.00        0.00        0.00      -0.00       0.00       0.00          -0.00
     (H1, C, O, H4)    0.00    0.00    0.00    0.00  -0.00       -0.00       -0.00        0.00      -0.00      -0.00      -0.00           0.01

Total energy distribution matrix (normalization check: 1.0)

Internal Coordinate (C, H2) (O, H4) (C, H3) (H1, C) (C, O) (H1, C, H2) (H1, C, H3) (H2, C, H3) (H2, C, O) (H3, C, O) (C, O, H4) (H1, C, O, H4)
            (C, H2)    0.54    0.00   -0.00   -0.00   0.00       -0.00       -0.00        0.00      -0.00      -0.00      -0.00           0.00
            (O, H4)    0.00    0.00   -0.00    0.00   0.00       -0.00        0.00        0.00      -0.00       0.00      -0.00           0.00
            (C, H3)   -0.00   -0.00    0.54    0.00  -0.00       -0.00       -0.00       -0.00      -0.00      -0.00       0.00           0.00
            (H1, C)   -0.00    0.00    0.00    0.00  -0.00       -0.00        0.00        0.00      -0.00       0.00      -0.00           0.00
             (C, O)    0.00    0.00   -0.00   -0.00   0.00        0.00       -0.00       -0.00       0.00      -0.00       0.00          -0.00
        (H1, C, H2)   -0.00   -0.00   -0.00   -0.00   0.00        0.00       -0.00       -0.00       0.00      -0.00      -0.00          -0.00
        (H1, C, H3)   -0.00    0.00   -0.00    0.00  -0.00       -0.00        0.00        0.00      -0.00       0.00       0.00          -0.00
        (H2, C, H3)    0.00    0.00   -0.00    0.00  -0.00       -0.00        0.00        0.00      -0.00       0.00       0.00           0.00
         (H2, C, O)   -0.00   -0.00   -0.00   -0.00   0.00        0.00       -0.00       -0.00       0.01      -0.01      -0.00          -0.00
         (H3, C, O)   -0.00    0.00   -0.00    0.00  -0.00       -0.00        0.00        0.00      -0.01       0.01       0.00          -0.00
         (C, O, H4)   -0.00   -0.00    0.00   -0.00   0.00       -0.00        0.00        0.00      -0.00       0.00       0.00          -0.00
     (H1, C, O, H4)    0.00    0.00    0.00    0.00  -0.00       -0.00       -0.00        0.00      -0.00      -0.00      -0.00           0.00

----- Extended Results: Exact PED, KED and TED analysis per mode -----

Normal mode at the following harmonic frequency: 3289 cm-1

Potential energy distribution matrix (normalization check: 1.0)

Internal Coordinate (C, H2) (O, H4) (C, H3) (H1, C) (C, O) (H1, C, H2) (H1, C, H3) (H2, C, H3) (H2, C, O) (H3, C, O) (C, O, H4) (H1, C, O, H4)
            (C, H2)    0.04   -0.00    0.00   -0.00   0.00        0.00       -0.00       -0.00      -0.00      -0.00      -0.00          -0.00
            (O, H4)   -0.00    0.00   -0.00   -0.00   0.00        0.00        0.00       -0.00      -0.00      -0.00      -0.00           0.00
            (C, H3)    0.00   -0.00    0.04   -0.00   0.00       -0.00        0.00       -0.00      -0.00      -0.00      -0.00           0.00
            (H1, C)   -0.00   -0.00   -0.00    0.93  -0.00       -0.00       -0.00       -0.00      -0.00      -0.00      -0.00           0.00
             (C, O)    0.00    0.00    0.00   -0.00   0.00       -0.00       -0.00        0.00       0.00       0.00       0.00          -0.00
        (H1, C, H2)    0.00    0.00   -0.00   -0.00  -0.00        0.00        0.00       -0.00      -0.00      -0.00      -0.00           0.00
        (H1, C, H3)   -0.00    0.00    0.00   -0.00  -0.00        0.00        0.00       -0.00      -0.00      -0.00      -0.00          -0.00
        (H2, C, H3)   -0.00   -0.00   -0.00   -0.00   0.00       -0.00       -0.00        0.00       0.00       0.00       0.00          -0.00
         (H2, C, O)   -0.00   -0.00   -0.00   -0.00   0.00       -0.00       -0.00        0.00       0.00       0.00       0.00           0.00
         (H3, C, O)   -0.00   -0.00   -0.00   -0.00   0.00       -0.00       -0.00        0.00       0.00       0.00       0.00          -0.00
         (C, O, H4)   -0.00   -0.00   -0.00   -0.00   0.00       -0.00       -0.00        0.00       0.00       0.00       0.00          -0.00
     (H1, C, O, H4)   -0.00    0.00    0.00    0.00  -0.00        0.00       -0.00       -0.00       0.00      -0.00      -0.00           0.00

Kinetic energy distribution matrix (normalization check: 1.0)

Internal Coordinate (C, H2) (O, H4) (C, H3) (H1, C) (C, O) (H1, C, H2) (H1, C, H3) (H2, C, H3) (H2, C, O) (H3, C, O) (C, O, H4) (H1, C, O, H4)
            (C, H2)    0.05   -0.00    0.00    0.00   0.00       -0.00       -0.00        0.00      -0.00       0.00      -0.00           0.00
            (O, H4)   -0.00    0.00   -0.00   -0.00  -0.00       -0.00       -0.00        0.00       0.00       0.00       0.00          -0.00
            (C, H3)    0.00   -0.00    0.05    0.00   0.00       -0.00       -0.00        0.00       0.00      -0.00      -0.00          -0.00
            (H1, C)    0.00   -0.00    0.00    1.03  -0.00        0.00        0.00       -0.00      -0.00      -0.00      -0.00           0.00
             (C, O)    0.00   -0.00    0.00   -0.00   0.00       -0.00       -0.00        0.00       0.00       0.00       0.00          -0.00
        (H1, C, H2)   -0.00   -0.00   -0.00    0.00  -0.00        0.00        0.00       -0.00      -0.00      -0.00       0.00           0.00
        (H1, C, H3)   -0.00   -0.00   -0.00    0.00  -0.00        0.00        0.00       -0.00      -0.00      -0.00       0.00          -0.00
        (H2, C, H3)    0.00    0.00    0.00   -0.00   0.00       -0.00       -0.00        0.01       0.01       0.01      -0.00          -0.00
         (H2, C, O)   -0.00    0.00    0.00   -0.00   0.00       -0.00       -0.00        0.01       0.01       0.00      -0.00          -0.00
         (H3, C, O)    0.00    0.00   -0.00   -0.00   0.00       -0.00       -0.00        0.01       0.00       0.01      -0.00           0.00
         (C, O, H4)   -0.00    0.00   -0.00   -0.00   0.00        0.00        0.00       -0.00      -0.00      -0.00       0.00          -0.00
     (H1, C, O, H4)    0.00   -0.00   -0.00    0.00  -0.00        0.00       -0.00       -0.00      -0.00       0.00      -0.00           0.00

Total energy distribution matrix (normalization check: 1.0)

Internal Coordinate (C, H2) (O, H4) (C, H3) (H1, C) (C, O) (H1, C, H2) (H1, C, H3) (H2, C, H3) (H2, C, O) (H3, C, O) (C, O, H4) (H1, C, O, H4)
            (C, H2)    0.04   -0.00    0.00   -0.00   0.00        0.00       -0.00       -0.00      -0.00       0.00      -0.00           0.00
            (O, H4)   -0.00    0.00   -0.00   -0.00  -0.00       -0.00       -0.00        0.00       0.00       0.00       0.00          -0.00
            (C, H3)    0.00   -0.00    0.04   -0.00   0.00       -0.00        0.00       -0.00       0.00      -0.00      -0.00          -0.00
            (H1, C)   -0.00   -0.00   -0.00    0.98  -0.00        0.00        0.00       -0.00      -0.00      -0.00      -0.00           0.00
             (C, O)    0.00   -0.00    0.00   -0.00   0.00       -0.00       -0.00        0.00       0.00       0.00       0.00          -0.00
        (H1, C, H2)    0.00   -0.00   -0.00    0.00  -0.00        0.00        0.00       -0.00      -0.00      -0.00       0.00           0.00
        (H1, C, H3)   -0.00   -0.00    0.00    0.00  -0.00        0.00        0.00       -0.00      -0.00      -0.00       0.00          -0.00
        (H2, C, H3)   -0.00    0.00   -0.00   -0.00   0.00       -0.00       -0.00        0.00       0.00       0.00      -0.00          -0.00
         (H2, C, O)   -0.00    0.00    0.00   -0.00   0.00       -0.00       -0.00        0.00       0.00       0.00      -0.00          -0.00
         (H3, C, O)    0.00    0.00   -0.00   -0.00   0.00       -0.00       -0.00        0.00       0.00       0.00      -0.00           0.00
         (C, O, H4)   -0.00    0.00   -0.00   -0.00   0.00        0.00        0.00       -0.00      -0.00      -0.00       0.00          -0.00
     (H1, C, O, H4)    0.00   -0.00   -0.00    0.00  -0.00        0.00       -0.00       -0.00      -0.00       0.00      -0.00           0.00

----- Extended Results: Exact PED, KED and TED analysis per mode -----

Normal mode at the following harmonic frequency: 4068 cm-1

Potential energy distribution matrix (normalization check: 1.0)

Internal Coordinate (C, H2) (O, H4) (C, H3) (H1, C) (C, O) (H1, C, H2) (H1, C, H3) (H2, C, H3) (H2, C, O) (H3, C, O) (C, O, H4) (H1, C, O, H4)
            (C, H2)    0.00    0.00    0.00   -0.00  -0.00        0.00       -0.00       -0.00       0.00       0.00       0.00          -0.00
            (O, H4)    0.00    1.00    0.00    0.00   0.00       -0.00       -0.00        0.00      -0.00      -0.00      -0.00          -0.00
            (C, H3)    0.00    0.00    0.00   -0.00  -0.00       -0.00        0.00       -0.00       0.00       0.00       0.00           0.00
            (H1, C)   -0.00    0.00   -0.00    0.00   0.00       -0.00       -0.00       -0.00       0.00       0.00       0.00           0.00
             (C, O)   -0.00    0.00   -0.00    0.00   0.00        0.00        0.00       -0.00       0.00       0.00       0.00           0.00
        (H1, C, H2)    0.00   -0.00   -0.00   -0.00   0.00        0.00        0.00       -0.00       0.00       0.00       0.00           0.00
        (H1, C, H3)   -0.00   -0.00    0.00   -0.00   0.00        0.00        0.00       -0.00       0.00       0.00       0.00          -0.00
        (H2, C, H3)   -0.00    0.00   -0.00   -0.00  -0.00       -0.00       -0.00        0.00      -0.00      -0.00      -0.00          -0.00
         (H2, C, O)    0.00   -0.00    0.00    0.00   0.00        0.00        0.00       -0.00       0.00       0.00       0.00          -0.00
         (H3, C, O)    0.00   -0.00    0.00    0.00   0.00        0.00        0.00       -0.00       0.00       0.00       0.00           0.00
         (C, O, H4)    0.00   -0.00    0.00    0.00   0.00        0.00        0.00       -0.00       0.00       0.00       0.00           0.00
     (H1, C, O, H4)   -0.00   -0.00    0.00    0.00   0.00        0.00       -0.00       -0.00      -0.00       0.00       0.00           0.00

Kinetic energy distribution matrix (normalization check: 1.0)

Internal Coordinate (C, H2) (O, H4) (C, H3) (H1, C) (C, O) (H1, C, H2) (H1, C, H3) (H2, C, H3) (H2, C, O) (H3, C, O) (C, O, H4) (H1, C, O, H4)
            (C, H2)    0.00    0.00    0.00    0.00  -0.00       -0.00       -0.00        0.00       0.00      -0.00       0.00           0.00
            (O, H4)    0.00    1.23    0.00    0.00  -0.00        0.00        0.00       -0.00       0.00       0.00       0.00           0.00
            (C, H3)    0.00    0.00    0.00    0.00  -0.00       -0.00       -0.00        0.00      -0.00       0.00       0.00          -0.00
            (H1, C)    0.00    0.00    0.00    0.00   0.00        0.00        0.00       -0.00       0.00       0.00       0.00           0.00
             (C, O)   -0.00   -0.00   -0.00    0.00   0.01        0.00        0.00       -0.00       0.00       0.00       0.00           0.00
        (H1, C, H2)   -0.00    0.00   -0.00    0.00   0.00        0.00        0.00       -0.00       0.00       0.00      -0.00           0.00
        (H1, C, H3)   -0.00    0.00   -0.00    0.00   0.00        0.00        0.00       -0.00       0.00       0.00      -0.00          -0.00
        (H2, C, H3)    0.00   -0.00    0.00   -0.00  -0.00       -0.00       -0.00        0.00      -0.00      -0.00       0.00          -0.00
         (H2, C, O)    0.00    0.00   -0.00    0.00   0.00        0.00        0.00       -0.00       0.00       0.00      -0.00           0.00
         (H3, C, O)   -0.00    0.00    0.00    0.00   0.00        0.00        0.00       -0.00       0.00       0.00      -0.00          -0.00
         (C, O, H4)    0.00    0.00    0.00    0.00   0.00       -0.00       -0.00        0.00      -0.00      -0.00       0.00           0.00
     (H1, C, O, H4)    0.00    0.00   -0.00    0.00   0.00        0.00       -0.00       -0.00       0.00      -0.00       0.00           0.00

Total energy distribution matrix (normalization check: 1.0)

Internal Coordinate (C, H2) (O, H4) (C, H3) (H1, C) (C, O) (H1, C, H2) (H1, C, H3) (H2, C, H3) (H2, C, O) (H3, C, O) (C, O, H4) (H1, C, O, H4)
            (C, H2)    0.00    0.00    0.00   -0.00  -0.00        0.00       -0.00        0.00       0.00      -0.00       0.00           0.00
            (O, H4)    0.00    1.11    0.00    0.00  -0.00        0.00        0.00       -0.00       0.00       0.00       0.00           0.00
            (C, H3)    0.00    0.00    0.00   -0.00  -0.00       -0.00        0.00        0.00      -0.00       0.00       0.00          -0.00
            (H1, C)   -0.00    0.00   -0.00    0.00   0.00        0.00        0.00       -0.00       0.00       0.00       0.00           0.00
             (C, O)   -0.00   -0.00   -0.00    0.00   0.00        0.00        0.00       -0.00       0.00       0.00       0.00           0.00
        (H1, C, H2)    0.00    0.00   -0.00    0.00   0.00        0.00        0.00       -0.00       0.00       0.00      -0.00           0.00
        (H1, C, H3)   -0.00    0.00    0.00    0.00   0.00        0.00        0.00       -0.00       0.00       0.00      -0.00          -0.00
        (H2, C, H3)    0.00   -0.00    0.00   -0.00  -0.00       -0.00       -0.00        0.00      -0.00      -0.00       0.00          -0.00
         (H2, C, O)    0.00    0.00   -0.00    0.00   0.00        0.00        0.00       -0.00       0.00       0.00      -0.00           0.00
         (H3, C, O)   -0.00    0.00    0.00    0.00   0.00        0.00        0.00       -0.00       0.00       0.00      -0.00          -0.00
         (C, O, H4)    0.00    0.00    0.00    0.00   0.00       -0.00       -0.00        0.00      -0.00      -0.00       0.00           0.00
     (H1, C, O, H4)    0.00    0.00   -0.00    0.00   0.00        0.00       -0.00       -0.00       0.00      -0.00       0.00           0.00

