 .__   __.   ______   .___  ___.   ______    _______   _______   ______   ______      .______   ____    ____ 
 |  \ |  |  /  __  \  |   \/   |  /  __  \  |       \ |   ____| /      | /  __  \     |   _  \  \   \  /   / 
 |   \|  | |  |  |  | |  \  /  | |  |  |  | |  .--.  ||  |__   |  ,----'|  |  |  |    |  |_)  |  \   \/   /  
 |  . `  | |  |  |  | |  |\/|  | |  |  |  | |  |  |  ||   __|  |  |     |  |  |  |    |   ___/    \_    _/   
 |  |\   | |  `--'  | |  |  |  | |  `--'  | |  '--'  ||  |____ |  `----.|  `--'  |  __|  |          |  |     
 |__| \__|  \______/  |__|  |__|  \______/  |_______/ |_______| \______| \______/  (__) _|          |__|     
                                                                                                             


**************************************************************************************************************
                                  Kemal Önen, Dennis F. Dinu, Klaus R. Liedl                                  
                                      Liedl Lab, University of Innsbruck                                      
**************************************************************************************************************

Non-planar system detected. Therefore out-of-plane angles are NOT used in your analysis. Note that out-of-plane angles tend to perform worse
than the other internal coordinates in terms of computational cost and in the decomposition. However they can be
useful for planar systems.

The detected point group is Cs
The following equivalent atoms were found: [['O1'], ['O2'], ['D1', 'D2'], ['H3'], ['H4']] 

The following primitive internals (bonds, (in-plane) angles, linear valence angles, out-of-plane angles and torsions) were generated:
bonds: [('O2', 'H3'), ('O1', 'H4'), ('O1', 'D1'), ('O2', 'H4'), ('O1', 'D2')]
in-plane angles: [('D1', 'O1', 'D2'), ('H3', 'O2', 'H4'), ('H4', 'O1', 'D1'), ('H4', 'O1', 'D2')]
linear valence-angles: [('O1', 'H4', 'O2'), ('O1', 'H4', 'O2')]
out-of-plane angles: []
dihedrals: [('D2', 'O1', 'H4', 'O2'), ('D1', 'O1', 'H4', 'O2'), ('H3', 'O2', 'H4', 'O1')]

12 internal coordinates are at least needed for the decomposition scheme.


-------------------------------- Initialization of an internal coordinate set --------------------------------

The following 12 Internal Coordinates are used in your analysis:
bonds: [('O1', 'H4'), ('O2', 'H3'), ('O2', 'H4'), ('O1', 'D1'), ('O1', 'D2')]
in-plane angles: [('H4', 'O1', 'D1'), ('O2', 'O1', 'D2'), ('H3', 'O2', 'H4'), ('D1', 'O1', 'D2')]
linear valence-angles: [('O1', 'H4', 'O2'), ('O1', 'H4', 'O2')]
out-of-plane angles: []
dihedrals: [('H3', 'O2', 'O1', 'D2')]


-------------------------- Results of the Decomposition Scheme ---------------------------

1.) Intrinsic Frequencies for all normal-coordinate frequencies and
    vibrational distribution matrix (exact approximation) at the following
    harmonic frequencies (all frequency values in cm-1):

Internal Coordinate Intrinsic Frequencies    88   106   122   171   331   583  1281  1776  2981  3102  4097  4214
           (O1, H4)                279.45  0.00  0.00  0.00  1.00  0.00 -0.00  0.00 -0.00 -0.00 -0.00  0.00  0.00
           (O2, H3)               4194.80 -0.00  0.00 -0.00  0.00  0.00  0.00  0.00 -0.00  0.00 -0.00  0.17  0.83
           (O2, H4)               4111.85 -0.00  0.00  0.00  0.00 -0.00  0.00  0.00 -0.00  0.00 -0.00  0.83  0.17
           (O1, D1)               3043.49 -0.00 -0.00  0.00  0.00 -0.00 -0.00 -0.00  0.00  0.50  0.50  0.00  0.00
           (O1, D2)               3043.46 -0.00 -0.00  0.00  0.00 -0.00 -0.00 -0.00  0.00  0.50  0.50  0.00  0.00
       (H4, O1, D1)                305.37  0.28  0.31  0.07  0.00  0.18  0.15  0.00  0.00  0.00 -0.00 -0.00 -0.00
       (O2, O1, D2)                207.89  0.43  0.38  0.01  0.00  0.12  0.05  0.00  0.00  0.00 -0.00  0.00 -0.00
       (H3, O2, H4)               1725.62  0.00  0.00 -0.00  0.00  0.05  0.00  0.00  0.94  0.00 -0.00 -0.00  0.00
       (D1, O1, D2)               1268.62  0.00  0.00  0.00  0.00  0.00  0.00  0.99 -0.00 -0.00 -0.00  0.00  0.00
       (O1, H4, O2)                517.10  0.21  0.00  0.00 -0.00 -0.00  0.78  0.00 -0.00  0.00  0.00 -0.00 -0.00
       (O1, H4, O2)                489.75 -0.00  0.30 -0.00 -0.00  0.65  0.00 -0.00  0.05 -0.00 -0.00 -0.00 -0.00
   (H3, O2, O1, D2)                133.23  0.08 -0.00  0.90  0.00 -0.00  0.01  0.00 -0.00  0.00  0.00  0.00 -0.00

Check if matrix is normalized: 1.0

2.) Intrinsic Frequencies for all normal-coordinate frequencies and
    diagonal elements of the PED matrix at the following
    harmonic frequencies (all frequency values in cm-1):

Internal Coordinate Intrinsic Frequencies   88  106  122  171  331  583 1281 1776 2981 3102 4097 4214
           (O1, H4)                279.45 0.00 0.00 0.00 1.04 0.00 0.00 0.00 0.00 0.00 0.00 0.01 0.00
           (O2, H3)               4194.80 0.00 0.00 0.00 0.00 0.00 0.00 0.00 0.01 0.00 0.00 0.17 0.83
           (O2, H4)               4111.85 0.00 0.00 0.00 0.00 0.00 0.00 0.00 0.01 0.00 0.00 0.84 0.17
           (O1, D1)               3043.49 0.00 0.00 0.00 0.00 0.00 0.00 0.00 0.00 0.51 0.50 0.00 0.00
           (O1, D2)               3043.46 0.00 0.00 0.00 0.00 0.00 0.00 0.00 0.00 0.51 0.50 0.00 0.00
       (H4, O1, D1)                305.37 1.10 0.70 0.10 0.03 0.10 0.06 0.00 0.00 0.00 0.00 0.00 0.00
       (O2, O1, D2)                207.89 2.20 1.15 0.13 0.05 0.04 0.01 0.00 0.00 0.00 0.00 0.00 0.00
       (H3, O2, H4)               1725.62 0.00 0.03 0.00 0.00 0.08 0.00 0.00 0.93 0.00 0.00 0.00 0.00
       (D1, O1, D2)               1268.62 0.00 0.01 0.00 0.01 0.00 0.00 1.01 0.00 0.00 0.00 0.00 0.00
       (O1, H4, O2)                517.10 3.26 0.00 0.00 0.00 0.00 0.64 0.00 0.00 0.00 0.00 0.00 0.00
       (O1, H4, O2)                489.75 0.00 1.40 0.00 0.04 0.51 0.00 0.00 0.03 0.00 0.00 0.00 0.00
   (H3, O2, O1, D2)                133.23 0.16 0.05 0.98 0.00 0.00 0.00 0.00 0.00 0.00 0.00 0.00 0.00

3.) Intrinsic Frequencies for all normal-coordinate frequencies and
    contribution table calculated from the diagonal elements of the PED at the following
    harmonic frequencies (all frequency values in cm-1):

Internal Coordinate Intrinsic Frequencies    88   106   122   171   331   583  1281  1776  2981  3102  4097  4214
           (O1, H4)                279.45  0.00  0.00  0.00 89.11  0.01  0.00  0.05  0.09  0.01  0.00  1.19  0.22
           (O2, H3)               4194.80  0.00  0.00  0.00  0.00  0.08  0.00  0.00  0.82  0.00  0.00 16.53 83.03
           (O2, H4)               4111.85  0.00  0.00  0.00  0.04  0.00  0.00  0.01  0.52  0.01  0.00 82.27 16.76
           (O1, D1)               3043.49  0.01  0.03  0.01  0.00  0.04  0.00  0.37  0.00 49.94 50.00  0.00  0.00
           (O1, D2)               3043.46  0.01  0.03  0.01  0.00  0.04  0.00  0.37  0.00 49.95 49.99  0.00  0.00
       (H4, O1, D1)                305.37 16.40 20.83  8.10  2.83 13.16  8.80  0.30  0.08  0.00  0.00  0.00  0.00
       (O2, O1, D2)                207.89 32.69 34.39 10.53  4.19  5.77  0.81  0.28  0.00  0.00  0.00  0.00  0.00
       (H3, O2, H4)               1725.62  0.00  0.96  0.00  0.01 11.39  0.00  0.00 95.59  0.00  0.00  0.00  0.00
       (D1, O1, D2)               1268.62  0.00  0.37  0.00  0.43  0.18  0.00 98.47  0.00  0.09  0.00  0.00  0.00
       (O1, H4, O2)                517.10 48.48  0.00  0.37  0.00  0.00 90.27  0.00  0.00  0.00  0.00  0.00  0.00
       (O1, H4, O2)                489.75  0.00 41.80  0.00  3.15 69.05  0.00  0.00  2.90  0.00  0.00  0.01  0.00
   (H3, O2, O1, D2)                133.23  2.41  1.58 80.97  0.22  0.28  0.12  0.16  0.00  0.00  0.00  0.00  0.00

----- Extended Results: Exact PED, KED and TED analysis per mode -----

Normal mode at the following harmonic frequency: 88 cm-1

Potential energy distribution matrix (normalization check: 1.0)

Internal Coordinate (O1, H4) (O2, H3) (O2, H4) (O1, D1) (O1, D2) (H4, O1, D1) (O2, O1, D2) (H3, O2, H4) (D1, O1, D2) (O1, H4, O2) (O1, H4, O2) (H3, O2, O1, D2)
           (O1, H4)     0.00    -0.00    -0.00    -0.00     0.00         0.00        -0.00         0.00        -0.00         0.00        -0.00             0.00
           (O2, H3)    -0.00     0.00     0.00    -0.00     0.00         0.00        -0.00         0.00        -0.00         0.00        -0.00            -0.00
           (O2, H4)    -0.00     0.00     0.00    -0.00     0.00         0.00        -0.00        -0.00        -0.00         0.00         0.00            -0.00
           (O1, D1)    -0.00    -0.00    -0.00     0.00     0.00        -0.00         0.00        -0.00         0.00         0.00        -0.00             0.00
           (O1, D2)     0.00     0.00     0.00     0.00     0.00         0.00        -0.00         0.00        -0.00         0.00         0.00             0.00
       (H4, O1, D1)     0.00     0.00     0.00    -0.00     0.00         1.10         0.04        -0.00         0.00        -0.88         0.00             0.03
       (O2, O1, D2)    -0.00    -0.00    -0.00     0.00    -0.00         0.04         2.20         0.00         0.00        -1.94        -0.00             0.17
       (H3, O2, H4)     0.00     0.00    -0.00    -0.00     0.00        -0.00         0.00         0.00         0.00        -0.00        -0.00             0.00
       (D1, O1, D2)    -0.00    -0.00    -0.00     0.00    -0.00         0.00         0.00         0.00         0.00        -0.00        -0.00             0.00
       (O1, H4, O2)     0.00     0.00     0.00     0.00     0.00        -0.88        -1.94        -0.00        -0.00         3.26         0.00            -0.28
       (O1, H4, O2)    -0.00    -0.00     0.00    -0.00     0.00         0.00        -0.00        -0.00        -0.00         0.00         0.00            -0.00
   (H3, O2, O1, D2)     0.00    -0.00    -0.00     0.00     0.00         0.03         0.17         0.00         0.00        -0.28        -0.00             0.16

Kinetic energy distribution matrix (normalization check: 1.0)

Internal Coordinate (O1, H4) (O2, H3) (O2, H4) (O1, D1) (O1, D2) (H4, O1, D1) (O2, O1, D2) (H3, O2, H4) (D1, O1, D2) (O1, H4, O2) (O1, H4, O2) (H3, O2, O1, D2)
           (O1, H4)     0.00     0.00    -0.00    -0.00     0.00         0.00        -0.00         0.00        -0.00         0.00        -0.00            -0.00
           (O2, H3)     0.00     0.00    -0.00     0.00    -0.00        -0.00         0.00        -0.00        -0.00        -0.00         0.00            -0.00
           (O2, H4)    -0.00    -0.00     0.00     0.00    -0.00        -0.00         0.00        -0.00         0.00        -0.00         0.00             0.00
           (O1, D1)    -0.00     0.00     0.00     0.00     0.00        -0.00         0.00         0.00         0.00        -0.00         0.00            -0.00
           (O1, D2)     0.00    -0.00    -0.00     0.00     0.00         0.00        -0.00        -0.00        -0.00        -0.00        -0.00            -0.00
       (H4, O1, D1)     0.00    -0.00    -0.00    -0.00     0.00         0.29        -0.06        -0.00        -0.00         0.11        -0.00            -0.03
       (O2, O1, D2)    -0.00     0.00     0.00     0.00    -0.00        -0.06         0.52         0.00         0.00        -0.02         0.00             0.03
       (H3, O2, H4)     0.00    -0.00    -0.00     0.00    -0.00        -0.00         0.00         0.00        -0.00        -0.00         0.00             0.00
       (D1, O1, D2)    -0.00    -0.00     0.00     0.00    -0.00        -0.00         0.00        -0.00         0.00        -0.00         0.00             0.00
       (O1, H4, O2)     0.00    -0.00    -0.00    -0.00    -0.00         0.11        -0.02        -0.00        -0.00         0.16        -0.00            -0.02
       (O1, H4, O2)    -0.00     0.00     0.00     0.00    -0.00        -0.00         0.00         0.00         0.00        -0.00         0.00             0.00
   (H3, O2, O1, D2)    -0.00    -0.00     0.00    -0.00    -0.00        -0.03         0.03         0.00         0.00        -0.02         0.00             0.09

Total energy distribution matrix (normalization check: 1.0)

Internal Coordinate (O1, H4) (O2, H3) (O2, H4) (O1, D1) (O1, D2) (H4, O1, D1) (O2, O1, D2) (H3, O2, H4) (D1, O1, D2) (O1, H4, O2) (O1, H4, O2) (H3, O2, O1, D2)
           (O1, H4)     0.00    -0.00    -0.00    -0.00     0.00         0.00        -0.00         0.00        -0.00         0.00        -0.00             0.00
           (O2, H3)    -0.00     0.00     0.00    -0.00     0.00         0.00        -0.00         0.00        -0.00         0.00        -0.00            -0.00
           (O2, H4)    -0.00     0.00     0.00    -0.00     0.00         0.00        -0.00        -0.00        -0.00         0.00         0.00            -0.00
           (O1, D1)    -0.00    -0.00    -0.00     0.00     0.00        -0.00         0.00        -0.00         0.00         0.00        -0.00             0.00
           (O1, D2)     0.00     0.00     0.00     0.00     0.00         0.00        -0.00         0.00        -0.00         0.00         0.00             0.00
       (H4, O1, D1)     0.00     0.00     0.00    -0.00     0.00         0.69        -0.01        -0.00        -0.00        -0.38         0.00            -0.00
       (O2, O1, D2)    -0.00    -0.00    -0.00     0.00    -0.00        -0.01         1.36         0.00         0.00        -0.98        -0.00             0.10
       (H3, O2, H4)     0.00     0.00    -0.00    -0.00     0.00        -0.00         0.00         0.00         0.00        -0.00        -0.00             0.00
       (D1, O1, D2)    -0.00    -0.00    -0.00     0.00    -0.00        -0.00         0.00         0.00         0.00        -0.00        -0.00             0.00
       (O1, H4, O2)     0.00     0.00     0.00     0.00     0.00        -0.38        -0.98        -0.00        -0.00         1.71         0.00            -0.15
       (O1, H4, O2)    -0.00    -0.00     0.00    -0.00     0.00         0.00        -0.00        -0.00        -0.00         0.00         0.00            -0.00
   (H3, O2, O1, D2)     0.00    -0.00    -0.00     0.00     0.00        -0.00         0.10         0.00         0.00        -0.15        -0.00             0.13

----- Extended Results: Exact PED, KED and TED analysis per mode -----

Normal mode at the following harmonic frequency: 106 cm-1

Potential energy distribution matrix (normalization check: 1.0)

Internal Coordinate (O1, H4) (O2, H3) (O2, H4) (O1, D1) (O1, D2) (H4, O1, D1) (O2, O1, D2) (H3, O2, H4) (D1, O1, D2) (O1, H4, O2) (O1, H4, O2) (H3, O2, O1, D2)
           (O1, H4)     0.00    -0.00     0.00    -0.00    -0.00         0.00         0.00        -0.00         0.00         0.00         0.00             0.00
           (O2, H3)    -0.00     0.00    -0.00    -0.00    -0.00         0.00         0.00        -0.00         0.00         0.00         0.00            -0.00
           (O2, H4)     0.00    -0.00     0.00     0.00     0.00        -0.00        -0.00        -0.00        -0.00        -0.00         0.00             0.00
           (O1, D1)    -0.00    -0.00     0.00     0.00    -0.00        -0.00        -0.00         0.00        -0.00         0.00         0.00             0.00
           (O1, D2)    -0.00    -0.00     0.00    -0.00     0.00        -0.00        -0.00         0.00        -0.00        -0.00         0.00            -0.00
       (H4, O1, D1)     0.00     0.00    -0.00    -0.00    -0.00         0.70        -0.02         0.00        -0.00        -0.00        -0.38             0.01
       (O2, O1, D2)     0.00     0.00    -0.00    -0.00    -0.00        -0.02         1.15         0.00         0.00         0.00        -0.69            -0.07
       (H3, O2, H4)    -0.00    -0.00    -0.00     0.00     0.00         0.00         0.00         0.03         0.00         0.00        -0.03            -0.00
       (D1, O1, D2)     0.00     0.00    -0.00    -0.00    -0.00        -0.00         0.00         0.00         0.01         0.00        -0.01            -0.00
       (O1, H4, O2)     0.00     0.00    -0.00     0.00    -0.00        -0.00         0.00         0.00         0.00         0.00        -0.00            -0.00
       (O1, H4, O2)     0.00     0.00     0.00     0.00     0.00        -0.38        -0.69        -0.03        -0.01        -0.00         1.40             0.01
   (H3, O2, O1, D2)     0.00    -0.00     0.00     0.00    -0.00         0.01        -0.07        -0.00        -0.00        -0.00         0.01             0.05

Kinetic energy distribution matrix (normalization check: 1.0)

Internal Coordinate (O1, H4) (O2, H3) (O2, H4) (O1, D1) (O1, D2) (H4, O1, D1) (O2, O1, D2) (H3, O2, H4) (D1, O1, D2) (O1, H4, O2) (O1, H4, O2) (H3, O2, O1, D2)
           (O1, H4)     0.00     0.00     0.00    -0.00    -0.00         0.00         0.00        -0.00         0.00         0.00         0.00            -0.00
           (O2, H3)     0.00     0.00     0.00     0.00     0.00        -0.00        -0.00         0.00         0.00        -0.00        -0.00            -0.00
           (O2, H4)     0.00     0.00     0.00    -0.00    -0.00         0.00         0.00        -0.00         0.00         0.00         0.00            -0.00
           (O1, D1)    -0.00     0.00    -0.00     0.00    -0.00        -0.00        -0.00        -0.00        -0.00        -0.00        -0.00            -0.00
           (O1, D2)    -0.00     0.00    -0.00    -0.00     0.00        -0.00        -0.00        -0.00        -0.00         0.00        -0.00             0.00
       (H4, O1, D1)     0.00    -0.00     0.00    -0.00    -0.00         0.27         0.05         0.00         0.00         0.00         0.08            -0.02
       (O2, O1, D2)     0.00    -0.00     0.00    -0.00    -0.00         0.05         0.40         0.00         0.00         0.00         0.03            -0.02
       (H3, O2, H4)    -0.00     0.00    -0.00    -0.00    -0.00         0.00         0.00         0.00        -0.00         0.00         0.01            -0.00
       (D1, O1, D2)     0.00     0.00     0.00    -0.00    -0.00         0.00         0.00        -0.00         0.00         0.00         0.00            -0.00
       (O1, H4, O2)     0.00    -0.00     0.00    -0.00     0.00         0.00         0.00         0.00         0.00         0.00         0.00            -0.00
       (O1, H4, O2)     0.00    -0.00     0.00    -0.00    -0.00         0.08         0.03         0.01         0.00         0.00         0.24            -0.00
   (H3, O2, O1, D2)    -0.00    -0.00    -0.00    -0.00     0.00        -0.02        -0.02        -0.00        -0.00        -0.00        -0.00             0.04

Total energy distribution matrix (normalization check: 1.0)

Internal Coordinate (O1, H4) (O2, H3) (O2, H4) (O1, D1) (O1, D2) (H4, O1, D1) (O2, O1, D2) (H3, O2, H4) (D1, O1, D2) (O1, H4, O2) (O1, H4, O2) (H3, O2, O1, D2)
           (O1, H4)     0.00    -0.00     0.00    -0.00    -0.00         0.00         0.00        -0.00         0.00         0.00         0.00             0.00
           (O2, H3)    -0.00     0.00    -0.00    -0.00    -0.00         0.00         0.00        -0.00         0.00         0.00         0.00            -0.00
           (O2, H4)     0.00    -0.00     0.00     0.00     0.00         0.00         0.00        -0.00        -0.00         0.00         0.00             0.00
           (O1, D1)    -0.00    -0.00     0.00     0.00    -0.00        -0.00        -0.00        -0.00        -0.00         0.00         0.00             0.00
           (O1, D2)    -0.00    -0.00     0.00    -0.00     0.00        -0.00        -0.00        -0.00        -0.00        -0.00         0.00             0.00
       (H4, O1, D1)     0.00     0.00     0.00    -0.00    -0.00         0.48         0.01         0.00         0.00        -0.00        -0.15            -0.01
       (O2, O1, D2)     0.00     0.00     0.00    -0.00    -0.00         0.01         0.78         0.00         0.00         0.00        -0.33            -0.04
       (H3, O2, H4)    -0.00    -0.00    -0.00    -0.00    -0.00         0.00         0.00         0.02         0.00         0.00        -0.01            -0.00
       (D1, O1, D2)     0.00     0.00    -0.00    -0.00    -0.00         0.00         0.00         0.00         0.01         0.00        -0.00            -0.00
       (O1, H4, O2)     0.00     0.00     0.00     0.00    -0.00        -0.00         0.00         0.00         0.00         0.00        -0.00            -0.00
       (O1, H4, O2)     0.00     0.00     0.00     0.00     0.00        -0.15        -0.33        -0.01        -0.00        -0.00         0.82             0.00
   (H3, O2, O1, D2)     0.00    -0.00     0.00     0.00     0.00        -0.01        -0.04        -0.00        -0.00        -0.00         0.00             0.05

----- Extended Results: Exact PED, KED and TED analysis per mode -----

Normal mode at the following harmonic frequency: 122 cm-1

Potential energy distribution matrix (normalization check: 1.0)

Internal Coordinate (O1, H4) (O2, H3) (O2, H4) (O1, D1) (O1, D2) (H4, O1, D1) (O2, O1, D2) (H3, O2, H4) (D1, O1, D2) (O1, H4, O2) (O1, H4, O2) (H3, O2, O1, D2)
           (O1, H4)     0.00    -0.00     0.00     0.00    -0.00        -0.00         0.00        -0.00        -0.00        -0.00         0.00             0.00
           (O2, H3)    -0.00     0.00    -0.00     0.00    -0.00        -0.00         0.00        -0.00        -0.00        -0.00         0.00            -0.00
           (O2, H4)     0.00    -0.00     0.00    -0.00     0.00         0.00        -0.00        -0.00         0.00         0.00         0.00             0.00
           (O1, D1)     0.00     0.00    -0.00     0.00     0.00        -0.00         0.00        -0.00        -0.00         0.00        -0.00            -0.00
           (O1, D2)    -0.00    -0.00     0.00     0.00     0.00         0.00        -0.00         0.00         0.00         0.00         0.00            -0.00
       (H4, O1, D1)    -0.00    -0.00     0.00    -0.00     0.00         0.10         0.00        -0.00        -0.00        -0.01         0.00            -0.02
       (O2, O1, D2)     0.00     0.00    -0.00     0.00    -0.00         0.00         0.13         0.00        -0.00        -0.02        -0.00            -0.10
       (H3, O2, H4)    -0.00    -0.00    -0.00    -0.00     0.00        -0.00         0.00         0.00        -0.00        -0.00        -0.00            -0.00
       (D1, O1, D2)    -0.00    -0.00     0.00    -0.00     0.00        -0.00        -0.00        -0.00         0.00         0.00         0.00             0.00
       (O1, H4, O2)    -0.00    -0.00     0.00     0.00     0.00        -0.01        -0.02        -0.00         0.00         0.00         0.00             0.03
       (O1, H4, O2)     0.00     0.00     0.00    -0.00     0.00         0.00        -0.00        -0.00         0.00         0.00         0.00             0.00
   (H3, O2, O1, D2)     0.00    -0.00     0.00    -0.00    -0.00        -0.02        -0.10        -0.00         0.00         0.03         0.00             0.98

Kinetic energy distribution matrix (normalization check: 1.0)

Internal Coordinate (O1, H4) (O2, H3) (O2, H4) (O1, D1) (O1, D2) (H4, O1, D1) (O2, O1, D2) (H3, O2, H4) (D1, O1, D2) (O1, H4, O2) (O1, H4, O2) (H3, O2, O1, D2)
           (O1, H4)     0.00     0.00     0.00     0.00    -0.00        -0.00         0.00        -0.00        -0.00        -0.00         0.00            -0.00
           (O2, H3)     0.00     0.00     0.00    -0.00     0.00         0.00        -0.00         0.00        -0.00         0.00        -0.00            -0.00
           (O2, H4)     0.00     0.00     0.00     0.00    -0.00        -0.00         0.00        -0.00        -0.00        -0.00         0.00            -0.00
           (O1, D1)     0.00    -0.00     0.00     0.00     0.00        -0.00         0.00         0.00        -0.00        -0.00         0.00             0.00
           (O1, D2)    -0.00     0.00    -0.00     0.00     0.00         0.00        -0.00        -0.00         0.00        -0.00        -0.00             0.00
       (H4, O1, D1)    -0.00     0.00    -0.00    -0.00     0.00         0.05        -0.01        -0.00         0.00         0.00        -0.00             0.05
       (O2, O1, D2)     0.00    -0.00     0.00     0.00    -0.00        -0.01         0.06         0.00        -0.00        -0.00         0.00            -0.03
       (H3, O2, H4)    -0.00     0.00    -0.00     0.00    -0.00        -0.00         0.00         0.00         0.00        -0.00         0.00            -0.00
       (D1, O1, D2)    -0.00    -0.00    -0.00    -0.00     0.00         0.00        -0.00         0.00         0.00         0.00        -0.00             0.00
       (O1, H4, O2)    -0.00     0.00    -0.00    -0.00    -0.00         0.00        -0.00        -0.00         0.00         0.00        -0.00             0.00
       (O1, H4, O2)     0.00    -0.00     0.00     0.00    -0.00        -0.00         0.00         0.00        -0.00        -0.00         0.00            -0.00
   (H3, O2, O1, D2)    -0.00    -0.00    -0.00     0.00     0.00         0.05        -0.03        -0.00         0.00         0.00        -0.00             1.10

Total energy distribution matrix (normalization check: 1.0)

Internal Coordinate (O1, H4) (O2, H3) (O2, H4) (O1, D1) (O1, D2) (H4, O1, D1) (O2, O1, D2) (H3, O2, H4) (D1, O1, D2) (O1, H4, O2) (O1, H4, O2) (H3, O2, O1, D2)
           (O1, H4)     0.00    -0.00     0.00     0.00    -0.00        -0.00         0.00        -0.00        -0.00        -0.00         0.00             0.00
           (O2, H3)    -0.00     0.00    -0.00     0.00    -0.00         0.00         0.00        -0.00        -0.00        -0.00         0.00            -0.00
           (O2, H4)     0.00    -0.00     0.00    -0.00     0.00        -0.00         0.00        -0.00         0.00        -0.00         0.00             0.00
           (O1, D1)     0.00     0.00    -0.00     0.00     0.00        -0.00         0.00         0.00        -0.00         0.00        -0.00            -0.00
           (O1, D2)    -0.00    -0.00     0.00     0.00     0.00         0.00        -0.00        -0.00         0.00         0.00         0.00             0.00
       (H4, O1, D1)    -0.00     0.00    -0.00    -0.00     0.00         0.07        -0.00        -0.00         0.00        -0.00         0.00             0.01
       (O2, O1, D2)     0.00     0.00     0.00     0.00    -0.00        -0.00         0.09         0.00        -0.00        -0.01        -0.00            -0.07
       (H3, O2, H4)    -0.00    -0.00    -0.00     0.00    -0.00        -0.00         0.00         0.00        -0.00        -0.00        -0.00            -0.00
       (D1, O1, D2)    -0.00    -0.00     0.00    -0.00     0.00         0.00        -0.00        -0.00         0.00         0.00         0.00             0.00
       (O1, H4, O2)    -0.00    -0.00    -0.00     0.00     0.00        -0.00        -0.01        -0.00         0.00         0.00         0.00             0.01
       (O1, H4, O2)     0.00     0.00     0.00    -0.00     0.00         0.00        -0.00        -0.00         0.00         0.00         0.00            -0.00
   (H3, O2, O1, D2)     0.00    -0.00     0.00    -0.00     0.00         0.01        -0.07        -0.00         0.00         0.01        -0.00             1.04

----- Extended Results: Exact PED, KED and TED analysis per mode -----

Normal mode at the following harmonic frequency: 171 cm-1

Potential energy distribution matrix (normalization check: 1.0)

Internal Coordinate (O1, H4) (O2, H3) (O2, H4) (O1, D1) (O1, D2) (H4, O1, D1) (O2, O1, D2) (H3, O2, H4) (D1, O1, D2) (O1, H4, O2) (O1, H4, O2) (H3, O2, O1, D2)
           (O1, H4)     1.04    -0.00     0.00     0.00     0.00        -0.02        -0.02         0.00        -0.00         0.00        -0.00            -0.00
           (O2, H3)    -0.00     0.00    -0.00     0.00     0.00        -0.00        -0.00         0.00        -0.00         0.00        -0.00             0.00
           (O2, H4)     0.00    -0.00     0.00    -0.00    -0.00         0.00         0.00         0.00         0.00        -0.00        -0.00            -0.00
           (O1, D1)     0.00     0.00    -0.00     0.00    -0.00        -0.00        -0.00         0.00        -0.00        -0.00         0.00             0.00
           (O1, D2)     0.00     0.00    -0.00    -0.00     0.00        -0.00        -0.00         0.00        -0.00         0.00         0.00            -0.00
       (H4, O1, D1)    -0.02    -0.00     0.00    -0.00    -0.00         0.03        -0.00         0.00        -0.00         0.00        -0.01             0.00
       (O2, O1, D2)    -0.02    -0.00     0.00    -0.00    -0.00        -0.00         0.05         0.00         0.00        -0.00        -0.02            -0.00
       (H3, O2, H4)     0.00     0.00     0.00     0.00     0.00         0.00         0.00         0.00         0.00        -0.00        -0.00            -0.00
       (D1, O1, D2)    -0.00    -0.00     0.00    -0.00    -0.00        -0.00         0.00         0.00         0.01        -0.00        -0.00            -0.00
       (O1, H4, O2)     0.00     0.00    -0.00    -0.00     0.00         0.00        -0.00        -0.00        -0.00         0.00         0.00             0.00
       (O1, H4, O2)    -0.00    -0.00    -0.00     0.00     0.00        -0.01        -0.02        -0.00        -0.00         0.00         0.04             0.00
   (H3, O2, O1, D2)    -0.00     0.00    -0.00     0.00    -0.00         0.00        -0.00        -0.00        -0.00         0.00         0.00             0.00

Kinetic energy distribution matrix (normalization check: 1.0)

Internal Coordinate (O1, H4) (O2, H3) (O2, H4) (O1, D1) (O1, D2) (H4, O1, D1) (O2, O1, D2) (H3, O2, H4) (D1, O1, D2) (O1, H4, O2) (O1, H4, O2) (H3, O2, O1, D2)
           (O1, H4)     1.10     0.00     0.00     0.00     0.00        -0.04        -0.04         0.00        -0.00         0.00        -0.03             0.00
           (O2, H3)     0.00     0.00     0.00    -0.00    -0.00         0.00         0.00        -0.00        -0.00        -0.00         0.00             0.00
           (O2, H4)     0.00     0.00     0.00     0.00     0.00        -0.00        -0.00         0.00        -0.00         0.00        -0.00             0.00
           (O1, D1)     0.00    -0.00     0.00     0.00    -0.00        -0.00        -0.00        -0.00        -0.00         0.00        -0.00            -0.00
           (O1, D2)     0.00    -0.00     0.00    -0.00     0.00        -0.00        -0.00        -0.00        -0.00        -0.00        -0.00             0.00
       (H4, O1, D1)    -0.04     0.00    -0.00    -0.00    -0.00         0.03         0.01         0.00         0.00        -0.00         0.01            -0.00
       (O2, O1, D2)    -0.04     0.00    -0.00    -0.00    -0.00         0.01         0.04         0.00         0.00        -0.00         0.00            -0.00
       (H3, O2, H4)     0.00    -0.00     0.00    -0.00    -0.00         0.00         0.00         0.00        -0.00        -0.00         0.00            -0.00
       (D1, O1, D2)    -0.00    -0.00    -0.00    -0.00    -0.00         0.00         0.00        -0.00         0.00        -0.00         0.00            -0.00
       (O1, H4, O2)     0.00    -0.00     0.00     0.00    -0.00        -0.00        -0.00        -0.00        -0.00         0.00        -0.00             0.00
       (O1, H4, O2)    -0.03     0.00    -0.00    -0.00    -0.00         0.01         0.00         0.00         0.00        -0.00         0.02            -0.00
   (H3, O2, O1, D2)     0.00     0.00     0.00    -0.00     0.00        -0.00        -0.00        -0.00        -0.00         0.00        -0.00             0.01

Total energy distribution matrix (normalization check: 1.0)

Internal Coordinate (O1, H4) (O2, H3) (O2, H4) (O1, D1) (O1, D2) (H4, O1, D1) (O2, O1, D2) (H3, O2, H4) (D1, O1, D2) (O1, H4, O2) (O1, H4, O2) (H3, O2, O1, D2)
           (O1, H4)     1.07    -0.00     0.00     0.00     0.00        -0.03        -0.03         0.00        -0.00         0.00        -0.01            -0.00
           (O2, H3)    -0.00     0.00    -0.00     0.00     0.00         0.00         0.00         0.00        -0.00         0.00        -0.00             0.00
           (O2, H4)     0.00    -0.00     0.00    -0.00    -0.00        -0.00        -0.00         0.00         0.00         0.00        -0.00            -0.00
           (O1, D1)     0.00     0.00    -0.00     0.00    -0.00        -0.00        -0.00        -0.00        -0.00        -0.00         0.00            -0.00
           (O1, D2)     0.00     0.00    -0.00    -0.00     0.00        -0.00        -0.00        -0.00        -0.00         0.00         0.00             0.00
       (H4, O1, D1)    -0.03     0.00    -0.00    -0.00    -0.00         0.03         0.00         0.00         0.00         0.00        -0.00            -0.00
       (O2, O1, D2)    -0.03     0.00    -0.00    -0.00    -0.00         0.00         0.05         0.00         0.00        -0.00        -0.01            -0.00
       (H3, O2, H4)     0.00     0.00     0.00    -0.00    -0.00         0.00         0.00         0.00         0.00        -0.00        -0.00            -0.00
       (D1, O1, D2)    -0.00    -0.00     0.00    -0.00    -0.00         0.00         0.00         0.00         0.00        -0.00        -0.00            -0.00
       (O1, H4, O2)     0.00     0.00     0.00    -0.00     0.00         0.00        -0.00        -0.00        -0.00         0.00         0.00             0.00
       (O1, H4, O2)    -0.01    -0.00    -0.00     0.00     0.00        -0.00        -0.01        -0.00        -0.00         0.00         0.03            -0.00
   (H3, O2, O1, D2)    -0.00     0.00    -0.00    -0.00     0.00        -0.00        -0.00        -0.00        -0.00         0.00        -0.00             0.00

----- Extended Results: Exact PED, KED and TED analysis per mode -----

Normal mode at the following harmonic frequency: 331 cm-1

Potential energy distribution matrix (normalization check: 1.0)

Internal Coordinate (O1, H4) (O2, H3) (O2, H4) (O1, D1) (O1, D2) (H4, O1, D1) (O2, O1, D2) (H3, O2, H4) (D1, O1, D2) (O1, H4, O2) (O1, H4, O2) (H3, O2, O1, D2)
           (O1, H4)     0.00     0.00     0.00    -0.00    -0.00         0.00         0.00         0.00         0.00        -0.00        -0.00             0.00
           (O2, H3)     0.00     0.00     0.00     0.00     0.00        -0.00        -0.00        -0.00        -0.00         0.00         0.00             0.00
           (O2, H4)     0.00     0.00     0.00     0.00     0.00        -0.00        -0.00         0.00        -0.00         0.00        -0.00             0.00
           (O1, D1)    -0.00     0.00     0.00     0.00    -0.00        -0.00        -0.00        -0.00        -0.00        -0.00        -0.00             0.00
           (O1, D2)    -0.00     0.00     0.00    -0.00     0.00        -0.00        -0.00        -0.00        -0.00         0.00        -0.00            -0.00
       (H4, O1, D1)     0.00    -0.00    -0.00    -0.00    -0.00         0.10        -0.00        -0.00        -0.00         0.00         0.09             0.00
       (O2, O1, D2)     0.00    -0.00    -0.00    -0.00    -0.00        -0.00         0.04        -0.00         0.00        -0.00         0.08            -0.00
       (H3, O2, H4)     0.00    -0.00     0.00    -0.00    -0.00        -0.00        -0.00         0.08        -0.00         0.00        -0.03             0.00
       (D1, O1, D2)     0.00    -0.00    -0.00    -0.00    -0.00        -0.00         0.00        -0.00         0.00        -0.00         0.00            -0.00
       (O1, H4, O2)    -0.00     0.00     0.00    -0.00     0.00         0.00        -0.00         0.00        -0.00         0.00        -0.00             0.00
       (O1, H4, O2)    -0.00     0.00    -0.00    -0.00    -0.00         0.09         0.08        -0.03         0.00        -0.00         0.51            -0.00
   (H3, O2, O1, D2)     0.00     0.00     0.00     0.00    -0.00         0.00        -0.00         0.00        -0.00         0.00        -0.00             0.00

Kinetic energy distribution matrix (normalization check: 1.0)

Internal Coordinate (O1, H4) (O2, H3) (O2, H4) (O1, D1) (O1, D2) (H4, O1, D1) (O2, O1, D2) (H3, O2, H4) (D1, O1, D2) (O1, H4, O2) (O1, H4, O2) (H3, O2, O1, D2)
           (O1, H4)     0.00    -0.00     0.00    -0.00    -0.00         0.00         0.00         0.00         0.00        -0.00        -0.00            -0.00
           (O2, H3)    -0.00     0.00    -0.00    -0.00    -0.00         0.00         0.00         0.00        -0.00        -0.00        -0.00             0.00
           (O2, H4)     0.00    -0.00     0.00    -0.00    -0.00         0.00         0.00         0.00         0.00        -0.00        -0.00            -0.00
           (O1, D1)    -0.00    -0.00    -0.00     0.00    -0.00        -0.00        -0.00         0.00        -0.00         0.00         0.00            -0.00
           (O1, D2)    -0.00    -0.00    -0.00    -0.00     0.00        -0.00        -0.00         0.00        -0.00        -0.00         0.00             0.00
       (H4, O1, D1)     0.00     0.00     0.00    -0.00    -0.00         0.36         0.03        -0.00         0.00        -0.00        -0.17            -0.02
       (O2, O1, D2)     0.00     0.00     0.00    -0.00    -0.00         0.03         0.15        -0.00         0.00        -0.00        -0.04            -0.01
       (H3, O2, H4)     0.00     0.00     0.00     0.00     0.00        -0.00        -0.00         0.01         0.00         0.00         0.05             0.00
       (D1, O1, D2)     0.00    -0.00     0.00    -0.00    -0.00         0.00         0.00         0.00         0.00        -0.00        -0.00            -0.00
       (O1, H4, O2)    -0.00    -0.00    -0.00     0.00    -0.00        -0.00        -0.00         0.00        -0.00         0.00         0.00             0.00
       (O1, H4, O2)    -0.00    -0.00    -0.00     0.00     0.00        -0.17        -0.04         0.05        -0.00         0.00         0.84             0.01
   (H3, O2, O1, D2)    -0.00     0.00    -0.00    -0.00     0.00        -0.02        -0.01         0.00        -0.00         0.00         0.01             0.02

Total energy distribution matrix (normalization check: 1.0)

Internal Coordinate (O1, H4) (O2, H3) (O2, H4) (O1, D1) (O1, D2) (H4, O1, D1) (O2, O1, D2) (H3, O2, H4) (D1, O1, D2) (O1, H4, O2) (O1, H4, O2) (H3, O2, O1, D2)
           (O1, H4)     0.00    -0.00     0.00    -0.00    -0.00         0.00         0.00         0.00         0.00        -0.00        -0.00            -0.00
           (O2, H3)    -0.00     0.00     0.00    -0.00    -0.00         0.00         0.00        -0.00        -0.00         0.00         0.00             0.00
           (O2, H4)     0.00     0.00     0.00    -0.00    -0.00         0.00         0.00         0.00        -0.00        -0.00        -0.00            -0.00
           (O1, D1)    -0.00    -0.00    -0.00     0.00    -0.00        -0.00        -0.00         0.00        -0.00         0.00        -0.00            -0.00
           (O1, D2)    -0.00    -0.00    -0.00    -0.00     0.00        -0.00        -0.00         0.00        -0.00         0.00        -0.00             0.00
       (H4, O1, D1)     0.00     0.00     0.00    -0.00    -0.00         0.23         0.02        -0.00         0.00        -0.00        -0.04            -0.01
       (O2, O1, D2)     0.00     0.00     0.00    -0.00    -0.00         0.02         0.09        -0.00         0.00        -0.00         0.02            -0.00
       (H3, O2, H4)     0.00    -0.00     0.00     0.00     0.00        -0.00        -0.00         0.05        -0.00         0.00         0.01             0.00
       (D1, O1, D2)     0.00    -0.00    -0.00    -0.00    -0.00         0.00         0.00        -0.00         0.00        -0.00         0.00            -0.00
       (O1, H4, O2)    -0.00     0.00    -0.00     0.00     0.00        -0.00        -0.00         0.00        -0.00         0.00        -0.00             0.00
       (O1, H4, O2)    -0.00     0.00    -0.00    -0.00    -0.00        -0.04         0.02         0.01         0.00        -0.00         0.68             0.00
   (H3, O2, O1, D2)    -0.00     0.00    -0.00    -0.00     0.00        -0.01        -0.00         0.00        -0.00         0.00         0.00             0.01

----- Extended Results: Exact PED, KED and TED analysis per mode -----

Normal mode at the following harmonic frequency: 583 cm-1

Potential energy distribution matrix (normalization check: 1.0)

Internal Coordinate (O1, H4) (O2, H3) (O2, H4) (O1, D1) (O1, D2) (H4, O1, D1) (O2, O1, D2) (H3, O2, H4) (D1, O1, D2) (O1, H4, O2) (O1, H4, O2) (H3, O2, O1, D2)
           (O1, H4)     0.00    -0.00    -0.00     0.00    -0.00        -0.00         0.00        -0.00         0.00         0.00        -0.00            -0.00
           (O2, H3)    -0.00     0.00     0.00     0.00    -0.00        -0.00         0.00        -0.00         0.00         0.00        -0.00             0.00
           (O2, H4)    -0.00     0.00     0.00     0.00    -0.00        -0.00         0.00         0.00         0.00         0.00         0.00             0.00
           (O1, D1)     0.00     0.00     0.00     0.00     0.00        -0.00         0.00        -0.00         0.00        -0.00         0.00             0.00
           (O1, D2)    -0.00    -0.00    -0.00     0.00     0.00         0.00        -0.00         0.00        -0.00        -0.00        -0.00             0.00
       (H4, O1, D1)    -0.00    -0.00    -0.00    -0.00     0.00         0.06         0.00        -0.00         0.00         0.09        -0.00             0.00
       (O2, O1, D2)     0.00     0.00     0.00     0.00    -0.00         0.00         0.01         0.00         0.00         0.04         0.00             0.00
       (H3, O2, H4)    -0.00    -0.00     0.00    -0.00     0.00        -0.00         0.00         0.00         0.00         0.00         0.00             0.00
       (D1, O1, D2)     0.00     0.00     0.00     0.00    -0.00         0.00         0.00         0.00         0.00         0.00         0.00             0.00
       (O1, H4, O2)     0.00     0.00     0.00    -0.00    -0.00         0.09         0.04         0.00         0.00         0.64         0.00             0.01
       (O1, H4, O2)    -0.00    -0.00     0.00     0.00    -0.00        -0.00         0.00         0.00         0.00         0.00         0.00             0.00
   (H3, O2, O1, D2)    -0.00     0.00     0.00     0.00     0.00         0.00         0.00         0.00         0.00         0.01         0.00             0.00

Kinetic energy distribution matrix (normalization check: 1.0)

Internal Coordinate (O1, H4) (O2, H3) (O2, H4) (O1, D1) (O1, D2) (H4, O1, D1) (O2, O1, D2) (H3, O2, H4) (D1, O1, D2) (O1, H4, O2) (O1, H4, O2) (H3, O2, O1, D2)
           (O1, H4)     0.00     0.00    -0.00     0.00    -0.00        -0.00         0.00        -0.00         0.00         0.00        -0.00             0.00
           (O2, H3)     0.00     0.00    -0.00    -0.00     0.00         0.00        -0.00         0.00         0.00        -0.00         0.00             0.00
           (O2, H4)    -0.00    -0.00     0.00    -0.00     0.00         0.00        -0.00         0.00        -0.00        -0.00         0.00            -0.00
           (O1, D1)     0.00    -0.00    -0.00     0.00     0.00        -0.00         0.00         0.00         0.00         0.00        -0.00            -0.00
           (O1, D2)    -0.00     0.00     0.00     0.00     0.00         0.00        -0.00        -0.00        -0.00         0.00         0.00            -0.00
       (H4, O1, D1)    -0.00     0.00     0.00    -0.00     0.00         0.72        -0.03        -0.00        -0.00        -0.53         0.00            -0.03
       (O2, O1, D2)     0.00    -0.00    -0.00     0.00    -0.00        -0.03         0.06         0.00         0.00         0.02        -0.00             0.00
       (H3, O2, H4)    -0.00     0.00     0.00     0.00    -0.00        -0.00         0.00         0.00        -0.00         0.00        -0.00             0.00
       (D1, O1, D2)     0.00     0.00    -0.00     0.00    -0.00        -0.00         0.00        -0.00         0.00         0.00        -0.00             0.00
       (O1, H4, O2)     0.00    -0.00    -0.00     0.00     0.00        -0.53         0.02         0.00         0.00         1.40        -0.00             0.03
       (O1, H4, O2)    -0.00     0.00     0.00    -0.00     0.00         0.00        -0.00        -0.00        -0.00        -0.00         0.00            -0.00
   (H3, O2, O1, D2)     0.00     0.00    -0.00    -0.00    -0.00        -0.03         0.00         0.00         0.00         0.03        -0.00             0.02

Total energy distribution matrix (normalization check: 1.0)

Internal Coordinate (O1, H4) (O2, H3) (O2, H4) (O1, D1) (O1, D2) (H4, O1, D1) (O2, O1, D2) (H3, O2, H4) (D1, O1, D2) (O1, H4, O2) (O1, H4, O2) (H3, O2, O1, D2)
           (O1, H4)     0.00     0.00    -0.00     0.00    -0.00        -0.00         0.00        -0.00         0.00         0.00        -0.00             0.00
           (O2, H3)     0.00     0.00     0.00    -0.00     0.00         0.00        -0.00        -0.00         0.00        -0.00         0.00             0.00
           (O2, H4)    -0.00     0.00     0.00    -0.00     0.00         0.00        -0.00         0.00         0.00        -0.00         0.00            -0.00
           (O1, D1)     0.00    -0.00    -0.00     0.00     0.00        -0.00         0.00         0.00         0.00         0.00        -0.00            -0.00
           (O1, D2)    -0.00     0.00     0.00     0.00     0.00         0.00        -0.00        -0.00        -0.00        -0.00         0.00            -0.00
       (H4, O1, D1)    -0.00     0.00     0.00    -0.00     0.00         0.39        -0.02        -0.00        -0.00        -0.22         0.00            -0.01
       (O2, O1, D2)     0.00    -0.00    -0.00     0.00    -0.00        -0.02         0.03         0.00         0.00         0.03        -0.00             0.00
       (H3, O2, H4)    -0.00    -0.00     0.00     0.00    -0.00        -0.00         0.00         0.00         0.00         0.00        -0.00             0.00
       (D1, O1, D2)     0.00     0.00     0.00     0.00    -0.00        -0.00         0.00         0.00         0.00         0.00        -0.00             0.00
       (O1, H4, O2)     0.00    -0.00    -0.00     0.00    -0.00        -0.22         0.03         0.00         0.00         1.02        -0.00             0.02
       (O1, H4, O2)    -0.00     0.00     0.00    -0.00     0.00         0.00        -0.00        -0.00        -0.00        -0.00         0.00            -0.00
   (H3, O2, O1, D2)     0.00     0.00    -0.00    -0.00    -0.00        -0.01         0.00         0.00         0.00         0.02        -0.00             0.01

----- Extended Results: Exact PED, KED and TED analysis per mode -----

Normal mode at the following harmonic frequency: 1281 cm-1

Potential energy distribution matrix (normalization check: 1.0)

Internal Coordinate (O1, H4) (O2, H3) (O2, H4) (O1, D1) (O1, D2) (H4, O1, D1) (O2, O1, D2) (H3, O2, H4) (D1, O1, D2) (O1, H4, O2) (O1, H4, O2) (H3, O2, O1, D2)
           (O1, H4)     0.00    -0.00     0.00    -0.00    -0.00        -0.00        -0.00        -0.00         0.00        -0.00        -0.00             0.00
           (O2, H3)    -0.00     0.00    -0.00    -0.00    -0.00        -0.00        -0.00        -0.00         0.00        -0.00        -0.00            -0.00
           (O2, H4)     0.00    -0.00     0.00     0.00     0.00         0.00         0.00        -0.00        -0.00         0.00        -0.00             0.00
           (O1, D1)    -0.00    -0.00     0.00     0.00    -0.00         0.00         0.00         0.00        -0.01        -0.00        -0.00             0.00
           (O1, D2)    -0.00    -0.00     0.00    -0.00     0.00         0.00         0.00         0.00        -0.01         0.00        -0.00            -0.00
       (H4, O1, D1)    -0.00    -0.00     0.00     0.00     0.00         0.00        -0.00        -0.00         0.00        -0.00        -0.00            -0.00
       (O2, O1, D2)    -0.00    -0.00     0.00     0.00     0.00        -0.00         0.00        -0.00        -0.00         0.00        -0.00             0.00
       (H3, O2, H4)    -0.00    -0.00    -0.00     0.00     0.00        -0.00        -0.00         0.00         0.00        -0.00         0.00            -0.00
       (D1, O1, D2)     0.00     0.00    -0.00    -0.01    -0.01         0.00        -0.00         0.00         1.01        -0.00         0.00            -0.00
       (O1, H4, O2)    -0.00    -0.00     0.00    -0.00     0.00        -0.00         0.00        -0.00        -0.00         0.00        -0.00             0.00
       (O1, H4, O2)    -0.00    -0.00    -0.00    -0.00    -0.00        -0.00        -0.00         0.00         0.00        -0.00         0.00            -0.00
   (H3, O2, O1, D2)     0.00    -0.00     0.00     0.00    -0.00        -0.00         0.00        -0.00        -0.00         0.00        -0.00             0.00

Kinetic energy distribution matrix (normalization check: 1.0)

Internal Coordinate (O1, H4) (O2, H3) (O2, H4) (O1, D1) (O1, D2) (H4, O1, D1) (O2, O1, D2) (H3, O2, H4) (D1, O1, D2) (O1, H4, O2) (O1, H4, O2) (H3, O2, O1, D2)
           (O1, H4)     0.03     0.00     0.00    -0.00    -0.00        -0.01        -0.01        -0.00         0.00        -0.00        -0.00            -0.00
           (O2, H3)     0.00     0.00     0.00     0.00     0.00         0.00         0.00         0.00         0.00         0.00         0.00            -0.00
           (O2, H4)     0.00     0.00     0.00    -0.00    -0.00        -0.00        -0.00        -0.00         0.00        -0.00        -0.00            -0.00
           (O1, D1)    -0.00     0.00    -0.00     0.00    -0.00         0.00         0.00        -0.00        -0.00         0.00         0.00            -0.00
           (O1, D2)    -0.00     0.00    -0.00    -0.00     0.00         0.00         0.00        -0.00        -0.00        -0.00         0.00             0.00
       (H4, O1, D1)    -0.01     0.00    -0.00     0.00     0.00         0.17         0.02        -0.00        -0.23         0.00         0.00             0.04
       (O2, O1, D2)    -0.01     0.00    -0.00     0.00     0.00         0.02         0.15        -0.00        -0.19         0.00         0.00             0.02
       (H3, O2, H4)    -0.00     0.00    -0.00    -0.00    -0.00        -0.00        -0.00         0.00        -0.00        -0.00        -0.00            -0.00
       (D1, O1, D2)     0.00     0.00     0.00    -0.00    -0.00        -0.23        -0.19        -0.00         1.83        -0.00        -0.00            -0.26
       (O1, H4, O2)    -0.00     0.00    -0.00     0.00    -0.00         0.00         0.00        -0.00        -0.00         0.00         0.00             0.00
       (O1, H4, O2)    -0.00     0.00    -0.00     0.00     0.00         0.00         0.00        -0.00        -0.00         0.00         0.00             0.00
   (H3, O2, O1, D2)    -0.00    -0.00    -0.00    -0.00     0.00         0.04         0.02        -0.00        -0.26         0.00         0.00             0.20

Total energy distribution matrix (normalization check: 1.0)

Internal Coordinate (O1, H4) (O2, H3) (O2, H4) (O1, D1) (O1, D2) (H4, O1, D1) (O2, O1, D2) (H3, O2, H4) (D1, O1, D2) (O1, H4, O2) (O1, H4, O2) (H3, O2, O1, D2)
           (O1, H4)     0.01     0.00     0.00    -0.00    -0.00        -0.01        -0.01        -0.00         0.00        -0.00        -0.00            -0.00
           (O2, H3)     0.00     0.00     0.00     0.00     0.00         0.00         0.00        -0.00         0.00         0.00         0.00            -0.00
           (O2, H4)     0.00     0.00     0.00    -0.00    -0.00        -0.00        -0.00        -0.00         0.00        -0.00        -0.00            -0.00
           (O1, D1)    -0.00     0.00    -0.00     0.00    -0.00         0.00         0.00        -0.00        -0.00         0.00         0.00            -0.00
           (O1, D2)    -0.00     0.00    -0.00    -0.00     0.00         0.00         0.00        -0.00        -0.00         0.00         0.00             0.00
       (H4, O1, D1)    -0.01     0.00    -0.00     0.00     0.00         0.09         0.01        -0.00        -0.11         0.00         0.00             0.02
       (O2, O1, D2)    -0.01     0.00    -0.00     0.00     0.00         0.01         0.08        -0.00        -0.10         0.00         0.00             0.01
       (H3, O2, H4)    -0.00    -0.00    -0.00    -0.00    -0.00        -0.00        -0.00         0.00        -0.00        -0.00        -0.00            -0.00
       (D1, O1, D2)     0.00     0.00     0.00    -0.00    -0.00        -0.11        -0.10        -0.00         1.42        -0.00        -0.00            -0.13
       (O1, H4, O2)    -0.00     0.00    -0.00     0.00     0.00         0.00         0.00        -0.00        -0.00         0.00         0.00             0.00
       (O1, H4, O2)    -0.00     0.00    -0.00     0.00     0.00         0.00         0.00        -0.00        -0.00         0.00         0.00             0.00
   (H3, O2, O1, D2)    -0.00    -0.00    -0.00    -0.00     0.00         0.02         0.01        -0.00        -0.13         0.00         0.00             0.10

----- Extended Results: Exact PED, KED and TED analysis per mode -----

Normal mode at the following harmonic frequency: 1776 cm-1

Potential energy distribution matrix (normalization check: 1.0)

Internal Coordinate (O1, H4) (O2, H3) (O2, H4) (O1, D1) (O1, D2) (H4, O1, D1) (O2, O1, D2) (H3, O2, H4) (D1, O1, D2) (O1, H4, O2) (O1, H4, O2) (H3, O2, O1, D2)
           (O1, H4)     0.00    -0.00     0.00    -0.00    -0.00         0.00         0.00        -0.00        -0.00        -0.00        -0.00             0.00
           (O2, H3)    -0.00     0.01    -0.00    -0.00    -0.00         0.00         0.00        -0.01        -0.00        -0.00        -0.00            -0.00
           (O2, H4)     0.00    -0.00     0.01     0.00     0.00        -0.00        -0.00        -0.01         0.00         0.00        -0.00             0.00
           (O1, D1)    -0.00    -0.00     0.00     0.00    -0.00        -0.00        -0.00         0.00         0.00        -0.00        -0.00             0.00
           (O1, D2)    -0.00    -0.00     0.00    -0.00     0.00        -0.00        -0.00         0.00         0.00         0.00        -0.00            -0.00
       (H4, O1, D1)     0.00     0.00    -0.00    -0.00    -0.00         0.00        -0.00         0.00         0.00         0.00         0.00             0.00
       (O2, O1, D2)     0.00     0.00    -0.00    -0.00    -0.00        -0.00         0.00         0.00        -0.00        -0.00         0.00            -0.00
       (H3, O2, H4)    -0.00    -0.01    -0.01     0.00     0.00         0.00         0.00         0.93        -0.00        -0.00         0.02            -0.00
       (D1, O1, D2)    -0.00    -0.00     0.00     0.00     0.00         0.00        -0.00        -0.00         0.00         0.00        -0.00             0.00
       (O1, H4, O2)    -0.00    -0.00     0.00    -0.00     0.00         0.00        -0.00        -0.00         0.00         0.00        -0.00             0.00
       (O1, H4, O2)    -0.00    -0.00    -0.00    -0.00    -0.00         0.00         0.00         0.02        -0.00        -0.00         0.03            -0.00
   (H3, O2, O1, D2)     0.00    -0.00     0.00     0.00    -0.00         0.00        -0.00        -0.00         0.00         0.00        -0.00             0.00

Kinetic energy distribution matrix (normalization check: 1.0)

Internal Coordinate (O1, H4) (O2, H3) (O2, H4) (O1, D1) (O1, D2) (H4, O1, D1) (O2, O1, D2) (H3, O2, H4) (D1, O1, D2) (O1, H4, O2) (O1, H4, O2) (H3, O2, O1, D2)
           (O1, H4)     0.10     0.00     0.03    -0.00    -0.00         0.02         0.00        -0.08        -0.00        -0.00        -0.07            -0.00
           (O2, H3)     0.00     0.00     0.00     0.00     0.00        -0.00        -0.00         0.00        -0.00         0.00         0.00            -0.00
           (O2, H4)     0.03     0.00     0.01    -0.00    -0.00         0.01         0.00        -0.01        -0.00        -0.00        -0.03            -0.00
           (O1, D1)    -0.00     0.00    -0.00     0.00    -0.00        -0.00        -0.00        -0.00         0.00         0.00         0.00            -0.00
           (O1, D2)    -0.00     0.00    -0.00    -0.00     0.00        -0.00        -0.00        -0.00         0.00        -0.00         0.00             0.00
       (H4, O1, D1)     0.02    -0.00     0.01    -0.00    -0.00         0.08         0.00         0.01        -0.00        -0.00        -0.10            -0.00
       (O2, O1, D2)     0.00    -0.00     0.00    -0.00    -0.00         0.00         0.00         0.00        -0.00        -0.00        -0.00            -0.00
       (H3, O2, H4)    -0.08     0.00    -0.01    -0.00    -0.00         0.01         0.00         2.46         0.00        -0.00        -1.12            -0.00
       (D1, O1, D2)    -0.00    -0.00    -0.00     0.00     0.00        -0.00        -0.00         0.00         0.00         0.00         0.00             0.00
       (O1, H4, O2)    -0.00     0.00    -0.00     0.00    -0.00        -0.00        -0.00        -0.00         0.00         0.00         0.00             0.00
       (O1, H4, O2)    -0.07     0.00    -0.03     0.00     0.00        -0.10        -0.00        -1.12         0.00         0.00         1.34             0.00
   (H3, O2, O1, D2)    -0.00    -0.00    -0.00    -0.00     0.00        -0.00        -0.00        -0.00         0.00         0.00         0.00             0.00

Total energy distribution matrix (normalization check: 1.0)

Internal Coordinate (O1, H4) (O2, H3) (O2, H4) (O1, D1) (O1, D2) (H4, O1, D1) (O2, O1, D2) (H3, O2, H4) (D1, O1, D2) (O1, H4, O2) (O1, H4, O2) (H3, O2, O1, D2)
           (O1, H4)     0.05     0.00     0.01    -0.00    -0.00         0.01         0.00        -0.04        -0.00        -0.00        -0.04            -0.00
           (O2, H3)     0.00     0.00     0.00     0.00     0.00        -0.00        -0.00        -0.00        -0.00         0.00         0.00            -0.00
           (O2, H4)     0.01     0.00     0.01    -0.00    -0.00         0.00         0.00        -0.01        -0.00        -0.00        -0.01            -0.00
           (O1, D1)    -0.00     0.00    -0.00     0.00    -0.00        -0.00        -0.00        -0.00         0.00         0.00         0.00            -0.00
           (O1, D2)    -0.00     0.00    -0.00    -0.00     0.00        -0.00        -0.00        -0.00         0.00        -0.00         0.00             0.00
       (H4, O1, D1)     0.01    -0.00     0.00    -0.00    -0.00         0.04         0.00         0.00        -0.00        -0.00        -0.05            -0.00
       (O2, O1, D2)     0.00    -0.00     0.00    -0.00    -0.00         0.00         0.00         0.00        -0.00        -0.00        -0.00            -0.00
       (H3, O2, H4)    -0.04    -0.00    -0.01    -0.00    -0.00         0.00         0.00         1.70         0.00        -0.00        -0.55            -0.00
       (D1, O1, D2)    -0.00    -0.00    -0.00     0.00     0.00        -0.00        -0.00         0.00         0.00         0.00         0.00             0.00
       (O1, H4, O2)    -0.00     0.00    -0.00     0.00    -0.00        -0.00        -0.00        -0.00         0.00         0.00         0.00             0.00
       (O1, H4, O2)    -0.04     0.00    -0.01     0.00     0.00        -0.05        -0.00        -0.55         0.00         0.00         0.68             0.00
   (H3, O2, O1, D2)    -0.00    -0.00    -0.00    -0.00     0.00        -0.00        -0.00        -0.00         0.00         0.00         0.00             0.00

----- Extended Results: Exact PED, KED and TED analysis per mode -----

Normal mode at the following harmonic frequency: 2981 cm-1

Potential energy distribution matrix (normalization check: 1.0)

Internal Coordinate (O1, H4) (O2, H3) (O2, H4) (O1, D1) (O1, D2) (H4, O1, D1) (O2, O1, D2) (H3, O2, H4) (D1, O1, D2) (O1, H4, O2) (O1, H4, O2) (H3, O2, O1, D2)
           (O1, H4)     0.00     0.00    -0.00    -0.00    -0.00        -0.00        -0.00         0.00         0.00        -0.00        -0.00             0.00
           (O2, H3)     0.00     0.00    -0.00     0.00     0.00         0.00         0.00        -0.00        -0.00         0.00         0.00             0.00
           (O2, H4)    -0.00    -0.00     0.00    -0.00    -0.00        -0.00        -0.00        -0.00         0.00        -0.00         0.00            -0.00
           (O1, D1)    -0.00     0.00    -0.00     0.51    -0.00         0.00         0.00        -0.00        -0.00        -0.00        -0.00             0.00
           (O1, D2)    -0.00     0.00    -0.00    -0.00     0.51         0.00         0.00        -0.00        -0.00         0.00        -0.00            -0.00
       (H4, O1, D1)    -0.00     0.00    -0.00     0.00     0.00         0.00        -0.00         0.00         0.00        -0.00        -0.00            -0.00
       (O2, O1, D2)    -0.00     0.00    -0.00     0.00     0.00        -0.00         0.00         0.00        -0.00         0.00        -0.00             0.00
       (H3, O2, H4)     0.00    -0.00    -0.00    -0.00    -0.00         0.00         0.00         0.00        -0.00         0.00        -0.00             0.00
       (D1, O1, D2)     0.00    -0.00     0.00    -0.00    -0.00         0.00        -0.00        -0.00         0.00        -0.00         0.00            -0.00
       (O1, H4, O2)    -0.00     0.00    -0.00    -0.00     0.00        -0.00         0.00         0.00        -0.00         0.00        -0.00             0.00
       (O1, H4, O2)    -0.00     0.00     0.00    -0.00    -0.00        -0.00        -0.00        -0.00         0.00        -0.00         0.00            -0.00
   (H3, O2, O1, D2)     0.00     0.00    -0.00     0.00    -0.00        -0.00         0.00         0.00        -0.00         0.00        -0.00             0.00

Kinetic energy distribution matrix (normalization check: 1.0)

Internal Coordinate (O1, H4) (O2, H3) (O2, H4) (O1, D1) (O1, D2) (H4, O1, D1) (O2, O1, D2) (H3, O2, H4) (D1, O1, D2) (O1, H4, O2) (O1, H4, O2) (H3, O2, O1, D2)
           (O1, H4)     0.02    -0.00    -0.00    -0.01    -0.01        -0.00        -0.00         0.00         0.00        -0.00        -0.00            -0.00
           (O2, H3)    -0.00     0.00     0.00    -0.00    -0.00        -0.00        -0.00         0.00        -0.00        -0.00        -0.00             0.00
           (O2, H4)    -0.00     0.00     0.00     0.00     0.00         0.00         0.00        -0.00        -0.00         0.00         0.00             0.00
           (O1, D1)    -0.01    -0.00     0.00     0.55    -0.00         0.00         0.00         0.00        -0.00         0.00         0.00            -0.00
           (O1, D2)    -0.01    -0.00     0.00    -0.00     0.55         0.00         0.00         0.00        -0.00        -0.00         0.00             0.00
       (H4, O1, D1)    -0.00    -0.00     0.00     0.00     0.00         0.00         0.00         0.00        -0.00         0.00         0.00             0.00
       (O2, O1, D2)    -0.00    -0.00     0.00     0.00     0.00         0.00         0.00         0.00        -0.00         0.00         0.00             0.00
       (H3, O2, H4)     0.00     0.00    -0.00     0.00     0.00         0.00         0.00         0.00         0.00         0.00         0.00             0.00
       (D1, O1, D2)     0.00    -0.00    -0.00    -0.00    -0.00        -0.00        -0.00         0.00         0.01        -0.00        -0.00            -0.00
       (O1, H4, O2)    -0.00    -0.00     0.00     0.00    -0.00         0.00         0.00         0.00        -0.00         0.00         0.00             0.00
       (O1, H4, O2)    -0.00    -0.00     0.00     0.00     0.00         0.00         0.00         0.00        -0.00         0.00         0.00             0.00
   (H3, O2, O1, D2)    -0.00     0.00     0.00    -0.00     0.00         0.00         0.00         0.00        -0.00         0.00         0.00             0.00

Total energy distribution matrix (normalization check: 1.0)

Internal Coordinate (O1, H4) (O2, H3) (O2, H4) (O1, D1) (O1, D2) (H4, O1, D1) (O2, O1, D2) (H3, O2, H4) (D1, O1, D2) (O1, H4, O2) (O1, H4, O2) (H3, O2, O1, D2)
           (O1, H4)     0.01    -0.00    -0.00    -0.00    -0.00        -0.00        -0.00         0.00         0.00        -0.00        -0.00            -0.00
           (O2, H3)    -0.00     0.00     0.00    -0.00    -0.00        -0.00        -0.00         0.00        -0.00        -0.00        -0.00             0.00
           (O2, H4)    -0.00     0.00     0.00     0.00     0.00         0.00         0.00        -0.00        -0.00         0.00         0.00             0.00
           (O1, D1)    -0.00    -0.00     0.00     0.53    -0.00         0.00         0.00         0.00        -0.00         0.00         0.00            -0.00
           (O1, D2)    -0.00    -0.00     0.00    -0.00     0.53         0.00         0.00         0.00        -0.00        -0.00         0.00             0.00
       (H4, O1, D1)    -0.00    -0.00     0.00     0.00     0.00         0.00         0.00         0.00        -0.00         0.00         0.00             0.00
       (O2, O1, D2)    -0.00    -0.00     0.00     0.00     0.00         0.00         0.00         0.00        -0.00         0.00         0.00             0.00
       (H3, O2, H4)     0.00     0.00    -0.00     0.00     0.00         0.00         0.00         0.00         0.00         0.00         0.00             0.00
       (D1, O1, D2)     0.00    -0.00    -0.00    -0.00    -0.00        -0.00        -0.00         0.00         0.01        -0.00        -0.00            -0.00
       (O1, H4, O2)    -0.00    -0.00     0.00     0.00    -0.00         0.00         0.00         0.00        -0.00         0.00         0.00             0.00
       (O1, H4, O2)    -0.00    -0.00     0.00     0.00     0.00         0.00         0.00         0.00        -0.00         0.00         0.00             0.00
   (H3, O2, O1, D2)    -0.00     0.00     0.00    -0.00     0.00         0.00         0.00         0.00        -0.00         0.00         0.00             0.00

----- Extended Results: Exact PED, KED and TED analysis per mode -----

Normal mode at the following harmonic frequency: 3102 cm-1

Potential energy distribution matrix (normalization check: 1.0)

Internal Coordinate (O1, H4) (O2, H3) (O2, H4) (O1, D1) (O1, D2) (H4, O1, D1) (O2, O1, D2) (H3, O2, H4) (D1, O1, D2) (O1, H4, O2) (O1, H4, O2) (H3, O2, O1, D2)
           (O1, H4)     0.00    -0.00     0.00    -0.00     0.00         0.00        -0.00        -0.00         0.00        -0.00         0.00             0.00
           (O2, H3)    -0.00     0.00    -0.00    -0.00     0.00         0.00        -0.00        -0.00         0.00        -0.00         0.00            -0.00
           (O2, H4)     0.00    -0.00     0.00     0.00    -0.00        -0.00         0.00        -0.00        -0.00         0.00         0.00             0.00
           (O1, D1)    -0.00    -0.00     0.00     0.50     0.00        -0.00         0.00         0.00        -0.00        -0.00         0.00             0.00
           (O1, D2)     0.00     0.00    -0.00     0.00     0.50         0.00        -0.00        -0.00         0.00        -0.00        -0.00             0.00
       (H4, O1, D1)     0.00     0.00    -0.00    -0.00     0.00         0.00         0.00         0.00        -0.00         0.00        -0.00             0.00
       (O2, O1, D2)    -0.00    -0.00     0.00     0.00    -0.00         0.00         0.00        -0.00        -0.00         0.00         0.00             0.00
       (H3, O2, H4)    -0.00    -0.00    -0.00     0.00    -0.00         0.00        -0.00         0.00         0.00        -0.00        -0.00            -0.00
       (D1, O1, D2)     0.00     0.00    -0.00    -0.00     0.00        -0.00        -0.00         0.00         0.00        -0.00        -0.00            -0.00
       (O1, H4, O2)    -0.00    -0.00     0.00    -0.00    -0.00         0.00         0.00        -0.00        -0.00         0.00         0.00             0.00
       (O1, H4, O2)     0.00     0.00     0.00     0.00    -0.00        -0.00         0.00        -0.00        -0.00         0.00         0.00             0.00
   (H3, O2, O1, D2)     0.00    -0.00     0.00     0.00     0.00         0.00         0.00        -0.00        -0.00         0.00         0.00             0.00

Kinetic energy distribution matrix (normalization check: 1.0)

Internal Coordinate (O1, H4) (O2, H3) (O2, H4) (O1, D1) (O1, D2) (H4, O1, D1) (O2, O1, D2) (H3, O2, H4) (D1, O1, D2) (O1, H4, O2) (O1, H4, O2) (H3, O2, O1, D2)
           (O1, H4)     0.00     0.00     0.00    -0.00     0.00         0.00        -0.00        -0.00         0.00        -0.00         0.00            -0.00
           (O2, H3)     0.00     0.00     0.00     0.00    -0.00        -0.00         0.00         0.00         0.00         0.00        -0.00            -0.00
           (O2, H4)     0.00     0.00     0.00    -0.00     0.00         0.00        -0.00        -0.00         0.00        -0.00         0.00            -0.00
           (O1, D1)    -0.00     0.00    -0.00     0.58     0.00        -0.00         0.00        -0.00        -0.00         0.00        -0.00            -0.00
           (O1, D2)     0.00    -0.00     0.00     0.00     0.58         0.00        -0.00         0.00         0.00         0.00         0.00            -0.00
       (H4, O1, D1)     0.00    -0.00     0.00    -0.00     0.00         0.01        -0.00         0.00         0.00        -0.00         0.00            -0.00
       (O2, O1, D2)    -0.00     0.00    -0.00     0.00    -0.00        -0.00         0.01        -0.00        -0.00         0.00        -0.00             0.00
       (H3, O2, H4)    -0.00     0.00    -0.00    -0.00     0.00         0.00        -0.00         0.00        -0.00        -0.00         0.00            -0.00
       (D1, O1, D2)     0.00     0.00     0.00    -0.00     0.00         0.00        -0.00        -0.00         0.00        -0.00         0.00            -0.00
       (O1, H4, O2)    -0.00     0.00    -0.00     0.00     0.00        -0.00         0.00        -0.00        -0.00         0.00        -0.00             0.00
       (O1, H4, O2)     0.00    -0.00     0.00    -0.00     0.00         0.00        -0.00         0.00         0.00        -0.00         0.00            -0.00
   (H3, O2, O1, D2)    -0.00    -0.00    -0.00    -0.00    -0.00        -0.00         0.00        -0.00        -0.00         0.00        -0.00             0.00

Total energy distribution matrix (normalization check: 1.0)

Internal Coordinate (O1, H4) (O2, H3) (O2, H4) (O1, D1) (O1, D2) (H4, O1, D1) (O2, O1, D2) (H3, O2, H4) (D1, O1, D2) (O1, H4, O2) (O1, H4, O2) (H3, O2, O1, D2)
           (O1, H4)     0.00     0.00     0.00    -0.00     0.00         0.00        -0.00        -0.00         0.00        -0.00         0.00            -0.00
           (O2, H3)     0.00     0.00     0.00     0.00    -0.00        -0.00         0.00         0.00         0.00         0.00        -0.00            -0.00
           (O2, H4)     0.00     0.00     0.00    -0.00     0.00         0.00        -0.00        -0.00         0.00        -0.00         0.00            -0.00
           (O1, D1)    -0.00     0.00    -0.00     0.54     0.00        -0.00         0.00        -0.00        -0.00         0.00        -0.00            -0.00
           (O1, D2)     0.00    -0.00     0.00     0.00     0.54         0.00        -0.00         0.00         0.00         0.00         0.00            -0.00
       (H4, O1, D1)     0.00    -0.00     0.00    -0.00     0.00         0.01        -0.00         0.00         0.00        -0.00         0.00            -0.00
       (O2, O1, D2)    -0.00     0.00    -0.00     0.00    -0.00        -0.00         0.00        -0.00        -0.00         0.00        -0.00             0.00
       (H3, O2, H4)    -0.00     0.00    -0.00    -0.00     0.00         0.00        -0.00         0.00        -0.00        -0.00         0.00            -0.00
       (D1, O1, D2)     0.00     0.00     0.00    -0.00     0.00         0.00        -0.00        -0.00         0.00        -0.00         0.00            -0.00
       (O1, H4, O2)    -0.00     0.00    -0.00     0.00     0.00        -0.00         0.00        -0.00        -0.00         0.00        -0.00             0.00
       (O1, H4, O2)     0.00    -0.00     0.00    -0.00     0.00         0.00        -0.00         0.00         0.00        -0.00         0.00            -0.00
   (H3, O2, O1, D2)    -0.00    -0.00    -0.00    -0.00    -0.00        -0.00         0.00        -0.00        -0.00         0.00        -0.00             0.00

----- Extended Results: Exact PED, KED and TED analysis per mode -----

Normal mode at the following harmonic frequency: 4097 cm-1

Potential energy distribution matrix (normalization check: 1.0)

Internal Coordinate (O1, H4) (O2, H3) (O2, H4) (O1, D1) (O1, D2) (H4, O1, D1) (O2, O1, D2) (H3, O2, H4) (D1, O1, D2) (O1, H4, O2) (O1, H4, O2) (H3, O2, O1, D2)
           (O1, H4)     0.01     0.00    -0.01     0.00     0.00        -0.00         0.00         0.00         0.00        -0.00         0.00            -0.00
           (O2, H3)     0.00     0.17    -0.00    -0.00    -0.00         0.00        -0.00        -0.00        -0.00         0.00        -0.00            -0.00
           (O2, H4)    -0.01    -0.00     0.84     0.00     0.00        -0.00         0.00        -0.00         0.00        -0.00        -0.00             0.00
           (O1, D1)     0.00    -0.00     0.00     0.00    -0.00        -0.00         0.00         0.00         0.00         0.00        -0.00             0.00
           (O1, D2)     0.00    -0.00     0.00    -0.00     0.00        -0.00         0.00         0.00         0.00        -0.00        -0.00            -0.00
       (H4, O1, D1)    -0.00     0.00    -0.00    -0.00    -0.00         0.00         0.00         0.00         0.00        -0.00         0.00             0.00
       (O2, O1, D2)     0.00    -0.00     0.00     0.00     0.00         0.00         0.00        -0.00         0.00        -0.00        -0.00             0.00
       (H3, O2, H4)     0.00    -0.00    -0.00     0.00     0.00         0.00        -0.00         0.00        -0.00         0.00         0.00            -0.00
       (D1, O1, D2)     0.00    -0.00     0.00     0.00     0.00         0.00         0.00        -0.00         0.00        -0.00        -0.00             0.00
       (O1, H4, O2)    -0.00     0.00    -0.00     0.00    -0.00        -0.00        -0.00         0.00        -0.00         0.00         0.00            -0.00
       (O1, H4, O2)     0.00    -0.00    -0.00    -0.00    -0.00         0.00        -0.00         0.00        -0.00         0.00         0.00            -0.00
   (H3, O2, O1, D2)    -0.00    -0.00     0.00     0.00    -0.00         0.00         0.00        -0.00         0.00        -0.00        -0.00             0.00

Kinetic energy distribution matrix (normalization check: 1.0)

Internal Coordinate (O1, H4) (O2, H3) (O2, H4) (O1, D1) (O1, D2) (H4, O1, D1) (O2, O1, D2) (H3, O2, H4) (D1, O1, D2) (O1, H4, O2) (O1, H4, O2) (H3, O2, O1, D2)
           (O1, H4)     7.40    -0.05    -7.40     0.00     0.00        -0.02         0.00         0.01         0.00        -0.00         0.09             0.00
           (O2, H3)    -0.05     0.20     0.05     0.00     0.00        -0.00         0.00         0.00        -0.00        -0.00         0.00            -0.00
           (O2, H4)    -7.40     0.05     8.37    -0.00    -0.00         0.02        -0.00        -0.00        -0.00         0.00        -0.12            -0.00
           (O1, D1)     0.00     0.00    -0.00     0.00    -0.00        -0.00         0.00        -0.00         0.00        -0.00         0.00            -0.00
           (O1, D2)     0.00     0.00    -0.00    -0.00     0.00        -0.00         0.00        -0.00         0.00         0.00         0.00             0.00
       (H4, O1, D1)    -0.02    -0.00     0.02    -0.00    -0.00         0.00        -0.00         0.00        -0.00         0.00        -0.00            -0.00
       (O2, O1, D2)     0.00     0.00    -0.00     0.00     0.00        -0.00         0.00        -0.00         0.00        -0.00         0.00             0.00
       (H3, O2, H4)     0.01     0.00    -0.00    -0.00    -0.00         0.00        -0.00         0.00         0.00         0.00        -0.00            -0.00
       (D1, O1, D2)     0.00    -0.00    -0.00     0.00     0.00        -0.00         0.00         0.00         0.00        -0.00         0.00             0.00
       (O1, H4, O2)    -0.00    -0.00     0.00    -0.00     0.00         0.00        -0.00         0.00        -0.00         0.00        -0.00            -0.00
       (O1, H4, O2)     0.09     0.00    -0.12     0.00     0.00        -0.00         0.00        -0.00         0.00        -0.00         0.03             0.00
   (H3, O2, O1, D2)     0.00    -0.00    -0.00    -0.00     0.00        -0.00         0.00        -0.00         0.00        -0.00         0.00             0.00

Total energy distribution matrix (normalization check: 1.0)

Internal Coordinate (O1, H4) (O2, H3) (O2, H4) (O1, D1) (O1, D2) (H4, O1, D1) (O2, O1, D2) (H3, O2, H4) (D1, O1, D2) (O1, H4, O2) (O1, H4, O2) (H3, O2, O1, D2)
           (O1, H4)     3.70    -0.03    -3.71     0.00     0.00        -0.01         0.00         0.00         0.00        -0.00         0.04             0.00
           (O2, H3)    -0.03     0.18     0.02     0.00     0.00        -0.00         0.00         0.00        -0.00        -0.00         0.00            -0.00
           (O2, H4)    -3.71     0.02     4.61    -0.00    -0.00         0.01        -0.00        -0.00        -0.00         0.00        -0.06            -0.00
           (O1, D1)     0.00     0.00    -0.00     0.00    -0.00        -0.00         0.00        -0.00         0.00        -0.00         0.00            -0.00
           (O1, D2)     0.00     0.00    -0.00    -0.00     0.00        -0.00         0.00        -0.00         0.00         0.00         0.00             0.00
       (H4, O1, D1)    -0.01    -0.00     0.01    -0.00    -0.00         0.00        -0.00         0.00        -0.00         0.00        -0.00            -0.00
       (O2, O1, D2)     0.00     0.00    -0.00     0.00     0.00        -0.00         0.00        -0.00         0.00        -0.00         0.00             0.00
       (H3, O2, H4)     0.00     0.00    -0.00    -0.00    -0.00         0.00        -0.00         0.00         0.00         0.00        -0.00            -0.00
       (D1, O1, D2)     0.00    -0.00    -0.00     0.00     0.00        -0.00         0.00         0.00         0.00        -0.00         0.00             0.00
       (O1, H4, O2)    -0.00    -0.00     0.00    -0.00     0.00         0.00        -0.00         0.00        -0.00         0.00        -0.00            -0.00
       (O1, H4, O2)     0.04     0.00    -0.06     0.00     0.00        -0.00         0.00        -0.00         0.00        -0.00         0.01             0.00
   (H3, O2, O1, D2)     0.00    -0.00    -0.00    -0.00     0.00        -0.00         0.00        -0.00         0.00        -0.00         0.00             0.00

----- Extended Results: Exact PED, KED and TED analysis per mode -----

Normal mode at the following harmonic frequency: 4214 cm-1

Potential energy distribution matrix (normalization check: 1.0)

Internal Coordinate (O1, H4) (O2, H3) (O2, H4) (O1, D1) (O1, D2) (H4, O1, D1) (O2, O1, D2) (H3, O2, H4) (D1, O1, D2) (O1, H4, O2) (O1, H4, O2) (H3, O2, O1, D2)
           (O1, H4)     0.00    -0.00    -0.00     0.00     0.00        -0.00        -0.00         0.00         0.00        -0.00         0.00             0.00
           (O2, H3)    -0.00     0.83     0.00     0.00     0.00        -0.00        -0.00         0.00         0.00        -0.00         0.00            -0.00
           (O2, H4)    -0.00     0.00     0.17     0.00     0.00        -0.00        -0.00        -0.00         0.00        -0.00        -0.00            -0.00
           (O1, D1)     0.00     0.00     0.00     0.00    -0.00        -0.00        -0.00         0.00         0.00         0.00        -0.00            -0.00
           (O1, D2)     0.00     0.00     0.00    -0.00     0.00        -0.00        -0.00         0.00         0.00        -0.00        -0.00             0.00
       (H4, O1, D1)    -0.00    -0.00    -0.00    -0.00    -0.00         0.00        -0.00         0.00         0.00        -0.00         0.00            -0.00
       (O2, O1, D2)    -0.00    -0.00    -0.00    -0.00    -0.00        -0.00         0.00         0.00        -0.00         0.00         0.00             0.00
       (H3, O2, H4)     0.00     0.00    -0.00     0.00     0.00         0.00         0.00         0.00        -0.00         0.00         0.00             0.00
       (D1, O1, D2)     0.00     0.00     0.00     0.00     0.00         0.00        -0.00        -0.00         0.00        -0.00        -0.00            -0.00
       (O1, H4, O2)    -0.00    -0.00    -0.00     0.00    -0.00        -0.00         0.00         0.00        -0.00         0.00         0.00             0.00
       (O1, H4, O2)     0.00     0.00    -0.00    -0.00    -0.00         0.00         0.00         0.00        -0.00         0.00         0.00             0.00
   (H3, O2, O1, D2)     0.00    -0.00    -0.00    -0.00     0.00        -0.00         0.00         0.00        -0.00         0.00         0.00             0.00

Kinetic energy distribution matrix (normalization check: 1.0)

Internal Coordinate (O1, H4) (O2, H3) (O2, H4) (O1, D1) (O1, D2) (H4, O1, D1) (O2, O1, D2) (H3, O2, H4) (D1, O1, D2) (O1, H4, O2) (O1, H4, O2) (H3, O2, O1, D2)
           (O1, H4)     1.39     0.05    -1.47     0.00     0.00        -0.01        -0.00         0.00         0.00        -0.00         0.01            -0.00
           (O2, H3)     0.05     1.04    -0.05    -0.00    -0.00         0.00         0.00        -0.00         0.00         0.00        -0.00            -0.00
           (O2, H4)    -1.47    -0.05     1.76    -0.00    -0.00         0.01         0.00        -0.00        -0.00         0.00        -0.02             0.00
           (O1, D1)     0.00    -0.00    -0.00     0.00    -0.00        -0.00        -0.00        -0.00         0.00        -0.00         0.00             0.00
           (O1, D2)     0.00    -0.00    -0.00    -0.00     0.00        -0.00        -0.00        -0.00         0.00         0.00         0.00            -0.00
       (H4, O1, D1)    -0.01     0.00     0.01    -0.00    -0.00         0.00         0.00         0.00        -0.00         0.00        -0.00             0.00
       (O2, O1, D2)    -0.00     0.00     0.00    -0.00    -0.00         0.00         0.00         0.00        -0.00         0.00        -0.00             0.00
       (H3, O2, H4)     0.00    -0.00    -0.00    -0.00    -0.00         0.00         0.00         0.00         0.00         0.00        -0.00             0.00
       (D1, O1, D2)     0.00     0.00    -0.00     0.00     0.00        -0.00        -0.00         0.00         0.00        -0.00         0.00            -0.00
       (O1, H4, O2)    -0.00     0.00     0.00    -0.00     0.00         0.00         0.00         0.00        -0.00         0.00        -0.00             0.00
       (O1, H4, O2)     0.01    -0.00    -0.02     0.00     0.00        -0.00        -0.00        -0.00         0.00        -0.00         0.00            -0.00
   (H3, O2, O1, D2)    -0.00    -0.00     0.00     0.00    -0.00         0.00         0.00         0.00        -0.00         0.00        -0.00             0.00

Total energy distribution matrix (normalization check: 1.0)

Internal Coordinate (O1, H4) (O2, H3) (O2, H4) (O1, D1) (O1, D2) (H4, O1, D1) (O2, O1, D2) (H3, O2, H4) (D1, O1, D2) (O1, H4, O2) (O1, H4, O2) (H3, O2, O1, D2)
           (O1, H4)     0.70     0.03    -0.74     0.00     0.00        -0.00        -0.00         0.00         0.00        -0.00         0.01            -0.00
           (O2, H3)     0.03     0.93    -0.02    -0.00    -0.00         0.00         0.00        -0.00         0.00         0.00        -0.00            -0.00
           (O2, H4)    -0.74    -0.02     0.97    -0.00    -0.00         0.00         0.00        -0.00        -0.00         0.00        -0.01             0.00
           (O1, D1)     0.00    -0.00    -0.00     0.00    -0.00        -0.00        -0.00        -0.00         0.00        -0.00         0.00             0.00
           (O1, D2)     0.00    -0.00    -0.00    -0.00     0.00        -0.00        -0.00        -0.00         0.00         0.00         0.00            -0.00
       (H4, O1, D1)    -0.00     0.00     0.00    -0.00    -0.00         0.00         0.00         0.00        -0.00         0.00        -0.00             0.00
       (O2, O1, D2)    -0.00     0.00     0.00    -0.00    -0.00         0.00         0.00         0.00        -0.00         0.00        -0.00             0.00
       (H3, O2, H4)     0.00    -0.00    -0.00    -0.00    -0.00         0.00         0.00         0.00         0.00         0.00        -0.00             0.00
       (D1, O1, D2)     0.00     0.00    -0.00     0.00     0.00        -0.00        -0.00         0.00         0.00        -0.00         0.00            -0.00
       (O1, H4, O2)    -0.00     0.00     0.00    -0.00     0.00         0.00         0.00         0.00        -0.00         0.00        -0.00             0.00
       (O1, H4, O2)     0.01    -0.00    -0.01     0.00     0.00        -0.00        -0.00        -0.00         0.00        -0.00         0.00            -0.00
   (H3, O2, O1, D2)    -0.00    -0.00     0.00     0.00    -0.00         0.00         0.00         0.00        -0.00         0.00        -0.00             0.00

