 .__   __.   ______   .___  ___.   ______    _______   _______   ______   ______      .______   ____    ____ 
 |  \ |  |  /  __  \  |   \/   |  /  __  \  |       \ |   ____| /      | /  __  \     |   _  \  \   \  /   / 
 |   \|  | |  |  |  | |  \  /  | |  |  |  | |  .--.  ||  |__   |  ,----'|  |  |  |    |  |_)  |  \   \/   /  
 |  . `  | |  |  |  | |  |\/|  | |  |  |  | |  |  |  ||   __|  |  |     |  |  |  |    |   ___/    \_    _/   
 |  |\   | |  `--'  | |  |  |  | |  `--'  | |  '--'  ||  |____ |  `----.|  `--'  |  __|  |          |  |     
 |__| \__|  \______/  |__|  |__|  \______/  |_______/ |_______| \______| \______/  (__) _|          |__|     
                                                                                                             


**************************************************************************************************************
                                  Kemal Önen, Dennis F. Dinu, Klaus R. Liedl                                  
                                      Liedl Lab, University of Innsbruck                                      
**************************************************************************************************************

Non-planar system detected. Therefore out-of-plane angles are NOT used in your analysis. Note that out-of-plane angles tend to perform worse
than the other internal coordinates in terms of computational cost and in the decomposition. However they can be
useful for planar systems.

The detected point group is Cs
The following equivalent atoms were found: [['O1'], ['O2'], ['H2'], ['H3', 'H4'], ['H1']] 

The following primitive internals (bonds, (in-plane) angles, linear valence angles, out-of-plane angles and torsions) were generated:
bonds: [('O2', 'H4'), ('O2', 'H3'), ('O1', 'H1'), ('O1', 'H2'), ('H1', 'O2')]
in-plane angles: [('H1', 'O1', 'H2'), ('H3', 'O2', 'H4'), ('H3', 'O2', 'H1'), ('H4', 'O2', 'H1')]
linear valence-angles: [('O1', 'H1', 'O2'), ('O1', 'H1', 'O2')]
out-of-plane angles: []
dihedrals: [('H2', 'O1', 'H1', 'O2'), ('H3', 'O2', 'H1', 'O1'), ('H4', 'O2', 'H1', 'O1')]

12 internal coordinates are at least needed for the decomposition scheme.


-------------------------------- Initialization of an internal coordinate set --------------------------------

The following 12 Internal Coordinates are used in your analysis:
bonds: [('O1', 'O2'), ('O2', 'H3'), ('O2', 'H4'), ('O1', 'H1'), ('O1', 'H2')]
in-plane angles: [('H3', 'O2', 'H1'), ('H4', 'O2', 'O1'), ('H3', 'O2', 'H4'), ('H1', 'O1', 'H2')]
linear valence-angles: [('O1', 'H1', 'O2'), ('O1', 'H1', 'O2')]
out-of-plane angles: []
dihedrals: [('H3', 'O2', 'O1', 'H2')]


-------------------------- Results of the Decomposition Scheme ---------------------------

1.) Intrinsic Frequencies for all normal-coordinate frequencies and
    vibrational distribution matrix (exact approximation) at the following
    harmonic frequencies (all frequency values in cm-1):

Internal Coordinate Intrinsic Frequencies   115   136   145   171   339   607  1748  1780  4099  4136  4214  4232
           (O1, O2)                162.37  0.00  0.01  0.00  0.99 -0.00  0.00  0.00 -0.00 -0.00 -0.00 -0.00  0.00
           (O2, H3)               4184.82 -0.00 -0.00  0.00  0.00 -0.00 -0.00 -0.00 -0.00  0.01  0.48  0.00  0.50
           (O2, H4)               4184.73 -0.00 -0.00  0.00 -0.00 -0.00 -0.00 -0.00 -0.00  0.01  0.48  0.00  0.50
           (O1, H1)               4120.30 -0.00  0.00  0.00 -0.00  0.00  0.00  0.00 -0.00  0.81  0.02  0.17  0.00
           (O1, H2)               4194.56  0.00  0.00  0.00  0.00  0.00  0.00 -0.00 -0.00  0.16  0.01  0.82  0.00
       (H3, O2, H1)                365.38  0.27  0.25  0.03 -0.00  0.23  0.21  0.00  0.00  0.00 -0.00 -0.00 -0.00
       (H4, O2, O1)                274.16  0.19  0.33  0.23 -0.00  0.17  0.08  0.00  0.00  0.00  0.00 -0.00 -0.00
       (H3, O2, H4)               1739.21  0.00  0.00  0.00  0.00  0.00 -0.00  0.97  0.02 -0.00 -0.00  0.00  0.00
       (H1, O1, H2)               1728.02  0.00  0.01  0.00  0.00  0.05  0.00  0.02  0.92 -0.00 -0.00  0.00  0.00
       (O1, H1, O2)                492.93  0.00  0.38 -0.00  0.01  0.55 -0.00  0.00  0.05  0.00 -0.00  0.00  0.00
       (O1, H1, O2)                512.87  0.28 -0.00  0.02 -0.00  0.00  0.70 -0.00  0.00  0.00 -0.00  0.00 -0.00
   (H3, O2, O1, H2)                150.22  0.25  0.01  0.71  0.00  0.00  0.01 -0.00  0.00 -0.00 -0.00  0.00  0.00

Check if matrix is normalized: 1.0

2.) Intrinsic Frequencies for all normal-coordinate frequencies and
    diagonal elements of the PED matrix at the following
    harmonic frequencies (all frequency values in cm-1):

Internal Coordinate Intrinsic Frequencies  115  136  145  171  339  607 1748 1780 4099 4136 4214 4232
           (O1, O2)                162.37 0.00 0.01 0.00 1.00 0.01 0.00 0.00 0.00 0.00 0.00 0.00 0.00
           (O2, H3)               4184.82 0.00 0.00 0.00 0.00 0.00 0.00 0.01 0.00 0.02 0.49 0.00 0.50
           (O2, H4)               4184.73 0.00 0.00 0.00 0.00 0.00 0.00 0.01 0.00 0.02 0.49 0.00 0.50
           (O1, H1)               4120.30 0.00 0.00 0.00 0.00 0.00 0.00 0.00 0.01 0.81 0.02 0.17 0.00
           (O1, H2)               4194.56 0.00 0.00 0.00 0.00 0.00 0.00 0.00 0.01 0.17 0.01 0.82 0.00
       (H3, O2, H1)                365.38 0.92 0.61 0.33 0.02 0.16 0.09 0.00 0.00 0.00 0.00 0.00 0.00
       (H4, O2, O1)                274.16 1.50 0.90 0.46 0.01 0.08 0.02 0.00 0.00 0.00 0.00 0.00 0.00
       (H3, O2, H4)               1739.21 0.00 0.01 0.00 0.00 0.00 0.00 0.98 0.02 0.00 0.00 0.00 0.00
       (H1, O1, H2)               1728.02 0.00 0.04 0.00 0.00 0.08 0.00 0.02 0.91 0.00 0.00 0.00 0.00
       (O1, H1, O2)                492.93 0.00 1.31 0.00 0.01 0.40 0.00 0.00 0.03 0.00 0.00 0.00 0.00
       (O1, H1, O2)                512.87 2.78 0.00 0.24 0.00 0.00 0.52 0.00 0.00 0.00 0.00 0.00 0.00
   (H3, O2, O1, H2)                150.22 0.38 0.11 0.73 0.00 0.01 0.00 0.00 0.00 0.00 0.00 0.00 0.00

3.) Intrinsic Frequencies for all normal-coordinate frequencies and
    contribution table calculated from the diagonal elements of the PED at the following
    harmonic frequencies (all frequency values in cm-1):

Internal Coordinate Intrinsic Frequencies   115   136   145   171   339   607  1748  1780  4099  4136  4214  4232
           (O1, O2)                162.37  0.00  0.33  0.01 95.40  1.13  0.00  0.02  0.01  0.00  0.00  0.00  0.00
           (O2, H3)               4184.82  0.01  0.03  0.01  0.00  0.05  0.01  0.60  0.01  1.53 48.40  0.08 50.04
           (O2, H4)               4184.73  0.01  0.03  0.01  0.00  0.05  0.00  0.60  0.01  1.53 48.48  0.08 49.95
           (O1, H1)               4120.30  0.00  0.00  0.00  0.07  0.02  0.00  0.04  0.56 80.51  1.92 17.30  0.00
           (O1, H2)               4194.56  0.00  0.01  0.00  0.00  0.08  0.00  0.02  0.81 16.43  1.20 82.53  0.00
       (H3, O2, H1)                365.38 16.43 20.33 18.63  1.47 21.25 14.92  0.39  0.14  0.00  0.00  0.00  0.00
       (H4, O2, O1)                274.16 26.88 29.98 26.35  1.27 11.04  2.65  0.40  0.01  0.00  0.00  0.00  0.00
       (H3, O2, H4)               1739.21  0.00  0.30  0.00  0.30  0.50  0.00 95.37  2.46  0.00  0.00  0.00  0.00
       (H1, O1, H2)               1728.02  0.00  1.45  0.00  0.01 10.81  0.00  2.32 93.25  0.00  0.00  0.00  0.00
       (O1, H1, O2)                492.93  0.07 43.69  0.00  1.21 53.71  0.03  0.08  2.71  0.00  0.00  0.00  0.00
       (O1, H1, O2)                512.87 49.73  0.13 13.63  0.01  0.04 82.23  0.00  0.00  0.00  0.00  0.00  0.00
   (H3, O2, O1, H2)                150.22  6.88  3.71 41.35  0.25  1.32  0.16  0.15  0.00  0.00  0.00  0.00  0.00

----- Extended Results: Exact PED, KED and TED analysis per mode -----

Normal mode at the following harmonic frequency: 115 cm-1

Potential energy distribution matrix (normalization check: 1.0)

Internal Coordinate (O1, O2) (O2, H3) (O2, H4) (O1, H1) (O1, H2) (H3, O2, H1) (H4, O2, O1) (H3, O2, H4) (H1, O1, H2) (O1, H1, O2) (O1, H1, O2) (H3, O2, O1, H2)
           (O1, O2)     0.00    -0.00     0.00    -0.00    -0.00         0.00        -0.00         0.00        -0.00        -0.00         0.00            -0.00
           (O2, H3)    -0.00     0.00     0.00     0.00    -0.00        -0.00         0.00        -0.00         0.00         0.00         0.00             0.00
           (O2, H4)     0.00     0.00     0.00    -0.00     0.00         0.00        -0.00         0.00        -0.00        -0.00         0.00            -0.00
           (O1, H1)    -0.00     0.00    -0.00     0.00    -0.00        -0.00         0.00        -0.00        -0.00         0.00        -0.00            -0.00
           (O1, H2)    -0.00    -0.00     0.00    -0.00     0.00         0.00        -0.00         0.00        -0.00         0.00        -0.00             0.00
       (H3, O2, H1)     0.00    -0.00     0.00    -0.00     0.00         0.92        -0.02         0.00         0.00        -0.02        -0.80             0.19
       (H4, O2, O1)    -0.00     0.00    -0.00     0.00    -0.00        -0.02         1.50         0.00        -0.00         0.04        -1.34             0.01
       (H3, O2, H4)     0.00    -0.00     0.00    -0.00     0.00         0.00         0.00         0.00         0.00        -0.00        -0.00             0.00
       (H1, O1, H2)    -0.00     0.00    -0.00    -0.00    -0.00         0.00        -0.00         0.00         0.00        -0.00         0.00             0.00
       (O1, H1, O2)    -0.00     0.00    -0.00     0.00     0.00        -0.02         0.04        -0.00        -0.00         0.00        -0.02             0.00
       (O1, H1, O2)     0.00     0.00     0.00    -0.00    -0.00        -0.80        -1.34        -0.00         0.00        -0.02         2.78            -0.34
   (H3, O2, O1, H2)    -0.00     0.00    -0.00    -0.00     0.00         0.19         0.01         0.00         0.00         0.00        -0.34             0.38

Kinetic energy distribution matrix (normalization check: 1.0)

Internal Coordinate (O1, O2) (O2, H3) (O2, H4) (O1, H1) (O1, H2) (H3, O2, H1) (H4, O2, O1) (H3, O2, H4) (H1, O1, H2) (O1, H1, O2) (O1, H1, O2) (H3, O2, O1, H2)
           (O1, O2)     0.00    -0.00     0.00    -0.00     0.00         0.00        -0.00         0.00        -0.00        -0.00         0.00            -0.00
           (O2, H3)    -0.00     0.00     0.00    -0.00     0.00         0.00         0.00         0.00        -0.00        -0.00         0.00             0.00
           (O2, H4)     0.00     0.00     0.00     0.00    -0.00         0.00         0.00        -0.00         0.00         0.00        -0.00             0.00
           (O1, H1)    -0.00    -0.00     0.00     0.00    -0.00         0.00        -0.00        -0.00         0.00         0.00         0.00            -0.00
           (O1, H2)     0.00     0.00    -0.00    -0.00     0.00        -0.00         0.00         0.00         0.00        -0.00        -0.00             0.00
       (H3, O2, H1)     0.00     0.00     0.00     0.00    -0.00         0.26        -0.10         0.00         0.00         0.00         0.10             0.06
       (H4, O2, O1)    -0.00     0.00     0.00    -0.00     0.00        -0.10         0.48        -0.00        -0.00        -0.00        -0.03            -0.10
       (H3, O2, H4)     0.00     0.00    -0.00    -0.00     0.00         0.00        -0.00         0.00        -0.00         0.00         0.00             0.00
       (H1, O1, H2)    -0.00    -0.00     0.00     0.00     0.00         0.00        -0.00        -0.00         0.00         0.00        -0.00             0.00
       (O1, H1, O2)    -0.00    -0.00     0.00     0.00    -0.00         0.00        -0.00         0.00         0.00         0.00         0.00             0.00
       (O1, H1, O2)     0.00     0.00    -0.00     0.00    -0.00         0.10        -0.03         0.00        -0.00         0.00         0.22             0.00
   (H3, O2, O1, H2)    -0.00     0.00     0.00    -0.00     0.00         0.06        -0.10         0.00         0.00         0.00         0.00             0.29

Total energy distribution matrix (normalization check: 1.0)

Internal Coordinate (O1, O2) (O2, H3) (O2, H4) (O1, H1) (O1, H2) (H3, O2, H1) (H4, O2, O1) (H3, O2, H4) (H1, O1, H2) (O1, H1, O2) (O1, H1, O2) (H3, O2, O1, H2)
           (O1, O2)     0.00    -0.00     0.00    -0.00    -0.00         0.00        -0.00         0.00        -0.00        -0.00         0.00            -0.00
           (O2, H3)    -0.00     0.00     0.00     0.00    -0.00        -0.00         0.00        -0.00         0.00         0.00         0.00             0.00
           (O2, H4)     0.00     0.00     0.00    -0.00     0.00         0.00        -0.00         0.00        -0.00        -0.00         0.00             0.00
           (O1, H1)    -0.00     0.00    -0.00     0.00    -0.00        -0.00         0.00        -0.00        -0.00         0.00        -0.00            -0.00
           (O1, H2)    -0.00    -0.00     0.00    -0.00     0.00         0.00        -0.00         0.00        -0.00         0.00        -0.00             0.00
       (H3, O2, H1)     0.00    -0.00     0.00    -0.00     0.00         0.59        -0.06         0.00         0.00        -0.01        -0.35             0.12
       (H4, O2, O1)    -0.00     0.00    -0.00     0.00    -0.00        -0.06         0.99        -0.00        -0.00         0.02        -0.69            -0.05
       (H3, O2, H4)     0.00    -0.00     0.00    -0.00     0.00         0.00        -0.00         0.00         0.00        -0.00        -0.00             0.00
       (H1, O1, H2)    -0.00     0.00    -0.00    -0.00    -0.00         0.00        -0.00         0.00         0.00        -0.00         0.00             0.00
       (O1, H1, O2)    -0.00     0.00    -0.00     0.00     0.00        -0.01         0.02        -0.00        -0.00         0.00        -0.01             0.00
       (O1, H1, O2)     0.00     0.00     0.00    -0.00    -0.00        -0.35        -0.69        -0.00         0.00        -0.01         1.50            -0.17
   (H3, O2, O1, H2)    -0.00     0.00     0.00    -0.00     0.00         0.12        -0.05         0.00         0.00         0.00        -0.17             0.34

----- Extended Results: Exact PED, KED and TED analysis per mode -----

Normal mode at the following harmonic frequency: 136 cm-1

Potential energy distribution matrix (normalization check: 1.0)

Internal Coordinate (O1, O2) (O2, H3) (O2, H4) (O1, H1) (O1, H2) (H3, O2, H1) (H4, O2, O1) (H3, O2, H4) (H1, O1, H2) (O1, H1, O2) (O1, H1, O2) (H3, O2, O1, H2)
           (O1, O2)     0.01    -0.00    -0.00     0.00    -0.00         0.01         0.01         0.00        -0.00        -0.01        -0.00             0.00
           (O2, H3)    -0.00     0.00    -0.00    -0.00    -0.00        -0.00        -0.00        -0.00         0.00         0.00        -0.00            -0.00
           (O2, H4)    -0.00    -0.00     0.00    -0.00    -0.00        -0.00        -0.00        -0.00         0.00         0.00         0.00            -0.00
           (O1, H1)     0.00    -0.00    -0.00     0.00     0.00         0.00         0.00         0.00         0.00        -0.00        -0.00            -0.00
           (O1, H2)    -0.00    -0.00    -0.00     0.00     0.00         0.00         0.00         0.00        -0.00         0.00         0.00            -0.00
       (H3, O2, H1)     0.01    -0.00    -0.00     0.00     0.00         0.61         0.01         0.00         0.00        -0.32         0.02            -0.08
       (H4, O2, O1)     0.01    -0.00    -0.00     0.00     0.00         0.01         0.90        -0.00         0.00        -0.55        -0.04             0.00
       (H3, O2, H4)     0.00    -0.00    -0.00     0.00     0.00         0.00        -0.00         0.01         0.00        -0.00         0.00            -0.00
       (H1, O1, H2)    -0.00     0.00     0.00     0.00    -0.00         0.00         0.00         0.00         0.04        -0.04        -0.00            -0.00
       (O1, H1, O2)    -0.01     0.00     0.00    -0.00     0.00        -0.32        -0.55        -0.00        -0.04         1.31         0.01            -0.02
       (O1, H1, O2)    -0.00    -0.00     0.00    -0.00     0.00         0.02        -0.04         0.00        -0.00         0.01         0.00            -0.01
   (H3, O2, O1, H2)     0.00    -0.00    -0.00    -0.00    -0.00        -0.08         0.00        -0.00        -0.00        -0.02        -0.01             0.11

Kinetic energy distribution matrix (normalization check: 1.0)

Internal Coordinate (O1, O2) (O2, H3) (O2, H4) (O1, H1) (O1, H2) (H3, O2, H1) (H4, O2, O1) (H3, O2, H4) (H1, O1, H2) (O1, H1, O2) (O1, H1, O2) (H3, O2, O1, H2)
           (O1, O2)     0.01    -0.00    -0.00     0.00     0.00         0.01         0.01         0.00        -0.00        -0.00        -0.00             0.00
           (O2, H3)    -0.00     0.00    -0.00     0.00     0.00         0.00        -0.00         0.00        -0.00        -0.00        -0.00            -0.00
           (O2, H4)    -0.00    -0.00     0.00     0.00     0.00        -0.00         0.00         0.00        -0.00        -0.00        -0.00             0.00
           (O1, H1)     0.00     0.00     0.00     0.00     0.00        -0.00        -0.00         0.00        -0.00        -0.00         0.00            -0.00
           (O1, H2)     0.00     0.00     0.00     0.00     0.00        -0.00        -0.00         0.00         0.00        -0.00         0.00            -0.00
       (H3, O2, H1)     0.01     0.00    -0.00    -0.00    -0.00         0.24         0.09         0.00         0.00         0.06        -0.00            -0.04
       (H4, O2, O1)     0.01    -0.00     0.00    -0.00    -0.00         0.09         0.40         0.00         0.00         0.02        -0.00            -0.06
       (H3, O2, H4)     0.00     0.00     0.00     0.00     0.00         0.00         0.00         0.00        -0.00         0.00        -0.00            -0.00
       (H1, O1, H2)    -0.00    -0.00    -0.00    -0.00     0.00         0.00         0.00        -0.00         0.00         0.01         0.00            -0.00
       (O1, H1, O2)    -0.00    -0.00    -0.00    -0.00    -0.00         0.06         0.02         0.00         0.01         0.36        -0.00            -0.01
       (O1, H1, O2)    -0.00    -0.00    -0.00     0.00     0.00        -0.00        -0.00        -0.00         0.00        -0.00         0.00             0.00
   (H3, O2, O1, H2)     0.00    -0.00     0.00    -0.00    -0.00        -0.04        -0.06        -0.00        -0.00        -0.01         0.00             0.12

Total energy distribution matrix (normalization check: 1.0)

Internal Coordinate (O1, O2) (O2, H3) (O2, H4) (O1, H1) (O1, H2) (H3, O2, H1) (H4, O2, O1) (H3, O2, H4) (H1, O1, H2) (O1, H1, O2) (O1, H1, O2) (H3, O2, O1, H2)
           (O1, O2)     0.01    -0.00    -0.00     0.00    -0.00         0.01         0.01         0.00        -0.00        -0.01        -0.00             0.00
           (O2, H3)    -0.00     0.00    -0.00    -0.00    -0.00        -0.00        -0.00        -0.00         0.00         0.00        -0.00            -0.00
           (O2, H4)    -0.00    -0.00     0.00    -0.00    -0.00        -0.00        -0.00        -0.00        -0.00         0.00         0.00             0.00
           (O1, H1)     0.00    -0.00    -0.00     0.00     0.00         0.00         0.00         0.00         0.00        -0.00        -0.00            -0.00
           (O1, H2)    -0.00    -0.00    -0.00     0.00     0.00         0.00         0.00         0.00        -0.00         0.00         0.00            -0.00
       (H3, O2, H1)     0.01    -0.00    -0.00     0.00     0.00         0.43         0.05         0.00         0.00        -0.13         0.01            -0.06
       (H4, O2, O1)     0.01    -0.00    -0.00     0.00     0.00         0.05         0.65         0.00         0.00        -0.27        -0.02            -0.03
       (H3, O2, H4)     0.00    -0.00    -0.00     0.00     0.00         0.00         0.00         0.00         0.00        -0.00         0.00            -0.00
       (H1, O1, H2)    -0.00     0.00    -0.00     0.00    -0.00         0.00         0.00         0.00         0.02        -0.01        -0.00            -0.00
       (O1, H1, O2)    -0.01     0.00     0.00    -0.00     0.00        -0.13        -0.27        -0.00        -0.01         0.83         0.01            -0.01
       (O1, H1, O2)    -0.00    -0.00     0.00    -0.00     0.00         0.01        -0.02         0.00        -0.00         0.01         0.00            -0.00
   (H3, O2, O1, H2)     0.00    -0.00     0.00    -0.00    -0.00        -0.06        -0.03        -0.00        -0.00        -0.01        -0.00             0.11

----- Extended Results: Exact PED, KED and TED analysis per mode -----

Normal mode at the following harmonic frequency: 145 cm-1

Potential energy distribution matrix (normalization check: 1.0)

Internal Coordinate (O1, O2) (O2, H3) (O2, H4) (O1, H1) (O1, H2) (H3, O2, H1) (H4, O2, O1) (H3, O2, H4) (H1, O1, H2) (O1, H1, O2) (O1, H1, O2) (H3, O2, O1, H2)
           (O1, O2)     0.00    -0.00     0.00     0.00     0.00         0.00        -0.00        -0.00         0.00         0.00         0.00             0.00
           (O2, H3)    -0.00     0.00     0.00    -0.00     0.00        -0.00         0.00         0.00        -0.00        -0.00         0.00            -0.00
           (O2, H4)     0.00     0.00     0.00     0.00    -0.00         0.00        -0.00        -0.00         0.00         0.00         0.00             0.00
           (O1, H1)     0.00    -0.00     0.00     0.00    -0.00         0.00        -0.00        -0.00        -0.00         0.00         0.00            -0.00
           (O1, H2)     0.00     0.00    -0.00    -0.00     0.00        -0.00         0.00         0.00        -0.00         0.00         0.00             0.00
       (H3, O2, H1)     0.00    -0.00     0.00     0.00    -0.00         0.33        -0.01        -0.00        -0.00         0.00        -0.14            -0.15
       (H4, O2, O1)    -0.00     0.00    -0.00    -0.00     0.00        -0.01         0.46        -0.00         0.00        -0.00        -0.22            -0.01
       (H3, O2, H4)    -0.00     0.00    -0.00    -0.00     0.00        -0.00        -0.00         0.00         0.00        -0.00         0.00             0.00
       (H1, O1, H2)     0.00    -0.00     0.00    -0.00    -0.00        -0.00         0.00         0.00         0.00        -0.00        -0.00             0.00
       (O1, H1, O2)     0.00    -0.00     0.00     0.00     0.00         0.00        -0.00        -0.00        -0.00         0.00         0.00             0.00
       (O1, H1, O2)     0.00     0.00     0.00     0.00     0.00        -0.14        -0.22         0.00        -0.00         0.00         0.24             0.14
   (H3, O2, O1, H2)     0.00    -0.00     0.00    -0.00     0.00        -0.15        -0.01         0.00         0.00         0.00         0.14             0.73

Kinetic energy distribution matrix (normalization check: 1.0)

Internal Coordinate (O1, O2) (O2, H3) (O2, H4) (O1, H1) (O1, H2) (H3, O2, H1) (H4, O2, O1) (H3, O2, H4) (H1, O1, H2) (O1, H1, O2) (O1, H1, O2) (H3, O2, O1, H2)
           (O1, O2)     0.00    -0.00     0.00     0.00    -0.00         0.00        -0.00        -0.00         0.00         0.00         0.00             0.00
           (O2, H3)    -0.00     0.00     0.00     0.00    -0.00         0.00         0.00        -0.00         0.00         0.00         0.00            -0.00
           (O2, H4)     0.00     0.00     0.00    -0.00     0.00         0.00         0.00         0.00        -0.00        -0.00        -0.00            -0.00
           (O1, H1)     0.00     0.00    -0.00     0.00    -0.00        -0.00         0.00        -0.00         0.00         0.00        -0.00            -0.00
           (O1, H2)    -0.00    -0.00     0.00    -0.00     0.00         0.00        -0.00         0.00         0.00        -0.00         0.00             0.00
       (H3, O2, H1)     0.00     0.00     0.00    -0.00     0.00         0.15        -0.05        -0.00        -0.00        -0.00         0.03            -0.08
       (H4, O2, O1)    -0.00     0.00     0.00     0.00    -0.00        -0.05         0.23         0.00         0.00         0.00        -0.01             0.12
       (H3, O2, H4)    -0.00    -0.00     0.00    -0.00     0.00        -0.00         0.00         0.00        -0.00         0.00        -0.00             0.00
       (H1, O1, H2)     0.00     0.00    -0.00     0.00     0.00        -0.00         0.00        -0.00         0.00         0.00         0.00             0.00
       (O1, H1, O2)     0.00     0.00    -0.00     0.00    -0.00        -0.00         0.00         0.00         0.00         0.00        -0.00             0.00
       (O1, H1, O2)     0.00     0.00    -0.00    -0.00     0.00         0.03        -0.01        -0.00         0.00        -0.00         0.03            -0.00
   (H3, O2, O1, H2)     0.00    -0.00    -0.00    -0.00     0.00        -0.08         0.12         0.00         0.00         0.00        -0.00             0.86

Total energy distribution matrix (normalization check: 1.0)

Internal Coordinate (O1, O2) (O2, H3) (O2, H4) (O1, H1) (O1, H2) (H3, O2, H1) (H4, O2, O1) (H3, O2, H4) (H1, O1, H2) (O1, H1, O2) (O1, H1, O2) (H3, O2, O1, H2)
           (O1, O2)     0.00    -0.00     0.00     0.00     0.00         0.00        -0.00        -0.00         0.00         0.00         0.00             0.00
           (O2, H3)    -0.00     0.00     0.00    -0.00     0.00        -0.00         0.00         0.00         0.00        -0.00         0.00            -0.00
           (O2, H4)     0.00     0.00     0.00     0.00    -0.00         0.00        -0.00        -0.00        -0.00         0.00         0.00            -0.00
           (O1, H1)     0.00    -0.00     0.00     0.00    -0.00         0.00        -0.00        -0.00        -0.00         0.00         0.00            -0.00
           (O1, H2)     0.00     0.00    -0.00    -0.00     0.00        -0.00        -0.00         0.00        -0.00         0.00         0.00             0.00
       (H3, O2, H1)     0.00    -0.00     0.00     0.00    -0.00         0.24        -0.03        -0.00        -0.00         0.00        -0.06            -0.12
       (H4, O2, O1)    -0.00     0.00    -0.00    -0.00    -0.00        -0.03         0.35         0.00         0.00        -0.00        -0.11             0.06
       (H3, O2, H4)    -0.00     0.00    -0.00    -0.00     0.00        -0.00         0.00         0.00         0.00        -0.00         0.00             0.00
       (H1, O1, H2)     0.00     0.00    -0.00    -0.00    -0.00        -0.00         0.00         0.00         0.00        -0.00        -0.00             0.00
       (O1, H1, O2)     0.00    -0.00     0.00     0.00     0.00         0.00        -0.00        -0.00        -0.00         0.00         0.00             0.00
       (O1, H1, O2)     0.00     0.00     0.00     0.00     0.00        -0.06        -0.11         0.00        -0.00         0.00         0.13             0.07
   (H3, O2, O1, H2)     0.00    -0.00    -0.00    -0.00     0.00        -0.12         0.06         0.00         0.00         0.00         0.07             0.79

----- Extended Results: Exact PED, KED and TED analysis per mode -----

Normal mode at the following harmonic frequency: 171 cm-1

Potential energy distribution matrix (normalization check: 1.0)

Internal Coordinate (O1, O2) (O2, H3) (O2, H4) (O1, H1) (O1, H2) (H3, O2, H1) (H4, O2, O1) (H3, O2, H4) (H1, O1, H2) (O1, H1, O2) (O1, H1, O2) (H3, O2, O1, H2)
           (O1, O2)     1.00     0.00    -0.00    -0.00    -0.00        -0.01        -0.01        -0.00         0.00         0.01        -0.00            -0.00
           (O2, H3)     0.00     0.00     0.00    -0.00     0.00        -0.00        -0.00        -0.00         0.00         0.00         0.00            -0.00
           (O2, H4)    -0.00     0.00     0.00     0.00    -0.00         0.00         0.00         0.00        -0.00        -0.00         0.00             0.00
           (O1, H1)    -0.00    -0.00     0.00     0.00    -0.00         0.00         0.00         0.00         0.00        -0.00         0.00            -0.00
           (O1, H2)    -0.00     0.00    -0.00    -0.00     0.00        -0.00        -0.00        -0.00         0.00        -0.00         0.00             0.00
       (H3, O2, H1)    -0.01    -0.00     0.00     0.00    -0.00         0.02         0.00         0.00         0.00        -0.00        -0.00            -0.00
       (H4, O2, O1)    -0.01    -0.00     0.00     0.00    -0.00         0.00         0.01        -0.00         0.00        -0.01         0.00             0.00
       (H3, O2, H4)    -0.00    -0.00     0.00     0.00    -0.00         0.00        -0.00         0.00         0.00        -0.00        -0.00            -0.00
       (H1, O1, H2)     0.00     0.00    -0.00     0.00     0.00         0.00         0.00         0.00         0.00        -0.00         0.00            -0.00
       (O1, H1, O2)     0.01     0.00    -0.00    -0.00    -0.00        -0.00        -0.01        -0.00        -0.00         0.01        -0.00            -0.00
       (O1, H1, O2)    -0.00     0.00     0.00     0.00     0.00        -0.00         0.00        -0.00         0.00        -0.00         0.00             0.00
   (H3, O2, O1, H2)    -0.00    -0.00     0.00    -0.00     0.00        -0.00         0.00        -0.00        -0.00        -0.00         0.00             0.00

Kinetic energy distribution matrix (normalization check: 1.0)

Internal Coordinate (O1, O2) (O2, H3) (O2, H4) (O1, H1) (O1, H2) (H3, O2, H1) (H4, O2, O1) (H3, O2, H4) (H1, O1, H2) (O1, H1, O2) (O1, H1, O2) (H3, O2, O1, H2)
           (O1, O2)     1.01     0.00    -0.00    -0.00     0.00        -0.01        -0.01        -0.00         0.00         0.01        -0.00            -0.00
           (O2, H3)     0.00     0.00     0.00     0.00    -0.00         0.00        -0.00         0.00        -0.00        -0.00         0.00            -0.00
           (O2, H4)    -0.00     0.00     0.00    -0.00     0.00         0.00        -0.00        -0.00         0.00         0.00        -0.00            -0.00
           (O1, H1)    -0.00     0.00    -0.00     0.00    -0.00        -0.00        -0.00         0.00        -0.00        -0.00        -0.00            -0.00
           (O1, H2)     0.00    -0.00     0.00    -0.00     0.00         0.00         0.00        -0.00        -0.00         0.00         0.00             0.00
       (H3, O2, H1)    -0.01     0.00     0.00    -0.00     0.00         0.01         0.00         0.00         0.00         0.00         0.00            -0.00
       (H4, O2, O1)    -0.01    -0.00    -0.00    -0.00     0.00         0.00         0.01         0.00         0.00         0.00         0.00            -0.00
       (H3, O2, H4)    -0.00     0.00    -0.00     0.00    -0.00         0.00         0.00         0.00        -0.00         0.00         0.00            -0.00
       (H1, O1, H2)     0.00    -0.00     0.00    -0.00    -0.00         0.00         0.00        -0.00         0.00         0.00        -0.00            -0.00
       (O1, H1, O2)     0.01    -0.00     0.00    -0.00     0.00         0.00         0.00         0.00         0.00         0.01         0.00            -0.00
       (O1, H1, O2)    -0.00     0.00    -0.00    -0.00     0.00         0.00         0.00         0.00        -0.00         0.00         0.00            -0.00
   (H3, O2, O1, H2)    -0.00    -0.00    -0.00    -0.00     0.00        -0.00        -0.00        -0.00        -0.00        -0.00        -0.00             0.00

Total energy distribution matrix (normalization check: 1.0)

Internal Coordinate (O1, O2) (O2, H3) (O2, H4) (O1, H1) (O1, H2) (H3, O2, H1) (H4, O2, O1) (H3, O2, H4) (H1, O1, H2) (O1, H1, O2) (O1, H1, O2) (H3, O2, O1, H2)
           (O1, O2)     1.01     0.00    -0.00    -0.00    -0.00        -0.01        -0.01        -0.00         0.00         0.01        -0.00            -0.00
           (O2, H3)     0.00     0.00     0.00    -0.00     0.00        -0.00        -0.00        -0.00        -0.00         0.00         0.00            -0.00
           (O2, H4)    -0.00     0.00     0.00     0.00    -0.00         0.00         0.00         0.00         0.00        -0.00         0.00            -0.00
           (O1, H1)    -0.00    -0.00     0.00     0.00    -0.00         0.00         0.00         0.00         0.00        -0.00         0.00            -0.00
           (O1, H2)    -0.00     0.00    -0.00    -0.00     0.00        -0.00         0.00        -0.00         0.00        -0.00         0.00             0.00
       (H3, O2, H1)    -0.01    -0.00     0.00     0.00    -0.00         0.01         0.00         0.00         0.00        -0.00        -0.00            -0.00
       (H4, O2, O1)    -0.01    -0.00     0.00     0.00     0.00         0.00         0.01         0.00         0.00        -0.00         0.00            -0.00
       (H3, O2, H4)    -0.00    -0.00     0.00     0.00    -0.00         0.00         0.00         0.00         0.00        -0.00        -0.00            -0.00
       (H1, O1, H2)     0.00    -0.00     0.00     0.00     0.00         0.00         0.00         0.00         0.00        -0.00         0.00            -0.00
       (O1, H1, O2)     0.01     0.00    -0.00    -0.00    -0.00        -0.00        -0.00        -0.00        -0.00         0.01        -0.00            -0.00
       (O1, H1, O2)    -0.00     0.00     0.00     0.00     0.00        -0.00         0.00        -0.00         0.00        -0.00         0.00             0.00
   (H3, O2, O1, H2)    -0.00    -0.00    -0.00    -0.00     0.00        -0.00        -0.00        -0.00        -0.00        -0.00         0.00             0.00

----- Extended Results: Exact PED, KED and TED analysis per mode -----

Normal mode at the following harmonic frequency: 339 cm-1

Potential energy distribution matrix (normalization check: 1.0)

Internal Coordinate (O1, O2) (O2, H3) (O2, H4) (O1, H1) (O1, H2) (H3, O2, H1) (H4, O2, O1) (H3, O2, H4) (H1, O1, H2) (O1, H1, O2) (O1, H1, O2) (H3, O2, O1, H2)
           (O1, O2)     0.01     0.00     0.00     0.00    -0.00        -0.00        -0.00        -0.00        -0.00        -0.01        -0.00            -0.00
           (O2, H3)     0.00     0.00    -0.00     0.00     0.00        -0.00        -0.00        -0.00        -0.00        -0.00         0.00            -0.00
           (O2, H4)     0.00    -0.00     0.00     0.00     0.00        -0.00        -0.00        -0.00        -0.00        -0.00        -0.00            -0.00
           (O1, H1)     0.00     0.00     0.00     0.00     0.00        -0.00        -0.00        -0.00         0.00        -0.00        -0.00             0.00
           (O1, H2)    -0.00     0.00     0.00     0.00     0.00        -0.00        -0.00        -0.00        -0.00         0.00         0.00             0.00
       (H3, O2, H1)    -0.00    -0.00    -0.00    -0.00    -0.00         0.16         0.00         0.00        -0.00         0.09        -0.00            -0.01
       (H4, O2, O1)    -0.00    -0.00    -0.00    -0.00    -0.00         0.00         0.08        -0.00        -0.00         0.09         0.00             0.00
       (H3, O2, H4)    -0.00    -0.00    -0.00    -0.00    -0.00         0.00        -0.00         0.00        -0.00         0.00        -0.00            -0.00
       (H1, O1, H2)    -0.00    -0.00    -0.00     0.00    -0.00        -0.00        -0.00        -0.00         0.08        -0.03        -0.00             0.00
       (O1, H1, O2)    -0.01    -0.00    -0.00    -0.00     0.00         0.09         0.09         0.00        -0.03         0.40         0.00             0.00
       (O1, H1, O2)    -0.00     0.00    -0.00    -0.00     0.00        -0.00         0.00        -0.00        -0.00         0.00         0.00             0.00
   (H3, O2, O1, H2)    -0.00    -0.00    -0.00     0.00     0.00        -0.01         0.00        -0.00         0.00         0.00         0.00             0.01

Kinetic energy distribution matrix (normalization check: 1.0)

Internal Coordinate (O1, O2) (O2, H3) (O2, H4) (O1, H1) (O1, H2) (H3, O2, H1) (H4, O2, O1) (H3, O2, H4) (H1, O1, H2) (O1, H1, O2) (O1, H1, O2) (H3, O2, O1, H2)
           (O1, O2)     0.03     0.00     0.00     0.00     0.00        -0.01        -0.01        -0.00        -0.00        -0.01        -0.00            -0.00
           (O2, H3)     0.00     0.00    -0.00    -0.00    -0.00         0.00        -0.00         0.00         0.00         0.00         0.00            -0.00
           (O2, H4)     0.00    -0.00     0.00    -0.00    -0.00        -0.00         0.00         0.00         0.00         0.00         0.00             0.00
           (O1, H1)     0.00    -0.00    -0.00     0.00     0.00         0.00         0.00        -0.00        -0.00        -0.00         0.00             0.00
           (O1, H2)     0.00    -0.00    -0.00     0.00     0.00         0.00         0.00        -0.00         0.00        -0.00         0.00             0.00
       (H3, O2, H1)    -0.01     0.00    -0.00     0.00     0.00         0.38         0.09         0.01        -0.00        -0.10         0.00            -0.03
       (H4, O2, O1)    -0.01    -0.00     0.00     0.00     0.00         0.09         0.23         0.01        -0.00        -0.02         0.00            -0.03
       (H3, O2, H4)    -0.00     0.00     0.00    -0.00    -0.00         0.01         0.01         0.00         0.00        -0.00         0.00            -0.00
       (H1, O1, H2)    -0.00     0.00     0.00    -0.00     0.00        -0.00        -0.00         0.00         0.01         0.05         0.00             0.00
       (O1, H1, O2)    -0.01     0.00     0.00    -0.00    -0.00        -0.10        -0.02        -0.00         0.05         0.66        -0.00             0.01
       (O1, H1, O2)    -0.00     0.00     0.00     0.00     0.00         0.00         0.00         0.00         0.00        -0.00         0.00            -0.00
   (H3, O2, O1, H2)    -0.00    -0.00     0.00     0.00     0.00        -0.03        -0.03        -0.00         0.00         0.01        -0.00             0.06

Total energy distribution matrix (normalization check: 1.0)

Internal Coordinate (O1, O2) (O2, H3) (O2, H4) (O1, H1) (O1, H2) (H3, O2, H1) (H4, O2, O1) (H3, O2, H4) (H1, O1, H2) (O1, H1, O2) (O1, H1, O2) (H3, O2, O1, H2)
           (O1, O2)     0.02     0.00     0.00     0.00     0.00        -0.01        -0.01        -0.00        -0.00        -0.01        -0.00            -0.00
           (O2, H3)     0.00     0.00    -0.00     0.00    -0.00        -0.00        -0.00        -0.00         0.00        -0.00         0.00            -0.00
           (O2, H4)     0.00    -0.00     0.00     0.00    -0.00        -0.00        -0.00        -0.00         0.00        -0.00        -0.00             0.00
           (O1, H1)     0.00     0.00     0.00     0.00     0.00        -0.00        -0.00        -0.00         0.00        -0.00        -0.00             0.00
           (O1, H2)     0.00    -0.00    -0.00     0.00     0.00         0.00         0.00        -0.00        -0.00         0.00         0.00             0.00
       (H3, O2, H1)    -0.01    -0.00    -0.00    -0.00     0.00         0.27         0.04         0.00        -0.00        -0.01         0.00            -0.02
       (H4, O2, O1)    -0.01    -0.00    -0.00    -0.00     0.00         0.04         0.15         0.00        -0.00         0.03         0.00            -0.02
       (H3, O2, H4)    -0.00    -0.00    -0.00    -0.00    -0.00         0.00         0.00         0.00         0.00         0.00         0.00            -0.00
       (H1, O1, H2)    -0.00     0.00     0.00     0.00    -0.00        -0.00        -0.00         0.00         0.04         0.01        -0.00             0.00
       (O1, H1, O2)    -0.01    -0.00    -0.00    -0.00     0.00        -0.01         0.03         0.00         0.01         0.53         0.00             0.00
       (O1, H1, O2)    -0.00     0.00    -0.00    -0.00     0.00         0.00         0.00         0.00        -0.00         0.00         0.00             0.00
   (H3, O2, O1, H2)    -0.00    -0.00     0.00     0.00     0.00        -0.02        -0.02        -0.00         0.00         0.00         0.00             0.04

----- Extended Results: Exact PED, KED and TED analysis per mode -----

Normal mode at the following harmonic frequency: 607 cm-1

Potential energy distribution matrix (normalization check: 1.0)

Internal Coordinate (O1, O2) (O2, H3) (O2, H4) (O1, H1) (O1, H2) (H3, O2, H1) (H4, O2, O1) (H3, O2, H4) (H1, O1, H2) (O1, H1, O2) (O1, H1, O2) (H3, O2, O1, H2)
           (O1, O2)     0.00     0.00    -0.00    -0.00     0.00        -0.00         0.00         0.00         0.00        -0.00         0.00             0.00
           (O2, H3)     0.00     0.00     0.00    -0.00    -0.00        -0.00         0.00         0.00         0.00        -0.00        -0.00             0.00
           (O2, H4)    -0.00     0.00     0.00     0.00     0.00         0.00        -0.00        -0.00        -0.00         0.00        -0.00            -0.00
           (O1, H1)    -0.00    -0.00     0.00     0.00     0.00         0.00        -0.00        -0.00         0.00         0.00        -0.00             0.00
           (O1, H2)     0.00    -0.00     0.00     0.00     0.00         0.00        -0.00        -0.00        -0.00        -0.00         0.00             0.00
       (H3, O2, H1)    -0.00    -0.00     0.00     0.00     0.00         0.09        -0.00        -0.00         0.00         0.00         0.11             0.00
       (H4, O2, O1)     0.00     0.00    -0.00    -0.00    -0.00        -0.00         0.02        -0.00        -0.00        -0.00         0.06             0.00
       (H3, O2, H4)     0.00     0.00    -0.00    -0.00    -0.00        -0.00        -0.00         0.00        -0.00        -0.00        -0.00            -0.00
       (H1, O1, H2)     0.00     0.00    -0.00     0.00    -0.00         0.00        -0.00        -0.00         0.00         0.00        -0.00             0.00
       (O1, H1, O2)    -0.00    -0.00     0.00     0.00    -0.00         0.00        -0.00        -0.00         0.00         0.00        -0.00            -0.00
       (O1, H1, O2)     0.00    -0.00    -0.00    -0.00     0.00         0.11         0.06        -0.00        -0.00        -0.00         0.52             0.01
   (H3, O2, O1, H2)     0.00     0.00    -0.00     0.00     0.00         0.00         0.00        -0.00         0.00        -0.00         0.01             0.00

Kinetic energy distribution matrix (normalization check: 1.0)

Internal Coordinate (O1, O2) (O2, H3) (O2, H4) (O1, H1) (O1, H2) (H3, O2, H1) (H4, O2, O1) (H3, O2, H4) (H1, O1, H2) (O1, H1, O2) (O1, H1, O2) (H3, O2, O1, H2)
           (O1, O2)     0.00     0.00    -0.00    -0.00    -0.00        -0.00         0.00         0.00         0.00        -0.00         0.00             0.00
           (O2, H3)     0.00     0.00     0.00     0.00     0.00         0.00         0.00        -0.00        -0.00         0.00        -0.00             0.00
           (O2, H4)    -0.00     0.00     0.00    -0.00    -0.00         0.00         0.00         0.00         0.00        -0.00         0.00             0.00
           (O1, H1)    -0.00     0.00    -0.00     0.00     0.00        -0.00         0.00        -0.00        -0.00         0.00         0.00             0.00
           (O1, H2)    -0.00     0.00    -0.00     0.00     0.00        -0.00         0.00        -0.00         0.00         0.00         0.00             0.00
       (H3, O2, H1)    -0.00     0.00     0.00    -0.00    -0.00         0.74        -0.10        -0.00         0.00        -0.01        -0.40             0.03
       (H4, O2, O1)     0.00     0.00     0.00     0.00     0.00        -0.10         0.15         0.00        -0.00         0.00         0.04            -0.02
       (H3, O2, H4)     0.00    -0.00     0.00    -0.00    -0.00        -0.00         0.00         0.00         0.00         0.00         0.00            -0.00
       (H1, O1, H2)     0.00    -0.00     0.00    -0.00     0.00         0.00        -0.00         0.00         0.00        -0.00         0.00             0.00
       (O1, H1, O2)    -0.00     0.00    -0.00     0.00     0.00        -0.01         0.00         0.00        -0.00         0.00         0.00            -0.00
       (O1, H1, O2)     0.00    -0.00     0.00     0.00     0.00        -0.40         0.04         0.00         0.00         0.00         1.16            -0.00
   (H3, O2, O1, H2)     0.00     0.00     0.00     0.00     0.00         0.03        -0.02        -0.00         0.00        -0.00        -0.00             0.02

Total energy distribution matrix (normalization check: 1.0)

Internal Coordinate (O1, O2) (O2, H3) (O2, H4) (O1, H1) (O1, H2) (H3, O2, H1) (H4, O2, O1) (H3, O2, H4) (H1, O1, H2) (O1, H1, O2) (O1, H1, O2) (H3, O2, O1, H2)
           (O1, O2)     0.00     0.00    -0.00    -0.00    -0.00        -0.00         0.00         0.00         0.00        -0.00         0.00             0.00
           (O2, H3)     0.00     0.00     0.00    -0.00     0.00         0.00         0.00         0.00        -0.00         0.00        -0.00             0.00
           (O2, H4)    -0.00     0.00     0.00     0.00    -0.00         0.00        -0.00        -0.00         0.00        -0.00        -0.00             0.00
           (O1, H1)    -0.00    -0.00     0.00     0.00     0.00        -0.00         0.00        -0.00         0.00         0.00         0.00             0.00
           (O1, H2)    -0.00     0.00    -0.00     0.00     0.00        -0.00         0.00        -0.00        -0.00         0.00         0.00             0.00
       (H3, O2, H1)    -0.00     0.00     0.00    -0.00    -0.00         0.42        -0.05        -0.00         0.00        -0.00        -0.14             0.02
       (H4, O2, O1)     0.00     0.00    -0.00     0.00     0.00        -0.05         0.08         0.00        -0.00        -0.00         0.05            -0.01
       (H3, O2, H4)     0.00     0.00    -0.00    -0.00    -0.00        -0.00         0.00         0.00         0.00         0.00         0.00            -0.00
       (H1, O1, H2)     0.00    -0.00     0.00     0.00    -0.00         0.00        -0.00         0.00         0.00        -0.00         0.00             0.00
       (O1, H1, O2)    -0.00     0.00    -0.00     0.00     0.00        -0.00        -0.00         0.00        -0.00         0.00         0.00            -0.00
       (O1, H1, O2)     0.00    -0.00    -0.00     0.00     0.00        -0.14         0.05         0.00         0.00         0.00         0.84             0.00
   (H3, O2, O1, H2)     0.00     0.00     0.00     0.00     0.00         0.02        -0.01        -0.00         0.00        -0.00         0.00             0.01

----- Extended Results: Exact PED, KED and TED analysis per mode -----

Normal mode at the following harmonic frequency: 1748 cm-1

Potential energy distribution matrix (normalization check: 1.0)

Internal Coordinate (O1, O2) (O2, H3) (O2, H4) (O1, H1) (O1, H2) (H3, O2, H1) (H4, O2, O1) (H3, O2, H4) (H1, O1, H2) (O1, H1, O2) (O1, H1, O2) (H3, O2, O1, H2)
           (O1, O2)     0.00    -0.00    -0.00    -0.00    -0.00        -0.00        -0.00         0.00        -0.00         0.00         0.00             0.00
           (O2, H3)    -0.00     0.01    -0.00     0.00    -0.00         0.00         0.00        -0.01         0.00        -0.00         0.00            -0.00
           (O2, H4)    -0.00    -0.00     0.01     0.00    -0.00         0.00         0.00        -0.01         0.00        -0.00        -0.00            -0.00
           (O1, H1)    -0.00     0.00     0.00     0.00    -0.00         0.00         0.00        -0.00        -0.00        -0.00        -0.00             0.00
           (O1, H2)    -0.00    -0.00    -0.00    -0.00     0.00        -0.00        -0.00         0.00        -0.00        -0.00        -0.00            -0.00
       (H3, O2, H1)    -0.00     0.00     0.00     0.00    -0.00         0.00         0.00        -0.00        -0.00        -0.00         0.00             0.00
       (H4, O2, O1)    -0.00     0.00     0.00     0.00    -0.00         0.00         0.00         0.00        -0.00        -0.00        -0.00            -0.00
       (H3, O2, H4)     0.00    -0.01    -0.01    -0.00     0.00        -0.00         0.00         0.98         0.00         0.00        -0.00            -0.00
       (H1, O1, H2)    -0.00     0.00     0.00    -0.00    -0.00        -0.00        -0.00         0.00         0.02         0.00         0.00            -0.00
       (O1, H1, O2)     0.00    -0.00    -0.00    -0.00    -0.00        -0.00        -0.00         0.00         0.00         0.00         0.00             0.00
       (O1, H1, O2)     0.00     0.00    -0.00    -0.00    -0.00         0.00        -0.00        -0.00         0.00         0.00         0.00             0.00
   (H3, O2, O1, H2)     0.00    -0.00    -0.00     0.00    -0.00         0.00        -0.00        -0.00        -0.00         0.00         0.00             0.00

Kinetic energy distribution matrix (normalization check: 1.0)

Internal Coordinate (O1, O2) (O2, H3) (O2, H4) (O1, H1) (O1, H2) (H3, O2, H1) (H4, O2, O1) (H3, O2, H4) (H1, O1, H2) (O1, H1, O2) (O1, H1, O2) (H3, O2, O1, H2)
           (O1, O2)     0.03    -0.00    -0.00    -0.00     0.00        -0.01        -0.01         0.00        -0.01         0.00         0.00             0.00
           (O2, H3)    -0.00     0.00    -0.00    -0.00     0.00        -0.00         0.00         0.00        -0.00         0.00         0.00            -0.00
           (O2, H4)    -0.00    -0.00     0.00    -0.00     0.00         0.00        -0.00         0.00        -0.00         0.00         0.00             0.00
           (O1, H1)    -0.00    -0.00    -0.00     0.00    -0.00        -0.00        -0.00        -0.00         0.00        -0.00         0.00             0.00
           (O1, H2)     0.00     0.00     0.00    -0.00     0.00         0.00         0.00         0.00         0.00         0.00        -0.00            -0.00
       (H3, O2, H1)    -0.01    -0.00     0.00    -0.00     0.00         0.26         0.08        -0.44        -0.00         0.02        -0.00             0.06
       (H4, O2, O1)    -0.01     0.00    -0.00    -0.00     0.00         0.08         0.31        -0.49        -0.00         0.01        -0.00             0.08
       (H3, O2, H4)     0.00     0.00     0.00    -0.00     0.00        -0.44        -0.49         2.60        -0.01        -0.02         0.00            -0.42
       (H1, O1, H2)    -0.01    -0.00    -0.00     0.00     0.00        -0.00        -0.00        -0.01         0.06        -0.03        -0.00            -0.00
       (O1, H1, O2)     0.00     0.00     0.00    -0.00     0.00         0.02         0.01        -0.02        -0.03         0.04        -0.00             0.00
       (O1, H1, O2)     0.00     0.00     0.00     0.00    -0.00        -0.00        -0.00         0.00        -0.00        -0.00         0.00            -0.00
   (H3, O2, O1, H2)     0.00    -0.00     0.00     0.00    -0.00         0.06         0.08        -0.42        -0.00         0.00        -0.00             0.27

Total energy distribution matrix (normalization check: 1.0)

Internal Coordinate (O1, O2) (O2, H3) (O2, H4) (O1, H1) (O1, H2) (H3, O2, H1) (H4, O2, O1) (H3, O2, H4) (H1, O1, H2) (O1, H1, O2) (O1, H1, O2) (H3, O2, O1, H2)
           (O1, O2)     0.01    -0.00    -0.00    -0.00     0.00        -0.01        -0.01         0.00        -0.00         0.00         0.00             0.00
           (O2, H3)    -0.00     0.00    -0.00    -0.00     0.00        -0.00         0.00        -0.00        -0.00         0.00         0.00            -0.00
           (O2, H4)    -0.00    -0.00     0.00    -0.00     0.00         0.00        -0.00        -0.00        -0.00         0.00        -0.00             0.00
           (O1, H1)    -0.00    -0.00    -0.00     0.00    -0.00        -0.00        -0.00        -0.00        -0.00        -0.00         0.00             0.00
           (O1, H2)     0.00     0.00     0.00    -0.00     0.00         0.00         0.00         0.00        -0.00         0.00        -0.00            -0.00
       (H3, O2, H1)    -0.01    -0.00     0.00    -0.00     0.00         0.13         0.04        -0.22        -0.00         0.01        -0.00             0.03
       (H4, O2, O1)    -0.01     0.00    -0.00    -0.00     0.00         0.04         0.15        -0.25        -0.00         0.00        -0.00             0.04
       (H3, O2, H4)     0.00    -0.00    -0.00    -0.00     0.00        -0.22        -0.25         1.79        -0.01        -0.01         0.00            -0.21
       (H1, O1, H2)    -0.00    -0.00    -0.00    -0.00    -0.00        -0.00        -0.00        -0.01         0.04        -0.02        -0.00            -0.00
       (O1, H1, O2)     0.00     0.00     0.00    -0.00     0.00         0.01         0.00        -0.01        -0.02         0.02        -0.00             0.00
       (O1, H1, O2)     0.00     0.00    -0.00     0.00    -0.00        -0.00        -0.00         0.00        -0.00        -0.00         0.00             0.00
   (H3, O2, O1, H2)     0.00    -0.00     0.00     0.00    -0.00         0.03         0.04        -0.21        -0.00         0.00         0.00             0.14

----- Extended Results: Exact PED, KED and TED analysis per mode -----

Normal mode at the following harmonic frequency: 1780 cm-1

Potential energy distribution matrix (normalization check: 1.0)

Internal Coordinate (O1, O2) (O2, H3) (O2, H4) (O1, H1) (O1, H2) (H3, O2, H1) (H4, O2, O1) (H3, O2, H4) (H1, O1, H2) (O1, H1, O2) (O1, H1, O2) (H3, O2, O1, H2)
           (O1, O2)     0.00     0.00     0.00    -0.00    -0.00         0.00         0.00        -0.00        -0.00         0.00         0.00            -0.00
           (O2, H3)     0.00     0.00    -0.00    -0.00     0.00         0.00         0.00        -0.00        -0.00         0.00        -0.00            -0.00
           (O2, H4)     0.00    -0.00     0.00    -0.00     0.00         0.00         0.00        -0.00        -0.00         0.00         0.00            -0.00
           (O1, H1)    -0.00    -0.00    -0.00     0.01    -0.00        -0.00        -0.00         0.00        -0.01        -0.00        -0.00            -0.00
           (O1, H2)    -0.00     0.00     0.00    -0.00     0.01         0.00         0.00        -0.00        -0.01        -0.00        -0.00             0.00
       (H3, O2, H1)     0.00     0.00     0.00    -0.00     0.00         0.00         0.00        -0.00         0.00         0.00        -0.00             0.00
       (H4, O2, O1)     0.00     0.00     0.00    -0.00     0.00         0.00         0.00         0.00         0.00         0.00         0.00            -0.00
       (H3, O2, H4)    -0.00    -0.00    -0.00     0.00    -0.00        -0.00         0.00         0.02        -0.00        -0.00         0.00            -0.00
       (H1, O1, H2)    -0.00    -0.00    -0.00    -0.01    -0.01         0.00         0.00        -0.00         0.91         0.02         0.00             0.00
       (O1, H1, O2)     0.00     0.00     0.00    -0.00    -0.00         0.00         0.00        -0.00         0.02         0.03         0.00            -0.00
       (O1, H1, O2)     0.00    -0.00     0.00    -0.00    -0.00        -0.00         0.00         0.00         0.00         0.00         0.00            -0.00
   (H3, O2, O1, H2)    -0.00    -0.00    -0.00    -0.00     0.00         0.00        -0.00        -0.00         0.00        -0.00        -0.00             0.00

Kinetic energy distribution matrix (normalization check: 1.0)

Internal Coordinate (O1, O2) (O2, H3) (O2, H4) (O1, H1) (O1, H2) (H3, O2, H1) (H4, O2, O1) (H3, O2, H4) (H1, O1, H2) (O1, H1, O2) (O1, H1, O2) (H3, O2, O1, H2)
           (O1, O2)     0.01     0.00     0.00    -0.00     0.00         0.00         0.00        -0.00        -0.02         0.01         0.00            -0.00
           (O2, H3)     0.00     0.00    -0.00     0.00    -0.00        -0.00         0.00         0.00         0.00        -0.00        -0.00            -0.00
           (O2, H4)     0.00    -0.00     0.00     0.00    -0.00         0.00        -0.00         0.00         0.00        -0.00        -0.00             0.00
           (O1, H1)    -0.00     0.00     0.00     0.00    -0.00         0.00         0.00         0.00         0.00        -0.00         0.00            -0.00
           (O1, H2)     0.00    -0.00    -0.00    -0.00     0.00        -0.00        -0.00        -0.00         0.00         0.00        -0.00             0.00
       (H3, O2, H1)     0.00    -0.00     0.00     0.00    -0.00         0.09         0.01        -0.04         0.01        -0.07         0.00             0.00
       (H4, O2, O1)     0.00     0.00    -0.00     0.00    -0.00         0.01         0.01        -0.01         0.00        -0.01         0.00             0.00
       (H3, O2, H4)    -0.00     0.00     0.00     0.00    -0.00        -0.04        -0.01         0.07         0.01         0.01        -0.00            -0.01
       (H1, O1, H2)    -0.02     0.00     0.00     0.00     0.00         0.01         0.00         0.01         2.38        -1.16        -0.00             0.00
       (O1, H1, O2)     0.01    -0.00    -0.00    -0.00     0.00        -0.07        -0.01         0.01        -1.16         1.22        -0.00            -0.00
       (O1, H1, O2)     0.00    -0.00    -0.00     0.00    -0.00         0.00         0.00        -0.00        -0.00        -0.00         0.00             0.00
   (H3, O2, O1, H2)    -0.00    -0.00     0.00    -0.00     0.00         0.00         0.00        -0.01         0.00        -0.00         0.00             0.01

Total energy distribution matrix (normalization check: 1.0)

Internal Coordinate (O1, O2) (O2, H3) (O2, H4) (O1, H1) (O1, H2) (H3, O2, H1) (H4, O2, O1) (H3, O2, H4) (H1, O1, H2) (O1, H1, O2) (O1, H1, O2) (H3, O2, O1, H2)
           (O1, O2)     0.00     0.00     0.00    -0.00     0.00         0.00         0.00        -0.00        -0.01         0.00         0.00            -0.00
           (O2, H3)     0.00     0.00    -0.00     0.00    -0.00        -0.00         0.00        -0.00         0.00        -0.00        -0.00            -0.00
           (O2, H4)     0.00    -0.00     0.00     0.00    -0.00         0.00        -0.00        -0.00         0.00        -0.00         0.00             0.00
           (O1, H1)    -0.00     0.00     0.00     0.00    -0.00         0.00         0.00         0.00        -0.00        -0.00         0.00            -0.00
           (O1, H2)     0.00    -0.00    -0.00    -0.00     0.00        -0.00        -0.00        -0.00        -0.00         0.00        -0.00             0.00
       (H3, O2, H1)     0.00    -0.00     0.00     0.00    -0.00         0.05         0.00        -0.02         0.01        -0.03         0.00             0.00
       (H4, O2, O1)     0.00     0.00    -0.00     0.00    -0.00         0.00         0.00        -0.01         0.00        -0.00         0.00             0.00
       (H3, O2, H4)    -0.00    -0.00    -0.00     0.00    -0.00        -0.02        -0.01         0.04         0.01         0.01        -0.00            -0.00
       (H1, O1, H2)    -0.01     0.00     0.00    -0.00    -0.00         0.01         0.00         0.01         1.64        -0.57        -0.00             0.00
       (O1, H1, O2)     0.00    -0.00    -0.00    -0.00     0.00        -0.03        -0.00         0.01        -0.57         0.62        -0.00            -0.00
       (O1, H1, O2)     0.00    -0.00     0.00     0.00    -0.00         0.00         0.00        -0.00        -0.00        -0.00         0.00            -0.00
   (H3, O2, O1, H2)    -0.00    -0.00     0.00    -0.00     0.00         0.00         0.00        -0.00         0.00        -0.00        -0.00             0.00

----- Extended Results: Exact PED, KED and TED analysis per mode -----

Normal mode at the following harmonic frequency: 4099 cm-1

Potential energy distribution matrix (normalization check: 1.0)

Internal Coordinate (O1, O2) (O2, H3) (O2, H4) (O1, H1) (O1, H2) (H3, O2, H1) (H4, O2, O1) (H3, O2, H4) (H1, O1, H2) (O1, H1, O2) (O1, H1, O2) (H3, O2, O1, H2)
           (O1, O2)     0.00     0.00     0.00    -0.00    -0.00        -0.00        -0.00        -0.00        -0.00        -0.00        -0.00            -0.00
           (O2, H3)     0.00     0.02    -0.00    -0.00     0.00        -0.00        -0.00        -0.00        -0.00        -0.00         0.00            -0.00
           (O2, H4)     0.00    -0.00     0.02    -0.00     0.00        -0.00        -0.00        -0.00        -0.00        -0.00        -0.00            -0.00
           (O1, H1)    -0.00    -0.00    -0.00     0.81    -0.00         0.00         0.00         0.00        -0.00         0.00         0.00            -0.00
           (O1, H2)    -0.00     0.00     0.00    -0.00     0.17        -0.00        -0.00        -0.00        -0.00         0.00         0.00             0.00
       (H3, O2, H1)    -0.00    -0.00    -0.00     0.00    -0.00         0.00         0.00         0.00        -0.00         0.00        -0.00            -0.00
       (H4, O2, O1)    -0.00    -0.00    -0.00     0.00    -0.00         0.00         0.00        -0.00        -0.00         0.00         0.00             0.00
       (H3, O2, H4)    -0.00    -0.00    -0.00     0.00    -0.00         0.00        -0.00         0.00        -0.00         0.00        -0.00            -0.00
       (H1, O1, H2)    -0.00    -0.00    -0.00    -0.00    -0.00        -0.00        -0.00        -0.00         0.00        -0.00        -0.00             0.00
       (O1, H1, O2)    -0.00    -0.00    -0.00     0.00     0.00         0.00         0.00         0.00        -0.00         0.00         0.00             0.00
       (O1, H1, O2)    -0.00     0.00    -0.00     0.00     0.00        -0.00         0.00        -0.00        -0.00         0.00         0.00             0.00
   (H3, O2, O1, H2)    -0.00    -0.00    -0.00    -0.00     0.00        -0.00         0.00        -0.00         0.00         0.00         0.00             0.00

Kinetic energy distribution matrix (normalization check: 1.0)

Internal Coordinate (O1, O2) (O2, H3) (O2, H4) (O1, H1) (O1, H2) (H3, O2, H1) (H4, O2, O1) (H3, O2, H4) (H1, O1, H2) (O1, H1, O2) (O1, H1, O2) (H3, O2, O1, H2)
           (O1, O2)     0.01     0.00     0.00    -0.02     0.00        -0.00        -0.00        -0.00        -0.00        -0.00        -0.00            -0.00
           (O2, H3)     0.00     0.02    -0.00     0.00    -0.00         0.00        -0.00         0.00         0.00         0.00         0.00            -0.00
           (O2, H4)     0.00    -0.00     0.02     0.00    -0.00        -0.00         0.00         0.00         0.00         0.00         0.00             0.00
           (O1, H1)    -0.02     0.00     0.00     0.92    -0.01        -0.00        -0.00         0.00         0.00         0.00        -0.00            -0.00
           (O1, H2)     0.00    -0.00    -0.00    -0.01     0.20         0.00         0.00        -0.00         0.00        -0.00         0.00             0.00
       (H3, O2, H1)    -0.00     0.00    -0.00    -0.00     0.00         0.00         0.00         0.00        -0.00        -0.00         0.00            -0.00
       (H4, O2, O1)    -0.00    -0.00     0.00    -0.00     0.00         0.00         0.00         0.00        -0.00        -0.00         0.00            -0.00
       (H3, O2, H4)    -0.00     0.00     0.00     0.00    -0.00         0.00         0.00         0.00         0.00        -0.00         0.00            -0.00
       (H1, O1, H2)    -0.00     0.00     0.00     0.00     0.00        -0.00        -0.00         0.00         0.00         0.00         0.00             0.00
       (O1, H1, O2)    -0.00     0.00     0.00     0.00    -0.00        -0.00        -0.00        -0.00         0.00         0.00        -0.00             0.00
       (O1, H1, O2)    -0.00     0.00     0.00    -0.00     0.00         0.00         0.00         0.00         0.00        -0.00         0.00            -0.00
   (H3, O2, O1, H2)    -0.00    -0.00     0.00    -0.00     0.00        -0.00        -0.00        -0.00         0.00         0.00        -0.00             0.00

Total energy distribution matrix (normalization check: 1.0)

Internal Coordinate (O1, O2) (O2, H3) (O2, H4) (O1, H1) (O1, H2) (H3, O2, H1) (H4, O2, O1) (H3, O2, H4) (H1, O1, H2) (O1, H1, O2) (O1, H1, O2) (H3, O2, O1, H2)
           (O1, O2)     0.01     0.00     0.00    -0.01     0.00        -0.00        -0.00        -0.00        -0.00        -0.00        -0.00            -0.00
           (O2, H3)     0.00     0.02    -0.00     0.00    -0.00         0.00        -0.00         0.00         0.00         0.00         0.00            -0.00
           (O2, H4)     0.00    -0.00     0.02     0.00    -0.00        -0.00         0.00         0.00         0.00         0.00         0.00             0.00
           (O1, H1)    -0.01     0.00     0.00     0.86    -0.00        -0.00        -0.00         0.00         0.00         0.00        -0.00            -0.00
           (O1, H2)     0.00    -0.00    -0.00    -0.00     0.18         0.00         0.00        -0.00         0.00        -0.00         0.00             0.00
       (H3, O2, H1)    -0.00     0.00    -0.00    -0.00     0.00         0.00         0.00         0.00        -0.00        -0.00         0.00            -0.00
       (H4, O2, O1)    -0.00    -0.00     0.00    -0.00     0.00         0.00         0.00         0.00        -0.00        -0.00         0.00            -0.00
       (H3, O2, H4)    -0.00     0.00     0.00     0.00    -0.00         0.00         0.00         0.00         0.00        -0.00         0.00            -0.00
       (H1, O1, H2)    -0.00     0.00     0.00     0.00     0.00        -0.00        -0.00         0.00         0.00         0.00         0.00             0.00
       (O1, H1, O2)    -0.00     0.00     0.00     0.00    -0.00        -0.00        -0.00        -0.00         0.00         0.00        -0.00             0.00
       (O1, H1, O2)    -0.00     0.00     0.00    -0.00     0.00         0.00         0.00         0.00         0.00        -0.00         0.00            -0.00
   (H3, O2, O1, H2)    -0.00    -0.00     0.00    -0.00     0.00        -0.00        -0.00        -0.00         0.00         0.00        -0.00             0.00

----- Extended Results: Exact PED, KED and TED analysis per mode -----

Normal mode at the following harmonic frequency: 4136 cm-1

Potential energy distribution matrix (normalization check: 1.0)

Internal Coordinate (O1, O2) (O2, H3) (O2, H4) (O1, H1) (O1, H2) (H3, O2, H1) (H4, O2, O1) (H3, O2, H4) (H1, O1, H2) (O1, H1, O2) (O1, H1, O2) (H3, O2, O1, H2)
           (O1, O2)     0.00    -0.00    -0.00    -0.00    -0.00         0.00        -0.00         0.00        -0.00         0.00         0.00             0.00
           (O2, H3)    -0.00     0.49    -0.00     0.00    -0.00        -0.00         0.00        -0.00         0.00        -0.00         0.00            -0.00
           (O2, H4)    -0.00    -0.00     0.49     0.00    -0.00        -0.00         0.00        -0.00         0.00        -0.00        -0.00            -0.00
           (O1, H1)    -0.00     0.00     0.00     0.02    -0.00        -0.00         0.00        -0.00        -0.00        -0.00        -0.00             0.00
           (O1, H2)    -0.00    -0.00    -0.00    -0.00     0.01         0.00        -0.00         0.00        -0.00        -0.00        -0.00            -0.00
       (H3, O2, H1)     0.00    -0.00    -0.00    -0.00     0.00         0.00        -0.00         0.00         0.00         0.00        -0.00            -0.00
       (H4, O2, O1)    -0.00     0.00     0.00     0.00    -0.00        -0.00         0.00         0.00        -0.00        -0.00        -0.00            -0.00
       (H3, O2, H4)     0.00    -0.00    -0.00    -0.00     0.00         0.00         0.00         0.00         0.00         0.00        -0.00            -0.00
       (H1, O1, H2)    -0.00     0.00     0.00    -0.00    -0.00         0.00        -0.00         0.00         0.00         0.00         0.00            -0.00
       (O1, H1, O2)     0.00    -0.00    -0.00    -0.00    -0.00         0.00        -0.00         0.00         0.00         0.00         0.00             0.00
       (O1, H1, O2)     0.00     0.00    -0.00    -0.00    -0.00        -0.00        -0.00        -0.00         0.00         0.00         0.00             0.00
   (H3, O2, O1, H2)     0.00    -0.00    -0.00     0.00    -0.00        -0.00        -0.00        -0.00        -0.00         0.00         0.00             0.00

Kinetic energy distribution matrix (normalization check: 1.0)

Internal Coordinate (O1, O2) (O2, H3) (O2, H4) (O1, H1) (O1, H2) (H3, O2, H1) (H4, O2, O1) (H3, O2, H4) (H1, O1, H2) (O1, H1, O2) (O1, H1, O2) (H3, O2, O1, H2)
           (O1, O2)     0.01    -0.01    -0.01    -0.00     0.00         0.00        -0.00         0.00        -0.00         0.00         0.00             0.00
           (O2, H3)    -0.01     0.57    -0.03    -0.00     0.00         0.00         0.00         0.00        -0.00         0.00         0.00            -0.00
           (O2, H4)    -0.01    -0.03     0.57    -0.00     0.00        -0.00        -0.00         0.00        -0.00         0.00         0.00             0.00
           (O1, H1)    -0.00    -0.00    -0.00     0.02    -0.00         0.00        -0.00        -0.00         0.00        -0.00         0.00             0.00
           (O1, H2)     0.00     0.00     0.00    -0.00     0.01        -0.00         0.00         0.00         0.00         0.00        -0.00            -0.00
       (H3, O2, H1)     0.00     0.00    -0.00     0.00    -0.00         0.00        -0.00         0.00         0.00        -0.00         0.00            -0.00
       (H4, O2, O1)    -0.00     0.00    -0.00    -0.00     0.00        -0.00         0.00        -0.00        -0.00         0.00        -0.00             0.00
       (H3, O2, H4)     0.00     0.00     0.00    -0.00     0.00         0.00        -0.00         0.00        -0.00        -0.00         0.00            -0.00
       (H1, O1, H2)    -0.00    -0.00    -0.00     0.00     0.00         0.00        -0.00        -0.00         0.00        -0.00        -0.00            -0.00
       (O1, H1, O2)     0.00     0.00     0.00    -0.00     0.00        -0.00         0.00        -0.00        -0.00         0.00        -0.00             0.00
       (O1, H1, O2)     0.00     0.00     0.00     0.00    -0.00         0.00        -0.00         0.00        -0.00        -0.00         0.00            -0.00
   (H3, O2, O1, H2)     0.00    -0.00     0.00     0.00    -0.00        -0.00         0.00        -0.00        -0.00         0.00        -0.00             0.00

Total energy distribution matrix (normalization check: 1.0)

Internal Coordinate (O1, O2) (O2, H3) (O2, H4) (O1, H1) (O1, H2) (H3, O2, H1) (H4, O2, O1) (H3, O2, H4) (H1, O1, H2) (O1, H1, O2) (O1, H1, O2) (H3, O2, O1, H2)
           (O1, O2)     0.01    -0.00    -0.00    -0.00     0.00         0.00        -0.00         0.00        -0.00         0.00         0.00             0.00
           (O2, H3)    -0.00     0.53    -0.01    -0.00     0.00         0.00         0.00         0.00        -0.00         0.00         0.00            -0.00
           (O2, H4)    -0.00    -0.01     0.53    -0.00     0.00        -0.00        -0.00         0.00        -0.00         0.00         0.00             0.00
           (O1, H1)    -0.00    -0.00    -0.00     0.02    -0.00         0.00        -0.00        -0.00         0.00        -0.00         0.00             0.00
           (O1, H2)     0.00     0.00     0.00    -0.00     0.01        -0.00         0.00         0.00         0.00         0.00        -0.00            -0.00
       (H3, O2, H1)     0.00     0.00    -0.00     0.00    -0.00         0.00        -0.00         0.00         0.00        -0.00         0.00            -0.00
       (H4, O2, O1)    -0.00     0.00    -0.00    -0.00     0.00        -0.00         0.00        -0.00        -0.00         0.00        -0.00             0.00
       (H3, O2, H4)     0.00     0.00     0.00    -0.00     0.00         0.00        -0.00         0.00        -0.00        -0.00         0.00            -0.00
       (H1, O1, H2)    -0.00    -0.00    -0.00     0.00     0.00         0.00        -0.00        -0.00         0.00        -0.00        -0.00            -0.00
       (O1, H1, O2)     0.00     0.00     0.00    -0.00     0.00        -0.00         0.00        -0.00        -0.00         0.00        -0.00             0.00
       (O1, H1, O2)     0.00     0.00     0.00     0.00    -0.00         0.00        -0.00         0.00        -0.00        -0.00         0.00            -0.00
   (H3, O2, O1, H2)     0.00    -0.00     0.00     0.00    -0.00        -0.00         0.00        -0.00        -0.00         0.00        -0.00             0.00

----- Extended Results: Exact PED, KED and TED analysis per mode -----

Normal mode at the following harmonic frequency: 4214 cm-1

Potential energy distribution matrix (normalization check: 1.0)

Internal Coordinate (O1, O2) (O2, H3) (O2, H4) (O1, H1) (O1, H2) (H3, O2, H1) (H4, O2, O1) (H3, O2, H4) (H1, O1, H2) (O1, H1, O2) (O1, H1, O2) (H3, O2, O1, H2)
           (O1, O2)     0.00    -0.00    -0.00    -0.00     0.00         0.00         0.00        -0.00        -0.00        -0.00        -0.00            -0.00
           (O2, H3)    -0.00     0.00    -0.00     0.00     0.00        -0.00        -0.00         0.00         0.00         0.00        -0.00             0.00
           (O2, H4)    -0.00    -0.00     0.00     0.00     0.00        -0.00        -0.00         0.00         0.00         0.00         0.00             0.00
           (O1, H1)    -0.00     0.00     0.00     0.17     0.00        -0.00        -0.00         0.00        -0.00         0.00         0.00            -0.00
           (O1, H2)     0.00     0.00     0.00     0.00     0.82        -0.00        -0.00         0.00         0.00        -0.00        -0.00            -0.00
       (H3, O2, H1)     0.00    -0.00    -0.00    -0.00    -0.00         0.00         0.00        -0.00         0.00        -0.00         0.00             0.00
       (H4, O2, O1)     0.00    -0.00    -0.00    -0.00    -0.00         0.00         0.00         0.00         0.00        -0.00        -0.00            -0.00
       (H3, O2, H4)    -0.00     0.00     0.00     0.00     0.00        -0.00         0.00         0.00        -0.00         0.00        -0.00            -0.00
       (H1, O1, H2)    -0.00     0.00     0.00    -0.00     0.00         0.00         0.00        -0.00         0.00        -0.00        -0.00             0.00
       (O1, H1, O2)    -0.00     0.00     0.00     0.00    -0.00        -0.00        -0.00         0.00        -0.00         0.00         0.00             0.00
       (O1, H1, O2)    -0.00    -0.00     0.00     0.00    -0.00         0.00        -0.00        -0.00        -0.00         0.00         0.00             0.00
   (H3, O2, O1, H2)    -0.00     0.00     0.00    -0.00    -0.00         0.00        -0.00        -0.00         0.00         0.00         0.00             0.00

Kinetic energy distribution matrix (normalization check: 1.0)

Internal Coordinate (O1, O2) (O2, H3) (O2, H4) (O1, H1) (O1, H2) (H3, O2, H1) (H4, O2, O1) (H3, O2, H4) (H1, O1, H2) (O1, H1, O2) (O1, H1, O2) (H3, O2, O1, H2)
           (O1, O2)     0.02    -0.00    -0.00    -0.01    -0.00         0.00         0.00        -0.00        -0.00        -0.00        -0.00            -0.00
           (O2, H3)    -0.00     0.00    -0.00    -0.00    -0.00         0.00        -0.00        -0.00        -0.00        -0.00        -0.00             0.00
           (O2, H4)    -0.00    -0.00     0.00    -0.00    -0.00        -0.00         0.00        -0.00        -0.00        -0.00        -0.00            -0.00
           (O1, H1)    -0.01    -0.00    -0.00     0.21     0.01         0.00         0.00         0.00         0.00         0.00        -0.00            -0.00
           (O1, H2)    -0.00    -0.00    -0.00     0.01     1.04         0.00         0.00         0.00        -0.00         0.00        -0.00            -0.00
       (H3, O2, H1)     0.00     0.00    -0.00     0.00     0.00         0.00         0.00        -0.00         0.00         0.00        -0.00             0.00
       (H4, O2, O1)     0.00    -0.00     0.00     0.00     0.00         0.00         0.00        -0.00         0.00         0.00        -0.00             0.00
       (H3, O2, H4)    -0.00    -0.00    -0.00     0.00     0.00        -0.00        -0.00         0.00         0.00        -0.00         0.00            -0.00
       (H1, O1, H2)    -0.00    -0.00    -0.00     0.00    -0.00         0.00         0.00         0.00         0.00         0.00         0.00             0.00
       (O1, H1, O2)    -0.00    -0.00    -0.00     0.00     0.00         0.00         0.00        -0.00         0.00         0.00        -0.00             0.00
       (O1, H1, O2)    -0.00    -0.00    -0.00    -0.00    -0.00        -0.00        -0.00         0.00         0.00        -0.00         0.00            -0.00
   (H3, O2, O1, H2)    -0.00     0.00    -0.00    -0.00    -0.00         0.00         0.00        -0.00         0.00         0.00        -0.00             0.00

Total energy distribution matrix (normalization check: 1.0)

Internal Coordinate (O1, O2) (O2, H3) (O2, H4) (O1, H1) (O1, H2) (H3, O2, H1) (H4, O2, O1) (H3, O2, H4) (H1, O1, H2) (O1, H1, O2) (O1, H1, O2) (H3, O2, O1, H2)
           (O1, O2)     0.01    -0.00    -0.00    -0.00    -0.00         0.00         0.00        -0.00        -0.00        -0.00        -0.00            -0.00
           (O2, H3)    -0.00     0.00    -0.00    -0.00    -0.00         0.00        -0.00        -0.00        -0.00        -0.00        -0.00             0.00
           (O2, H4)    -0.00    -0.00     0.00    -0.00    -0.00        -0.00         0.00        -0.00        -0.00        -0.00        -0.00            -0.00
           (O1, H1)    -0.00    -0.00    -0.00     0.19     0.01         0.00         0.00         0.00         0.00         0.00        -0.00            -0.00
           (O1, H2)    -0.00    -0.00    -0.00     0.01     0.93         0.00         0.00         0.00        -0.00         0.00        -0.00            -0.00
       (H3, O2, H1)     0.00     0.00    -0.00     0.00     0.00         0.00         0.00        -0.00         0.00         0.00        -0.00             0.00
       (H4, O2, O1)     0.00    -0.00     0.00     0.00     0.00         0.00         0.00        -0.00         0.00         0.00        -0.00             0.00
       (H3, O2, H4)    -0.00    -0.00    -0.00     0.00     0.00        -0.00        -0.00         0.00         0.00        -0.00         0.00            -0.00
       (H1, O1, H2)    -0.00    -0.00    -0.00     0.00    -0.00         0.00         0.00         0.00         0.00         0.00         0.00             0.00
       (O1, H1, O2)    -0.00    -0.00    -0.00     0.00     0.00         0.00         0.00        -0.00         0.00         0.00        -0.00             0.00
       (O1, H1, O2)    -0.00    -0.00    -0.00    -0.00    -0.00        -0.00        -0.00         0.00         0.00        -0.00         0.00            -0.00
   (H3, O2, O1, H2)    -0.00     0.00    -0.00    -0.00    -0.00         0.00         0.00        -0.00         0.00         0.00        -0.00             0.00

----- Extended Results: Exact PED, KED and TED analysis per mode -----

Normal mode at the following harmonic frequency: 4232 cm-1

Potential energy distribution matrix (normalization check: 1.0)

Internal Coordinate (O1, O2) (O2, H3) (O2, H4) (O1, H1) (O1, H2) (H3, O2, H1) (H4, O2, O1) (H3, O2, H4) (H1, O1, H2) (O1, H1, O2) (O1, H1, O2) (H3, O2, O1, H2)
           (O1, O2)     0.00     0.00    -0.00     0.00    -0.00        -0.00         0.00        -0.00         0.00        -0.00         0.00             0.00
           (O2, H3)     0.00     0.50     0.00     0.00     0.00        -0.00         0.00        -0.00         0.00        -0.00        -0.00             0.00
           (O2, H4)    -0.00     0.00     0.50    -0.00    -0.00         0.00        -0.00         0.00        -0.00         0.00        -0.00            -0.00
           (O1, H1)     0.00     0.00    -0.00     0.00     0.00        -0.00         0.00        -0.00        -0.00        -0.00         0.00            -0.00
           (O1, H2)    -0.00     0.00    -0.00     0.00     0.00        -0.00         0.00        -0.00         0.00         0.00        -0.00            -0.00
       (H3, O2, H1)    -0.00    -0.00     0.00    -0.00    -0.00         0.00        -0.00         0.00         0.00         0.00         0.00             0.00
       (H4, O2, O1)     0.00     0.00    -0.00     0.00     0.00        -0.00         0.00         0.00        -0.00        -0.00         0.00             0.00
       (H3, O2, H4)    -0.00    -0.00     0.00    -0.00    -0.00         0.00         0.00         0.00         0.00         0.00         0.00             0.00
       (H1, O1, H2)     0.00     0.00    -0.00    -0.00     0.00         0.00        -0.00         0.00         0.00         0.00        -0.00             0.00
       (O1, H1, O2)    -0.00    -0.00     0.00    -0.00     0.00         0.00        -0.00         0.00         0.00         0.00        -0.00            -0.00
       (O1, H1, O2)     0.00    -0.00    -0.00     0.00    -0.00         0.00         0.00         0.00        -0.00        -0.00         0.00             0.00
   (H3, O2, O1, H2)     0.00     0.00    -0.00    -0.00    -0.00         0.00         0.00         0.00         0.00        -0.00         0.00             0.00

Kinetic energy distribution matrix (normalization check: 1.0)

Internal Coordinate (O1, O2) (O2, H3) (O2, H4) (O1, H1) (O1, H2) (H3, O2, H1) (H4, O2, O1) (H3, O2, H4) (H1, O1, H2) (O1, H1, O2) (O1, H1, O2) (H3, O2, O1, H2)
           (O1, O2)     0.00     0.00    -0.00     0.00     0.00        -0.00         0.00        -0.00         0.00        -0.00         0.00             0.00
           (O2, H3)     0.00     0.61     0.03    -0.00    -0.00         0.00         0.00         0.00        -0.00         0.00        -0.00             0.00
           (O2, H4)    -0.00     0.03     0.61     0.00     0.00         0.00         0.00        -0.00         0.00        -0.00         0.00             0.00
           (O1, H1)     0.00    -0.00     0.00     0.00     0.00         0.00        -0.00        -0.00         0.00        -0.00        -0.00            -0.00
           (O1, H2)     0.00    -0.00     0.00     0.00     0.00         0.00        -0.00        -0.00        -0.00        -0.00        -0.00            -0.00
       (H3, O2, H1)    -0.00     0.00     0.00     0.00     0.00         0.00        -0.00         0.00         0.00        -0.00        -0.00             0.00
       (H4, O2, O1)     0.00     0.00     0.00    -0.00    -0.00        -0.00         0.00        -0.00        -0.00         0.00         0.00            -0.00
       (H3, O2, H4)    -0.00     0.00    -0.00    -0.00    -0.00         0.00        -0.00         0.00        -0.00        -0.00        -0.00             0.00
       (H1, O1, H2)     0.00    -0.00     0.00     0.00    -0.00         0.00        -0.00        -0.00         0.00        -0.00         0.00             0.00
       (O1, H1, O2)    -0.00     0.00    -0.00    -0.00    -0.00        -0.00         0.00        -0.00        -0.00         0.00         0.00            -0.00
       (O1, H1, O2)     0.00    -0.00     0.00    -0.00    -0.00        -0.00         0.00        -0.00         0.00         0.00         0.00            -0.00
   (H3, O2, O1, H2)     0.00     0.00     0.00    -0.00    -0.00         0.00        -0.00         0.00         0.00        -0.00        -0.00             0.00

Total energy distribution matrix (normalization check: 1.0)

Internal Coordinate (O1, O2) (O2, H3) (O2, H4) (O1, H1) (O1, H2) (H3, O2, H1) (H4, O2, O1) (H3, O2, H4) (H1, O1, H2) (O1, H1, O2) (O1, H1, O2) (H3, O2, O1, H2)
           (O1, O2)     0.00     0.00    -0.00     0.00     0.00        -0.00         0.00        -0.00         0.00        -0.00         0.00             0.00
           (O2, H3)     0.00     0.55     0.02    -0.00    -0.00         0.00         0.00         0.00        -0.00         0.00        -0.00             0.00
           (O2, H4)    -0.00     0.02     0.55     0.00     0.00         0.00         0.00        -0.00         0.00        -0.00         0.00             0.00
           (O1, H1)     0.00    -0.00     0.00     0.00     0.00         0.00        -0.00        -0.00         0.00        -0.00        -0.00            -0.00
           (O1, H2)     0.00    -0.00     0.00     0.00     0.00         0.00        -0.00        -0.00        -0.00        -0.00        -0.00            -0.00
       (H3, O2, H1)    -0.00     0.00     0.00     0.00     0.00         0.00        -0.00         0.00         0.00        -0.00        -0.00             0.00
       (H4, O2, O1)     0.00     0.00     0.00    -0.00    -0.00        -0.00         0.00        -0.00        -0.00         0.00         0.00            -0.00
       (H3, O2, H4)    -0.00     0.00    -0.00    -0.00    -0.00         0.00        -0.00         0.00        -0.00        -0.00        -0.00             0.00
       (H1, O1, H2)     0.00    -0.00     0.00     0.00    -0.00         0.00        -0.00        -0.00         0.00        -0.00         0.00             0.00
       (O1, H1, O2)    -0.00     0.00    -0.00    -0.00    -0.00        -0.00         0.00        -0.00        -0.00         0.00         0.00            -0.00
       (O1, H1, O2)     0.00    -0.00     0.00    -0.00    -0.00        -0.00         0.00        -0.00         0.00         0.00         0.00            -0.00
   (H3, O2, O1, H2)     0.00     0.00     0.00    -0.00    -0.00         0.00        -0.00         0.00         0.00        -0.00        -0.00             0.00

