 .__   __.   ______   .___  ___.   ______    _______   _______   ______   ______      .______   ____    ____ 
 |  \ |  |  /  __  \  |   \/   |  /  __  \  |       \ |   ____| /      | /  __  \     |   _  \  \   \  /   / 
 |   \|  | |  |  |  | |  \  /  | |  |  |  | |  .--.  ||  |__   |  ,----'|  |  |  |    |  |_)  |  \   \/   /  
 |  . `  | |  |  |  | |  |\/|  | |  |  |  | |  |  |  ||   __|  |  |     |  |  |  |    |   ___/    \_    _/   
 |  |\   | |  `--'  | |  |  |  | |  `--'  | |  '--'  ||  |____ |  `----.|  `--'  |  __|  |          |  |     
 |__| \__|  \______/  |__|  |__|  \______/  |_______/ |_______| \______| \______/  (__) _|          |__|     
                                                                                                             


**************************************************************************************************************
                         Kemal Önen, Lukas Meinschad, Dennis F. Dinu, Klaus R. Liedl                          
                                      Liedl Lab, University of Innsbruck                                      
**************************************************************************************************************

Non-planar system detected. Therefore out-of-plane angles are NOT used in your analysis. Note that out-of-plane angles tend to perform worse
than the other internal coordinates in terms of computational cost and in the decomposition. However they can be
useful for planar systems.

The detected point group is Cs
The following equivalent atoms were found: [['F'], ['O'], ['H2', 'H3'], ['H1']] 

The following primitive internals (bonds, (in-plane) angles, linear valence angles, out-of-plane angles and torsions) were generated:
bonds: [('O', 'H2'), ('H1', 'O'), ('O', 'H3'), ('F', 'H1')]
in-plane angles: [('H2', 'O', 'H3'), ('H2', 'O', 'H1'), ('H1', 'O', 'H3')]
linear valence-angles: [('O', 'H1', 'F'), ('O', 'H1', 'F')]
out-of-plane angles: []
dihedrals: [('F', 'H1', 'O', 'H2'), ('F', 'H1', 'O', 'H3')]

9 internal coordinates are at least needed for the decomposition scheme.

------------------------------Generation of intermolecular internal coordinates-------------------------------

The following intermolecular internal coordinates (bonds, (in-plane) angles, linear valance angles, out-of-plane angles and torsions) were generated:
Hydrogen bonds: [('H1', 'O')]
Acceptor donor bonds: [('F', 'O')]
Hydrogen bond in-plane angles: [('H2', 'O', 'H1'), ('H1', 'O', 'H3')]
Acceptor donor in-plane angles: [('H2', 'O', 'F'), ('H3', 'O', 'F')]
Hydrogen bond bond linear valence-angles: [('O', 'H1', 'F'), ('O', 'H1', 'F')]
Acceptor donor bond linear valence-angles: []
Hydrogen bond dihedrals: [('F', 'H1', 'O', 'H2'), ('F', 'H1', 'O', 'H3')]
Acceptor donor bond dihedrals: [('H1', 'F', 'O', 'H2'), ('H1', 'F', 'O', 'H3')]
Hydrogen bond out-of-plane angles: []
Acceptor donor bond out-of-plane angles: []
---------------------------Generation of internal coordinate sets for submolecules----------------------------

The following covalent submolecules where found in the structure: [{'F', 'H1'}, {'H3', 'O', 'H2'}]
Generated IC sets for submolecule 0: 1
Generated IC sets for submolecule 1: 1

-------------------------------- Initialization of an internal coordinate set --------------------------------

The following 9 Internal Coordinates are used in your analysis:
bonds: [('F', 'O'), ('O', 'H2'), ('O', 'H3'), ('F', 'H1')]
in-plane angles: [('H2', 'O', 'F'), ('H3', 'O', 'F'), ('H2', 'O', 'H3')]
linear valence-angles: [('O', 'H1', 'F'), ('O', 'H1', 'F')]
out-of-plane angles: []
dihedrals: []



The final set contains the following intermolecular internal coordinates:
Hydrogen bonds: []
Acceptor donor bonds: [('F', 'O')]
Hydrogen bond in-plane angles: []
Acceptor donor in-plane angles: [('H2', 'O', 'F'), ('H3', 'O', 'F')]
Hydrogen bond linear valence-angles: [('O', 'H1', 'F'), ('O', 'H1', 'F')]
Acceptor bond linear valence-angles: []
Hydrogen bond dihedrals: []
Acceptor bond dihedrals: []
Hydrogen bond out-of-plane angles: []
Acceptor bond out-of-plane angles: []
-------------------------- Results of the Decomposition Scheme ---------------------------

1.) Intrinsic Frequencies for all normal-coordinate frequencies and
    vibrational distribution matrix (exact approximation) at the following
    harmonic frequencies (all frequency values in cm-1):

Internal Coordinate Intrinsic Frequencies   183   228  231   658   795  1753  4135  4234 4263
             (F, O)                247.75  0.07  0.10 0.82  0.00 -0.00  0.00 -0.00  0.00 0.00
            (O, H2)               4185.87 -0.00 -0.00 0.00 -0.00 -0.00 -0.00  0.50  0.50 0.00
            (O, H3)               4185.88 -0.00 -0.00 0.00 -0.00 -0.00 -0.00  0.50  0.50 0.00
            (F, H1)               4261.30  0.00  0.00 0.00  0.00  0.00  0.00  0.01  0.00 0.99
         (H2, O, F)                364.02  0.45  0.45 0.00  0.02  0.07  0.01  0.00 -0.00 0.00
         (H3, O, F)                368.02  0.43  0.32 0.15  0.02  0.07  0.01  0.00 -0.00 0.00
        (H2, O, H3)               1724.78  0.02  0.00 0.01  0.00  0.00  0.97 -0.00  0.00 0.00
         (O, H1, F)                741.92  0.00  0.13 0.02  0.00  0.86 -0.00  0.00 -0.00 0.00
         (O, H1, F)                649.81  0.03  0.00 0.01  0.96  0.00  0.00 -0.00 -0.00 0.00

Check if matrix is normalized: 1.0

2.) Intrinsic Frequencies for all normal-coordinate frequencies and
    diagonal elements of the PED matrix at the following
    harmonic frequencies (all frequency values in cm-1):

Internal Coordinate Intrinsic Frequencies  183  228  231  658  795 1753 4135 4234 4263
             (F, O)                247.75 0.07 0.11 0.83 0.00 0.00 0.00 0.00 0.00 0.00
            (O, H2)               4185.87 0.00 0.00 0.00 0.00 0.00 0.01 0.50 0.50 0.00
            (O, H3)               4185.88 0.00 0.00 0.00 0.00 0.00 0.01 0.50 0.50 0.00
            (F, H1)               4261.30 0.00 0.00 0.00 0.00 0.00 0.00 0.01 0.00 0.99
         (H2, O, F)                364.02 0.70 1.02 0.01 0.00 0.01 0.01 0.00 0.00 0.00
         (H3, O, F)                368.02 0.67 0.77 0.30 0.00 0.01 0.01 0.00 0.00 0.00
        (H2, O, H3)               1724.78 0.03 0.00 0.01 0.00 0.00 0.97 0.00 0.00 0.00
         (O, H1, F)                741.92 0.00 1.31 0.16 0.00 0.75 0.00 0.00 0.00 0.00
         (O, H1, F)                649.81 0.36 0.01 0.03 0.93 0.00 0.00 0.00 0.00 0.00

3.) Intrinsic Frequencies for all normal-coordinate frequencies and
    contribution table calculated from the diagonal elements of the PED at the following
    harmonic frequencies (all frequency values in cm-1):

Internal Coordinate Intrinsic Frequencies   183   228   231   658   795  1753  4135  4234  4263
             (F, O)                247.75  3.79  3.33 61.14  0.02  0.00  0.06  0.00  0.00  0.01
            (O, H2)               4185.87  0.12  0.02  0.00  0.02  0.00  0.52 49.64 50.02  0.30
            (O, H3)               4185.88  0.12  0.01  0.03  0.02  0.01  0.52 49.67 49.98  0.31
            (F, H1)               4261.30  0.10  0.00  0.05  0.04  0.00  0.05  0.68  0.00 99.37
         (H2, O, F)                364.02 37.87 31.75  0.86  0.22  1.73  1.11  0.00  0.00  0.00
         (H3, O, F)                368.02 36.63 23.82 22.47  0.23  1.81  1.19  0.00  0.00  0.00
        (H2, O, H3)               1724.78  1.71  0.05  1.01  0.33  0.00 96.56  0.00  0.00  0.00
         (O, H1, F)                741.92  0.00 40.86 12.12  0.02 96.43  0.00  0.00  0.00  0.00
         (O, H1, F)                649.81 19.65  0.16  2.31 99.09  0.02  0.00  0.00  0.00  0.02

----- Extended Results: Exact PED, KED and TED analysis per mode -----

Normal mode at the following harmonic frequency: 183 cm-1

Potential energy distribution matrix (normalization check: 1.0)

Internal Coordinate (F, O) (O, H2) (O, H3) (F, H1) (H2, O, F) (H3, O, F) (H2, O, H3) (O, H1, F) (O, H1, F)
             (F, O)   0.07   -0.00   -0.00   -0.00       0.00       0.00        0.00      -0.00       0.00
            (O, H2)  -0.00    0.00   -0.00   -0.00      -0.00      -0.00       -0.00      -0.00       0.00
            (O, H3)  -0.00   -0.00    0.00   -0.00      -0.00      -0.00       -0.00       0.00       0.00
            (F, H1)  -0.00   -0.00   -0.00    0.00      -0.00      -0.00        0.00      -0.00       0.00
         (H2, O, F)   0.00   -0.00   -0.00   -0.00       0.70      -0.08       -0.01       0.00      -0.17
         (H3, O, F)   0.00   -0.00   -0.00   -0.00      -0.08       0.67       -0.00      -0.00      -0.16
        (H2, O, H3)   0.00   -0.00   -0.00    0.00      -0.01      -0.00        0.03      -0.00      -0.00
         (O, H1, F)  -0.00   -0.00    0.00   -0.00       0.00      -0.00       -0.00       0.00      -0.00
         (O, H1, F)   0.00    0.00    0.00    0.00      -0.17      -0.16       -0.00      -0.00       0.36

Kinetic energy distribution matrix (normalization check: 1.0)

Internal Coordinate (F, O) (O, H2) (O, H3) (F, H1) (H2, O, F) (H3, O, F) (H2, O, H3) (O, H1, F) (O, H1, F)
             (F, O)   0.05   -0.00   -0.00    0.00       0.02       0.02        0.00      -0.00      -0.00
            (O, H2)  -0.00    0.00   -0.00    0.00       0.00      -0.00        0.00       0.00      -0.00
            (O, H3)  -0.00   -0.00    0.00    0.00      -0.00       0.00        0.00      -0.00      -0.00
            (F, H1)   0.00    0.00    0.00    0.00      -0.00      -0.00        0.00      -0.00      -0.00
         (H2, O, F)   0.02    0.00   -0.00   -0.00       0.44       0.19        0.01      -0.00       0.00
         (H3, O, F)   0.02   -0.00    0.00   -0.00       0.19       0.42        0.01       0.00       0.00
        (H2, O, H3)   0.00    0.00    0.00    0.00       0.01       0.01        0.00      -0.00      -0.00
         (O, H1, F)  -0.00    0.00   -0.00   -0.00      -0.00       0.00       -0.00       0.00       0.00
         (O, H1, F)  -0.00   -0.00   -0.00   -0.00       0.00       0.00       -0.00       0.00       0.04

Total energy distribution matrix (normalization check: 1.0)

Internal Coordinate (F, O) (O, H2) (O, H3) (F, H1) (H2, O, F) (H3, O, F) (H2, O, H3) (O, H1, F) (O, H1, F)
             (F, O)   0.06   -0.00   -0.00   -0.00       0.01       0.01        0.00      -0.00       0.00
            (O, H2)  -0.00    0.00   -0.00   -0.00      -0.00      -0.00       -0.00      -0.00       0.00
            (O, H3)  -0.00   -0.00    0.00   -0.00      -0.00      -0.00       -0.00       0.00       0.00
            (F, H1)  -0.00   -0.00   -0.00    0.00      -0.00      -0.00        0.00      -0.00       0.00
         (H2, O, F)   0.01   -0.00   -0.00   -0.00       0.57       0.06        0.00       0.00      -0.09
         (H3, O, F)   0.01   -0.00   -0.00   -0.00       0.06       0.55        0.00      -0.00      -0.08
        (H2, O, H3)   0.00   -0.00   -0.00    0.00       0.00       0.00        0.02      -0.00      -0.00
         (O, H1, F)  -0.00   -0.00    0.00   -0.00       0.00      -0.00       -0.00       0.00      -0.00
         (O, H1, F)   0.00    0.00    0.00    0.00      -0.09      -0.08       -0.00      -0.00       0.20

----- Extended Results: Exact PED, KED and TED analysis per mode -----

Normal mode at the following harmonic frequency: 228 cm-1

Potential energy distribution matrix (normalization check: 1.0)

Internal Coordinate (F, O) (O, H2) (O, H3) (F, H1) (H2, O, F) (H3, O, F) (H2, O, H3) (O, H1, F) (O, H1, F)
             (F, O)   0.11    0.00   -0.00   -0.00      -0.00       0.00       -0.00      -0.00      -0.00
            (O, H2)   0.00    0.00    0.00    0.00      -0.00       0.00       -0.00       0.00       0.00
            (O, H3)  -0.00    0.00    0.00   -0.00       0.00      -0.00        0.00       0.00      -0.00
            (F, H1)  -0.00    0.00   -0.00    0.00       0.00      -0.00       -0.00      -0.00      -0.00
         (H2, O, F)  -0.00   -0.00    0.00    0.00       1.02       0.10       -0.00      -0.63      -0.02
         (H3, O, F)   0.00    0.00   -0.00   -0.00       0.10       0.77        0.00      -0.56       0.02
        (H2, O, H3)  -0.00   -0.00    0.00   -0.00      -0.00       0.00        0.00       0.00      -0.00
         (O, H1, F)  -0.00    0.00    0.00   -0.00      -0.63      -0.56        0.00       1.31       0.00
         (O, H1, F)  -0.00    0.00   -0.00   -0.00      -0.02       0.02       -0.00       0.00       0.01

Kinetic energy distribution matrix (normalization check: 1.0)

Internal Coordinate (F, O) (O, H2) (O, H3) (F, H1) (H2, O, F) (H3, O, F) (H2, O, H3) (O, H1, F) (O, H1, F)
             (F, O)   0.11    0.00   -0.00    0.00      -0.04       0.04       -0.00      -0.00       0.00
            (O, H2)   0.00    0.00    0.00   -0.00       0.00       0.00        0.00      -0.00      -0.00
            (O, H3)  -0.00    0.00    0.00    0.00       0.00       0.00       -0.00      -0.00       0.00
            (F, H1)   0.00   -0.00    0.00    0.00       0.00      -0.00       -0.00      -0.00       0.00
         (H2, O, F)  -0.04    0.00    0.00    0.00       1.01      -0.37        0.01       0.01       0.00
         (H3, O, F)   0.04    0.00    0.00   -0.00      -0.37       0.74       -0.01       0.01      -0.00
        (H2, O, H3)  -0.00    0.00   -0.00   -0.00       0.01      -0.01        0.00       0.00      -0.00
         (O, H1, F)  -0.00   -0.00   -0.00   -0.00       0.01       0.01        0.00       0.15      -0.00
         (O, H1, F)   0.00   -0.00    0.00    0.00       0.00      -0.00       -0.00      -0.00       0.00

Total energy distribution matrix (normalization check: 1.0)

Internal Coordinate (F, O) (O, H2) (O, H3) (F, H1) (H2, O, F) (H3, O, F) (H2, O, H3) (O, H1, F) (O, H1, F)
             (F, O)   0.11    0.00   -0.00   -0.00      -0.02       0.02       -0.00      -0.00      -0.00
            (O, H2)   0.00    0.00    0.00    0.00      -0.00       0.00       -0.00       0.00       0.00
            (O, H3)  -0.00    0.00    0.00   -0.00       0.00      -0.00        0.00       0.00      -0.00
            (F, H1)  -0.00    0.00   -0.00    0.00       0.00      -0.00       -0.00      -0.00      -0.00
         (H2, O, F)  -0.02   -0.00    0.00    0.00       1.01      -0.14        0.00      -0.31      -0.01
         (H3, O, F)   0.02    0.00   -0.00   -0.00      -0.14       0.75       -0.00      -0.28       0.01
        (H2, O, H3)  -0.00   -0.00    0.00   -0.00       0.00      -0.00        0.00       0.00      -0.00
         (O, H1, F)  -0.00    0.00    0.00   -0.00      -0.31      -0.28        0.00       0.73       0.00
         (O, H1, F)  -0.00    0.00   -0.00   -0.00      -0.01       0.01       -0.00       0.00       0.00

----- Extended Results: Exact PED, KED and TED analysis per mode -----

Normal mode at the following harmonic frequency: 231 cm-1

Potential energy distribution matrix (normalization check: 1.0)

Internal Coordinate (F, O) (O, H2) (O, H3) (F, H1) (H2, O, F) (H3, O, F) (H2, O, H3) (O, H1, F) (O, H1, F)
             (F, O)   0.83    0.00    0.00   -0.00       0.00      -0.00       -0.01       0.00      -0.00
            (O, H2)   0.00    0.00   -0.00    0.00       0.00      -0.00       -0.00      -0.00       0.00
            (O, H3)   0.00   -0.00    0.00    0.00       0.00      -0.00       -0.00       0.00       0.00
            (F, H1)  -0.00    0.00    0.00    0.00      -0.00       0.00       -0.00       0.00      -0.00
         (H2, O, F)   0.00    0.00    0.00   -0.00       0.01       0.01        0.00      -0.02       0.01
         (H3, O, F)  -0.00   -0.00   -0.00    0.00       0.01       0.30       -0.00      -0.13      -0.03
        (H2, O, H3)  -0.01   -0.00   -0.00   -0.00       0.00      -0.00        0.01      -0.00      -0.00
         (O, H1, F)   0.00   -0.00    0.00    0.00      -0.02      -0.13       -0.00       0.16      -0.00
         (O, H1, F)  -0.00    0.00    0.00   -0.00       0.01      -0.03       -0.00      -0.00       0.03

Kinetic energy distribution matrix (normalization check: 1.0)

Internal Coordinate (F, O) (O, H2) (O, H3) (F, H1) (H2, O, F) (H3, O, F) (H2, O, H3) (O, H1, F) (O, H1, F)
             (F, O)   0.87    0.00    0.00    0.00       0.01      -0.07       -0.00       0.00       0.00
            (O, H2)   0.00    0.00   -0.00   -0.00      -0.00      -0.00        0.00       0.00      -0.00
            (O, H3)   0.00   -0.00    0.00   -0.00       0.00       0.00        0.00      -0.00      -0.00
            (F, H1)   0.00   -0.00   -0.00    0.00      -0.00       0.00       -0.00       0.00       0.00
         (H2, O, F)   0.01   -0.00    0.00   -0.00       0.01      -0.03       -0.00       0.00      -0.00
         (H3, O, F)  -0.07   -0.00    0.00    0.00      -0.03       0.30        0.01       0.00       0.00
        (H2, O, H3)  -0.00    0.00    0.00   -0.00      -0.00       0.01        0.00      -0.00      -0.00
         (O, H1, F)   0.00    0.00   -0.00    0.00       0.00       0.00       -0.00       0.02       0.00
         (O, H1, F)   0.00   -0.00   -0.00    0.00      -0.00       0.00       -0.00       0.00       0.00

Total energy distribution matrix (normalization check: 1.0)

Internal Coordinate (F, O) (O, H2) (O, H3) (F, H1) (H2, O, F) (H3, O, F) (H2, O, H3) (O, H1, F) (O, H1, F)
             (F, O)   0.85    0.00    0.00   -0.00       0.01      -0.03       -0.00       0.00      -0.00
            (O, H2)   0.00    0.00   -0.00    0.00       0.00      -0.00       -0.00      -0.00       0.00
            (O, H3)   0.00   -0.00    0.00    0.00       0.00      -0.00       -0.00       0.00       0.00
            (F, H1)  -0.00    0.00    0.00    0.00      -0.00       0.00       -0.00       0.00      -0.00
         (H2, O, F)   0.01    0.00    0.00   -0.00       0.01      -0.01       -0.00      -0.01       0.00
         (H3, O, F)  -0.03   -0.00   -0.00    0.00      -0.01       0.30        0.00      -0.06      -0.02
        (H2, O, H3)  -0.00   -0.00   -0.00   -0.00      -0.00       0.00        0.01      -0.00      -0.00
         (O, H1, F)   0.00   -0.00    0.00    0.00      -0.01      -0.06       -0.00       0.09      -0.00
         (O, H1, F)  -0.00    0.00    0.00   -0.00       0.00      -0.02       -0.00      -0.00       0.02

----- Extended Results: Exact PED, KED and TED analysis per mode -----

Normal mode at the following harmonic frequency: 658 cm-1

Potential energy distribution matrix (normalization check: 1.0)

Internal Coordinate (F, O) (O, H2) (O, H3) (F, H1) (H2, O, F) (H3, O, F) (H2, O, H3) (O, H1, F) (O, H1, F)
             (F, O)   0.00    0.00    0.00    0.00      -0.00      -0.00       -0.00      -0.00       0.00
            (O, H2)   0.00    0.00   -0.00   -0.00      -0.00      -0.00       -0.00       0.00      -0.00
            (O, H3)   0.00   -0.00    0.00   -0.00      -0.00      -0.00       -0.00      -0.00      -0.00
            (F, H1)   0.00   -0.00   -0.00    0.00      -0.00      -0.00        0.00       0.00      -0.00
         (H2, O, F)  -0.00   -0.00   -0.00   -0.00       0.00      -0.00       -0.00      -0.00       0.01
         (H3, O, F)  -0.00   -0.00   -0.00   -0.00      -0.00       0.00       -0.00       0.00       0.01
        (H2, O, H3)  -0.00   -0.00   -0.00    0.00      -0.00      -0.00        0.00       0.00       0.00
         (O, H1, F)  -0.00    0.00   -0.00    0.00      -0.00       0.00        0.00       0.00      -0.00
         (O, H1, F)   0.00   -0.00   -0.00   -0.00       0.01       0.01        0.00      -0.00       0.93

Kinetic energy distribution matrix (normalization check: 1.0)

Internal Coordinate (F, O) (O, H2) (O, H3) (F, H1) (H2, O, F) (H3, O, F) (H2, O, H3) (O, H1, F) (O, H1, F)
             (F, O)   0.00    0.00    0.00   -0.00      -0.00      -0.00       -0.00      -0.00      -0.00
            (O, H2)   0.00    0.00   -0.00    0.00       0.00      -0.00        0.00      -0.00       0.00
            (O, H3)   0.00   -0.00    0.00    0.00      -0.00       0.00        0.00       0.00       0.00
            (F, H1)  -0.00    0.00    0.00    0.00      -0.00      -0.00        0.00       0.00       0.00
         (H2, O, F)  -0.00    0.00   -0.00   -0.00       0.02       0.01        0.00       0.00      -0.00
         (H3, O, F)  -0.00   -0.00    0.00   -0.00       0.01       0.02        0.00      -0.00      -0.00
        (H2, O, H3)  -0.00    0.00    0.00    0.00       0.00       0.00        0.00       0.00       0.00
         (O, H1, F)  -0.00   -0.00    0.00    0.00       0.00      -0.00        0.00       0.00       0.00
         (O, H1, F)  -0.00    0.00    0.00    0.00      -0.00      -0.00        0.00       0.00       1.20

Total energy distribution matrix (normalization check: 1.0)

Internal Coordinate (F, O) (O, H2) (O, H3) (F, H1) (H2, O, F) (H3, O, F) (H2, O, H3) (O, H1, F) (O, H1, F)
             (F, O)   0.00    0.00    0.00   -0.00      -0.00      -0.00       -0.00      -0.00      -0.00
            (O, H2)   0.00    0.00   -0.00   -0.00      -0.00      -0.00       -0.00       0.00      -0.00
            (O, H3)   0.00   -0.00    0.00   -0.00      -0.00      -0.00       -0.00      -0.00      -0.00
            (F, H1)  -0.00   -0.00   -0.00    0.00      -0.00      -0.00        0.00       0.00       0.00
         (H2, O, F)  -0.00   -0.00   -0.00   -0.00       0.01       0.00        0.00      -0.00       0.01
         (H3, O, F)  -0.00   -0.00   -0.00   -0.00       0.00       0.01        0.00       0.00       0.01
        (H2, O, H3)  -0.00   -0.00   -0.00    0.00       0.00       0.00        0.00       0.00       0.00
         (O, H1, F)  -0.00    0.00   -0.00    0.00      -0.00       0.00        0.00       0.00      -0.00
         (O, H1, F)  -0.00   -0.00   -0.00    0.00       0.01       0.01        0.00      -0.00       1.06

----- Extended Results: Exact PED, KED and TED analysis per mode -----

Normal mode at the following harmonic frequency: 795 cm-1

Potential energy distribution matrix (normalization check: 1.0)

Internal Coordinate (F, O) (O, H2) (O, H3) (F, H1) (H2, O, F) (H3, O, F) (H2, O, H3) (O, H1, F) (O, H1, F)
             (F, O)   0.00   -0.00    0.00    0.00       0.00      -0.00       -0.00      -0.00      -0.00
            (O, H2)  -0.00    0.00    0.00    0.00      -0.00       0.00        0.00      -0.00      -0.00
            (O, H3)   0.00    0.00    0.00   -0.00       0.00      -0.00       -0.00      -0.00       0.00
            (F, H1)   0.00    0.00   -0.00    0.00       0.00      -0.00        0.00       0.00       0.00
         (H2, O, F)   0.00   -0.00    0.00    0.00       0.01       0.00        0.00       0.05       0.00
         (H3, O, F)  -0.00    0.00   -0.00   -0.00       0.00       0.01       -0.00       0.06      -0.00
        (H2, O, H3)  -0.00    0.00   -0.00    0.00       0.00      -0.00        0.00       0.00      -0.00
         (O, H1, F)  -0.00   -0.00   -0.00    0.00       0.05       0.06        0.00       0.75       0.00
         (O, H1, F)  -0.00   -0.00    0.00    0.00       0.00      -0.00       -0.00       0.00       0.00

Kinetic energy distribution matrix (normalization check: 1.0)

Internal Coordinate (F, O) (O, H2) (O, H3) (F, H1) (H2, O, F) (H3, O, F) (H2, O, H3) (O, H1, F) (O, H1, F)
             (F, O)   0.00   -0.00    0.00   -0.00       0.00      -0.00       -0.00      -0.00       0.00
            (O, H2)  -0.00    0.00    0.00   -0.00       0.00       0.00       -0.00       0.00       0.00
            (O, H3)   0.00    0.00    0.00    0.00       0.00       0.00        0.00       0.00      -0.00
            (F, H1)  -0.00   -0.00    0.00    0.00       0.00      -0.00        0.00       0.00      -0.00
         (H2, O, F)   0.00    0.00    0.00    0.00       0.16      -0.07       -0.00      -0.01      -0.00
         (H3, O, F)  -0.00    0.00    0.00   -0.00      -0.07       0.16        0.00      -0.01       0.00
        (H2, O, H3)  -0.00   -0.00    0.00    0.00      -0.00       0.00        0.00       0.00      -0.00
         (O, H1, F)  -0.00    0.00    0.00    0.00      -0.01      -0.01        0.00       1.06      -0.00
         (O, H1, F)   0.00    0.00   -0.00   -0.00      -0.00       0.00       -0.00      -0.00       0.00

Total energy distribution matrix (normalization check: 1.0)

Internal Coordinate (F, O) (O, H2) (O, H3) (F, H1) (H2, O, F) (H3, O, F) (H2, O, H3) (O, H1, F) (O, H1, F)
             (F, O)   0.00   -0.00    0.00   -0.00       0.00      -0.00       -0.00      -0.00       0.00
            (O, H2)  -0.00    0.00    0.00    0.00      -0.00       0.00        0.00       0.00      -0.00
            (O, H3)   0.00    0.00    0.00   -0.00       0.00      -0.00       -0.00       0.00       0.00
            (F, H1)  -0.00    0.00   -0.00    0.00       0.00      -0.00        0.00       0.00      -0.00
         (H2, O, F)   0.00   -0.00    0.00    0.00       0.09      -0.03       -0.00       0.02       0.00
         (H3, O, F)  -0.00    0.00   -0.00   -0.00      -0.03       0.09        0.00       0.02      -0.00
        (H2, O, H3)  -0.00    0.00   -0.00    0.00      -0.00       0.00        0.00       0.00      -0.00
         (O, H1, F)  -0.00    0.00    0.00    0.00       0.02       0.02        0.00       0.91       0.00
         (O, H1, F)   0.00   -0.00    0.00   -0.00       0.00      -0.00       -0.00       0.00       0.00

----- Extended Results: Exact PED, KED and TED analysis per mode -----

Normal mode at the following harmonic frequency: 1753 cm-1

Potential energy distribution matrix (normalization check: 1.0)

Internal Coordinate (F, O) (O, H2) (O, H3) (F, H1) (H2, O, F) (H3, O, F) (H2, O, H3) (O, H1, F) (O, H1, F)
             (F, O)   0.00   -0.00   -0.00    0.00      -0.00      -0.00        0.00       0.00       0.00
            (O, H2)  -0.00    0.01   -0.00    0.00       0.00       0.00       -0.01       0.00       0.00
            (O, H3)  -0.00   -0.00    0.01    0.00       0.00       0.00       -0.01      -0.00       0.00
            (F, H1)   0.00    0.00    0.00    0.00      -0.00      -0.00       -0.00      -0.00      -0.00
         (H2, O, F)  -0.00    0.00    0.00   -0.00       0.01      -0.00        0.00       0.00       0.00
         (H3, O, F)  -0.00    0.00    0.00   -0.00      -0.00       0.01        0.00      -0.00       0.00
        (H2, O, H3)   0.00   -0.01   -0.01   -0.00       0.00       0.00        0.97       0.00      -0.00
         (O, H1, F)   0.00    0.00   -0.00   -0.00       0.00      -0.00        0.00       0.00       0.00
         (O, H1, F)   0.00    0.00    0.00   -0.00       0.00       0.00       -0.00       0.00       0.00

Kinetic energy distribution matrix (normalization check: 1.0)

Internal Coordinate (F, O) (O, H2) (O, H3) (F, H1) (H2, O, F) (H3, O, F) (H2, O, H3) (O, H1, F) (O, H1, F)
             (F, O)   0.04   -0.00   -0.00   -0.00      -0.02      -0.02        0.00       0.00      -0.00
            (O, H2)  -0.00    0.00   -0.00   -0.00      -0.00       0.00        0.00      -0.00      -0.00
            (O, H3)  -0.00   -0.00    0.00   -0.00       0.00      -0.00        0.00       0.00      -0.00
            (F, H1)  -0.00   -0.00   -0.00    0.00      -0.00      -0.00       -0.00      -0.00       0.00
         (H2, O, F)  -0.02   -0.00    0.00   -0.00       0.65       0.29       -0.94      -0.00      -0.00
         (H3, O, F)  -0.02    0.00   -0.00   -0.00       0.29       0.68       -0.97       0.00      -0.00
        (H2, O, H3)   0.00    0.00    0.00   -0.00      -0.94      -0.97        3.15       0.00      -0.00
         (O, H1, F)   0.00   -0.00    0.00   -0.00      -0.00       0.00        0.00       0.00      -0.00
         (O, H1, F)  -0.00   -0.00   -0.00    0.00      -0.00      -0.00       -0.00      -0.00       0.00

Total energy distribution matrix (normalization check: 1.0)

Internal Coordinate (F, O) (O, H2) (O, H3) (F, H1) (H2, O, F) (H3, O, F) (H2, O, H3) (O, H1, F) (O, H1, F)
             (F, O)   0.02   -0.00   -0.00   -0.00      -0.01      -0.01        0.00       0.00      -0.00
            (O, H2)  -0.00    0.00   -0.00   -0.00      -0.00       0.00       -0.00      -0.00      -0.00
            (O, H3)  -0.00   -0.00    0.00   -0.00       0.00      -0.00       -0.00       0.00      -0.00
            (F, H1)  -0.00   -0.00   -0.00    0.00      -0.00      -0.00       -0.00      -0.00       0.00
         (H2, O, F)  -0.01   -0.00    0.00   -0.00       0.33       0.14       -0.47       0.00       0.00
         (H3, O, F)  -0.01    0.00   -0.00   -0.00       0.14       0.35       -0.48      -0.00       0.00
        (H2, O, H3)   0.00   -0.00   -0.00   -0.00      -0.47      -0.48        2.06       0.00      -0.00
         (O, H1, F)   0.00   -0.00    0.00   -0.00       0.00      -0.00        0.00       0.00      -0.00
         (O, H1, F)  -0.00   -0.00   -0.00    0.00       0.00       0.00       -0.00      -0.00       0.00

----- Extended Results: Exact PED, KED and TED analysis per mode -----

Normal mode at the following harmonic frequency: 4135 cm-1

Potential energy distribution matrix (normalization check: 1.0)

Internal Coordinate (F, O) (O, H2) (O, H3) (F, H1) (H2, O, F) (H3, O, F) (H2, O, H3) (O, H1, F) (O, H1, F)
             (F, O)   0.00   -0.00   -0.00   -0.00      -0.00      -0.00        0.00      -0.00      -0.00
            (O, H2)  -0.00    0.50   -0.00   -0.00       0.00       0.00       -0.00      -0.00      -0.00
            (O, H3)  -0.00   -0.00    0.50   -0.00       0.00       0.00       -0.00       0.00      -0.00
            (F, H1)  -0.00   -0.00   -0.00    0.01       0.00       0.00        0.00      -0.00      -0.00
         (H2, O, F)  -0.00    0.00    0.00    0.00       0.00      -0.00        0.00      -0.00      -0.00
         (H3, O, F)  -0.00    0.00    0.00    0.00      -0.00       0.00        0.00       0.00      -0.00
        (H2, O, H3)   0.00   -0.00   -0.00    0.00       0.00       0.00        0.00      -0.00       0.00
         (O, H1, F)  -0.00   -0.00    0.00   -0.00      -0.00       0.00       -0.00       0.00       0.00
         (O, H1, F)  -0.00   -0.00   -0.00   -0.00      -0.00      -0.00        0.00       0.00       0.00

Kinetic energy distribution matrix (normalization check: 1.0)

Internal Coordinate (F, O) (O, H2) (O, H3) (F, H1) (H2, O, F) (H3, O, F) (H2, O, H3) (O, H1, F) (O, H1, F)
             (F, O)   0.01   -0.01   -0.01    0.00      -0.00      -0.00        0.00      -0.00       0.00
            (O, H2)  -0.01    0.58   -0.02    0.00      -0.00       0.00        0.00       0.00       0.00
            (O, H3)  -0.01   -0.02    0.58    0.00       0.00      -0.00        0.00      -0.00       0.00
            (F, H1)   0.00    0.00    0.00    0.01       0.00       0.00        0.00      -0.00       0.00
         (H2, O, F)  -0.00   -0.00    0.00    0.00       0.00       0.00       -0.00       0.00       0.00
         (H3, O, F)  -0.00    0.00   -0.00    0.00       0.00       0.00       -0.00      -0.00       0.00
        (H2, O, H3)   0.00    0.00    0.00    0.00      -0.00      -0.00        0.00      -0.00       0.00
         (O, H1, F)  -0.00    0.00   -0.00   -0.00       0.00      -0.00       -0.00       0.00      -0.00
         (O, H1, F)   0.00    0.00    0.00    0.00       0.00       0.00        0.00      -0.00       0.00

Total energy distribution matrix (normalization check: 1.0)

Internal Coordinate (F, O) (O, H2) (O, H3) (F, H1) (H2, O, F) (H3, O, F) (H2, O, H3) (O, H1, F) (O, H1, F)
             (F, O)   0.01   -0.00   -0.00    0.00      -0.00      -0.00        0.00      -0.00       0.00
            (O, H2)  -0.00    0.54   -0.01    0.00      -0.00       0.00        0.00       0.00       0.00
            (O, H3)  -0.00   -0.01    0.54    0.00       0.00      -0.00        0.00      -0.00       0.00
            (F, H1)   0.00    0.00    0.00    0.01       0.00       0.00        0.00      -0.00       0.00
         (H2, O, F)  -0.00   -0.00    0.00    0.00       0.00       0.00       -0.00       0.00       0.00
         (H3, O, F)  -0.00    0.00   -0.00    0.00       0.00       0.00       -0.00      -0.00       0.00
        (H2, O, H3)   0.00    0.00    0.00    0.00      -0.00      -0.00        0.00      -0.00       0.00
         (O, H1, F)  -0.00    0.00   -0.00   -0.00       0.00      -0.00       -0.00       0.00      -0.00
         (O, H1, F)   0.00    0.00    0.00    0.00       0.00       0.00        0.00      -0.00       0.00

----- Extended Results: Exact PED, KED and TED analysis per mode -----

Normal mode at the following harmonic frequency: 4234 cm-1

Potential energy distribution matrix (normalization check: 1.0)

Internal Coordinate (F, O) (O, H2) (O, H3) (F, H1) (H2, O, F) (H3, O, F) (H2, O, H3) (O, H1, F) (O, H1, F)
             (F, O)   0.00   -0.00    0.00    0.00       0.00      -0.00       -0.00      -0.00      -0.00
            (O, H2)  -0.00    0.50    0.00    0.00      -0.00       0.00        0.00      -0.00      -0.00
            (O, H3)   0.00    0.00    0.50   -0.00       0.00      -0.00       -0.00      -0.00       0.00
            (F, H1)   0.00    0.00   -0.00    0.00       0.00      -0.00        0.00       0.00       0.00
         (H2, O, F)   0.00   -0.00    0.00    0.00       0.00       0.00        0.00       0.00       0.00
         (H3, O, F)  -0.00    0.00   -0.00   -0.00       0.00       0.00       -0.00       0.00      -0.00
        (H2, O, H3)  -0.00    0.00   -0.00    0.00       0.00      -0.00        0.00       0.00      -0.00
         (O, H1, F)  -0.00   -0.00   -0.00    0.00       0.00       0.00        0.00       0.00       0.00
         (O, H1, F)  -0.00   -0.00    0.00    0.00       0.00      -0.00       -0.00       0.00       0.00

Kinetic energy distribution matrix (normalization check: 1.0)

Internal Coordinate (F, O) (O, H2) (O, H3) (F, H1) (H2, O, F) (H3, O, F) (H2, O, H3) (O, H1, F) (O, H1, F)
             (F, O)   0.00   -0.00    0.00   -0.00       0.00      -0.00       -0.00      -0.00       0.00
            (O, H2)  -0.00    0.61    0.02   -0.00       0.00       0.00       -0.00       0.00       0.00
            (O, H3)   0.00    0.02    0.61    0.00       0.00       0.00        0.00       0.00      -0.00
            (F, H1)  -0.00   -0.00    0.00    0.00       0.00      -0.00        0.00       0.00      -0.00
         (H2, O, F)   0.00    0.00    0.00    0.00       0.01      -0.00       -0.00      -0.00      -0.00
         (H3, O, F)  -0.00    0.00    0.00   -0.00      -0.00       0.01        0.00      -0.00       0.00
        (H2, O, H3)  -0.00   -0.00    0.00    0.00      -0.00       0.00        0.00       0.00      -0.00
         (O, H1, F)  -0.00    0.00    0.00    0.00      -0.00      -0.00        0.00       0.00      -0.00
         (O, H1, F)   0.00    0.00   -0.00   -0.00      -0.00       0.00       -0.00      -0.00       0.00

Total energy distribution matrix (normalization check: 1.0)

Internal Coordinate (F, O) (O, H2) (O, H3) (F, H1) (H2, O, F) (H3, O, F) (H2, O, H3) (O, H1, F) (O, H1, F)
             (F, O)   0.00   -0.00    0.00   -0.00       0.00      -0.00       -0.00      -0.00       0.00
            (O, H2)  -0.00    0.55    0.01   -0.00       0.00       0.00       -0.00       0.00       0.00
            (O, H3)   0.00    0.01    0.55    0.00       0.00       0.00        0.00       0.00      -0.00
            (F, H1)  -0.00   -0.00    0.00    0.00       0.00      -0.00        0.00       0.00      -0.00
         (H2, O, F)   0.00    0.00    0.00    0.00       0.00      -0.00       -0.00      -0.00      -0.00
         (H3, O, F)  -0.00    0.00    0.00   -0.00      -0.00       0.00        0.00      -0.00       0.00
        (H2, O, H3)  -0.00   -0.00    0.00    0.00      -0.00       0.00        0.00       0.00      -0.00
         (O, H1, F)  -0.00    0.00    0.00    0.00      -0.00      -0.00        0.00       0.00      -0.00
         (O, H1, F)   0.00    0.00   -0.00   -0.00      -0.00       0.00       -0.00      -0.00       0.00

----- Extended Results: Exact PED, KED and TED analysis per mode -----

Normal mode at the following harmonic frequency: 4263 cm-1

Potential energy distribution matrix (normalization check: 1.0)

Internal Coordinate (F, O) (O, H2) (O, H3) (F, H1) (H2, O, F) (H3, O, F) (H2, O, H3) (O, H1, F) (O, H1, F)
             (F, O)   0.00   -0.00   -0.00    0.00       0.00       0.00       -0.00       0.00      -0.00
            (O, H2)  -0.00    0.00   -0.00    0.00      -0.00      -0.00        0.00       0.00      -0.00
            (O, H3)  -0.00   -0.00    0.00    0.00      -0.00      -0.00        0.00      -0.00      -0.00
            (F, H1)   0.00    0.00    0.00    0.99       0.00       0.00        0.00      -0.00       0.00
         (H2, O, F)   0.00   -0.00   -0.00    0.00       0.00      -0.00        0.00      -0.00       0.00
         (H3, O, F)   0.00   -0.00   -0.00    0.00      -0.00       0.00        0.00       0.00       0.00
        (H2, O, H3)  -0.00    0.00    0.00    0.00       0.00       0.00        0.00      -0.00      -0.00
         (O, H1, F)   0.00    0.00   -0.00   -0.00      -0.00       0.00       -0.00       0.00      -0.00
         (O, H1, F)  -0.00   -0.00   -0.00    0.00       0.00       0.00       -0.00      -0.00       0.00

Kinetic energy distribution matrix (normalization check: 1.0)

Internal Coordinate (F, O) (O, H2) (O, H3) (F, H1) (H2, O, F) (H3, O, F) (H2, O, H3) (O, H1, F) (O, H1, F)
             (F, O)   0.03   -0.00   -0.00   -0.02       0.00       0.00       -0.00       0.00       0.00
            (O, H2)  -0.00    0.00   -0.00   -0.00       0.00      -0.00       -0.00      -0.00       0.00
            (O, H3)  -0.00   -0.00    0.00   -0.00      -0.00       0.00       -0.00       0.00       0.00
            (F, H1)  -0.02   -0.00   -0.00    1.18       0.00       0.00        0.00      -0.00      -0.01
         (H2, O, F)   0.00    0.00   -0.00    0.00       0.00       0.00       -0.00       0.00      -0.00
         (H3, O, F)   0.00   -0.00    0.00    0.00       0.00       0.00       -0.00      -0.00      -0.00
        (H2, O, H3)  -0.00   -0.00   -0.00    0.00      -0.00      -0.00        0.00      -0.00      -0.00
         (O, H1, F)   0.00   -0.00    0.00   -0.00       0.00      -0.00       -0.00       0.00       0.00
         (O, H1, F)   0.00    0.00    0.00   -0.01      -0.00      -0.00       -0.00       0.00       0.01

Total energy distribution matrix (normalization check: 1.0)

Internal Coordinate (F, O) (O, H2) (O, H3) (F, H1) (H2, O, F) (H3, O, F) (H2, O, H3) (O, H1, F) (O, H1, F)
             (F, O)   0.01   -0.00   -0.00   -0.01       0.00       0.00       -0.00       0.00       0.00
            (O, H2)  -0.00    0.00   -0.00   -0.00       0.00      -0.00       -0.00      -0.00       0.00
            (O, H3)  -0.00   -0.00    0.00   -0.00      -0.00       0.00       -0.00       0.00       0.00
            (F, H1)  -0.01   -0.00   -0.00    1.09       0.00       0.00        0.00      -0.00      -0.00
         (H2, O, F)   0.00    0.00   -0.00    0.00       0.00       0.00       -0.00       0.00      -0.00
         (H3, O, F)   0.00   -0.00    0.00    0.00       0.00       0.00       -0.00      -0.00      -0.00
        (H2, O, H3)  -0.00   -0.00   -0.00    0.00      -0.00      -0.00        0.00      -0.00      -0.00
         (O, H1, F)   0.00   -0.00    0.00   -0.00       0.00      -0.00       -0.00       0.00       0.00
         (O, H1, F)   0.00    0.00    0.00   -0.00      -0.00      -0.00       -0.00       0.00       0.00

