 .__   __.   ______   .___  ___.   ______    _______   _______   ______   ______      .______   ____    ____ 
 |  \ |  |  /  __  \  |   \/   |  /  __  \  |       \ |   ____| /      | /  __  \     |   _  \  \   \  /   / 
 |   \|  | |  |  |  | |  \  /  | |  |  |  | |  .--.  ||  |__   |  ,----'|  |  |  |    |  |_)  |  \   \/   /  
 |  . `  | |  |  |  | |  |\/|  | |  |  |  | |  |  |  ||   __|  |  |     |  |  |  |    |   ___/    \_    _/   
 |  |\   | |  `--'  | |  |  |  | |  `--'  | |  '--'  ||  |____ |  `----.|  `--'  |  __|  |          |  |     
 |__| \__|  \______/  |__|  |__|  \______/  |_______/ |_______| \______| \______/  (__) _|          |__|     
                                                                                                             


**************************************************************************************************************
                                  Kemal Önen, Dennis F. Dinu, Klaus R. Liedl                                  
                                      Liedl Lab, University of Innsbruck                                      
**************************************************************************************************************

Non-planar system detected. Therefore out-of-plane angles are NOT used in your analysis. Note that out-of-plane angles tend to perform worse
than the other internal coordinates in terms of computational cost and in the decomposition. However they can be
useful for planar systems.

The detected point group is Cs
The following equivalent atoms were found: [['C'], ['O'], ['H1'], ['H2'], ['H3', 'H4']] 

The following primitive internals (bonds, (in-plane) angles, linear valence angles, out-of-plane angles and torsions) were generated:
bonds: [('C', 'H3'), ('C', 'O'), ('C', 'H1'), ('C', 'H4'), ('O', 'H2')]
in-plane angles: [('O', 'C', 'H1'), ('O', 'C', 'H3'), ('O', 'C', 'H4'), ('H1', 'C', 'H3'), ('H1', 'C', 'H4'),
 ('H3', 'C', 'H4'), ('C', 'O', 'H2')]
linear valence-angles: []
out-of-plane angles: []
dihedrals: [('H2', 'O', 'C', 'H3'), ('H1', 'C', 'O', 'H2'), ('H2', 'O', 'C', 'H4')]

12 internal coordinates are at least needed for the decomposition scheme.


-------------------------------- Initialization of an internal coordinate set --------------------------------

The following 12 Internal Coordinates are used in your analysis:
bonds: [('C', 'H3'), ('C', 'O'), ('C', 'H1'), ('C', 'H4'), ('O', 'H2')]
in-plane angles: [('O', 'C', 'H1'), ('O', 'C', 'H3'), ('O', 'C', 'H4'), ('H1', 'C', 'H3'), ('H1', 'C', 'H4'),
 ('H3', 'C', 'H4')]
linear valence-angles: []
out-of-plane angles: []
dihedrals: [('H1', 'C', 'O', 'H2')]


-------------------------- Results of the Decomposition Scheme ---------------------------

1.) Intrinsic Frequencies for all normal-coordinate frequencies and
    vibrational distribution matrix (exact approximation) at the following
    harmonic frequencies (all frequency values in cm-1):

Internal Coordinate Intrinsic Frequencies   342   986  1175  1291  1004  1873  1858  1634  3142  3191  3256  4187
            (C, H3)               3170.51  0.00 -0.00 -0.00 -0.00  0.00 -0.00 -0.00  0.00  0.47  0.50  0.03  0.00
             (C, O)               1166.59  0.00  0.01  1.01  0.00  0.01 -0.01  0.00 -0.01 -0.00  0.00 -0.00  0.00
            (C, H1)               3249.88  0.00 -0.00 -0.00  0.00  0.00  0.00  0.00 -0.00  0.07  0.00  0.93  0.00
            (C, H4)               3169.95  0.00  0.00 -0.00  0.00 -0.00 -0.00 -0.00  0.00  0.47  0.50  0.03 -0.00
            (O, H2)               4191.70 -0.00  0.00  0.00 -0.00  0.00 -0.00  0.00 -0.00  0.00  0.00  0.00  1.00
         (O, C, H1)               1084.85  0.00  0.33  0.01 -0.00  0.32  0.13  0.00  0.00  0.01 -0.00 -0.02  0.01
         (O, C, H3)               1353.37 -0.00  0.30  0.00  0.33  0.17  0.05  0.10  0.05  0.00  0.01  0.01 -0.01
         (O, C, H4)               1264.05  0.00  0.32  0.00  0.64  0.19 -0.01 -0.02  0.05  0.00 -0.01  0.01 -0.01
        (H1, C, H3)               1478.13 -0.00 -0.03 -0.01 -0.04 -0.02  0.42  0.24  0.04 -0.00  0.00 -0.01 -0.00
        (H1, C, H4)               1943.01 -0.01 -0.03 -0.01  0.07 -0.03  0.41  0.69  0.04 -0.00 -0.01 -0.01 -0.00
        (H3, C, H4)               1634.42 -0.00  0.12 -0.01  0.00  0.27  0.01  0.00  0.82 -0.01  0.00  0.01  0.00
     (H1, C, O, H2)                293.28  0.95  0.00  0.00  0.00  0.00  0.00 -0.01  0.00 -0.00  0.00  0.00  0.00

Check if matrix is normalized: 1.0

2.) Intrinsic Frequencies for all normal-coordinate frequencies and
    diagonal elements of the PED matrix at the following
    harmonic frequencies (all frequency values in cm-1):

Internal Coordinate Intrinsic Frequencies  342  986 1175 1291 1004 1873 1858 1634 3142 3191 3256 4187
            (C, H3)               3170.51 0.00 0.00 0.00 0.00 0.00 0.00 0.00 0.00 0.46 0.51 0.04 0.00
             (C, O)               1166.59 0.00 0.01 1.04 0.00 0.01 0.03 0.00 0.01 0.00 0.00 0.00 0.00
            (C, H1)               3249.88 0.00 0.00 0.00 0.00 0.00 0.00 0.00 0.00 0.07 0.00 0.94 0.00
            (C, H4)               3169.95 0.00 0.00 0.00 0.00 0.00 0.00 0.00 0.00 0.46 0.51 0.04 0.00
            (O, H2)               4191.70 0.00 0.00 0.00 0.00 0.00 0.00 0.00 0.00 0.00 0.00 0.00 1.00
         (O, C, H1)               1084.85 0.00 1.07 0.01 0.00 0.73 0.38 0.00 0.01 0.00 0.00 0.00 0.00
         (O, C, H3)               1353.37 0.00 0.35 0.00 1.26 0.21 0.28 0.07 0.30 0.00 0.00 0.00 0.00
         (O, C, H4)               1264.05 0.00 0.40 0.00 1.44 0.24 0.32 0.08 0.34 0.00 0.00 0.00 0.00
        (H1, C, H3)               1478.13 0.00 0.01 0.00 0.07 0.06 0.64 1.13 0.12 0.00 0.00 0.00 0.00
        (H1, C, H4)               1943.01 0.01 0.02 0.00 0.10 0.09 0.96 1.69 0.18 0.00 0.00 0.00 0.00
        (H3, C, H4)               1634.42 0.00 0.07 0.00 0.00 0.39 0.01 0.00 3.18 0.00 0.00 0.00 0.00
     (H1, C, O, H2)                293.28 0.92 0.00 0.00 0.00 0.00 0.00 0.01 0.00 0.00 0.00 0.00 0.00

3.) Intrinsic Frequencies for all normal-coordinate frequencies and
    contribution table calculated from the diagonal elements of the PED at the following
    harmonic frequencies (all frequency values in cm-1):

Internal Coordinate Intrinsic Frequencies   342   986  1175  1291  1004  1873  1858  1634  3142  3191  3256  4187
            (C, H3)               3170.51  0.00  0.00  0.07  0.00  0.00  0.01  0.06  0.05 46.50 49.41  3.55  0.00
             (C, O)               1166.59  0.00  0.39 97.85  0.00  0.46  1.00  0.00  0.17  0.18  0.00  0.01  0.03
            (C, H1)               3249.88  0.00  0.00  0.01  0.00  0.01  0.03  0.00  0.02  6.59  0.00 91.97  0.01
            (C, H4)               3169.95  0.00  0.00  0.07  0.00  0.00  0.01  0.06  0.05 46.50 49.41  3.55  0.00
            (O, H2)               4191.70  0.00  0.01  0.06  0.00  0.08  0.00  0.00  0.00  0.00  0.00  0.02 99.92
         (O, C, H1)               1084.85  0.00 55.32  0.48  0.00 42.58 14.60  0.00  0.16  0.12  0.00  0.21  0.03
         (O, C, H3)               1353.37  0.23 18.42  0.20 44.02 12.08 10.74  2.43  7.33  0.00  0.41  0.15  0.01
         (O, C, H4)               1264.05  0.26 20.93  0.22 50.02 13.72 12.20  2.76  8.33  0.00  0.46  0.17  0.01
        (H1, C, H3)               1478.13  0.42  0.58  0.25  2.33  3.34 24.54 37.88  2.85  0.01  0.12  0.08  0.00
        (H1, C, H4)               1943.01  0.63  0.86  0.37  3.48  4.98 36.58 56.47  4.25  0.01  0.18  0.12  0.00
        (H3, C, H4)               1634.42  0.00  3.48  0.43  0.00 22.73  0.29  0.00 76.80  0.09  0.00  0.16  0.00
     (H1, C, O, H2)                293.28 98.46  0.00  0.00  0.14  0.00  0.00  0.34  0.00  0.00  0.01  0.00  0.00

----- Extended Results: Exact PED, KED and TED analysis per mode -----

Normal mode at the following harmonic frequency: 342 cm-1

Potential energy distribution matrix (normalization check: 1.0)

Internal Coordinate (C, H3) (C, O) (C, H1) (C, H4) (O, H2) (O, C, H1) (O, C, H3) (O, C, H4) (H1, C, H3) (H1, C, H4) (H3, C, H4) (H1, C, O, H2)
            (C, H3)    0.00   0.00   -0.00   -0.00    0.00      -0.00       0.00       0.00        0.00       -0.00       -0.00          -0.00
             (C, O)    0.00   0.00   -0.00   -0.00   -0.00      -0.00       0.00      -0.00       -0.00        0.00        0.00           0.00
            (C, H1)   -0.00  -0.00    0.00    0.00    0.00      -0.00       0.00      -0.00       -0.00        0.00        0.00           0.00
            (C, H4)   -0.00  -0.00    0.00    0.00   -0.00      -0.00       0.00      -0.00       -0.00        0.00        0.00          -0.00
            (O, H2)    0.00  -0.00    0.00   -0.00    0.00      -0.00       0.00      -0.00       -0.00        0.00        0.00           0.00
         (O, C, H1)   -0.00  -0.00   -0.00   -0.00   -0.00       0.00      -0.00       0.00        0.00       -0.00       -0.00           0.00
         (O, C, H3)    0.00   0.00    0.00    0.00    0.00      -0.00       0.00      -0.00       -0.00        0.00        0.00          -0.00
         (O, C, H4)    0.00  -0.00   -0.00   -0.00   -0.00       0.00      -0.00       0.00        0.00       -0.00       -0.00           0.00
        (H1, C, H3)    0.00  -0.00   -0.00   -0.00   -0.00       0.00      -0.00       0.00        0.00       -0.00       -0.00          -0.00
        (H1, C, H4)   -0.00   0.00    0.00    0.00    0.00      -0.00       0.00      -0.00       -0.00        0.01        0.00          -0.01
        (H3, C, H4)   -0.00   0.00    0.00    0.00    0.00      -0.00       0.00      -0.00       -0.00        0.00        0.00          -0.00
     (H1, C, O, H2)   -0.00   0.00    0.00   -0.00    0.00       0.00      -0.00       0.00       -0.00       -0.01       -0.00           0.92

Kinetic energy distribution matrix (normalization check: 1.0)

Internal Coordinate (C, H3) (C, O) (C, H1) (C, H4) (O, H2) (O, C, H1)      (O, C, H3)      (O, C, H4)     (H1, C, H3)     (H1, C, H4) (H3, C, H4) (H1, C, O, H2)
            (C, H3)    0.00   0.00   -0.00   -0.00    0.00       0.00           -0.00            0.00            0.00           -0.00       -0.00          -0.00
             (C, O)    0.00   0.00   -0.00   -0.00    0.00      -0.00            0.00           -0.00           -0.00            0.00        0.00           0.00
            (C, H1)   -0.00  -0.00    0.00    0.00    0.00      -0.00            0.00           -0.00           -0.00            0.00        0.00           0.00
            (C, H4)   -0.00  -0.00    0.00    0.00   -0.00      -0.00            0.00           -0.00           -0.00            0.00        0.00          -0.00
            (O, H2)    0.00   0.00    0.00   -0.00    0.00      -0.00            0.00           -0.00           -0.00            0.00        0.00           0.00
         (O, C, H1)    0.00  -0.00   -0.00   -0.00   -0.00      -0.00            0.00           -0.00           -0.00            0.00        0.00           0.00
         (O, C, H3)   -0.00   0.00    0.00    0.00    0.00       0.00 -42358564116.01  42358564116.01  61186574727.59 -61186574727.59       -0.00          -0.00
         (O, C, H4)    0.00  -0.00   -0.00   -0.00   -0.00      -0.00  42358564116.01 -42358564116.01 -61186574727.59  61186574727.59        0.00           0.01
        (H1, C, H3)    0.00  -0.00   -0.00   -0.00   -0.00      -0.00  61186574727.59 -61186574727.59 -88383471088.45  88383471088.45        0.00           0.00
        (H1, C, H4)   -0.00   0.00    0.00    0.00    0.00       0.00 -61186574727.59  61186574727.59  88383471088.45 -88383471088.45       -0.00          -0.01
        (H3, C, H4)   -0.00   0.00    0.00    0.00    0.00       0.00           -0.00            0.00            0.00           -0.00       -0.00          -0.00
     (H1, C, O, H2)   -0.00   0.00    0.00   -0.00    0.00       0.00           -0.00            0.01            0.00           -0.01       -0.00           1.18

Total energy distribution matrix (normalization check: 1.0)

Internal Coordinate (C, H3) (C, O) (C, H1) (C, H4) (O, H2) (O, C, H1)      (O, C, H3)      (O, C, H4)     (H1, C, H3)     (H1, C, H4) (H3, C, H4) (H1, C, O, H2)
            (C, H3)    0.00   0.00   -0.00   -0.00    0.00      -0.00            0.00            0.00            0.00           -0.00       -0.00          -0.00
             (C, O)    0.00   0.00   -0.00   -0.00   -0.00      -0.00            0.00           -0.00           -0.00            0.00        0.00           0.00
            (C, H1)   -0.00  -0.00    0.00    0.00    0.00      -0.00            0.00           -0.00           -0.00            0.00        0.00           0.00
            (C, H4)   -0.00  -0.00    0.00    0.00   -0.00      -0.00            0.00           -0.00           -0.00            0.00        0.00          -0.00
            (O, H2)    0.00  -0.00    0.00   -0.00    0.00      -0.00            0.00           -0.00           -0.00            0.00        0.00           0.00
         (O, C, H1)   -0.00  -0.00   -0.00   -0.00   -0.00      -0.00            0.00           -0.00           -0.00            0.00        0.00           0.00
         (O, C, H3)    0.00   0.00    0.00    0.00    0.00       0.00 -21179282058.00  21179282058.00  30593287363.80 -30593287363.80       -0.00          -0.00
         (O, C, H4)    0.00  -0.00   -0.00   -0.00   -0.00      -0.00  21179282058.00 -21179282058.00 -30593287363.80  30593287363.80        0.00           0.00
        (H1, C, H3)    0.00  -0.00   -0.00   -0.00   -0.00      -0.00  30593287363.80 -30593287363.80 -44191735544.22  44191735544.22        0.00           0.00
        (H1, C, H4)   -0.00   0.00    0.00    0.00    0.00       0.00 -30593287363.80  30593287363.80  44191735544.22 -44191735544.22       -0.00          -0.01
        (H3, C, H4)   -0.00   0.00    0.00    0.00    0.00       0.00           -0.00            0.00            0.00           -0.00       -0.00          -0.00
     (H1, C, O, H2)   -0.00   0.00    0.00   -0.00    0.00       0.00           -0.00            0.00            0.00           -0.01       -0.00           1.05

----- Extended Results: Exact PED, KED and TED analysis per mode -----

Normal mode at the following harmonic frequency: 986 cm-1

Potential energy distribution matrix (normalization check: 1.0)

Internal Coordinate (C, H3) (C, O) (C, H1) (C, H4) (O, H2) (O, C, H1) (O, C, H3) (O, C, H4) (H1, C, H3) (H1, C, H4) (H3, C, H4) (H1, C, O, H2)
            (C, H3)    0.00   0.00   -0.00    0.00    0.00      -0.00       0.00      -0.00        0.00        0.00       -0.00           0.00
             (C, O)    0.00   0.01   -0.00    0.00   -0.00      -0.01       0.00       0.00       -0.00       -0.00        0.00          -0.00
            (C, H1)   -0.00  -0.00    0.00   -0.00    0.00      -0.00       0.00       0.00       -0.00       -0.00        0.00          -0.00
            (C, H4)    0.00   0.00   -0.00    0.00    0.00       0.00      -0.00      -0.00        0.00        0.00       -0.00          -0.00
            (O, H2)    0.00  -0.00    0.00    0.00    0.00      -0.01       0.01       0.01       -0.00       -0.00        0.00          -0.00
         (O, C, H1)   -0.00  -0.01   -0.00    0.00   -0.01       1.07      -0.33      -0.36        0.05        0.08       -0.15          -0.00
         (O, C, H3)    0.00   0.00    0.00   -0.00    0.01      -0.33       0.35       0.24       -0.03       -0.05        0.11           0.00
         (O, C, H4)   -0.00   0.00    0.00   -0.00    0.01      -0.36       0.24       0.40       -0.04       -0.06        0.12           0.00
        (H1, C, H3)    0.00  -0.00   -0.00    0.00   -0.00       0.05      -0.03      -0.04        0.01        0.01       -0.02           0.00
        (H1, C, H4)    0.00  -0.00   -0.00    0.00   -0.00       0.08      -0.05      -0.06        0.01        0.02       -0.02          -0.00
        (H3, C, H4)   -0.00   0.00    0.00   -0.00    0.00      -0.15       0.11       0.12       -0.02       -0.02        0.07           0.00
     (H1, C, O, H2)    0.00  -0.00   -0.00   -0.00   -0.00      -0.00       0.00       0.00        0.00       -0.00        0.00           0.00

Kinetic energy distribution matrix (normalization check: 0.64)

Internal Coordinate (C, H3) (C, O) (C, H1) (C, H4) (O, H2)          (O, C, H1)         (O, C, H3)         (O, C, H4)        (H1, C, H3)        (H1, C, H4)        (H3, C, H4) (H1, C, O, H2)
            (C, H3)    0.00   0.00   -0.00    0.00    0.00                0.00              -0.00              -0.00               0.00               0.00              -0.00           0.00
             (C, O)    0.00   0.01   -0.00    0.00    0.00               -0.00               0.00               0.00              -0.00              -0.00               0.00          -0.00
            (C, H1)   -0.00  -0.00    0.00   -0.00    0.00               -0.00               0.00               0.00              -0.00              -0.00               0.00          -0.00
            (C, H4)    0.00   0.00   -0.00    0.00    0.00                0.00              -0.00              -0.00               0.00               0.00              -0.00          -0.00
            (O, H2)    0.00   0.00    0.00    0.00    0.00               -0.00               0.00               0.00              -0.00              -0.00               0.00          -0.00
         (O, C, H1)    0.00  -0.00   -0.00    0.00   -0.00 -245936486816963.44 120176095585264.78 120176095585264.33 -22635473197395.05 -22635473197395.18  50855242041224.79          -0.00
         (O, C, H3)   -0.00   0.00    0.00   -0.00    0.00  120176095585264.77 -58723673485940.40 -58723673485940.28  11060753228586.06  11060753228586.13 -24850255070556.07           0.00
         (O, C, H4)   -0.00   0.00    0.00   -0.00    0.00  120176095585264.33 -58723673485940.28 -58723673485939.95  11060753228586.02  11060753228586.08 -24850255070555.98           0.00
        (H1, C, H3)    0.00  -0.00   -0.00    0.00   -0.00  -22635473197395.05  11060753228586.06  11060753228586.02  -2083320996820.26  -2083320996820.27   4680608733863.48          -0.00
        (H1, C, H4)    0.00  -0.00   -0.00    0.00   -0.00  -22635473197395.18  11060753228586.13  11060753228586.08  -2083320996820.27  -2083320996820.28   4680608733863.51          -0.00
        (H3, C, H4)   -0.00   0.00    0.00   -0.00    0.00   50855242041224.79 -24850255070556.07 -24850255070555.98   4680608733863.48   4680608733863.51 -10515949367839.64           0.00
     (H1, C, O, H2)    0.00  -0.00   -0.00   -0.00   -0.00               -0.00               0.00               0.00              -0.00              -0.00               0.00           0.00

Total energy distribution matrix (normalization check: 0.83)

Internal Coordinate (C, H3) (C, O) (C, H1) (C, H4) (O, H2)          (O, C, H1)         (O, C, H3)         (O, C, H4)        (H1, C, H3)        (H1, C, H4)        (H3, C, H4) (H1, C, O, H2)
            (C, H3)    0.00   0.00   -0.00    0.00    0.00               -0.00               0.00              -0.00               0.00               0.00              -0.00           0.00
             (C, O)    0.00   0.01   -0.00    0.00   -0.00               -0.01               0.00               0.00              -0.00              -0.00               0.00          -0.00
            (C, H1)   -0.00  -0.00    0.00   -0.00    0.00               -0.00               0.00               0.00              -0.00              -0.00               0.00          -0.00
            (C, H4)    0.00   0.00   -0.00    0.00    0.00                0.00              -0.00              -0.00               0.00               0.00              -0.00          -0.00
            (O, H2)    0.00  -0.00    0.00    0.00    0.00               -0.01               0.00               0.00              -0.00              -0.00               0.00          -0.00
         (O, C, H1)   -0.00  -0.01   -0.00    0.00   -0.01 -122968243408481.19  60088047792632.23  60088047792631.98 -11317736598697.50 -11317736598697.55  25427621020612.32          -0.00
         (O, C, H3)    0.00   0.00    0.00   -0.00    0.00   60088047792632.22 -29361836742970.02 -29361836742970.02   5530376614293.01   5530376614293.04 -12425127535277.98           0.00
         (O, C, H4)   -0.00   0.00    0.00   -0.00    0.00   60088047792631.98 -29361836742970.02 -29361836742969.77   5530376614292.99   5530376614293.01 -12425127535277.93           0.00
        (H1, C, H3)    0.00  -0.00   -0.00    0.00   -0.00  -11317736598697.50   5530376614293.01   5530376614292.99  -1041660498410.12  -1041660498410.13   2340304366931.73          -0.00
        (H1, C, H4)    0.00  -0.00   -0.00    0.00   -0.00  -11317736598697.55   5530376614293.04   5530376614293.01  -1041660498410.13  -1041660498410.13   2340304366931.74          -0.00
        (H3, C, H4)   -0.00   0.00    0.00   -0.00    0.00   25427621020612.32 -12425127535277.98 -12425127535277.93   2340304366931.73   2340304366931.74  -5257974683919.79           0.00
     (H1, C, O, H2)    0.00  -0.00   -0.00   -0.00   -0.00               -0.00               0.00               0.00              -0.00              -0.00               0.00           0.00

----- Extended Results: Exact PED, KED and TED analysis per mode -----

Normal mode at the following harmonic frequency: 1175 cm-1

Potential energy distribution matrix (normalization check: 1.0)

Internal Coordinate (C, H3) (C, O) (C, H1) (C, H4) (O, H2) (O, C, H1) (O, C, H3) (O, C, H4) (H1, C, H3) (H1, C, H4) (H3, C, H4) (H1, C, O, H2)
            (C, H3)    0.00  -0.00    0.00    0.00   -0.00      -0.00      -0.00       0.00       -0.00       -0.00       -0.00          -0.00
             (C, O)   -0.00   1.04   -0.00   -0.00   -0.00       0.01       0.00       0.00       -0.01       -0.01       -0.01          -0.00
            (C, H1)    0.00  -0.00    0.00    0.00    0.00       0.00       0.00       0.00       -0.00       -0.00       -0.00          -0.00
            (C, H4)    0.00  -0.00    0.00    0.00   -0.00       0.00       0.00       0.00       -0.00       -0.00       -0.00           0.00
            (O, H2)   -0.00  -0.00    0.00   -0.00    0.00       0.00       0.00       0.00       -0.00       -0.00       -0.00          -0.00
         (O, C, H1)   -0.00   0.01    0.00    0.00    0.00       0.01       0.00       0.00       -0.00       -0.00       -0.00           0.00
         (O, C, H3)   -0.00   0.00    0.00    0.00    0.00       0.00       0.00       0.00       -0.00       -0.00       -0.00           0.00
         (O, C, H4)    0.00   0.00    0.00    0.00    0.00       0.00       0.00       0.00       -0.00       -0.00       -0.00           0.00
        (H1, C, H3)   -0.00  -0.01   -0.00   -0.00   -0.00      -0.00      -0.00      -0.00        0.00        0.00        0.00           0.00
        (H1, C, H4)   -0.00  -0.01   -0.00   -0.00   -0.00      -0.00      -0.00      -0.00        0.00        0.00        0.00          -0.00
        (H3, C, H4)   -0.00  -0.01   -0.00   -0.00   -0.00      -0.00      -0.00      -0.00        0.00        0.00        0.00          -0.00
     (H1, C, O, H2)   -0.00  -0.00   -0.00    0.00   -0.00       0.00       0.00       0.00        0.00       -0.00       -0.00           0.00

Kinetic energy distribution matrix (normalization check: 0.99)

Internal Coordinate (C, H3) (C, O) (C, H1) (C, H4) (O, H2)        (O, C, H1)       (O, C, H3)       (O, C, H4)      (H1, C, H3)      (H1, C, H4)       (H3, C, H4) (H1, C, O, H2)
            (C, H3)    0.00  -0.00    0.00    0.00   -0.00              0.00             0.00             0.00            -0.00            -0.00             -0.00          -0.00
             (C, O)   -0.00   1.08   -0.00   -0.00    0.00              0.01             0.00             0.00            -0.01            -0.01             -0.02          -0.00
            (C, H1)    0.00  -0.00    0.00    0.00    0.00              0.00             0.00             0.00            -0.00            -0.00             -0.00          -0.00
            (C, H4)    0.00  -0.00    0.00    0.00   -0.00              0.00             0.00             0.00            -0.00            -0.00             -0.00           0.00
            (O, H2)   -0.00   0.00    0.00   -0.00    0.00              0.00             0.00             0.00            -0.00            -0.00             -0.00          -0.00
         (O, C, H1)    0.00   0.01    0.00    0.00    0.00 -1678268474922.64 -906123960692.22 -906123960692.12 1091860435985.72 1091860435985.74  1306795524335.52           0.00
         (O, C, H3)    0.00   0.00    0.00    0.00    0.00  -906123960692.22 -489230802108.94 -489230802108.89  589512892342.28  589512892342.29   705559780225.48           0.00
         (O, C, H4)    0.00   0.00    0.00    0.00    0.00  -906123960692.12 -489230802108.89 -489230802108.84  589512892342.22  589512892342.23   705559780225.40           0.00
        (H1, C, H3)   -0.00  -0.01   -0.00   -0.00   -0.00  1091860435985.72  589512892342.28  589512892342.22 -710350715326.33 -710350715326.34  -850184790017.54          -0.00
        (H1, C, H4)   -0.00  -0.01   -0.00   -0.00   -0.00  1091860435985.74  589512892342.29  589512892342.23 -710350715326.34 -710350715326.36  -850184790017.56          -0.00
        (H3, C, H4)   -0.00  -0.02   -0.00   -0.00   -0.00  1306795524335.52  705559780225.48  705559780225.40 -850184790017.54 -850184790017.56 -1017545504751.29          -0.00
     (H1, C, O, H2)   -0.00  -0.00   -0.00    0.00   -0.00              0.00             0.00             0.00            -0.00            -0.00             -0.00           0.00

Total energy distribution matrix (normalization check: 1.0)

Internal Coordinate (C, H3) (C, O) (C, H1) (C, H4) (O, H2)       (O, C, H1)       (O, C, H3)       (O, C, H4)      (H1, C, H3)      (H1, C, H4)      (H3, C, H4) (H1, C, O, H2)
            (C, H3)    0.00  -0.00    0.00    0.00   -0.00            -0.00            -0.00             0.00            -0.00            -0.00            -0.00          -0.00
             (C, O)   -0.00   1.06   -0.00   -0.00    0.00             0.01             0.00             0.00            -0.01            -0.01            -0.01          -0.00
            (C, H1)    0.00  -0.00    0.00    0.00    0.00             0.00             0.00             0.00            -0.00            -0.00            -0.00          -0.00
            (C, H4)    0.00  -0.00    0.00    0.00   -0.00             0.00             0.00             0.00            -0.00            -0.00            -0.00           0.00
            (O, H2)   -0.00   0.00    0.00   -0.00    0.00             0.00             0.00             0.00            -0.00            -0.00            -0.00          -0.00
         (O, C, H1)   -0.00   0.01    0.00    0.00    0.00 -839134237461.32 -453061980346.11 -453061980346.06  545930217992.86  545930217992.87  653397762167.76           0.00
         (O, C, H3)   -0.00   0.00    0.00    0.00    0.00 -453061980346.11 -244615401054.47 -244615401054.44  294756446171.14  294756446171.14  352779890112.74           0.00
         (O, C, H4)    0.00   0.00    0.00    0.00    0.00 -453061980346.06 -244615401054.44 -244615401054.42  294756446171.11  294756446171.11  352779890112.70           0.00
        (H1, C, H3)   -0.00  -0.01   -0.00   -0.00   -0.00  545930217992.86  294756446171.14  294756446171.11 -355175357663.16 -355175357663.17 -425092395008.77          -0.00
        (H1, C, H4)   -0.00  -0.01   -0.00   -0.00   -0.00  545930217992.87  294756446171.14  294756446171.11 -355175357663.17 -355175357663.18 -425092395008.78          -0.00
        (H3, C, H4)   -0.00  -0.01   -0.00   -0.00   -0.00  653397762167.76  352779890112.74  352779890112.70 -425092395008.77 -425092395008.78 -508772752375.64          -0.00
     (H1, C, O, H2)   -0.00  -0.00   -0.00    0.00   -0.00             0.00             0.00             0.00            -0.00            -0.00            -0.00           0.00

----- Extended Results: Exact PED, KED and TED analysis per mode -----

Normal mode at the following harmonic frequency: 1291 cm-1

Potential energy distribution matrix (normalization check: 1.0)

Internal Coordinate (C, H3) (C, O) (C, H1) (C, H4) (O, H2) (O, C, H1) (O, C, H3) (O, C, H4) (H1, C, H3) (H1, C, H4) (H3, C, H4) (H1, C, O, H2)
            (C, H3)    0.00   0.00   -0.00   -0.00    0.00      -0.00      -0.00      -0.00        0.00       -0.00       -0.00          -0.00
             (C, O)    0.00   0.00   -0.00   -0.00   -0.00      -0.00      -0.00       0.00       -0.00        0.00        0.00           0.00
            (C, H1)   -0.00  -0.00    0.00    0.00    0.00      -0.00      -0.00       0.00       -0.00        0.00        0.00           0.00
            (C, H4)   -0.00  -0.00    0.00    0.00   -0.00      -0.00      -0.00       0.00       -0.00        0.00        0.00          -0.00
            (O, H2)    0.00  -0.00    0.00   -0.00    0.00      -0.00      -0.00       0.00       -0.00        0.00        0.00           0.00
         (O, C, H1)   -0.00  -0.00   -0.00   -0.00   -0.00       0.00       0.00      -0.00        0.00       -0.00       -0.00           0.00
         (O, C, H3)   -0.00  -0.00   -0.00   -0.00   -0.00       0.00       1.26      -0.85        0.16       -0.24       -0.00           0.00
         (O, C, H4)   -0.00   0.00    0.00    0.00    0.00      -0.00      -0.85       1.44       -0.20        0.27        0.00          -0.00
        (H1, C, H3)    0.00  -0.00   -0.00   -0.00   -0.00       0.00       0.16      -0.20        0.07       -0.06       -0.00          -0.00
        (H1, C, H4)   -0.00   0.00    0.00    0.00    0.00      -0.00      -0.24       0.27       -0.06        0.10        0.00          -0.00
        (H3, C, H4)   -0.00   0.00    0.00    0.00    0.00      -0.00      -0.00       0.00       -0.00        0.00        0.00          -0.00
     (H1, C, O, H2)   -0.00   0.00    0.00   -0.00    0.00       0.00       0.00      -0.00       -0.00       -0.00       -0.00           0.00

Kinetic energy distribution matrix (normalization check: 1.0)

Internal Coordinate (C, H3) (C, O) (C, H1) (C, H4) (O, H2) (O, C, H1)          (O, C, H3)          (O, C, H4)        (H1, C, H3)        (H1, C, H4) (H3, C, H4) (H1, C, O, H2)
            (C, H3)    0.00   0.00   -0.00   -0.00    0.00       0.00                0.00               -0.00               0.00              -0.00       -0.00          -0.00
             (C, O)    0.00   0.00   -0.00   -0.00    0.00      -0.00               -0.00                0.00              -0.00               0.00        0.00           0.00
            (C, H1)   -0.00  -0.00    0.00    0.00    0.00      -0.00               -0.00                0.00              -0.00               0.00        0.00           0.00
            (C, H4)   -0.00  -0.00    0.00    0.00   -0.00      -0.00               -0.00                0.00              -0.00               0.00        0.00          -0.00
            (O, H2)    0.00   0.00    0.00   -0.00    0.00      -0.00               -0.00                0.00              -0.00               0.00        0.00           0.00
         (O, C, H1)    0.00  -0.00   -0.00   -0.00   -0.00      -0.00               -0.07                0.07              -0.02               0.02        0.00           0.00
         (O, C, H3)    0.00  -0.00   -0.00   -0.00   -0.00      -0.07 -358518516368212.81  358518516368212.88 -87841706380216.08  87841706380216.11        0.02           0.09
         (O, C, H4)   -0.00   0.00    0.00    0.00    0.00       0.07  358518516368212.81 -358518516368211.62  87841706380215.95 -87841706380215.91       -0.02          -0.17
        (H1, C, H3)    0.00  -0.00   -0.00   -0.00   -0.00      -0.02  -87841706380216.08   87841706380215.95 -21522362242131.07  21522362242131.10        0.01           0.02
        (H1, C, H4)   -0.00   0.00    0.00    0.00    0.00       0.02   87841706380216.11  -87841706380215.92  21522362242131.10 -21522362242131.07       -0.01          -0.05
        (H3, C, H4)   -0.00   0.00    0.00    0.00    0.00       0.00                0.02               -0.02               0.01              -0.01       -0.00          -0.00
     (H1, C, O, H2)   -0.00   0.00    0.00   -0.00    0.00       0.00                0.09               -0.17               0.02              -0.05       -0.00           0.08

Total energy distribution matrix (normalization check: 0.98)

Internal Coordinate (C, H3) (C, O) (C, H1) (C, H4) (O, H2) (O, C, H1)          (O, C, H3)          (O, C, H4)        (H1, C, H3)        (H1, C, H4) (H3, C, H4) (H1, C, O, H2)
            (C, H3)    0.00   0.00   -0.00   -0.00    0.00      -0.00                0.00               -0.00               0.00              -0.00       -0.00          -0.00
             (C, O)    0.00   0.00   -0.00   -0.00    0.00      -0.00               -0.00                0.00              -0.00               0.00        0.00           0.00
            (C, H1)   -0.00  -0.00    0.00    0.00    0.00      -0.00               -0.00                0.00              -0.00               0.00        0.00           0.00
            (C, H4)   -0.00  -0.00    0.00    0.00   -0.00      -0.00               -0.00                0.00              -0.00               0.00        0.00          -0.00
            (O, H2)    0.00   0.00    0.00   -0.00    0.00      -0.00               -0.00                0.00              -0.00               0.00        0.00           0.00
         (O, C, H1)   -0.00  -0.00   -0.00   -0.00   -0.00      -0.00               -0.03                0.03              -0.01               0.01        0.00           0.00
         (O, C, H3)    0.00  -0.00   -0.00   -0.00   -0.00      -0.03 -179259258184105.78  179259258184106.00 -43920853190107.96  43920853190107.94        0.01           0.05
         (O, C, H4)   -0.00   0.00    0.00    0.00    0.00       0.03  179259258184105.97 -179259258184105.09  43920853190107.88 -43920853190107.82       -0.01          -0.09
        (H1, C, H3)    0.00  -0.00   -0.00   -0.00   -0.00      -0.01  -43920853190107.96   43920853190107.88 -10761181121065.50  10761181121065.52        0.00           0.01
        (H1, C, H4)   -0.00   0.00    0.00    0.00    0.00       0.01   43920853190107.94  -43920853190107.83  10761181121065.52 -10761181121065.49       -0.00          -0.03
        (H3, C, H4)   -0.00   0.00    0.00    0.00    0.00       0.00                0.01               -0.01               0.00              -0.00       -0.00          -0.00
     (H1, C, O, H2)   -0.00   0.00    0.00   -0.00    0.00       0.00                0.05               -0.09               0.01              -0.03       -0.00           0.04

----- Extended Results: Exact PED, KED and TED analysis per mode -----

Normal mode at the following harmonic frequency: 1004 cm-1

Potential energy distribution matrix (normalization check: 1.0)

Internal Coordinate (C, H3) (C, O) (C, H1) (C, H4) (O, H2) (O, C, H1) (O, C, H3) (O, C, H4) (H1, C, H3) (H1, C, H4) (H3, C, H4) (H1, C, O, H2)
            (C, H3)    0.00   0.00   -0.00    0.00    0.00       0.00      -0.00       0.00       -0.00       -0.00        0.00          -0.00
             (C, O)    0.00   0.01   -0.00    0.00   -0.00       0.01      -0.00      -0.00        0.00        0.00       -0.01           0.00
            (C, H1)   -0.00  -0.00    0.00   -0.00    0.00       0.01      -0.00      -0.00        0.00        0.00       -0.00           0.00
            (C, H4)    0.00   0.00   -0.00    0.00    0.00      -0.00       0.00       0.00       -0.00       -0.00        0.00           0.00
            (O, H2)    0.00  -0.00    0.00    0.00    0.00       0.02      -0.01      -0.01        0.01        0.01       -0.01           0.00
         (O, C, H1)    0.00   0.01    0.01   -0.00    0.02       0.73      -0.21      -0.22        0.10        0.15       -0.30          -0.00
         (O, C, H3)   -0.00  -0.00   -0.00    0.00   -0.01      -0.21       0.21       0.14       -0.06       -0.09        0.20           0.00
         (O, C, H4)    0.00  -0.00   -0.00    0.00   -0.01      -0.22       0.14       0.24       -0.08       -0.10        0.23           0.00
        (H1, C, H3)   -0.00   0.00    0.00   -0.00    0.01       0.10      -0.06      -0.08        0.06        0.05       -0.10           0.00
        (H1, C, H4)   -0.00   0.00    0.00   -0.00    0.01       0.15      -0.09      -0.10        0.05        0.09       -0.13          -0.00
        (H3, C, H4)    0.00  -0.01   -0.00    0.00   -0.01      -0.30       0.20       0.23       -0.10       -0.13        0.39           0.00
     (H1, C, O, H2)   -0.00   0.00    0.00    0.00    0.00      -0.00       0.00       0.00        0.00       -0.00        0.00           0.00

Kinetic energy distribution matrix (normalization check: 0.58)

Internal Coordinate (C, H3) (C, O) (C, H1) (C, H4) (O, H2)          (O, C, H1)         (O, C, H3)         (O, C, H4)        (H1, C, H3)        (H1, C, H4)        (H3, C, H4) (H1, C, O, H2)
            (C, H3)    0.00   0.00   -0.00    0.00    0.00               -0.00               0.00               0.00              -0.00              -0.00               0.00          -0.00
             (C, O)    0.00   0.01   -0.00    0.00    0.00                0.00              -0.00              -0.00               0.00               0.00              -0.01           0.00
            (C, H1)   -0.00  -0.00    0.00   -0.00    0.00                0.00              -0.00              -0.00               0.00               0.00              -0.00           0.00
            (C, H4)    0.00   0.00   -0.00    0.00    0.00               -0.00               0.00               0.00              -0.00              -0.00               0.00           0.00
            (O, H2)    0.00   0.00    0.00    0.00    0.00                0.00              -0.00              -0.00               0.00               0.00              -0.00           0.00
         (O, C, H1)   -0.00   0.00    0.00   -0.00    0.00 -175141554018502.94  78984745835950.98  78984745835951.16 -44190059742519.12 -44190059742519.16 105552181831639.22          -0.00
         (O, C, H3)    0.00  -0.00   -0.00    0.00   -0.00   78984745835950.98 -35620273610856.95 -35620273610857.08  19928683725563.02  19928683725563.05 -47601566065362.88           0.00
         (O, C, H4)    0.00  -0.00   -0.00    0.00   -0.00   78984745835951.14 -35620273610857.08 -35620273610857.08  19928683725563.06  19928683725563.08 -47601566065362.97           0.00
        (H1, C, H3)   -0.00   0.00    0.00   -0.00    0.00  -44190059742519.11  19928683725563.02  19928683725563.07 -11149617753426.48 -11149617753426.51  26631927798245.98          -0.00
        (H1, C, H4)   -0.00   0.00    0.00   -0.00    0.00  -44190059742519.16  19928683725563.05  19928683725563.08 -11149617753426.51 -11149617753426.51  26631927798246.01          -0.00
        (H3, C, H4)    0.00  -0.01   -0.00    0.00   -0.00  105552181831639.22 -47601566065362.88 -47601566065362.97  26631927798245.99  26631927798246.02 -63612905297405.16           0.00
     (H1, C, O, H2)   -0.00   0.00    0.00    0.00    0.00               -0.00               0.00               0.00              -0.00              -0.00               0.00           0.00

Total energy distribution matrix (normalization check: 0.8)

Internal Coordinate (C, H3) (C, O) (C, H1) (C, H4) (O, H2)         (O, C, H1)         (O, C, H3)         (O, C, H4)        (H1, C, H3)        (H1, C, H4)        (H3, C, H4) (H1, C, O, H2)
            (C, H3)    0.00   0.00   -0.00    0.00    0.00               0.00              -0.00               0.00              -0.00              -0.00               0.00          -0.00
             (C, O)    0.00   0.01   -0.00    0.00   -0.00               0.01              -0.00              -0.00               0.00               0.00              -0.01           0.00
            (C, H1)   -0.00  -0.00    0.00   -0.00    0.00               0.00              -0.00              -0.00               0.00               0.00              -0.00           0.00
            (C, H4)    0.00   0.00   -0.00    0.00    0.00              -0.00               0.00               0.00              -0.00              -0.00               0.00           0.00
            (O, H2)    0.00  -0.00    0.00    0.00    0.00               0.01              -0.01              -0.01               0.00               0.00              -0.01           0.00
         (O, C, H1)    0.00   0.01    0.00   -0.00    0.01 -87570777009251.11  39492372917975.39  39492372917975.47 -22095029871259.51 -22095029871259.51  52776090915819.46          -0.00
         (O, C, H3)   -0.00  -0.00   -0.00    0.00   -0.01  39492372917975.39 -17810136805428.37 -17810136805428.47   9964341862781.48   9964341862781.48 -23800783032681.34           0.00
         (O, C, H4)    0.00  -0.00   -0.00    0.00   -0.01  39492372917975.46 -17810136805428.47 -17810136805428.42   9964341862781.49   9964341862781.49 -23800783032681.37           0.00
        (H1, C, H3)   -0.00   0.00    0.00   -0.00    0.00 -22095029871259.51   9964341862781.48   9964341862781.49  -5574808876713.21  -5574808876713.23  13315963899122.94          -0.00
        (H1, C, H4)   -0.00   0.00    0.00   -0.00    0.00 -22095029871259.50   9964341862781.48   9964341862781.49  -5574808876713.23  -5574808876713.21  13315963899122.94          -0.00
        (H3, C, H4)    0.00  -0.01   -0.00    0.00   -0.01  52776090915819.46 -23800783032681.34 -23800783032681.37  13315963899122.95  13315963899122.94 -31806452648702.39           0.00
     (H1, C, O, H2)   -0.00   0.00    0.00    0.00    0.00              -0.00               0.00               0.00              -0.00              -0.00               0.00           0.00

----- Extended Results: Exact PED, KED and TED analysis per mode -----

Normal mode at the following harmonic frequency: 1873 cm-1

Potential energy distribution matrix (normalization check: 1.0)

Internal Coordinate (C, H3) (C, O) (C, H1) (C, H4) (O, H2) (O, C, H1) (O, C, H3) (O, C, H4) (H1, C, H3) (H1, C, H4) (H3, C, H4) (H1, C, O, H2)
            (C, H3)    0.00  -0.00    0.00    0.00    0.00      -0.00      -0.00       0.00       -0.00       -0.00       -0.00          -0.00
             (C, O)   -0.00   0.03   -0.00   -0.00    0.00       0.01       0.00       0.01       -0.02       -0.03       -0.00          -0.00
            (C, H1)    0.00  -0.00    0.00    0.00   -0.00       0.01       0.01       0.01       -0.01       -0.01       -0.00          -0.00
            (C, H4)    0.00  -0.00    0.00    0.00    0.00       0.00       0.00       0.00       -0.00       -0.00       -0.00           0.00
            (O, H2)    0.00   0.00   -0.00    0.00    0.00      -0.00      -0.00      -0.00        0.00        0.00        0.00           0.00
         (O, C, H1)   -0.00   0.01    0.01    0.00   -0.00       0.38       0.18       0.19       -0.24       -0.36       -0.03           0.00
         (O, C, H3)   -0.00   0.00    0.01    0.00   -0.00       0.18       0.28       0.19       -0.23       -0.35       -0.03           0.00
         (O, C, H4)    0.00   0.01    0.01    0.00   -0.00       0.19       0.19       0.32       -0.30       -0.39       -0.04           0.00
        (H1, C, H3)   -0.00  -0.02   -0.01   -0.00    0.00      -0.24      -0.23      -0.30        0.64        0.53        0.05           0.00
        (H1, C, H4)   -0.00  -0.03   -0.01   -0.00    0.00      -0.36      -0.35      -0.39        0.53        0.96        0.06          -0.00
        (H3, C, H4)   -0.00  -0.00   -0.00   -0.00    0.00      -0.03      -0.03      -0.04        0.05        0.06        0.01          -0.00
     (H1, C, O, H2)   -0.00  -0.00   -0.00    0.00    0.00       0.00       0.00       0.00        0.00       -0.00       -0.00           0.00

Kinetic energy distribution matrix (normalization check: 1.16)

Internal Coordinate (C, H3) (C, O) (C, H1) (C, H4) (O, H2)          (O, C, H1)          (O, C, H3)          (O, C, H4)         (H1, C, H3)         (H1, C, H4)        (H3, C, H4) (H1, C, O, H2)
            (C, H3)    0.00  -0.00    0.00    0.00    0.00                0.00                0.00                0.00               -0.00               -0.00              -0.00          -0.00
             (C, O)   -0.00   0.07   -0.00   -0.00   -0.00                0.02                0.02                0.02               -0.08               -0.08              -0.01          -0.00
            (C, H1)    0.00  -0.00    0.00    0.00   -0.00                0.01                0.00                0.00               -0.00               -0.00              -0.00          -0.00
            (C, H4)    0.00  -0.00    0.00    0.00    0.00                0.00                0.00                0.00               -0.00               -0.00              -0.00           0.00
            (O, H2)    0.00  -0.00   -0.00    0.00    0.00               -0.00               -0.00               -0.00                0.00                0.00               0.00           0.00
         (O, C, H1)    0.00   0.02    0.01    0.00   -0.00 -317076352163131.38 -230250559370705.06 -230250559370707.34  370299247319620.44  370299247319630.25  36978976265293.45           0.00
         (O, C, H3)    0.00   0.02    0.00    0.00   -0.00 -230250559370705.06 -167200485715335.69 -167200485715337.66  268899299011827.84  268899299011835.09  26852932777715.54           0.00
         (O, C, H4)    0.00   0.02    0.00    0.00   -0.00 -230250559370707.38 -167200485715337.62 -167200485715339.00  268899299011830.62  268899299011837.62  26852932777715.80           0.00
        (H1, C, H3)   -0.00  -0.08   -0.00   -0.00    0.00  370299247319620.38  268899299011827.88  268899299011830.59 -432455878938994.25 -432455878939006.19 -43186087465277.89          -0.00
        (H1, C, H4)   -0.00  -0.08   -0.00   -0.00    0.00  370299247319630.12  268899299011835.09  268899299011837.62 -432455878939006.19 -432455878939017.12 -43186087465279.03          -0.00
        (H3, C, H4)   -0.00  -0.01   -0.00   -0.00    0.00   36978976265293.45   26852932777715.53   26852932777715.80  -43186087465277.89  -43186087465279.04  -4312666890167.83          -0.00
     (H1, C, O, H2)   -0.00  -0.00   -0.00    0.00    0.00                0.00                0.00                0.00               -0.00               -0.00              -0.00           0.00

Total energy distribution matrix (normalization check: 1.12)

Internal Coordinate (C, H3) (C, O) (C, H1) (C, H4) (O, H2)          (O, C, H1)          (O, C, H3)          (O, C, H4)         (H1, C, H3)         (H1, C, H4)        (H3, C, H4) (H1, C, O, H2)
            (C, H3)    0.00  -0.00    0.00    0.00    0.00                0.00                0.00                0.00               -0.00               -0.00              -0.00          -0.00
             (C, O)   -0.00   0.05   -0.00   -0.00   -0.00                0.01                0.01                0.01               -0.05               -0.05              -0.01          -0.00
            (C, H1)    0.00  -0.00    0.00    0.00   -0.00                0.01                0.00                0.00               -0.01               -0.01              -0.00          -0.00
            (C, H4)    0.00  -0.00    0.00    0.00    0.00                0.00                0.00                0.00               -0.00               -0.00              -0.00           0.00
            (O, H2)    0.00  -0.00   -0.00    0.00    0.00               -0.00               -0.00               -0.00                0.00                0.00               0.00           0.00
         (O, C, H1)    0.00   0.01    0.01    0.00   -0.00 -158538176081565.50 -115125279685352.44 -115125279685353.58  185149623659810.09  185149623659814.94  18489488132646.71           0.00
         (O, C, H3)    0.00   0.01    0.00    0.00   -0.00 -115125279685352.44  -83600242857667.70  -83600242857668.73  134449649505913.81  134449649505917.38  13426466388857.75           0.00
         (O, C, H4)    0.00   0.01    0.00    0.00   -0.00 -115125279685353.59  -83600242857668.72  -83600242857669.34  134449649505915.16  134449649505918.62  13426466388857.88           0.00
        (H1, C, H3)   -0.00  -0.05   -0.01   -0.00    0.00  185149623659810.06  134449649505913.83  134449649505915.14 -216227939469496.81 -216227939469502.81 -21593043732638.92          -0.00
        (H1, C, H4)   -0.00  -0.05   -0.01   -0.00    0.00  185149623659814.88  134449649505917.38  134449649505918.62 -216227939469502.81 -216227939469508.09 -21593043732639.48          -0.00
        (H3, C, H4)   -0.00  -0.01   -0.00   -0.00    0.00   18489488132646.71   13426466388857.75   13426466388857.88  -21593043732638.92  -21593043732639.49  -2156333445083.91          -0.00
     (H1, C, O, H2)   -0.00  -0.00   -0.00    0.00    0.00                0.00                0.00                0.00               -0.00               -0.00              -0.00           0.00

----- Extended Results: Exact PED, KED and TED analysis per mode -----

Normal mode at the following harmonic frequency: 1858 cm-1

Potential energy distribution matrix (normalization check: 1.0)

Internal Coordinate (C, H3) (C, O) (C, H1) (C, H4) (O, H2) (O, C, H1) (O, C, H3) (O, C, H4) (H1, C, H3) (H1, C, H4) (H3, C, H4) (H1, C, O, H2)
            (C, H3)    0.00  -0.00    0.00   -0.00    0.00      -0.00      -0.00      -0.00       -0.00        0.00        0.00           0.00
             (C, O)   -0.00   0.00   -0.00    0.00    0.00       0.00       0.00      -0.00       -0.00        0.00        0.00           0.00
            (C, H1)    0.00  -0.00    0.00   -0.00   -0.00       0.00       0.00      -0.00       -0.00        0.00        0.00           0.00
            (C, H4)   -0.00   0.00   -0.00    0.00   -0.00      -0.00      -0.00       0.00        0.01       -0.01       -0.00           0.00
            (O, H2)    0.00   0.00   -0.00   -0.00    0.00      -0.00      -0.00       0.00        0.00       -0.00       -0.00          -0.00
         (O, C, H1)   -0.00   0.00    0.00   -0.00   -0.00       0.00       0.00      -0.00       -0.00        0.00        0.00          -0.00
         (O, C, H3)   -0.00   0.00    0.00   -0.00   -0.00       0.00       0.07      -0.05       -0.15        0.24        0.00          -0.00
         (O, C, H4)   -0.00  -0.00   -0.00    0.00    0.00      -0.00      -0.05       0.08        0.20       -0.26       -0.00           0.00
        (H1, C, H3)   -0.00  -0.00   -0.00    0.01    0.00      -0.00      -0.15       0.20        1.13       -0.94       -0.00          -0.00
        (H1, C, H4)    0.00   0.00    0.00   -0.01   -0.00       0.00       0.24      -0.26       -0.94        1.69        0.00          -0.01
        (H3, C, H4)    0.00   0.00    0.00   -0.00   -0.00       0.00       0.00      -0.00       -0.00        0.00        0.00          -0.00
     (H1, C, O, H2)    0.00   0.00    0.00    0.00   -0.00      -0.00      -0.00       0.00       -0.00       -0.01       -0.00           0.01

Kinetic energy distribution matrix (normalization check: 1.15)

Internal Coordinate (C, H3) (C, O) (C, H1) (C, H4) (O, H2) (O, C, H1)          (O, C, H3)          (O, C, H4)         (H1, C, H3)         (H1, C, H4) (H3, C, H4) (H1, C, O, H2)
            (C, H3)    0.00  -0.00    0.00   -0.00    0.00       0.00                0.00               -0.00               -0.00                0.00        0.00           0.00
             (C, O)   -0.00   0.00   -0.00    0.00   -0.00       0.00                0.00               -0.00               -0.00                0.00        0.00           0.00
            (C, H1)    0.00  -0.00    0.00   -0.00   -0.00       0.00                0.00               -0.00               -0.00                0.00        0.00           0.00
            (C, H4)   -0.00   0.00   -0.00    0.00   -0.00      -0.00               -0.00                0.00                0.00               -0.00       -0.00           0.00
            (O, H2)    0.00  -0.00   -0.00   -0.00    0.00      -0.00               -0.00                0.00                0.00               -0.00       -0.00          -0.00
         (O, C, H1)    0.00   0.00    0.00   -0.00   -0.00      -0.00               -1.28                1.28                5.40               -5.40       -0.00          -0.00
         (O, C, H3)    0.00   0.00    0.00   -0.00   -0.00      -1.28  -42574510930191.45   42574510930190.55  178849615739313.88 -178849615739310.22       -1.29          -0.07
         (O, C, H4)   -0.00  -0.00   -0.00    0.00    0.00       1.28   42574510930190.55  -42574510930189.49 -178849615739309.81  178849615739306.03        1.29           0.14
        (H1, C, H3)   -0.00  -0.00   -0.00    0.00    0.00       5.40  178849615739313.84 -178849615739309.81 -751322430985734.12  751322430985719.38        5.43           0.22
        (H1, C, H4)    0.00   0.00    0.00   -0.00   -0.00      -5.40 -178849615739310.19  178849615739306.03  751322430985719.38 -751322430985702.88       -5.43          -0.66
        (H3, C, H4)    0.00   0.00    0.00   -0.00   -0.00      -0.00               -1.29                1.29                5.43               -5.43       -0.00          -0.00
     (H1, C, O, H2)    0.00   0.00    0.00    0.00   -0.00      -0.00               -0.07                0.14                0.22               -0.66       -0.00           0.39

Total energy distribution matrix (normalization check: 1.07)

Internal Coordinate (C, H3) (C, O) (C, H1) (C, H4) (O, H2) (O, C, H1)         (O, C, H3)         (O, C, H4)         (H1, C, H3)         (H1, C, H4) (H3, C, H4) (H1, C, O, H2)
            (C, H3)    0.00  -0.00    0.00   -0.00    0.00       0.00               0.00              -0.00               -0.00                0.00        0.00           0.00
             (C, O)   -0.00   0.00   -0.00    0.00   -0.00       0.00               0.00              -0.00               -0.00                0.00        0.00           0.00
            (C, H1)    0.00  -0.00    0.00   -0.00   -0.00       0.00               0.00              -0.00               -0.00                0.00        0.00           0.00
            (C, H4)   -0.00   0.00   -0.00    0.00   -0.00      -0.00              -0.00               0.00                0.01               -0.01       -0.00           0.00
            (O, H2)    0.00  -0.00   -0.00   -0.00    0.00      -0.00              -0.00               0.00                0.00               -0.00       -0.00          -0.00
         (O, C, H1)    0.00   0.00    0.00   -0.00   -0.00      -0.00              -0.64               0.64                2.70               -2.70       -0.00          -0.00
         (O, C, H3)    0.00   0.00    0.00   -0.00   -0.00      -0.64 -21287255465095.69  21287255465095.25   89424807869656.86  -89424807869654.98       -0.65          -0.04
         (O, C, H4)   -0.00  -0.00   -0.00    0.00    0.00       0.64  21287255465095.25 -21287255465094.70  -89424807869654.81   89424807869652.89        0.65           0.07
        (H1, C, H3)   -0.00  -0.00   -0.00    0.01    0.00       2.70  89424807869656.84 -89424807869654.81 -375661215492866.50  375661215492859.19        2.71           0.11
        (H1, C, H4)    0.00   0.00    0.00   -0.01   -0.00      -2.70 -89424807869654.97  89424807869652.89  375661215492859.19 -375661215492850.62       -2.71          -0.34
        (H3, C, H4)    0.00   0.00    0.00   -0.00   -0.00      -0.00              -0.65               0.65                2.71               -2.71       -0.00          -0.00
     (H1, C, O, H2)    0.00   0.00    0.00    0.00   -0.00      -0.00              -0.04               0.07                0.11               -0.34       -0.00           0.20

----- Extended Results: Exact PED, KED and TED analysis per mode -----

Normal mode at the following harmonic frequency: 1634 cm-1

Potential energy distribution matrix (normalization check: 1.0)

Internal Coordinate (C, H3) (C, O) (C, H1) (C, H4) (O, H2) (O, C, H1) (O, C, H3) (O, C, H4) (H1, C, H3) (H1, C, H4) (H3, C, H4) (H1, C, O, H2)
            (C, H3)    0.00  -0.00   -0.00    0.00    0.00       0.00      -0.00       0.00        0.00        0.00       -0.00           0.00
             (C, O)   -0.00   0.01    0.00   -0.00    0.00      -0.00       0.00       0.00        0.01        0.01       -0.03           0.00
            (C, H1)   -0.00   0.00    0.00   -0.00    0.00       0.00      -0.01      -0.01       -0.00       -0.00        0.02          -0.00
            (C, H4)    0.00  -0.00   -0.00    0.00    0.00      -0.00       0.00       0.00        0.00        0.00       -0.02          -0.00
            (O, H2)    0.00   0.00    0.00    0.00    0.00       0.00      -0.00      -0.00       -0.00       -0.00        0.00          -0.00
         (O, C, H1)    0.00  -0.00    0.00   -0.00    0.00       0.01      -0.02      -0.03       -0.01       -0.02        0.08           0.00
         (O, C, H3)   -0.00   0.00   -0.01    0.00   -0.00      -0.02       0.30       0.21        0.10        0.16       -0.69          -0.00
         (O, C, H4)    0.00   0.00   -0.01    0.00   -0.00      -0.03       0.21       0.34        0.13        0.17       -0.78          -0.00
        (H1, C, H3)    0.00   0.01   -0.00    0.00   -0.00      -0.01       0.10       0.13        0.12        0.10       -0.40           0.00
        (H1, C, H4)    0.00   0.01   -0.00    0.00   -0.00      -0.02       0.16       0.17        0.10        0.18       -0.55          -0.00
        (H3, C, H4)   -0.00  -0.03    0.02   -0.02    0.00       0.08      -0.69      -0.78       -0.40       -0.55        3.18           0.00
     (H1, C, O, H2)    0.00   0.00   -0.00   -0.00   -0.00       0.00      -0.00      -0.00        0.00       -0.00        0.00           0.00

Kinetic energy distribution matrix (normalization check: 1.06)

Internal Coordinate (C, H3) (C, O) (C, H1) (C, H4) (O, H2)         (O, C, H1)          (O, C, H3)          (O, C, H4)        (H1, C, H3)        (H1, C, H4)          (H3, C, H4) (H1, C, O, H2)
            (C, H3)    0.00  -0.00   -0.00    0.00    0.00              -0.00                0.00                0.00               0.00               0.00                -0.00           0.00
             (C, O)   -0.00   0.01    0.00   -0.00   -0.00              -0.00                0.01                0.01               0.01               0.01                -0.06           0.00
            (C, H1)   -0.00   0.00    0.00   -0.00    0.00               0.00               -0.00               -0.00              -0.00              -0.00                 0.01          -0.00
            (C, H4)    0.00  -0.00   -0.00    0.00    0.00              -0.00                0.00                0.00               0.00               0.00                -0.01          -0.00
            (O, H2)    0.00  -0.00    0.00    0.00    0.00               0.00               -0.00               -0.00              -0.00              -0.00                 0.00          -0.00
         (O, C, H1)   -0.00  -0.00    0.00   -0.00    0.00  -4169780097647.89   23976681746800.81   23976681746800.64  15911545068460.05  15911545068460.71   -75606673532874.33           0.00
         (O, C, H3)    0.00   0.01   -0.00    0.00   -0.00  23976681746800.81 -137868485657469.47 -137868485657468.67 -91493086750916.66 -91493086750920.47   434746463069974.62          -0.00
         (O, C, H4)    0.00   0.01   -0.00    0.00   -0.00  23976681746800.63 -137868485657468.66 -137868485657467.39 -91493086750916.02 -91493086750919.73   434746463069971.31          -0.00
        (H1, C, H3)    0.00   0.01   -0.00    0.00   -0.00  15911545068460.05  -91493086750916.67  -91493086750916.02 -60717174655912.53 -60717174655915.09   288508977745200.31          -0.00
        (H1, C, H4)    0.00   0.01   -0.00    0.00   -0.00  15911545068460.71  -91493086750920.47  -91493086750919.73 -60717174655915.09 -60717174655917.52   288508977745212.19          -0.00
        (H3, C, H4)   -0.00  -0.06    0.01   -0.01    0.00 -75606673532874.33  434746463069974.56  434746463069971.25 288508977745200.31 288508977745212.25 -1370904208097483.25           0.00
     (H1, C, O, H2)    0.00   0.00   -0.00   -0.00   -0.00               0.00               -0.00               -0.00              -0.00              -0.00                 0.00           0.00

Total energy distribution matrix (normalization check: 1.16)

Internal Coordinate (C, H3) (C, O) (C, H1) (C, H4) (O, H2)         (O, C, H1)         (O, C, H3)         (O, C, H4)        (H1, C, H3)        (H1, C, H4)         (H3, C, H4) (H1, C, O, H2)
            (C, H3)    0.00  -0.00   -0.00    0.00    0.00               0.00               0.00               0.00               0.00               0.00               -0.00           0.00
             (C, O)   -0.00   0.01    0.00   -0.00   -0.00              -0.00               0.00               0.01               0.01               0.01               -0.05           0.00
            (C, H1)   -0.00   0.00    0.00   -0.00    0.00               0.00              -0.00              -0.00              -0.00              -0.00                0.01          -0.00
            (C, H4)    0.00  -0.00   -0.00    0.00    0.00              -0.00               0.00               0.00               0.00               0.00               -0.01          -0.00
            (O, H2)    0.00  -0.00    0.00    0.00    0.00               0.00              -0.00              -0.00              -0.00              -0.00                0.00          -0.00
         (O, C, H1)    0.00  -0.00    0.00   -0.00    0.00  -2084890048823.94  11988340873400.39  11988340873400.30   7955772534230.02   7955772534230.34  -37803336766437.12           0.00
         (O, C, H3)    0.00   0.00   -0.00    0.00   -0.00  11988340873400.39 -68934242828734.59 -68934242828734.23 -45746543375458.27 -45746543375460.16  217373231534986.97          -0.00
         (O, C, H4)    0.00   0.01   -0.00    0.00   -0.00  11988340873400.30 -68934242828734.23 -68934242828733.52 -45746543375457.94 -45746543375459.78  217373231534985.25          -0.00
        (H1, C, H3)    0.00   0.01   -0.00    0.00   -0.00   7955772534230.02 -45746543375458.28 -45746543375457.94 -30358587327956.21 -30358587327957.50  144254488872599.97          -0.00
        (H1, C, H4)    0.00   0.01   -0.00    0.00   -0.00   7955772534230.34 -45746543375460.16 -45746543375459.78 -30358587327957.50 -30358587327958.67  144254488872605.81          -0.00
        (H3, C, H4)   -0.00  -0.05    0.01   -0.01    0.00 -37803336766437.12 217373231534986.94 217373231534985.22 144254488872599.97 144254488872605.84 -685452104048740.00           0.00
     (H1, C, O, H2)    0.00   0.00   -0.00   -0.00   -0.00               0.00              -0.00              -0.00              -0.00              -0.00                0.00           0.00

----- Extended Results: Exact PED, KED and TED analysis per mode -----

Normal mode at the following harmonic frequency: 3142 cm-1

Potential energy distribution matrix (normalization check: 1.0)

Internal Coordinate (C, H3) (C, O) (C, H1) (C, H4) (O, H2) (O, C, H1) (O, C, H3) (O, C, H4) (H1, C, H3) (H1, C, H4) (H3, C, H4) (H1, C, O, H2)
            (C, H3)    0.46  -0.00    0.00    0.01    0.00      -0.00      -0.00       0.00       -0.00       -0.00       -0.00           0.00
             (C, O)   -0.00   0.00   -0.00   -0.00    0.00       0.00       0.00       0.00       -0.00       -0.00       -0.00           0.00
            (C, H1)    0.00  -0.00    0.07    0.00   -0.00       0.00       0.00       0.00       -0.00       -0.00       -0.00           0.00
            (C, H4)    0.01  -0.00    0.00    0.46    0.00       0.01       0.00       0.00       -0.00       -0.00       -0.00          -0.00
            (O, H2)    0.00   0.00   -0.00    0.00    0.00      -0.00      -0.00      -0.00        0.00        0.00        0.00          -0.00
         (O, C, H1)   -0.00   0.00    0.00    0.01   -0.00       0.00       0.00       0.00       -0.00       -0.00       -0.00          -0.00
         (O, C, H3)   -0.00   0.00    0.00    0.00   -0.00       0.00       0.00       0.00       -0.00       -0.00       -0.00          -0.00
         (O, C, H4)    0.00   0.00    0.00    0.00   -0.00       0.00       0.00       0.00       -0.00       -0.00       -0.00          -0.00
        (H1, C, H3)   -0.00  -0.00   -0.00   -0.00    0.00      -0.00      -0.00      -0.00        0.00        0.00        0.00          -0.00
        (H1, C, H4)   -0.00  -0.00   -0.00   -0.00    0.00      -0.00      -0.00      -0.00        0.00        0.00        0.00           0.00
        (H3, C, H4)   -0.00  -0.00   -0.00   -0.00    0.00      -0.00      -0.00      -0.00        0.00        0.00        0.00           0.00
     (H1, C, O, H2)    0.00   0.00    0.00   -0.00   -0.00      -0.00      -0.00      -0.00       -0.00        0.00        0.00           0.00

Kinetic energy distribution matrix (normalization check: 1.0)

Internal Coordinate (C, H3) (C, O) (C, H1) (C, H4) (O, H2)        (O, C, H1)       (O, C, H3)       (O, C, H4)      (H1, C, H3)      (H1, C, H4)       (H3, C, H4) (H1, C, O, H2)
            (C, H3)    0.50  -0.01    0.00    0.00    0.00              0.00             0.00             0.00            -0.00            -0.00             -0.00           0.00
             (C, O)   -0.01   0.01   -0.00   -0.01   -0.00              0.00             0.00             0.00            -0.00            -0.00             -0.00           0.00
            (C, H1)    0.00  -0.00    0.07    0.00   -0.00              0.01             0.00             0.00            -0.00            -0.00             -0.00           0.00
            (C, H4)    0.00  -0.01    0.00    0.50    0.00              0.01             0.00             0.00            -0.00            -0.00             -0.01          -0.00
            (O, H2)    0.00  -0.00   -0.00    0.00    0.00             -0.00            -0.00            -0.00             0.00             0.00              0.00          -0.00
         (O, C, H1)    0.00   0.00    0.01    0.01   -0.00 -2674068519782.21 -299119896275.24 -299119896275.23  679522029485.39  679522029485.40  1913264253361.89          -0.00
         (O, C, H3)    0.00   0.00    0.00    0.00   -0.00  -299119896275.24  -33459394060.33  -33459394060.33   76010976335.40   76010976335.40   214016731725.09          -0.00
         (O, C, H4)    0.00   0.00    0.00    0.00   -0.00  -299119896275.23  -33459394060.33  -33459394060.33   76010976335.40   76010976335.40   214016731725.08          -0.00
        (H1, C, H3)   -0.00  -0.00   -0.00   -0.00    0.00   679522029485.39   76010976335.40   76010976335.40 -172677021976.07 -172677021976.07  -486189938204.06           0.00
        (H1, C, H4)   -0.00  -0.00   -0.00   -0.00    0.00   679522029485.40   76010976335.40   76010976335.40 -172677021976.07 -172677021976.07  -486189938204.06           0.00
        (H3, C, H4)   -0.00  -0.00   -0.00   -0.01    0.00  1913264253361.89  214016731725.09  214016731725.08 -486189938204.06 -486189938204.06 -1368917840403.93           0.00
     (H1, C, O, H2)    0.00   0.00    0.00   -0.00   -0.00             -0.00            -0.00            -0.00             0.00             0.00              0.00           0.00

Total energy distribution matrix (normalization check: 1.0)

Internal Coordinate (C, H3) (C, O) (C, H1) (C, H4) (O, H2)        (O, C, H1)       (O, C, H3)       (O, C, H4)      (H1, C, H3)      (H1, C, H4)      (H3, C, H4) (H1, C, O, H2)
            (C, H3)    0.48  -0.00    0.00    0.00    0.00              0.00             0.00             0.00            -0.00            -0.00            -0.00           0.00
             (C, O)   -0.00   0.01   -0.00   -0.00   -0.00              0.00             0.00             0.00            -0.00            -0.00            -0.00           0.00
            (C, H1)    0.00  -0.00    0.07    0.00   -0.00              0.01             0.00             0.00            -0.00            -0.00            -0.00           0.00
            (C, H4)    0.00  -0.00    0.00    0.48    0.00              0.01             0.00             0.00            -0.00            -0.00            -0.00          -0.00
            (O, H2)    0.00  -0.00   -0.00    0.00    0.00             -0.00            -0.00            -0.00             0.00             0.00             0.00          -0.00
         (O, C, H1)    0.00   0.00    0.01    0.01   -0.00 -1337034259891.10 -149559948137.62 -149559948137.61  339761014742.70  339761014742.70  956632126680.94          -0.00
         (O, C, H3)    0.00   0.00    0.00    0.00   -0.00  -149559948137.62  -16729697030.16  -16729697030.16   38005488167.70   38005488167.70  107008365862.55          -0.00
         (O, C, H4)    0.00   0.00    0.00    0.00   -0.00  -149559948137.61  -16729697030.16  -16729697030.16   38005488167.70   38005488167.70  107008365862.54          -0.00
        (H1, C, H3)   -0.00  -0.00   -0.00   -0.00    0.00   339761014742.70   38005488167.70   38005488167.70  -86338510988.03  -86338510988.04 -243094969102.03           0.00
        (H1, C, H4)   -0.00  -0.00   -0.00   -0.00    0.00   339761014742.70   38005488167.70   38005488167.70  -86338510988.04  -86338510988.04 -243094969102.03           0.00
        (H3, C, H4)   -0.00  -0.00   -0.00   -0.00    0.00   956632126680.94  107008365862.55  107008365862.54 -243094969102.03 -243094969102.03 -684458920201.97           0.00
     (H1, C, O, H2)    0.00   0.00    0.00   -0.00   -0.00             -0.00            -0.00            -0.00             0.00             0.00             0.00           0.00

----- Extended Results: Exact PED, KED and TED analysis per mode -----

Normal mode at the following harmonic frequency: 3191 cm-1

Potential energy distribution matrix (normalization check: 1.0)

Internal Coordinate (C, H3) (C, O) (C, H1) (C, H4) (O, H2) (O, C, H1) (O, C, H3) (O, C, H4) (H1, C, H3) (H1, C, H4) (H3, C, H4) (H1, C, O, H2)
            (C, H3)    0.51  -0.00    0.00   -0.01    0.00      -0.00       0.00       0.00       -0.00        0.00       -0.00           0.00
             (C, O)   -0.00   0.00   -0.00    0.00    0.00       0.00      -0.00       0.00       -0.00        0.00       -0.00           0.00
            (C, H1)    0.00  -0.00    0.00   -0.00   -0.00       0.00      -0.00       0.00       -0.00        0.00       -0.00           0.00
            (C, H4)   -0.01   0.00   -0.00    0.51   -0.00      -0.00       0.01      -0.01        0.00       -0.01        0.00           0.00
            (O, H2)    0.00   0.00   -0.00   -0.00    0.00      -0.00       0.00      -0.00        0.00       -0.00        0.00          -0.00
         (O, C, H1)   -0.00   0.00    0.00   -0.00   -0.00       0.00      -0.00       0.00       -0.00        0.00       -0.00          -0.00
         (O, C, H3)    0.00  -0.00   -0.00    0.01    0.00      -0.00       0.00      -0.00        0.00       -0.00        0.00           0.00
         (O, C, H4)    0.00   0.00    0.00   -0.01   -0.00       0.00      -0.00       0.00       -0.00        0.00       -0.00          -0.00
        (H1, C, H3)   -0.00  -0.00   -0.00    0.00    0.00      -0.00       0.00      -0.00        0.00       -0.00        0.00          -0.00
        (H1, C, H4)    0.00   0.00    0.00   -0.01   -0.00       0.00      -0.00       0.00       -0.00        0.00       -0.00          -0.00
        (H3, C, H4)   -0.00  -0.00   -0.00    0.00    0.00      -0.00       0.00      -0.00        0.00       -0.00        0.00           0.00
     (H1, C, O, H2)    0.00   0.00    0.00    0.00   -0.00      -0.00       0.00      -0.00       -0.00       -0.00        0.00           0.00

Kinetic energy distribution matrix (normalization check: 1.0)

Internal Coordinate (C, H3) (C, O) (C, H1) (C, H4) (O, H2) (O, C, H1)        (O, C, H3)        (O, C, H4)       (H1, C, H3)       (H1, C, H4) (H3, C, H4) (H1, C, O, H2)
            (C, H3)    0.57  -0.00    0.00   -0.00    0.00       0.00             -0.01              0.00             -0.00              0.00       -0.00           0.00
             (C, O)   -0.00   0.00   -0.00    0.00   -0.00       0.00             -0.00              0.00             -0.00              0.00       -0.00           0.00
            (C, H1)    0.00  -0.00    0.00   -0.00   -0.00       0.00             -0.00              0.00             -0.00              0.00       -0.00           0.00
            (C, H4)   -0.00   0.00   -0.00    0.57   -0.00      -0.00              0.01             -0.02              0.01             -0.01        0.00           0.00
            (O, H2)    0.00  -0.00   -0.00   -0.00    0.00      -0.00              0.00             -0.00              0.00             -0.00        0.00          -0.00
         (O, C, H1)    0.00   0.00    0.00   -0.00   -0.00      -0.00              0.00             -0.00              0.00             -0.00        0.00          -0.00
         (O, C, H3)   -0.01  -0.00   -0.00    0.01    0.00       0.00 -7227896987013.58  7227896987013.61 -4198436813375.37  4198436813375.35       -0.01           0.00
         (O, C, H4)    0.00   0.00    0.00   -0.02   -0.00      -0.00  7227896987013.61 -7227896987013.61  4198436813375.38 -4198436813375.36        0.01          -0.01
        (H1, C, H3)   -0.00  -0.00   -0.00    0.01    0.00       0.00 -4198436813375.37  4198436813375.38 -2438727572843.92  2438727572843.91       -0.01           0.00
        (H1, C, H4)    0.00   0.00    0.00   -0.01   -0.00      -0.00  4198436813375.35 -4198436813375.36  2438727572843.91 -2438727572843.90        0.01          -0.01
        (H3, C, H4)   -0.00  -0.00   -0.00    0.00    0.00       0.00             -0.01              0.01             -0.01              0.01       -0.00           0.00
     (H1, C, O, H2)    0.00   0.00    0.00    0.00   -0.00      -0.00              0.00             -0.01              0.00             -0.01        0.00           0.01

Total energy distribution matrix (normalization check: 1.0)

Internal Coordinate (C, H3) (C, O) (C, H1) (C, H4) (O, H2) (O, C, H1)        (O, C, H3)        (O, C, H4)       (H1, C, H3)       (H1, C, H4) (H3, C, H4) (H1, C, O, H2)
            (C, H3)    0.54  -0.00    0.00   -0.01    0.00       0.00             -0.00              0.00             -0.00              0.00       -0.00           0.00
             (C, O)   -0.00   0.00   -0.00    0.00   -0.00       0.00             -0.00              0.00             -0.00              0.00       -0.00           0.00
            (C, H1)    0.00  -0.00    0.00   -0.00   -0.00       0.00             -0.00              0.00             -0.00              0.00       -0.00           0.00
            (C, H4)   -0.01   0.00   -0.00    0.54   -0.00      -0.00              0.01             -0.01              0.01             -0.01        0.00           0.00
            (O, H2)    0.00  -0.00   -0.00   -0.00    0.00      -0.00              0.00             -0.00              0.00             -0.00        0.00          -0.00
         (O, C, H1)    0.00   0.00    0.00   -0.00   -0.00      -0.00              0.00             -0.00              0.00             -0.00        0.00          -0.00
         (O, C, H3)   -0.00  -0.00   -0.00    0.01    0.00       0.00 -3613948493506.79  3613948493506.80 -2099218406687.68  2099218406687.68       -0.01           0.00
         (O, C, H4)    0.00   0.00    0.00   -0.01   -0.00      -0.00  3613948493506.80 -3613948493506.80  2099218406687.69 -2099218406687.68        0.01          -0.00
        (H1, C, H3)   -0.00  -0.00   -0.00    0.01    0.00       0.00 -2099218406687.68  2099218406687.69 -1219363786421.96  1219363786421.95       -0.00           0.00
        (H1, C, H4)    0.00   0.00    0.00   -0.01   -0.00      -0.00  2099218406687.68 -2099218406687.68  1219363786421.95 -1219363786421.95        0.00          -0.00
        (H3, C, H4)   -0.00  -0.00   -0.00    0.00    0.00       0.00             -0.01              0.01             -0.00              0.00       -0.00           0.00
     (H1, C, O, H2)    0.00   0.00    0.00    0.00   -0.00      -0.00              0.00             -0.00              0.00             -0.00        0.00           0.00

----- Extended Results: Exact PED, KED and TED analysis per mode -----

Normal mode at the following harmonic frequency: 3256 cm-1

Potential energy distribution matrix (normalization check: 1.0)

Internal Coordinate (C, H3) (C, O) (C, H1) (C, H4) (O, H2) (O, C, H1) (O, C, H3) (O, C, H4) (H1, C, H3) (H1, C, H4) (H3, C, H4) (H1, C, O, H2)
            (C, H3)    0.04   0.00   -0.00    0.00   -0.00      -0.00       0.00      -0.00        0.00        0.00       -0.00           0.00
             (C, O)    0.00   0.00   -0.00    0.00    0.00      -0.00       0.00       0.00       -0.00       -0.00        0.00          -0.00
            (C, H1)   -0.00  -0.00    0.94   -0.00   -0.00      -0.02       0.01       0.01       -0.01       -0.01        0.01          -0.00
            (C, H4)    0.00   0.00   -0.00    0.04   -0.00       0.00      -0.00      -0.00        0.00        0.00       -0.00          -0.00
            (O, H2)   -0.00   0.00   -0.00   -0.00    0.00       0.00      -0.00      -0.00        0.00        0.00       -0.00           0.00
         (O, C, H1)   -0.00  -0.00   -0.02    0.00    0.00       0.00      -0.00      -0.00        0.00        0.00       -0.00          -0.00
         (O, C, H3)    0.00   0.00    0.01   -0.00   -0.00      -0.00       0.00       0.00       -0.00       -0.00        0.00           0.00
         (O, C, H4)   -0.00   0.00    0.01   -0.00   -0.00      -0.00       0.00       0.00       -0.00       -0.00        0.00           0.00
        (H1, C, H3)    0.00  -0.00   -0.01    0.00    0.00       0.00      -0.00      -0.00        0.00        0.00       -0.00           0.00
        (H1, C, H4)    0.00  -0.00   -0.01    0.00    0.00       0.00      -0.00      -0.00        0.00        0.00       -0.00          -0.00
        (H3, C, H4)   -0.00   0.00    0.01   -0.00   -0.00      -0.00       0.00       0.00       -0.00       -0.00        0.00           0.00
     (H1, C, O, H2)    0.00  -0.00   -0.00   -0.00    0.00      -0.00       0.00       0.00        0.00       -0.00        0.00           0.00

Kinetic energy distribution matrix (normalization check: 1.0)

Internal Coordinate (C, H3) (C, O) (C, H1) (C, H4) (O, H2)        (O, C, H1)        (O, C, H3)        (O, C, H4)       (H1, C, H3)       (H1, C, H4)       (H3, C, H4) (H1, C, O, H2)
            (C, H3)    0.04   0.00   -0.00    0.00   -0.00              0.00             -0.00             -0.00              0.00              0.00             -0.00           0.00
             (C, O)    0.00   0.00   -0.00    0.00   -0.00             -0.00              0.00              0.00             -0.00             -0.00              0.00          -0.00
            (C, H1)   -0.00  -0.00    1.04   -0.00   -0.00             -0.04              0.02              0.02             -0.02             -0.02              0.02          -0.00
            (C, H4)    0.00   0.00   -0.00    0.04   -0.00              0.00             -0.00             -0.00              0.00              0.00             -0.00          -0.00
            (O, H2)   -0.00  -0.00   -0.00   -0.00    0.00              0.00             -0.00             -0.00              0.00              0.00             -0.00           0.00
         (O, C, H1)    0.00  -0.00   -0.04    0.00    0.00 -5510118629876.41  3875926374989.08  3875926374989.05 -3083673252305.42 -3083673252305.42  3925612384509.14          -0.00
         (O, C, H3)   -0.00   0.00    0.02   -0.00   -0.00  3875926374989.08 -2726403236199.09 -2726403236199.07  2169116727479.06  2169116727479.06 -2761353357549.04           0.00
         (O, C, H4)   -0.00   0.00    0.02   -0.00   -0.00  3875926374989.05 -2726403236199.07 -2726403236199.04  2169116727479.04  2169116727479.04 -2761353357549.01           0.00
        (H1, C, H3)    0.00  -0.00   -0.02    0.00    0.00 -3083673252305.42  2169116727479.06  2169116727479.04 -1725741561247.86 -1725741561247.86  2196922919843.06          -0.00
        (H1, C, H4)    0.00  -0.00   -0.02    0.00    0.00 -3083673252305.42  2169116727479.06  2169116727479.04 -1725741561247.86 -1725741561247.86  2196922919843.06          -0.00
        (H3, C, H4)   -0.00   0.00    0.02   -0.00   -0.00  3925612384509.14 -2761353357549.04 -2761353357549.01  2196922919843.06  2196922919843.06 -2796751509097.21           0.00
     (H1, C, O, H2)    0.00  -0.00   -0.00   -0.00    0.00             -0.00              0.00              0.00             -0.00             -0.00              0.00           0.00

Total energy distribution matrix (normalization check: 1.0)

Internal Coordinate (C, H3) (C, O) (C, H1) (C, H4) (O, H2)        (O, C, H1)        (O, C, H3)        (O, C, H4)       (H1, C, H3)       (H1, C, H4)       (H3, C, H4) (H1, C, O, H2)
            (C, H3)    0.04   0.00   -0.00    0.00   -0.00              0.00             -0.00             -0.00              0.00              0.00             -0.00           0.00
             (C, O)    0.00   0.00   -0.00    0.00   -0.00             -0.00              0.00              0.00             -0.00             -0.00              0.00          -0.00
            (C, H1)   -0.00  -0.00    0.99   -0.00   -0.00             -0.03              0.02              0.02             -0.01             -0.02              0.02          -0.00
            (C, H4)    0.00   0.00   -0.00    0.04   -0.00              0.00             -0.00             -0.00              0.00              0.00             -0.00          -0.00
            (O, H2)   -0.00  -0.00   -0.00   -0.00    0.00              0.00             -0.00             -0.00              0.00              0.00             -0.00           0.00
         (O, C, H1)    0.00  -0.00   -0.03    0.00    0.00 -2755059314938.21  1937963187494.54  1937963187494.52 -1541836626152.71 -1541836626152.71  1962806192254.57          -0.00
         (O, C, H3)   -0.00   0.00    0.02   -0.00   -0.00  1937963187494.54 -1363201618099.54 -1363201618099.53  1084558363739.53  1084558363739.53 -1380676678774.52           0.00
         (O, C, H4)   -0.00   0.00    0.02   -0.00   -0.00  1937963187494.52 -1363201618099.53 -1363201618099.52  1084558363739.52  1084558363739.52 -1380676678774.50           0.00
        (H1, C, H3)    0.00  -0.00   -0.01    0.00    0.00 -1541836626152.71  1084558363739.53  1084558363739.52  -862870780623.93  -862870780623.93  1098461459921.53          -0.00
        (H1, C, H4)    0.00  -0.00   -0.02    0.00    0.00 -1541836626152.71  1084558363739.53  1084558363739.52  -862870780623.93  -862870780623.93  1098461459921.53          -0.00
        (H3, C, H4)   -0.00   0.00    0.02   -0.00   -0.00  1962806192254.57 -1380676678774.52 -1380676678774.50  1098461459921.53  1098461459921.53 -1398375754548.60           0.00
     (H1, C, O, H2)    0.00  -0.00   -0.00   -0.00    0.00             -0.00              0.00              0.00             -0.00             -0.00              0.00           0.00

----- Extended Results: Exact PED, KED and TED analysis per mode -----

Normal mode at the following harmonic frequency: 4187 cm-1

Potential energy distribution matrix (normalization check: 1.0)

Internal Coordinate (C, H3) (C, O) (C, H1) (C, H4) (O, H2) (O, C, H1) (O, C, H3) (O, C, H4) (H1, C, H3) (H1, C, H4) (H3, C, H4) (H1, C, O, H2)
            (C, H3)    0.00  -0.00   -0.00    0.00    0.00       0.00      -0.00       0.00        0.00        0.00       -0.00           0.00
             (C, O)   -0.00   0.00    0.00   -0.00    0.00      -0.00       0.00       0.00        0.00        0.00       -0.00           0.00
            (C, H1)   -0.00   0.00    0.00   -0.00    0.00       0.00      -0.00      -0.00       -0.00       -0.00        0.00          -0.00
            (C, H4)    0.00  -0.00   -0.00    0.00    0.00      -0.00       0.00       0.00        0.00        0.00       -0.00          -0.00
            (O, H2)    0.00   0.00    0.00    0.00    1.00       0.01      -0.01      -0.01       -0.00       -0.00        0.00          -0.00
         (O, C, H1)    0.00  -0.00    0.00   -0.00    0.01       0.00      -0.00      -0.00       -0.00       -0.00        0.00           0.00
         (O, C, H3)   -0.00   0.00   -0.00    0.00   -0.01      -0.00       0.00       0.00        0.00        0.00       -0.00          -0.00
         (O, C, H4)    0.00   0.00   -0.00    0.00   -0.01      -0.00       0.00       0.00        0.00        0.00       -0.00          -0.00
        (H1, C, H3)    0.00   0.00   -0.00    0.00   -0.00      -0.00       0.00       0.00        0.00        0.00       -0.00           0.00
        (H1, C, H4)    0.00   0.00   -0.00    0.00   -0.00      -0.00       0.00       0.00        0.00        0.00       -0.00          -0.00
        (H3, C, H4)   -0.00  -0.00    0.00   -0.00    0.00       0.00      -0.00      -0.00       -0.00       -0.00        0.00           0.00
     (H1, C, O, H2)    0.00   0.00   -0.00   -0.00   -0.00       0.00      -0.00      -0.00        0.00       -0.00        0.00           0.00

Kinetic energy distribution matrix (normalization check: 1.0)

Internal Coordinate (C, H3) (C, O) (C, H1) (C, H4) (O, H2)        (O, C, H1)       (O, C, H3)       (O, C, H4)     (H1, C, H3)     (H1, C, H4)     (H3, C, H4) (H1, C, O, H2)
            (C, H3)    0.00  -0.00   -0.00    0.00    0.00             -0.00             0.00             0.00            0.00            0.00           -0.00           0.00
             (C, O)   -0.00   0.00    0.00   -0.00   -0.00             -0.00             0.00             0.00            0.00            0.00           -0.00           0.00
            (C, H1)   -0.00   0.00    0.00   -0.00    0.00              0.00            -0.00            -0.00           -0.00           -0.00            0.00          -0.00
            (C, H4)    0.00  -0.00   -0.00    0.00    0.00             -0.00             0.00             0.00            0.00            0.00           -0.00          -0.00
            (O, H2)    0.00  -0.00    0.00    0.00    1.23              0.01            -0.00            -0.00           -0.00           -0.00            0.00          -0.00
         (O, C, H1)   -0.00  -0.00    0.00   -0.00    0.01 -1078812586874.12  503200236501.51  503200236501.51  47072946313.71  47072946313.71 -21733778756.33           0.00
         (O, C, H3)    0.00   0.00   -0.00    0.00   -0.00   503200236501.51 -234712202189.69 -234712202189.69 -21956656796.63 -21956656796.63  10137481471.13          -0.00
         (O, C, H4)    0.00   0.00   -0.00    0.00   -0.00   503200236501.51 -234712202189.69 -234712202189.69 -21956656796.63 -21956656796.63  10137481471.13          -0.00
        (H1, C, H3)    0.00   0.00   -0.00    0.00   -0.00    47072946313.71  -21956656796.63  -21956656796.63  -2053982593.10  -2053982593.10    948332465.75          -0.00
        (H1, C, H4)    0.00   0.00   -0.00    0.00   -0.00    47072946313.71  -21956656796.63  -21956656796.63  -2053982593.10  -2053982593.10    948332465.75          -0.00
        (H3, C, H4)   -0.00  -0.00    0.00   -0.00    0.00   -21733778756.33   10137481471.13   10137481471.13    948332465.75    948332465.75   -437849117.42           0.00
     (H1, C, O, H2)    0.00   0.00   -0.00   -0.00   -0.00              0.00            -0.00            -0.00           -0.00           -0.00            0.00           0.00

Total energy distribution matrix (normalization check: 1.0)

Internal Coordinate (C, H3) (C, O) (C, H1) (C, H4) (O, H2)       (O, C, H1)       (O, C, H3)       (O, C, H4)     (H1, C, H3)     (H1, C, H4)     (H3, C, H4) (H1, C, O, H2)
            (C, H3)    0.00  -0.00   -0.00    0.00    0.00            -0.00             0.00             0.00            0.00            0.00           -0.00           0.00
             (C, O)   -0.00   0.00    0.00   -0.00   -0.00            -0.00             0.00             0.00            0.00            0.00           -0.00           0.00
            (C, H1)   -0.00   0.00    0.00   -0.00    0.00             0.00            -0.00            -0.00           -0.00           -0.00            0.00          -0.00
            (C, H4)    0.00  -0.00   -0.00    0.00    0.00            -0.00             0.00             0.00            0.00            0.00           -0.00          -0.00
            (O, H2)    0.00  -0.00    0.00    0.00    1.12             0.01            -0.00            -0.00           -0.00           -0.00            0.00          -0.00
         (O, C, H1)   -0.00  -0.00    0.00   -0.00    0.01 -539406293437.06  251600118250.76  251600118250.76  23536473156.86  23536473156.85 -10866889378.16           0.00
         (O, C, H3)    0.00   0.00   -0.00    0.00   -0.00  251600118250.76 -117356101094.84 -117356101094.84 -10978328398.32 -10978328398.32   5068740735.56          -0.00
         (O, C, H4)    0.00   0.00   -0.00    0.00   -0.00  251600118250.76 -117356101094.84 -117356101094.84 -10978328398.32 -10978328398.32   5068740735.56          -0.00
        (H1, C, H3)    0.00   0.00   -0.00    0.00   -0.00   23536473156.86  -10978328398.32  -10978328398.32  -1026991296.55  -1026991296.55    474166232.87          -0.00
        (H1, C, H4)    0.00   0.00   -0.00    0.00   -0.00   23536473156.85  -10978328398.32  -10978328398.32  -1026991296.55  -1026991296.55    474166232.87          -0.00
        (H3, C, H4)   -0.00  -0.00    0.00   -0.00    0.00  -10866889378.16    5068740735.56    5068740735.56    474166232.87    474166232.87   -218924558.71           0.00
     (H1, C, O, H2)    0.00   0.00   -0.00   -0.00   -0.00             0.00            -0.00            -0.00           -0.00           -0.00            0.00           0.00

